/var/spool/slurmd/job72825/slurm_script: line 11: cd: SSL_VAN: No such file or directory

----------------------------------------------------------------------------
  cuda:
----------------------------------------------------------------------------
     Versions:
        cuda/10.2
        cuda/11.0
        cuda/11.2
        cuda/11.3
        cuda/11.4
        cuda/11.5
        cuda/11.6
        cuda/11.7
        cuda/11.8
        cuda/12.0

----------------------------------------------------------------------------
  For detailed information about a specific "cuda" package (including how to load the modules) use the module's full name.
  Note that names that have a trailing (E) are extensions provided by other modules.
  For example:

     $ module spider cuda/12.0
----------------------------------------------------------------------------

 


CommandNotFoundError: Your shell has not been properly configured to use 'conda activate'.
To initialize your shell, run

    $ conda init <SHELL_NAME>

Currently supported shells are:
  - bash
  - fish
  - tcsh
  - xonsh
  - zsh
  - powershell

See 'conda init --help' for more information and options.

IMPORTANT: You may need to close and restart your shell after running 'conda init'.


/home/karimimonsefi.1/miniconda3/lib/python3.9/site-packages/mmcv/__init__.py:20: UserWarning: On January 1, 2023, MMCV will release v2.0.0, in which it will remove components related to the training process and add a data transformation module. In addition, it will rename the package names mmcv to mmcv-lite and mmcv-full to mmcv. See https://github.com/open-mmlab/mmcv/blob/master/docs/en/compatibility.md for more details.
  warnings.warn(
/home/karimimonsefi.1/SSL_VAN/MSD/main.py:155: UserWarning: 0 gpu 0
  warnings.warn(f"{args.rank} gpu {args.gpu}")
/home/karimimonsefi.1/SSL_VAN/MSD/main.py:157: UserWarning: Batch size is: 1 epochs 10 and task is Task06_Lung
  warnings.warn(f"Batch size is: {args.batch_size} epochs {args.max_epochs} and task is {args.task}")
/home/karimimonsefi.1/miniconda3/lib/python3.9/site-packages/monai/transforms/post/array.py:176: UserWarning: `to_onehot=True/False` is deprecated, please use `to_onehot=num_classes` instead.
  warnings.warn("`to_onehot=True/False` is deprecated, please use `to_onehot=num_classes` instead.")
/home/karimimonsefi.1/SSL_VAN/MSD/main.py:190: UserWarning: Total parameters count 74127530
  warnings.warn(f"Total parameters count {pytorch_total_params}")
/home/karimimonsefi.1/SSL_VAN/MSD/main.py:193: UserWarning: Total args.checkpoint True
  warnings.warn(f"Total args.checkpoint {args.checkpoint}")
/home/karimimonsefi.1/SSL_VAN/commons/util.py:6: UserWarning:  base_url is 64-128-256-512_3-4-6-3_8-8-4-4_vae_inferer_valid_loader_DiNTS_Search_Task06_Lung
  warnings.warn(f" base_url is {base_url}")
/home/karimimonsefi.1/SSL_VAN/commons/util.py:8: UserWarning:  output_url 1 is ./runs/MSD_new/test_log/output_True_False
  warnings.warn(f" output_url 1 is {output_url}")
/home/karimimonsefi.1/SSL_VAN/commons/util.py:9: UserWarning:  exists 1 is True
  warnings.warn(f" exists 1 is {os.path.exists(output_url)}")
/home/karimimonsefi.1/SSL_VAN/commons/util.py:13: UserWarning:  output_url 2 is ./runs/MSD_new/test_log/output_True_False/64-128-256-512_3-4-6-3_8-8-4-4_vae_inferer_valid_loader_DiNTS_Search_Task06_Lung
  warnings.warn(f" output_url 2 is {output_url}")
/home/karimimonsefi.1/SSL_VAN/commons/util.py:14: UserWarning:  exists 2 is True
  warnings.warn(f" exists 2 is {os.path.exists(output_url)}")
/home/karimimonsefi.1/SSL_VAN/commons/util.py:20: UserWarning:  Best url model is 64-128-256-512_3-4-6-3_8-8-4-4_vae_inferer_valid_loader_DiNTS_Search_Task06_Lung__best.pt, final model url is 64-128-256-512_3-4-6-3_8-8-4-4_vae_inferer_valid_loader_DiNTS_Search_Task06_Lung__final.pt
  warnings.warn(f" Best url model is {args.best_model_url}, final model url is {args.final_model_url}")
/home/karimimonsefi.1/SSL_VAN/MSD/main.py:207: UserWarning: => loaded checkpoint 'True' (epoch 939) (bestacc 0.769347071647644)
  warnings.warn("=> loaded checkpoint '{}' (epoch {}) (bestacc {})".format(
/home/karimimonsefi.1/SSL_VAN/MSD/tester.py:26: UserWarning: image_name lung_051.nii.gz
  warnings.warn("image_name {}".format(image_name))
/home/karimimonsefi.1/miniconda3/lib/python3.9/site-packages/monai/metrics/hausdorff_distance.py:166: UserWarning: the ground truth of class 0 is all 0, this may result in nan/inf distance.
  warnings.warn(f"the ground truth of class {c} is all 0, this may result in nan/inf distance.")
/home/karimimonsefi.1/miniconda3/lib/python3.9/site-packages/numpy/lib/function_base.py:4573: RuntimeWarning: invalid value encountered in subtract
  diff_b_a = subtract(b, a)
/home/karimimonsefi.1/miniconda3/lib/python3.9/site-packages/monai/metrics/hausdorff_distance.py:166: UserWarning: the ground truth of class 1 is all 0, this may result in nan/inf distance.
  warnings.warn(f"the ground truth of class {c} is all 0, this may result in nan/inf distance.")
/home/karimimonsefi.1/miniconda3/lib/python3.9/site-packages/monai/metrics/hausdorff_distance.py:166: UserWarning: the ground truth of class 2 is all 0, this may result in nan/inf distance.
  warnings.warn(f"the ground truth of class {c} is all 0, this may result in nan/inf distance.")
/home/karimimonsefi.1/miniconda3/lib/python3.9/site-packages/monai/metrics/hausdorff_distance.py:168: UserWarning: the prediction of class 2 is all 0, this may result in nan/inf distance.
  warnings.warn(f"the prediction of class {c} is all 0, this may result in nan/inf distance.")
/home/karimimonsefi.1/miniconda3/lib/python3.9/site-packages/monai/metrics/hausdorff_distance.py:166: UserWarning: the ground truth of class 3 is all 0, this may result in nan/inf distance.
  warnings.warn(f"the ground truth of class {c} is all 0, this may result in nan/inf distance.")
/home/karimimonsefi.1/miniconda3/lib/python3.9/site-packages/monai/metrics/hausdorff_distance.py:168: UserWarning: the prediction of class 3 is all 0, this may result in nan/inf distance.
  warnings.warn(f"the prediction of class {c} is all 0, this may result in nan/inf distance.")
/home/karimimonsefi.1/miniconda3/lib/python3.9/site-packages/monai/metrics/hausdorff_distance.py:166: UserWarning: the ground truth of class 4 is all 0, this may result in nan/inf distance.
  warnings.warn(f"the ground truth of class {c} is all 0, this may result in nan/inf distance.")
/home/karimimonsefi.1/miniconda3/lib/python3.9/site-packages/monai/metrics/hausdorff_distance.py:168: UserWarning: the prediction of class 4 is all 0, this may result in nan/inf distance.
  warnings.warn(f"the prediction of class {c} is all 0, this may result in nan/inf distance.")
/home/karimimonsefi.1/miniconda3/lib/python3.9/site-packages/monai/metrics/hausdorff_distance.py:166: UserWarning: the ground truth of class 5 is all 0, this may result in nan/inf distance.
  warnings.warn(f"the ground truth of class {c} is all 0, this may result in nan/inf distance.")
/home/karimimonsefi.1/miniconda3/lib/python3.9/site-packages/monai/metrics/hausdorff_distance.py:168: UserWarning: the prediction of class 5 is all 0, this may result in nan/inf distance.
  warnings.warn(f"the prediction of class {c} is all 0, this may result in nan/inf distance.")
/home/karimimonsefi.1/miniconda3/lib/python3.9/site-packages/monai/metrics/hausdorff_distance.py:166: UserWarning: the ground truth of class 6 is all 0, this may result in nan/inf distance.
  warnings.warn(f"the ground truth of class {c} is all 0, this may result in nan/inf distance.")
/home/karimimonsefi.1/miniconda3/lib/python3.9/site-packages/monai/metrics/hausdorff_distance.py:168: UserWarning: the prediction of class 6 is all 0, this may result in nan/inf distance.
  warnings.warn(f"the prediction of class {c} is all 0, this may result in nan/inf distance.")
/home/karimimonsefi.1/miniconda3/lib/python3.9/site-packages/monai/metrics/hausdorff_distance.py:166: UserWarning: the ground truth of class 7 is all 0, this may result in nan/inf distance.
  warnings.warn(f"the ground truth of class {c} is all 0, this may result in nan/inf distance.")
/home/karimimonsefi.1/miniconda3/lib/python3.9/site-packages/monai/metrics/hausdorff_distance.py:168: UserWarning: the prediction of class 7 is all 0, this may result in nan/inf distance.
  warnings.warn(f"the prediction of class {c} is all 0, this may result in nan/inf distance.")
/home/karimimonsefi.1/miniconda3/lib/python3.9/site-packages/monai/metrics/hausdorff_distance.py:166: UserWarning: the ground truth of class 8 is all 0, this may result in nan/inf distance.
  warnings.warn(f"the ground truth of class {c} is all 0, this may result in nan/inf distance.")
/home/karimimonsefi.1/miniconda3/lib/python3.9/site-packages/monai/metrics/hausdorff_distance.py:168: UserWarning: the prediction of class 8 is all 0, this may result in nan/inf distance.
  warnings.warn(f"the prediction of class {c} is all 0, this may result in nan/inf distance.")
/home/karimimonsefi.1/miniconda3/lib/python3.9/site-packages/monai/metrics/hausdorff_distance.py:166: UserWarning: the ground truth of class 9 is all 0, this may result in nan/inf distance.
  warnings.warn(f"the ground truth of class {c} is all 0, this may result in nan/inf distance.")
/home/karimimonsefi.1/miniconda3/lib/python3.9/site-packages/monai/metrics/hausdorff_distance.py:168: UserWarning: the prediction of class 9 is all 0, this may result in nan/inf distance.
  warnings.warn(f"the prediction of class {c} is all 0, this may result in nan/inf distance.")
/home/karimimonsefi.1/miniconda3/lib/python3.9/site-packages/monai/metrics/hausdorff_distance.py:166: UserWarning: the ground truth of class 10 is all 0, this may result in nan/inf distance.
  warnings.warn(f"the ground truth of class {c} is all 0, this may result in nan/inf distance.")
/home/karimimonsefi.1/miniconda3/lib/python3.9/site-packages/monai/metrics/hausdorff_distance.py:168: UserWarning: the prediction of class 10 is all 0, this may result in nan/inf distance.
  warnings.warn(f"the prediction of class {c} is all 0, this may result in nan/inf distance.")
/home/karimimonsefi.1/miniconda3/lib/python3.9/site-packages/monai/metrics/hausdorff_distance.py:166: UserWarning: the ground truth of class 11 is all 0, this may result in nan/inf distance.
  warnings.warn(f"the ground truth of class {c} is all 0, this may result in nan/inf distance.")
/home/karimimonsefi.1/miniconda3/lib/python3.9/site-packages/monai/metrics/hausdorff_distance.py:168: UserWarning: the prediction of class 11 is all 0, this may result in nan/inf distance.
  warnings.warn(f"the prediction of class {c} is all 0, this may result in nan/inf distance.")
/home/karimimonsefi.1/miniconda3/lib/python3.9/site-packages/monai/metrics/hausdorff_distance.py:166: UserWarning: the ground truth of class 12 is all 0, this may result in nan/inf distance.
  warnings.warn(f"the ground truth of class {c} is all 0, this may result in nan/inf distance.")
/home/karimimonsefi.1/miniconda3/lib/python3.9/site-packages/monai/metrics/hausdorff_distance.py:168: UserWarning: the prediction of class 12 is all 0, this may result in nan/inf distance.
  warnings.warn(f"the prediction of class {c} is all 0, this may result in nan/inf distance.")
/home/karimimonsefi.1/miniconda3/lib/python3.9/site-packages/monai/metrics/hausdorff_distance.py:166: UserWarning: the ground truth of class 13 is all 0, this may result in nan/inf distance.
  warnings.warn(f"the ground truth of class {c} is all 0, this may result in nan/inf distance.")
/home/karimimonsefi.1/miniconda3/lib/python3.9/site-packages/monai/metrics/hausdorff_distance.py:168: UserWarning: the prediction of class 13 is all 0, this may result in nan/inf distance.
  warnings.warn(f"the prediction of class {c} is all 0, this may result in nan/inf distance.")
/home/karimimonsefi.1/SSL_VAN/MSD/tester.py:63: UserWarning: temp 0
  warnings.warn("temp {}".format(temp))
/home/karimimonsefi.1/SSL_VAN/MSD/tester.py:64: UserWarning: hd_distance tensor([[nan, nan, nan, nan, nan, nan, nan, nan, nan, nan, nan, nan, nan, nan]],
       dtype=torch.float64)
  warnings.warn("hd_distance {}".format(hd_distance))
/home/karimimonsefi.1/SSL_VAN/MSD/tester.py:75: UserWarning: test 0/13, len is 14
  warnings.warn("test {}/{}, len is {}".format(idx, len(loader), list_size))
/home/karimimonsefi.1/SSL_VAN/MSD/tester.py:77: UserWarning: 0: 0.999966561794281,
  warnings.warn("{}: {},".format(i, run_acc.avg[i]))
/home/karimimonsefi.1/SSL_VAN/MSD/tester.py:77: UserWarning: 1: 0.8014995455741882,
  warnings.warn("{}: {},".format(i, run_acc.avg[i]))
/home/karimimonsefi.1/SSL_VAN/MSD/tester.py:77: UserWarning: 2: 1.0,
  warnings.warn("{}: {},".format(i, run_acc.avg[i]))
/home/karimimonsefi.1/SSL_VAN/MSD/tester.py:77: UserWarning: 3: 1.0,
  warnings.warn("{}: {},".format(i, run_acc.avg[i]))
/home/karimimonsefi.1/SSL_VAN/MSD/tester.py:77: UserWarning: 4: 1.0,
  warnings.warn("{}: {},".format(i, run_acc.avg[i]))
/home/karimimonsefi.1/SSL_VAN/MSD/tester.py:77: UserWarning: 5: 1.0,
  warnings.warn("{}: {},".format(i, run_acc.avg[i]))
/home/karimimonsefi.1/SSL_VAN/MSD/tester.py:77: UserWarning: 6: 1.0,
  warnings.warn("{}: {},".format(i, run_acc.avg[i]))
/home/karimimonsefi.1/SSL_VAN/MSD/tester.py:77: UserWarning: 7: 1.0,
  warnings.warn("{}: {},".format(i, run_acc.avg[i]))
/home/karimimonsefi.1/SSL_VAN/MSD/tester.py:77: UserWarning: 8: 1.0,
  warnings.warn("{}: {},".format(i, run_acc.avg[i]))
/home/karimimonsefi.1/SSL_VAN/MSD/tester.py:77: UserWarning: 9: 1.0,
  warnings.warn("{}: {},".format(i, run_acc.avg[i]))
/home/karimimonsefi.1/SSL_VAN/MSD/tester.py:77: UserWarning: 10: 1.0,
  warnings.warn("{}: {},".format(i, run_acc.avg[i]))
/home/karimimonsefi.1/SSL_VAN/MSD/tester.py:77: UserWarning: 11: 1.0,
  warnings.warn("{}: {},".format(i, run_acc.avg[i]))
/home/karimimonsefi.1/SSL_VAN/MSD/tester.py:77: UserWarning: 12: 1.0,
  warnings.warn("{}: {},".format(i, run_acc.avg[i]))
/home/karimimonsefi.1/SSL_VAN/MSD/tester.py:77: UserWarning: 13: 1.0,
  warnings.warn("{}: {},".format(i, run_acc.avg[i]))
/home/karimimonsefi.1/SSL_VAN/MSD/tester.py:78: UserWarning: , HD95: [[ nan  nan  nan  nan  nan  nan  nan  nan  nan  nan  nan  nan  nan  nan]], time 33.26s
  warnings.warn(", HD95: {}, time {:.2f}s".format(hd95.avg, time.time() - start_time))
/home/karimimonsefi.1/SSL_VAN/MSD/tester.py:26: UserWarning: image_name lung_041.nii.gz
  warnings.warn("image_name {}".format(image_name))
/home/karimimonsefi.1/SSL_VAN/MSD/tester.py:63: UserWarning: temp [[ nan  nan  nan  nan  nan  nan  nan  nan  nan  nan  nan  nan  nan  nan]]
  warnings.warn("temp {}".format(temp))
/home/karimimonsefi.1/SSL_VAN/MSD/tester.py:64: UserWarning: hd_distance tensor([[     nan, 151.1188,      nan,      nan,      nan,      nan,      nan,
              nan,      nan,      nan,      nan,      nan,      nan,      nan]],
       dtype=torch.float64)
  warnings.warn("hd_distance {}".format(hd_distance))
/home/karimimonsefi.1/SSL_VAN/MSD/tester.py:75: UserWarning: test 1/13, len is 14
  warnings.warn("test {}/{}, len is {}".format(idx, len(loader), list_size))
/home/karimimonsefi.1/SSL_VAN/MSD/tester.py:77: UserWarning: 0: 0.9998694658279419,
  warnings.warn("{}: {},".format(i, run_acc.avg[i]))
/home/karimimonsefi.1/SSL_VAN/MSD/tester.py:77: UserWarning: 1: 0.8023026585578918,
  warnings.warn("{}: {},".format(i, run_acc.avg[i]))
/home/karimimonsefi.1/SSL_VAN/MSD/tester.py:78: UserWarning: , HD95: [[ nan  nan  nan  nan  nan  nan  nan  nan  nan  nan  nan  nan  nan  nan]], time 19.82s
  warnings.warn(", HD95: {}, time {:.2f}s".format(hd95.avg, time.time() - start_time))
/home/karimimonsefi.1/SSL_VAN/MSD/tester.py:26: UserWarning: image_name lung_095.nii.gz
  warnings.warn("image_name {}".format(image_name))
/home/karimimonsefi.1/SSL_VAN/MSD/tester.py:64: UserWarning: hd_distance tensor([[     nan, 363.2079,      nan,      nan,      nan,      nan,      nan,
              nan,      nan,      nan,      nan,      nan,      nan,      nan]],
       dtype=torch.float64)
  warnings.warn("hd_distance {}".format(hd_distance))
/home/karimimonsefi.1/SSL_VAN/MSD/tester.py:75: UserWarning: test 2/13, len is 14
  warnings.warn("test {}/{}, len is {}".format(idx, len(loader), list_size))
/home/karimimonsefi.1/SSL_VAN/MSD/tester.py:77: UserWarning: 0: 0.999902069568634,
  warnings.warn("{}: {},".format(i, run_acc.avg[i]))
/home/karimimonsefi.1/SSL_VAN/MSD/tester.py:77: UserWarning: 1: 0.7401382923126221,
  warnings.warn("{}: {},".format(i, run_acc.avg[i]))
/home/karimimonsefi.1/SSL_VAN/MSD/tester.py:78: UserWarning: , HD95: [[ nan  nan  nan  nan  nan  nan  nan  nan  nan  nan  nan  nan  nan  nan]], time 15.54s
  warnings.warn(", HD95: {}, time {:.2f}s".format(hd95.avg, time.time() - start_time))
/home/karimimonsefi.1/SSL_VAN/MSD/tester.py:26: UserWarning: image_name lung_003.nii.gz
  warnings.warn("image_name {}".format(image_name))
/home/karimimonsefi.1/SSL_VAN/MSD/tester.py:75: UserWarning: test 3/13, len is 14
  warnings.warn("test {}/{}, len is {}".format(idx, len(loader), list_size))
/home/karimimonsefi.1/SSL_VAN/MSD/tester.py:77: UserWarning: 0: 0.999916672706604,
  warnings.warn("{}: {},".format(i, run_acc.avg[i]))
/home/karimimonsefi.1/SSL_VAN/MSD/tester.py:77: UserWarning: 1: 0.6292017102241516,
  warnings.warn("{}: {},".format(i, run_acc.avg[i]))
/home/karimimonsefi.1/SSL_VAN/MSD/tester.py:78: UserWarning: , HD95: [[ nan  nan  nan  nan  nan  nan  nan  nan  nan  nan  nan  nan  nan  nan]], time 26.84s
  warnings.warn(", HD95: {}, time {:.2f}s".format(hd95.avg, time.time() - start_time))
/home/karimimonsefi.1/SSL_VAN/MSD/tester.py:26: UserWarning: image_name lung_029.nii.gz
  warnings.warn("image_name {}".format(image_name))
/home/karimimonsefi.1/SSL_VAN/MSD/tester.py:64: UserWarning: hd_distance tensor([[     nan, 246.4123,      nan,      nan,      nan,      nan,      nan,
              nan,      nan,      nan,      nan,      nan,      nan,      nan]],
       dtype=torch.float64)
  warnings.warn("hd_distance {}".format(hd_distance))
/home/karimimonsefi.1/SSL_VAN/MSD/tester.py:75: UserWarning: test 4/13, len is 14
  warnings.warn("test {}/{}, len is {}".format(idx, len(loader), list_size))
/home/karimimonsefi.1/SSL_VAN/MSD/tester.py:77: UserWarning: 0: 0.9999264478683472,
  warnings.warn("{}: {},".format(i, run_acc.avg[i]))
/home/karimimonsefi.1/SSL_VAN/MSD/tester.py:77: UserWarning: 1: 0.6217283010482788,
  warnings.warn("{}: {},".format(i, run_acc.avg[i]))
/home/karimimonsefi.1/SSL_VAN/MSD/tester.py:78: UserWarning: , HD95: [[ nan  nan  nan  nan  nan  nan  nan  nan  nan  nan  nan  nan  nan  nan]], time 25.19s
  warnings.warn(", HD95: {}, time {:.2f}s".format(hd95.avg, time.time() - start_time))
/home/karimimonsefi.1/SSL_VAN/MSD/tester.py:26: UserWarning: image_name lung_096.nii.gz
  warnings.warn("image_name {}".format(image_name))
/home/karimimonsefi.1/SSL_VAN/MSD/tester.py:75: UserWarning: test 5/13, len is 14
  warnings.warn("test {}/{}, len is {}".format(idx, len(loader), list_size))
/home/karimimonsefi.1/SSL_VAN/MSD/tester.py:77: UserWarning: 0: 0.9999291300773621,
  warnings.warn("{}: {},".format(i, run_acc.avg[i]))
/home/karimimonsefi.1/SSL_VAN/MSD/tester.py:77: UserWarning: 1: 0.5181069374084473,
  warnings.warn("{}: {},".format(i, run_acc.avg[i]))
/home/karimimonsefi.1/SSL_VAN/MSD/tester.py:78: UserWarning: , HD95: [[ nan  nan  nan  nan  nan  nan  nan  nan  nan  nan  nan  nan  nan  nan]], time 17.29s
  warnings.warn(", HD95: {}, time {:.2f}s".format(hd95.avg, time.time() - start_time))
/home/karimimonsefi.1/SSL_VAN/MSD/tester.py:26: UserWarning: image_name lung_084.nii.gz
  warnings.warn("image_name {}".format(image_name))
/home/karimimonsefi.1/SSL_VAN/MSD/tester.py:75: UserWarning: test 6/13, len is 14
  warnings.warn("test {}/{}, len is {}".format(idx, len(loader), list_size))
/home/karimimonsefi.1/SSL_VAN/MSD/tester.py:77: UserWarning: 0: 0.9998968839645386,
  warnings.warn("{}: {},".format(i, run_acc.avg[i]))
/home/karimimonsefi.1/SSL_VAN/MSD/tester.py:77: UserWarning: 1: 0.4751887023448944,
  warnings.warn("{}: {},".format(i, run_acc.avg[i]))
/home/karimimonsefi.1/SSL_VAN/MSD/tester.py:78: UserWarning: , HD95: [[ nan  nan  nan  nan  nan  nan  nan  nan  nan  nan  nan  nan  nan  nan]], time 17.23s
  warnings.warn(", HD95: {}, time {:.2f}s".format(hd95.avg, time.time() - start_time))
/home/karimimonsefi.1/SSL_VAN/MSD/tester.py:26: UserWarning: image_name lung_092.nii.gz
  warnings.warn("image_name {}".format(image_name))
/home/karimimonsefi.1/SSL_VAN/MSD/tester.py:64: UserWarning: hd_distance tensor([[549.0289, 228.2646,      nan,      nan,      nan,      nan,      nan,
              nan,      nan,      nan,      nan,      nan,      nan,      nan]],
       dtype=torch.float64)
  warnings.warn("hd_distance {}".format(hd_distance))
/home/karimimonsefi.1/SSL_VAN/MSD/tester.py:75: UserWarning: test 7/13, len is 14
  warnings.warn("test {}/{}, len is {}".format(idx, len(loader), list_size))
/home/karimimonsefi.1/SSL_VAN/MSD/tester.py:77: UserWarning: 0: 0.999904215335846,
  warnings.warn("{}: {},".format(i, run_acc.avg[i]))
/home/karimimonsefi.1/SSL_VAN/MSD/tester.py:77: UserWarning: 1: 0.4687460958957672,
  warnings.warn("{}: {},".format(i, run_acc.avg[i]))
/home/karimimonsefi.1/SSL_VAN/MSD/tester.py:78: UserWarning: , HD95: [[ nan  nan  nan  nan  nan  nan  nan  nan  nan  nan  nan  nan  nan  nan]], time 40.66s
  warnings.warn(", HD95: {}, time {:.2f}s".format(hd95.avg, time.time() - start_time))
/home/karimimonsefi.1/SSL_VAN/MSD/tester.py:26: UserWarning: image_name lung_086.nii.gz
  warnings.warn("image_name {}".format(image_name))
/home/karimimonsefi.1/SSL_VAN/MSD/tester.py:64: UserWarning: hd_distance tensor([[     nan, 289.8220,      nan,      nan,      nan,      nan,      nan,
              nan,      nan,      nan,      nan,      nan,      nan,      nan]],
       dtype=torch.float64)
  warnings.warn("hd_distance {}".format(hd_distance))
/home/karimimonsefi.1/SSL_VAN/MSD/tester.py:75: UserWarning: test 8/13, len is 14
  warnings.warn("test {}/{}, len is {}".format(idx, len(loader), list_size))
/home/karimimonsefi.1/SSL_VAN/MSD/tester.py:77: UserWarning: 0: 0.9998909831047058,
  warnings.warn("{}: {},".format(i, run_acc.avg[i]))
/home/karimimonsefi.1/SSL_VAN/MSD/tester.py:77: UserWarning: 1: 0.48021718859672546,
  warnings.warn("{}: {},".format(i, run_acc.avg[i]))
/home/karimimonsefi.1/SSL_VAN/MSD/tester.py:78: UserWarning: , HD95: [[ nan  nan  nan  nan  nan  nan  nan  nan  nan  nan  nan  nan  nan  nan]], time 18.56s
  warnings.warn(", HD95: {}, time {:.2f}s".format(hd95.avg, time.time() - start_time))
/home/karimimonsefi.1/SSL_VAN/MSD/tester.py:26: UserWarning: image_name lung_004.nii.gz
  warnings.warn("image_name {}".format(image_name))
/home/karimimonsefi.1/SSL_VAN/MSD/tester.py:75: UserWarning: test 9/13, len is 14
  warnings.warn("test {}/{}, len is {}".format(idx, len(loader), list_size))
/home/karimimonsefi.1/SSL_VAN/MSD/tester.py:77: UserWarning: 0: 0.9999011158943176,
  warnings.warn("{}: {},".format(i, run_acc.avg[i]))
/home/karimimonsefi.1/SSL_VAN/MSD/tester.py:77: UserWarning: 1: 0.4896184504032135,
  warnings.warn("{}: {},".format(i, run_acc.avg[i]))
/home/karimimonsefi.1/SSL_VAN/MSD/tester.py:78: UserWarning: , HD95: [[ nan  nan  nan  nan  nan  nan  nan  nan  nan  nan  nan  nan  nan  nan]], time 20.43s
  warnings.warn(", HD95: {}, time {:.2f}s".format(hd95.avg, time.time() - start_time))
/home/karimimonsefi.1/SSL_VAN/MSD/tester.py:26: UserWarning: image_name lung_049.nii.gz
  warnings.warn("image_name {}".format(image_name))
/home/karimimonsefi.1/SSL_VAN/MSD/tester.py:75: UserWarning: test 10/13, len is 14
  warnings.warn("test {}/{}, len is {}".format(idx, len(loader), list_size))
/home/karimimonsefi.1/SSL_VAN/MSD/tester.py:77: UserWarning: 0: 0.9999061226844788,
  warnings.warn("{}: {},".format(i, run_acc.avg[i]))
/home/karimimonsefi.1/SSL_VAN/MSD/tester.py:77: UserWarning: 1: 0.49202030897140503,
  warnings.warn("{}: {},".format(i, run_acc.avg[i]))
/home/karimimonsefi.1/SSL_VAN/MSD/tester.py:78: UserWarning: , HD95: [[ nan  nan  nan  nan  nan  nan  nan  nan  nan  nan  nan  nan  nan  nan]], time 15.64s
  warnings.warn(", HD95: {}, time {:.2f}s".format(hd95.avg, time.time() - start_time))
/home/karimimonsefi.1/SSL_VAN/MSD/tester.py:26: UserWarning: image_name lung_027.nii.gz
  warnings.warn("image_name {}".format(image_name))
/home/karimimonsefi.1/SSL_VAN/MSD/tester.py:64: UserWarning: hd_distance tensor([[385.5762, 170.0476,      nan,      nan,      nan,      nan,      nan,
              nan,      nan,      nan,      nan,      nan,      nan,      nan]],
       dtype=torch.float64)
  warnings.warn("hd_distance {}".format(hd_distance))
/home/karimimonsefi.1/SSL_VAN/MSD/tester.py:75: UserWarning: test 11/13, len is 14
  warnings.warn("test {}/{}, len is {}".format(idx, len(loader), list_size))
/home/karimimonsefi.1/SSL_VAN/MSD/tester.py:77: UserWarning: 0: 0.9999060034751892,
  warnings.warn("{}: {},".format(i, run_acc.avg[i]))
/home/karimimonsefi.1/SSL_VAN/MSD/tester.py:77: UserWarning: 1: 0.5194852352142334,
  warnings.warn("{}: {},".format(i, run_acc.avg[i]))
/home/karimimonsefi.1/SSL_VAN/MSD/tester.py:78: UserWarning: , HD95: [[ nan  nan  nan  nan  nan  nan  nan  nan  nan  nan  nan  nan  nan  nan]], time 32.40s
  warnings.warn(", HD95: {}, time {:.2f}s".format(hd95.avg, time.time() - start_time))
/home/karimimonsefi.1/SSL_VAN/MSD/tester.py:26: UserWarning: image_name lung_018.nii.gz
  warnings.warn("image_name {}".format(image_name))
/home/karimimonsefi.1/SSL_VAN/MSD/tester.py:75: UserWarning: test 12/13, len is 14
  warnings.warn("test {}/{}, len is {}".format(idx, len(loader), list_size))
/home/karimimonsefi.1/SSL_VAN/MSD/tester.py:77: UserWarning: 0: 0.9999107718467712,
  warnings.warn("{}: {},".format(i, run_acc.avg[i]))
/home/karimimonsefi.1/SSL_VAN/MSD/tester.py:77: UserWarning: 1: 0.5363882780075073,
  warnings.warn("{}: {},".format(i, run_acc.avg[i]))
/home/karimimonsefi.1/SSL_VAN/MSD/tester.py:78: UserWarning: , HD95: [[ nan  nan  nan  nan  nan  nan  nan  nan  nan  nan  nan  nan  nan  nan]], time 24.83s
  warnings.warn(", HD95: {}, time {:.2f}s".format(hd95.avg, time.time() - start_time))
/home/karimimonsefi.1/SSL_VAN/MSD/tester.py:110: UserWarning: Final test acc: [ 1.000  0.536  1.000  1.000  1.000  1.000  1.000  1.000  1.000  1.000
  1.000  1.000  1.000  1.000], acc mean: 0.9669, hd95_avg nan, time 307.75s
  warnings.warn("Final test acc: {}, acc mean: {:.4f}, hd95_avg {:.4f}, time {:.2f}s".format(
