/var/spool/slurmd/job70882/slurm_script: line 11: cd: SSL_VAN: No such file or directory

----------------------------------------------------------------------------
  cuda:
----------------------------------------------------------------------------
     Versions:
        cuda/10.2
        cuda/11.0
        cuda/11.2
        cuda/11.3
        cuda/11.4
        cuda/11.5
        cuda/11.6
        cuda/11.7
        cuda/11.8
        cuda/12.0

----------------------------------------------------------------------------
  For detailed information about a specific "cuda" package (including how to load the modules) use the module's full name.
  Note that names that have a trailing (E) are extensions provided by other modules.
  For example:

     $ module spider cuda/12.0
----------------------------------------------------------------------------

 


CommandNotFoundError: Your shell has not been properly configured to use 'conda activate'.
To initialize your shell, run

    $ conda init <SHELL_NAME>

Currently supported shells are:
  - bash
  - fish
  - tcsh
  - xonsh
  - zsh
  - powershell

See 'conda init --help' for more information and options.

IMPORTANT: You may need to close and restart your shell after running 'conda init'.


/home/karimimonsefi.1/miniconda3/lib/python3.9/site-packages/mmcv/__init__.py:20: UserWarning: On January 1, 2023, MMCV will release v2.0.0, in which it will remove components related to the training process and add a data transformation module. In addition, it will rename the package names mmcv to mmcv-lite and mmcv-full to mmcv. See https://github.com/open-mmlab/mmcv/blob/master/docs/en/compatibility.md for more details.
  warnings.warn(
/home/karimimonsefi.1/SSL_VAN/BRATS21/main.py:114: UserWarning: Found total gpus 2
  warnings.warn("Found total gpus {}".format(args.ngpus_per_node))
/home/karimimonsefi.1/miniconda3/lib/python3.9/site-packages/mmcv/__init__.py:20: UserWarning: On January 1, 2023, MMCV will release v2.0.0, in which it will remove components related to the training process and add a data transformation module. In addition, it will rename the package names mmcv to mmcv-lite and mmcv-full to mmcv. See https://github.com/open-mmlab/mmcv/blob/master/docs/en/compatibility.md for more details.
  warnings.warn(
/home/karimimonsefi.1/miniconda3/lib/python3.9/site-packages/mmcv/__init__.py:20: UserWarning: On January 1, 2023, MMCV will release v2.0.0, in which it will remove components related to the training process and add a data transformation module. In addition, it will rename the package names mmcv to mmcv-lite and mmcv-full to mmcv. See https://github.com/open-mmlab/mmcv/blob/master/docs/en/compatibility.md for more details.
  warnings.warn(
/home/karimimonsefi.1/miniconda3/lib/python3.9/site-packages/monai/transforms/post/dictionary.py:196: UserWarning: `threshold_values=True/False` is deprecated, please use `threshold=value` instead.
  warnings.warn("`threshold_values=True/False` is deprecated, please use `threshold=value` instead.")
/home/karimimonsefi.1/miniconda3/lib/python3.9/site-packages/monai/transforms/post/dictionary.py:196: UserWarning: `threshold_values=True/False` is deprecated, please use `threshold=value` instead.
  warnings.warn("`threshold_values=True/False` is deprecated, please use `threshold=value` instead.")
/home/karimimonsefi.1/SSL_VAN/BRATS21/main.py:134: UserWarning: 1 gpu 1
  warnings.warn(f"{args.rank} gpu {args.gpu}")
/home/karimimonsefi.1/SSL_VAN/BRATS21/main.py:134: UserWarning: 0 gpu 0
  warnings.warn(f"{args.rank} gpu {args.gpu}")
/home/karimimonsefi.1/SSL_VAN/BRATS21/main.py:136: UserWarning: Batch size is: 1 epochs 500
  warnings.warn(f"Batch size is: {args.batch_size} epochs {args.max_epochs}")
/home/karimimonsefi.1/SSL_VAN/BRATS21/main.py:165: UserWarning: Total parameters count 62191941
  warnings.warn(f"Total parameters count {pytorch_total_params}")
/home/karimimonsefi.1/SSL_VAN/BRATS21/main.py:168: UserWarning: Total args.checkpoint True
  warnings.warn(f"Total args.checkpoint {args.checkpoint}")
/home/karimimonsefi.1/SSL_VAN/commons/util.py:6: UserWarning:  base_url is 64-128-256-512_3-4-6-3_8-8-4-4_vae_inferer_valid_loader_SwinUNETR48_fold-0
  warnings.warn(f" base_url is {base_url}")
/home/karimimonsefi.1/SSL_VAN/commons/util.py:8: UserWarning:  output_url 1 is ./runs/BraTS21_new/test_log/output_False_False
  warnings.warn(f" output_url 1 is {output_url}")
/home/karimimonsefi.1/SSL_VAN/commons/util.py:9: UserWarning:  exists 1 is True
  warnings.warn(f" exists 1 is {os.path.exists(output_url)}")
/home/karimimonsefi.1/SSL_VAN/commons/util.py:13: UserWarning:  output_url 2 is ./runs/BraTS21_new/test_log/output_False_False/64-128-256-512_3-4-6-3_8-8-4-4_vae_inferer_valid_loader_SwinUNETR48_fold-0
  warnings.warn(f" output_url 2 is {output_url}")
/home/karimimonsefi.1/SSL_VAN/commons/util.py:14: UserWarning:  exists 2 is True
  warnings.warn(f" exists 2 is {os.path.exists(output_url)}")
/home/karimimonsefi.1/SSL_VAN/commons/util.py:20: UserWarning:  Best url model is 64-128-256-512_3-4-6-3_8-8-4-4_vae_inferer_valid_loader_SwinUNETR48_fold-0__best.pt, final model url is 64-128-256-512_3-4-6-3_8-8-4-4_vae_inferer_valid_loader_SwinUNETR48_fold-0__final.pt
  warnings.warn(f" Best url model is {args.best_model_url}, final model url is {args.final_model_url}")
/home/karimimonsefi.1/SSL_VAN/BRATS21/main.py:165: UserWarning: Total parameters count 62191941
  warnings.warn(f"Total parameters count {pytorch_total_params}")
/home/karimimonsefi.1/SSL_VAN/BRATS21/main.py:168: UserWarning: Total args.checkpoint True
  warnings.warn(f"Total args.checkpoint {args.checkpoint}")
/home/karimimonsefi.1/SSL_VAN/commons/util.py:6: UserWarning:  base_url is 64-128-256-512_3-4-6-3_8-8-4-4_vae_inferer_valid_loader_SwinUNETR48_fold-0
  warnings.warn(f" base_url is {base_url}")
/home/karimimonsefi.1/SSL_VAN/commons/util.py:8: UserWarning:  output_url 1 is ./runs/BraTS21_new/test_log/output_False_False
  warnings.warn(f" output_url 1 is {output_url}")
/home/karimimonsefi.1/SSL_VAN/commons/util.py:9: UserWarning:  exists 1 is True
  warnings.warn(f" exists 1 is {os.path.exists(output_url)}")
/home/karimimonsefi.1/SSL_VAN/commons/util.py:13: UserWarning:  output_url 2 is ./runs/BraTS21_new/test_log/output_False_False/64-128-256-512_3-4-6-3_8-8-4-4_vae_inferer_valid_loader_SwinUNETR48_fold-0
  warnings.warn(f" output_url 2 is {output_url}")
/home/karimimonsefi.1/SSL_VAN/commons/util.py:14: UserWarning:  exists 2 is True
  warnings.warn(f" exists 2 is {os.path.exists(output_url)}")
/home/karimimonsefi.1/SSL_VAN/commons/util.py:20: UserWarning:  Best url model is 64-128-256-512_3-4-6-3_8-8-4-4_vae_inferer_valid_loader_SwinUNETR48_fold-0__best.pt, final model url is 64-128-256-512_3-4-6-3_8-8-4-4_vae_inferer_valid_loader_SwinUNETR48_fold-0__final.pt
  warnings.warn(f" Best url model is {args.best_model_url}, final model url is {args.final_model_url}")
/home/karimimonsefi.1/SSL_VAN/BRATS21/main.py:183: UserWarning: => loaded checkpoint 'True' (epoch 108) (bestacc 0.7116096615791321)
  warnings.warn("=> loaded checkpoint '{}' (epoch {}) (bestacc {})".format(
/home/karimimonsefi.1/SSL_VAN/BRATS21/main.py:183: UserWarning: => loaded checkpoint 'True' (epoch 108) (bestacc 0.7116096615791321)
  warnings.warn("=> loaded checkpoint '{}' (epoch {}) (bestacc {})".format(
/home/karimimonsefi.1/SSL_VAN/BRATS21/trainer.py:161: UserWarning: Writing Tensorboard logs to ./runs/BraTS21_new/test_log
  warnings.warn(f"Writing Tensorboard logs to {args.logdir}")
/home/karimimonsefi.1/SSL_VAN/BRATS21/trainer.py:169: UserWarning: 0  Tue Jul 25 00:52:59 2023  Epoch: 108
  warnings.warn(f"{args.rank}  {time.ctime()}  Epoch: {epoch}")
/home/karimimonsefi.1/SSL_VAN/BRATS21/trainer.py:169: UserWarning: 1  Tue Jul 25 00:52:59 2023  Epoch: 108
  warnings.warn(f"{args.rank}  {time.ctime()}  Epoch: {epoch}")
[W reducer.cpp:1298] Warning: find_unused_parameters=True was specified in DDP constructor, but did not find any unused parameters in the forward pass. This flag results in an extra traversal of the autograd graph every iteration,  which can adversely affect performance. If your model indeed never has any unused parameters in the forward pass, consider turning this flag off. Note that this warning may be a false positive if your model has flow control causing later iterations to have unused parameters. (function operator())
[W reducer.cpp:1298] Warning: find_unused_parameters=True was specified in DDP constructor, but did not find any unused parameters in the forward pass. This flag results in an extra traversal of the autograd graph every iteration,  which can adversely affect performance. If your model indeed never has any unused parameters in the forward pass, consider turning this flag off. Note that this warning may be a false positive if your model has flow control causing later iterations to have unused parameters. (function operator())
/home/karimimonsefi.1/SSL_VAN/BRATS21/trainer.py:73: UserWarning: Epoch 108/500 0/500  loss: 0.5399  time 11.99s
  warnings.warn(
/home/karimimonsefi.1/SSL_VAN/BRATS21/trainer.py:73: UserWarning: Epoch 108/500 1/500  loss: 0.5362  time 0.16s
  warnings.warn(
/home/karimimonsefi.1/SSL_VAN/BRATS21/trainer.py:73: UserWarning: Epoch 108/500 2/500  loss: 0.5334  time 0.16s
  warnings.warn(
/home/karimimonsefi.1/SSL_VAN/BRATS21/trainer.py:73: UserWarning: Epoch 108/500 3/500  loss: 0.5300  time 0.16s
  warnings.warn(
/home/karimimonsefi.1/SSL_VAN/BRATS21/trainer.py:73: UserWarning: Epoch 108/500 4/500  loss: 0.4499  time 0.19s
  warnings.warn(
/home/karimimonsefi.1/SSL_VAN/BRATS21/trainer.py:73: UserWarning: Epoch 108/500 5/500  loss: 0.4190  time 0.15s
  warnings.warn(
/home/karimimonsefi.1/SSL_VAN/BRATS21/trainer.py:73: UserWarning: Epoch 108/500 6/500  loss: 0.3893  time 0.14s
  warnings.warn(
/home/karimimonsefi.1/SSL_VAN/BRATS21/trainer.py:73: UserWarning: Epoch 108/500 7/500  loss: 0.4178  time 0.16s
  warnings.warn(
/home/karimimonsefi.1/SSL_VAN/BRATS21/trainer.py:73: UserWarning: Epoch 108/500 8/500  loss: 0.4283  time 0.15s
  warnings.warn(
/home/karimimonsefi.1/SSL_VAN/BRATS21/trainer.py:73: UserWarning: Epoch 108/500 9/500  loss: 0.4364  time 0.17s
  warnings.warn(
/home/karimimonsefi.1/SSL_VAN/BRATS21/trainer.py:73: UserWarning: Epoch 108/500 10/500  loss: 0.4279  time 0.16s
  warnings.warn(
/home/karimimonsefi.1/SSL_VAN/BRATS21/trainer.py:73: UserWarning: Epoch 108/500 11/500  loss: 0.4208  time 0.16s
  warnings.warn(
/home/karimimonsefi.1/SSL_VAN/BRATS21/trainer.py:73: UserWarning: Epoch 108/500 12/500  loss: 0.4286  time 0.15s
  warnings.warn(
/home/karimimonsefi.1/SSL_VAN/BRATS21/trainer.py:73: UserWarning: Epoch 108/500 13/500  loss: 0.4000  time 0.15s
  warnings.warn(
/home/karimimonsefi.1/SSL_VAN/BRATS21/trainer.py:73: UserWarning: Epoch 108/500 14/500  loss: 0.4294  time 0.16s
  warnings.warn(
/home/karimimonsefi.1/SSL_VAN/BRATS21/trainer.py:73: UserWarning: Epoch 108/500 15/500  loss: 0.4137  time 0.16s
  warnings.warn(
/home/karimimonsefi.1/SSL_VAN/BRATS21/trainer.py:73: UserWarning: Epoch 108/500 16/500  loss: 0.4167  time 0.16s
  warnings.warn(
/home/karimimonsefi.1/SSL_VAN/BRATS21/trainer.py:73: UserWarning: Epoch 108/500 17/500  loss: 0.3954  time 0.16s
  warnings.warn(
/home/karimimonsefi.1/SSL_VAN/BRATS21/trainer.py:73: UserWarning: Epoch 108/500 18/500  loss: 0.3805  time 0.16s
  warnings.warn(
/home/karimimonsefi.1/SSL_VAN/BRATS21/trainer.py:73: UserWarning: Epoch 108/500 19/500  loss: 0.3633  time 0.16s
  warnings.warn(
/home/karimimonsefi.1/SSL_VAN/BRATS21/trainer.py:73: UserWarning: Epoch 108/500 20/500  loss: 0.3931  time 0.16s
  warnings.warn(
/home/karimimonsefi.1/SSL_VAN/BRATS21/trainer.py:73: UserWarning: Epoch 108/500 21/500  loss: 0.4101  time 0.16s
  warnings.warn(
/home/karimimonsefi.1/SSL_VAN/BRATS21/trainer.py:73: UserWarning: Epoch 108/500 22/500  loss: 0.3949  time 0.16s
  warnings.warn(
/home/karimimonsefi.1/SSL_VAN/BRATS21/trainer.py:73: UserWarning: Epoch 108/500 23/500  loss: 0.3823  time 0.15s
  warnings.warn(
/home/karimimonsefi.1/SSL_VAN/BRATS21/trainer.py:73: UserWarning: Epoch 108/500 24/500  loss: 0.3708  time 0.16s
  warnings.warn(
/home/karimimonsefi.1/SSL_VAN/BRATS21/trainer.py:73: UserWarning: Epoch 108/500 25/500  loss: 0.3769  time 0.18s
  warnings.warn(
/home/karimimonsefi.1/SSL_VAN/BRATS21/trainer.py:73: UserWarning: Epoch 108/500 26/500  loss: 0.3829  time 0.16s
  warnings.warn(
/home/karimimonsefi.1/SSL_VAN/BRATS21/trainer.py:73: UserWarning: Epoch 108/500 27/500  loss: 0.3884  time 0.16s
  warnings.warn(
/home/karimimonsefi.1/SSL_VAN/BRATS21/trainer.py:73: UserWarning: Epoch 108/500 28/500  loss: 0.3779  time 0.16s
  warnings.warn(
/home/karimimonsefi.1/SSL_VAN/BRATS21/trainer.py:73: UserWarning: Epoch 108/500 29/500  loss: 0.3860  time 0.18s
  warnings.warn(
/home/karimimonsefi.1/SSL_VAN/BRATS21/trainer.py:73: UserWarning: Epoch 108/500 30/500  loss: 0.4006  time 0.16s
  warnings.warn(
/home/karimimonsefi.1/SSL_VAN/BRATS21/trainer.py:73: UserWarning: Epoch 108/500 31/500  loss: 0.4030  time 0.16s
  warnings.warn(
/home/karimimonsefi.1/SSL_VAN/BRATS21/trainer.py:73: UserWarning: Epoch 108/500 32/500  loss: 0.4091  time 0.16s
  warnings.warn(
/home/karimimonsefi.1/SSL_VAN/BRATS21/trainer.py:73: UserWarning: Epoch 108/500 33/500  loss: 0.4035  time 0.16s
  warnings.warn(
/home/karimimonsefi.1/SSL_VAN/BRATS21/trainer.py:73: UserWarning: Epoch 108/500 34/500  loss: 0.4076  time 0.18s
  warnings.warn(
/home/karimimonsefi.1/SSL_VAN/BRATS21/trainer.py:73: UserWarning: Epoch 108/500 35/500  loss: 0.4122  time 0.16s
  warnings.warn(
/home/karimimonsefi.1/SSL_VAN/BRATS21/trainer.py:73: UserWarning: Epoch 108/500 36/500  loss: 0.4222  time 0.17s
  warnings.warn(
/home/karimimonsefi.1/SSL_VAN/BRATS21/trainer.py:73: UserWarning: Epoch 108/500 37/500  loss: 0.4142  time 0.19s
  warnings.warn(
/home/karimimonsefi.1/SSL_VAN/BRATS21/trainer.py:73: UserWarning: Epoch 108/500 38/500  loss: 0.4147  time 0.17s
  warnings.warn(
/home/karimimonsefi.1/SSL_VAN/BRATS21/trainer.py:73: UserWarning: Epoch 108/500 39/500  loss: 0.4194  time 0.19s
  warnings.warn(
/home/karimimonsefi.1/SSL_VAN/BRATS21/trainer.py:73: UserWarning: Epoch 108/500 40/500  loss: 0.4137  time 0.17s
  warnings.warn(
/home/karimimonsefi.1/SSL_VAN/BRATS21/trainer.py:73: UserWarning: Epoch 108/500 41/500  loss: 0.4072  time 0.16s
  warnings.warn(
/home/karimimonsefi.1/SSL_VAN/BRATS21/trainer.py:73: UserWarning: Epoch 108/500 42/500  loss: 0.4132  time 0.16s
  warnings.warn(
/home/karimimonsefi.1/SSL_VAN/BRATS21/trainer.py:73: UserWarning: Epoch 108/500 43/500  loss: 0.4155  time 0.17s
  warnings.warn(
/home/karimimonsefi.1/SSL_VAN/BRATS21/trainer.py:73: UserWarning: Epoch 108/500 44/500  loss: 0.4097  time 0.16s
  warnings.warn(
/home/karimimonsefi.1/SSL_VAN/BRATS21/trainer.py:73: UserWarning: Epoch 108/500 45/500  loss: 0.4089  time 0.16s
  warnings.warn(
/home/karimimonsefi.1/SSL_VAN/BRATS21/trainer.py:73: UserWarning: Epoch 108/500 46/500  loss: 0.4025  time 0.16s
  warnings.warn(
/home/karimimonsefi.1/SSL_VAN/BRATS21/trainer.py:73: UserWarning: Epoch 108/500 47/500  loss: 0.3984  time 0.19s
  warnings.warn(
/home/karimimonsefi.1/SSL_VAN/BRATS21/trainer.py:73: UserWarning: Epoch 108/500 48/500  loss: 0.3934  time 0.19s
  warnings.warn(
/home/karimimonsefi.1/SSL_VAN/BRATS21/trainer.py:73: UserWarning: Epoch 108/500 49/500  loss: 0.3976  time 0.17s
  warnings.warn(
/home/karimimonsefi.1/SSL_VAN/BRATS21/trainer.py:73: UserWarning: Epoch 108/500 50/500  loss: 0.3914  time 0.15s
  warnings.warn(
/home/karimimonsefi.1/SSL_VAN/BRATS21/trainer.py:73: UserWarning: Epoch 108/500 51/500  loss: 0.4031  time 0.16s
  warnings.warn(
/home/karimimonsefi.1/SSL_VAN/BRATS21/trainer.py:73: UserWarning: Epoch 108/500 52/500  loss: 0.3964  time 0.16s
  warnings.warn(
/home/karimimonsefi.1/SSL_VAN/BRATS21/trainer.py:73: UserWarning: Epoch 108/500 53/500  loss: 0.3969  time 0.16s
  warnings.warn(
/home/karimimonsefi.1/SSL_VAN/BRATS21/trainer.py:73: UserWarning: Epoch 108/500 54/500  loss: 0.3915  time 0.16s
  warnings.warn(
/home/karimimonsefi.1/SSL_VAN/BRATS21/trainer.py:73: UserWarning: Epoch 108/500 55/500  loss: 0.4024  time 0.26s
  warnings.warn(
/home/karimimonsefi.1/SSL_VAN/BRATS21/trainer.py:73: UserWarning: Epoch 108/500 56/500  loss: 0.4003  time 0.19s
  warnings.warn(
/home/karimimonsefi.1/SSL_VAN/BRATS21/trainer.py:73: UserWarning: Epoch 108/500 57/500  loss: 0.3952  time 0.18s
  warnings.warn(
/home/karimimonsefi.1/SSL_VAN/BRATS21/trainer.py:73: UserWarning: Epoch 108/500 58/500  loss: 0.3976  time 0.16s
  warnings.warn(
/home/karimimonsefi.1/SSL_VAN/BRATS21/trainer.py:73: UserWarning: Epoch 108/500 59/500  loss: 0.3953  time 0.16s
  warnings.warn(
/home/karimimonsefi.1/SSL_VAN/BRATS21/trainer.py:73: UserWarning: Epoch 108/500 60/500  loss: 0.3907  time 0.18s
  warnings.warn(
/home/karimimonsefi.1/SSL_VAN/BRATS21/trainer.py:73: UserWarning: Epoch 108/500 61/500  loss: 0.3937  time 0.19s
  warnings.warn(
/home/karimimonsefi.1/SSL_VAN/BRATS21/trainer.py:73: UserWarning: Epoch 108/500 62/500  loss: 0.3898  time 0.36s
  warnings.warn(
/home/karimimonsefi.1/SSL_VAN/BRATS21/trainer.py:73: UserWarning: Epoch 108/500 63/500  loss: 0.3926  time 0.19s
  warnings.warn(
/home/karimimonsefi.1/SSL_VAN/BRATS21/trainer.py:73: UserWarning: Epoch 108/500 64/500  loss: 0.3945  time 0.19s
  warnings.warn(
/home/karimimonsefi.1/SSL_VAN/BRATS21/trainer.py:73: UserWarning: Epoch 108/500 65/500  loss: 0.3893  time 0.16s
  warnings.warn(
/home/karimimonsefi.1/SSL_VAN/BRATS21/trainer.py:73: UserWarning: Epoch 108/500 66/500  loss: 0.3903  time 0.18s
  warnings.warn(
/home/karimimonsefi.1/SSL_VAN/BRATS21/trainer.py:73: UserWarning: Epoch 108/500 67/500  loss: 0.3860  time 0.19s
  warnings.warn(
/home/karimimonsefi.1/SSL_VAN/BRATS21/trainer.py:73: UserWarning: Epoch 108/500 68/500  loss: 0.3893  time 0.17s
  warnings.warn(
/home/karimimonsefi.1/SSL_VAN/BRATS21/trainer.py:73: UserWarning: Epoch 108/500 69/500  loss: 0.3912  time 0.18s
  warnings.warn(
/home/karimimonsefi.1/SSL_VAN/BRATS21/trainer.py:73: UserWarning: Epoch 108/500 70/500  loss: 0.3908  time 0.18s
  warnings.warn(
/home/karimimonsefi.1/SSL_VAN/BRATS21/trainer.py:73: UserWarning: Epoch 108/500 71/500  loss: 0.3928  time 0.18s
  warnings.warn(
/home/karimimonsefi.1/SSL_VAN/BRATS21/trainer.py:73: UserWarning: Epoch 108/500 72/500  loss: 0.3887  time 0.19s
  warnings.warn(
/home/karimimonsefi.1/SSL_VAN/BRATS21/trainer.py:73: UserWarning: Epoch 108/500 73/500  loss: 0.3911  time 0.16s
  warnings.warn(
/home/karimimonsefi.1/SSL_VAN/BRATS21/trainer.py:73: UserWarning: Epoch 108/500 74/500  loss: 0.3945  time 0.15s
  warnings.warn(
/home/karimimonsefi.1/SSL_VAN/BRATS21/trainer.py:73: UserWarning: Epoch 108/500 75/500  loss: 0.3906  time 0.16s
  warnings.warn(
/home/karimimonsefi.1/SSL_VAN/BRATS21/trainer.py:73: UserWarning: Epoch 108/500 76/500  loss: 0.3926  time 0.16s
  warnings.warn(
/home/karimimonsefi.1/SSL_VAN/BRATS21/trainer.py:73: UserWarning: Epoch 108/500 77/500  loss: 0.3905  time 0.16s
  warnings.warn(
/home/karimimonsefi.1/SSL_VAN/BRATS21/trainer.py:73: UserWarning: Epoch 108/500 78/500  loss: 0.3923  time 0.16s
  warnings.warn(
/home/karimimonsefi.1/SSL_VAN/BRATS21/trainer.py:73: UserWarning: Epoch 108/500 79/500  loss: 0.3999  time 0.16s
  warnings.warn(
/home/karimimonsefi.1/SSL_VAN/BRATS21/trainer.py:73: UserWarning: Epoch 108/500 80/500  loss: 0.3957  time 0.16s
  warnings.warn(
/home/karimimonsefi.1/SSL_VAN/BRATS21/trainer.py:73: UserWarning: Epoch 108/500 81/500  loss: 0.3954  time 0.17s
  warnings.warn(
/home/karimimonsefi.1/SSL_VAN/BRATS21/trainer.py:73: UserWarning: Epoch 108/500 82/500  loss: 0.3971  time 0.18s
  warnings.warn(
/home/karimimonsefi.1/SSL_VAN/BRATS21/trainer.py:73: UserWarning: Epoch 108/500 83/500  loss: 0.3974  time 0.17s
  warnings.warn(
/home/karimimonsefi.1/SSL_VAN/BRATS21/trainer.py:73: UserWarning: Epoch 108/500 84/500  loss: 0.3967  time 0.16s
  warnings.warn(
/home/karimimonsefi.1/SSL_VAN/BRATS21/trainer.py:73: UserWarning: Epoch 108/500 85/500  loss: 0.3930  time 0.16s
  warnings.warn(
/home/karimimonsefi.1/SSL_VAN/BRATS21/trainer.py:73: UserWarning: Epoch 108/500 86/500  loss: 0.3938  time 0.16s
  warnings.warn(
/home/karimimonsefi.1/SSL_VAN/BRATS21/trainer.py:73: UserWarning: Epoch 108/500 87/500  loss: 0.3968  time 0.15s
  warnings.warn(
/home/karimimonsefi.1/SSL_VAN/BRATS21/trainer.py:73: UserWarning: Epoch 108/500 88/500  loss: 0.3935  time 0.17s
  warnings.warn(
/home/karimimonsefi.1/SSL_VAN/BRATS21/trainer.py:73: UserWarning: Epoch 108/500 89/500  loss: 0.3974  time 0.16s
  warnings.warn(
/home/karimimonsefi.1/SSL_VAN/BRATS21/trainer.py:73: UserWarning: Epoch 108/500 90/500  loss: 0.3986  time 0.16s
  warnings.warn(
/home/karimimonsefi.1/SSL_VAN/BRATS21/trainer.py:73: UserWarning: Epoch 108/500 91/500  loss: 0.3958  time 0.18s
  warnings.warn(
/home/karimimonsefi.1/SSL_VAN/BRATS21/trainer.py:73: UserWarning: Epoch 108/500 92/500  loss: 0.3930  time 0.17s
  warnings.warn(
/home/karimimonsefi.1/SSL_VAN/BRATS21/trainer.py:73: UserWarning: Epoch 108/500 93/500  loss: 0.3897  time 0.17s
  warnings.warn(
/home/karimimonsefi.1/SSL_VAN/BRATS21/trainer.py:73: UserWarning: Epoch 108/500 94/500  loss: 0.3910  time 0.15s
  warnings.warn(
/home/karimimonsefi.1/SSL_VAN/BRATS21/trainer.py:73: UserWarning: Epoch 108/500 95/500  loss: 0.3941  time 0.16s
  warnings.warn(
/home/karimimonsefi.1/SSL_VAN/BRATS21/trainer.py:73: UserWarning: Epoch 108/500 96/500  loss: 0.3905  time 0.19s
  warnings.warn(
/home/karimimonsefi.1/SSL_VAN/BRATS21/trainer.py:73: UserWarning: Epoch 108/500 97/500  loss: 0.3968  time 0.19s
  warnings.warn(
/home/karimimonsefi.1/SSL_VAN/BRATS21/trainer.py:73: UserWarning: Epoch 108/500 98/500  loss: 0.3956  time 0.18s
  warnings.warn(
/home/karimimonsefi.1/SSL_VAN/BRATS21/trainer.py:73: UserWarning: Epoch 108/500 99/500  loss: 0.3965  time 0.16s
  warnings.warn(
/home/karimimonsefi.1/SSL_VAN/BRATS21/trainer.py:73: UserWarning: Epoch 108/500 100/500  loss: 0.3937  time 0.16s
  warnings.warn(
/home/karimimonsefi.1/SSL_VAN/BRATS21/trainer.py:73: UserWarning: Epoch 108/500 101/500  loss: 0.3949  time 0.16s
  warnings.warn(
/home/karimimonsefi.1/SSL_VAN/BRATS21/trainer.py:73: UserWarning: Epoch 108/500 102/500  loss: 0.3938  time 0.17s
  warnings.warn(
/home/karimimonsefi.1/SSL_VAN/BRATS21/trainer.py:73: UserWarning: Epoch 108/500 103/500  loss: 0.3903  time 0.16s
  warnings.warn(
/home/karimimonsefi.1/SSL_VAN/BRATS21/trainer.py:73: UserWarning: Epoch 108/500 104/500  loss: 0.3942  time 0.16s
  warnings.warn(
/home/karimimonsefi.1/SSL_VAN/BRATS21/trainer.py:73: UserWarning: Epoch 108/500 105/500  loss: 0.3909  time 0.18s
  warnings.warn(
/home/karimimonsefi.1/SSL_VAN/BRATS21/trainer.py:73: UserWarning: Epoch 108/500 106/500  loss: 0.3881  time 0.16s
  warnings.warn(
/home/karimimonsefi.1/SSL_VAN/BRATS21/trainer.py:73: UserWarning: Epoch 108/500 107/500  loss: 0.3922  time 0.16s
  warnings.warn(
/home/karimimonsefi.1/SSL_VAN/BRATS21/trainer.py:73: UserWarning: Epoch 108/500 108/500  loss: 0.3893  time 0.19s
  warnings.warn(
/home/karimimonsefi.1/SSL_VAN/BRATS21/trainer.py:73: UserWarning: Epoch 108/500 109/500  loss: 0.3896  time 0.16s
  warnings.warn(
/home/karimimonsefi.1/SSL_VAN/BRATS21/trainer.py:73: UserWarning: Epoch 108/500 110/500  loss: 0.3908  time 0.16s
  warnings.warn(
/home/karimimonsefi.1/SSL_VAN/BRATS21/trainer.py:73: UserWarning: Epoch 108/500 111/500  loss: 0.3922  time 0.16s
  warnings.warn(
/home/karimimonsefi.1/SSL_VAN/BRATS21/trainer.py:73: UserWarning: Epoch 108/500 112/500  loss: 0.3938  time 0.17s
  warnings.warn(
/home/karimimonsefi.1/SSL_VAN/BRATS21/trainer.py:73: UserWarning: Epoch 108/500 113/500  loss: 0.3949  time 0.19s
  warnings.warn(
/home/karimimonsefi.1/SSL_VAN/BRATS21/trainer.py:73: UserWarning: Epoch 108/500 114/500  loss: 0.3939  time 0.18s
  warnings.warn(
/home/karimimonsefi.1/SSL_VAN/BRATS21/trainer.py:73: UserWarning: Epoch 108/500 115/500  loss: 0.3914  time 0.16s
  warnings.warn(
/home/karimimonsefi.1/SSL_VAN/BRATS21/trainer.py:73: UserWarning: Epoch 108/500 116/500  loss: 0.3886  time 0.19s
  warnings.warn(
/home/karimimonsefi.1/SSL_VAN/BRATS21/trainer.py:73: UserWarning: Epoch 108/500 117/500  loss: 0.3858  time 0.19s
  warnings.warn(
/home/karimimonsefi.1/SSL_VAN/BRATS21/trainer.py:73: UserWarning: Epoch 108/500 118/500  loss: 0.3884  time 0.19s
  warnings.warn(
/home/karimimonsefi.1/SSL_VAN/BRATS21/trainer.py:73: UserWarning: Epoch 108/500 119/500  loss: 0.3901  time 0.16s
  warnings.warn(
/home/karimimonsefi.1/SSL_VAN/BRATS21/trainer.py:73: UserWarning: Epoch 108/500 120/500  loss: 0.3871  time 0.16s
  warnings.warn(
/home/karimimonsefi.1/SSL_VAN/BRATS21/trainer.py:73: UserWarning: Epoch 108/500 121/500  loss: 0.3898  time 0.19s
  warnings.warn(
/home/karimimonsefi.1/SSL_VAN/BRATS21/trainer.py:73: UserWarning: Epoch 108/500 122/500  loss: 0.3912  time 0.16s
  warnings.warn(
/home/karimimonsefi.1/SSL_VAN/BRATS21/trainer.py:73: UserWarning: Epoch 108/500 123/500  loss: 0.3911  time 0.20s
  warnings.warn(
/home/karimimonsefi.1/SSL_VAN/BRATS21/trainer.py:73: UserWarning: Epoch 108/500 124/500  loss: 0.3959  time 0.16s
  warnings.warn(
/home/karimimonsefi.1/SSL_VAN/BRATS21/trainer.py:73: UserWarning: Epoch 108/500 125/500  loss: 0.3938  time 0.15s
  warnings.warn(
/home/karimimonsefi.1/SSL_VAN/BRATS21/trainer.py:73: UserWarning: Epoch 108/500 126/500  loss: 0.3948  time 0.20s
  warnings.warn(
/home/karimimonsefi.1/SSL_VAN/BRATS21/trainer.py:73: UserWarning: Epoch 108/500 127/500  loss: 0.3935  time 0.16s
  warnings.warn(
/home/karimimonsefi.1/SSL_VAN/BRATS21/trainer.py:73: UserWarning: Epoch 108/500 128/500  loss: 0.3949  time 0.18s
  warnings.warn(
/home/karimimonsefi.1/SSL_VAN/BRATS21/trainer.py:73: UserWarning: Epoch 108/500 129/500  loss: 0.3921  time 0.16s
  warnings.warn(
/home/karimimonsefi.1/SSL_VAN/BRATS21/trainer.py:73: UserWarning: Epoch 108/500 130/500  loss: 0.3930  time 0.19s
  warnings.warn(
/home/karimimonsefi.1/SSL_VAN/BRATS21/trainer.py:73: UserWarning: Epoch 108/500 131/500  loss: 0.3913  time 0.17s
  warnings.warn(
/home/karimimonsefi.1/SSL_VAN/BRATS21/trainer.py:73: UserWarning: Epoch 108/500 132/500  loss: 0.3915  time 0.16s
  warnings.warn(
/home/karimimonsefi.1/SSL_VAN/BRATS21/trainer.py:73: UserWarning: Epoch 108/500 133/500  loss: 0.3927  time 0.18s
  warnings.warn(
/home/karimimonsefi.1/SSL_VAN/BRATS21/trainer.py:73: UserWarning: Epoch 108/500 134/500  loss: 0.3941  time 0.17s
  warnings.warn(
/home/karimimonsefi.1/SSL_VAN/BRATS21/trainer.py:73: UserWarning: Epoch 108/500 135/500  loss: 0.3948  time 0.18s
  warnings.warn(
/home/karimimonsefi.1/SSL_VAN/BRATS21/trainer.py:73: UserWarning: Epoch 108/500 136/500  loss: 0.3980  time 0.16s
  warnings.warn(
/home/karimimonsefi.1/SSL_VAN/BRATS21/trainer.py:73: UserWarning: Epoch 108/500 137/500  loss: 0.3989  time 0.18s
  warnings.warn(
/home/karimimonsefi.1/SSL_VAN/BRATS21/trainer.py:73: UserWarning: Epoch 108/500 138/500  loss: 0.4001  time 0.17s
  warnings.warn(
/home/karimimonsefi.1/SSL_VAN/BRATS21/trainer.py:73: UserWarning: Epoch 108/500 139/500  loss: 0.3976  time 0.18s
  warnings.warn(
/home/karimimonsefi.1/SSL_VAN/BRATS21/trainer.py:73: UserWarning: Epoch 108/500 140/500  loss: 0.3989  time 0.16s
  warnings.warn(
/home/karimimonsefi.1/SSL_VAN/BRATS21/trainer.py:73: UserWarning: Epoch 108/500 141/500  loss: 0.3975  time 0.16s
  warnings.warn(
/home/karimimonsefi.1/SSL_VAN/BRATS21/trainer.py:73: UserWarning: Epoch 108/500 142/500  loss: 0.3949  time 0.16s
  warnings.warn(
/home/karimimonsefi.1/SSL_VAN/BRATS21/trainer.py:73: UserWarning: Epoch 108/500 143/500  loss: 0.3958  time 0.17s
  warnings.warn(
/home/karimimonsefi.1/SSL_VAN/BRATS21/trainer.py:73: UserWarning: Epoch 108/500 144/500  loss: 0.3936  time 0.16s
  warnings.warn(
/home/karimimonsefi.1/SSL_VAN/BRATS21/trainer.py:73: UserWarning: Epoch 108/500 145/500  loss: 0.3965  time 0.18s
  warnings.warn(
/home/karimimonsefi.1/SSL_VAN/BRATS21/trainer.py:73: UserWarning: Epoch 108/500 146/500  loss: 0.3969  time 0.20s
  warnings.warn(
/home/karimimonsefi.1/SSL_VAN/BRATS21/trainer.py:73: UserWarning: Epoch 108/500 147/500  loss: 0.3987  time 0.19s
  warnings.warn(
/home/karimimonsefi.1/SSL_VAN/BRATS21/trainer.py:73: UserWarning: Epoch 108/500 148/500  loss: 0.3978  time 0.16s
  warnings.warn(
/home/karimimonsefi.1/SSL_VAN/BRATS21/trainer.py:73: UserWarning: Epoch 108/500 149/500  loss: 0.4008  time 0.16s
  warnings.warn(
/home/karimimonsefi.1/SSL_VAN/BRATS21/trainer.py:73: UserWarning: Epoch 108/500 150/500  loss: 0.3996  time 0.16s
  warnings.warn(
/home/karimimonsefi.1/SSL_VAN/BRATS21/trainer.py:73: UserWarning: Epoch 108/500 151/500  loss: 0.4003  time 0.17s
  warnings.warn(
/home/karimimonsefi.1/SSL_VAN/BRATS21/trainer.py:73: UserWarning: Epoch 108/500 152/500  loss: 0.4033  time 0.17s
  warnings.warn(
/home/karimimonsefi.1/SSL_VAN/BRATS21/trainer.py:73: UserWarning: Epoch 108/500 153/500  loss: 0.4044  time 0.17s
  warnings.warn(
/home/karimimonsefi.1/SSL_VAN/BRATS21/trainer.py:73: UserWarning: Epoch 108/500 154/500  loss: 0.4059  time 0.16s
  warnings.warn(
/home/karimimonsefi.1/SSL_VAN/BRATS21/trainer.py:73: UserWarning: Epoch 108/500 155/500  loss: 0.4074  time 0.17s
  warnings.warn(
/home/karimimonsefi.1/SSL_VAN/BRATS21/trainer.py:73: UserWarning: Epoch 108/500 156/500  loss: 0.4063  time 0.16s
  warnings.warn(
/home/karimimonsefi.1/SSL_VAN/BRATS21/trainer.py:73: UserWarning: Epoch 108/500 157/500  loss: 0.4075  time 0.16s
  warnings.warn(
/home/karimimonsefi.1/SSL_VAN/BRATS21/trainer.py:73: UserWarning: Epoch 108/500 158/500  loss: 0.4075  time 0.16s
  warnings.warn(
/home/karimimonsefi.1/SSL_VAN/BRATS21/trainer.py:73: UserWarning: Epoch 108/500 159/500  loss: 0.4101  time 0.15s
  warnings.warn(
/home/karimimonsefi.1/SSL_VAN/BRATS21/trainer.py:73: UserWarning: Epoch 108/500 160/500  loss: 0.4100  time 0.19s
  warnings.warn(
/home/karimimonsefi.1/SSL_VAN/BRATS21/trainer.py:73: UserWarning: Epoch 108/500 161/500  loss: 0.4103  time 0.16s
  warnings.warn(
/home/karimimonsefi.1/SSL_VAN/BRATS21/trainer.py:73: UserWarning: Epoch 108/500 162/500  loss: 0.4139  time 0.16s
  warnings.warn(
/home/karimimonsefi.1/SSL_VAN/BRATS21/trainer.py:73: UserWarning: Epoch 108/500 163/500  loss: 0.4120  time 0.16s
  warnings.warn(
/home/karimimonsefi.1/SSL_VAN/BRATS21/trainer.py:73: UserWarning: Epoch 108/500 164/500  loss: 0.4098  time 0.16s
  warnings.warn(
/home/karimimonsefi.1/SSL_VAN/BRATS21/trainer.py:73: UserWarning: Epoch 108/500 165/500  loss: 0.4106  time 0.19s
  warnings.warn(
/home/karimimonsefi.1/SSL_VAN/BRATS21/trainer.py:73: UserWarning: Epoch 108/500 166/500  loss: 0.4141  time 0.16s
  warnings.warn(
/home/karimimonsefi.1/SSL_VAN/BRATS21/trainer.py:73: UserWarning: Epoch 108/500 167/500  loss: 0.4119  time 0.19s
  warnings.warn(
/home/karimimonsefi.1/SSL_VAN/BRATS21/trainer.py:73: UserWarning: Epoch 108/500 168/500  loss: 0.4126  time 0.16s
  warnings.warn(
/home/karimimonsefi.1/SSL_VAN/BRATS21/trainer.py:73: UserWarning: Epoch 108/500 169/500  loss: 0.4161  time 0.16s
  warnings.warn(
/home/karimimonsefi.1/SSL_VAN/BRATS21/trainer.py:73: UserWarning: Epoch 108/500 170/500  loss: 0.4164  time 0.16s
  warnings.warn(
/home/karimimonsefi.1/SSL_VAN/BRATS21/trainer.py:73: UserWarning: Epoch 108/500 171/500  loss: 0.4179  time 0.15s
  warnings.warn(
/home/karimimonsefi.1/SSL_VAN/BRATS21/trainer.py:73: UserWarning: Epoch 108/500 172/500  loss: 0.4186  time 0.16s
  warnings.warn(
/home/karimimonsefi.1/SSL_VAN/BRATS21/trainer.py:73: UserWarning: Epoch 108/500 173/500  loss: 0.4192  time 0.16s
  warnings.warn(
/home/karimimonsefi.1/SSL_VAN/BRATS21/trainer.py:73: UserWarning: Epoch 108/500 174/500  loss: 0.4179  time 0.16s
  warnings.warn(
/home/karimimonsefi.1/SSL_VAN/BRATS21/trainer.py:73: UserWarning: Epoch 108/500 175/500  loss: 0.4184  time 0.17s
  warnings.warn(
/home/karimimonsefi.1/SSL_VAN/BRATS21/trainer.py:73: UserWarning: Epoch 108/500 176/500  loss: 0.4190  time 0.16s
  warnings.warn(
/home/karimimonsefi.1/SSL_VAN/BRATS21/trainer.py:73: UserWarning: Epoch 108/500 177/500  loss: 0.4174  time 0.17s
  warnings.warn(
/home/karimimonsefi.1/SSL_VAN/BRATS21/trainer.py:73: UserWarning: Epoch 108/500 178/500  loss: 0.4163  time 0.16s
  warnings.warn(
/home/karimimonsefi.1/SSL_VAN/BRATS21/trainer.py:73: UserWarning: Epoch 108/500 179/500  loss: 0.4160  time 0.17s
  warnings.warn(
/home/karimimonsefi.1/SSL_VAN/BRATS21/trainer.py:73: UserWarning: Epoch 108/500 180/500  loss: 0.4154  time 0.18s
  warnings.warn(
/home/karimimonsefi.1/SSL_VAN/BRATS21/trainer.py:73: UserWarning: Epoch 108/500 181/500  loss: 0.4143  time 0.16s
  warnings.warn(
/home/karimimonsefi.1/SSL_VAN/BRATS21/trainer.py:73: UserWarning: Epoch 108/500 182/500  loss: 0.4128  time 0.16s
  warnings.warn(
/home/karimimonsefi.1/SSL_VAN/BRATS21/trainer.py:73: UserWarning: Epoch 108/500 183/500  loss: 0.4134  time 0.17s
  warnings.warn(
/home/karimimonsefi.1/SSL_VAN/BRATS21/trainer.py:73: UserWarning: Epoch 108/500 184/500  loss: 0.4123  time 0.17s
  warnings.warn(
/home/karimimonsefi.1/SSL_VAN/BRATS21/trainer.py:73: UserWarning: Epoch 108/500 185/500  loss: 0.4129  time 0.16s
  warnings.warn(
/home/karimimonsefi.1/SSL_VAN/BRATS21/trainer.py:73: UserWarning: Epoch 108/500 186/500  loss: 0.4116  time 0.16s
  warnings.warn(
/home/karimimonsefi.1/SSL_VAN/BRATS21/trainer.py:73: UserWarning: Epoch 108/500 187/500  loss: 0.4129  time 0.15s
  warnings.warn(
/home/karimimonsefi.1/SSL_VAN/BRATS21/trainer.py:73: UserWarning: Epoch 108/500 188/500  loss: 0.4109  time 0.16s
  warnings.warn(
/home/karimimonsefi.1/SSL_VAN/BRATS21/trainer.py:73: UserWarning: Epoch 108/500 189/500  loss: 0.4126  time 0.16s
  warnings.warn(
/home/karimimonsefi.1/SSL_VAN/BRATS21/trainer.py:73: UserWarning: Epoch 108/500 190/500  loss: 0.4113  time 0.23s
  warnings.warn(
/home/karimimonsefi.1/SSL_VAN/BRATS21/trainer.py:73: UserWarning: Epoch 108/500 191/500  loss: 0.4120  time 0.16s
  warnings.warn(
/home/karimimonsefi.1/SSL_VAN/BRATS21/trainer.py:73: UserWarning: Epoch 108/500 192/500  loss: 0.4104  time 0.17s
  warnings.warn(
/home/karimimonsefi.1/SSL_VAN/BRATS21/trainer.py:73: UserWarning: Epoch 108/500 193/500  loss: 0.4099  time 0.18s
  warnings.warn(
/home/karimimonsefi.1/SSL_VAN/BRATS21/trainer.py:73: UserWarning: Epoch 108/500 194/500  loss: 0.4105  time 0.20s
  warnings.warn(
/home/karimimonsefi.1/SSL_VAN/BRATS21/trainer.py:73: UserWarning: Epoch 108/500 195/500  loss: 0.4132  time 0.16s
  warnings.warn(
/home/karimimonsefi.1/SSL_VAN/BRATS21/trainer.py:73: UserWarning: Epoch 108/500 196/500  loss: 0.4141  time 0.18s
  warnings.warn(
/home/karimimonsefi.1/SSL_VAN/BRATS21/trainer.py:73: UserWarning: Epoch 108/500 197/500  loss: 0.4124  time 0.20s
  warnings.warn(
/home/karimimonsefi.1/SSL_VAN/BRATS21/trainer.py:73: UserWarning: Epoch 108/500 198/500  loss: 0.4125  time 0.17s
  warnings.warn(
/home/karimimonsefi.1/SSL_VAN/BRATS21/trainer.py:73: UserWarning: Epoch 108/500 199/500  loss: 0.4132  time 0.16s
  warnings.warn(
/home/karimimonsefi.1/SSL_VAN/BRATS21/trainer.py:73: UserWarning: Epoch 108/500 200/500  loss: 0.4161  time 0.16s
  warnings.warn(
/home/karimimonsefi.1/SSL_VAN/BRATS21/trainer.py:73: UserWarning: Epoch 108/500 201/500  loss: 0.4190  time 0.16s
  warnings.warn(
/home/karimimonsefi.1/SSL_VAN/BRATS21/trainer.py:73: UserWarning: Epoch 108/500 202/500  loss: 0.4196  time 0.21s
  warnings.warn(
/home/karimimonsefi.1/SSL_VAN/BRATS21/trainer.py:73: UserWarning: Epoch 108/500 203/500  loss: 0.4213  time 0.16s
  warnings.warn(
/home/karimimonsefi.1/SSL_VAN/BRATS21/trainer.py:73: UserWarning: Epoch 108/500 204/500  loss: 0.4221  time 0.16s
  warnings.warn(
/home/karimimonsefi.1/SSL_VAN/BRATS21/trainer.py:73: UserWarning: Epoch 108/500 205/500  loss: 0.4208  time 0.18s
  warnings.warn(
/home/karimimonsefi.1/SSL_VAN/BRATS21/trainer.py:73: UserWarning: Epoch 108/500 206/500  loss: 0.4199  time 0.16s
  warnings.warn(
/home/karimimonsefi.1/SSL_VAN/BRATS21/trainer.py:73: UserWarning: Epoch 108/500 207/500  loss: 0.4181  time 0.16s
  warnings.warn(
/home/karimimonsefi.1/SSL_VAN/BRATS21/trainer.py:73: UserWarning: Epoch 108/500 208/500  loss: 0.4165  time 0.16s
  warnings.warn(
/home/karimimonsefi.1/SSL_VAN/BRATS21/trainer.py:73: UserWarning: Epoch 108/500 209/500  loss: 0.4147  time 0.15s
  warnings.warn(
/home/karimimonsefi.1/SSL_VAN/BRATS21/trainer.py:73: UserWarning: Epoch 108/500 210/500  loss: 0.4133  time 0.16s
  warnings.warn(
/home/karimimonsefi.1/SSL_VAN/BRATS21/trainer.py:73: UserWarning: Epoch 108/500 211/500  loss: 0.4138  time 0.19s
  warnings.warn(
/home/karimimonsefi.1/SSL_VAN/BRATS21/trainer.py:73: UserWarning: Epoch 108/500 212/500  loss: 0.4127  time 0.19s
  warnings.warn(
/home/karimimonsefi.1/SSL_VAN/BRATS21/trainer.py:73: UserWarning: Epoch 108/500 213/500  loss: 0.4134  time 0.17s
  warnings.warn(
/home/karimimonsefi.1/SSL_VAN/BRATS21/trainer.py:73: UserWarning: Epoch 108/500 214/500  loss: 0.4136  time 0.16s
  warnings.warn(
/home/karimimonsefi.1/SSL_VAN/BRATS21/trainer.py:73: UserWarning: Epoch 108/500 215/500  loss: 0.4136  time 0.16s
  warnings.warn(
/home/karimimonsefi.1/SSL_VAN/BRATS21/trainer.py:73: UserWarning: Epoch 108/500 216/500  loss: 0.4143  time 0.16s
  warnings.warn(
/home/karimimonsefi.1/SSL_VAN/BRATS21/trainer.py:73: UserWarning: Epoch 108/500 217/500  loss: 0.4149  time 0.16s
  warnings.warn(
/home/karimimonsefi.1/SSL_VAN/BRATS21/trainer.py:73: UserWarning: Epoch 108/500 218/500  loss: 0.4149  time 0.16s
  warnings.warn(
/home/karimimonsefi.1/SSL_VAN/BRATS21/trainer.py:73: UserWarning: Epoch 108/500 219/500  loss: 0.4156  time 0.16s
  warnings.warn(
/home/karimimonsefi.1/SSL_VAN/BRATS21/trainer.py:73: UserWarning: Epoch 108/500 220/500  loss: 0.4143  time 0.15s
  warnings.warn(
/home/karimimonsefi.1/SSL_VAN/BRATS21/trainer.py:73: UserWarning: Epoch 108/500 221/500  loss: 0.4153  time 0.16s
  warnings.warn(
/home/karimimonsefi.1/SSL_VAN/BRATS21/trainer.py:73: UserWarning: Epoch 108/500 222/500  loss: 0.4148  time 0.16s
  warnings.warn(
/home/karimimonsefi.1/SSL_VAN/BRATS21/trainer.py:73: UserWarning: Epoch 108/500 223/500  loss: 0.4138  time 0.16s
  warnings.warn(
/home/karimimonsefi.1/SSL_VAN/BRATS21/trainer.py:73: UserWarning: Epoch 108/500 224/500  loss: 0.4157  time 0.18s
  warnings.warn(
/home/karimimonsefi.1/SSL_VAN/BRATS21/trainer.py:73: UserWarning: Epoch 108/500 225/500  loss: 0.4141  time 0.18s
  warnings.warn(
/home/karimimonsefi.1/SSL_VAN/BRATS21/trainer.py:73: UserWarning: Epoch 108/500 226/500  loss: 0.4128  time 0.19s
  warnings.warn(
/home/karimimonsefi.1/SSL_VAN/BRATS21/trainer.py:73: UserWarning: Epoch 108/500 227/500  loss: 0.4112  time 0.18s
  warnings.warn(
/home/karimimonsefi.1/SSL_VAN/BRATS21/trainer.py:73: UserWarning: Epoch 108/500 228/500  loss: 0.4118  time 0.19s
  warnings.warn(
/home/karimimonsefi.1/SSL_VAN/BRATS21/trainer.py:73: UserWarning: Epoch 108/500 229/500  loss: 0.4137  time 0.18s
  warnings.warn(
/home/karimimonsefi.1/SSL_VAN/BRATS21/trainer.py:73: UserWarning: Epoch 108/500 230/500  loss: 0.4143  time 0.16s
  warnings.warn(
/home/karimimonsefi.1/SSL_VAN/BRATS21/trainer.py:73: UserWarning: Epoch 108/500 231/500  loss: 0.4128  time 0.19s
  warnings.warn(
/home/karimimonsefi.1/SSL_VAN/BRATS21/trainer.py:73: UserWarning: Epoch 108/500 232/500  loss: 0.4137  time 0.18s
  warnings.warn(
/home/karimimonsefi.1/SSL_VAN/BRATS21/trainer.py:73: UserWarning: Epoch 108/500 233/500  loss: 0.4123  time 0.17s
  warnings.warn(
/home/karimimonsefi.1/SSL_VAN/BRATS21/trainer.py:73: UserWarning: Epoch 108/500 234/500  loss: 0.4108  time 0.18s
  warnings.warn(
/home/karimimonsefi.1/SSL_VAN/BRATS21/trainer.py:73: UserWarning: Epoch 108/500 235/500  loss: 0.4107  time 0.16s
  warnings.warn(
/home/karimimonsefi.1/SSL_VAN/BRATS21/trainer.py:73: UserWarning: Epoch 108/500 236/500  loss: 0.4113  time 0.16s
  warnings.warn(
/home/karimimonsefi.1/SSL_VAN/BRATS21/trainer.py:73: UserWarning: Epoch 108/500 237/500  loss: 0.4119  time 0.16s
  warnings.warn(
/home/karimimonsefi.1/SSL_VAN/BRATS21/trainer.py:73: UserWarning: Epoch 108/500 238/500  loss: 0.4123  time 0.16s
  warnings.warn(
/home/karimimonsefi.1/SSL_VAN/BRATS21/trainer.py:73: UserWarning: Epoch 108/500 239/500  loss: 0.4111  time 0.16s
  warnings.warn(
/home/karimimonsefi.1/SSL_VAN/BRATS21/trainer.py:73: UserWarning: Epoch 108/500 240/500  loss: 0.4096  time 0.16s
  warnings.warn(
/home/karimimonsefi.1/SSL_VAN/BRATS21/trainer.py:73: UserWarning: Epoch 108/500 241/500  loss: 0.4081  time 0.16s
  warnings.warn(
/home/karimimonsefi.1/SSL_VAN/BRATS21/trainer.py:73: UserWarning: Epoch 108/500 242/500  loss: 0.4070  time 0.16s
  warnings.warn(
/home/karimimonsefi.1/SSL_VAN/BRATS21/trainer.py:73: UserWarning: Epoch 108/500 243/500  loss: 0.4065  time 0.16s
  warnings.warn(
/home/karimimonsefi.1/SSL_VAN/BRATS21/trainer.py:73: UserWarning: Epoch 108/500 244/500  loss: 0.4060  time 0.16s
  warnings.warn(
/home/karimimonsefi.1/SSL_VAN/BRATS21/trainer.py:73: UserWarning: Epoch 108/500 245/500  loss: 0.4053  time 0.17s
  warnings.warn(
/home/karimimonsefi.1/SSL_VAN/BRATS21/trainer.py:73: UserWarning: Epoch 108/500 246/500  loss: 0.4059  time 0.16s
  warnings.warn(
/home/karimimonsefi.1/SSL_VAN/BRATS21/trainer.py:73: UserWarning: Epoch 108/500 247/500  loss: 0.4047  time 0.16s
  warnings.warn(
/home/karimimonsefi.1/SSL_VAN/BRATS21/trainer.py:73: UserWarning: Epoch 108/500 248/500  loss: 0.4032  time 0.16s
  warnings.warn(
/home/karimimonsefi.1/SSL_VAN/BRATS21/trainer.py:73: UserWarning: Epoch 108/500 249/500  loss: 0.4025  time 0.20s
  warnings.warn(
/home/karimimonsefi.1/SSL_VAN/BRATS21/trainer.py:73: UserWarning: Epoch 108/500 250/500  loss: 0.4019  time 0.16s
  warnings.warn(
/home/karimimonsefi.1/SSL_VAN/BRATS21/trainer.py:73: UserWarning: Epoch 108/500 251/500  loss: 0.4032  time 0.18s
  warnings.warn(
/home/karimimonsefi.1/SSL_VAN/BRATS21/trainer.py:73: UserWarning: Epoch 108/500 252/500  loss: 0.4056  time 0.17s
  warnings.warn(
/home/karimimonsefi.1/SSL_VAN/BRATS21/trainer.py:73: UserWarning: Epoch 108/500 253/500  loss: 0.4068  time 0.17s
  warnings.warn(
/home/karimimonsefi.1/SSL_VAN/BRATS21/trainer.py:73: UserWarning: Epoch 108/500 254/500  loss: 0.4055  time 0.16s
  warnings.warn(
/home/karimimonsefi.1/SSL_VAN/BRATS21/trainer.py:73: UserWarning: Epoch 108/500 255/500  loss: 0.4054  time 0.16s
  warnings.warn(
/home/karimimonsefi.1/SSL_VAN/BRATS21/trainer.py:73: UserWarning: Epoch 108/500 256/500  loss: 0.4058  time 0.16s
  warnings.warn(
/home/karimimonsefi.1/SSL_VAN/BRATS21/trainer.py:73: UserWarning: Epoch 108/500 257/500  loss: 0.4061  time 0.15s
  warnings.warn(
/home/karimimonsefi.1/SSL_VAN/BRATS21/trainer.py:73: UserWarning: Epoch 108/500 258/500  loss: 0.4048  time 0.16s
  warnings.warn(
/home/karimimonsefi.1/SSL_VAN/BRATS21/trainer.py:73: UserWarning: Epoch 108/500 259/500  loss: 0.4062  time 0.16s
  warnings.warn(
/home/karimimonsefi.1/SSL_VAN/BRATS21/trainer.py:73: UserWarning: Epoch 108/500 260/500  loss: 0.4074  time 0.16s
  warnings.warn(
/home/karimimonsefi.1/SSL_VAN/BRATS21/trainer.py:73: UserWarning: Epoch 108/500 261/500  loss: 0.4082  time 0.17s
  warnings.warn(
/home/karimimonsefi.1/SSL_VAN/BRATS21/trainer.py:73: UserWarning: Epoch 108/500 262/500  loss: 0.4089  time 0.16s
  warnings.warn(
/home/karimimonsefi.1/SSL_VAN/BRATS21/trainer.py:73: UserWarning: Epoch 108/500 263/500  loss: 0.4087  time 0.17s
  warnings.warn(
/home/karimimonsefi.1/SSL_VAN/BRATS21/trainer.py:73: UserWarning: Epoch 108/500 264/500  loss: 0.4073  time 0.15s
  warnings.warn(
/home/karimimonsefi.1/SSL_VAN/BRATS21/trainer.py:73: UserWarning: Epoch 108/500 265/500  loss: 0.4060  time 0.15s
  warnings.warn(
/home/karimimonsefi.1/SSL_VAN/BRATS21/trainer.py:73: UserWarning: Epoch 108/500 266/500  loss: 0.4067  time 0.16s
  warnings.warn(
/home/karimimonsefi.1/SSL_VAN/BRATS21/trainer.py:73: UserWarning: Epoch 108/500 267/500  loss: 0.4071  time 0.17s
  warnings.warn(
/home/karimimonsefi.1/SSL_VAN/BRATS21/trainer.py:73: UserWarning: Epoch 108/500 268/500  loss: 0.4059  time 0.16s
  warnings.warn(
/home/karimimonsefi.1/SSL_VAN/BRATS21/trainer.py:73: UserWarning: Epoch 108/500 269/500  loss: 0.4046  time 0.18s
  warnings.warn(
/home/karimimonsefi.1/SSL_VAN/BRATS21/trainer.py:73: UserWarning: Epoch 108/500 270/500  loss: 0.4051  time 0.18s
  warnings.warn(
/home/karimimonsefi.1/SSL_VAN/BRATS21/trainer.py:73: UserWarning: Epoch 108/500 271/500  loss: 0.4041  time 0.18s
  warnings.warn(
/home/karimimonsefi.1/SSL_VAN/BRATS21/trainer.py:73: UserWarning: Epoch 108/500 272/500  loss: 0.4042  time 0.17s
  warnings.warn(
/home/karimimonsefi.1/SSL_VAN/BRATS21/trainer.py:73: UserWarning: Epoch 108/500 273/500  loss: 0.4044  time 0.18s
  warnings.warn(
/home/karimimonsefi.1/SSL_VAN/BRATS21/trainer.py:73: UserWarning: Epoch 108/500 274/500  loss: 0.4034  time 0.16s
  warnings.warn(
/home/karimimonsefi.1/SSL_VAN/BRATS21/trainer.py:73: UserWarning: Epoch 108/500 275/500  loss: 0.4028  time 0.16s
  warnings.warn(
/home/karimimonsefi.1/SSL_VAN/BRATS21/trainer.py:73: UserWarning: Epoch 108/500 276/500  loss: 0.4050  time 0.15s
  warnings.warn(
/home/karimimonsefi.1/SSL_VAN/BRATS21/trainer.py:73: UserWarning: Epoch 108/500 277/500  loss: 0.4038  time 0.16s
  warnings.warn(
/home/karimimonsefi.1/SSL_VAN/BRATS21/trainer.py:73: UserWarning: Epoch 108/500 278/500  loss: 0.4044  time 0.15s
  warnings.warn(
/home/karimimonsefi.1/SSL_VAN/BRATS21/trainer.py:73: UserWarning: Epoch 108/500 279/500  loss: 0.4035  time 0.16s
  warnings.warn(
/home/karimimonsefi.1/SSL_VAN/BRATS21/trainer.py:73: UserWarning: Epoch 108/500 280/500  loss: 0.4039  time 0.16s
  warnings.warn(
/home/karimimonsefi.1/SSL_VAN/BRATS21/trainer.py:73: UserWarning: Epoch 108/500 281/500  loss: 0.4044  time 0.16s
  warnings.warn(
/home/karimimonsefi.1/SSL_VAN/BRATS21/trainer.py:73: UserWarning: Epoch 108/500 282/500  loss: 0.4035  time 0.16s
  warnings.warn(
/home/karimimonsefi.1/SSL_VAN/BRATS21/trainer.py:73: UserWarning: Epoch 108/500 283/500  loss: 0.4026  time 0.15s
  warnings.warn(
/home/karimimonsefi.1/SSL_VAN/BRATS21/trainer.py:73: UserWarning: Epoch 108/500 284/500  loss: 0.4013  time 0.16s
  warnings.warn(
/home/karimimonsefi.1/SSL_VAN/BRATS21/trainer.py:73: UserWarning: Epoch 108/500 285/500  loss: 0.4018  time 0.16s
  warnings.warn(
/home/karimimonsefi.1/SSL_VAN/BRATS21/trainer.py:73: UserWarning: Epoch 108/500 286/500  loss: 0.4008  time 0.16s
  warnings.warn(
/home/karimimonsefi.1/SSL_VAN/BRATS21/trainer.py:73: UserWarning: Epoch 108/500 287/500  loss: 0.4013  time 0.15s
  warnings.warn(
/home/karimimonsefi.1/SSL_VAN/BRATS21/trainer.py:73: UserWarning: Epoch 108/500 288/500  loss: 0.4015  time 0.16s
  warnings.warn(
/home/karimimonsefi.1/SSL_VAN/BRATS21/trainer.py:73: UserWarning: Epoch 108/500 289/500  loss: 0.4010  time 0.18s
  warnings.warn(
/home/karimimonsefi.1/SSL_VAN/BRATS21/trainer.py:73: UserWarning: Epoch 108/500 290/500  loss: 0.4017  time 0.16s
  warnings.warn(
/home/karimimonsefi.1/SSL_VAN/BRATS21/trainer.py:73: UserWarning: Epoch 108/500 291/500  loss: 0.4021  time 0.15s
  warnings.warn(
/home/karimimonsefi.1/SSL_VAN/BRATS21/trainer.py:73: UserWarning: Epoch 108/500 292/500  loss: 0.4025  time 0.16s
  warnings.warn(
/home/karimimonsefi.1/SSL_VAN/BRATS21/trainer.py:73: UserWarning: Epoch 108/500 293/500  loss: 0.4031  time 0.16s
  warnings.warn(
/home/karimimonsefi.1/SSL_VAN/BRATS21/trainer.py:73: UserWarning: Epoch 108/500 294/500  loss: 0.4037  time 0.15s
  warnings.warn(
/home/karimimonsefi.1/SSL_VAN/BRATS21/trainer.py:73: UserWarning: Epoch 108/500 295/500  loss: 0.4031  time 0.16s
  warnings.warn(
/home/karimimonsefi.1/SSL_VAN/BRATS21/trainer.py:73: UserWarning: Epoch 108/500 296/500  loss: 0.4035  time 0.15s
  warnings.warn(
/home/karimimonsefi.1/SSL_VAN/BRATS21/trainer.py:73: UserWarning: Epoch 108/500 297/500  loss: 0.4031  time 0.17s
  warnings.warn(
/home/karimimonsefi.1/SSL_VAN/BRATS21/trainer.py:73: UserWarning: Epoch 108/500 298/500  loss: 0.4038  time 0.16s
  warnings.warn(
/home/karimimonsefi.1/SSL_VAN/BRATS21/trainer.py:73: UserWarning: Epoch 108/500 299/500  loss: 0.4032  time 0.16s
  warnings.warn(
/home/karimimonsefi.1/SSL_VAN/BRATS21/trainer.py:73: UserWarning: Epoch 108/500 300/500  loss: 0.4021  time 0.15s
  warnings.warn(
/home/karimimonsefi.1/SSL_VAN/BRATS21/trainer.py:73: UserWarning: Epoch 108/500 301/500  loss: 0.4039  time 0.18s
  warnings.warn(
/home/karimimonsefi.1/SSL_VAN/BRATS21/trainer.py:73: UserWarning: Epoch 108/500 302/500  loss: 0.4033  time 0.17s
  warnings.warn(
/home/karimimonsefi.1/SSL_VAN/BRATS21/trainer.py:73: UserWarning: Epoch 108/500 303/500  loss: 0.4029  time 0.16s
  warnings.warn(
/home/karimimonsefi.1/SSL_VAN/BRATS21/trainer.py:73: UserWarning: Epoch 108/500 304/500  loss: 0.4037  time 0.25s
  warnings.warn(
/home/karimimonsefi.1/SSL_VAN/BRATS21/trainer.py:73: UserWarning: Epoch 108/500 305/500  loss: 0.4041  time 0.16s
  warnings.warn(
/home/karimimonsefi.1/SSL_VAN/BRATS21/trainer.py:73: UserWarning: Epoch 108/500 306/500  loss: 0.4034  time 0.18s
  warnings.warn(
/home/karimimonsefi.1/SSL_VAN/BRATS21/trainer.py:73: UserWarning: Epoch 108/500 307/500  loss: 0.4036  time 0.16s
  warnings.warn(
/home/karimimonsefi.1/SSL_VAN/BRATS21/trainer.py:73: UserWarning: Epoch 108/500 308/500  loss: 0.4039  time 0.16s
  warnings.warn(
/home/karimimonsefi.1/SSL_VAN/BRATS21/trainer.py:73: UserWarning: Epoch 108/500 309/500  loss: 0.4059  time 0.16s
  warnings.warn(
/home/karimimonsefi.1/SSL_VAN/BRATS21/trainer.py:73: UserWarning: Epoch 108/500 310/500  loss: 0.4048  time 0.16s
  warnings.warn(
/home/karimimonsefi.1/SSL_VAN/BRATS21/trainer.py:73: UserWarning: Epoch 108/500 311/500  loss: 0.4055  time 0.16s
  warnings.warn(
/home/karimimonsefi.1/SSL_VAN/BRATS21/trainer.py:73: UserWarning: Epoch 108/500 312/500  loss: 0.4060  time 0.15s
  warnings.warn(
/home/karimimonsefi.1/SSL_VAN/BRATS21/trainer.py:73: UserWarning: Epoch 108/500 313/500  loss: 0.4053  time 0.16s
  warnings.warn(
/home/karimimonsefi.1/SSL_VAN/BRATS21/trainer.py:73: UserWarning: Epoch 108/500 314/500  loss: 0.4054  time 0.16s
  warnings.warn(
/home/karimimonsefi.1/SSL_VAN/BRATS21/trainer.py:73: UserWarning: Epoch 108/500 315/500  loss: 0.4058  time 0.16s
  warnings.warn(
/home/karimimonsefi.1/SSL_VAN/BRATS21/trainer.py:73: UserWarning: Epoch 108/500 316/500  loss: 0.4046  time 0.15s
  warnings.warn(
/home/karimimonsefi.1/SSL_VAN/BRATS21/trainer.py:73: UserWarning: Epoch 108/500 317/500  loss: 0.4038  time 0.16s
  warnings.warn(
/home/karimimonsefi.1/SSL_VAN/BRATS21/trainer.py:73: UserWarning: Epoch 108/500 318/500  loss: 0.4041  time 0.16s
  warnings.warn(
/home/karimimonsefi.1/SSL_VAN/BRATS21/trainer.py:73: UserWarning: Epoch 108/500 319/500  loss: 0.4042  time 0.16s
  warnings.warn(
/home/karimimonsefi.1/SSL_VAN/BRATS21/trainer.py:73: UserWarning: Epoch 108/500 320/500  loss: 0.4038  time 0.16s
  warnings.warn(
/home/karimimonsefi.1/SSL_VAN/BRATS21/trainer.py:73: UserWarning: Epoch 108/500 321/500  loss: 0.4051  time 0.15s
  warnings.warn(
/home/karimimonsefi.1/SSL_VAN/BRATS21/trainer.py:73: UserWarning: Epoch 108/500 322/500  loss: 0.4057  time 0.18s
  warnings.warn(
/home/karimimonsefi.1/SSL_VAN/BRATS21/trainer.py:73: UserWarning: Epoch 108/500 323/500  loss: 0.4047  time 0.16s
  warnings.warn(
/home/karimimonsefi.1/SSL_VAN/BRATS21/trainer.py:73: UserWarning: Epoch 108/500 324/500  loss: 0.4052  time 0.16s
  warnings.warn(
/home/karimimonsefi.1/SSL_VAN/BRATS21/trainer.py:73: UserWarning: Epoch 108/500 325/500  loss: 0.4071  time 0.16s
  warnings.warn(
/home/karimimonsefi.1/SSL_VAN/BRATS21/trainer.py:73: UserWarning: Epoch 108/500 326/500  loss: 0.4060  time 0.16s
  warnings.warn(
/home/karimimonsefi.1/SSL_VAN/BRATS21/trainer.py:73: UserWarning: Epoch 108/500 327/500  loss: 0.4061  time 0.16s
  warnings.warn(
/home/karimimonsefi.1/SSL_VAN/BRATS21/trainer.py:73: UserWarning: Epoch 108/500 328/500  loss: 0.4052  time 0.16s
  warnings.warn(
/home/karimimonsefi.1/SSL_VAN/BRATS21/trainer.py:73: UserWarning: Epoch 108/500 329/500  loss: 0.4056  time 0.18s
  warnings.warn(
/home/karimimonsefi.1/SSL_VAN/BRATS21/trainer.py:73: UserWarning: Epoch 108/500 330/500  loss: 0.4071  time 0.16s
  warnings.warn(
/home/karimimonsefi.1/SSL_VAN/BRATS21/trainer.py:73: UserWarning: Epoch 108/500 331/500  loss: 0.4066  time 0.17s
  warnings.warn(
/home/karimimonsefi.1/SSL_VAN/BRATS21/trainer.py:73: UserWarning: Epoch 108/500 332/500  loss: 0.4069  time 0.16s
  warnings.warn(
/home/karimimonsefi.1/SSL_VAN/BRATS21/trainer.py:73: UserWarning: Epoch 108/500 333/500  loss: 0.4076  time 0.16s
  warnings.warn(
/home/karimimonsefi.1/SSL_VAN/BRATS21/trainer.py:73: UserWarning: Epoch 108/500 334/500  loss: 0.4069  time 0.18s
  warnings.warn(
/home/karimimonsefi.1/SSL_VAN/BRATS21/trainer.py:73: UserWarning: Epoch 108/500 335/500  loss: 0.4067  time 0.16s
  warnings.warn(
/home/karimimonsefi.1/SSL_VAN/BRATS21/trainer.py:73: UserWarning: Epoch 108/500 336/500  loss: 0.4085  time 0.18s
  warnings.warn(
/home/karimimonsefi.1/SSL_VAN/BRATS21/trainer.py:73: UserWarning: Epoch 108/500 337/500  loss: 0.4075  time 0.18s
  warnings.warn(
/home/karimimonsefi.1/SSL_VAN/BRATS21/trainer.py:73: UserWarning: Epoch 108/500 338/500  loss: 0.4070  time 0.16s
  warnings.warn(
/home/karimimonsefi.1/SSL_VAN/BRATS21/trainer.py:73: UserWarning: Epoch 108/500 339/500  loss: 0.4075  time 0.16s
  warnings.warn(
/home/karimimonsefi.1/SSL_VAN/BRATS21/trainer.py:73: UserWarning: Epoch 108/500 340/500  loss: 0.4066  time 0.15s
  warnings.warn(
/home/karimimonsefi.1/SSL_VAN/BRATS21/trainer.py:73: UserWarning: Epoch 108/500 341/500  loss: 0.4057  time 0.16s
  warnings.warn(
/home/karimimonsefi.1/SSL_VAN/BRATS21/trainer.py:73: UserWarning: Epoch 108/500 342/500  loss: 0.4062  time 0.15s
  warnings.warn(
/home/karimimonsefi.1/SSL_VAN/BRATS21/trainer.py:73: UserWarning: Epoch 108/500 343/500  loss: 0.4052  time 0.16s
  warnings.warn(
/home/karimimonsefi.1/SSL_VAN/BRATS21/trainer.py:73: UserWarning: Epoch 108/500 344/500  loss: 0.4045  time 0.16s
  warnings.warn(
/home/karimimonsefi.1/SSL_VAN/BRATS21/trainer.py:73: UserWarning: Epoch 108/500 345/500  loss: 0.4044  time 0.16s
  warnings.warn(
/home/karimimonsefi.1/SSL_VAN/BRATS21/trainer.py:73: UserWarning: Epoch 108/500 346/500  loss: 0.4038  time 0.18s
  warnings.warn(
/home/karimimonsefi.1/SSL_VAN/BRATS21/trainer.py:73: UserWarning: Epoch 108/500 347/500  loss: 0.4036  time 0.16s
  warnings.warn(
/home/karimimonsefi.1/SSL_VAN/BRATS21/trainer.py:73: UserWarning: Epoch 108/500 348/500  loss: 0.4033  time 0.16s
  warnings.warn(
/home/karimimonsefi.1/SSL_VAN/BRATS21/trainer.py:73: UserWarning: Epoch 108/500 349/500  loss: 0.4035  time 0.16s
  warnings.warn(
/home/karimimonsefi.1/SSL_VAN/BRATS21/trainer.py:73: UserWarning: Epoch 108/500 350/500  loss: 0.4032  time 0.16s
  warnings.warn(
/home/karimimonsefi.1/SSL_VAN/BRATS21/trainer.py:73: UserWarning: Epoch 108/500 351/500  loss: 0.4026  time 0.16s
  warnings.warn(
/home/karimimonsefi.1/SSL_VAN/BRATS21/trainer.py:73: UserWarning: Epoch 108/500 352/500  loss: 0.4016  time 0.16s
  warnings.warn(
/home/karimimonsefi.1/SSL_VAN/BRATS21/trainer.py:73: UserWarning: Epoch 108/500 353/500  loss: 0.4018  time 0.16s
  warnings.warn(
/home/karimimonsefi.1/SSL_VAN/BRATS21/trainer.py:73: UserWarning: Epoch 108/500 354/500  loss: 0.4008  time 0.16s
  warnings.warn(
/home/karimimonsefi.1/SSL_VAN/BRATS21/trainer.py:73: UserWarning: Epoch 108/500 355/500  loss: 0.4008  time 0.16s
  warnings.warn(
/home/karimimonsefi.1/SSL_VAN/BRATS21/trainer.py:73: UserWarning: Epoch 108/500 356/500  loss: 0.4005  time 0.16s
  warnings.warn(
/home/karimimonsefi.1/SSL_VAN/BRATS21/trainer.py:73: UserWarning: Epoch 108/500 357/500  loss: 0.3997  time 0.16s
  warnings.warn(
/home/karimimonsefi.1/SSL_VAN/BRATS21/trainer.py:73: UserWarning: Epoch 108/500 358/500  loss: 0.4000  time 0.16s
  warnings.warn(
/home/karimimonsefi.1/SSL_VAN/BRATS21/trainer.py:73: UserWarning: Epoch 108/500 359/500  loss: 0.3993  time 0.18s
  warnings.warn(
/home/karimimonsefi.1/SSL_VAN/BRATS21/trainer.py:73: UserWarning: Epoch 108/500 360/500  loss: 0.3995  time 0.16s
  warnings.warn(
/home/karimimonsefi.1/SSL_VAN/BRATS21/trainer.py:73: UserWarning: Epoch 108/500 361/500  loss: 0.4000  time 0.16s
  warnings.warn(
/home/karimimonsefi.1/SSL_VAN/BRATS21/trainer.py:73: UserWarning: Epoch 108/500 362/500  loss: 0.4007  time 0.15s
  warnings.warn(
/home/karimimonsefi.1/SSL_VAN/BRATS21/trainer.py:73: UserWarning: Epoch 108/500 363/500  loss: 0.3997  time 0.16s
  warnings.warn(
/home/karimimonsefi.1/SSL_VAN/BRATS21/trainer.py:73: UserWarning: Epoch 108/500 364/500  loss: 0.3987  time 0.15s
  warnings.warn(
/home/karimimonsefi.1/SSL_VAN/BRATS21/trainer.py:73: UserWarning: Epoch 108/500 365/500  loss: 0.3990  time 0.16s
  warnings.warn(
/home/karimimonsefi.1/SSL_VAN/BRATS21/trainer.py:73: UserWarning: Epoch 108/500 366/500  loss: 0.3983  time 0.16s
  warnings.warn(
/home/karimimonsefi.1/SSL_VAN/BRATS21/trainer.py:73: UserWarning: Epoch 108/500 367/500  loss: 0.3987  time 0.16s
  warnings.warn(
/home/karimimonsefi.1/SSL_VAN/BRATS21/trainer.py:73: UserWarning: Epoch 108/500 368/500  loss: 0.3990  time 0.16s
  warnings.warn(
/home/karimimonsefi.1/SSL_VAN/BRATS21/trainer.py:73: UserWarning: Epoch 108/500 369/500  loss: 0.3980  time 0.15s
  warnings.warn(
/home/karimimonsefi.1/SSL_VAN/BRATS21/trainer.py:73: UserWarning: Epoch 108/500 370/500  loss: 0.3971  time 0.22s
  warnings.warn(
/home/karimimonsefi.1/SSL_VAN/BRATS21/trainer.py:73: UserWarning: Epoch 108/500 371/500  loss: 0.3975  time 0.16s
  warnings.warn(
/home/karimimonsefi.1/SSL_VAN/BRATS21/trainer.py:73: UserWarning: Epoch 108/500 372/500  loss: 0.3971  time 0.16s
  warnings.warn(
/home/karimimonsefi.1/SSL_VAN/BRATS21/trainer.py:73: UserWarning: Epoch 108/500 373/500  loss: 0.3961  time 0.16s
  warnings.warn(
/home/karimimonsefi.1/SSL_VAN/BRATS21/trainer.py:73: UserWarning: Epoch 108/500 374/500  loss: 0.3958  time 0.16s
  warnings.warn(
/home/karimimonsefi.1/SSL_VAN/BRATS21/trainer.py:73: UserWarning: Epoch 108/500 375/500  loss: 0.3948  time 0.17s
  warnings.warn(
/home/karimimonsefi.1/SSL_VAN/BRATS21/trainer.py:73: UserWarning: Epoch 108/500 376/500  loss: 0.3948  time 0.16s
  warnings.warn(
/home/karimimonsefi.1/SSL_VAN/BRATS21/trainer.py:73: UserWarning: Epoch 108/500 377/500  loss: 0.3939  time 0.16s
  warnings.warn(
/home/karimimonsefi.1/SSL_VAN/BRATS21/trainer.py:73: UserWarning: Epoch 108/500 378/500  loss: 0.3931  time 0.16s
  warnings.warn(
/home/karimimonsefi.1/SSL_VAN/BRATS21/trainer.py:73: UserWarning: Epoch 108/500 379/500  loss: 0.3937  time 0.16s
  warnings.warn(
/home/karimimonsefi.1/SSL_VAN/BRATS21/trainer.py:73: UserWarning: Epoch 108/500 380/500  loss: 0.3930  time 0.16s
  warnings.warn(
/home/karimimonsefi.1/SSL_VAN/BRATS21/trainer.py:73: UserWarning: Epoch 108/500 381/500  loss: 0.3935  time 0.16s
  warnings.warn(
/home/karimimonsefi.1/SSL_VAN/BRATS21/trainer.py:73: UserWarning: Epoch 108/500 382/500  loss: 0.3938  time 0.16s
  warnings.warn(
/home/karimimonsefi.1/SSL_VAN/BRATS21/trainer.py:73: UserWarning: Epoch 108/500 383/500  loss: 0.3935  time 0.16s
  warnings.warn(
/home/karimimonsefi.1/SSL_VAN/BRATS21/trainer.py:73: UserWarning: Epoch 108/500 384/500  loss: 0.3942  time 0.16s
  warnings.warn(
/home/karimimonsefi.1/SSL_VAN/BRATS21/trainer.py:73: UserWarning: Epoch 108/500 385/500  loss: 0.3958  time 0.16s
  warnings.warn(
/home/karimimonsefi.1/SSL_VAN/BRATS21/trainer.py:73: UserWarning: Epoch 108/500 386/500  loss: 0.3963  time 0.16s
  warnings.warn(
/home/karimimonsefi.1/SSL_VAN/BRATS21/trainer.py:73: UserWarning: Epoch 108/500 387/500  loss: 0.3954  time 0.18s
  warnings.warn(
/home/karimimonsefi.1/SSL_VAN/BRATS21/trainer.py:73: UserWarning: Epoch 108/500 388/500  loss: 0.3946  time 0.16s
  warnings.warn(
/home/karimimonsefi.1/SSL_VAN/BRATS21/trainer.py:73: UserWarning: Epoch 108/500 389/500  loss: 0.3938  time 0.16s
  warnings.warn(
/home/karimimonsefi.1/SSL_VAN/BRATS21/trainer.py:73: UserWarning: Epoch 108/500 390/500  loss: 0.3954  time 0.16s
  warnings.warn(
/home/karimimonsefi.1/SSL_VAN/BRATS21/trainer.py:73: UserWarning: Epoch 108/500 391/500  loss: 0.3946  time 0.16s
  warnings.warn(
/home/karimimonsefi.1/SSL_VAN/BRATS21/trainer.py:73: UserWarning: Epoch 108/500 392/500  loss: 0.3948  time 0.16s
  warnings.warn(
/home/karimimonsefi.1/SSL_VAN/BRATS21/trainer.py:73: UserWarning: Epoch 108/500 393/500  loss: 0.3963  time 0.16s
  warnings.warn(
/home/karimimonsefi.1/SSL_VAN/BRATS21/trainer.py:73: UserWarning: Epoch 108/500 394/500  loss: 0.3960  time 0.16s
  warnings.warn(
/home/karimimonsefi.1/SSL_VAN/BRATS21/trainer.py:73: UserWarning: Epoch 108/500 395/500  loss: 0.3958  time 0.16s
  warnings.warn(
/home/karimimonsefi.1/SSL_VAN/BRATS21/trainer.py:73: UserWarning: Epoch 108/500 396/500  loss: 0.3969  time 0.16s
  warnings.warn(
/home/karimimonsefi.1/SSL_VAN/BRATS21/trainer.py:73: UserWarning: Epoch 108/500 397/500  loss: 0.3962  time 0.17s
  warnings.warn(
/home/karimimonsefi.1/SSL_VAN/BRATS21/trainer.py:73: UserWarning: Epoch 108/500 398/500  loss: 0.3959  time 0.17s
  warnings.warn(
/home/karimimonsefi.1/SSL_VAN/BRATS21/trainer.py:73: UserWarning: Epoch 108/500 399/500  loss: 0.3974  time 0.18s
  warnings.warn(
/home/karimimonsefi.1/SSL_VAN/BRATS21/trainer.py:73: UserWarning: Epoch 108/500 400/500  loss: 0.3965  time 0.17s
  warnings.warn(
/home/karimimonsefi.1/SSL_VAN/BRATS21/trainer.py:73: UserWarning: Epoch 108/500 401/500  loss: 0.3969  time 0.18s
  warnings.warn(
/home/karimimonsefi.1/SSL_VAN/BRATS21/trainer.py:73: UserWarning: Epoch 108/500 402/500  loss: 0.3969  time 0.17s
  warnings.warn(
/home/karimimonsefi.1/SSL_VAN/BRATS21/trainer.py:73: UserWarning: Epoch 108/500 403/500  loss: 0.3965  time 0.17s
  warnings.warn(
/home/karimimonsefi.1/SSL_VAN/BRATS21/trainer.py:73: UserWarning: Epoch 108/500 404/500  loss: 0.3956  time 0.16s
  warnings.warn(
/home/karimimonsefi.1/SSL_VAN/BRATS21/trainer.py:73: UserWarning: Epoch 108/500 405/500  loss: 0.3956  time 0.16s
  warnings.warn(
/home/karimimonsefi.1/SSL_VAN/BRATS21/trainer.py:73: UserWarning: Epoch 108/500 406/500  loss: 0.3949  time 0.16s
  warnings.warn(
/home/karimimonsefi.1/SSL_VAN/BRATS21/trainer.py:73: UserWarning: Epoch 108/500 407/500  loss: 0.3944  time 0.16s
  warnings.warn(
/home/karimimonsefi.1/SSL_VAN/BRATS21/trainer.py:73: UserWarning: Epoch 108/500 408/500  loss: 0.3947  time 0.16s
  warnings.warn(
/home/karimimonsefi.1/SSL_VAN/BRATS21/trainer.py:73: UserWarning: Epoch 108/500 409/500  loss: 0.3938  time 0.16s
  warnings.warn(
/home/karimimonsefi.1/SSL_VAN/BRATS21/trainer.py:73: UserWarning: Epoch 108/500 410/500  loss: 0.3932  time 0.16s
  warnings.warn(
/home/karimimonsefi.1/SSL_VAN/BRATS21/trainer.py:73: UserWarning: Epoch 108/500 411/500  loss: 0.3925  time 0.15s
  warnings.warn(
/home/karimimonsefi.1/SSL_VAN/BRATS21/trainer.py:73: UserWarning: Epoch 108/500 412/500  loss: 0.3917  time 0.17s
  warnings.warn(
/home/karimimonsefi.1/SSL_VAN/BRATS21/trainer.py:73: UserWarning: Epoch 108/500 413/500  loss: 0.3912  time 0.16s
  warnings.warn(
/home/karimimonsefi.1/SSL_VAN/BRATS21/trainer.py:73: UserWarning: Epoch 108/500 414/500  loss: 0.3906  time 0.18s
  warnings.warn(
/home/karimimonsefi.1/SSL_VAN/BRATS21/trainer.py:73: UserWarning: Epoch 108/500 415/500  loss: 0.3911  time 0.16s
  warnings.warn(
/home/karimimonsefi.1/SSL_VAN/BRATS21/trainer.py:73: UserWarning: Epoch 108/500 416/500  loss: 0.3914  time 0.16s
  warnings.warn(
/home/karimimonsefi.1/SSL_VAN/BRATS21/trainer.py:73: UserWarning: Epoch 108/500 417/500  loss: 0.3906  time 0.18s
  warnings.warn(
/home/karimimonsefi.1/SSL_VAN/BRATS21/trainer.py:73: UserWarning: Epoch 108/500 418/500  loss: 0.3909  time 0.17s
  warnings.warn(
/home/karimimonsefi.1/SSL_VAN/BRATS21/trainer.py:73: UserWarning: Epoch 108/500 419/500  loss: 0.3902  time 0.18s
  warnings.warn(
/home/karimimonsefi.1/SSL_VAN/BRATS21/trainer.py:73: UserWarning: Epoch 108/500 420/500  loss: 0.3916  time 0.18s
  warnings.warn(
/home/karimimonsefi.1/SSL_VAN/BRATS21/trainer.py:73: UserWarning: Epoch 108/500 421/500  loss: 0.3909  time 0.16s
  warnings.warn(
/home/karimimonsefi.1/SSL_VAN/BRATS21/trainer.py:73: UserWarning: Epoch 108/500 422/500  loss: 0.3908  time 0.16s
  warnings.warn(
/home/karimimonsefi.1/SSL_VAN/BRATS21/trainer.py:73: UserWarning: Epoch 108/500 423/500  loss: 0.3922  time 0.15s
  warnings.warn(
/home/karimimonsefi.1/SSL_VAN/BRATS21/trainer.py:73: UserWarning: Epoch 108/500 424/500  loss: 0.3937  time 0.18s
  warnings.warn(
/home/karimimonsefi.1/SSL_VAN/BRATS21/trainer.py:73: UserWarning: Epoch 108/500 425/500  loss: 0.3933  time 0.16s
  warnings.warn(
/home/karimimonsefi.1/SSL_VAN/BRATS21/trainer.py:73: UserWarning: Epoch 108/500 426/500  loss: 0.3926  time 0.18s
  warnings.warn(
/home/karimimonsefi.1/SSL_VAN/BRATS21/trainer.py:73: UserWarning: Epoch 108/500 427/500  loss: 0.3939  time 0.16s
  warnings.warn(
/home/karimimonsefi.1/SSL_VAN/BRATS21/trainer.py:73: UserWarning: Epoch 108/500 428/500  loss: 0.3935  time 0.16s
  warnings.warn(
/home/karimimonsefi.1/SSL_VAN/BRATS21/trainer.py:73: UserWarning: Epoch 108/500 429/500  loss: 0.3930  time 0.16s
  warnings.warn(
/home/karimimonsefi.1/SSL_VAN/BRATS21/trainer.py:73: UserWarning: Epoch 108/500 430/500  loss: 0.3933  time 0.16s
  warnings.warn(
/home/karimimonsefi.1/SSL_VAN/BRATS21/trainer.py:73: UserWarning: Epoch 108/500 431/500  loss: 0.3926  time 0.16s
  warnings.warn(
/home/karimimonsefi.1/SSL_VAN/BRATS21/trainer.py:73: UserWarning: Epoch 108/500 432/500  loss: 0.3922  time 0.16s
  warnings.warn(
/home/karimimonsefi.1/SSL_VAN/BRATS21/trainer.py:73: UserWarning: Epoch 108/500 433/500  loss: 0.3926  time 0.16s
  warnings.warn(
/home/karimimonsefi.1/SSL_VAN/BRATS21/trainer.py:73: UserWarning: Epoch 108/500 434/500  loss: 0.3931  time 0.15s
  warnings.warn(
/home/karimimonsefi.1/SSL_VAN/BRATS21/trainer.py:73: UserWarning: Epoch 108/500 435/500  loss: 0.3923  time 0.16s
  warnings.warn(
/home/karimimonsefi.1/SSL_VAN/BRATS21/trainer.py:73: UserWarning: Epoch 108/500 436/500  loss: 0.3926  time 0.16s
  warnings.warn(
/home/karimimonsefi.1/SSL_VAN/BRATS21/trainer.py:73: UserWarning: Epoch 108/500 437/500  loss: 0.3930  time 0.25s
  warnings.warn(
/home/karimimonsefi.1/SSL_VAN/BRATS21/trainer.py:73: UserWarning: Epoch 108/500 438/500  loss: 0.3944  time 0.16s
  warnings.warn(
/home/karimimonsefi.1/SSL_VAN/BRATS21/trainer.py:73: UserWarning: Epoch 108/500 439/500  loss: 0.3947  time 0.16s
  warnings.warn(
/home/karimimonsefi.1/SSL_VAN/BRATS21/trainer.py:73: UserWarning: Epoch 108/500 440/500  loss: 0.3942  time 0.16s
  warnings.warn(
/home/karimimonsefi.1/SSL_VAN/BRATS21/trainer.py:73: UserWarning: Epoch 108/500 441/500  loss: 0.3936  time 0.18s
  warnings.warn(
/home/karimimonsefi.1/SSL_VAN/BRATS21/trainer.py:73: UserWarning: Epoch 108/500 442/500  loss: 0.3950  time 0.16s
  warnings.warn(
/home/karimimonsefi.1/SSL_VAN/BRATS21/trainer.py:73: UserWarning: Epoch 108/500 443/500  loss: 0.3954  time 0.18s
  warnings.warn(
/home/karimimonsefi.1/SSL_VAN/BRATS21/trainer.py:73: UserWarning: Epoch 108/500 444/500  loss: 0.3957  time 0.16s
  warnings.warn(
/home/karimimonsefi.1/SSL_VAN/BRATS21/trainer.py:73: UserWarning: Epoch 108/500 445/500  loss: 0.3948  time 0.16s
  warnings.warn(
/home/karimimonsefi.1/SSL_VAN/BRATS21/trainer.py:73: UserWarning: Epoch 108/500 446/500  loss: 0.3942  time 0.16s
  warnings.warn(
/home/karimimonsefi.1/SSL_VAN/BRATS21/trainer.py:73: UserWarning: Epoch 108/500 447/500  loss: 0.3937  time 0.17s
  warnings.warn(
/home/karimimonsefi.1/SSL_VAN/BRATS21/trainer.py:73: UserWarning: Epoch 108/500 448/500  loss: 0.3929  time 0.16s
  warnings.warn(
/home/karimimonsefi.1/SSL_VAN/BRATS21/trainer.py:73: UserWarning: Epoch 108/500 449/500  loss: 0.3926  time 0.16s
  warnings.warn(
/home/karimimonsefi.1/SSL_VAN/BRATS21/trainer.py:73: UserWarning: Epoch 108/500 450/500  loss: 0.3935  time 0.17s
  warnings.warn(
/home/karimimonsefi.1/SSL_VAN/BRATS21/trainer.py:73: UserWarning: Epoch 108/500 451/500  loss: 0.3938  time 0.18s
  warnings.warn(
/home/karimimonsefi.1/SSL_VAN/BRATS21/trainer.py:73: UserWarning: Epoch 108/500 452/500  loss: 0.3942  time 0.18s
  warnings.warn(
/home/karimimonsefi.1/SSL_VAN/BRATS21/trainer.py:73: UserWarning: Epoch 108/500 453/500  loss: 0.3936  time 0.16s
  warnings.warn(
/home/karimimonsefi.1/SSL_VAN/BRATS21/trainer.py:73: UserWarning: Epoch 108/500 454/500  loss: 0.3931  time 0.18s
  warnings.warn(
/home/karimimonsefi.1/SSL_VAN/BRATS21/trainer.py:73: UserWarning: Epoch 108/500 455/500  loss: 0.3930  time 0.16s
  warnings.warn(
/home/karimimonsefi.1/SSL_VAN/BRATS21/trainer.py:73: UserWarning: Epoch 108/500 456/500  loss: 0.3925  time 0.16s
  warnings.warn(
/home/karimimonsefi.1/SSL_VAN/BRATS21/trainer.py:73: UserWarning: Epoch 108/500 457/500  loss: 0.3922  time 0.16s
  warnings.warn(
/home/karimimonsefi.1/SSL_VAN/BRATS21/trainer.py:73: UserWarning: Epoch 108/500 458/500  loss: 0.3915  time 0.16s
  warnings.warn(
/home/karimimonsefi.1/SSL_VAN/BRATS21/trainer.py:73: UserWarning: Epoch 108/500 459/500  loss: 0.3929  time 0.16s
  warnings.warn(
/home/karimimonsefi.1/SSL_VAN/BRATS21/trainer.py:73: UserWarning: Epoch 108/500 460/500  loss: 0.3921  time 0.18s
  warnings.warn(
/home/karimimonsefi.1/SSL_VAN/BRATS21/trainer.py:73: UserWarning: Epoch 108/500 461/500  loss: 0.3923  time 0.16s
  warnings.warn(
/home/karimimonsefi.1/SSL_VAN/BRATS21/trainer.py:73: UserWarning: Epoch 108/500 462/500  loss: 0.3917  time 0.16s
  warnings.warn(
/home/karimimonsefi.1/SSL_VAN/BRATS21/trainer.py:73: UserWarning: Epoch 108/500 463/500  loss: 0.3930  time 0.16s
  warnings.warn(
/home/karimimonsefi.1/SSL_VAN/BRATS21/trainer.py:73: UserWarning: Epoch 108/500 464/500  loss: 0.3935  time 0.16s
  warnings.warn(
/home/karimimonsefi.1/SSL_VAN/BRATS21/trainer.py:73: UserWarning: Epoch 108/500 465/500  loss: 0.3938  time 0.16s
  warnings.warn(
/home/karimimonsefi.1/SSL_VAN/BRATS21/trainer.py:73: UserWarning: Epoch 108/500 466/500  loss: 0.3941  time 0.16s
  warnings.warn(
/home/karimimonsefi.1/SSL_VAN/BRATS21/trainer.py:73: UserWarning: Epoch 108/500 467/500  loss: 0.3954  time 0.16s
  warnings.warn(
/home/karimimonsefi.1/SSL_VAN/BRATS21/trainer.py:73: UserWarning: Epoch 108/500 468/500  loss: 0.3948  time 0.16s
  warnings.warn(
/home/karimimonsefi.1/SSL_VAN/BRATS21/trainer.py:73: UserWarning: Epoch 108/500 469/500  loss: 0.3951  time 0.16s
  warnings.warn(
/home/karimimonsefi.1/SSL_VAN/BRATS21/trainer.py:73: UserWarning: Epoch 108/500 470/500  loss: 0.3953  time 0.19s
  warnings.warn(
/home/karimimonsefi.1/SSL_VAN/BRATS21/trainer.py:73: UserWarning: Epoch 108/500 471/500  loss: 0.3945  time 0.18s
  warnings.warn(
/home/karimimonsefi.1/SSL_VAN/BRATS21/trainer.py:73: UserWarning: Epoch 108/500 472/500  loss: 0.3948  time 0.17s
  warnings.warn(
/home/karimimonsefi.1/SSL_VAN/BRATS21/trainer.py:73: UserWarning: Epoch 108/500 473/500  loss: 0.3956  time 0.17s
  warnings.warn(
/home/karimimonsefi.1/SSL_VAN/BRATS21/trainer.py:73: UserWarning: Epoch 108/500 474/500  loss: 0.3954  time 0.18s
  warnings.warn(
/home/karimimonsefi.1/SSL_VAN/BRATS21/trainer.py:73: UserWarning: Epoch 108/500 475/500  loss: 0.3957  time 0.18s
  warnings.warn(
/home/karimimonsefi.1/SSL_VAN/BRATS21/trainer.py:73: UserWarning: Epoch 108/500 476/500  loss: 0.3949  time 0.16s
  warnings.warn(
/home/karimimonsefi.1/SSL_VAN/BRATS21/trainer.py:73: UserWarning: Epoch 108/500 477/500  loss: 0.3954  time 0.16s
  warnings.warn(
/home/karimimonsefi.1/SSL_VAN/BRATS21/trainer.py:73: UserWarning: Epoch 108/500 478/500  loss: 0.3949  time 0.17s
  warnings.warn(
/home/karimimonsefi.1/SSL_VAN/BRATS21/trainer.py:73: UserWarning: Epoch 108/500 479/500  loss: 0.3952  time 0.18s
  warnings.warn(
/home/karimimonsefi.1/SSL_VAN/BRATS21/trainer.py:73: UserWarning: Epoch 108/500 480/500  loss: 0.3950  time 0.18s
  warnings.warn(
/home/karimimonsefi.1/SSL_VAN/BRATS21/trainer.py:73: UserWarning: Epoch 108/500 481/500  loss: 0.3945  time 0.17s
  warnings.warn(
/home/karimimonsefi.1/SSL_VAN/BRATS21/trainer.py:73: UserWarning: Epoch 108/500 482/500  loss: 0.3939  time 0.19s
  warnings.warn(
/home/karimimonsefi.1/SSL_VAN/BRATS21/trainer.py:73: UserWarning: Epoch 108/500 483/500  loss: 0.3937  time 0.17s
  warnings.warn(
/home/karimimonsefi.1/SSL_VAN/BRATS21/trainer.py:73: UserWarning: Epoch 108/500 484/500  loss: 0.3949  time 0.16s
  warnings.warn(
/home/karimimonsefi.1/SSL_VAN/BRATS21/trainer.py:73: UserWarning: Epoch 108/500 485/500  loss: 0.3951  time 0.18s
  warnings.warn(
/home/karimimonsefi.1/SSL_VAN/BRATS21/trainer.py:73: UserWarning: Epoch 108/500 486/500  loss: 0.3951  time 0.16s
  warnings.warn(
/home/karimimonsefi.1/SSL_VAN/BRATS21/trainer.py:73: UserWarning: Epoch 108/500 487/500  loss: 0.3944  time 0.16s
  warnings.warn(
/home/karimimonsefi.1/SSL_VAN/BRATS21/trainer.py:73: UserWarning: Epoch 108/500 488/500  loss: 0.3940  time 0.16s
  warnings.warn(
/home/karimimonsefi.1/SSL_VAN/BRATS21/trainer.py:73: UserWarning: Epoch 108/500 489/500  loss: 0.3942  time 0.15s
  warnings.warn(
/home/karimimonsefi.1/SSL_VAN/BRATS21/trainer.py:73: UserWarning: Epoch 108/500 490/500  loss: 0.3946  time 0.15s
  warnings.warn(
/home/karimimonsefi.1/SSL_VAN/BRATS21/trainer.py:73: UserWarning: Epoch 108/500 491/500  loss: 0.3941  time 0.16s
  warnings.warn(
/home/karimimonsefi.1/SSL_VAN/BRATS21/trainer.py:73: UserWarning: Epoch 108/500 492/500  loss: 0.3935  time 0.16s
  warnings.warn(
/home/karimimonsefi.1/SSL_VAN/BRATS21/trainer.py:73: UserWarning: Epoch 108/500 493/500  loss: 0.3929  time 0.16s
  warnings.warn(
/home/karimimonsefi.1/SSL_VAN/BRATS21/trainer.py:73: UserWarning: Epoch 108/500 494/500  loss: 0.3922  time 0.16s
  warnings.warn(
/home/karimimonsefi.1/SSL_VAN/BRATS21/trainer.py:73: UserWarning: Epoch 108/500 495/500  loss: 0.3916  time 0.16s
  warnings.warn(
/home/karimimonsefi.1/SSL_VAN/BRATS21/trainer.py:73: UserWarning: Epoch 108/500 496/500  loss: 0.3909  time 0.15s
  warnings.warn(
/home/karimimonsefi.1/SSL_VAN/BRATS21/trainer.py:73: UserWarning: Epoch 108/500 497/500  loss: 0.3911  time 0.15s
  warnings.warn(
/home/karimimonsefi.1/SSL_VAN/BRATS21/trainer.py:73: UserWarning: Epoch 108/500 498/500  loss: 0.3909  time 0.16s
  warnings.warn(
/home/karimimonsefi.1/SSL_VAN/BRATS21/trainer.py:73: UserWarning: Epoch 108/500 499/500  loss: 0.3912  time 0.16s
  warnings.warn(
/home/karimimonsefi.1/SSL_VAN/BRATS21/trainer.py:175: UserWarning: Final training  108/499  loss: 0.3912  time 94.99s
  warnings.warn("Final training  {}/{}  loss: {:.4f}  time {:.2f}s".format(epoch, args.max_epochs - 1,
/home/karimimonsefi.1/miniconda3/lib/python3.9/site-packages/monai/metrics/utils.py:225: UserWarning: y_pred should be a binarized tensor.
  warnings.warn(f"{name} should be a binarized tensor.")
/home/karimimonsefi.1/miniconda3/lib/python3.9/site-packages/monai/metrics/utils.py:225: UserWarning: y_pred should be a binarized tensor.
  warnings.warn(f"{name} should be a binarized tensor.")
/home/karimimonsefi.1/SSL_VAN/BRATS21/trainer.py:120: UserWarning: Val 108/500 0/126, Dice_TC: 0.4839700758457184, Dice_WT: 0.8079707026481628, Dice_ET: 0.6299968361854553, time 10.28s
  warnings.warn("Val {}/{} {}/{}, Dice_TC: {}, Dice_WT: {},"
/home/karimimonsefi.1/SSL_VAN/BRATS21/trainer.py:120: UserWarning: Val 108/500 1/126, Dice_TC: 0.5212977528572083, Dice_WT: 0.8308379650115967, Dice_ET: 0.5589365363121033, time 2.36s
  warnings.warn("Val {}/{} {}/{}, Dice_TC: {}, Dice_WT: {},"
/home/karimimonsefi.1/SSL_VAN/BRATS21/trainer.py:120: UserWarning: Val 108/500 2/126, Dice_TC: 0.5585089325904846, Dice_WT: 0.8154280781745911, Dice_ET: 0.5690789222717285, time 2.36s
  warnings.warn("Val {}/{} {}/{}, Dice_TC: {}, Dice_WT: {},"
/home/karimimonsefi.1/SSL_VAN/BRATS21/trainer.py:120: UserWarning: Val 108/500 3/126, Dice_TC: 0.6132948994636536, Dice_WT: 0.8046905994415283, Dice_ET: 0.6125348210334778, time 2.36s
  warnings.warn("Val {}/{} {}/{}, Dice_TC: {}, Dice_WT: {},"
/home/karimimonsefi.1/SSL_VAN/BRATS21/trainer.py:120: UserWarning: Val 108/500 4/126, Dice_TC: 0.6602323055267334, Dice_WT: 0.8089019060134888, Dice_ET: 0.655888557434082, time 2.36s
  warnings.warn("Val {}/{} {}/{}, Dice_TC: {}, Dice_WT: {},"
/home/karimimonsefi.1/SSL_VAN/BRATS21/trainer.py:120: UserWarning: Val 108/500 5/126, Dice_TC: 0.6079797148704529, Dice_WT: 0.8077490329742432, Dice_ET: 0.6129291653633118, time 2.36s
  warnings.warn("Val {}/{} {}/{}, Dice_TC: {}, Dice_WT: {},"
/home/karimimonsefi.1/SSL_VAN/BRATS21/trainer.py:120: UserWarning: Val 108/500 6/126, Dice_TC: 0.6081438064575195, Dice_WT: 0.8172497749328613, Dice_ET: 0.6023037433624268, time 2.36s
  warnings.warn("Val {}/{} {}/{}, Dice_TC: {}, Dice_WT: {},"
/home/karimimonsefi.1/SSL_VAN/BRATS21/trainer.py:120: UserWarning: Val 108/500 7/126, Dice_TC: 0.6438820362091064, Dice_WT: 0.824598491191864, Dice_ET: 0.6297619938850403, time 2.36s
  warnings.warn("Val {}/{} {}/{}, Dice_TC: {}, Dice_WT: {},"
/home/karimimonsefi.1/SSL_VAN/BRATS21/trainer.py:120: UserWarning: Val 108/500 8/126, Dice_TC: 0.6729528307914734, Dice_WT: 0.8253105282783508, Dice_ET: 0.6510375738143921, time 2.37s
  warnings.warn("Val {}/{} {}/{}, Dice_TC: {}, Dice_WT: {},"
/home/karimimonsefi.1/SSL_VAN/BRATS21/trainer.py:120: UserWarning: Val 108/500 9/126, Dice_TC: 0.6719098687171936, Dice_WT: 0.8308544158935547, Dice_ET: 0.6548059582710266, time 2.36s
  warnings.warn("Val {}/{} {}/{}, Dice_TC: {}, Dice_WT: {},"
/home/karimimonsefi.1/SSL_VAN/BRATS21/trainer.py:120: UserWarning: Val 108/500 10/126, Dice_TC: 0.6896225810050964, Dice_WT: 0.8353531360626221, Dice_ET: 0.6689761281013489, time 2.36s
  warnings.warn("Val {}/{} {}/{}, Dice_TC: {}, Dice_WT: {},"
/home/karimimonsefi.1/SSL_VAN/BRATS21/trainer.py:120: UserWarning: Val 108/500 11/126, Dice_TC: 0.6981638073921204, Dice_WT: 0.8359639048576355, Dice_ET: 0.6775251030921936, time 2.36s
  warnings.warn("Val {}/{} {}/{}, Dice_TC: {}, Dice_WT: {},"
/home/karimimonsefi.1/SSL_VAN/BRATS21/trainer.py:120: UserWarning: Val 108/500 12/126, Dice_TC: 0.682712197303772, Dice_WT: 0.830879807472229, Dice_ET: 0.6503861546516418, time 2.36s
  warnings.warn("Val {}/{} {}/{}, Dice_TC: {}, Dice_WT: {},"
/home/karimimonsefi.1/SSL_VAN/BRATS21/trainer.py:120: UserWarning: Val 108/500 13/126, Dice_TC: 0.6957089900970459, Dice_WT: 0.8380369544029236, Dice_ET: 0.6616668701171875, time 2.36s
  warnings.warn("Val {}/{} {}/{}, Dice_TC: {}, Dice_WT: {},"
/home/karimimonsefi.1/SSL_VAN/BRATS21/trainer.py:120: UserWarning: Val 108/500 14/126, Dice_TC: 0.7053685188293457, Dice_WT: 0.8328718543052673, Dice_ET: 0.6761639714241028, time 2.37s
  warnings.warn("Val {}/{} {}/{}, Dice_TC: {}, Dice_WT: {},"
/home/karimimonsefi.1/SSL_VAN/BRATS21/trainer.py:120: UserWarning: Val 108/500 15/126, Dice_TC: 0.707660973072052, Dice_WT: 0.8345201015472412, Dice_ET: 0.6567408442497253, time 2.37s
  warnings.warn("Val {}/{} {}/{}, Dice_TC: {}, Dice_WT: {},"
/home/karimimonsefi.1/SSL_VAN/BRATS21/trainer.py:120: UserWarning: Val 108/500 16/126, Dice_TC: 0.7023643255233765, Dice_WT: 0.8219175934791565, Dice_ET: 0.656099796295166, time 2.37s
  warnings.warn("Val {}/{} {}/{}, Dice_TC: {}, Dice_WT: {},"
/home/karimimonsefi.1/SSL_VAN/BRATS21/trainer.py:120: UserWarning: Val 108/500 17/126, Dice_TC: 0.7071222066879272, Dice_WT: 0.8225400447845459, Dice_ET: 0.6544797420501709, time 2.37s
  warnings.warn("Val {}/{} {}/{}, Dice_TC: {}, Dice_WT: {},"
/home/karimimonsefi.1/SSL_VAN/BRATS21/trainer.py:120: UserWarning: Val 108/500 18/126, Dice_TC: 0.6758878231048584, Dice_WT: 0.8075934052467346, Dice_ET: 0.6255245208740234, time 2.37s
  warnings.warn("Val {}/{} {}/{}, Dice_TC: {}, Dice_WT: {},"
/home/karimimonsefi.1/SSL_VAN/BRATS21/trainer.py:120: UserWarning: Val 108/500 19/126, Dice_TC: 0.6780902743339539, Dice_WT: 0.8125077486038208, Dice_ET: 0.613457441329956, time 2.37s
  warnings.warn("Val {}/{} {}/{}, Dice_TC: {}, Dice_WT: {},"
/home/karimimonsefi.1/SSL_VAN/BRATS21/trainer.py:120: UserWarning: Val 108/500 20/126, Dice_TC: 0.6831240057945251, Dice_WT: 0.8082243800163269, Dice_ET: 0.6191627383232117, time 2.37s
  warnings.warn("Val {}/{} {}/{}, Dice_TC: {}, Dice_WT: {},"
/home/karimimonsefi.1/SSL_VAN/BRATS21/trainer.py:120: UserWarning: Val 108/500 21/126, Dice_TC: 0.6823045015335083, Dice_WT: 0.8088688254356384, Dice_ET: 0.6188346147537231, time 2.37s
  warnings.warn("Val {}/{} {}/{}, Dice_TC: {}, Dice_WT: {},"
/home/karimimonsefi.1/SSL_VAN/BRATS21/trainer.py:120: UserWarning: Val 108/500 22/126, Dice_TC: 0.6896563768386841, Dice_WT: 0.8059179186820984, Dice_ET: 0.6290519833564758, time 2.37s
  warnings.warn("Val {}/{} {}/{}, Dice_TC: {}, Dice_WT: {},"
/home/karimimonsefi.1/SSL_VAN/BRATS21/trainer.py:120: UserWarning: Val 108/500 23/126, Dice_TC: 0.6928060054779053, Dice_WT: 0.8090506196022034, Dice_ET: 0.6319409012794495, time 2.37s
  warnings.warn("Val {}/{} {}/{}, Dice_TC: {}, Dice_WT: {},"
/home/karimimonsefi.1/SSL_VAN/BRATS21/trainer.py:120: UserWarning: Val 108/500 24/126, Dice_TC: 0.6949543952941895, Dice_WT: 0.8122556209564209, Dice_ET: 0.638014554977417, time 2.37s
  warnings.warn("Val {}/{} {}/{}, Dice_TC: {}, Dice_WT: {},"
/home/karimimonsefi.1/SSL_VAN/BRATS21/trainer.py:120: UserWarning: Val 108/500 25/126, Dice_TC: 0.6765518188476562, Dice_WT: 0.7982836961746216, Dice_ET: 0.6181038022041321, time 2.37s
  warnings.warn("Val {}/{} {}/{}, Dice_TC: {}, Dice_WT: {},"
/home/karimimonsefi.1/SSL_VAN/BRATS21/trainer.py:120: UserWarning: Val 108/500 26/126, Dice_TC: 0.6634547114372253, Dice_WT: 0.7913069128990173, Dice_ET: 0.6065788269042969, time 2.37s
  warnings.warn("Val {}/{} {}/{}, Dice_TC: {}, Dice_WT: {},"
/home/karimimonsefi.1/SSL_VAN/BRATS21/trainer.py:120: UserWarning: Val 108/500 27/126, Dice_TC: 0.6722940802574158, Dice_WT: 0.792106032371521, Dice_ET: 0.6160232424736023, time 2.37s
  warnings.warn("Val {}/{} {}/{}, Dice_TC: {}, Dice_WT: {},"
/home/karimimonsefi.1/SSL_VAN/BRATS21/trainer.py:120: UserWarning: Val 108/500 28/126, Dice_TC: 0.6716139912605286, Dice_WT: 0.7932822704315186, Dice_ET: 0.6169794201850891, time 2.37s
  warnings.warn("Val {}/{} {}/{}, Dice_TC: {}, Dice_WT: {},"
/home/karimimonsefi.1/SSL_VAN/BRATS21/trainer.py:120: UserWarning: Val 108/500 29/126, Dice_TC: 0.67950838804245, Dice_WT: 0.7975218296051025, Dice_ET: 0.6257570385932922, time 2.37s
  warnings.warn("Val {}/{} {}/{}, Dice_TC: {}, Dice_WT: {},"
/home/karimimonsefi.1/SSL_VAN/BRATS21/trainer.py:120: UserWarning: Val 108/500 30/126, Dice_TC: 0.6860558986663818, Dice_WT: 0.7993596196174622, Dice_ET: 0.6336069703102112, time 2.37s
  warnings.warn("Val {}/{} {}/{}, Dice_TC: {}, Dice_WT: {},"
/home/karimimonsefi.1/SSL_VAN/BRATS21/trainer.py:120: UserWarning: Val 108/500 31/126, Dice_TC: 0.6771354079246521, Dice_WT: 0.7936868667602539, Dice_ET: 0.6135460138320923, time 2.37s
  warnings.warn("Val {}/{} {}/{}, Dice_TC: {}, Dice_WT: {},"
/home/karimimonsefi.1/SSL_VAN/BRATS21/trainer.py:120: UserWarning: Val 108/500 32/126, Dice_TC: 0.6758843064308167, Dice_WT: 0.7967116832733154, Dice_ET: 0.6140199899673462, time 2.37s
  warnings.warn("Val {}/{} {}/{}, Dice_TC: {}, Dice_WT: {},"
/home/karimimonsefi.1/SSL_VAN/BRATS21/trainer.py:120: UserWarning: Val 108/500 33/126, Dice_TC: 0.6792533993721008, Dice_WT: 0.7985436916351318, Dice_ET: 0.6153839230537415, time 2.37s
  warnings.warn("Val {}/{} {}/{}, Dice_TC: {}, Dice_WT: {},"
/home/karimimonsefi.1/SSL_VAN/BRATS21/trainer.py:120: UserWarning: Val 108/500 34/126, Dice_TC: 0.6739293932914734, Dice_WT: 0.7905690670013428, Dice_ET: 0.6110346913337708, time 2.37s
  warnings.warn("Val {}/{} {}/{}, Dice_TC: {}, Dice_WT: {},"
/home/karimimonsefi.1/SSL_VAN/BRATS21/trainer.py:120: UserWarning: Val 108/500 35/126, Dice_TC: 0.6754087209701538, Dice_WT: 0.7899482250213623, Dice_ET: 0.6135089993476868, time 2.37s
  warnings.warn("Val {}/{} {}/{}, Dice_TC: {}, Dice_WT: {},"
/home/karimimonsefi.1/SSL_VAN/BRATS21/trainer.py:120: UserWarning: Val 108/500 36/126, Dice_TC: 0.675643265247345, Dice_WT: 0.7906807661056519, Dice_ET: 0.6148625612258911, time 2.37s
  warnings.warn("Val {}/{} {}/{}, Dice_TC: {}, Dice_WT: {},"
/home/karimimonsefi.1/SSL_VAN/BRATS21/trainer.py:120: UserWarning: Val 108/500 37/126, Dice_TC: 0.6810827851295471, Dice_WT: 0.7930817604064941, Dice_ET: 0.621334433555603, time 2.37s
  warnings.warn("Val {}/{} {}/{}, Dice_TC: {}, Dice_WT: {},"
/home/karimimonsefi.1/SSL_VAN/BRATS21/trainer.py:120: UserWarning: Val 108/500 38/126, Dice_TC: 0.6821869611740112, Dice_WT: 0.7928282618522644, Dice_ET: 0.6237136721611023, time 2.37s
  warnings.warn("Val {}/{} {}/{}, Dice_TC: {}, Dice_WT: {},"
/home/karimimonsefi.1/SSL_VAN/BRATS21/trainer.py:120: UserWarning: Val 108/500 39/126, Dice_TC: 0.6749542951583862, Dice_WT: 0.7936080098152161, Dice_ET: 0.6191162467002869, time 2.37s
  warnings.warn("Val {}/{} {}/{}, Dice_TC: {}, Dice_WT: {},"
/home/karimimonsefi.1/SSL_VAN/BRATS21/trainer.py:120: UserWarning: Val 108/500 40/126, Dice_TC: 0.675221860408783, Dice_WT: 0.7936359643936157, Dice_ET: 0.6202722787857056, time 2.38s
  warnings.warn("Val {}/{} {}/{}, Dice_TC: {}, Dice_WT: {},"
/home/karimimonsefi.1/SSL_VAN/BRATS21/trainer.py:120: UserWarning: Val 108/500 41/126, Dice_TC: 0.6794638633728027, Dice_WT: 0.7959929704666138, Dice_ET: 0.6264471411705017, time 2.37s
  warnings.warn("Val {}/{} {}/{}, Dice_TC: {}, Dice_WT: {},"
/home/karimimonsefi.1/SSL_VAN/BRATS21/trainer.py:120: UserWarning: Val 108/500 42/126, Dice_TC: 0.6854070425033569, Dice_WT: 0.7981058955192566, Dice_ET: 0.6330648064613342, time 2.37s
  warnings.warn("Val {}/{} {}/{}, Dice_TC: {}, Dice_WT: {},"
