
----------------------------------------------------------------------------
  cuda:
----------------------------------------------------------------------------
     Versions:
        cuda/10.2
        cuda/11.0
        cuda/11.2
        cuda/11.3
        cuda/11.4
        cuda/11.5
        cuda/11.6
        cuda/11.7
        cuda/11.8
        cuda/12.0

----------------------------------------------------------------------------
  For detailed information about a specific "cuda" package (including how to load the modules) use the module's full name.
  Note that names that have a trailing (E) are extensions provided by other modules.
  For example:

     $ module spider cuda/12.0
----------------------------------------------------------------------------

 


CommandNotFoundError: Your shell has not been properly configured to use 'conda activate'.
To initialize your shell, run

    $ conda init <SHELL_NAME>

Currently supported shells are:
  - bash
  - fish
  - tcsh
  - xonsh
  - zsh
  - powershell

See 'conda init --help' for more information and options.

IMPORTANT: You may need to close and restart your shell after running 'conda init'.


/home/karimimonsefi.1/miniconda3/lib/python3.9/site-packages/mmcv/__init__.py:20: UserWarning: On January 1, 2023, MMCV will release v2.0.0, in which it will remove components related to the training process and add a data transformation module. In addition, it will rename the package names mmcv to mmcv-lite and mmcv-full to mmcv. See https://github.com/open-mmlab/mmcv/blob/master/docs/en/compatibility.md for more details.
  warnings.warn(
/home/karimimonsefi.1/SSL_VAN/pretrain/main.py:139: UserWarning: 0 gpu 0
  warnings.warn(f"{args.rank} gpu {args.gpu}")
/home/karimimonsefi.1/SSL_VAN/pretrain/main.py:141: UserWarning: Batch size is: 1 epochs 100
  warnings.warn(f"Batch size is: {args.batch_size} epochs {args.max_epochs}")
/home/karimimonsefi.1/SSL_VAN/commons/model_factory.py:345: UserWarning: embed_dims factory = [64, 128, 256, 512]
  warnings.warn(f'embed_dims factory = {args.embed_dims}')
/home/karimimonsefi.1/SSL_VAN/pretrain/main.py:149: UserWarning: Total parameters count 75915663
  warnings.warn(f"Total parameters count {pytorch_total_params}")
/home/karimimonsefi.1/SSL_VAN/pretrain/main.py:152: UserWarning: Total args.checkpoint True
  warnings.warn(f"Total args.checkpoint {args.checkpoint}")
/home/karimimonsefi.1/SSL_VAN/pretrain/main.py:163: UserWarning:  Best url model is pre_train_64-128-256-512_3-4-6-3_8-8-4-4_vae_inferer_valid_loader_PREVANV4121GL_2_20_500_128_True_5_pre_version2__best.pt, final model url is pre_train_64-128-256-512_3-4-6-3_8-8-4-4_vae_inferer_valid_loader_PREVANV4121GL_2_20_500_128_True_5_pre_version2__final.pt
  warnings.warn(f" Best url model is {args.best_model_url}, final model url is {args.final_model_url}")
/home/karimimonsefi.1/SSL_VAN/pretrain/main.py:172: UserWarning: => loaded checkpoint 'True' (epoch 1) (best_loss 2.250783846760463)
  warnings.warn("=> loaded checkpoint '{}' (epoch {}) (best_loss {})".format(
/home/karimimonsefi.1/SSL_VAN/pretrain/training_2.py:124: UserWarning: Writing Tensorboard logs to ./runs/pre_train_1/test_log
  warnings.warn(f"Writing Tensorboard logs to {args.logdir}")
/home/karimimonsefi.1/SSL_VAN/pretrain/training_2.py:134: UserWarning: 0  Sun Jul  9 18:40:18 2023  Epoch: 1
  warnings.warn(f"{args.rank}  {time.ctime()}  Epoch: {epoch}")
Dataset 1 LUNA16: OK number of data: 842
Dataset 2 Covid 19: OK number of data: 722
Dataset 3 HNSCC: OK number of data: 954
Dataset 4 TCIA Colon: OK number of data: 1532
Dataset 5 TCIA LIDC: OK number of data: 450
Dataset all training: number of data: 4500
loader is ready
/home/karimimonsefi.1/SSL_VAN/pretrain/training_2.py:76: UserWarning: Epoch 1/100 0/4500  loss: 2.739564401  time 284.72s
  warnings.warn(
/home/karimimonsefi.1/SSL_VAN/pretrain/training_2.py:76: UserWarning: Epoch 1/100 1/4500  loss: 2.259959449  time 1.04s
  warnings.warn(
/home/karimimonsefi.1/SSL_VAN/pretrain/training_2.py:76: UserWarning: Epoch 1/100 2/4500  loss: 3.316625519  time 6.48s
  warnings.warn(
/home/karimimonsefi.1/SSL_VAN/pretrain/training_2.py:76: UserWarning: Epoch 1/100 3/4500  loss: 2.981261011  time 1.16s
  warnings.warn(
/home/karimimonsefi.1/SSL_VAN/pretrain/training_2.py:76: UserWarning: Epoch 1/100 4/4500  loss: 2.964560135  time 1.21s
  warnings.warn(
/home/karimimonsefi.1/SSL_VAN/pretrain/training_2.py:76: UserWarning: Epoch 1/100 5/4500  loss: 3.010387338  time 1.22s
  warnings.warn(
/home/karimimonsefi.1/SSL_VAN/pretrain/training_2.py:76: UserWarning: Epoch 1/100 6/4500  loss: 3.142425208  time 1.16s
  warnings.warn(
/home/karimimonsefi.1/SSL_VAN/pretrain/training_2.py:76: UserWarning: Epoch 1/100 7/4500  loss: 2.885534277  time 1.12s
  warnings.warn(
/home/karimimonsefi.1/SSL_VAN/pretrain/training_2.py:76: UserWarning: Epoch 1/100 8/4500  loss: 2.987383403  time 1.26s
  warnings.warn(
/home/karimimonsefi.1/SSL_VAN/pretrain/training_2.py:76: UserWarning: Epoch 1/100 9/4500  loss: 2.793986165  time 1.02s
  warnings.warn(
/home/karimimonsefi.1/SSL_VAN/pretrain/training_2.py:76: UserWarning: Epoch 1/100 10/4500  loss: 2.850721133  time 1.19s
  warnings.warn(
/home/karimimonsefi.1/SSL_VAN/pretrain/training_2.py:76: UserWarning: Epoch 1/100 11/4500  loss: 2.998136134  time 1.22s
  warnings.warn(
/home/karimimonsefi.1/SSL_VAN/pretrain/training_2.py:76: UserWarning: Epoch 1/100 12/4500  loss: 2.847554775  time 1.03s
  warnings.warn(
/home/karimimonsefi.1/SSL_VAN/pretrain/training_2.py:76: UserWarning: Epoch 1/100 13/4500  loss: 2.729601808  time 1.14s
  warnings.warn(
/home/karimimonsefi.1/SSL_VAN/pretrain/training_2.py:76: UserWarning: Epoch 1/100 14/4500  loss: 2.767529004  time 1.15s
  warnings.warn(
/home/karimimonsefi.1/SSL_VAN/pretrain/training_2.py:76: UserWarning: Epoch 1/100 15/4500  loss: 2.818990454  time 1.12s
  warnings.warn(
/home/karimimonsefi.1/SSL_VAN/pretrain/training_2.py:76: UserWarning: Epoch 1/100 16/4500  loss: 2.982610757  time 1.20s
  warnings.warn(
/home/karimimonsefi.1/SSL_VAN/pretrain/training_2.py:76: UserWarning: Epoch 1/100 17/4500  loss: 3.020449425  time 16.93s
  warnings.warn(
/home/karimimonsefi.1/SSL_VAN/pretrain/training_2.py:76: UserWarning: Epoch 1/100 18/4500  loss: 2.973324929  time 1.31s
  warnings.warn(
/home/karimimonsefi.1/SSL_VAN/pretrain/training_2.py:76: UserWarning: Epoch 1/100 19/4500  loss: 2.943406349  time 65.68s
  warnings.warn(
/home/karimimonsefi.1/SSL_VAN/pretrain/training_2.py:76: UserWarning: Epoch 1/100 20/4500  loss: 3.015660085  time 1.26s
  warnings.warn(
/home/karimimonsefi.1/SSL_VAN/pretrain/training_2.py:76: UserWarning: Epoch 1/100 21/4500  loss: 3.012904531  time 1.03s
  warnings.warn(
/home/karimimonsefi.1/SSL_VAN/pretrain/training_2.py:76: UserWarning: Epoch 1/100 22/4500  loss: 2.915690692  time 1.11s
  warnings.warn(
/home/karimimonsefi.1/SSL_VAN/pretrain/training_2.py:76: UserWarning: Epoch 1/100 23/4500  loss: 2.921083326  time 1.05s
  warnings.warn(
/home/karimimonsefi.1/SSL_VAN/pretrain/training_2.py:76: UserWarning: Epoch 1/100 24/4500  loss: 2.930722346  time 0.99s
  warnings.warn(
/home/karimimonsefi.1/SSL_VAN/pretrain/training_2.py:76: UserWarning: Epoch 1/100 25/4500  loss: 2.963830284  time 1.28s
  warnings.warn(
/home/karimimonsefi.1/SSL_VAN/pretrain/training_2.py:76: UserWarning: Epoch 1/100 26/4500  loss: 3.004346579  time 1.17s
  warnings.warn(
/home/karimimonsefi.1/SSL_VAN/pretrain/training_2.py:76: UserWarning: Epoch 1/100 27/4500  loss: 3.152091463  time 110.74s
  warnings.warn(
/home/karimimonsefi.1/SSL_VAN/pretrain/training_2.py:76: UserWarning: Epoch 1/100 28/4500  loss: 3.171575754  time 1.10s
  warnings.warn(
/home/karimimonsefi.1/SSL_VAN/pretrain/training_2.py:76: UserWarning: Epoch 1/100 29/4500  loss: 3.174982365  time 1.09s
  warnings.warn(
/home/karimimonsefi.1/SSL_VAN/pretrain/training_2.py:76: UserWarning: Epoch 1/100 30/4500  loss: 3.153784887  time 1.25s
  warnings.warn(
/home/karimimonsefi.1/SSL_VAN/pretrain/training_2.py:76: UserWarning: Epoch 1/100 31/4500  loss: 3.181249483  time 1.24s
  warnings.warn(
/home/karimimonsefi.1/SSL_VAN/pretrain/training_2.py:76: UserWarning: Epoch 1/100 32/4500  loss: 3.288201025  time 1.18s
  warnings.warn(
/home/karimimonsefi.1/SSL_VAN/pretrain/training_2.py:76: UserWarning: Epoch 1/100 33/4500  loss: 3.267773518  time 1.10s
  warnings.warn(
/home/karimimonsefi.1/SSL_VAN/pretrain/training_2.py:76: UserWarning: Epoch 1/100 34/4500  loss: 3.260540613  time 1.16s
  warnings.warn(
/home/karimimonsefi.1/SSL_VAN/pretrain/training_2.py:76: UserWarning: Epoch 1/100 35/4500  loss: 3.303234255  time 42.84s
  warnings.warn(
/home/karimimonsefi.1/SSL_VAN/pretrain/training_2.py:76: UserWarning: Epoch 1/100 36/4500  loss: 3.315810771  time 1.27s
  warnings.warn(
/home/karimimonsefi.1/SSL_VAN/pretrain/training_2.py:76: UserWarning: Epoch 1/100 37/4500  loss: 3.274349065  time 1.29s
  warnings.warn(
/home/karimimonsefi.1/SSL_VAN/pretrain/training_2.py:76: UserWarning: Epoch 1/100 38/4500  loss: 3.232326880  time 1.11s
  warnings.warn(
/home/karimimonsefi.1/SSL_VAN/pretrain/training_2.py:76: UserWarning: Epoch 1/100 39/4500  loss: 3.187704981  time 1.19s
  warnings.warn(
/home/karimimonsefi.1/SSL_VAN/pretrain/training_2.py:76: UserWarning: Epoch 1/100 40/4500  loss: 3.201711149  time 1.21s
  warnings.warn(
/home/karimimonsefi.1/SSL_VAN/pretrain/training_2.py:76: UserWarning: Epoch 1/100 41/4500  loss: 3.139740537  time 1.20s
  warnings.warn(
/home/karimimonsefi.1/SSL_VAN/pretrain/training_2.py:76: UserWarning: Epoch 1/100 42/4500  loss: 3.187275758  time 1.11s
  warnings.warn(
/home/karimimonsefi.1/SSL_VAN/pretrain/training_2.py:76: UserWarning: Epoch 1/100 43/4500  loss: 3.196303947  time 74.55s
  warnings.warn(
/home/karimimonsefi.1/SSL_VAN/pretrain/training_2.py:76: UserWarning: Epoch 1/100 44/4500  loss: 3.142716594  time 1.37s
  warnings.warn(
/home/karimimonsefi.1/SSL_VAN/pretrain/training_2.py:76: UserWarning: Epoch 1/100 45/4500  loss: 3.140101351  time 1.29s
  warnings.warn(
/home/karimimonsefi.1/SSL_VAN/pretrain/training_2.py:76: UserWarning: Epoch 1/100 46/4500  loss: 3.170783891  time 1.25s
  warnings.warn(
/home/karimimonsefi.1/SSL_VAN/pretrain/training_2.py:76: UserWarning: Epoch 1/100 47/4500  loss: 3.119741790  time 1.25s
  warnings.warn(
/home/karimimonsefi.1/SSL_VAN/pretrain/training_2.py:76: UserWarning: Epoch 1/100 48/4500  loss: 3.123627888  time 1.30s
  warnings.warn(
/home/karimimonsefi.1/SSL_VAN/pretrain/training_2.py:76: UserWarning: Epoch 1/100 49/4500  loss: 3.128025424  time 1.28s
  warnings.warn(
/home/karimimonsefi.1/SSL_VAN/pretrain/training_2.py:76: UserWarning: Epoch 1/100 50/4500  loss: 3.105891649  time 1.17s
  warnings.warn(
/home/karimimonsefi.1/SSL_VAN/pretrain/training_2.py:76: UserWarning: Epoch 1/100 51/4500  loss: 3.130925999  time 68.23s
  warnings.warn(
/home/karimimonsefi.1/SSL_VAN/pretrain/training_2.py:76: UserWarning: Epoch 1/100 52/4500  loss: 3.172586346  time 1.11s
  warnings.warn(
/home/karimimonsefi.1/SSL_VAN/pretrain/training_2.py:76: UserWarning: Epoch 1/100 53/4500  loss: 3.162079043  time 1.19s
  warnings.warn(
/home/karimimonsefi.1/SSL_VAN/pretrain/training_2.py:76: UserWarning: Epoch 1/100 54/4500  loss: 3.173745030  time 1.25s
  warnings.warn(
/home/karimimonsefi.1/SSL_VAN/pretrain/training_2.py:76: UserWarning: Epoch 1/100 55/4500  loss: 3.157583610  time 1.26s
  warnings.warn(
/home/karimimonsefi.1/SSL_VAN/pretrain/training_2.py:76: UserWarning: Epoch 1/100 56/4500  loss: 3.145137831  time 1.12s
  warnings.warn(
/home/karimimonsefi.1/SSL_VAN/pretrain/training_2.py:76: UserWarning: Epoch 1/100 57/4500  loss: 3.146092133  time 1.24s
  warnings.warn(
/home/karimimonsefi.1/SSL_VAN/pretrain/training_2.py:76: UserWarning: Epoch 1/100 58/4500  loss: 3.137734165  time 1.20s
  warnings.warn(
/home/karimimonsefi.1/SSL_VAN/pretrain/training_2.py:76: UserWarning: Epoch 1/100 59/4500  loss: 3.153909714  time 2.06s
  warnings.warn(
/home/karimimonsefi.1/SSL_VAN/pretrain/training_2.py:76: UserWarning: Epoch 1/100 60/4500  loss: 3.108028137  time 1.24s
  warnings.warn(
/home/karimimonsefi.1/SSL_VAN/pretrain/training_2.py:76: UserWarning: Epoch 1/100 61/4500  loss: 3.136721454  time 1.09s
  warnings.warn(
/home/karimimonsefi.1/SSL_VAN/pretrain/training_2.py:76: UserWarning: Epoch 1/100 62/4500  loss: 3.161699739  time 1.08s
  warnings.warn(
/home/karimimonsefi.1/SSL_VAN/pretrain/training_2.py:76: UserWarning: Epoch 1/100 63/4500  loss: 3.164277925  time 1.09s
  warnings.warn(
/home/karimimonsefi.1/SSL_VAN/pretrain/training_2.py:76: UserWarning: Epoch 1/100 64/4500  loss: 3.176338338  time 1.07s
  warnings.warn(
/home/karimimonsefi.1/SSL_VAN/pretrain/training_2.py:76: UserWarning: Epoch 1/100 65/4500  loss: 3.183959172  time 1.14s
  warnings.warn(
/home/karimimonsefi.1/SSL_VAN/pretrain/training_2.py:76: UserWarning: Epoch 1/100 66/4500  loss: 3.155121619  time 3.26s
  warnings.warn(
/home/karimimonsefi.1/SSL_VAN/pretrain/training_2.py:76: UserWarning: Epoch 1/100 67/4500  loss: 3.147846299  time 18.72s
  warnings.warn(
/home/karimimonsefi.1/SSL_VAN/pretrain/training_2.py:76: UserWarning: Epoch 1/100 68/4500  loss: 3.149214477  time 36.69s
  warnings.warn(
/home/karimimonsefi.1/SSL_VAN/pretrain/training_2.py:76: UserWarning: Epoch 1/100 69/4500  loss: 3.107676363  time 1.06s
  warnings.warn(
/home/karimimonsefi.1/SSL_VAN/pretrain/training_2.py:76: UserWarning: Epoch 1/100 70/4500  loss: 3.093352975  time 1.01s
  warnings.warn(
/home/karimimonsefi.1/SSL_VAN/pretrain/training_2.py:76: UserWarning: Epoch 1/100 71/4500  loss: 3.081349806  time 40.63s
  warnings.warn(
/home/karimimonsefi.1/SSL_VAN/pretrain/training_2.py:76: UserWarning: Epoch 1/100 72/4500  loss: 3.074649686  time 1.09s
  warnings.warn(
/home/karimimonsefi.1/SSL_VAN/pretrain/training_2.py:76: UserWarning: Epoch 1/100 73/4500  loss: 3.084610692  time 1.10s
  warnings.warn(
/home/karimimonsefi.1/SSL_VAN/pretrain/training_2.py:76: UserWarning: Epoch 1/100 74/4500  loss: 3.060111160  time 34.33s
  warnings.warn(
/home/karimimonsefi.1/SSL_VAN/pretrain/training_2.py:76: UserWarning: Epoch 1/100 75/4500  loss: 3.021355648  time 1.11s
  warnings.warn(
/home/karimimonsefi.1/SSL_VAN/pretrain/training_2.py:76: UserWarning: Epoch 1/100 76/4500  loss: 3.049779165  time 1.72s
  warnings.warn(
/home/karimimonsefi.1/SSL_VAN/pretrain/training_2.py:76: UserWarning: Epoch 1/100 77/4500  loss: 3.051850959  time 1.11s
  warnings.warn(
/home/karimimonsefi.1/SSL_VAN/pretrain/training_2.py:76: UserWarning: Epoch 1/100 78/4500  loss: 3.047877232  time 1.08s
  warnings.warn(
/home/karimimonsefi.1/SSL_VAN/pretrain/training_2.py:76: UserWarning: Epoch 1/100 79/4500  loss: 3.040244786  time 55.54s
  warnings.warn(
/home/karimimonsefi.1/SSL_VAN/pretrain/training_2.py:76: UserWarning: Epoch 1/100 80/4500  loss: 3.010841438  time 1.10s
  warnings.warn(
/home/karimimonsefi.1/SSL_VAN/pretrain/training_2.py:76: UserWarning: Epoch 1/100 81/4500  loss: 3.002418502  time 1.18s
  warnings.warn(
/home/karimimonsefi.1/SSL_VAN/pretrain/training_2.py:76: UserWarning: Epoch 1/100 82/4500  loss: 3.000245244  time 1.20s
  warnings.warn(
/home/karimimonsefi.1/SSL_VAN/pretrain/training_2.py:76: UserWarning: Epoch 1/100 83/4500  loss: 3.012953409  time 1.19s
  warnings.warn(
/home/karimimonsefi.1/SSL_VAN/pretrain/training_2.py:76: UserWarning: Epoch 1/100 84/4500  loss: 3.025309850  time 1.26s
  warnings.warn(
/home/karimimonsefi.1/SSL_VAN/pretrain/training_2.py:76: UserWarning: Epoch 1/100 85/4500  loss: 3.022256946  time 1.17s
  warnings.warn(
/home/karimimonsefi.1/SSL_VAN/pretrain/training_2.py:76: UserWarning: Epoch 1/100 86/4500  loss: 3.022934884  time 1.11s
  warnings.warn(
/home/karimimonsefi.1/SSL_VAN/pretrain/training_2.py:76: UserWarning: Epoch 1/100 87/4500  loss: 3.037172000  time 62.42s
  warnings.warn(
/home/karimimonsefi.1/SSL_VAN/pretrain/training_2.py:76: UserWarning: Epoch 1/100 88/4500  loss: 3.029490321  time 1.17s
  warnings.warn(
/home/karimimonsefi.1/SSL_VAN/pretrain/training_2.py:76: UserWarning: Epoch 1/100 89/4500  loss: 3.041216265  time 1.00s
  warnings.warn(
/home/karimimonsefi.1/SSL_VAN/pretrain/training_2.py:76: UserWarning: Epoch 1/100 90/4500  loss: 3.016215340  time 1.08s
  warnings.warn(
/home/karimimonsefi.1/SSL_VAN/pretrain/training_2.py:76: UserWarning: Epoch 1/100 91/4500  loss: 3.011316408  time 1.17s
  warnings.warn(
/home/karimimonsefi.1/SSL_VAN/pretrain/training_2.py:76: UserWarning: Epoch 1/100 92/4500  loss: 2.999981114  time 0.86s
  warnings.warn(
/home/karimimonsefi.1/SSL_VAN/pretrain/training_2.py:76: UserWarning: Epoch 1/100 93/4500  loss: 3.001845396  time 0.97s
  warnings.warn(
/home/karimimonsefi.1/SSL_VAN/pretrain/training_2.py:76: UserWarning: Epoch 1/100 94/4500  loss: 3.006922767  time 1.08s
  warnings.warn(
/home/karimimonsefi.1/SSL_VAN/pretrain/training_2.py:76: UserWarning: Epoch 1/100 95/4500  loss: 3.007194373  time 64.87s
  warnings.warn(
/home/karimimonsefi.1/SSL_VAN/pretrain/training_2.py:76: UserWarning: Epoch 1/100 96/4500  loss: 3.011253311  time 0.91s
  warnings.warn(
/home/karimimonsefi.1/SSL_VAN/pretrain/training_2.py:76: UserWarning: Epoch 1/100 97/4500  loss: 2.999488801  time 1.03s
  warnings.warn(
/home/karimimonsefi.1/SSL_VAN/pretrain/training_2.py:76: UserWarning: Epoch 1/100 98/4500  loss: 3.008841626  time 1.18s
  warnings.warn(
/home/karimimonsefi.1/SSL_VAN/pretrain/training_2.py:76: UserWarning: Epoch 1/100 99/4500  loss: 2.979356872  time 1.19s
  warnings.warn(
/home/karimimonsefi.1/SSL_VAN/pretrain/training_2.py:80: UserWarning: SAVED => Epoch 1/100 99/4500  loss: 2.979356872, last best: 2.250783847,  time 1.19s
  warnings.warn(
/home/karimimonsefi.1/SSL_VAN/pretrain/training_2.py:107: UserWarning: Saving checkpoint ./runs/pre_train_1/test_log/pre_train_64-128-256-512_3-4-6-3_8-8-4-4_vae_inferer_valid_loader_PREVANV4121GL_2_20_500_128_True_5_pre_version2__final.pt
  warnings.warn(f"Saving checkpoint {filename}")
/home/karimimonsefi.1/SSL_VAN/pretrain/training_2.py:76: UserWarning: Epoch 1/100 100/4500  loss: 2.972703376  time 1.26s
  warnings.warn(
/home/karimimonsefi.1/SSL_VAN/pretrain/training_2.py:76: UserWarning: Epoch 1/100 101/4500  loss: 2.978861848  time 1.19s
  warnings.warn(
/home/karimimonsefi.1/SSL_VAN/pretrain/training_2.py:76: UserWarning: Epoch 1/100 102/4500  loss: 2.965279273  time 1.16s
  warnings.warn(
/home/karimimonsefi.1/SSL_VAN/pretrain/training_2.py:76: UserWarning: Epoch 1/100 103/4500  loss: 2.965232554  time 45.86s
  warnings.warn(
/home/karimimonsefi.1/SSL_VAN/pretrain/training_2.py:76: UserWarning: Epoch 1/100 104/4500  loss: 2.938717867  time 1.07s
  warnings.warn(
/home/karimimonsefi.1/SSL_VAN/pretrain/training_2.py:76: UserWarning: Epoch 1/100 105/4500  loss: 2.920293405  time 0.98s
  warnings.warn(
/home/karimimonsefi.1/SSL_VAN/pretrain/training_2.py:76: UserWarning: Epoch 1/100 106/4500  loss: 2.893397907  time 0.96s
  warnings.warn(
/home/karimimonsefi.1/SSL_VAN/pretrain/training_2.py:76: UserWarning: Epoch 1/100 107/4500  loss: 2.869843933  time 0.84s
  warnings.warn(
/home/karimimonsefi.1/SSL_VAN/pretrain/training_2.py:76: UserWarning: Epoch 1/100 108/4500  loss: 2.863580822  time 1.08s
  warnings.warn(
/home/karimimonsefi.1/SSL_VAN/pretrain/training_2.py:76: UserWarning: Epoch 1/100 109/4500  loss: 2.862644352  time 1.18s
  warnings.warn(
/home/karimimonsefi.1/SSL_VAN/pretrain/training_2.py:76: UserWarning: Epoch 1/100 110/4500  loss: 2.837506014  time 1.09s
  warnings.warn(
/home/karimimonsefi.1/SSL_VAN/pretrain/training_2.py:76: UserWarning: Epoch 1/100 111/4500  loss: 2.827294585  time 58.08s
  warnings.warn(
/home/karimimonsefi.1/SSL_VAN/pretrain/training_2.py:76: UserWarning: Epoch 1/100 112/4500  loss: 2.826995619  time 1.08s
  warnings.warn(
/home/karimimonsefi.1/SSL_VAN/pretrain/training_2.py:76: UserWarning: Epoch 1/100 113/4500  loss: 2.831081590  time 1.17s
  warnings.warn(
/home/karimimonsefi.1/SSL_VAN/pretrain/training_2.py:76: UserWarning: Epoch 1/100 114/4500  loss: 2.814113656  time 1.14s
  warnings.warn(
/home/karimimonsefi.1/SSL_VAN/pretrain/training_2.py:76: UserWarning: Epoch 1/100 115/4500  loss: 2.790182152  time 1.16s
  warnings.warn(
/home/karimimonsefi.1/SSL_VAN/pretrain/training_2.py:76: UserWarning: Epoch 1/100 116/4500  loss: 2.775935494  time 1.25s
  warnings.warn(
/home/karimimonsefi.1/SSL_VAN/pretrain/training_2.py:76: UserWarning: Epoch 1/100 117/4500  loss: 2.766625889  time 1.12s
  warnings.warn(
/home/karimimonsefi.1/SSL_VAN/pretrain/training_2.py:76: UserWarning: Epoch 1/100 118/4500  loss: 2.778080219  time 0.94s
  warnings.warn(
/home/karimimonsefi.1/SSL_VAN/pretrain/training_2.py:76: UserWarning: Epoch 1/100 119/4500  loss: 2.779951243  time 1.10s
  warnings.warn(
/home/karimimonsefi.1/SSL_VAN/pretrain/training_2.py:76: UserWarning: Epoch 1/100 120/4500  loss: 2.764202619  time 1.12s
  warnings.warn(
/home/karimimonsefi.1/SSL_VAN/pretrain/training_2.py:76: UserWarning: Epoch 1/100 121/4500  loss: 2.793100556  time 1.12s
  warnings.warn(
/home/karimimonsefi.1/SSL_VAN/pretrain/training_2.py:76: UserWarning: Epoch 1/100 122/4500  loss: 2.796732012  time 1.14s
  warnings.warn(
/home/karimimonsefi.1/SSL_VAN/pretrain/training_2.py:76: UserWarning: Epoch 1/100 123/4500  loss: 2.795439750  time 1.04s
  warnings.warn(
/home/karimimonsefi.1/SSL_VAN/pretrain/training_2.py:76: UserWarning: Epoch 1/100 124/4500  loss: 2.790763484  time 1.05s
  warnings.warn(
/home/karimimonsefi.1/SSL_VAN/pretrain/training_2.py:76: UserWarning: Epoch 1/100 125/4500  loss: 2.795755742  time 1.04s
  warnings.warn(
/home/karimimonsefi.1/SSL_VAN/pretrain/training_2.py:76: UserWarning: Epoch 1/100 126/4500  loss: 2.799321068  time 1.12s
  warnings.warn(
/home/karimimonsefi.1/SSL_VAN/pretrain/training_2.py:76: UserWarning: Epoch 1/100 127/4500  loss: 2.797278690  time 3.53s
  warnings.warn(
/home/karimimonsefi.1/SSL_VAN/pretrain/training_2.py:76: UserWarning: Epoch 1/100 128/4500  loss: 2.795411179  time 73.03s
  warnings.warn(
/home/karimimonsefi.1/SSL_VAN/pretrain/training_2.py:76: UserWarning: Epoch 1/100 129/4500  loss: 2.802014368  time 1.06s
  warnings.warn(
/home/karimimonsefi.1/SSL_VAN/pretrain/training_2.py:76: UserWarning: Epoch 1/100 130/4500  loss: 2.815326617  time 1.20s
  warnings.warn(
/home/karimimonsefi.1/SSL_VAN/pretrain/training_2.py:76: UserWarning: Epoch 1/100 131/4500  loss: 2.818051132  time 1.08s
  warnings.warn(
/home/karimimonsefi.1/SSL_VAN/pretrain/training_2.py:76: UserWarning: Epoch 1/100 132/4500  loss: 2.818972213  time 1.13s
  warnings.warn(
/home/karimimonsefi.1/SSL_VAN/pretrain/training_2.py:76: UserWarning: Epoch 1/100 133/4500  loss: 2.820152677  time 1.06s
  warnings.warn(
/home/karimimonsefi.1/SSL_VAN/pretrain/training_2.py:76: UserWarning: Epoch 1/100 134/4500  loss: 2.821188334  time 1.09s
  warnings.warn(
/home/karimimonsefi.1/SSL_VAN/pretrain/training_2.py:76: UserWarning: Epoch 1/100 135/4500  loss: 2.824104741  time 31.29s
  warnings.warn(
/home/karimimonsefi.1/SSL_VAN/pretrain/training_2.py:76: UserWarning: Epoch 1/100 136/4500  loss: 2.826399024  time 48.47s
  warnings.warn(
/home/karimimonsefi.1/SSL_VAN/pretrain/training_2.py:76: UserWarning: Epoch 1/100 137/4500  loss: 2.806412828  time 0.96s
  warnings.warn(
/home/karimimonsefi.1/SSL_VAN/pretrain/training_2.py:76: UserWarning: Epoch 1/100 138/4500  loss: 2.820047647  time 1.10s
  warnings.warn(
/home/karimimonsefi.1/SSL_VAN/pretrain/training_2.py:76: UserWarning: Epoch 1/100 139/4500  loss: 2.854285577  time 1.05s
  warnings.warn(
/home/karimimonsefi.1/SSL_VAN/pretrain/training_2.py:76: UserWarning: Epoch 1/100 140/4500  loss: 2.844319605  time 1.13s
  warnings.warn(
/home/karimimonsefi.1/SSL_VAN/pretrain/training_2.py:76: UserWarning: Epoch 1/100 141/4500  loss: 2.850355914  time 1.04s
  warnings.warn(
/home/karimimonsefi.1/SSL_VAN/pretrain/training_2.py:76: UserWarning: Epoch 1/100 142/4500  loss: 2.849749510  time 1.14s
  warnings.warn(
/home/karimimonsefi.1/SSL_VAN/pretrain/training_2.py:76: UserWarning: Epoch 1/100 143/4500  loss: 2.839976868  time 1.03s
  warnings.warn(
/home/karimimonsefi.1/SSL_VAN/pretrain/training_2.py:76: UserWarning: Epoch 1/100 144/4500  loss: 2.836520207  time 96.88s
  warnings.warn(
/home/karimimonsefi.1/SSL_VAN/pretrain/training_2.py:76: UserWarning: Epoch 1/100 145/4500  loss: 2.841660653  time 0.90s
  warnings.warn(
/home/karimimonsefi.1/SSL_VAN/pretrain/training_2.py:76: UserWarning: Epoch 1/100 146/4500  loss: 2.844362902  time 1.10s
  warnings.warn(
/home/karimimonsefi.1/SSL_VAN/pretrain/training_2.py:76: UserWarning: Epoch 1/100 147/4500  loss: 2.852783379  time 2.96s
  warnings.warn(
/home/karimimonsefi.1/SSL_VAN/pretrain/training_2.py:76: UserWarning: Epoch 1/100 148/4500  loss: 2.834387758  time 1.11s
  warnings.warn(
/home/karimimonsefi.1/SSL_VAN/pretrain/training_2.py:76: UserWarning: Epoch 1/100 149/4500  loss: 2.844575288  time 1.27s
  warnings.warn(
/home/karimimonsefi.1/SSL_VAN/pretrain/training_2.py:76: UserWarning: Epoch 1/100 150/4500  loss: 2.855983300  time 1.09s
  warnings.warn(
/home/karimimonsefi.1/SSL_VAN/pretrain/training_2.py:76: UserWarning: Epoch 1/100 151/4500  loss: 2.859857944  time 1.11s
  warnings.warn(
/home/karimimonsefi.1/SSL_VAN/pretrain/training_2.py:76: UserWarning: Epoch 1/100 152/4500  loss: 2.857097171  time 1.15s
  warnings.warn(
/home/karimimonsefi.1/SSL_VAN/pretrain/training_2.py:76: UserWarning: Epoch 1/100 153/4500  loss: 2.862527853  time 1.12s
  warnings.warn(
/home/karimimonsefi.1/SSL_VAN/pretrain/training_2.py:76: UserWarning: Epoch 1/100 154/4500  loss: 2.849755848  time 1.00s
  warnings.warn(
/home/karimimonsefi.1/SSL_VAN/pretrain/training_2.py:76: UserWarning: Epoch 1/100 155/4500  loss: 2.846766272  time 1.12s
  warnings.warn(
/home/karimimonsefi.1/SSL_VAN/pretrain/training_2.py:76: UserWarning: Epoch 1/100 156/4500  loss: 2.845951331  time 1.10s
  warnings.warn(
/home/karimimonsefi.1/SSL_VAN/pretrain/training_2.py:76: UserWarning: Epoch 1/100 157/4500  loss: 2.841587287  time 1.16s
  warnings.warn(
/home/karimimonsefi.1/SSL_VAN/pretrain/training_2.py:76: UserWarning: Epoch 1/100 158/4500  loss: 2.861112584  time 1.11s
  warnings.warn(
/home/karimimonsefi.1/SSL_VAN/pretrain/training_2.py:76: UserWarning: Epoch 1/100 159/4500  loss: 2.864315514  time 1.13s
  warnings.warn(
/home/karimimonsefi.1/SSL_VAN/pretrain/training_2.py:76: UserWarning: Epoch 1/100 160/4500  loss: 2.865310140  time 1.03s
  warnings.warn(
/home/karimimonsefi.1/SSL_VAN/pretrain/training_2.py:76: UserWarning: Epoch 1/100 161/4500  loss: 2.863758999  time 1.15s
  warnings.warn(
/home/karimimonsefi.1/SSL_VAN/pretrain/training_2.py:76: UserWarning: Epoch 1/100 162/4500  loss: 2.872510531  time 1.01s
  warnings.warn(
/home/karimimonsefi.1/SSL_VAN/pretrain/training_2.py:76: UserWarning: Epoch 1/100 163/4500  loss: 2.884365614  time 1.14s
  warnings.warn(
/home/karimimonsefi.1/SSL_VAN/pretrain/training_2.py:76: UserWarning: Epoch 1/100 164/4500  loss: 2.883152985  time 132.17s
  warnings.warn(
/home/karimimonsefi.1/SSL_VAN/pretrain/training_2.py:76: UserWarning: Epoch 1/100 165/4500  loss: 2.880808006  time 1.16s
  warnings.warn(
/home/karimimonsefi.1/SSL_VAN/pretrain/training_2.py:76: UserWarning: Epoch 1/100 166/4500  loss: 2.886524195  time 1.14s
  warnings.warn(
/home/karimimonsefi.1/SSL_VAN/pretrain/training_2.py:76: UserWarning: Epoch 1/100 167/4500  loss: 2.884349783  time 1.06s
  warnings.warn(
/home/karimimonsefi.1/SSL_VAN/pretrain/training_2.py:76: UserWarning: Epoch 1/100 168/4500  loss: 2.895784660  time 1.20s
  warnings.warn(
/home/karimimonsefi.1/SSL_VAN/pretrain/training_2.py:76: UserWarning: Epoch 1/100 169/4500  loss: 2.880562849  time 1.03s
  warnings.warn(
/home/karimimonsefi.1/SSL_VAN/pretrain/training_2.py:76: UserWarning: Epoch 1/100 170/4500  loss: 2.873223430  time 1.06s
  warnings.warn(
/home/karimimonsefi.1/SSL_VAN/pretrain/training_2.py:76: UserWarning: Epoch 1/100 171/4500  loss: 2.871478965  time 1.01s
  warnings.warn(
/home/karimimonsefi.1/SSL_VAN/pretrain/training_2.py:76: UserWarning: Epoch 1/100 172/4500  loss: 2.876364910  time 1.15s
  warnings.warn(
/home/karimimonsefi.1/SSL_VAN/pretrain/training_2.py:76: UserWarning: Epoch 1/100 173/4500  loss: 2.871850371  time 1.08s
  warnings.warn(
/home/karimimonsefi.1/SSL_VAN/pretrain/training_2.py:76: UserWarning: Epoch 1/100 174/4500  loss: 2.868609326  time 1.06s
  warnings.warn(
/home/karimimonsefi.1/SSL_VAN/pretrain/training_2.py:76: UserWarning: Epoch 1/100 175/4500  loss: 2.878123092  time 1.02s
  warnings.warn(
/home/karimimonsefi.1/SSL_VAN/pretrain/training_2.py:76: UserWarning: Epoch 1/100 176/4500  loss: 2.879428973  time 1.13s
  warnings.warn(
/home/karimimonsefi.1/SSL_VAN/pretrain/training_2.py:76: UserWarning: Epoch 1/100 177/4500  loss: 2.881133516  time 0.97s
  warnings.warn(
/home/karimimonsefi.1/SSL_VAN/pretrain/training_2.py:76: UserWarning: Epoch 1/100 178/4500  loss: 2.895410626  time 1.23s
  warnings.warn(
/home/karimimonsefi.1/SSL_VAN/pretrain/training_2.py:76: UserWarning: Epoch 1/100 179/4500  loss: 2.892624634  time 1.03s
  warnings.warn(
/home/karimimonsefi.1/SSL_VAN/pretrain/training_2.py:76: UserWarning: Epoch 1/100 180/4500  loss: 2.899163523  time 2.87s
  warnings.warn(
/home/karimimonsefi.1/SSL_VAN/pretrain/training_2.py:76: UserWarning: Epoch 1/100 181/4500  loss: 2.903356538  time 24.96s
  warnings.warn(
/home/karimimonsefi.1/SSL_VAN/pretrain/training_2.py:76: UserWarning: Epoch 1/100 182/4500  loss: 2.895553729  time 47.91s
  warnings.warn(
/home/karimimonsefi.1/SSL_VAN/pretrain/training_2.py:76: UserWarning: Epoch 1/100 183/4500  loss: 2.899229703  time 8.44s
  warnings.warn(
/home/karimimonsefi.1/SSL_VAN/pretrain/training_2.py:76: UserWarning: Epoch 1/100 184/4500  loss: 2.899573338  time 1.24s
  warnings.warn(
/home/karimimonsefi.1/SSL_VAN/pretrain/training_2.py:76: UserWarning: Epoch 1/100 185/4500  loss: 2.901050146  time 1.18s
  warnings.warn(
/home/karimimonsefi.1/SSL_VAN/pretrain/training_2.py:76: UserWarning: Epoch 1/100 186/4500  loss: 2.900652563  time 1.06s
  warnings.warn(
/home/karimimonsefi.1/SSL_VAN/pretrain/training_2.py:76: UserWarning: Epoch 1/100 187/4500  loss: 2.896434495  time 1.05s
  warnings.warn(
/home/karimimonsefi.1/SSL_VAN/pretrain/training_2.py:76: UserWarning: Epoch 1/100 188/4500  loss: 2.900014464  time 1.06s
  warnings.warn(
/home/karimimonsefi.1/SSL_VAN/pretrain/training_2.py:76: UserWarning: Epoch 1/100 189/4500  loss: 2.896109311  time 3.59s
  warnings.warn(
/home/karimimonsefi.1/SSL_VAN/pretrain/training_2.py:76: UserWarning: Epoch 1/100 190/4500  loss: 2.900170512  time 51.11s
  warnings.warn(
/home/karimimonsefi.1/SSL_VAN/pretrain/training_2.py:76: UserWarning: Epoch 1/100 191/4500  loss: 2.900816157  time 4.17s
  warnings.warn(
/home/karimimonsefi.1/SSL_VAN/pretrain/training_2.py:76: UserWarning: Epoch 1/100 192/4500  loss: 2.903931179  time 1.10s
  warnings.warn(
/home/karimimonsefi.1/SSL_VAN/pretrain/training_2.py:76: UserWarning: Epoch 1/100 193/4500  loss: 2.899800000  time 1.12s
  warnings.warn(
/home/karimimonsefi.1/SSL_VAN/pretrain/training_2.py:76: UserWarning: Epoch 1/100 194/4500  loss: 2.889503361  time 1.06s
  warnings.warn(
/home/karimimonsefi.1/SSL_VAN/pretrain/training_2.py:76: UserWarning: Epoch 1/100 195/4500  loss: 2.894410290  time 1.05s
  warnings.warn(
/home/karimimonsefi.1/SSL_VAN/pretrain/training_2.py:76: UserWarning: Epoch 1/100 196/4500  loss: 2.880245369  time 1.14s
  warnings.warn(
/home/karimimonsefi.1/SSL_VAN/pretrain/training_2.py:76: UserWarning: Epoch 1/100 197/4500  loss: 2.890710407  time 1.16s
  warnings.warn(
/home/karimimonsefi.1/SSL_VAN/pretrain/training_2.py:76: UserWarning: Epoch 1/100 198/4500  loss: 2.888447621  time 12.73s
  warnings.warn(
