/var/spool/slurmd/job46108/slurm_script: line 11: cd: SSL_VAN: No such file or directory

----------------------------------------------------------------------------
  cuda:
----------------------------------------------------------------------------
     Versions:
        cuda/10.2
        cuda/11.0
        cuda/11.2
        cuda/11.3
        cuda/11.4
        cuda/11.5
        cuda/11.6
        cuda/12.0

----------------------------------------------------------------------------
  For detailed information about a specific "cuda" package (including how to load the modules) use the module's full name.
  Note that names that have a trailing (E) are extensions provided by other modules.
  For example:

     $ module spider cuda/12.0
----------------------------------------------------------------------------

 


CommandNotFoundError: Your shell has not been properly configured to use 'conda activate'.
To initialize your shell, run

    $ conda init <SHELL_NAME>

Currently supported shells are:
  - bash
  - fish
  - tcsh
  - xonsh
  - zsh
  - powershell

See 'conda init --help' for more information and options.

IMPORTANT: You may need to close and restart your shell after running 'conda init'.


/home/karimimonsefi.1/miniconda3/lib/python3.9/site-packages/mmcv/__init__.py:20: UserWarning: On January 1, 2023, MMCV will release v2.0.0, in which it will remove components related to the training process and add a data transformation module. In addition, it will rename the package names mmcv to mmcv-lite and mmcv-full to mmcv. See https://github.com/open-mmlab/mmcv/blob/master/docs/en/compatibility.md for more details.
  warnings.warn(
/home/karimimonsefi.1/SSL_VAN/BTCV/main.py:100: UserWarning: Found total gpus 2
  warnings.warn("Found total gpus {}".format(args.ngpus_per_node))
/home/karimimonsefi.1/miniconda3/lib/python3.9/site-packages/mmcv/__init__.py:20: UserWarning: On January 1, 2023, MMCV will release v2.0.0, in which it will remove components related to the training process and add a data transformation module. In addition, it will rename the package names mmcv to mmcv-lite and mmcv-full to mmcv. See https://github.com/open-mmlab/mmcv/blob/master/docs/en/compatibility.md for more details.
  warnings.warn(
/home/karimimonsefi.1/miniconda3/lib/python3.9/site-packages/mmcv/__init__.py:20: UserWarning: On January 1, 2023, MMCV will release v2.0.0, in which it will remove components related to the training process and add a data transformation module. In addition, it will rename the package names mmcv to mmcv-lite and mmcv-full to mmcv. See https://github.com/open-mmlab/mmcv/blob/master/docs/en/compatibility.md for more details.
  warnings.warn(
/home/karimimonsefi.1/SSL_VAN/BTCV/main.py:167: UserWarning: 0 gpu 0
  warnings.warn(f"{args.rank} gpu {args.gpu}")
/home/karimimonsefi.1/SSL_VAN/BTCV/main.py:169: UserWarning: Batch size is: 8 epochs 15000
  warnings.warn(f"Batch size is: {args.batch_size} epochs {args.max_epochs}")
/home/karimimonsefi.1/SSL_VAN/BTCV/main.py:167: UserWarning: 1 gpu 1
  warnings.warn(f"{args.rank} gpu {args.gpu}")
/home/karimimonsefi.1/miniconda3/lib/python3.9/site-packages/monai/transforms/post/array.py:176: UserWarning: `to_onehot=True/False` is deprecated, please use `to_onehot=num_classes` instead.
  warnings.warn("`to_onehot=True/False` is deprecated, please use `to_onehot=num_classes` instead.")
/home/karimimonsefi.1/SSL_VAN/BTCV/main.py:235: UserWarning: Total parameters count 30875668
  warnings.warn(f"Total parameters count {pytorch_total_params}")
/home/karimimonsefi.1/SSL_VAN/BTCV/main.py:238: UserWarning: Total args.checkpoint True
  warnings.warn(f"Total args.checkpoint {args.checkpoint}")
/home/karimimonsefi.1/SSL_VAN/BTCV/main.py:245: UserWarning:  Best url model is 64-128-256-512_3-4-6-3_8-8-4-4_vae_VANV3__best.pt, final model url is 64-128-256-512_3-4-6-3_8-8-4-4_vae_VANV3__final.pt
  warnings.warn(f" Best url model is {args.best_model_url}, final model url is {args.final_model_url}")
/home/karimimonsefi.1/miniconda3/lib/python3.9/site-packages/monai/transforms/post/array.py:176: UserWarning: `to_onehot=True/False` is deprecated, please use `to_onehot=num_classes` instead.
  warnings.warn("`to_onehot=True/False` is deprecated, please use `to_onehot=num_classes` instead.")
/home/karimimonsefi.1/SSL_VAN/BTCV/main.py:235: UserWarning: Total parameters count 30875668
  warnings.warn(f"Total parameters count {pytorch_total_params}")
/home/karimimonsefi.1/SSL_VAN/BTCV/main.py:238: UserWarning: Total args.checkpoint True
  warnings.warn(f"Total args.checkpoint {args.checkpoint}")
/home/karimimonsefi.1/SSL_VAN/BTCV/main.py:245: UserWarning:  Best url model is 64-128-256-512_3-4-6-3_8-8-4-4_vae_VANV3__best.pt, final model url is 64-128-256-512_3-4-6-3_8-8-4-4_vae_VANV3__final.pt
  warnings.warn(f" Best url model is {args.best_model_url}, final model url is {args.final_model_url}")
/home/karimimonsefi.1/SSL_VAN/BTCV/trainer.py:140: UserWarning: Writing Tensorboard logs to ./runs/BTCV/test_log
  warnings.warn(f"Writing Tensorboard logs to {args.logdir}")
/home/karimimonsefi.1/SSL_VAN/BTCV/trainer.py:148: UserWarning: 0  Sun Apr 23 20:44:19 2023  Epoch: 0
  warnings.warn(f"{args.rank}  {time.ctime()}  Epoch: {epoch}")
/home/karimimonsefi.1/SSL_VAN/BTCV/trainer.py:148: UserWarning: 1  Sun Apr 23 20:44:19 2023  Epoch: 0
  warnings.warn(f"{args.rank}  {time.ctime()}  Epoch: {epoch}")
input_list/dataset_BTCV_List.json
input_list/dataset_BTCV_List.json
[W reducer.cpp:1298] Warning: find_unused_parameters=True was specified in DDP constructor, but did not find any unused parameters in the forward pass. This flag results in an extra traversal of the autograd graph every iteration,  which can adversely affect performance. If your model indeed never has any unused parameters in the forward pass, consider turning this flag off. Note that this warning may be a false positive if your model has flow control causing later iterations to have unused parameters. (function operator())
[W reducer.cpp:1298] Warning: find_unused_parameters=True was specified in DDP constructor, but did not find any unused parameters in the forward pass. This flag results in an extra traversal of the autograd graph every iteration,  which can adversely affect performance. If your model indeed never has any unused parameters in the forward pass, consider turning this flag off. Note that this warning may be a false positive if your model has flow control causing later iterations to have unused parameters. (function operator())
/home/karimimonsefi.1/SSL_VAN/BTCV/trainer.py:54: UserWarning: Epoch 0/15000 0/2  loss: 3.7937  time 36.57s
  warnings.warn(
/home/karimimonsefi.1/SSL_VAN/BTCV/trainer.py:54: UserWarning: Epoch 0/15000 1/2  loss: 3.7966  time 10.21s
  warnings.warn(
/home/karimimonsefi.1/SSL_VAN/BTCV/trainer.py:154: UserWarning: Final training  0/14999  loss: 3.7966  time 46.78s
  warnings.warn("Final training  {}/{}  loss: {:.4f}  time {:.2f}s".format(epoch, args.max_epochs - 1,
/home/karimimonsefi.1/SSL_VAN/BTCV/trainer.py:103: UserWarning: Val 0/15000 0/3  acc 0.010509339161217213  time 5.97s
  warnings.warn("Val {}/{} {}/{}  acc {}  time {:.2f}s".format(epoch, args.max_epochs, idx, len(loader),
/home/karimimonsefi.1/SSL_VAN/BTCV/trainer.py:103: UserWarning: Val 0/15000 1/3  acc 0.01021120697259903  time 0.18s
  warnings.warn("Val {}/{} {}/{}  acc {}  time {:.2f}s".format(epoch, args.max_epochs, idx, len(loader),
/home/karimimonsefi.1/SSL_VAN/BTCV/trainer.py:103: UserWarning: Val 0/15000 2/3  acc 0.009366407059133053  time 0.18s
  warnings.warn("Val {}/{} {}/{}  acc {}  time {:.2f}s".format(epoch, args.max_epochs, idx, len(loader),
/home/karimimonsefi.1/SSL_VAN/BTCV/trainer.py:178: UserWarning: Final validation  0/14999  acc: 0.0094  time 6.34s
  warnings.warn("Final validation  {}/{}  acc: {:.4f}  time {:.2f}s".format(epoch, args.max_epochs - 1,
/home/karimimonsefi.1/SSL_VAN/BTCV/trainer.py:184: UserWarning: new best (0.000000 --> 0.009366). 
  warnings.warn("new best ({:.6f} --> {:.6f}). ".format(val_acc_max, val_avg_acc))
/home/karimimonsefi.1/SSL_VAN/BTCV/trainer.py:118: UserWarning: Saving checkpoint ./runs/BTCV/test_log/64-128-256-512_3-4-6-3_8-8-4-4_vae_VANV3__final.pt
  warnings.warn(f"Saving checkpoint {filename}")
/home/karimimonsefi.1/SSL_VAN/BTCV/trainer.py:195: UserWarning: Copying to best model new best model!!!!
  warnings.warn("Copying to best model new best model!!!!")
/home/karimimonsefi.1/SSL_VAN/BTCV/trainer.py:148: UserWarning: 0  Sun Apr 23 20:45:13 2023  Epoch: 1
  warnings.warn(f"{args.rank}  {time.ctime()}  Epoch: {epoch}")
/home/karimimonsefi.1/SSL_VAN/BTCV/trainer.py:148: UserWarning: 1  Sun Apr 23 20:45:13 2023  Epoch: 1
  warnings.warn(f"{args.rank}  {time.ctime()}  Epoch: {epoch}")
/home/karimimonsefi.1/SSL_VAN/BTCV/trainer.py:54: UserWarning: Epoch 1/15000 0/2  loss: 3.7939  time 20.87s
  warnings.warn(
/home/karimimonsefi.1/SSL_VAN/BTCV/trainer.py:54: UserWarning: Epoch 1/15000 1/2  loss: 3.7921  time 0.62s
  warnings.warn(
/home/karimimonsefi.1/SSL_VAN/BTCV/trainer.py:154: UserWarning: Final training  1/14999  loss: 3.7921  time 21.50s
  warnings.warn("Final training  {}/{}  loss: {:.4f}  time {:.2f}s".format(epoch, args.max_epochs - 1,
/home/karimimonsefi.1/SSL_VAN/BTCV/trainer.py:103: UserWarning: Val 1/15000 0/3  acc 0.00913153775036335  time 3.78s
  warnings.warn("Val {}/{} {}/{}  acc {}  time {:.2f}s".format(epoch, args.max_epochs, idx, len(loader),
/home/karimimonsefi.1/SSL_VAN/BTCV/trainer.py:103: UserWarning: Val 1/15000 1/3  acc 0.009270882233977318  time 0.18s
  warnings.warn("Val {}/{} {}/{}  acc {}  time {:.2f}s".format(epoch, args.max_epochs, idx, len(loader),
/home/karimimonsefi.1/SSL_VAN/BTCV/trainer.py:103: UserWarning: Val 1/15000 2/3  acc 0.009718392044305801  time 0.18s
  warnings.warn("Val {}/{} {}/{}  acc {}  time {:.2f}s".format(epoch, args.max_epochs, idx, len(loader),
/home/karimimonsefi.1/SSL_VAN/BTCV/trainer.py:178: UserWarning: Final validation  1/14999  acc: 0.0097  time 4.14s
  warnings.warn("Final validation  {}/{}  acc: {:.4f}  time {:.2f}s".format(epoch, args.max_epochs - 1,
/home/karimimonsefi.1/SSL_VAN/BTCV/trainer.py:184: UserWarning: new best (0.009366 --> 0.009718). 
  warnings.warn("new best ({:.6f} --> {:.6f}). ".format(val_acc_max, val_avg_acc))
/home/karimimonsefi.1/SSL_VAN/BTCV/trainer.py:148: UserWarning: 0  Sun Apr 23 20:45:40 2023  Epoch: 2
  warnings.warn(f"{args.rank}  {time.ctime()}  Epoch: {epoch}")
/home/karimimonsefi.1/SSL_VAN/BTCV/trainer.py:148: UserWarning: 1  Sun Apr 23 20:45:40 2023  Epoch: 2
  warnings.warn(f"{args.rank}  {time.ctime()}  Epoch: {epoch}")
/home/karimimonsefi.1/SSL_VAN/BTCV/trainer.py:54: UserWarning: Epoch 2/15000 0/2  loss: 3.7846  time 19.28s
  warnings.warn(
/home/karimimonsefi.1/SSL_VAN/BTCV/trainer.py:54: UserWarning: Epoch 2/15000 1/2  loss: 3.7745  time 0.63s
  warnings.warn(
/home/karimimonsefi.1/SSL_VAN/BTCV/trainer.py:154: UserWarning: Final training  2/14999  loss: 3.7745  time 19.92s
  warnings.warn("Final training  {}/{}  loss: {:.4f}  time {:.2f}s".format(epoch, args.max_epochs - 1,
/home/karimimonsefi.1/SSL_VAN/BTCV/trainer.py:103: UserWarning: Val 2/15000 0/3  acc 0.01025148294866085  time 3.79s
  warnings.warn("Val {}/{} {}/{}  acc {}  time {:.2f}s".format(epoch, args.max_epochs, idx, len(loader),
/home/karimimonsefi.1/SSL_VAN/BTCV/trainer.py:103: UserWarning: Val 2/15000 1/3  acc 0.01059712003916502  time 0.18s
  warnings.warn("Val {}/{} {}/{}  acc {}  time {:.2f}s".format(epoch, args.max_epochs, idx, len(loader),
/home/karimimonsefi.1/SSL_VAN/BTCV/trainer.py:103: UserWarning: Val 2/15000 2/3  acc 0.010397014208137989  time 0.18s
  warnings.warn("Val {}/{} {}/{}  acc {}  time {:.2f}s".format(epoch, args.max_epochs, idx, len(loader),
/home/karimimonsefi.1/SSL_VAN/BTCV/trainer.py:178: UserWarning: Final validation  2/14999  acc: 0.0104  time 4.15s
  warnings.warn("Final validation  {}/{}  acc: {:.4f}  time {:.2f}s".format(epoch, args.max_epochs - 1,
/home/karimimonsefi.1/SSL_VAN/BTCV/trainer.py:184: UserWarning: new best (0.009718 --> 0.010397). 
  warnings.warn("new best ({:.6f} --> {:.6f}). ".format(val_acc_max, val_avg_acc))
/home/karimimonsefi.1/SSL_VAN/BTCV/trainer.py:148: UserWarning: 0  Sun Apr 23 20:46:05 2023  Epoch: 3
  warnings.warn(f"{args.rank}  {time.ctime()}  Epoch: {epoch}")
/home/karimimonsefi.1/SSL_VAN/BTCV/trainer.py:148: UserWarning: 1  Sun Apr 23 20:46:05 2023  Epoch: 3
  warnings.warn(f"{args.rank}  {time.ctime()}  Epoch: {epoch}")
/home/karimimonsefi.1/SSL_VAN/BTCV/trainer.py:54: UserWarning: Epoch 3/15000 0/2  loss: 3.7606  time 18.55s
  warnings.warn(
/home/karimimonsefi.1/SSL_VAN/BTCV/trainer.py:54: UserWarning: Epoch 3/15000 1/2  loss: 3.7558  time 0.62s
  warnings.warn(
/home/karimimonsefi.1/SSL_VAN/BTCV/trainer.py:154: UserWarning: Final training  3/14999  loss: 3.7558  time 19.18s
  warnings.warn("Final training  {}/{}  loss: {:.4f}  time {:.2f}s".format(epoch, args.max_epochs - 1,
/home/karimimonsefi.1/SSL_VAN/BTCV/trainer.py:103: UserWarning: Val 3/15000 0/3  acc 0.012186611071228981  time 3.75s
  warnings.warn("Val {}/{} {}/{}  acc {}  time {:.2f}s".format(epoch, args.max_epochs, idx, len(loader),
/home/karimimonsefi.1/SSL_VAN/BTCV/trainer.py:103: UserWarning: Val 3/15000 1/3  acc 0.011372325010597706  time 0.18s
  warnings.warn("Val {}/{} {}/{}  acc {}  time {:.2f}s".format(epoch, args.max_epochs, idx, len(loader),
/home/karimimonsefi.1/SSL_VAN/BTCV/trainer.py:103: UserWarning: Val 3/15000 2/3  acc 0.01042044349014759  time 0.18s
  warnings.warn("Val {}/{} {}/{}  acc {}  time {:.2f}s".format(epoch, args.max_epochs, idx, len(loader),
/home/karimimonsefi.1/SSL_VAN/BTCV/trainer.py:178: UserWarning: Final validation  3/14999  acc: 0.0104  time 4.11s
  warnings.warn("Final validation  {}/{}  acc: {:.4f}  time {:.2f}s".format(epoch, args.max_epochs - 1,
/home/karimimonsefi.1/SSL_VAN/BTCV/trainer.py:184: UserWarning: new best (0.010397 --> 0.010420). 
  warnings.warn("new best ({:.6f} --> {:.6f}). ".format(val_acc_max, val_avg_acc))
/home/karimimonsefi.1/SSL_VAN/BTCV/trainer.py:148: UserWarning: 0  Sun Apr 23 20:46:29 2023  Epoch: 4
  warnings.warn(f"{args.rank}  {time.ctime()}  Epoch: {epoch}")
/home/karimimonsefi.1/SSL_VAN/BTCV/trainer.py:148: UserWarning: 1  Sun Apr 23 20:46:29 2023  Epoch: 4
  warnings.warn(f"{args.rank}  {time.ctime()}  Epoch: {epoch}")
/home/karimimonsefi.1/SSL_VAN/BTCV/trainer.py:54: UserWarning: Epoch 4/15000 0/2  loss: 3.7578  time 19.14s
  warnings.warn(
/home/karimimonsefi.1/SSL_VAN/BTCV/trainer.py:54: UserWarning: Epoch 4/15000 1/2  loss: 3.7540  time 0.62s
  warnings.warn(
/home/karimimonsefi.1/SSL_VAN/BTCV/trainer.py:154: UserWarning: Final training  4/14999  loss: 3.7540  time 19.77s
  warnings.warn("Final training  {}/{}  loss: {:.4f}  time {:.2f}s".format(epoch, args.max_epochs - 1,
/home/karimimonsefi.1/SSL_VAN/BTCV/trainer.py:103: UserWarning: Val 4/15000 0/3  acc 0.01238000113517046  time 3.75s
  warnings.warn("Val {}/{} {}/{}  acc {}  time {:.2f}s".format(epoch, args.max_epochs, idx, len(loader),
/home/karimimonsefi.1/SSL_VAN/BTCV/trainer.py:103: UserWarning: Val 4/15000 1/3  acc 0.011404873803257942  time 0.18s
  warnings.warn("Val {}/{} {}/{}  acc {}  time {:.2f}s".format(epoch, args.max_epochs, idx, len(loader),
/home/karimimonsefi.1/SSL_VAN/BTCV/trainer.py:103: UserWarning: Val 4/15000 2/3  acc 0.01067203190177679  time 0.18s
  warnings.warn("Val {}/{} {}/{}  acc {}  time {:.2f}s".format(epoch, args.max_epochs, idx, len(loader),
/home/karimimonsefi.1/SSL_VAN/BTCV/trainer.py:178: UserWarning: Final validation  4/14999  acc: 0.0107  time 4.11s
  warnings.warn("Final validation  {}/{}  acc: {:.4f}  time {:.2f}s".format(epoch, args.max_epochs - 1,
/home/karimimonsefi.1/SSL_VAN/BTCV/trainer.py:184: UserWarning: new best (0.010420 --> 0.010672). 
  warnings.warn("new best ({:.6f} --> {:.6f}). ".format(val_acc_max, val_avg_acc))
/home/karimimonsefi.1/SSL_VAN/BTCV/trainer.py:148: UserWarning: 0  Sun Apr 23 20:46:54 2023  Epoch: 5
  warnings.warn(f"{args.rank}  {time.ctime()}  Epoch: {epoch}")
/home/karimimonsefi.1/SSL_VAN/BTCV/trainer.py:148: UserWarning: 1  Sun Apr 23 20:46:54 2023  Epoch: 5
  warnings.warn(f"{args.rank}  {time.ctime()}  Epoch: {epoch}")
/home/karimimonsefi.1/SSL_VAN/BTCV/trainer.py:54: UserWarning: Epoch 5/15000 0/2  loss: 3.7325  time 21.26s
  warnings.warn(
/home/karimimonsefi.1/SSL_VAN/BTCV/trainer.py:54: UserWarning: Epoch 5/15000 1/2  loss: 3.7308  time 0.62s
  warnings.warn(
/home/karimimonsefi.1/SSL_VAN/BTCV/trainer.py:154: UserWarning: Final training  5/14999  loss: 3.7308  time 21.89s
  warnings.warn("Final training  {}/{}  loss: {:.4f}  time {:.2f}s".format(epoch, args.max_epochs - 1,
/home/karimimonsefi.1/SSL_VAN/BTCV/trainer.py:103: UserWarning: Val 5/15000 0/3  acc 0.01394178718328476  time 3.77s
  warnings.warn("Val {}/{} {}/{}  acc {}  time {:.2f}s".format(epoch, args.max_epochs, idx, len(loader),
/home/karimimonsefi.1/SSL_VAN/BTCV/trainer.py:103: UserWarning: Val 5/15000 1/3  acc 0.015516260638833046  time 0.18s
  warnings.warn("Val {}/{} {}/{}  acc {}  time {:.2f}s".format(epoch, args.max_epochs, idx, len(loader),
/home/karimimonsefi.1/SSL_VAN/BTCV/trainer.py:103: UserWarning: Val 5/15000 2/3  acc 0.014178472571074963  time 0.18s
  warnings.warn("Val {}/{} {}/{}  acc {}  time {:.2f}s".format(epoch, args.max_epochs, idx, len(loader),
/home/karimimonsefi.1/SSL_VAN/BTCV/trainer.py:178: UserWarning: Final validation  5/14999  acc: 0.0142  time 4.13s
  warnings.warn("Final validation  {}/{}  acc: {:.4f}  time {:.2f}s".format(epoch, args.max_epochs - 1,
/home/karimimonsefi.1/SSL_VAN/BTCV/trainer.py:184: UserWarning: new best (0.010672 --> 0.014178). 
  warnings.warn("new best ({:.6f} --> {:.6f}). ".format(val_acc_max, val_avg_acc))
/home/karimimonsefi.1/SSL_VAN/BTCV/trainer.py:148: UserWarning: 0  Sun Apr 23 20:47:21 2023  Epoch: 6
  warnings.warn(f"{args.rank}  {time.ctime()}  Epoch: {epoch}")
/home/karimimonsefi.1/SSL_VAN/BTCV/trainer.py:148: UserWarning: 1  Sun Apr 23 20:47:21 2023  Epoch: 6
  warnings.warn(f"{args.rank}  {time.ctime()}  Epoch: {epoch}")
/home/karimimonsefi.1/SSL_VAN/BTCV/trainer.py:54: UserWarning: Epoch 6/15000 0/2  loss: 3.7326  time 20.90s
  warnings.warn(
/home/karimimonsefi.1/SSL_VAN/BTCV/trainer.py:54: UserWarning: Epoch 6/15000 1/2  loss: 3.7253  time 0.62s
  warnings.warn(
/home/karimimonsefi.1/SSL_VAN/BTCV/trainer.py:154: UserWarning: Final training  6/14999  loss: 3.7253  time 21.53s
  warnings.warn("Final training  {}/{}  loss: {:.4f}  time {:.2f}s".format(epoch, args.max_epochs - 1,
/home/karimimonsefi.1/SSL_VAN/BTCV/trainer.py:103: UserWarning: Val 6/15000 0/3  acc 0.01701509580016136  time 3.80s
  warnings.warn("Val {}/{} {}/{}  acc {}  time {:.2f}s".format(epoch, args.max_epochs, idx, len(loader),
/home/karimimonsefi.1/SSL_VAN/BTCV/trainer.py:103: UserWarning: Val 6/15000 1/3  acc 0.016646213829517365  time 0.18s
  warnings.warn("Val {}/{} {}/{}  acc {}  time {:.2f}s".format(epoch, args.max_epochs, idx, len(loader),
/home/karimimonsefi.1/SSL_VAN/BTCV/trainer.py:103: UserWarning: Val 6/15000 2/3  acc 0.01593904197216034  time 0.18s
  warnings.warn("Val {}/{} {}/{}  acc {}  time {:.2f}s".format(epoch, args.max_epochs, idx, len(loader),
/home/karimimonsefi.1/SSL_VAN/BTCV/trainer.py:178: UserWarning: Final validation  6/14999  acc: 0.0159  time 4.17s
  warnings.warn("Final validation  {}/{}  acc: {:.4f}  time {:.2f}s".format(epoch, args.max_epochs - 1,
/home/karimimonsefi.1/SSL_VAN/BTCV/trainer.py:184: UserWarning: new best (0.014178 --> 0.015939). 
  warnings.warn("new best ({:.6f} --> {:.6f}). ".format(val_acc_max, val_avg_acc))
/home/karimimonsefi.1/SSL_VAN/BTCV/trainer.py:148: UserWarning: 0  Sun Apr 23 20:47:47 2023  Epoch: 7
  warnings.warn(f"{args.rank}  {time.ctime()}  Epoch: {epoch}")
/home/karimimonsefi.1/SSL_VAN/BTCV/trainer.py:148: UserWarning: 1  Sun Apr 23 20:47:47 2023  Epoch: 7
  warnings.warn(f"{args.rank}  {time.ctime()}  Epoch: {epoch}")
/home/karimimonsefi.1/SSL_VAN/BTCV/trainer.py:54: UserWarning: Epoch 7/15000 0/2  loss: 3.7030  time 20.45s
  warnings.warn(
/home/karimimonsefi.1/SSL_VAN/BTCV/trainer.py:54: UserWarning: Epoch 7/15000 1/2  loss: 3.6834  time 0.62s
  warnings.warn(
/home/karimimonsefi.1/SSL_VAN/BTCV/trainer.py:154: UserWarning: Final training  7/14999  loss: 3.6834  time 21.07s
  warnings.warn("Final training  {}/{}  loss: {:.4f}  time {:.2f}s".format(epoch, args.max_epochs - 1,
/home/karimimonsefi.1/SSL_VAN/BTCV/trainer.py:103: UserWarning: Val 7/15000 0/3  acc 0.022128872573375702  time 3.81s
  warnings.warn("Val {}/{} {}/{}  acc {}  time {:.2f}s".format(epoch, args.max_epochs, idx, len(loader),
/home/karimimonsefi.1/SSL_VAN/BTCV/trainer.py:103: UserWarning: Val 7/15000 1/3  acc 0.02053551748394966  time 0.18s
  warnings.warn("Val {}/{} {}/{}  acc {}  time {:.2f}s".format(epoch, args.max_epochs, idx, len(loader),
/home/karimimonsefi.1/SSL_VAN/BTCV/trainer.py:103: UserWarning: Val 7/15000 2/3  acc 0.020052138715982437  time 0.18s
  warnings.warn("Val {}/{} {}/{}  acc {}  time {:.2f}s".format(epoch, args.max_epochs, idx, len(loader),
/home/karimimonsefi.1/SSL_VAN/BTCV/trainer.py:178: UserWarning: Final validation  7/14999  acc: 0.0201  time 4.18s
  warnings.warn("Final validation  {}/{}  acc: {:.4f}  time {:.2f}s".format(epoch, args.max_epochs - 1,
/home/karimimonsefi.1/SSL_VAN/BTCV/trainer.py:184: UserWarning: new best (0.015939 --> 0.020052). 
  warnings.warn("new best ({:.6f} --> {:.6f}). ".format(val_acc_max, val_avg_acc))
/home/karimimonsefi.1/SSL_VAN/BTCV/trainer.py:148: UserWarning: 0  Sun Apr 23 20:48:13 2023  Epoch: 8
  warnings.warn(f"{args.rank}  {time.ctime()}  Epoch: {epoch}")
/home/karimimonsefi.1/SSL_VAN/BTCV/trainer.py:148: UserWarning: 1  Sun Apr 23 20:48:13 2023  Epoch: 8
  warnings.warn(f"{args.rank}  {time.ctime()}  Epoch: {epoch}")
/home/karimimonsefi.1/SSL_VAN/BTCV/trainer.py:54: UserWarning: Epoch 8/15000 0/2  loss: 3.6797  time 20.97s
  warnings.warn(
/home/karimimonsefi.1/SSL_VAN/BTCV/trainer.py:54: UserWarning: Epoch 8/15000 1/2  loss: 3.6684  time 0.62s
  warnings.warn(
/home/karimimonsefi.1/SSL_VAN/BTCV/trainer.py:154: UserWarning: Final training  8/14999  loss: 3.6684  time 21.59s
  warnings.warn("Final training  {}/{}  loss: {:.4f}  time {:.2f}s".format(epoch, args.max_epochs - 1,
/home/karimimonsefi.1/SSL_VAN/BTCV/trainer.py:103: UserWarning: Val 8/15000 0/3  acc 0.027024824172258377  time 3.80s
  warnings.warn("Val {}/{} {}/{}  acc {}  time {:.2f}s".format(epoch, args.max_epochs, idx, len(loader),
/home/karimimonsefi.1/SSL_VAN/BTCV/trainer.py:103: UserWarning: Val 8/15000 1/3  acc 0.0220488253980875  time 0.18s
  warnings.warn("Val {}/{} {}/{}  acc {}  time {:.2f}s".format(epoch, args.max_epochs, idx, len(loader),
/home/karimimonsefi.1/SSL_VAN/BTCV/trainer.py:103: UserWarning: Val 8/15000 2/3  acc 0.021768586710095406  time 0.18s
  warnings.warn("Val {}/{} {}/{}  acc {}  time {:.2f}s".format(epoch, args.max_epochs, idx, len(loader),
/home/karimimonsefi.1/SSL_VAN/BTCV/trainer.py:178: UserWarning: Final validation  8/14999  acc: 0.0218  time 4.17s
  warnings.warn("Final validation  {}/{}  acc: {:.4f}  time {:.2f}s".format(epoch, args.max_epochs - 1,
/home/karimimonsefi.1/SSL_VAN/BTCV/trainer.py:184: UserWarning: new best (0.020052 --> 0.021769). 
  warnings.warn("new best ({:.6f} --> {:.6f}). ".format(val_acc_max, val_avg_acc))
/home/karimimonsefi.1/SSL_VAN/BTCV/trainer.py:148: UserWarning: 0  Sun Apr 23 20:48:40 2023  Epoch: 9
  warnings.warn(f"{args.rank}  {time.ctime()}  Epoch: {epoch}")
/home/karimimonsefi.1/SSL_VAN/BTCV/trainer.py:148: UserWarning: 1  Sun Apr 23 20:48:40 2023  Epoch: 9
  warnings.warn(f"{args.rank}  {time.ctime()}  Epoch: {epoch}")
/home/karimimonsefi.1/SSL_VAN/BTCV/trainer.py:54: UserWarning: Epoch 9/15000 0/2  loss: 3.6656  time 19.51s
  warnings.warn(
/home/karimimonsefi.1/SSL_VAN/BTCV/trainer.py:54: UserWarning: Epoch 9/15000 1/2  loss: 3.6515  time 0.62s
  warnings.warn(
/home/karimimonsefi.1/SSL_VAN/BTCV/trainer.py:154: UserWarning: Final training  9/14999  loss: 3.6515  time 20.14s
  warnings.warn("Final training  {}/{}  loss: {:.4f}  time {:.2f}s".format(epoch, args.max_epochs - 1,
/home/karimimonsefi.1/SSL_VAN/BTCV/trainer.py:103: UserWarning: Val 9/15000 0/3  acc 0.030944425612688065  time 3.79s
  warnings.warn("Val {}/{} {}/{}  acc {}  time {:.2f}s".format(epoch, args.max_epochs, idx, len(loader),
/home/karimimonsefi.1/SSL_VAN/BTCV/trainer.py:103: UserWarning: Val 9/15000 1/3  acc 0.024151191115379333  time 0.18s
  warnings.warn("Val {}/{} {}/{}  acc {}  time {:.2f}s".format(epoch, args.max_epochs, idx, len(loader),
/home/karimimonsefi.1/SSL_VAN/BTCV/trainer.py:103: UserWarning: Val 9/15000 2/3  acc 0.024052275344729424  time 0.18s
  warnings.warn("Val {}/{} {}/{}  acc {}  time {:.2f}s".format(epoch, args.max_epochs, idx, len(loader),
/home/karimimonsefi.1/SSL_VAN/BTCV/trainer.py:178: UserWarning: Final validation  9/14999  acc: 0.0241  time 4.15s
  warnings.warn("Final validation  {}/{}  acc: {:.4f}  time {:.2f}s".format(epoch, args.max_epochs - 1,
/home/karimimonsefi.1/SSL_VAN/BTCV/trainer.py:184: UserWarning: new best (0.021769 --> 0.024052). 
  warnings.warn("new best ({:.6f} --> {:.6f}). ".format(val_acc_max, val_avg_acc))
/home/karimimonsefi.1/SSL_VAN/BTCV/trainer.py:148: UserWarning: 0  Sun Apr 23 20:49:05 2023  Epoch: 10
  warnings.warn(f"{args.rank}  {time.ctime()}  Epoch: {epoch}")
/home/karimimonsefi.1/SSL_VAN/BTCV/trainer.py:148: UserWarning: 1  Sun Apr 23 20:49:05 2023  Epoch: 10
  warnings.warn(f"{args.rank}  {time.ctime()}  Epoch: {epoch}")
/home/karimimonsefi.1/SSL_VAN/BTCV/trainer.py:54: UserWarning: Epoch 10/15000 0/2  loss: 3.6316  time 20.09s
  warnings.warn(
/home/karimimonsefi.1/SSL_VAN/BTCV/trainer.py:54: UserWarning: Epoch 10/15000 1/2  loss: 3.6305  time 0.62s
  warnings.warn(
/home/karimimonsefi.1/SSL_VAN/BTCV/trainer.py:154: UserWarning: Final training  10/14999  loss: 3.6305  time 20.72s
  warnings.warn("Final training  {}/{}  loss: {:.4f}  time {:.2f}s".format(epoch, args.max_epochs - 1,
/home/karimimonsefi.1/SSL_VAN/BTCV/trainer.py:103: UserWarning: Val 10/15000 0/3  acc 0.03699521720409393  time 3.79s
  warnings.warn("Val {}/{} {}/{}  acc {}  time {:.2f}s".format(epoch, args.max_epochs, idx, len(loader),
/home/karimimonsefi.1/SSL_VAN/BTCV/trainer.py:103: UserWarning: Val 10/15000 1/3  acc 0.03340484946966171  time 0.18s
  warnings.warn("Val {}/{} {}/{}  acc {}  time {:.2f}s".format(epoch, args.max_epochs, idx, len(loader),
/home/karimimonsefi.1/SSL_VAN/BTCV/trainer.py:103: UserWarning: Val 10/15000 2/3  acc 0.0301577840000391  time 0.18s
  warnings.warn("Val {}/{} {}/{}  acc {}  time {:.2f}s".format(epoch, args.max_epochs, idx, len(loader),
/home/karimimonsefi.1/SSL_VAN/BTCV/trainer.py:178: UserWarning: Final validation  10/14999  acc: 0.0302  time 4.15s
  warnings.warn("Final validation  {}/{}  acc: {:.4f}  time {:.2f}s".format(epoch, args.max_epochs - 1,
/home/karimimonsefi.1/SSL_VAN/BTCV/trainer.py:184: UserWarning: new best (0.024052 --> 0.030158). 
  warnings.warn("new best ({:.6f} --> {:.6f}). ".format(val_acc_max, val_avg_acc))
/home/karimimonsefi.1/SSL_VAN/BTCV/trainer.py:148: UserWarning: 0  Sun Apr 23 20:49:31 2023  Epoch: 11
  warnings.warn(f"{args.rank}  {time.ctime()}  Epoch: {epoch}")
/home/karimimonsefi.1/SSL_VAN/BTCV/trainer.py:148: UserWarning: 1  Sun Apr 23 20:49:31 2023  Epoch: 11
  warnings.warn(f"{args.rank}  {time.ctime()}  Epoch: {epoch}")
/home/karimimonsefi.1/SSL_VAN/BTCV/trainer.py:54: UserWarning: Epoch 11/15000 0/2  loss: 3.6173  time 20.42s
  warnings.warn(
/home/karimimonsefi.1/SSL_VAN/BTCV/trainer.py:54: UserWarning: Epoch 11/15000 1/2  loss: 3.6203  time 0.62s
  warnings.warn(
/home/karimimonsefi.1/SSL_VAN/BTCV/trainer.py:154: UserWarning: Final training  11/14999  loss: 3.6203  time 21.04s
  warnings.warn("Final training  {}/{}  loss: {:.4f}  time {:.2f}s".format(epoch, args.max_epochs - 1,
/home/karimimonsefi.1/SSL_VAN/BTCV/trainer.py:103: UserWarning: Val 11/15000 0/3  acc 0.038461633026599884  time 3.76s
  warnings.warn("Val {}/{} {}/{}  acc {}  time {:.2f}s".format(epoch, args.max_epochs, idx, len(loader),
/home/karimimonsefi.1/SSL_VAN/BTCV/trainer.py:103: UserWarning: Val 11/15000 1/3  acc 0.03417070582509041  time 0.19s
  warnings.warn("Val {}/{} {}/{}  acc {}  time {:.2f}s".format(epoch, args.max_epochs, idx, len(loader),
/home/karimimonsefi.1/SSL_VAN/BTCV/trainer.py:103: UserWarning: Val 11/15000 2/3  acc 0.032353486865758896  time 0.18s
  warnings.warn("Val {}/{} {}/{}  acc {}  time {:.2f}s".format(epoch, args.max_epochs, idx, len(loader),
/home/karimimonsefi.1/SSL_VAN/BTCV/trainer.py:178: UserWarning: Final validation  11/14999  acc: 0.0324  time 4.14s
  warnings.warn("Final validation  {}/{}  acc: {:.4f}  time {:.2f}s".format(epoch, args.max_epochs - 1,
/home/karimimonsefi.1/SSL_VAN/BTCV/trainer.py:184: UserWarning: new best (0.030158 --> 0.032353). 
  warnings.warn("new best ({:.6f} --> {:.6f}). ".format(val_acc_max, val_avg_acc))
/home/karimimonsefi.1/SSL_VAN/BTCV/trainer.py:148: UserWarning: 0  Sun Apr 23 20:49:57 2023  Epoch: 12
  warnings.warn(f"{args.rank}  {time.ctime()}  Epoch: {epoch}")
/home/karimimonsefi.1/SSL_VAN/BTCV/trainer.py:148: UserWarning: 1  Sun Apr 23 20:49:57 2023  Epoch: 12
  warnings.warn(f"{args.rank}  {time.ctime()}  Epoch: {epoch}")
/home/karimimonsefi.1/SSL_VAN/BTCV/trainer.py:54: UserWarning: Epoch 12/15000 0/2  loss: 3.5774  time 19.54s
  warnings.warn(
/home/karimimonsefi.1/SSL_VAN/BTCV/trainer.py:54: UserWarning: Epoch 12/15000 1/2  loss: 3.5835  time 0.62s
  warnings.warn(
/home/karimimonsefi.1/SSL_VAN/BTCV/trainer.py:154: UserWarning: Final training  12/14999  loss: 3.5835  time 20.17s
  warnings.warn("Final training  {}/{}  loss: {:.4f}  time {:.2f}s".format(epoch, args.max_epochs - 1,
/home/karimimonsefi.1/SSL_VAN/BTCV/trainer.py:103: UserWarning: Val 12/15000 0/3  acc 0.04179609566926956  time 3.79s
  warnings.warn("Val {}/{} {}/{}  acc {}  time {:.2f}s".format(epoch, args.max_epochs, idx, len(loader),
/home/karimimonsefi.1/SSL_VAN/BTCV/trainer.py:103: UserWarning: Val 12/15000 1/3  acc 0.04126119241118431  time 0.18s
  warnings.warn("Val {}/{} {}/{}  acc {}  time {:.2f}s".format(epoch, args.max_epochs, idx, len(loader),
/home/karimimonsefi.1/SSL_VAN/BTCV/trainer.py:103: UserWarning: Val 12/15000 2/3  acc 0.03752533346414566  time 0.18s
  warnings.warn("Val {}/{} {}/{}  acc {}  time {:.2f}s".format(epoch, args.max_epochs, idx, len(loader),
/home/karimimonsefi.1/SSL_VAN/BTCV/trainer.py:178: UserWarning: Final validation  12/14999  acc: 0.0375  time 4.15s
  warnings.warn("Final validation  {}/{}  acc: {:.4f}  time {:.2f}s".format(epoch, args.max_epochs - 1,
/home/karimimonsefi.1/SSL_VAN/BTCV/trainer.py:184: UserWarning: new best (0.032353 --> 0.037525). 
  warnings.warn("new best ({:.6f} --> {:.6f}). ".format(val_acc_max, val_avg_acc))
/home/karimimonsefi.1/SSL_VAN/BTCV/trainer.py:148: UserWarning: 0  Sun Apr 23 20:50:22 2023  Epoch: 13
  warnings.warn(f"{args.rank}  {time.ctime()}  Epoch: {epoch}")
/home/karimimonsefi.1/SSL_VAN/BTCV/trainer.py:148: UserWarning: 1  Sun Apr 23 20:50:22 2023  Epoch: 13
  warnings.warn(f"{args.rank}  {time.ctime()}  Epoch: {epoch}")
/home/karimimonsefi.1/SSL_VAN/BTCV/trainer.py:54: UserWarning: Epoch 13/15000 0/2  loss: 3.5860  time 20.20s
  warnings.warn(
/home/karimimonsefi.1/SSL_VAN/BTCV/trainer.py:54: UserWarning: Epoch 13/15000 1/2  loss: 3.5746  time 0.62s
  warnings.warn(
/home/karimimonsefi.1/SSL_VAN/BTCV/trainer.py:154: UserWarning: Final training  13/14999  loss: 3.5746  time 20.82s
  warnings.warn("Final training  {}/{}  loss: {:.4f}  time {:.2f}s".format(epoch, args.max_epochs - 1,
/home/karimimonsefi.1/SSL_VAN/BTCV/trainer.py:103: UserWarning: Val 13/15000 0/3  acc 0.04376954585313797  time 3.72s
  warnings.warn("Val {}/{} {}/{}  acc {}  time {:.2f}s".format(epoch, args.max_epochs, idx, len(loader),
/home/karimimonsefi.1/SSL_VAN/BTCV/trainer.py:103: UserWarning: Val 13/15000 1/3  acc 0.046535640954971313  time 0.18s
  warnings.warn("Val {}/{} {}/{}  acc {}  time {:.2f}s".format(epoch, args.max_epochs, idx, len(loader),
/home/karimimonsefi.1/SSL_VAN/BTCV/trainer.py:103: UserWarning: Val 13/15000 2/3  acc 0.04327143356204033  time 0.18s
  warnings.warn("Val {}/{} {}/{}  acc {}  time {:.2f}s".format(epoch, args.max_epochs, idx, len(loader),
/home/karimimonsefi.1/SSL_VAN/BTCV/trainer.py:178: UserWarning: Final validation  13/14999  acc: 0.0433  time 4.08s
  warnings.warn("Final validation  {}/{}  acc: {:.4f}  time {:.2f}s".format(epoch, args.max_epochs - 1,
/home/karimimonsefi.1/SSL_VAN/BTCV/trainer.py:184: UserWarning: new best (0.037525 --> 0.043271). 
  warnings.warn("new best ({:.6f} --> {:.6f}). ".format(val_acc_max, val_avg_acc))
/home/karimimonsefi.1/SSL_VAN/BTCV/trainer.py:148: UserWarning: 0  Sun Apr 23 20:50:48 2023  Epoch: 14
  warnings.warn(f"{args.rank}  {time.ctime()}  Epoch: {epoch}")
/home/karimimonsefi.1/SSL_VAN/BTCV/trainer.py:148: UserWarning: 1  Sun Apr 23 20:50:48 2023  Epoch: 14
  warnings.warn(f"{args.rank}  {time.ctime()}  Epoch: {epoch}")
/home/karimimonsefi.1/SSL_VAN/BTCV/trainer.py:54: UserWarning: Epoch 14/15000 0/2  loss: 3.5590  time 20.05s
  warnings.warn(
/home/karimimonsefi.1/SSL_VAN/BTCV/trainer.py:54: UserWarning: Epoch 14/15000 1/2  loss: 3.5586  time 0.62s
  warnings.warn(
/home/karimimonsefi.1/SSL_VAN/BTCV/trainer.py:154: UserWarning: Final training  14/14999  loss: 3.5586  time 20.67s
  warnings.warn("Final training  {}/{}  loss: {:.4f}  time {:.2f}s".format(epoch, args.max_epochs - 1,
/home/karimimonsefi.1/SSL_VAN/BTCV/trainer.py:103: UserWarning: Val 14/15000 0/3  acc 0.0549350306391716  time 3.79s
  warnings.warn("Val {}/{} {}/{}  acc {}  time {:.2f}s".format(epoch, args.max_epochs, idx, len(loader),
/home/karimimonsefi.1/SSL_VAN/BTCV/trainer.py:103: UserWarning: Val 14/15000 1/3  acc 0.055960915982723236  time 0.18s
  warnings.warn("Val {}/{} {}/{}  acc {}  time {:.2f}s".format(epoch, args.max_epochs, idx, len(loader),
/home/karimimonsefi.1/SSL_VAN/BTCV/trainer.py:103: UserWarning: Val 14/15000 2/3  acc 0.0535106435418129  time 0.18s
  warnings.warn("Val {}/{} {}/{}  acc {}  time {:.2f}s".format(epoch, args.max_epochs, idx, len(loader),
/home/karimimonsefi.1/SSL_VAN/BTCV/trainer.py:178: UserWarning: Final validation  14/14999  acc: 0.0535  time 4.16s
  warnings.warn("Final validation  {}/{}  acc: {:.4f}  time {:.2f}s".format(epoch, args.max_epochs - 1,
/home/karimimonsefi.1/SSL_VAN/BTCV/trainer.py:184: UserWarning: new best (0.043271 --> 0.053511). 
  warnings.warn("new best ({:.6f} --> {:.6f}). ".format(val_acc_max, val_avg_acc))
/home/karimimonsefi.1/SSL_VAN/BTCV/trainer.py:148: UserWarning: 0  Sun Apr 23 20:51:14 2023  Epoch: 15
  warnings.warn(f"{args.rank}  {time.ctime()}  Epoch: {epoch}")
/home/karimimonsefi.1/SSL_VAN/BTCV/trainer.py:148: UserWarning: 1  Sun Apr 23 20:51:14 2023  Epoch: 15
  warnings.warn(f"{args.rank}  {time.ctime()}  Epoch: {epoch}")
/home/karimimonsefi.1/SSL_VAN/BTCV/trainer.py:54: UserWarning: Epoch 15/15000 0/2  loss: 3.5342  time 19.47s
  warnings.warn(
/home/karimimonsefi.1/SSL_VAN/BTCV/trainer.py:54: UserWarning: Epoch 15/15000 1/2  loss: 3.5290  time 0.62s
  warnings.warn(
/home/karimimonsefi.1/SSL_VAN/BTCV/trainer.py:154: UserWarning: Final training  15/14999  loss: 3.5290  time 20.09s
  warnings.warn("Final training  {}/{}  loss: {:.4f}  time {:.2f}s".format(epoch, args.max_epochs - 1,
/home/karimimonsefi.1/SSL_VAN/BTCV/trainer.py:103: UserWarning: Val 15/15000 0/3  acc 0.07169841229915619  time 3.75s
  warnings.warn("Val {}/{} {}/{}  acc {}  time {:.2f}s".format(epoch, args.max_epochs, idx, len(loader),
/home/karimimonsefi.1/SSL_VAN/BTCV/trainer.py:103: UserWarning: Val 15/15000 1/3  acc 0.07244157046079636  time 0.19s
  warnings.warn("Val {}/{} {}/{}  acc {}  time {:.2f}s".format(epoch, args.max_epochs, idx, len(loader),
/home/karimimonsefi.1/SSL_VAN/BTCV/trainer.py:103: UserWarning: Val 15/15000 2/3  acc 0.0685429573059082  time 0.18s
  warnings.warn("Val {}/{} {}/{}  acc {}  time {:.2f}s".format(epoch, args.max_epochs, idx, len(loader),
/home/karimimonsefi.1/SSL_VAN/BTCV/trainer.py:178: UserWarning: Final validation  15/14999  acc: 0.0685  time 4.12s
  warnings.warn("Final validation  {}/{}  acc: {:.4f}  time {:.2f}s".format(epoch, args.max_epochs - 1,
/home/karimimonsefi.1/SSL_VAN/BTCV/trainer.py:184: UserWarning: new best (0.053511 --> 0.068543). 
  warnings.warn("new best ({:.6f} --> {:.6f}). ".format(val_acc_max, val_avg_acc))
/home/karimimonsefi.1/SSL_VAN/BTCV/trainer.py:148: UserWarning: 0  Sun Apr 23 20:51:39 2023  Epoch: 16
  warnings.warn(f"{args.rank}  {time.ctime()}  Epoch: {epoch}")
/home/karimimonsefi.1/SSL_VAN/BTCV/trainer.py:148: UserWarning: 1  Sun Apr 23 20:51:39 2023  Epoch: 16
  warnings.warn(f"{args.rank}  {time.ctime()}  Epoch: {epoch}")
/home/karimimonsefi.1/SSL_VAN/BTCV/trainer.py:54: UserWarning: Epoch 16/15000 0/2  loss: 3.5077  time 18.49s
  warnings.warn(
/home/karimimonsefi.1/SSL_VAN/BTCV/trainer.py:54: UserWarning: Epoch 16/15000 1/2  loss: 3.4975  time 0.62s
  warnings.warn(
/home/karimimonsefi.1/SSL_VAN/BTCV/trainer.py:154: UserWarning: Final training  16/14999  loss: 3.4975  time 19.12s
  warnings.warn("Final training  {}/{}  loss: {:.4f}  time {:.2f}s".format(epoch, args.max_epochs - 1,
/home/karimimonsefi.1/SSL_VAN/BTCV/trainer.py:103: UserWarning: Val 16/15000 0/3  acc 0.08962349593639374  time 3.77s
  warnings.warn("Val {}/{} {}/{}  acc {}  time {:.2f}s".format(epoch, args.max_epochs, idx, len(loader),
/home/karimimonsefi.1/SSL_VAN/BTCV/trainer.py:103: UserWarning: Val 16/15000 1/3  acc 0.08916858583688736  time 0.18s
  warnings.warn("Val {}/{} {}/{}  acc {}  time {:.2f}s".format(epoch, args.max_epochs, idx, len(loader),
/home/karimimonsefi.1/SSL_VAN/BTCV/trainer.py:103: UserWarning: Val 16/15000 2/3  acc 0.08872845023870468  time 0.18s
  warnings.warn("Val {}/{} {}/{}  acc {}  time {:.2f}s".format(epoch, args.max_epochs, idx, len(loader),
/home/karimimonsefi.1/SSL_VAN/BTCV/trainer.py:178: UserWarning: Final validation  16/14999  acc: 0.0887  time 4.13s
  warnings.warn("Final validation  {}/{}  acc: {:.4f}  time {:.2f}s".format(epoch, args.max_epochs - 1,
/home/karimimonsefi.1/SSL_VAN/BTCV/trainer.py:184: UserWarning: new best (0.068543 --> 0.088728). 
  warnings.warn("new best ({:.6f} --> {:.6f}). ".format(val_acc_max, val_avg_acc))
/home/karimimonsefi.1/SSL_VAN/BTCV/trainer.py:148: UserWarning: 0  Sun Apr 23 20:52:03 2023  Epoch: 17
  warnings.warn(f"{args.rank}  {time.ctime()}  Epoch: {epoch}")
/home/karimimonsefi.1/SSL_VAN/BTCV/trainer.py:148: UserWarning: 1  Sun Apr 23 20:52:03 2023  Epoch: 17
  warnings.warn(f"{args.rank}  {time.ctime()}  Epoch: {epoch}")
/home/karimimonsefi.1/SSL_VAN/BTCV/trainer.py:54: UserWarning: Epoch 17/15000 0/2  loss: 3.4906  time 18.84s
  warnings.warn(
/home/karimimonsefi.1/SSL_VAN/BTCV/trainer.py:54: UserWarning: Epoch 17/15000 1/2  loss: 3.4715  time 0.62s
  warnings.warn(
/home/karimimonsefi.1/SSL_VAN/BTCV/trainer.py:154: UserWarning: Final training  17/14999  loss: 3.4715  time 19.47s
  warnings.warn("Final training  {}/{}  loss: {:.4f}  time {:.2f}s".format(epoch, args.max_epochs - 1,
/home/karimimonsefi.1/SSL_VAN/BTCV/trainer.py:103: UserWarning: Val 17/15000 0/3  acc 0.11301573365926743  time 3.78s
  warnings.warn("Val {}/{} {}/{}  acc {}  time {:.2f}s".format(epoch, args.max_epochs, idx, len(loader),
/home/karimimonsefi.1/SSL_VAN/BTCV/trainer.py:103: UserWarning: Val 17/15000 1/3  acc 0.11112828552722931  time 0.18s
  warnings.warn("Val {}/{} {}/{}  acc {}  time {:.2f}s".format(epoch, args.max_epochs, idx, len(loader),
/home/karimimonsefi.1/SSL_VAN/BTCV/trainer.py:103: UserWarning: Val 17/15000 2/3  acc 0.10084810107946396  time 0.18s
  warnings.warn("Val {}/{} {}/{}  acc {}  time {:.2f}s".format(epoch, args.max_epochs, idx, len(loader),
/home/karimimonsefi.1/SSL_VAN/BTCV/trainer.py:178: UserWarning: Final validation  17/14999  acc: 0.1008  time 4.15s
  warnings.warn("Final validation  {}/{}  acc: {:.4f}  time {:.2f}s".format(epoch, args.max_epochs - 1,
/home/karimimonsefi.1/SSL_VAN/BTCV/trainer.py:184: UserWarning: new best (0.088728 --> 0.100848). 
  warnings.warn("new best ({:.6f} --> {:.6f}). ".format(val_acc_max, val_avg_acc))
/home/karimimonsefi.1/SSL_VAN/BTCV/trainer.py:148: UserWarning: 0  Sun Apr 23 20:52:28 2023  Epoch: 18
  warnings.warn(f"{args.rank}  {time.ctime()}  Epoch: {epoch}")
/home/karimimonsefi.1/SSL_VAN/BTCV/trainer.py:148: UserWarning: 1  Sun Apr 23 20:52:28 2023  Epoch: 18
  warnings.warn(f"{args.rank}  {time.ctime()}  Epoch: {epoch}")
/home/karimimonsefi.1/SSL_VAN/BTCV/trainer.py:54: UserWarning: Epoch 18/15000 0/2  loss: 3.4361  time 20.91s
  warnings.warn(
/home/karimimonsefi.1/SSL_VAN/BTCV/trainer.py:54: UserWarning: Epoch 18/15000 1/2  loss: 3.4508  time 0.62s
  warnings.warn(
/home/karimimonsefi.1/SSL_VAN/BTCV/trainer.py:154: UserWarning: Final training  18/14999  loss: 3.4508  time 21.53s
  warnings.warn("Final training  {}/{}  loss: {:.4f}  time {:.2f}s".format(epoch, args.max_epochs - 1,
/home/karimimonsefi.1/SSL_VAN/BTCV/trainer.py:103: UserWarning: Val 18/15000 0/3  acc 0.1187247633934021  time 3.72s
  warnings.warn("Val {}/{} {}/{}  acc {}  time {:.2f}s".format(epoch, args.max_epochs, idx, len(loader),
/home/karimimonsefi.1/SSL_VAN/BTCV/trainer.py:103: UserWarning: Val 18/15000 1/3  acc 0.11203756183385849  time 0.19s
  warnings.warn("Val {}/{} {}/{}  acc {}  time {:.2f}s".format(epoch, args.max_epochs, idx, len(loader),
/home/karimimonsefi.1/SSL_VAN/BTCV/trainer.py:103: UserWarning: Val 18/15000 2/3  acc 0.11218716204166412  time 0.18s
  warnings.warn("Val {}/{} {}/{}  acc {}  time {:.2f}s".format(epoch, args.max_epochs, idx, len(loader),
/home/karimimonsefi.1/SSL_VAN/BTCV/trainer.py:178: UserWarning: Final validation  18/14999  acc: 0.1122  time 4.09s
  warnings.warn("Final validation  {}/{}  acc: {:.4f}  time {:.2f}s".format(epoch, args.max_epochs - 1,
/home/karimimonsefi.1/SSL_VAN/BTCV/trainer.py:184: UserWarning: new best (0.100848 --> 0.112187). 
  warnings.warn("new best ({:.6f} --> {:.6f}). ".format(val_acc_max, val_avg_acc))
/home/karimimonsefi.1/SSL_VAN/BTCV/trainer.py:148: UserWarning: 0  Sun Apr 23 20:52:54 2023  Epoch: 19
  warnings.warn(f"{args.rank}  {time.ctime()}  Epoch: {epoch}")
/home/karimimonsefi.1/SSL_VAN/BTCV/trainer.py:148: UserWarning: 1  Sun Apr 23 20:52:54 2023  Epoch: 19
  warnings.warn(f"{args.rank}  {time.ctime()}  Epoch: {epoch}")
/home/karimimonsefi.1/SSL_VAN/BTCV/trainer.py:54: UserWarning: Epoch 19/15000 0/2  loss: 3.4345  time 21.08s
  warnings.warn(
/home/karimimonsefi.1/SSL_VAN/BTCV/trainer.py:54: UserWarning: Epoch 19/15000 1/2  loss: 3.4284  time 0.62s
  warnings.warn(
/home/karimimonsefi.1/SSL_VAN/BTCV/trainer.py:154: UserWarning: Final training  19/14999  loss: 3.4284  time 21.71s
  warnings.warn("Final training  {}/{}  loss: {:.4f}  time {:.2f}s".format(epoch, args.max_epochs - 1,
/home/karimimonsefi.1/SSL_VAN/BTCV/trainer.py:103: UserWarning: Val 19/15000 0/3  acc 0.1590142548084259  time 3.74s
  warnings.warn("Val {}/{} {}/{}  acc {}  time {:.2f}s".format(epoch, args.max_epochs, idx, len(loader),
/home/karimimonsefi.1/SSL_VAN/BTCV/trainer.py:103: UserWarning: Val 19/15000 1/3  acc 0.17499376833438873  time 0.18s
  warnings.warn("Val {}/{} {}/{}  acc {}  time {:.2f}s".format(epoch, args.max_epochs, idx, len(loader),
/home/karimimonsefi.1/SSL_VAN/BTCV/trainer.py:103: UserWarning: Val 19/15000 2/3  acc 0.15500038862228394  time 0.18s
  warnings.warn("Val {}/{} {}/{}  acc {}  time {:.2f}s".format(epoch, args.max_epochs, idx, len(loader),
/home/karimimonsefi.1/SSL_VAN/BTCV/trainer.py:178: UserWarning: Final validation  19/14999  acc: 0.1550  time 4.11s
  warnings.warn("Final validation  {}/{}  acc: {:.4f}  time {:.2f}s".format(epoch, args.max_epochs - 1,
/home/karimimonsefi.1/SSL_VAN/BTCV/trainer.py:184: UserWarning: new best (0.112187 --> 0.155000). 
  warnings.warn("new best ({:.6f} --> {:.6f}). ".format(val_acc_max, val_avg_acc))
/home/karimimonsefi.1/SSL_VAN/BTCV/trainer.py:148: UserWarning: 0  Sun Apr 23 20:53:21 2023  Epoch: 20
  warnings.warn(f"{args.rank}  {time.ctime()}  Epoch: {epoch}")
/home/karimimonsefi.1/SSL_VAN/BTCV/trainer.py:148: UserWarning: 1  Sun Apr 23 20:53:21 2023  Epoch: 20
  warnings.warn(f"{args.rank}  {time.ctime()}  Epoch: {epoch}")
/home/karimimonsefi.1/SSL_VAN/BTCV/trainer.py:54: UserWarning: Epoch 20/15000 0/2  loss: 3.4025  time 19.47s
  warnings.warn(
/home/karimimonsefi.1/SSL_VAN/BTCV/trainer.py:54: UserWarning: Epoch 20/15000 1/2  loss: 3.3752  time 0.62s
  warnings.warn(
/home/karimimonsefi.1/SSL_VAN/BTCV/trainer.py:154: UserWarning: Final training  20/14999  loss: 3.3752  time 20.10s
  warnings.warn("Final training  {}/{}  loss: {:.4f}  time {:.2f}s".format(epoch, args.max_epochs - 1,
/home/karimimonsefi.1/SSL_VAN/BTCV/trainer.py:103: UserWarning: Val 20/15000 0/3  acc 0.1748715341091156  time 3.73s
  warnings.warn("Val {}/{} {}/{}  acc {}  time {:.2f}s".format(epoch, args.max_epochs, idx, len(loader),
/home/karimimonsefi.1/SSL_VAN/BTCV/trainer.py:103: UserWarning: Val 20/15000 1/3  acc 0.16202282905578613  time 0.20s
  warnings.warn("Val {}/{} {}/{}  acc {}  time {:.2f}s".format(epoch, args.max_epochs, idx, len(loader),
/home/karimimonsefi.1/SSL_VAN/BTCV/trainer.py:103: UserWarning: Val 20/15000 2/3  acc 0.14685440063476562  time 0.18s
  warnings.warn("Val {}/{} {}/{}  acc {}  time {:.2f}s".format(epoch, args.max_epochs, idx, len(loader),
/home/karimimonsefi.1/SSL_VAN/BTCV/trainer.py:178: UserWarning: Final validation  20/14999  acc: 0.1469  time 4.11s
  warnings.warn("Final validation  {}/{}  acc: {:.4f}  time {:.2f}s".format(epoch, args.max_epochs - 1,
/home/karimimonsefi.1/SSL_VAN/BTCV/trainer.py:148: UserWarning: 1  Sun Apr 23 20:53:45 2023  Epoch: 21
  warnings.warn(f"{args.rank}  {time.ctime()}  Epoch: {epoch}")
/home/karimimonsefi.1/SSL_VAN/BTCV/trainer.py:148: UserWarning: 0  Sun Apr 23 20:53:45 2023  Epoch: 21
  warnings.warn(f"{args.rank}  {time.ctime()}  Epoch: {epoch}")
slurmstepd: error: *** JOB 46108 ON a100-02 CANCELLED AT 2023-04-23T20:53:46 ***
