/var/spool/slurmd/job72084/slurm_script: line 11: cd: SSL_VAN: No such file or directory

----------------------------------------------------------------------------
  cuda:
----------------------------------------------------------------------------
     Versions:
        cuda/10.2
        cuda/11.0
        cuda/11.2
        cuda/11.3
        cuda/11.4
        cuda/11.5
        cuda/11.6
        cuda/11.7
        cuda/11.8
        cuda/12.0

----------------------------------------------------------------------------
  For detailed information about a specific "cuda" package (including how to load the modules) use the module's full name.
  Note that names that have a trailing (E) are extensions provided by other modules.
  For example:

     $ module spider cuda/12.0
----------------------------------------------------------------------------

 


CommandNotFoundError: Your shell has not been properly configured to use 'conda activate'.
To initialize your shell, run

    $ conda init <SHELL_NAME>

Currently supported shells are:
  - bash
  - fish
  - tcsh
  - xonsh
  - zsh
  - powershell

See 'conda init --help' for more information and options.

IMPORTANT: You may need to close and restart your shell after running 'conda init'.


/home/karimimonsefi.1/miniconda3/lib/python3.9/site-packages/mmcv/__init__.py:20: UserWarning: On January 1, 2023, MMCV will release v2.0.0, in which it will remove components related to the training process and add a data transformation module. In addition, it will rename the package names mmcv to mmcv-lite and mmcv-full to mmcv. See https://github.com/open-mmlab/mmcv/blob/master/docs/en/compatibility.md for more details.
  warnings.warn(
/home/karimimonsefi.1/SSL_VAN/MSD/main.py:134: UserWarning: Found total gpus 2
  warnings.warn("Found total gpus {}".format(args.ngpus_per_node))
/home/karimimonsefi.1/miniconda3/lib/python3.9/site-packages/mmcv/__init__.py:20: UserWarning: On January 1, 2023, MMCV will release v2.0.0, in which it will remove components related to the training process and add a data transformation module. In addition, it will rename the package names mmcv to mmcv-lite and mmcv-full to mmcv. See https://github.com/open-mmlab/mmcv/blob/master/docs/en/compatibility.md for more details.
  warnings.warn(
/home/karimimonsefi.1/miniconda3/lib/python3.9/site-packages/mmcv/__init__.py:20: UserWarning: On January 1, 2023, MMCV will release v2.0.0, in which it will remove components related to the training process and add a data transformation module. In addition, it will rename the package names mmcv to mmcv-lite and mmcv-full to mmcv. See https://github.com/open-mmlab/mmcv/blob/master/docs/en/compatibility.md for more details.
  warnings.warn(
/home/karimimonsefi.1/SSL_VAN/MSD/main.py:154: UserWarning: 1 gpu 1
  warnings.warn(f"{args.rank} gpu {args.gpu}")
/home/karimimonsefi.1/SSL_VAN/MSD/main.py:154: UserWarning: 0 gpu 0
  warnings.warn(f"{args.rank} gpu {args.gpu}")
/home/karimimonsefi.1/SSL_VAN/MSD/main.py:156: UserWarning: Batch size is: 1 epochs 1000 and task is Task10_Colon
  warnings.warn(f"Batch size is: {args.batch_size} epochs {args.max_epochs} and task is {args.task}")
/home/karimimonsefi.1/miniconda3/lib/python3.9/site-packages/monai/transforms/post/array.py:176: UserWarning: `to_onehot=True/False` is deprecated, please use `to_onehot=num_classes` instead.
  warnings.warn("`to_onehot=True/False` is deprecated, please use `to_onehot=num_classes` instead.")
/home/karimimonsefi.1/SSL_VAN/MSD/main.py:198: UserWarning: Total parameters count 84644434
  warnings.warn(f"Total parameters count {pytorch_total_params}")
/home/karimimonsefi.1/SSL_VAN/MSD/main.py:201: UserWarning: Total args.checkpoint True
  warnings.warn(f"Total args.checkpoint {args.checkpoint}")
/home/karimimonsefi.1/SSL_VAN/commons/util.py:6: UserWarning:  base_url is 64-128-256-512_3-4-6-3_8-8-4-4_vae_inferer_valid_loader_Unetpp_Task10_Colon
  warnings.warn(f" base_url is {base_url}")
/home/karimimonsefi.1/SSL_VAN/commons/util.py:8: UserWarning:  output_url 1 is ./runs/MSD_new/test_log/output_False_False
  warnings.warn(f" output_url 1 is {output_url}")
/home/karimimonsefi.1/SSL_VAN/commons/util.py:9: UserWarning:  exists 1 is True
  warnings.warn(f" exists 1 is {os.path.exists(output_url)}")
/home/karimimonsefi.1/SSL_VAN/commons/util.py:13: UserWarning:  output_url 2 is ./runs/MSD_new/test_log/output_False_False/64-128-256-512_3-4-6-3_8-8-4-4_vae_inferer_valid_loader_Unetpp_Task10_Colon
  warnings.warn(f" output_url 2 is {output_url}")
/home/karimimonsefi.1/SSL_VAN/commons/util.py:14: UserWarning:  exists 2 is True
  warnings.warn(f" exists 2 is {os.path.exists(output_url)}")
/home/karimimonsefi.1/SSL_VAN/commons/util.py:20: UserWarning:  Best url model is 64-128-256-512_3-4-6-3_8-8-4-4_vae_inferer_valid_loader_Unetpp_Task10_Colon__best.pt, final model url is 64-128-256-512_3-4-6-3_8-8-4-4_vae_inferer_valid_loader_Unetpp_Task10_Colon__final.pt
  warnings.warn(f" Best url model is {args.best_model_url}, final model url is {args.final_model_url}")
/home/karimimonsefi.1/miniconda3/lib/python3.9/site-packages/monai/transforms/post/array.py:176: UserWarning: `to_onehot=True/False` is deprecated, please use `to_onehot=num_classes` instead.
  warnings.warn("`to_onehot=True/False` is deprecated, please use `to_onehot=num_classes` instead.")
/home/karimimonsefi.1/SSL_VAN/MSD/main.py:198: UserWarning: Total parameters count 84644434
  warnings.warn(f"Total parameters count {pytorch_total_params}")
/home/karimimonsefi.1/SSL_VAN/MSD/main.py:201: UserWarning: Total args.checkpoint True
  warnings.warn(f"Total args.checkpoint {args.checkpoint}")
/home/karimimonsefi.1/SSL_VAN/commons/util.py:6: UserWarning:  base_url is 64-128-256-512_3-4-6-3_8-8-4-4_vae_inferer_valid_loader_Unetpp_Task10_Colon
  warnings.warn(f" base_url is {base_url}")
/home/karimimonsefi.1/SSL_VAN/commons/util.py:8: UserWarning:  output_url 1 is ./runs/MSD_new/test_log/output_False_False
  warnings.warn(f" output_url 1 is {output_url}")
/home/karimimonsefi.1/SSL_VAN/commons/util.py:9: UserWarning:  exists 1 is True
  warnings.warn(f" exists 1 is {os.path.exists(output_url)}")
/home/karimimonsefi.1/SSL_VAN/commons/util.py:13: UserWarning:  output_url 2 is ./runs/MSD_new/test_log/output_False_False/64-128-256-512_3-4-6-3_8-8-4-4_vae_inferer_valid_loader_Unetpp_Task10_Colon
  warnings.warn(f" output_url 2 is {output_url}")
/home/karimimonsefi.1/SSL_VAN/commons/util.py:14: UserWarning:  exists 2 is True
  warnings.warn(f" exists 2 is {os.path.exists(output_url)}")
/home/karimimonsefi.1/SSL_VAN/commons/util.py:20: UserWarning:  Best url model is 64-128-256-512_3-4-6-3_8-8-4-4_vae_inferer_valid_loader_Unetpp_Task10_Colon__best.pt, final model url is 64-128-256-512_3-4-6-3_8-8-4-4_vae_inferer_valid_loader_Unetpp_Task10_Colon__final.pt
  warnings.warn(f" Best url model is {args.best_model_url}, final model url is {args.final_model_url}")
/home/karimimonsefi.1/SSL_VAN/MSD/main.py:215: UserWarning: => loaded checkpoint 'True' (epoch 61) (bestacc 0.5174981355667114)
  warnings.warn("=> loaded checkpoint '{}' (epoch {}) (bestacc {})".format(
/home/karimimonsefi.1/SSL_VAN/MSD/main.py:215: UserWarning: => loaded checkpoint 'True' (epoch 61) (bestacc 0.5174981355667114)
  warnings.warn("=> loaded checkpoint '{}' (epoch {}) (bestacc {})".format(
/home/karimimonsefi.1/SSL_VAN/MSD/trainer.py:139: UserWarning: Writing Tensorboard logs to ./runs/MSD_new/test_log
  warnings.warn(f"Writing Tensorboard logs to {args.logdir}")
/home/karimimonsefi.1/SSL_VAN/MSD/trainer.py:147: UserWarning: 0  Wed Aug  2 07:11:12 2023  Epoch: 61
  warnings.warn(f"{args.rank}  {time.ctime()}  Epoch: {epoch}")
/home/karimimonsefi.1/SSL_VAN/MSD/trainer.py:147: UserWarning: 1  Wed Aug  2 07:11:12 2023  Epoch: 61
  warnings.warn(f"{args.rank}  {time.ctime()}  Epoch: {epoch}")
/home/karimimonsefi.1/SSL_VAN/MSD/trainer.py:29: UserWarning: input size torch.Size([6, 1, 96, 96, 96])
  warnings.warn("input size {}".format(data.shape))
/home/karimimonsefi.1/SSL_VAN/MSD/trainer.py:29: UserWarning: input size torch.Size([6, 1, 96, 96, 96])
  warnings.warn("input size {}".format(data.shape))
[W reducer.cpp:1298] Warning: find_unused_parameters=True was specified in DDP constructor, but did not find any unused parameters in the forward pass. This flag results in an extra traversal of the autograd graph every iteration,  which can adversely affect performance. If your model indeed never has any unused parameters in the forward pass, consider turning this flag off. Note that this warning may be a false positive if your model has flow control causing later iterations to have unused parameters. (function operator())
[W reducer.cpp:1298] Warning: find_unused_parameters=True was specified in DDP constructor, but did not find any unused parameters in the forward pass. This flag results in an extra traversal of the autograd graph every iteration,  which can adversely affect performance. If your model indeed never has any unused parameters in the forward pass, consider turning this flag off. Note that this warning may be a false positive if your model has flow control causing later iterations to have unused parameters. (function operator())
/home/karimimonsefi.1/SSL_VAN/MSD/trainer.py:51: UserWarning: Epoch 61/1000 0/56  loss: 0.9523  time 45.29s
  warnings.warn(
/home/karimimonsefi.1/SSL_VAN/MSD/trainer.py:51: UserWarning: Epoch 61/1000 1/56  loss: 1.0577  time 0.93s
  warnings.warn(
/home/karimimonsefi.1/SSL_VAN/MSD/trainer.py:51: UserWarning: Epoch 61/1000 2/56  loss: 1.0731  time 0.93s
  warnings.warn(
/home/karimimonsefi.1/SSL_VAN/MSD/trainer.py:51: UserWarning: Epoch 61/1000 3/56  loss: 1.0800  time 0.93s
  warnings.warn(
/home/karimimonsefi.1/SSL_VAN/MSD/trainer.py:51: UserWarning: Epoch 61/1000 4/56  loss: 1.0667  time 0.94s
  warnings.warn(
/home/karimimonsefi.1/SSL_VAN/MSD/trainer.py:51: UserWarning: Epoch 61/1000 5/56  loss: 1.0612  time 0.93s
  warnings.warn(
/home/karimimonsefi.1/SSL_VAN/MSD/trainer.py:51: UserWarning: Epoch 61/1000 6/56  loss: 1.0538  time 0.94s
  warnings.warn(
/home/karimimonsefi.1/SSL_VAN/MSD/trainer.py:51: UserWarning: Epoch 61/1000 7/56  loss: 1.0527  time 0.94s
  warnings.warn(
/home/karimimonsefi.1/SSL_VAN/MSD/trainer.py:51: UserWarning: Epoch 61/1000 8/56  loss: 1.0482  time 0.95s
  warnings.warn(
/home/karimimonsefi.1/SSL_VAN/MSD/trainer.py:51: UserWarning: Epoch 61/1000 9/56  loss: 1.0454  time 0.94s
  warnings.warn(
/home/karimimonsefi.1/SSL_VAN/MSD/trainer.py:51: UserWarning: Epoch 61/1000 10/56  loss: 1.0516  time 0.94s
  warnings.warn(
/home/karimimonsefi.1/SSL_VAN/MSD/trainer.py:51: UserWarning: Epoch 61/1000 11/56  loss: 1.0524  time 0.93s
  warnings.warn(
/home/karimimonsefi.1/SSL_VAN/MSD/trainer.py:51: UserWarning: Epoch 61/1000 12/56  loss: 1.0502  time 0.93s
  warnings.warn(
/home/karimimonsefi.1/SSL_VAN/MSD/trainer.py:51: UserWarning: Epoch 61/1000 13/56  loss: 1.0473  time 0.94s
  warnings.warn(
/home/karimimonsefi.1/SSL_VAN/MSD/trainer.py:51: UserWarning: Epoch 61/1000 14/56  loss: 1.0441  time 0.94s
  warnings.warn(
/home/karimimonsefi.1/SSL_VAN/MSD/trainer.py:51: UserWarning: Epoch 61/1000 15/56  loss: 1.0416  time 0.94s
  warnings.warn(
/home/karimimonsefi.1/SSL_VAN/MSD/trainer.py:51: UserWarning: Epoch 61/1000 16/56  loss: 1.0400  time 0.93s
  warnings.warn(
/home/karimimonsefi.1/SSL_VAN/MSD/trainer.py:51: UserWarning: Epoch 61/1000 17/56  loss: 1.0370  time 0.93s
  warnings.warn(
/home/karimimonsefi.1/SSL_VAN/MSD/trainer.py:51: UserWarning: Epoch 61/1000 18/56  loss: 1.0348  time 0.93s
  warnings.warn(
/home/karimimonsefi.1/SSL_VAN/MSD/trainer.py:51: UserWarning: Epoch 61/1000 19/56  loss: 1.0314  time 0.93s
  warnings.warn(
/home/karimimonsefi.1/SSL_VAN/MSD/trainer.py:51: UserWarning: Epoch 61/1000 20/56  loss: 1.0289  time 0.94s
  warnings.warn(
/home/karimimonsefi.1/SSL_VAN/MSD/trainer.py:51: UserWarning: Epoch 61/1000 21/56  loss: 1.0288  time 0.94s
  warnings.warn(
/home/karimimonsefi.1/SSL_VAN/MSD/trainer.py:51: UserWarning: Epoch 61/1000 22/56  loss: 1.0271  time 0.94s
  warnings.warn(
/home/karimimonsefi.1/SSL_VAN/MSD/trainer.py:51: UserWarning: Epoch 61/1000 23/56  loss: 1.0337  time 2.70s
  warnings.warn(
/home/karimimonsefi.1/SSL_VAN/MSD/trainer.py:51: UserWarning: Epoch 61/1000 24/56  loss: 1.0317  time 0.94s
  warnings.warn(
/home/karimimonsefi.1/SSL_VAN/MSD/trainer.py:51: UserWarning: Epoch 61/1000 25/56  loss: 1.0293  time 0.94s
  warnings.warn(
/home/karimimonsefi.1/SSL_VAN/MSD/trainer.py:51: UserWarning: Epoch 61/1000 26/56  loss: 1.0334  time 0.94s
  warnings.warn(
/home/karimimonsefi.1/SSL_VAN/MSD/trainer.py:51: UserWarning: Epoch 61/1000 27/56  loss: 1.0339  time 0.94s
  warnings.warn(
/home/karimimonsefi.1/SSL_VAN/MSD/trainer.py:51: UserWarning: Epoch 61/1000 28/56  loss: 1.0332  time 0.93s
  warnings.warn(
/home/karimimonsefi.1/SSL_VAN/MSD/trainer.py:51: UserWarning: Epoch 61/1000 29/56  loss: 1.0313  time 0.94s
  warnings.warn(
/home/karimimonsefi.1/SSL_VAN/MSD/trainer.py:51: UserWarning: Epoch 61/1000 30/56  loss: 1.0290  time 0.93s
  warnings.warn(
/home/karimimonsefi.1/SSL_VAN/MSD/trainer.py:51: UserWarning: Epoch 61/1000 31/56  loss: 1.0285  time 2.26s
  warnings.warn(
/home/karimimonsefi.1/SSL_VAN/MSD/trainer.py:51: UserWarning: Epoch 61/1000 32/56  loss: 1.0291  time 0.93s
  warnings.warn(
/home/karimimonsefi.1/SSL_VAN/MSD/trainer.py:51: UserWarning: Epoch 61/1000 33/56  loss: 1.0276  time 0.93s
  warnings.warn(
/home/karimimonsefi.1/SSL_VAN/MSD/trainer.py:51: UserWarning: Epoch 61/1000 34/56  loss: 1.0259  time 2.83s
  warnings.warn(
/home/karimimonsefi.1/SSL_VAN/MSD/trainer.py:51: UserWarning: Epoch 61/1000 35/56  loss: 1.0242  time 0.94s
  warnings.warn(
/home/karimimonsefi.1/SSL_VAN/MSD/trainer.py:51: UserWarning: Epoch 61/1000 36/56  loss: 1.0233  time 0.94s
  warnings.warn(
/home/karimimonsefi.1/SSL_VAN/MSD/trainer.py:51: UserWarning: Epoch 61/1000 37/56  loss: 1.0240  time 0.94s
  warnings.warn(
/home/karimimonsefi.1/SSL_VAN/MSD/trainer.py:51: UserWarning: Epoch 61/1000 38/56  loss: 1.0241  time 0.94s
  warnings.warn(
/home/karimimonsefi.1/SSL_VAN/MSD/trainer.py:51: UserWarning: Epoch 61/1000 39/56  loss: 1.0230  time 0.94s
  warnings.warn(
/home/karimimonsefi.1/SSL_VAN/MSD/trainer.py:51: UserWarning: Epoch 61/1000 40/56  loss: 1.0230  time 0.94s
  warnings.warn(
/home/karimimonsefi.1/SSL_VAN/MSD/trainer.py:51: UserWarning: Epoch 61/1000 41/56  loss: 1.0251  time 0.94s
  warnings.warn(
/home/karimimonsefi.1/SSL_VAN/MSD/trainer.py:51: UserWarning: Epoch 61/1000 42/56  loss: 1.0241  time 8.49s
  warnings.warn(
/home/karimimonsefi.1/SSL_VAN/MSD/trainer.py:51: UserWarning: Epoch 61/1000 43/56  loss: 1.0233  time 0.94s
  warnings.warn(
/home/karimimonsefi.1/SSL_VAN/MSD/trainer.py:51: UserWarning: Epoch 61/1000 44/56  loss: 1.0222  time 0.94s
  warnings.warn(
/home/karimimonsefi.1/SSL_VAN/MSD/trainer.py:51: UserWarning: Epoch 61/1000 45/56  loss: 1.0222  time 0.93s
  warnings.warn(
/home/karimimonsefi.1/SSL_VAN/MSD/trainer.py:51: UserWarning: Epoch 61/1000 46/56  loss: 1.0226  time 0.93s
  warnings.warn(
/home/karimimonsefi.1/SSL_VAN/MSD/trainer.py:51: UserWarning: Epoch 61/1000 47/56  loss: 1.0211  time 0.93s
  warnings.warn(
/home/karimimonsefi.1/SSL_VAN/MSD/trainer.py:51: UserWarning: Epoch 61/1000 48/56  loss: 1.0197  time 0.93s
  warnings.warn(
/home/karimimonsefi.1/SSL_VAN/MSD/trainer.py:51: UserWarning: Epoch 61/1000 49/56  loss: 1.0188  time 0.93s
  warnings.warn(
/home/karimimonsefi.1/SSL_VAN/MSD/trainer.py:51: UserWarning: Epoch 61/1000 50/56  loss: 1.0182  time 1.31s
  warnings.warn(
/home/karimimonsefi.1/SSL_VAN/MSD/trainer.py:51: UserWarning: Epoch 61/1000 51/56  loss: 1.0177  time 0.93s
  warnings.warn(
/home/karimimonsefi.1/SSL_VAN/MSD/trainer.py:51: UserWarning: Epoch 61/1000 52/56  loss: 1.0166  time 0.93s
  warnings.warn(
/home/karimimonsefi.1/SSL_VAN/MSD/trainer.py:51: UserWarning: Epoch 61/1000 53/56  loss: 1.0159  time 0.93s
  warnings.warn(
/home/karimimonsefi.1/SSL_VAN/MSD/trainer.py:51: UserWarning: Epoch 61/1000 54/56  loss: 1.0155  time 0.94s
  warnings.warn(
/home/karimimonsefi.1/SSL_VAN/MSD/trainer.py:51: UserWarning: Epoch 61/1000 55/56  loss: 1.0148  time 0.94s
  warnings.warn(
/home/karimimonsefi.1/SSL_VAN/MSD/trainer.py:153: UserWarning: Final training  61/999  loss: 1.0148  time 109.70s
  warnings.warn("Final training  {}/{}  loss: {:.4f}  time {:.2f}s".format(epoch, args.max_epochs - 1,
/home/karimimonsefi.1/SSL_VAN/MSD/trainer.py:100: UserWarning: Val 61/1000 0/7  acc [ 0.500]  time 66.50s
  warnings.warn("Val {}/{} {}/{}  acc {}  time {:.2f}s".format(epoch, args.max_epochs, idx, len(loader),
/home/karimimonsefi.1/SSL_VAN/MSD/trainer.py:102: UserWarning: Val 61/1000 0/7  acc 0.49989908933639526  time 66.50s
  warnings.warn("Val {}/{} {}/{}  acc {}  time {:.2f}s".format(epoch, args.max_epochs, idx, len(loader),
/home/karimimonsefi.1/SSL_VAN/MSD/trainer.py:100: UserWarning: Val 61/1000 1/7  acc [ 0.500]  time 36.46s
  warnings.warn("Val {}/{} {}/{}  acc {}  time {:.2f}s".format(epoch, args.max_epochs, idx, len(loader),
/home/karimimonsefi.1/SSL_VAN/MSD/trainer.py:102: UserWarning: Val 61/1000 1/7  acc 0.4999215304851532  time 36.46s
  warnings.warn("Val {}/{} {}/{}  acc {}  time {:.2f}s".format(epoch, args.max_epochs, idx, len(loader),
/home/karimimonsefi.1/SSL_VAN/MSD/trainer.py:100: UserWarning: Val 61/1000 2/7  acc [ 0.500]  time 36.31s
  warnings.warn("Val {}/{} {}/{}  acc {}  time {:.2f}s".format(epoch, args.max_epochs, idx, len(loader),
/home/karimimonsefi.1/SSL_VAN/MSD/trainer.py:102: UserWarning: Val 61/1000 2/7  acc 0.4999275207519531  time 36.31s
  warnings.warn("Val {}/{} {}/{}  acc {}  time {:.2f}s".format(epoch, args.max_epochs, idx, len(loader),
/home/karimimonsefi.1/SSL_VAN/MSD/trainer.py:100: UserWarning: Val 61/1000 3/7  acc [ 0.500]  time 47.38s
  warnings.warn("Val {}/{} {}/{}  acc {}  time {:.2f}s".format(epoch, args.max_epochs, idx, len(loader),
/home/karimimonsefi.1/SSL_VAN/MSD/trainer.py:102: UserWarning: Val 61/1000 3/7  acc 0.49992746114730835  time 47.38s
  warnings.warn("Val {}/{} {}/{}  acc {}  time {:.2f}s".format(epoch, args.max_epochs, idx, len(loader),
/home/karimimonsefi.1/SSL_VAN/MSD/trainer.py:100: UserWarning: Val 61/1000 4/7  acc [ 0.500]  time 33.50s
  warnings.warn("Val {}/{} {}/{}  acc {}  time {:.2f}s".format(epoch, args.max_epochs, idx, len(loader),
/home/karimimonsefi.1/SSL_VAN/MSD/trainer.py:102: UserWarning: Val 61/1000 4/7  acc 0.49987348914146423  time 33.50s
  warnings.warn("Val {}/{} {}/{}  acc {}  time {:.2f}s".format(epoch, args.max_epochs, idx, len(loader),
/home/karimimonsefi.1/SSL_VAN/MSD/trainer.py:100: UserWarning: Val 61/1000 5/7  acc [ 0.500]  time 18.44s
  warnings.warn("Val {}/{} {}/{}  acc {}  time {:.2f}s".format(epoch, args.max_epochs, idx, len(loader),
/home/karimimonsefi.1/SSL_VAN/MSD/trainer.py:102: UserWarning: Val 61/1000 5/7  acc 0.49988114833831787  time 18.44s
  warnings.warn("Val {}/{} {}/{}  acc {}  time {:.2f}s".format(epoch, args.max_epochs, idx, len(loader),
/home/karimimonsefi.1/SSL_VAN/MSD/trainer.py:100: UserWarning: Val 61/1000 6/7  acc [ 0.500]  time 25.12s
  warnings.warn("Val {}/{} {}/{}  acc {}  time {:.2f}s".format(epoch, args.max_epochs, idx, len(loader),
/home/karimimonsefi.1/SSL_VAN/MSD/trainer.py:102: UserWarning: Val 61/1000 6/7  acc 0.4998669922351837  time 25.12s
  warnings.warn("Val {}/{} {}/{}  acc {}  time {:.2f}s".format(epoch, args.max_epochs, idx, len(loader),
/home/karimimonsefi.1/SSL_VAN/MSD/trainer.py:177: UserWarning: Final validation  61/999  acc: 0.4999  time 263.83s
  warnings.warn("Final validation  {}/{}  acc: {:.4f}  time {:.2f}s".format(epoch, args.max_epochs - 1,
/home/karimimonsefi.1/SSL_VAN/MSD/trainer.py:117: UserWarning: Saving checkpoint ./runs/MSD_new/test_log/64-128-256-512_3-4-6-3_8-8-4-4_vae_inferer_valid_loader_Unetpp_Task10_Colon__final.pt
  warnings.warn(f"Saving checkpoint {filename}")
/home/karimimonsefi.1/SSL_VAN/MSD/trainer.py:147: UserWarning: 0  Wed Aug  2 07:17:31 2023  Epoch: 62
  warnings.warn(f"{args.rank}  {time.ctime()}  Epoch: {epoch}")
/home/karimimonsefi.1/SSL_VAN/MSD/trainer.py:147: UserWarning: 1  Wed Aug  2 07:17:31 2023  Epoch: 62
  warnings.warn(f"{args.rank}  {time.ctime()}  Epoch: {epoch}")
/home/karimimonsefi.1/SSL_VAN/MSD/trainer.py:51: UserWarning: Epoch 62/1000 0/56  loss: 1.0201  time 11.92s
  warnings.warn(
/home/karimimonsefi.1/SSL_VAN/MSD/trainer.py:51: UserWarning: Epoch 62/1000 1/56  loss: 1.0144  time 0.93s
  warnings.warn(
/home/karimimonsefi.1/SSL_VAN/MSD/trainer.py:51: UserWarning: Epoch 62/1000 2/56  loss: 1.0128  time 0.94s
  warnings.warn(
/home/karimimonsefi.1/SSL_VAN/MSD/trainer.py:51: UserWarning: Epoch 62/1000 3/56  loss: 1.0003  time 0.94s
  warnings.warn(
/home/karimimonsefi.1/SSL_VAN/MSD/trainer.py:51: UserWarning: Epoch 62/1000 4/56  loss: 1.0412  time 1.88s
  warnings.warn(
/home/karimimonsefi.1/SSL_VAN/MSD/trainer.py:51: UserWarning: Epoch 62/1000 5/56  loss: 1.0301  time 0.93s
  warnings.warn(
/home/karimimonsefi.1/SSL_VAN/MSD/trainer.py:51: UserWarning: Epoch 62/1000 6/56  loss: 1.0196  time 0.93s
  warnings.warn(
/home/karimimonsefi.1/SSL_VAN/MSD/trainer.py:51: UserWarning: Epoch 62/1000 7/56  loss: 1.0131  time 0.94s
  warnings.warn(
/home/karimimonsefi.1/SSL_VAN/MSD/trainer.py:51: UserWarning: Epoch 62/1000 8/56  loss: 1.0151  time 0.94s
  warnings.warn(
/home/karimimonsefi.1/SSL_VAN/MSD/trainer.py:51: UserWarning: Epoch 62/1000 9/56  loss: 1.0108  time 0.94s
  warnings.warn(
/home/karimimonsefi.1/SSL_VAN/MSD/trainer.py:51: UserWarning: Epoch 62/1000 10/56  loss: 1.0107  time 0.94s
  warnings.warn(
/home/karimimonsefi.1/SSL_VAN/MSD/trainer.py:51: UserWarning: Epoch 62/1000 11/56  loss: 1.0059  time 1.70s
  warnings.warn(
/home/karimimonsefi.1/SSL_VAN/MSD/trainer.py:51: UserWarning: Epoch 62/1000 12/56  loss: 1.0018  time 0.96s
  warnings.warn(
/home/karimimonsefi.1/SSL_VAN/MSD/trainer.py:51: UserWarning: Epoch 62/1000 13/56  loss: 1.0034  time 0.96s
  warnings.warn(
/home/karimimonsefi.1/SSL_VAN/MSD/trainer.py:51: UserWarning: Epoch 62/1000 14/56  loss: 1.0005  time 7.82s
  warnings.warn(
/home/karimimonsefi.1/SSL_VAN/MSD/trainer.py:51: UserWarning: Epoch 62/1000 15/56  loss: 1.0009  time 0.93s
  warnings.warn(
/home/karimimonsefi.1/SSL_VAN/MSD/trainer.py:51: UserWarning: Epoch 62/1000 16/56  loss: 0.9987  time 0.93s
  warnings.warn(
/home/karimimonsefi.1/SSL_VAN/MSD/trainer.py:51: UserWarning: Epoch 62/1000 17/56  loss: 0.9962  time 0.95s
  warnings.warn(
/home/karimimonsefi.1/SSL_VAN/MSD/trainer.py:51: UserWarning: Epoch 62/1000 18/56  loss: 0.9944  time 0.94s
  warnings.warn(
/home/karimimonsefi.1/SSL_VAN/MSD/trainer.py:51: UserWarning: Epoch 62/1000 19/56  loss: 1.0012  time 0.94s
  warnings.warn(
/home/karimimonsefi.1/SSL_VAN/MSD/trainer.py:51: UserWarning: Epoch 62/1000 20/56  loss: 1.0085  time 0.94s
  warnings.warn(
/home/karimimonsefi.1/SSL_VAN/MSD/trainer.py:51: UserWarning: Epoch 62/1000 21/56  loss: 1.0077  time 0.95s
  warnings.warn(
/home/karimimonsefi.1/SSL_VAN/MSD/trainer.py:51: UserWarning: Epoch 62/1000 22/56  loss: 1.0064  time 1.63s
  warnings.warn(
/home/karimimonsefi.1/SSL_VAN/MSD/trainer.py:51: UserWarning: Epoch 62/1000 23/56  loss: 1.0056  time 0.95s
  warnings.warn(
/home/karimimonsefi.1/SSL_VAN/MSD/trainer.py:51: UserWarning: Epoch 62/1000 24/56  loss: 1.0039  time 0.94s
  warnings.warn(
/home/karimimonsefi.1/SSL_VAN/MSD/trainer.py:51: UserWarning: Epoch 62/1000 25/56  loss: 1.0018  time 0.94s
  warnings.warn(
/home/karimimonsefi.1/SSL_VAN/MSD/trainer.py:51: UserWarning: Epoch 62/1000 26/56  loss: 1.0045  time 0.96s
  warnings.warn(
/home/karimimonsefi.1/SSL_VAN/MSD/trainer.py:51: UserWarning: Epoch 62/1000 27/56  loss: 1.0049  time 0.93s
  warnings.warn(
/home/karimimonsefi.1/SSL_VAN/MSD/trainer.py:51: UserWarning: Epoch 62/1000 28/56  loss: 1.0054  time 0.93s
  warnings.warn(
/home/karimimonsefi.1/SSL_VAN/MSD/trainer.py:51: UserWarning: Epoch 62/1000 29/56  loss: 1.0067  time 0.94s
  warnings.warn(
/home/karimimonsefi.1/SSL_VAN/MSD/trainer.py:51: UserWarning: Epoch 62/1000 30/56  loss: 1.0055  time 3.10s
  warnings.warn(
/home/karimimonsefi.1/SSL_VAN/MSD/trainer.py:51: UserWarning: Epoch 62/1000 31/56  loss: 1.0048  time 0.95s
  warnings.warn(
/home/karimimonsefi.1/SSL_VAN/MSD/trainer.py:51: UserWarning: Epoch 62/1000 32/56  loss: 1.0039  time 0.94s
  warnings.warn(
/home/karimimonsefi.1/SSL_VAN/MSD/trainer.py:51: UserWarning: Epoch 62/1000 33/56  loss: 1.0029  time 0.94s
  warnings.warn(
/home/karimimonsefi.1/SSL_VAN/MSD/trainer.py:51: UserWarning: Epoch 62/1000 34/56  loss: 1.0021  time 0.94s
  warnings.warn(
/home/karimimonsefi.1/SSL_VAN/MSD/trainer.py:51: UserWarning: Epoch 62/1000 35/56  loss: 1.0012  time 0.94s
  warnings.warn(
/home/karimimonsefi.1/SSL_VAN/MSD/trainer.py:51: UserWarning: Epoch 62/1000 36/56  loss: 1.0001  time 0.94s
  warnings.warn(
/home/karimimonsefi.1/SSL_VAN/MSD/trainer.py:51: UserWarning: Epoch 62/1000 37/56  loss: 0.9995  time 0.94s
  warnings.warn(
/home/karimimonsefi.1/SSL_VAN/MSD/trainer.py:51: UserWarning: Epoch 62/1000 38/56  loss: 0.9993  time 0.94s
  warnings.warn(
/home/karimimonsefi.1/SSL_VAN/MSD/trainer.py:51: UserWarning: Epoch 62/1000 39/56  loss: 0.9996  time 0.94s
  warnings.warn(
/home/karimimonsefi.1/SSL_VAN/MSD/trainer.py:51: UserWarning: Epoch 62/1000 40/56  loss: 0.9990  time 0.94s
  warnings.warn(
/home/karimimonsefi.1/SSL_VAN/MSD/trainer.py:51: UserWarning: Epoch 62/1000 41/56  loss: 0.9978  time 0.94s
  warnings.warn(
/home/karimimonsefi.1/SSL_VAN/MSD/trainer.py:51: UserWarning: Epoch 62/1000 42/56  loss: 0.9977  time 0.96s
  warnings.warn(
/home/karimimonsefi.1/SSL_VAN/MSD/trainer.py:51: UserWarning: Epoch 62/1000 43/56  loss: 0.9979  time 0.94s
  warnings.warn(
/home/karimimonsefi.1/SSL_VAN/MSD/trainer.py:51: UserWarning: Epoch 62/1000 44/56  loss: 0.9969  time 0.94s
  warnings.warn(
/home/karimimonsefi.1/SSL_VAN/MSD/trainer.py:51: UserWarning: Epoch 62/1000 45/56  loss: 0.9975  time 0.94s
  warnings.warn(
/home/karimimonsefi.1/SSL_VAN/MSD/trainer.py:51: UserWarning: Epoch 62/1000 46/56  loss: 0.9978  time 0.94s
  warnings.warn(
/home/karimimonsefi.1/SSL_VAN/MSD/trainer.py:51: UserWarning: Epoch 62/1000 47/56  loss: 0.9976  time 0.94s
  warnings.warn(
/home/karimimonsefi.1/SSL_VAN/MSD/trainer.py:51: UserWarning: Epoch 62/1000 48/56  loss: 0.9980  time 0.94s
  warnings.warn(
/home/karimimonsefi.1/SSL_VAN/MSD/trainer.py:51: UserWarning: Epoch 62/1000 49/56  loss: 0.9977  time 0.94s
  warnings.warn(
/home/karimimonsefi.1/SSL_VAN/MSD/trainer.py:51: UserWarning: Epoch 62/1000 50/56  loss: 0.9974  time 0.94s
  warnings.warn(
/home/karimimonsefi.1/SSL_VAN/MSD/trainer.py:51: UserWarning: Epoch 62/1000 51/56  loss: 0.9966  time 0.94s
  warnings.warn(
/home/karimimonsefi.1/SSL_VAN/MSD/trainer.py:51: UserWarning: Epoch 62/1000 52/56  loss: 0.9965  time 0.94s
  warnings.warn(
/home/karimimonsefi.1/SSL_VAN/MSD/trainer.py:51: UserWarning: Epoch 62/1000 53/56  loss: 0.9966  time 0.94s
  warnings.warn(
/home/karimimonsefi.1/SSL_VAN/MSD/trainer.py:51: UserWarning: Epoch 62/1000 54/56  loss: 0.9971  time 0.94s
  warnings.warn(
/home/karimimonsefi.1/SSL_VAN/MSD/trainer.py:51: UserWarning: Epoch 62/1000 55/56  loss: 0.9970  time 0.94s
  warnings.warn(
/home/karimimonsefi.1/SSL_VAN/MSD/trainer.py:153: UserWarning: Final training  62/999  loss: 0.9970  time 75.16s
  warnings.warn("Final training  {}/{}  loss: {:.4f}  time {:.2f}s".format(epoch, args.max_epochs - 1,
/home/karimimonsefi.1/SSL_VAN/MSD/trainer.py:100: UserWarning: Val 62/1000 0/7  acc [ 0.500]  time 52.11s
  warnings.warn("Val {}/{} {}/{}  acc {}  time {:.2f}s".format(epoch, args.max_epochs, idx, len(loader),
/home/karimimonsefi.1/SSL_VAN/MSD/trainer.py:102: UserWarning: Val 62/1000 0/7  acc 0.49989908933639526  time 52.11s
  warnings.warn("Val {}/{} {}/{}  acc {}  time {:.2f}s".format(epoch, args.max_epochs, idx, len(loader),
/home/karimimonsefi.1/SSL_VAN/MSD/trainer.py:100: UserWarning: Val 62/1000 1/7  acc [ 0.500]  time 36.27s
  warnings.warn("Val {}/{} {}/{}  acc {}  time {:.2f}s".format(epoch, args.max_epochs, idx, len(loader),
/home/karimimonsefi.1/SSL_VAN/MSD/trainer.py:102: UserWarning: Val 62/1000 1/7  acc 0.4999221861362457  time 36.27s
  warnings.warn("Val {}/{} {}/{}  acc {}  time {:.2f}s".format(epoch, args.max_epochs, idx, len(loader),
/home/karimimonsefi.1/SSL_VAN/MSD/trainer.py:100: UserWarning: Val 62/1000 2/7  acc [ 0.500]  time 36.37s
  warnings.warn("Val {}/{} {}/{}  acc {}  time {:.2f}s".format(epoch, args.max_epochs, idx, len(loader),
/home/karimimonsefi.1/SSL_VAN/MSD/trainer.py:102: UserWarning: Val 62/1000 2/7  acc 0.49992796778678894  time 36.37s
  warnings.warn("Val {}/{} {}/{}  acc {}  time {:.2f}s".format(epoch, args.max_epochs, idx, len(loader),
/home/karimimonsefi.1/SSL_VAN/MSD/trainer.py:100: UserWarning: Val 62/1000 3/7  acc [ 0.500]  time 47.40s
  warnings.warn("Val {}/{} {}/{}  acc {}  time {:.2f}s".format(epoch, args.max_epochs, idx, len(loader),
/home/karimimonsefi.1/SSL_VAN/MSD/trainer.py:102: UserWarning: Val 62/1000 3/7  acc 0.49992814660072327  time 47.40s
  warnings.warn("Val {}/{} {}/{}  acc {}  time {:.2f}s".format(epoch, args.max_epochs, idx, len(loader),
/home/karimimonsefi.1/SSL_VAN/MSD/trainer.py:100: UserWarning: Val 62/1000 4/7  acc [ 0.500]  time 33.51s
  warnings.warn("Val {}/{} {}/{}  acc {}  time {:.2f}s".format(epoch, args.max_epochs, idx, len(loader),
/home/karimimonsefi.1/SSL_VAN/MSD/trainer.py:102: UserWarning: Val 62/1000 4/7  acc 0.4998740255832672  time 33.51s
  warnings.warn("Val {}/{} {}/{}  acc {}  time {:.2f}s".format(epoch, args.max_epochs, idx, len(loader),
/home/karimimonsefi.1/SSL_VAN/MSD/trainer.py:100: UserWarning: Val 62/1000 5/7  acc [ 0.500]  time 18.46s
  warnings.warn("Val {}/{} {}/{}  acc {}  time {:.2f}s".format(epoch, args.max_epochs, idx, len(loader),
/home/karimimonsefi.1/SSL_VAN/MSD/trainer.py:102: UserWarning: Val 62/1000 5/7  acc 0.499882310628891  time 18.46s
  warnings.warn("Val {}/{} {}/{}  acc {}  time {:.2f}s".format(epoch, args.max_epochs, idx, len(loader),
/home/karimimonsefi.1/SSL_VAN/MSD/trainer.py:100: UserWarning: Val 62/1000 6/7  acc [ 0.500]  time 25.15s
  warnings.warn("Val {}/{} {}/{}  acc {}  time {:.2f}s".format(epoch, args.max_epochs, idx, len(loader),
/home/karimimonsefi.1/SSL_VAN/MSD/trainer.py:102: UserWarning: Val 62/1000 6/7  acc 0.4998679757118225  time 25.15s
  warnings.warn("Val {}/{} {}/{}  acc {}  time {:.2f}s".format(epoch, args.max_epochs, idx, len(loader),
/home/karimimonsefi.1/SSL_VAN/MSD/trainer.py:177: UserWarning: Final validation  62/999  acc: 0.4999  time 249.41s
  warnings.warn("Final validation  {}/{}  acc: {:.4f}  time {:.2f}s".format(epoch, args.max_epochs - 1,
/home/karimimonsefi.1/SSL_VAN/MSD/trainer.py:147: UserWarning: 0  Wed Aug  2 07:22:57 2023  Epoch: 63
  warnings.warn(f"{args.rank}  {time.ctime()}  Epoch: {epoch}")
/home/karimimonsefi.1/SSL_VAN/MSD/trainer.py:147: UserWarning: 1  Wed Aug  2 07:22:57 2023  Epoch: 63
  warnings.warn(f"{args.rank}  {time.ctime()}  Epoch: {epoch}")
/home/karimimonsefi.1/SSL_VAN/MSD/trainer.py:51: UserWarning: Epoch 63/1000 0/56  loss: 0.9555  time 8.81s
  warnings.warn(
/home/karimimonsefi.1/SSL_VAN/MSD/trainer.py:51: UserWarning: Epoch 63/1000 1/56  loss: 0.9515  time 1.70s
  warnings.warn(
/home/karimimonsefi.1/SSL_VAN/MSD/trainer.py:51: UserWarning: Epoch 63/1000 2/56  loss: 0.9616  time 0.94s
  warnings.warn(
/home/karimimonsefi.1/SSL_VAN/MSD/trainer.py:51: UserWarning: Epoch 63/1000 3/56  loss: 0.9597  time 0.94s
  warnings.warn(
/home/karimimonsefi.1/SSL_VAN/MSD/trainer.py:51: UserWarning: Epoch 63/1000 4/56  loss: 0.9696  time 0.94s
  warnings.warn(
/home/karimimonsefi.1/SSL_VAN/MSD/trainer.py:51: UserWarning: Epoch 63/1000 5/56  loss: 0.9734  time 0.94s
  warnings.warn(
/home/karimimonsefi.1/SSL_VAN/MSD/trainer.py:51: UserWarning: Epoch 63/1000 6/56  loss: 0.9716  time 0.94s
  warnings.warn(
/home/karimimonsefi.1/SSL_VAN/MSD/trainer.py:51: UserWarning: Epoch 63/1000 7/56  loss: 0.9699  time 0.94s
  warnings.warn(
/home/karimimonsefi.1/SSL_VAN/MSD/trainer.py:51: UserWarning: Epoch 63/1000 8/56  loss: 0.9729  time 3.99s
  warnings.warn(
/home/karimimonsefi.1/SSL_VAN/MSD/trainer.py:51: UserWarning: Epoch 63/1000 9/56  loss: 0.9737  time 0.94s
  warnings.warn(
/home/karimimonsefi.1/SSL_VAN/MSD/trainer.py:51: UserWarning: Epoch 63/1000 10/56  loss: 0.9734  time 0.97s
  warnings.warn(
/home/karimimonsefi.1/SSL_VAN/MSD/trainer.py:51: UserWarning: Epoch 63/1000 11/56  loss: 0.9724  time 0.94s
  warnings.warn(
/home/karimimonsefi.1/SSL_VAN/MSD/trainer.py:51: UserWarning: Epoch 63/1000 12/56  loss: 0.9712  time 0.94s
  warnings.warn(
/home/karimimonsefi.1/SSL_VAN/MSD/trainer.py:51: UserWarning: Epoch 63/1000 13/56  loss: 0.9696  time 0.94s
  warnings.warn(
/home/karimimonsefi.1/SSL_VAN/MSD/trainer.py:51: UserWarning: Epoch 63/1000 14/56  loss: 0.9905  time 0.94s
  warnings.warn(
/home/karimimonsefi.1/SSL_VAN/MSD/trainer.py:51: UserWarning: Epoch 63/1000 15/56  loss: 0.9983  time 0.94s
  warnings.warn(
/home/karimimonsefi.1/SSL_VAN/MSD/trainer.py:51: UserWarning: Epoch 63/1000 16/56  loss: 0.9955  time 5.34s
  warnings.warn(
/home/karimimonsefi.1/SSL_VAN/MSD/trainer.py:51: UserWarning: Epoch 63/1000 17/56  loss: 0.9937  time 0.92s
  warnings.warn(
/home/karimimonsefi.1/SSL_VAN/MSD/trainer.py:51: UserWarning: Epoch 63/1000 18/56  loss: 0.9917  time 0.93s
  warnings.warn(
/home/karimimonsefi.1/SSL_VAN/MSD/trainer.py:51: UserWarning: Epoch 63/1000 19/56  loss: 0.9935  time 0.94s
  warnings.warn(
/home/karimimonsefi.1/SSL_VAN/MSD/trainer.py:51: UserWarning: Epoch 63/1000 20/56  loss: 0.9936  time 0.94s
  warnings.warn(
/home/karimimonsefi.1/SSL_VAN/MSD/trainer.py:51: UserWarning: Epoch 63/1000 21/56  loss: 0.9981  time 0.94s
  warnings.warn(
/home/karimimonsefi.1/SSL_VAN/MSD/trainer.py:51: UserWarning: Epoch 63/1000 22/56  loss: 0.9981  time 0.94s
  warnings.warn(
/home/karimimonsefi.1/SSL_VAN/MSD/trainer.py:51: UserWarning: Epoch 63/1000 23/56  loss: 0.9978  time 0.95s
  warnings.warn(
/home/karimimonsefi.1/SSL_VAN/MSD/trainer.py:51: UserWarning: Epoch 63/1000 24/56  loss: 0.9978  time 2.98s
  warnings.warn(
/home/karimimonsefi.1/SSL_VAN/MSD/trainer.py:51: UserWarning: Epoch 63/1000 25/56  loss: 0.9967  time 0.97s
  warnings.warn(
/home/karimimonsefi.1/SSL_VAN/MSD/trainer.py:51: UserWarning: Epoch 63/1000 26/56  loss: 0.9959  time 0.94s
  warnings.warn(
/home/karimimonsefi.1/SSL_VAN/MSD/trainer.py:51: UserWarning: Epoch 63/1000 27/56  loss: 0.9955  time 0.94s
  warnings.warn(
/home/karimimonsefi.1/SSL_VAN/MSD/trainer.py:51: UserWarning: Epoch 63/1000 28/56  loss: 0.9944  time 0.94s
  warnings.warn(
/home/karimimonsefi.1/SSL_VAN/MSD/trainer.py:51: UserWarning: Epoch 63/1000 29/56  loss: 0.9935  time 0.94s
  warnings.warn(
/home/karimimonsefi.1/SSL_VAN/MSD/trainer.py:51: UserWarning: Epoch 63/1000 30/56  loss: 0.9922  time 3.15s
  warnings.warn(
/home/karimimonsefi.1/SSL_VAN/MSD/trainer.py:51: UserWarning: Epoch 63/1000 31/56  loss: 0.9917  time 0.93s
  warnings.warn(
/home/karimimonsefi.1/SSL_VAN/MSD/trainer.py:51: UserWarning: Epoch 63/1000 32/56  loss: 0.9908  time 0.93s
  warnings.warn(
/home/karimimonsefi.1/SSL_VAN/MSD/trainer.py:51: UserWarning: Epoch 63/1000 33/56  loss: 0.9921  time 0.94s
  warnings.warn(
/home/karimimonsefi.1/SSL_VAN/MSD/trainer.py:51: UserWarning: Epoch 63/1000 34/56  loss: 0.9936  time 0.93s
  warnings.warn(
/home/karimimonsefi.1/SSL_VAN/MSD/trainer.py:51: UserWarning: Epoch 63/1000 35/56  loss: 0.9931  time 0.94s
  warnings.warn(
/home/karimimonsefi.1/SSL_VAN/MSD/trainer.py:51: UserWarning: Epoch 63/1000 36/56  loss: 0.9947  time 0.94s
  warnings.warn(
/home/karimimonsefi.1/SSL_VAN/MSD/trainer.py:51: UserWarning: Epoch 63/1000 37/56  loss: 0.9937  time 0.94s
  warnings.warn(
/home/karimimonsefi.1/SSL_VAN/MSD/trainer.py:51: UserWarning: Epoch 63/1000 38/56  loss: 0.9927  time 0.94s
  warnings.warn(
/home/karimimonsefi.1/SSL_VAN/MSD/trainer.py:51: UserWarning: Epoch 63/1000 39/56  loss: 0.9924  time 0.95s
  warnings.warn(
/home/karimimonsefi.1/SSL_VAN/MSD/trainer.py:51: UserWarning: Epoch 63/1000 40/56  loss: 0.9949  time 0.95s
  warnings.warn(
/home/karimimonsefi.1/SSL_VAN/MSD/trainer.py:51: UserWarning: Epoch 63/1000 41/56  loss: 0.9944  time 0.94s
  warnings.warn(
/home/karimimonsefi.1/SSL_VAN/MSD/trainer.py:51: UserWarning: Epoch 63/1000 42/56  loss: 0.9939  time 0.94s
  warnings.warn(
/home/karimimonsefi.1/SSL_VAN/MSD/trainer.py:51: UserWarning: Epoch 63/1000 43/56  loss: 0.9936  time 0.94s
  warnings.warn(
/home/karimimonsefi.1/SSL_VAN/MSD/trainer.py:51: UserWarning: Epoch 63/1000 44/56  loss: 0.9929  time 0.94s
  warnings.warn(
/home/karimimonsefi.1/SSL_VAN/MSD/trainer.py:51: UserWarning: Epoch 63/1000 45/56  loss: 0.9933  time 0.94s
  warnings.warn(
/home/karimimonsefi.1/SSL_VAN/MSD/trainer.py:51: UserWarning: Epoch 63/1000 46/56  loss: 0.9924  time 0.94s
  warnings.warn(
/home/karimimonsefi.1/SSL_VAN/MSD/trainer.py:51: UserWarning: Epoch 63/1000 47/56  loss: 0.9916  time 0.94s
  warnings.warn(
/home/karimimonsefi.1/SSL_VAN/MSD/trainer.py:51: UserWarning: Epoch 63/1000 48/56  loss: 0.9907  time 0.94s
  warnings.warn(
/home/karimimonsefi.1/SSL_VAN/MSD/trainer.py:51: UserWarning: Epoch 63/1000 49/56  loss: 0.9900  time 0.94s
  warnings.warn(
/home/karimimonsefi.1/SSL_VAN/MSD/trainer.py:51: UserWarning: Epoch 63/1000 50/56  loss: 0.9908  time 0.94s
  warnings.warn(
/home/karimimonsefi.1/SSL_VAN/MSD/trainer.py:51: UserWarning: Epoch 63/1000 51/56  loss: 0.9907  time 0.94s
  warnings.warn(
/home/karimimonsefi.1/SSL_VAN/MSD/trainer.py:51: UserWarning: Epoch 63/1000 52/56  loss: 0.9911  time 0.94s
  warnings.warn(
/home/karimimonsefi.1/SSL_VAN/MSD/trainer.py:51: UserWarning: Epoch 63/1000 53/56  loss: 0.9912  time 0.94s
  warnings.warn(
/home/karimimonsefi.1/SSL_VAN/MSD/trainer.py:51: UserWarning: Epoch 63/1000 54/56  loss: 0.9904  time 0.94s
  warnings.warn(
/home/karimimonsefi.1/SSL_VAN/MSD/trainer.py:51: UserWarning: Epoch 63/1000 55/56  loss: 0.9904  time 0.94s
  warnings.warn(
/home/karimimonsefi.1/SSL_VAN/MSD/trainer.py:153: UserWarning: Final training  63/999  loss: 0.9904  time 73.03s
  warnings.warn("Final training  {}/{}  loss: {:.4f}  time {:.2f}s".format(epoch, args.max_epochs - 1,
/home/karimimonsefi.1/SSL_VAN/MSD/trainer.py:100: UserWarning: Val 63/1000 0/7  acc [ 0.500]  time 51.75s
  warnings.warn("Val {}/{} {}/{}  acc {}  time {:.2f}s".format(epoch, args.max_epochs, idx, len(loader),
/home/karimimonsefi.1/SSL_VAN/MSD/trainer.py:102: UserWarning: Val 63/1000 0/7  acc 0.49989908933639526  time 51.75s
  warnings.warn("Val {}/{} {}/{}  acc {}  time {:.2f}s".format(epoch, args.max_epochs, idx, len(loader),
/home/karimimonsefi.1/SSL_VAN/MSD/trainer.py:100: UserWarning: Val 63/1000 1/7  acc [ 0.500]  time 36.29s
  warnings.warn("Val {}/{} {}/{}  acc {}  time {:.2f}s".format(epoch, args.max_epochs, idx, len(loader),
/home/karimimonsefi.1/SSL_VAN/MSD/trainer.py:102: UserWarning: Val 63/1000 1/7  acc 0.4999221861362457  time 36.29s
  warnings.warn("Val {}/{} {}/{}  acc {}  time {:.2f}s".format(epoch, args.max_epochs, idx, len(loader),
/home/karimimonsefi.1/SSL_VAN/MSD/trainer.py:100: UserWarning: Val 63/1000 2/7  acc [ 0.500]  time 36.34s
  warnings.warn("Val {}/{} {}/{}  acc {}  time {:.2f}s".format(epoch, args.max_epochs, idx, len(loader),
/home/karimimonsefi.1/SSL_VAN/MSD/trainer.py:102: UserWarning: Val 63/1000 2/7  acc 0.49992796778678894  time 36.34s
  warnings.warn("Val {}/{} {}/{}  acc {}  time {:.2f}s".format(epoch, args.max_epochs, idx, len(loader),
/home/karimimonsefi.1/SSL_VAN/MSD/trainer.py:100: UserWarning: Val 63/1000 3/7  acc [ 0.500]  time 47.40s
  warnings.warn("Val {}/{} {}/{}  acc {}  time {:.2f}s".format(epoch, args.max_epochs, idx, len(loader),
/home/karimimonsefi.1/SSL_VAN/MSD/trainer.py:102: UserWarning: Val 63/1000 3/7  acc 0.49992814660072327  time 47.40s
  warnings.warn("Val {}/{} {}/{}  acc {}  time {:.2f}s".format(epoch, args.max_epochs, idx, len(loader),
/home/karimimonsefi.1/SSL_VAN/MSD/trainer.py:100: UserWarning: Val 63/1000 4/7  acc [ 0.500]  time 33.51s
  warnings.warn("Val {}/{} {}/{}  acc {}  time {:.2f}s".format(epoch, args.max_epochs, idx, len(loader),
/home/karimimonsefi.1/SSL_VAN/MSD/trainer.py:102: UserWarning: Val 63/1000 4/7  acc 0.4998740255832672  time 33.51s
  warnings.warn("Val {}/{} {}/{}  acc {}  time {:.2f}s".format(epoch, args.max_epochs, idx, len(loader),
/home/karimimonsefi.1/SSL_VAN/MSD/trainer.py:100: UserWarning: Val 63/1000 5/7  acc [ 0.500]  time 18.46s
  warnings.warn("Val {}/{} {}/{}  acc {}  time {:.2f}s".format(epoch, args.max_epochs, idx, len(loader),
/home/karimimonsefi.1/SSL_VAN/MSD/trainer.py:102: UserWarning: Val 63/1000 5/7  acc 0.499882310628891  time 18.46s
  warnings.warn("Val {}/{} {}/{}  acc {}  time {:.2f}s".format(epoch, args.max_epochs, idx, len(loader),
/home/karimimonsefi.1/SSL_VAN/MSD/trainer.py:100: UserWarning: Val 63/1000 6/7  acc [ 0.500]  time 25.15s
  warnings.warn("Val {}/{} {}/{}  acc {}  time {:.2f}s".format(epoch, args.max_epochs, idx, len(loader),
/home/karimimonsefi.1/SSL_VAN/MSD/trainer.py:102: UserWarning: Val 63/1000 6/7  acc 0.4998679757118225  time 25.15s
  warnings.warn("Val {}/{} {}/{}  acc {}  time {:.2f}s".format(epoch, args.max_epochs, idx, len(loader),
/home/karimimonsefi.1/SSL_VAN/MSD/trainer.py:177: UserWarning: Final validation  63/999  acc: 0.4999  time 248.99s
  warnings.warn("Final validation  {}/{}  acc: {:.4f}  time {:.2f}s".format(epoch, args.max_epochs - 1,
/home/karimimonsefi.1/SSL_VAN/MSD/trainer.py:147: UserWarning: 0  Wed Aug  2 07:28:20 2023  Epoch: 64
  warnings.warn(f"{args.rank}  {time.ctime()}  Epoch: {epoch}")
/home/karimimonsefi.1/SSL_VAN/MSD/trainer.py:147: UserWarning: 1  Wed Aug  2 07:28:20 2023  Epoch: 64
  warnings.warn(f"{args.rank}  {time.ctime()}  Epoch: {epoch}")
/home/karimimonsefi.1/SSL_VAN/MSD/trainer.py:51: UserWarning: Epoch 64/1000 0/56  loss: 0.9460  time 10.15s
  warnings.warn(
/home/karimimonsefi.1/SSL_VAN/MSD/trainer.py:51: UserWarning: Epoch 64/1000 1/56  loss: 0.9543  time 1.36s
  warnings.warn(
/home/karimimonsefi.1/SSL_VAN/MSD/trainer.py:51: UserWarning: Epoch 64/1000 2/56  loss: 0.9688  time 2.08s
  warnings.warn(
/home/karimimonsefi.1/SSL_VAN/MSD/trainer.py:51: UserWarning: Epoch 64/1000 3/56  loss: 0.9650  time 0.94s
  warnings.warn(
/home/karimimonsefi.1/SSL_VAN/MSD/trainer.py:51: UserWarning: Epoch 64/1000 4/56  loss: 0.9813  time 0.94s
  warnings.warn(
/home/karimimonsefi.1/SSL_VAN/MSD/trainer.py:51: UserWarning: Epoch 64/1000 5/56  loss: 0.9768  time 0.94s
  warnings.warn(
/home/karimimonsefi.1/SSL_VAN/MSD/trainer.py:51: UserWarning: Epoch 64/1000 6/56  loss: 0.9835  time 0.94s
  warnings.warn(
/home/karimimonsefi.1/SSL_VAN/MSD/trainer.py:51: UserWarning: Epoch 64/1000 7/56  loss: 0.9805  time 0.94s
  warnings.warn(
/home/karimimonsefi.1/SSL_VAN/MSD/trainer.py:51: UserWarning: Epoch 64/1000 8/56  loss: 0.9788  time 3.40s
  warnings.warn(
/home/karimimonsefi.1/SSL_VAN/MSD/trainer.py:51: UserWarning: Epoch 64/1000 9/56  loss: 0.9830  time 1.03s
  warnings.warn(
/home/karimimonsefi.1/SSL_VAN/MSD/trainer.py:51: UserWarning: Epoch 64/1000 10/56  loss: 0.9813  time 0.94s
  warnings.warn(
/home/karimimonsefi.1/SSL_VAN/MSD/trainer.py:51: UserWarning: Epoch 64/1000 11/56  loss: 0.9822  time 0.94s
  warnings.warn(
/home/karimimonsefi.1/SSL_VAN/MSD/trainer.py:51: UserWarning: Epoch 64/1000 12/56  loss: 0.9800  time 0.94s
  warnings.warn(
/home/karimimonsefi.1/SSL_VAN/MSD/trainer.py:51: UserWarning: Epoch 64/1000 13/56  loss: 0.9794  time 0.94s
  warnings.warn(
/home/karimimonsefi.1/SSL_VAN/MSD/trainer.py:51: UserWarning: Epoch 64/1000 14/56  loss: 0.9816  time 0.94s
  warnings.warn(
/home/karimimonsefi.1/SSL_VAN/MSD/trainer.py:51: UserWarning: Epoch 64/1000 15/56  loss: 0.9803  time 0.94s
  warnings.warn(
/home/karimimonsefi.1/SSL_VAN/MSD/trainer.py:51: UserWarning: Epoch 64/1000 16/56  loss: 0.9811  time 2.99s
  warnings.warn(
/home/karimimonsefi.1/SSL_VAN/MSD/trainer.py:51: UserWarning: Epoch 64/1000 17/56  loss: 0.9816  time 0.94s
  warnings.warn(
/home/karimimonsefi.1/SSL_VAN/MSD/trainer.py:51: UserWarning: Epoch 64/1000 18/56  loss: 0.9802  time 0.94s
  warnings.warn(
/home/karimimonsefi.1/SSL_VAN/MSD/trainer.py:51: UserWarning: Epoch 64/1000 19/56  loss: 0.9798  time 0.94s
  warnings.warn(
/home/karimimonsefi.1/SSL_VAN/MSD/trainer.py:51: UserWarning: Epoch 64/1000 20/56  loss: 0.9783  time 0.94s
  warnings.warn(
/home/karimimonsefi.1/SSL_VAN/MSD/trainer.py:51: UserWarning: Epoch 64/1000 21/56  loss: 0.9775  time 0.94s
  warnings.warn(
/home/karimimonsefi.1/SSL_VAN/MSD/trainer.py:51: UserWarning: Epoch 64/1000 22/56  loss: 0.9778  time 0.94s
  warnings.warn(
/home/karimimonsefi.1/SSL_VAN/MSD/trainer.py:51: UserWarning: Epoch 64/1000 23/56  loss: 0.9770  time 0.93s
  warnings.warn(
/home/karimimonsefi.1/SSL_VAN/MSD/trainer.py:51: UserWarning: Epoch 64/1000 24/56  loss: 0.9762  time 0.93s
  warnings.warn(
/home/karimimonsefi.1/SSL_VAN/MSD/trainer.py:51: UserWarning: Epoch 64/1000 25/56  loss: 0.9750  time 0.94s
  warnings.warn(
/home/karimimonsefi.1/SSL_VAN/MSD/trainer.py:51: UserWarning: Epoch 64/1000 26/56  loss: 0.9739  time 0.94s
  warnings.warn(
/home/karimimonsefi.1/SSL_VAN/MSD/trainer.py:51: UserWarning: Epoch 64/1000 27/56  loss: 0.9767  time 0.94s
  warnings.warn(
/home/karimimonsefi.1/SSL_VAN/MSD/trainer.py:51: UserWarning: Epoch 64/1000 28/56  loss: 0.9755  time 0.94s
  warnings.warn(
/home/karimimonsefi.1/SSL_VAN/MSD/trainer.py:51: UserWarning: Epoch 64/1000 29/56  loss: 0.9779  time 0.94s
  warnings.warn(
/home/karimimonsefi.1/SSL_VAN/MSD/trainer.py:51: UserWarning: Epoch 64/1000 30/56  loss: 0.9783  time 0.94s
  warnings.warn(
/home/karimimonsefi.1/SSL_VAN/MSD/trainer.py:51: UserWarning: Epoch 64/1000 31/56  loss: 0.9773  time 1.70s
  warnings.warn(
/home/karimimonsefi.1/SSL_VAN/MSD/trainer.py:51: UserWarning: Epoch 64/1000 32/56  loss: 0.9769  time 0.93s
  warnings.warn(
/home/karimimonsefi.1/SSL_VAN/MSD/trainer.py:51: UserWarning: Epoch 64/1000 33/56  loss: 0.9760  time 0.93s
  warnings.warn(
/home/karimimonsefi.1/SSL_VAN/MSD/trainer.py:51: UserWarning: Epoch 64/1000 34/56  loss: 0.9753  time 0.94s
  warnings.warn(
/home/karimimonsefi.1/SSL_VAN/MSD/trainer.py:51: UserWarning: Epoch 64/1000 35/56  loss: 0.9765  time 0.94s
  warnings.warn(
/home/karimimonsefi.1/SSL_VAN/MSD/trainer.py:51: UserWarning: Epoch 64/1000 36/56  loss: 0.9780  time 8.80s
  warnings.warn(
/home/karimimonsefi.1/SSL_VAN/MSD/trainer.py:51: UserWarning: Epoch 64/1000 37/56  loss: 0.9787  time 0.93s
  warnings.warn(
/home/karimimonsefi.1/SSL_VAN/MSD/trainer.py:51: UserWarning: Epoch 64/1000 38/56  loss: 0.9784  time 0.93s
  warnings.warn(
/home/karimimonsefi.1/SSL_VAN/MSD/trainer.py:51: UserWarning: Epoch 64/1000 39/56  loss: 0.9786  time 0.94s
  warnings.warn(
/home/karimimonsefi.1/SSL_VAN/MSD/trainer.py:51: UserWarning: Epoch 64/1000 40/56  loss: 0.9785  time 0.94s
  warnings.warn(
/home/karimimonsefi.1/SSL_VAN/MSD/trainer.py:51: UserWarning: Epoch 64/1000 41/56  loss: 0.9790  time 0.94s
  warnings.warn(
/home/karimimonsefi.1/SSL_VAN/MSD/trainer.py:51: UserWarning: Epoch 64/1000 42/56  loss: 0.9806  time 0.94s
  warnings.warn(
/home/karimimonsefi.1/SSL_VAN/MSD/trainer.py:51: UserWarning: Epoch 64/1000 43/56  loss: 0.9805  time 0.93s
  warnings.warn(
/home/karimimonsefi.1/SSL_VAN/MSD/trainer.py:51: UserWarning: Epoch 64/1000 44/56  loss: 0.9901  time 1.00s
  warnings.warn(
/home/karimimonsefi.1/SSL_VAN/MSD/trainer.py:51: UserWarning: Epoch 64/1000 45/56  loss: 0.9899  time 0.93s
  warnings.warn(
/home/karimimonsefi.1/SSL_VAN/MSD/trainer.py:51: UserWarning: Epoch 64/1000 46/56  loss: 0.9896  time 0.93s
  warnings.warn(
/home/karimimonsefi.1/SSL_VAN/MSD/trainer.py:51: UserWarning: Epoch 64/1000 47/56  loss: 0.9898  time 0.93s
  warnings.warn(
/home/karimimonsefi.1/SSL_VAN/MSD/trainer.py:51: UserWarning: Epoch 64/1000 48/56  loss: 0.9899  time 0.93s
  warnings.warn(
/home/karimimonsefi.1/SSL_VAN/MSD/trainer.py:51: UserWarning: Epoch 64/1000 49/56  loss: 0.9899  time 0.93s
  warnings.warn(
/home/karimimonsefi.1/SSL_VAN/MSD/trainer.py:51: UserWarning: Epoch 64/1000 50/56  loss: 0.9912  time 0.94s
  warnings.warn(
/home/karimimonsefi.1/SSL_VAN/MSD/trainer.py:51: UserWarning: Epoch 64/1000 51/56  loss: 0.9906  time 0.93s
  warnings.warn(
/home/karimimonsefi.1/SSL_VAN/MSD/trainer.py:51: UserWarning: Epoch 64/1000 52/56  loss: 0.9898  time 5.89s
  warnings.warn(
/home/karimimonsefi.1/SSL_VAN/MSD/trainer.py:51: UserWarning: Epoch 64/1000 53/56  loss: 0.9899  time 0.93s
  warnings.warn(
/home/karimimonsefi.1/SSL_VAN/MSD/trainer.py:51: UserWarning: Epoch 64/1000 54/56  loss: 0.9900  time 0.94s
  warnings.warn(
/home/karimimonsefi.1/SSL_VAN/MSD/trainer.py:51: UserWarning: Epoch 64/1000 55/56  loss: 0.9897  time 0.93s
  warnings.warn(
/home/karimimonsefi.1/SSL_VAN/MSD/trainer.py:153: UserWarning: Final training  64/999  loss: 0.9897  time 81.52s
  warnings.warn("Final training  {}/{}  loss: {:.4f}  time {:.2f}s".format(epoch, args.max_epochs - 1,
/home/karimimonsefi.1/SSL_VAN/MSD/trainer.py:100: UserWarning: Val 64/1000 0/7  acc [ 0.500]  time 52.12s
  warnings.warn("Val {}/{} {}/{}  acc {}  time {:.2f}s".format(epoch, args.max_epochs, idx, len(loader),
/home/karimimonsefi.1/SSL_VAN/MSD/trainer.py:102: UserWarning: Val 64/1000 0/7  acc 0.49989908933639526  time 52.12s
  warnings.warn("Val {}/{} {}/{}  acc {}  time {:.2f}s".format(epoch, args.max_epochs, idx, len(loader),
/home/karimimonsefi.1/SSL_VAN/MSD/trainer.py:100: UserWarning: Val 64/1000 1/7  acc [ 0.500]  time 36.30s
  warnings.warn("Val {}/{} {}/{}  acc {}  time {:.2f}s".format(epoch, args.max_epochs, idx, len(loader),
/home/karimimonsefi.1/SSL_VAN/MSD/trainer.py:102: UserWarning: Val 64/1000 1/7  acc 0.4999221861362457  time 36.30s
  warnings.warn("Val {}/{} {}/{}  acc {}  time {:.2f}s".format(epoch, args.max_epochs, idx, len(loader),
/home/karimimonsefi.1/SSL_VAN/MSD/trainer.py:100: UserWarning: Val 64/1000 2/7  acc [ 0.500]  time 36.37s
  warnings.warn("Val {}/{} {}/{}  acc {}  time {:.2f}s".format(epoch, args.max_epochs, idx, len(loader),
/home/karimimonsefi.1/SSL_VAN/MSD/trainer.py:102: UserWarning: Val 64/1000 2/7  acc 0.49992796778678894  time 36.37s
  warnings.warn("Val {}/{} {}/{}  acc {}  time {:.2f}s".format(epoch, args.max_epochs, idx, len(loader),
/home/karimimonsefi.1/SSL_VAN/MSD/trainer.py:100: UserWarning: Val 64/1000 3/7  acc [ 0.500]  time 47.42s
  warnings.warn("Val {}/{} {}/{}  acc {}  time {:.2f}s".format(epoch, args.max_epochs, idx, len(loader),
/home/karimimonsefi.1/SSL_VAN/MSD/trainer.py:102: UserWarning: Val 64/1000 3/7  acc 0.49992814660072327  time 47.42s
  warnings.warn("Val {}/{} {}/{}  acc {}  time {:.2f}s".format(epoch, args.max_epochs, idx, len(loader),
/home/karimimonsefi.1/SSL_VAN/MSD/trainer.py:100: UserWarning: Val 64/1000 4/7  acc [ 0.500]  time 33.53s
  warnings.warn("Val {}/{} {}/{}  acc {}  time {:.2f}s".format(epoch, args.max_epochs, idx, len(loader),
/home/karimimonsefi.1/SSL_VAN/MSD/trainer.py:102: UserWarning: Val 64/1000 4/7  acc 0.4998740255832672  time 33.53s
  warnings.warn("Val {}/{} {}/{}  acc {}  time {:.2f}s".format(epoch, args.max_epochs, idx, len(loader),
/home/karimimonsefi.1/SSL_VAN/MSD/trainer.py:100: UserWarning: Val 64/1000 5/7  acc [ 0.500]  time 18.46s
  warnings.warn("Val {}/{} {}/{}  acc {}  time {:.2f}s".format(epoch, args.max_epochs, idx, len(loader),
/home/karimimonsefi.1/SSL_VAN/MSD/trainer.py:102: UserWarning: Val 64/1000 5/7  acc 0.49988222122192383  time 18.46s
  warnings.warn("Val {}/{} {}/{}  acc {}  time {:.2f}s".format(epoch, args.max_epochs, idx, len(loader),
/home/karimimonsefi.1/SSL_VAN/MSD/trainer.py:100: UserWarning: Val 64/1000 6/7  acc [ 0.500]  time 25.14s
  warnings.warn("Val {}/{} {}/{}  acc {}  time {:.2f}s".format(epoch, args.max_epochs, idx, len(loader),
/home/karimimonsefi.1/SSL_VAN/MSD/trainer.py:102: UserWarning: Val 64/1000 6/7  acc 0.49986791610717773  time 25.14s
  warnings.warn("Val {}/{} {}/{}  acc {}  time {:.2f}s".format(epoch, args.max_epochs, idx, len(loader),
/home/karimimonsefi.1/SSL_VAN/MSD/trainer.py:177: UserWarning: Final validation  64/999  acc: 0.4999  time 249.48s
  warnings.warn("Final validation  {}/{}  acc: {:.4f}  time {:.2f}s".format(epoch, args.max_epochs - 1,
/home/karimimonsefi.1/SSL_VAN/MSD/trainer.py:147: UserWarning: 0  Wed Aug  2 07:33:52 2023  Epoch: 65
  warnings.warn(f"{args.rank}  {time.ctime()}  Epoch: {epoch}")
/home/karimimonsefi.1/SSL_VAN/MSD/trainer.py:147: UserWarning: 1  Wed Aug  2 07:33:52 2023  Epoch: 65
  warnings.warn(f"{args.rank}  {time.ctime()}  Epoch: {epoch}")
/home/karimimonsefi.1/SSL_VAN/MSD/trainer.py:51: UserWarning: Epoch 65/1000 0/56  loss: 0.9980  time 7.45s
  warnings.warn(
/home/karimimonsefi.1/SSL_VAN/MSD/trainer.py:51: UserWarning: Epoch 65/1000 1/56  loss: 0.9820  time 0.93s
  warnings.warn(
/home/karimimonsefi.1/SSL_VAN/MSD/trainer.py:51: UserWarning: Epoch 65/1000 2/56  loss: 1.0152  time 7.84s
  warnings.warn(
/home/karimimonsefi.1/SSL_VAN/MSD/trainer.py:51: UserWarning: Epoch 65/1000 3/56  loss: 1.0016  time 0.93s
  warnings.warn(
/home/karimimonsefi.1/SSL_VAN/MSD/trainer.py:51: UserWarning: Epoch 65/1000 4/56  loss: 0.9969  time 0.93s
  warnings.warn(
/home/karimimonsefi.1/SSL_VAN/MSD/trainer.py:51: UserWarning: Epoch 65/1000 5/56  loss: 0.9906  time 0.93s
  warnings.warn(
/home/karimimonsefi.1/SSL_VAN/MSD/trainer.py:51: UserWarning: Epoch 65/1000 6/56  loss: 0.9942  time 0.94s
  warnings.warn(
/home/karimimonsefi.1/SSL_VAN/MSD/trainer.py:51: UserWarning: Epoch 65/1000 7/56  loss: 0.9942  time 0.94s
  warnings.warn(
/home/karimimonsefi.1/SSL_VAN/MSD/trainer.py:51: UserWarning: Epoch 65/1000 8/56  loss: 0.9889  time 0.93s
  warnings.warn(
/home/karimimonsefi.1/SSL_VAN/MSD/trainer.py:51: UserWarning: Epoch 65/1000 9/56  loss: 0.9888  time 0.93s
  warnings.warn(
/home/karimimonsefi.1/SSL_VAN/MSD/trainer.py:51: UserWarning: Epoch 65/1000 10/56  loss: 0.9851  time 2.33s
  warnings.warn(
/home/karimimonsefi.1/SSL_VAN/MSD/trainer.py:51: UserWarning: Epoch 65/1000 11/56  loss: 0.9847  time 0.94s
  warnings.warn(
/home/karimimonsefi.1/SSL_VAN/MSD/trainer.py:51: UserWarning: Epoch 65/1000 12/56  loss: 0.9829  time 0.94s
  warnings.warn(
/home/karimimonsefi.1/SSL_VAN/MSD/trainer.py:51: UserWarning: Epoch 65/1000 13/56  loss: 0.9832  time 0.94s
  warnings.warn(
/home/karimimonsefi.1/SSL_VAN/MSD/trainer.py:51: UserWarning: Epoch 65/1000 14/56  loss: 0.9810  time 0.96s
  warnings.warn(
/home/karimimonsefi.1/SSL_VAN/MSD/trainer.py:51: UserWarning: Epoch 65/1000 15/56  loss: 0.9802  time 0.93s
  warnings.warn(
/home/karimimonsefi.1/SSL_VAN/MSD/trainer.py:51: UserWarning: Epoch 65/1000 16/56  loss: 0.9786  time 0.93s
  warnings.warn(
/home/karimimonsefi.1/SSL_VAN/MSD/trainer.py:51: UserWarning: Epoch 65/1000 17/56  loss: 0.9804  time 0.94s
  warnings.warn(
/home/karimimonsefi.1/SSL_VAN/MSD/trainer.py:51: UserWarning: Epoch 65/1000 18/56  loss: 0.9791  time 10.20s
  warnings.warn(
/home/karimimonsefi.1/SSL_VAN/MSD/trainer.py:51: UserWarning: Epoch 65/1000 19/56  loss: 0.9821  time 0.93s
  warnings.warn(
/home/karimimonsefi.1/SSL_VAN/MSD/trainer.py:51: UserWarning: Epoch 65/1000 20/56  loss: 0.9818  time 0.93s
  warnings.warn(
/home/karimimonsefi.1/SSL_VAN/MSD/trainer.py:51: UserWarning: Epoch 65/1000 21/56  loss: 0.9816  time 0.94s
  warnings.warn(
/home/karimimonsefi.1/SSL_VAN/MSD/trainer.py:51: UserWarning: Epoch 65/1000 22/56  loss: 0.9811  time 0.94s
  warnings.warn(
/home/karimimonsefi.1/SSL_VAN/MSD/trainer.py:51: UserWarning: Epoch 65/1000 23/56  loss: 0.9815  time 0.93s
  warnings.warn(
/home/karimimonsefi.1/SSL_VAN/MSD/trainer.py:51: UserWarning: Epoch 65/1000 24/56  loss: 0.9803  time 0.93s
  warnings.warn(
/home/karimimonsefi.1/SSL_VAN/MSD/trainer.py:51: UserWarning: Epoch 65/1000 25/56  loss: 0.9792  time 0.94s
  warnings.warn(
/home/karimimonsefi.1/SSL_VAN/MSD/trainer.py:51: UserWarning: Epoch 65/1000 26/56  loss: 0.9783  time 0.93s
  warnings.warn(
/home/karimimonsefi.1/SSL_VAN/MSD/trainer.py:51: UserWarning: Epoch 65/1000 27/56  loss: 0.9857  time 0.94s
  warnings.warn(
/home/karimimonsefi.1/SSL_VAN/MSD/trainer.py:51: UserWarning: Epoch 65/1000 28/56  loss: 0.9850  time 0.94s
  warnings.warn(
/home/karimimonsefi.1/SSL_VAN/MSD/trainer.py:51: UserWarning: Epoch 65/1000 29/56  loss: 0.9945  time 0.94s
  warnings.warn(
/home/karimimonsefi.1/SSL_VAN/MSD/trainer.py:51: UserWarning: Epoch 65/1000 30/56  loss: 0.9932  time 0.94s
  warnings.warn(
/home/karimimonsefi.1/SSL_VAN/MSD/trainer.py:51: UserWarning: Epoch 65/1000 31/56  loss: 0.9927  time 0.94s
  warnings.warn(
/home/karimimonsefi.1/SSL_VAN/MSD/trainer.py:51: UserWarning: Epoch 65/1000 32/56  loss: 0.9924  time 0.94s
  warnings.warn(
/home/karimimonsefi.1/SSL_VAN/MSD/trainer.py:51: UserWarning: Epoch 65/1000 33/56  loss: 0.9918  time 0.94s
  warnings.warn(
/home/karimimonsefi.1/SSL_VAN/MSD/trainer.py:51: UserWarning: Epoch 65/1000 34/56  loss: 0.9913  time 0.94s
  warnings.warn(
/home/karimimonsefi.1/SSL_VAN/MSD/trainer.py:51: UserWarning: Epoch 65/1000 35/56  loss: 0.9902  time 0.94s
  warnings.warn(
/home/karimimonsefi.1/SSL_VAN/MSD/trainer.py:51: UserWarning: Epoch 65/1000 36/56  loss: 0.9892  time 0.94s
  warnings.warn(
/home/karimimonsefi.1/SSL_VAN/MSD/trainer.py:51: UserWarning: Epoch 65/1000 37/56  loss: 0.9890  time 0.94s
  warnings.warn(
/home/karimimonsefi.1/SSL_VAN/MSD/trainer.py:51: UserWarning: Epoch 65/1000 38/56  loss: 0.9891  time 0.94s
  warnings.warn(
/home/karimimonsefi.1/SSL_VAN/MSD/trainer.py:51: UserWarning: Epoch 65/1000 39/56  loss: 0.9890  time 0.94s
  warnings.warn(
/home/karimimonsefi.1/SSL_VAN/MSD/trainer.py:51: UserWarning: Epoch 65/1000 40/56  loss: 0.9930  time 0.94s
  warnings.warn(
/home/karimimonsefi.1/SSL_VAN/MSD/trainer.py:51: UserWarning: Epoch 65/1000 41/56  loss: 0.9931  time 0.94s
  warnings.warn(
/home/karimimonsefi.1/SSL_VAN/MSD/trainer.py:51: UserWarning: Epoch 65/1000 42/56  loss: 0.9922  time 0.94s
  warnings.warn(
/home/karimimonsefi.1/SSL_VAN/MSD/trainer.py:51: UserWarning: Epoch 65/1000 43/56  loss: 0.9914  time 0.93s
  warnings.warn(
/home/karimimonsefi.1/SSL_VAN/MSD/trainer.py:51: UserWarning: Epoch 65/1000 44/56  loss: 0.9926  time 0.94s
  warnings.warn(
/home/karimimonsefi.1/SSL_VAN/MSD/trainer.py:51: UserWarning: Epoch 65/1000 45/56  loss: 0.9922  time 0.93s
  warnings.warn(
/home/karimimonsefi.1/SSL_VAN/MSD/trainer.py:51: UserWarning: Epoch 65/1000 46/56  loss: 0.9916  time 0.93s
  warnings.warn(
/home/karimimonsefi.1/SSL_VAN/MSD/trainer.py:51: UserWarning: Epoch 65/1000 47/56  loss: 0.9909  time 0.94s
  warnings.warn(
/home/karimimonsefi.1/SSL_VAN/MSD/trainer.py:51: UserWarning: Epoch 65/1000 48/56  loss: 0.9909  time 0.93s
  warnings.warn(
/home/karimimonsefi.1/SSL_VAN/MSD/trainer.py:51: UserWarning: Epoch 65/1000 49/56  loss: 0.9910  time 0.93s
  warnings.warn(
/home/karimimonsefi.1/SSL_VAN/MSD/trainer.py:51: UserWarning: Epoch 65/1000 50/56  loss: 0.9913  time 0.93s
  warnings.warn(
/home/karimimonsefi.1/SSL_VAN/MSD/trainer.py:51: UserWarning: Epoch 65/1000 51/56  loss: 0.9906  time 0.93s
  warnings.warn(
/home/karimimonsefi.1/SSL_VAN/MSD/trainer.py:51: UserWarning: Epoch 65/1000 52/56  loss: 0.9916  time 0.94s
  warnings.warn(
/home/karimimonsefi.1/SSL_VAN/MSD/trainer.py:51: UserWarning: Epoch 65/1000 53/56  loss: 0.9915  time 0.94s
  warnings.warn(
/home/karimimonsefi.1/SSL_VAN/MSD/trainer.py:51: UserWarning: Epoch 65/1000 54/56  loss: 0.9910  time 0.93s
  warnings.warn(
/home/karimimonsefi.1/SSL_VAN/MSD/trainer.py:51: UserWarning: Epoch 65/1000 55/56  loss: 0.9915  time 0.94s
  warnings.warn(
/home/karimimonsefi.1/SSL_VAN/MSD/trainer.py:153: UserWarning: Final training  65/999  loss: 0.9915  time 76.50s
  warnings.warn("Final training  {}/{}  loss: {:.4f}  time {:.2f}s".format(epoch, args.max_epochs - 1,
/home/karimimonsefi.1/SSL_VAN/MSD/trainer.py:100: UserWarning: Val 65/1000 0/7  acc [ 0.500]  time 52.38s
  warnings.warn("Val {}/{} {}/{}  acc {}  time {:.2f}s".format(epoch, args.max_epochs, idx, len(loader),
/home/karimimonsefi.1/SSL_VAN/MSD/trainer.py:102: UserWarning: Val 65/1000 0/7  acc 0.49989908933639526  time 52.38s
  warnings.warn("Val {}/{} {}/{}  acc {}  time {:.2f}s".format(epoch, args.max_epochs, idx, len(loader),
/home/karimimonsefi.1/SSL_VAN/MSD/trainer.py:100: UserWarning: Val 65/1000 1/7  acc [ 0.500]  time 36.30s
  warnings.warn("Val {}/{} {}/{}  acc {}  time {:.2f}s".format(epoch, args.max_epochs, idx, len(loader),
/home/karimimonsefi.1/SSL_VAN/MSD/trainer.py:102: UserWarning: Val 65/1000 1/7  acc 0.4999221861362457  time 36.30s
  warnings.warn("Val {}/{} {}/{}  acc {}  time {:.2f}s".format(epoch, args.max_epochs, idx, len(loader),
/home/karimimonsefi.1/SSL_VAN/MSD/trainer.py:100: UserWarning: Val 65/1000 2/7  acc [ 0.500]  time 36.36s
  warnings.warn("Val {}/{} {}/{}  acc {}  time {:.2f}s".format(epoch, args.max_epochs, idx, len(loader),
/home/karimimonsefi.1/SSL_VAN/MSD/trainer.py:102: UserWarning: Val 65/1000 2/7  acc 0.49992796778678894  time 36.36s
  warnings.warn("Val {}/{} {}/{}  acc {}  time {:.2f}s".format(epoch, args.max_epochs, idx, len(loader),
