/var/spool/slurmd/job62777/slurm_script: line 11: cd: SSL_VAN: No such file or directory

----------------------------------------------------------------------------
  cuda:
----------------------------------------------------------------------------
     Versions:
        cuda/10.2
        cuda/11.0
        cuda/11.2
        cuda/11.3
        cuda/11.4
        cuda/11.5
        cuda/11.6
        cuda/11.7
        cuda/11.8
        cuda/12.0

----------------------------------------------------------------------------
  For detailed information about a specific "cuda" package (including how to load the modules) use the module's full name.
  Note that names that have a trailing (E) are extensions provided by other modules.
  For example:

     $ module spider cuda/12.0
----------------------------------------------------------------------------

 


CommandNotFoundError: Your shell has not been properly configured to use 'conda activate'.
To initialize your shell, run

    $ conda init <SHELL_NAME>

Currently supported shells are:
  - bash
  - fish
  - tcsh
  - xonsh
  - zsh
  - powershell

See 'conda init --help' for more information and options.

IMPORTANT: You may need to close and restart your shell after running 'conda init'.


/home/karimimonsefi.1/miniconda3/lib/python3.9/site-packages/mmcv/__init__.py:20: UserWarning: On January 1, 2023, MMCV will release v2.0.0, in which it will remove components related to the training process and add a data transformation module. In addition, it will rename the package names mmcv to mmcv-lite and mmcv-full to mmcv. See https://github.com/open-mmlab/mmcv/blob/master/docs/en/compatibility.md for more details.
  warnings.warn(
/home/karimimonsefi.1/SSL_VAN/BTCV/main.py:128: UserWarning: 0 gpu 0
  warnings.warn(f"{args.rank} gpu {args.gpu}")
/home/karimimonsefi.1/SSL_VAN/BTCV/main.py:130: UserWarning: Batch size is: 2 epochs 4000
  warnings.warn(f"Batch size is: {args.batch_size} epochs {args.max_epochs}")
/home/karimimonsefi.1/SSL_VAN/commons/models/van_v4_122gl.py:11: UserWarning: embed_dims GL = [96, 192, 384, 768]
  warnings.warn(f'embed_dims GL = {embed_dims}')
/home/karimimonsefi.1/miniconda3/lib/python3.9/site-packages/monai/transforms/post/array.py:176: UserWarning: `to_onehot=True/False` is deprecated, please use `to_onehot=num_classes` instead.
  warnings.warn("`to_onehot=True/False` is deprecated, please use `to_onehot=num_classes` instead.")
/home/karimimonsefi.1/SSL_VAN/BTCV/main.py:164: UserWarning: Total parameters count 172580904
  warnings.warn(f"Total parameters count {pytorch_total_params}")
/home/karimimonsefi.1/SSL_VAN/BTCV/main.py:167: UserWarning: Total args.checkpoint True
  warnings.warn(f"Total args.checkpoint {args.checkpoint}")
/home/karimimonsefi.1/SSL_VAN/commons/util.py:6: UserWarning:  base_url is 96-192-384-768_3-3-24-3_8-8-4-4_vae_inferer_valid_loader_VANV4122GL
  warnings.warn(f" base_url is {base_url}")
/home/karimimonsefi.1/SSL_VAN/commons/util.py:8: UserWarning:  output_url 1 is ./runs/BTCV_new/test_log/output_True_False
  warnings.warn(f" output_url 1 is {output_url}")
/home/karimimonsefi.1/SSL_VAN/commons/util.py:9: UserWarning:  exists 1 is True
  warnings.warn(f" exists 1 is {os.path.exists(output_url)}")
/home/karimimonsefi.1/SSL_VAN/commons/util.py:13: UserWarning:  output_url 2 is ./runs/BTCV_new/test_log/output_True_False/96-192-384-768_3-3-24-3_8-8-4-4_vae_inferer_valid_loader_VANV4122GL
  warnings.warn(f" output_url 2 is {output_url}")
/home/karimimonsefi.1/SSL_VAN/commons/util.py:14: UserWarning:  exists 2 is True
  warnings.warn(f" exists 2 is {os.path.exists(output_url)}")
/home/karimimonsefi.1/SSL_VAN/commons/util.py:20: UserWarning:  Best url model is 96-192-384-768_3-3-24-3_8-8-4-4_vae_inferer_valid_loader_VANV4122GL__best.pt, final model url is 96-192-384-768_3-3-24-3_8-8-4-4_vae_inferer_valid_loader_VANV4122GL__final.pt
  warnings.warn(f" Best url model is {args.best_model_url}, final model url is {args.final_model_url}")
/home/karimimonsefi.1/SSL_VAN/BTCV/main.py:181: UserWarning: => loaded checkpoint 'True' (epoch 2803) (bestacc 0.8604331612586975)
  warnings.warn("=> loaded checkpoint '{}' (epoch {}) (bestacc {})".format(
input_list/dataset_BTCV_List.json
/home/karimimonsefi.1/SSL_VAN/BTCV/tester.py:36: UserWarning: image_name img0035.nii.gz
  warnings.warn("image_name {}".format(image_name))
/home/karimimonsefi.1/SSL_VAN/BTCV/tester.py:21: UserWarning: image shape(314, 314, 234)
  warnings.warn("image shape{}".format(image.shape))
/home/karimimonsefi.1/SSL_VAN/BTCV/tester.py:25: UserWarning: saved at ./runs/BTCV_new/test_log/output_True_False/96-192-384-768_3-3-24-3_8-8-4-4_vae_inferer_valid_loader_VANV4122GL/img0035.nii.gz
  warnings.warn("saved at {}".format(url))
/home/karimimonsefi.1/SSL_VAN/BTCV/tester.py:69: UserWarning: acc [ 0.999  0.962  0.939  0.941  1.000  0.715  0.968  0.887  0.925  0.902
  0.734  0.694  0.734  0.697]
  warnings.warn("acc {}".format(np.nan_to_num(acc.cpu().numpy()[0], nan=1.0)))
/home/karimimonsefi.1/SSL_VAN/BTCV/tester.py:90: UserWarning: test 0/6,
 Dice_background: 0.9986451864242554,
 Dice_spleen: 0.9622551202774048,
 Dice_rkid: 0.9392043352127075,
 Dice_lkid: 0.9405370950698853,
 Dice_gall: 1.0,
 Dice_eso: 0.7154075503349304,
 Dice_liver: 0.9681530594825745,
 Dice_sto: 0.8867473006248474,
 Dice_aorta: 0.9249706268310547,
 Dice_IVC: 0.9024103879928589,
 Dice_veins: 0.734139621257782,
 Dice_pancreas: 0.6943476796150208,
 Dice_rad: 0.7341920137405396,
 Dice_lad: 0.6969223022460938
 time 15.63s
  warnings.warn("test {}/{},\n Dice_background: {},\n Dice_spleen: {},\n Dice_rkid: {},\n Dice_lkid: {},\n"
/home/karimimonsefi.1/SSL_VAN/BTCV/tester.py:98: UserWarning: Test 0/6  acc 0.8641380071640015  time 15.63s
  warnings.warn("Test {}/{}  acc {}  time {:.2f}s".format(idx, len(loader),
/home/karimimonsefi.1/SSL_VAN/BTCV/tester.py:36: UserWarning: image_name img0036.nii.gz
  warnings.warn("image_name {}".format(image_name))
/home/karimimonsefi.1/SSL_VAN/BTCV/tester.py:21: UserWarning: image shape(255, 255, 276)
  warnings.warn("image shape{}".format(image.shape))
/home/karimimonsefi.1/SSL_VAN/BTCV/tester.py:25: UserWarning: saved at ./runs/BTCV_new/test_log/output_True_False/96-192-384-768_3-3-24-3_8-8-4-4_vae_inferer_valid_loader_VANV4122GL/img0036.nii.gz
  warnings.warn("saved at {}".format(url))
/home/karimimonsefi.1/SSL_VAN/BTCV/tester.py:69: UserWarning: acc [ 0.998  0.963  0.965  0.963  0.744  0.822  0.974  0.945  0.902  0.860
  0.691  0.778  0.736  0.722]
  warnings.warn("acc {}".format(np.nan_to_num(acc.cpu().numpy()[0], nan=1.0)))
/home/karimimonsefi.1/SSL_VAN/BTCV/tester.py:90: UserWarning: test 1/6,
 Dice_background: 0.9983562231063843,
 Dice_spleen: 0.9628083109855652,
 Dice_rkid: 0.952203631401062,
 Dice_lkid: 0.9518259167671204,
 Dice_gall: 0.8720415830612183,
 Dice_eso: 0.7687950134277344,
 Dice_liver: 0.9710092544555664,
 Dice_sto: 0.9158074855804443,
 Dice_aorta: 0.913270115852356,
 Dice_IVC: 0.8814219236373901,
 Dice_veins: 0.7123836278915405,
 Dice_pancreas: 0.7359978556632996,
 Dice_rad: 0.7351760864257812,
 Dice_lad: 0.7094030976295471
 time 7.77s
  warnings.warn("test {}/{},\n Dice_background: {},\n Dice_spleen: {},\n Dice_rkid: {},\n Dice_lkid: {},\n"
/home/karimimonsefi.1/SSL_VAN/BTCV/tester.py:98: UserWarning: Test 1/6  acc 0.8628928065299988  time 7.77s
  warnings.warn("Test {}/{}  acc {}  time {:.2f}s".format(idx, len(loader),
/home/karimimonsefi.1/SSL_VAN/BTCV/tester.py:36: UserWarning: image_name img0037.nii.gz
  warnings.warn("image_name {}".format(image_name))
/home/karimimonsefi.1/SSL_VAN/BTCV/tester.py:21: UserWarning: image shape(241, 241, 246)
  warnings.warn("image shape{}".format(image.shape))
/home/karimimonsefi.1/SSL_VAN/BTCV/tester.py:25: UserWarning: saved at ./runs/BTCV_new/test_log/output_True_False/96-192-384-768_3-3-24-3_8-8-4-4_vae_inferer_valid_loader_VANV4122GL/img0037.nii.gz
  warnings.warn("saved at {}".format(url))
/home/karimimonsefi.1/SSL_VAN/BTCV/tester.py:69: UserWarning: acc [ 0.997  0.948  0.945  0.950  0.910  0.851  0.970  0.726  0.909  0.877
  0.780  0.897  0.748  0.670]
  warnings.warn("acc {}".format(np.nan_to_num(acc.cpu().numpy()[0], nan=1.0)))
/home/karimimonsefi.1/SSL_VAN/BTCV/tester.py:90: UserWarning: test 2/6,
 Dice_background: 0.9980292320251465,
 Dice_spleen: 0.9579968452453613,
 Dice_rkid: 0.9497829079627991,
 Dice_lkid: 0.9511241912841797,
 Dice_gall: 0.8848384022712708,
 Dice_eso: 0.7960711121559143,
 Dice_liver: 0.9707761406898499,
 Dice_sto: 0.8525529503822327,
 Dice_aorta: 0.9118742346763611,
 Dice_IVC: 0.8800156116485596,
 Dice_veins: 0.7349836230278015,
 Dice_pancreas: 0.7895865440368652,
 Dice_rad: 0.7393468022346497,
 Dice_lad: 0.6963677406311035
 time 5.23s
  warnings.warn("test {}/{},\n Dice_background: {},\n Dice_spleen: {},\n Dice_rkid: {},\n Dice_lkid: {},\n"
/home/karimimonsefi.1/SSL_VAN/BTCV/tester.py:98: UserWarning: Test 2/6  acc 0.8652390241622925  time 5.23s
  warnings.warn("Test {}/{}  acc {}  time {:.2f}s".format(idx, len(loader),
/home/karimimonsefi.1/SSL_VAN/BTCV/tester.py:36: UserWarning: image_name img0038.nii.gz
  warnings.warn("image_name {}".format(image_name))
/home/karimimonsefi.1/SSL_VAN/BTCV/tester.py:21: UserWarning: image shape(334, 334, 248)
  warnings.warn("image shape{}".format(image.shape))
/home/karimimonsefi.1/SSL_VAN/BTCV/tester.py:25: UserWarning: saved at ./runs/BTCV_new/test_log/output_True_False/96-192-384-768_3-3-24-3_8-8-4-4_vae_inferer_valid_loader_VANV4122GL/img0038.nii.gz
  warnings.warn("saved at {}".format(url))
/home/karimimonsefi.1/SSL_VAN/BTCV/tester.py:69: UserWarning: acc [ 0.997  0.957  0.941  0.943  0.659  0.829  0.966  0.870  0.920  0.814
  0.782  0.858  0.685  0.707]
  warnings.warn("acc {}".format(np.nan_to_num(acc.cpu().numpy()[0], nan=1.0)))
/home/karimimonsefi.1/SSL_VAN/BTCV/tester.py:90: UserWarning: test 3/6,
 Dice_background: 0.9978927373886108,
 Dice_spleen: 0.957817554473877,
 Dice_rkid: 0.9476444125175476,
 Dice_lkid: 0.9491574764251709,
 Dice_gall: 0.8282846212387085,
 Dice_eso: 0.8044108152389526,
 Dice_liver: 0.969514787197113,
 Dice_sto: 0.8569067716598511,
 Dice_aorta: 0.9139779806137085,
 Dice_IVC: 0.863610029220581,
 Dice_veins: 0.7467175126075745,
 Dice_pancreas: 0.8066936731338501,
 Dice_rad: 0.725740909576416,
 Dice_lad: 0.6990578174591064
 time 7.56s
  warnings.warn("test {}/{},\n Dice_background: {},\n Dice_spleen: {},\n Dice_rkid: {},\n Dice_lkid: {},\n"
/home/karimimonsefi.1/SSL_VAN/BTCV/tester.py:98: UserWarning: Test 3/6  acc 0.8619590997695923  time 7.56s
  warnings.warn("Test {}/{}  acc {}  time {:.2f}s".format(idx, len(loader),
/home/karimimonsefi.1/SSL_VAN/BTCV/tester.py:36: UserWarning: image_name img0039.nii.gz
  warnings.warn("image_name {}".format(image_name))
/home/karimimonsefi.1/SSL_VAN/BTCV/tester.py:21: UserWarning: image shape(333, 333, 224)
  warnings.warn("image shape{}".format(image.shape))
/home/karimimonsefi.1/SSL_VAN/BTCV/tester.py:25: UserWarning: saved at ./runs/BTCV_new/test_log/output_True_False/96-192-384-768_3-3-24-3_8-8-4-4_vae_inferer_valid_loader_VANV4122GL/img0039.nii.gz
  warnings.warn("saved at {}".format(url))
/home/karimimonsefi.1/SSL_VAN/BTCV/tester.py:69: UserWarning: acc [ 0.999  0.967  0.937  0.928  0.768  0.791  0.968  0.895  0.913  0.862
  0.765  0.854  0.666  0.686]
  warnings.warn("acc {}".format(np.nan_to_num(acc.cpu().numpy()[0], nan=1.0)))
/home/karimimonsefi.1/SSL_VAN/BTCV/tester.py:90: UserWarning: test 4/6,
 Dice_background: 0.9980541467666626,
 Dice_spleen: 0.959740936756134,
 Dice_rkid: 0.9454477429389954,
 Dice_lkid: 0.9449175596237183,
 Dice_gall: 0.8161934018135071,
 Dice_eso: 0.8017292022705078,
 Dice_liver: 0.9691721200942993,
 Dice_sto: 0.8644672632217407,
 Dice_aorta: 0.9137834310531616,
 Dice_IVC: 0.8632633090019226,
 Dice_veins: 0.7504140138626099,
 Dice_pancreas: 0.8161422610282898,
 Dice_rad: 0.7137892246246338,
 Dice_lad: 0.6964381337165833
 time 6.07s
  warnings.warn("test {}/{},\n Dice_background: {},\n Dice_spleen: {},\n Dice_rkid: {},\n Dice_lkid: {},\n"
/home/karimimonsefi.1/SSL_VAN/BTCV/tester.py:98: UserWarning: Test 4/6  acc 0.8609679937362671  time 6.07s
  warnings.warn("Test {}/{}  acc {}  time {:.2f}s".format(idx, len(loader),
/home/karimimonsefi.1/SSL_VAN/BTCV/tester.py:36: UserWarning: image_name img0040.nii.gz
  warnings.warn("image_name {}".format(image_name))
/home/karimimonsefi.1/SSL_VAN/BTCV/tester.py:21: UserWarning: image shape(254, 254, 292)
  warnings.warn("image shape{}".format(image.shape))
/home/karimimonsefi.1/SSL_VAN/BTCV/tester.py:25: UserWarning: saved at ./runs/BTCV_new/test_log/output_True_False/96-192-384-768_3-3-24-3_8-8-4-4_vae_inferer_valid_loader_VANV4122GL/img0040.nii.gz
  warnings.warn("saved at {}".format(url))
/home/karimimonsefi.1/SSL_VAN/BTCV/tester.py:69: UserWarning: acc [ 0.998  0.968  0.958  0.963  0.468  0.726  0.974  0.869  0.761  0.816
  0.799  0.809  0.652  0.785]
  warnings.warn("acc {}".format(np.nan_to_num(acc.cpu().numpy()[0], nan=1.0)))
/home/karimimonsefi.1/SSL_VAN/BTCV/tester.py:90: UserWarning: test 5/6,
 Dice_background: 0.9979904294013977,
 Dice_spleen: 0.9611132144927979,
 Dice_rkid: 0.9475470185279846,
 Dice_lkid: 0.9479828476905823,
 Dice_gall: 0.758131206035614,
 Dice_eso: 0.7890756130218506,
 Dice_liver: 0.9699814915657043,
 Dice_sto: 0.8651561141014099,
 Dice_aorta: 0.8882732391357422,
 Dice_IVC: 0.855461835861206,
 Dice_veins: 0.7585294246673584,
 Dice_pancreas: 0.8149893879890442,
 Dice_rad: 0.7035587430000305,
 Dice_lad: 0.7111845016479492
 time 9.35s
  warnings.warn("test {}/{},\n Dice_background: {},\n Dice_spleen: {},\n Dice_rkid: {},\n Dice_lkid: {},\n"
/home/karimimonsefi.1/SSL_VAN/BTCV/tester.py:98: UserWarning: Test 5/6  acc 0.8549267649650574  time 9.35s
  warnings.warn("Test {}/{}  acc {}  time {:.2f}s".format(idx, len(loader),
/home/karimimonsefi.1/SSL_VAN/BTCV/tester.py:130: UserWarning: Final test acc: 0.8549  time 51.62s
  warnings.warn("Final test acc: {:.4f}  time {:.2f}s".format(test_avg_acc, time.time() - epoch_time))
