/var/spool/slurmd/job71867/slurm_script: line 11: cd: SSL_VAN: No such file or directory

----------------------------------------------------------------------------
  cuda:
----------------------------------------------------------------------------
     Versions:
        cuda/10.2
        cuda/11.0
        cuda/11.2
        cuda/11.3
        cuda/11.4
        cuda/11.5
        cuda/11.6
        cuda/11.7
        cuda/11.8
        cuda/12.0

----------------------------------------------------------------------------
  For detailed information about a specific "cuda" package (including how to load the modules) use the module's full name.
  Note that names that have a trailing (E) are extensions provided by other modules.
  For example:

     $ module spider cuda/12.0
----------------------------------------------------------------------------

 


CommandNotFoundError: Your shell has not been properly configured to use 'conda activate'.
To initialize your shell, run

    $ conda init <SHELL_NAME>

Currently supported shells are:
  - bash
  - fish
  - tcsh
  - xonsh
  - zsh
  - powershell

See 'conda init --help' for more information and options.

IMPORTANT: You may need to close and restart your shell after running 'conda init'.


/home/karimimonsefi.1/miniconda3/lib/python3.9/site-packages/mmcv/__init__.py:20: UserWarning: On January 1, 2023, MMCV will release v2.0.0, in which it will remove components related to the training process and add a data transformation module. In addition, it will rename the package names mmcv to mmcv-lite and mmcv-full to mmcv. See https://github.com/open-mmlab/mmcv/blob/master/docs/en/compatibility.md for more details.
  warnings.warn(
/home/karimimonsefi.1/SSL_VAN/MSD/main.py:134: UserWarning: Found total gpus 2
  warnings.warn("Found total gpus {}".format(args.ngpus_per_node))
/home/karimimonsefi.1/miniconda3/lib/python3.9/site-packages/mmcv/__init__.py:20: UserWarning: On January 1, 2023, MMCV will release v2.0.0, in which it will remove components related to the training process and add a data transformation module. In addition, it will rename the package names mmcv to mmcv-lite and mmcv-full to mmcv. See https://github.com/open-mmlab/mmcv/blob/master/docs/en/compatibility.md for more details.
  warnings.warn(
/home/karimimonsefi.1/miniconda3/lib/python3.9/site-packages/mmcv/__init__.py:20: UserWarning: On January 1, 2023, MMCV will release v2.0.0, in which it will remove components related to the training process and add a data transformation module. In addition, it will rename the package names mmcv to mmcv-lite and mmcv-full to mmcv. See https://github.com/open-mmlab/mmcv/blob/master/docs/en/compatibility.md for more details.
  warnings.warn(
/home/karimimonsefi.1/SSL_VAN/MSD/main.py:154: UserWarning: 0 gpu 0
  warnings.warn(f"{args.rank} gpu {args.gpu}")
/home/karimimonsefi.1/SSL_VAN/MSD/main.py:156: UserWarning: Batch size is: 1 epochs 2500 and task is Task06_Lung
  warnings.warn(f"Batch size is: {args.batch_size} epochs {args.max_epochs} and task is {args.task}")
/home/karimimonsefi.1/SSL_VAN/MSD/main.py:154: UserWarning: 1 gpu 1
  warnings.warn(f"{args.rank} gpu {args.gpu}")
/home/karimimonsefi.1/miniconda3/lib/python3.9/site-packages/monai/transforms/post/array.py:176: UserWarning: `to_onehot=True/False` is deprecated, please use `to_onehot=num_classes` instead.
  warnings.warn("`to_onehot=True/False` is deprecated, please use `to_onehot=num_classes` instead.")
/home/karimimonsefi.1/miniconda3/lib/python3.9/site-packages/monai/transforms/post/array.py:176: UserWarning: `to_onehot=True/False` is deprecated, please use `to_onehot=num_classes` instead.
  warnings.warn("`to_onehot=True/False` is deprecated, please use `to_onehot=num_classes` instead.")
/home/karimimonsefi.1/SSL_VAN/MSD/main.py:198: UserWarning: Total parameters count 40256426
  warnings.warn(f"Total parameters count {pytorch_total_params}")
/home/karimimonsefi.1/SSL_VAN/MSD/main.py:201: UserWarning: Total args.checkpoint True
  warnings.warn(f"Total args.checkpoint {args.checkpoint}")
/home/karimimonsefi.1/SSL_VAN/MSD/main.py:198: UserWarning: Total parameters count 40256426
  warnings.warn(f"Total parameters count {pytorch_total_params}")
/home/karimimonsefi.1/SSL_VAN/MSD/main.py:201: UserWarning: Total args.checkpoint True
  warnings.warn(f"Total args.checkpoint {args.checkpoint}")
/home/karimimonsefi.1/SSL_VAN/commons/util.py:6: UserWarning:  base_url is 64-128-256-512_3-4-6-3_8-8-4-4_vae_inferer_valid_loader_VANV412_Task06_Lung
  warnings.warn(f" base_url is {base_url}")
/home/karimimonsefi.1/SSL_VAN/commons/util.py:8: UserWarning:  output_url 1 is ./runs/MSD_new/test_log/output_False_False
  warnings.warn(f" output_url 1 is {output_url}")
/home/karimimonsefi.1/SSL_VAN/commons/util.py:6: UserWarning:  base_url is 64-128-256-512_3-4-6-3_8-8-4-4_vae_inferer_valid_loader_VANV412_Task06_Lung
  warnings.warn(f" base_url is {base_url}")
/home/karimimonsefi.1/SSL_VAN/commons/util.py:8: UserWarning:  output_url 1 is ./runs/MSD_new/test_log/output_False_False
  warnings.warn(f" output_url 1 is {output_url}")
/home/karimimonsefi.1/SSL_VAN/commons/util.py:9: UserWarning:  exists 1 is True
  warnings.warn(f" exists 1 is {os.path.exists(output_url)}")
/home/karimimonsefi.1/SSL_VAN/commons/util.py:9: UserWarning:  exists 1 is True
  warnings.warn(f" exists 1 is {os.path.exists(output_url)}")
/home/karimimonsefi.1/SSL_VAN/commons/util.py:13: UserWarning:  output_url 2 is ./runs/MSD_new/test_log/output_False_False/64-128-256-512_3-4-6-3_8-8-4-4_vae_inferer_valid_loader_VANV412_Task06_Lung
  warnings.warn(f" output_url 2 is {output_url}")
/home/karimimonsefi.1/SSL_VAN/commons/util.py:13: UserWarning:  output_url 2 is ./runs/MSD_new/test_log/output_False_False/64-128-256-512_3-4-6-3_8-8-4-4_vae_inferer_valid_loader_VANV412_Task06_Lung
  warnings.warn(f" output_url 2 is {output_url}")
/home/karimimonsefi.1/SSL_VAN/commons/util.py:14: UserWarning:  exists 2 is False
  warnings.warn(f" exists 2 is {os.path.exists(output_url)}")
/home/karimimonsefi.1/SSL_VAN/commons/util.py:14: UserWarning:  exists 2 is False
  warnings.warn(f" exists 2 is {os.path.exists(output_url)}")
/home/karimimonsefi.1/SSL_VAN/commons/util.py:20: UserWarning:  Best url model is 64-128-256-512_3-4-6-3_8-8-4-4_vae_inferer_valid_loader_VANV412_Task06_Lung__best.pt, final model url is 64-128-256-512_3-4-6-3_8-8-4-4_vae_inferer_valid_loader_VANV412_Task06_Lung__final.pt
  warnings.warn(f" Best url model is {args.best_model_url}, final model url is {args.final_model_url}")
/home/karimimonsefi.1/SSL_VAN/commons/util.py:20: UserWarning:  Best url model is 64-128-256-512_3-4-6-3_8-8-4-4_vae_inferer_valid_loader_VANV412_Task06_Lung__best.pt, final model url is 64-128-256-512_3-4-6-3_8-8-4-4_vae_inferer_valid_loader_VANV412_Task06_Lung__final.pt
  warnings.warn(f" Best url model is {args.best_model_url}, final model url is {args.final_model_url}")
/home/karimimonsefi.1/SSL_VAN/MSD/main.py:215: UserWarning: => loaded checkpoint 'True' (epoch 0) (bestacc 0.0)
  warnings.warn("=> loaded checkpoint '{}' (epoch {}) (bestacc {})".format(
/home/karimimonsefi.1/SSL_VAN/MSD/main.py:215: UserWarning: => loaded checkpoint 'True' (epoch 0) (bestacc 0.0)
  warnings.warn("=> loaded checkpoint '{}' (epoch {}) (bestacc {})".format(
/home/karimimonsefi.1/SSL_VAN/MSD/trainer.py:139: UserWarning: Writing Tensorboard logs to ./runs/MSD_new/test_log
  warnings.warn(f"Writing Tensorboard logs to {args.logdir}")
/home/karimimonsefi.1/SSL_VAN/MSD/trainer.py:147: UserWarning: 0  Mon Jul 31 12:53:21 2023  Epoch: 0
  warnings.warn(f"{args.rank}  {time.ctime()}  Epoch: {epoch}")
/home/karimimonsefi.1/SSL_VAN/MSD/trainer.py:147: UserWarning: 1  Mon Jul 31 12:53:21 2023  Epoch: 0
  warnings.warn(f"{args.rank}  {time.ctime()}  Epoch: {epoch}")
/home/karimimonsefi.1/SSL_VAN/MSD/trainer.py:29: UserWarning: input size torch.Size([6, 1, 96, 96, 96])
  warnings.warn("input size {}".format(data.shape))
/home/karimimonsefi.1/SSL_VAN/MSD/trainer.py:29: UserWarning: input size torch.Size([6, 1, 96, 96, 96])
  warnings.warn("input size {}".format(data.shape))
[W reducer.cpp:1298] Warning: find_unused_parameters=True was specified in DDP constructor, but did not find any unused parameters in the forward pass. This flag results in an extra traversal of the autograd graph every iteration,  which can adversely affect performance. If your model indeed never has any unused parameters in the forward pass, consider turning this flag off. Note that this warning may be a false positive if your model has flow control causing later iterations to have unused parameters. (function operator())
[W reducer.cpp:1298] Warning: find_unused_parameters=True was specified in DDP constructor, but did not find any unused parameters in the forward pass. This flag results in an extra traversal of the autograd graph every iteration,  which can adversely affect performance. If your model indeed never has any unused parameters in the forward pass, consider turning this flag off. Note that this warning may be a false positive if your model has flow control causing later iterations to have unused parameters. (function operator())
/home/karimimonsefi.1/SSL_VAN/MSD/trainer.py:51: UserWarning: Epoch 0/2500 0/25  loss: 3.8205  time 115.45s
  warnings.warn(
/home/karimimonsefi.1/SSL_VAN/MSD/trainer.py:51: UserWarning: Epoch 0/2500 1/25  loss: 3.8185  time 0.40s
  warnings.warn(
/home/karimimonsefi.1/SSL_VAN/MSD/trainer.py:51: UserWarning: Epoch 0/2500 2/25  loss: 3.8190  time 0.40s
  warnings.warn(
/home/karimimonsefi.1/SSL_VAN/MSD/trainer.py:51: UserWarning: Epoch 0/2500 3/25  loss: 3.8150  time 0.40s
  warnings.warn(
/home/karimimonsefi.1/SSL_VAN/MSD/trainer.py:51: UserWarning: Epoch 0/2500 4/25  loss: 3.8152  time 0.40s
  warnings.warn(
/home/karimimonsefi.1/SSL_VAN/MSD/trainer.py:51: UserWarning: Epoch 0/2500 5/25  loss: 3.8157  time 0.40s
  warnings.warn(
/home/karimimonsefi.1/SSL_VAN/MSD/trainer.py:51: UserWarning: Epoch 0/2500 6/25  loss: 3.8158  time 0.40s
  warnings.warn(
/home/karimimonsefi.1/SSL_VAN/MSD/trainer.py:51: UserWarning: Epoch 0/2500 7/25  loss: 3.8163  time 0.40s
  warnings.warn(
/home/karimimonsefi.1/SSL_VAN/MSD/trainer.py:51: UserWarning: Epoch 0/2500 8/25  loss: 3.8167  time 0.40s
  warnings.warn(
/home/karimimonsefi.1/SSL_VAN/MSD/trainer.py:51: UserWarning: Epoch 0/2500 9/25  loss: 3.8165  time 0.40s
  warnings.warn(
/home/karimimonsefi.1/SSL_VAN/MSD/trainer.py:51: UserWarning: Epoch 0/2500 10/25  loss: 3.8166  time 0.39s
  warnings.warn(
/home/karimimonsefi.1/SSL_VAN/MSD/trainer.py:51: UserWarning: Epoch 0/2500 11/25  loss: 3.8167  time 0.40s
  warnings.warn(
/home/karimimonsefi.1/SSL_VAN/MSD/trainer.py:51: UserWarning: Epoch 0/2500 12/25  loss: 3.8166  time 0.39s
  warnings.warn(
/home/karimimonsefi.1/SSL_VAN/MSD/trainer.py:51: UserWarning: Epoch 0/2500 13/25  loss: 3.8166  time 0.40s
  warnings.warn(
/home/karimimonsefi.1/SSL_VAN/MSD/trainer.py:51: UserWarning: Epoch 0/2500 14/25  loss: 3.8168  time 0.40s
  warnings.warn(
/home/karimimonsefi.1/SSL_VAN/MSD/trainer.py:51: UserWarning: Epoch 0/2500 15/25  loss: 3.8168  time 0.39s
  warnings.warn(
/home/karimimonsefi.1/SSL_VAN/MSD/trainer.py:51: UserWarning: Epoch 0/2500 16/25  loss: 3.8170  time 0.40s
  warnings.warn(
/home/karimimonsefi.1/SSL_VAN/MSD/trainer.py:51: UserWarning: Epoch 0/2500 17/25  loss: 3.8171  time 15.95s
  warnings.warn(
/home/karimimonsefi.1/SSL_VAN/MSD/trainer.py:51: UserWarning: Epoch 0/2500 18/25  loss: 3.8172  time 5.67s
  warnings.warn(
/home/karimimonsefi.1/SSL_VAN/MSD/trainer.py:51: UserWarning: Epoch 0/2500 19/25  loss: 3.8173  time 0.39s
  warnings.warn(
/home/karimimonsefi.1/SSL_VAN/MSD/trainer.py:51: UserWarning: Epoch 0/2500 20/25  loss: 3.8175  time 0.39s
  warnings.warn(
/home/karimimonsefi.1/SSL_VAN/MSD/trainer.py:51: UserWarning: Epoch 0/2500 21/25  loss: 3.8175  time 0.39s
  warnings.warn(
/home/karimimonsefi.1/SSL_VAN/MSD/trainer.py:51: UserWarning: Epoch 0/2500 22/25  loss: 3.8175  time 4.46s
  warnings.warn(
/home/karimimonsefi.1/SSL_VAN/MSD/trainer.py:51: UserWarning: Epoch 0/2500 23/25  loss: 3.8174  time 0.39s
  warnings.warn(
/home/karimimonsefi.1/SSL_VAN/MSD/trainer.py:51: UserWarning: Epoch 0/2500 24/25  loss: 3.8174  time 0.40s
  warnings.warn(
/home/karimimonsefi.1/SSL_VAN/MSD/trainer.py:153: UserWarning: Final training  0/2499  loss: 3.8174  time 149.89s
  warnings.warn("Final training  {}/{}  loss: {:.4f}  time {:.2f}s".format(epoch, args.max_epochs - 1,
/home/karimimonsefi.1/SSL_VAN/MSD/trainer.py:147: UserWarning: 1  Mon Jul 31 12:55:51 2023  Epoch: 1
  warnings.warn(f"{args.rank}  {time.ctime()}  Epoch: {epoch}")
/home/karimimonsefi.1/SSL_VAN/MSD/trainer.py:147: UserWarning: 0  Mon Jul 31 12:55:51 2023  Epoch: 1
  warnings.warn(f"{args.rank}  {time.ctime()}  Epoch: {epoch}")
/home/karimimonsefi.1/SSL_VAN/MSD/trainer.py:51: UserWarning: Epoch 1/2500 0/25  loss: 3.8154  time 6.30s
  warnings.warn(
/home/karimimonsefi.1/SSL_VAN/MSD/trainer.py:51: UserWarning: Epoch 1/2500 1/25  loss: 3.8169  time 2.10s
  warnings.warn(
/home/karimimonsefi.1/SSL_VAN/MSD/trainer.py:51: UserWarning: Epoch 1/2500 2/25  loss: 3.8166  time 0.40s
  warnings.warn(
/home/karimimonsefi.1/SSL_VAN/MSD/trainer.py:51: UserWarning: Epoch 1/2500 3/25  loss: 3.8152  time 3.47s
  warnings.warn(
/home/karimimonsefi.1/SSL_VAN/MSD/trainer.py:51: UserWarning: Epoch 1/2500 4/25  loss: 3.8163  time 0.40s
  warnings.warn(
/home/karimimonsefi.1/SSL_VAN/MSD/trainer.py:51: UserWarning: Epoch 1/2500 5/25  loss: 3.8166  time 0.40s
  warnings.warn(
/home/karimimonsefi.1/SSL_VAN/MSD/trainer.py:51: UserWarning: Epoch 1/2500 6/25  loss: 3.8175  time 0.40s
  warnings.warn(
/home/karimimonsefi.1/SSL_VAN/MSD/trainer.py:51: UserWarning: Epoch 1/2500 7/25  loss: 3.8177  time 0.40s
  warnings.warn(
/home/karimimonsefi.1/SSL_VAN/MSD/trainer.py:51: UserWarning: Epoch 1/2500 8/25  loss: 3.8179  time 5.04s
  warnings.warn(
/home/karimimonsefi.1/SSL_VAN/MSD/trainer.py:51: UserWarning: Epoch 1/2500 9/25  loss: 3.8172  time 0.40s
  warnings.warn(
/home/karimimonsefi.1/SSL_VAN/MSD/trainer.py:51: UserWarning: Epoch 1/2500 10/25  loss: 3.8174  time 0.40s
  warnings.warn(
/home/karimimonsefi.1/SSL_VAN/MSD/trainer.py:51: UserWarning: Epoch 1/2500 11/25  loss: 3.8176  time 0.48s
  warnings.warn(
/home/karimimonsefi.1/SSL_VAN/MSD/trainer.py:51: UserWarning: Epoch 1/2500 12/25  loss: 3.8177  time 0.98s
  warnings.warn(
/home/karimimonsefi.1/SSL_VAN/MSD/trainer.py:51: UserWarning: Epoch 1/2500 13/25  loss: 3.8176  time 0.40s
  warnings.warn(
/home/karimimonsefi.1/SSL_VAN/MSD/trainer.py:51: UserWarning: Epoch 1/2500 14/25  loss: 3.8176  time 0.40s
  warnings.warn(
/home/karimimonsefi.1/SSL_VAN/MSD/trainer.py:51: UserWarning: Epoch 1/2500 15/25  loss: 3.8176  time 0.41s
  warnings.warn(
/home/karimimonsefi.1/SSL_VAN/MSD/trainer.py:51: UserWarning: Epoch 1/2500 16/25  loss: 3.8175  time 7.23s
  warnings.warn(
/home/karimimonsefi.1/SSL_VAN/MSD/trainer.py:51: UserWarning: Epoch 1/2500 17/25  loss: 3.8174  time 0.39s
  warnings.warn(
/home/karimimonsefi.1/SSL_VAN/MSD/trainer.py:51: UserWarning: Epoch 1/2500 18/25  loss: 3.8172  time 0.39s
  warnings.warn(
/home/karimimonsefi.1/SSL_VAN/MSD/trainer.py:51: UserWarning: Epoch 1/2500 19/25  loss: 3.8174  time 4.17s
  warnings.warn(
/home/karimimonsefi.1/SSL_VAN/MSD/trainer.py:51: UserWarning: Epoch 1/2500 20/25  loss: 3.8174  time 0.39s
  warnings.warn(
/home/karimimonsefi.1/SSL_VAN/MSD/trainer.py:51: UserWarning: Epoch 1/2500 21/25  loss: 3.8166  time 0.40s
  warnings.warn(
/home/karimimonsefi.1/SSL_VAN/MSD/trainer.py:51: UserWarning: Epoch 1/2500 22/25  loss: 3.8166  time 0.39s
  warnings.warn(
/home/karimimonsefi.1/SSL_VAN/MSD/trainer.py:51: UserWarning: Epoch 1/2500 23/25  loss: 3.8166  time 0.40s
  warnings.warn(
/home/karimimonsefi.1/SSL_VAN/MSD/trainer.py:51: UserWarning: Epoch 1/2500 24/25  loss: 3.8166  time 0.40s
  warnings.warn(
/home/karimimonsefi.1/SSL_VAN/MSD/trainer.py:153: UserWarning: Final training  1/2499  loss: 3.8166  time 36.54s
  warnings.warn("Final training  {}/{}  loss: {:.4f}  time {:.2f}s".format(epoch, args.max_epochs - 1,
/home/karimimonsefi.1/SSL_VAN/MSD/trainer.py:147: UserWarning: 0  Mon Jul 31 12:56:27 2023  Epoch: 2
  warnings.warn(f"{args.rank}  {time.ctime()}  Epoch: {epoch}")
/home/karimimonsefi.1/SSL_VAN/MSD/trainer.py:147: UserWarning: 1  Mon Jul 31 12:56:27 2023  Epoch: 2
  warnings.warn(f"{args.rank}  {time.ctime()}  Epoch: {epoch}")
/home/karimimonsefi.1/SSL_VAN/MSD/trainer.py:51: UserWarning: Epoch 2/2500 0/25  loss: 3.8156  time 8.91s
  warnings.warn(
/home/karimimonsefi.1/SSL_VAN/MSD/trainer.py:51: UserWarning: Epoch 2/2500 1/25  loss: 3.8154  time 1.37s
  warnings.warn(
/home/karimimonsefi.1/SSL_VAN/MSD/trainer.py:51: UserWarning: Epoch 2/2500 2/25  loss: 3.8160  time 0.40s
  warnings.warn(
/home/karimimonsefi.1/SSL_VAN/MSD/trainer.py:51: UserWarning: Epoch 2/2500 3/25  loss: 3.8163  time 0.43s
  warnings.warn(
/home/karimimonsefi.1/SSL_VAN/MSD/trainer.py:51: UserWarning: Epoch 2/2500 4/25  loss: 3.8165  time 0.68s
  warnings.warn(
/home/karimimonsefi.1/SSL_VAN/MSD/trainer.py:51: UserWarning: Epoch 2/2500 5/25  loss: 3.8170  time 1.00s
  warnings.warn(
/home/karimimonsefi.1/SSL_VAN/MSD/trainer.py:51: UserWarning: Epoch 2/2500 6/25  loss: 3.8168  time 0.40s
  warnings.warn(
/home/karimimonsefi.1/SSL_VAN/MSD/trainer.py:51: UserWarning: Epoch 2/2500 7/25  loss: 3.8168  time 0.40s
  warnings.warn(
/home/karimimonsefi.1/SSL_VAN/MSD/trainer.py:51: UserWarning: Epoch 2/2500 8/25  loss: 3.8161  time 3.28s
  warnings.warn(
/home/karimimonsefi.1/SSL_VAN/MSD/trainer.py:51: UserWarning: Epoch 2/2500 9/25  loss: 3.8157  time 2.22s
  warnings.warn(
/home/karimimonsefi.1/SSL_VAN/MSD/trainer.py:51: UserWarning: Epoch 2/2500 10/25  loss: 3.8159  time 6.44s
  warnings.warn(
/home/karimimonsefi.1/SSL_VAN/MSD/trainer.py:51: UserWarning: Epoch 2/2500 11/25  loss: 3.8158  time 0.39s
  warnings.warn(
/home/karimimonsefi.1/SSL_VAN/MSD/trainer.py:51: UserWarning: Epoch 2/2500 12/25  loss: 3.8159  time 0.39s
  warnings.warn(
/home/karimimonsefi.1/SSL_VAN/MSD/trainer.py:51: UserWarning: Epoch 2/2500 13/25  loss: 3.8160  time 0.39s
  warnings.warn(
/home/karimimonsefi.1/SSL_VAN/MSD/trainer.py:51: UserWarning: Epoch 2/2500 14/25  loss: 3.8156  time 0.39s
  warnings.warn(
/home/karimimonsefi.1/SSL_VAN/MSD/trainer.py:51: UserWarning: Epoch 2/2500 15/25  loss: 3.8155  time 0.39s
  warnings.warn(
/home/karimimonsefi.1/SSL_VAN/MSD/trainer.py:51: UserWarning: Epoch 2/2500 16/25  loss: 3.8153  time 0.39s
  warnings.warn(
/home/karimimonsefi.1/SSL_VAN/MSD/trainer.py:51: UserWarning: Epoch 2/2500 17/25  loss: 3.8154  time 0.39s
  warnings.warn(
/home/karimimonsefi.1/SSL_VAN/MSD/trainer.py:51: UserWarning: Epoch 2/2500 18/25  loss: 3.8152  time 4.89s
  warnings.warn(
/home/karimimonsefi.1/SSL_VAN/MSD/trainer.py:51: UserWarning: Epoch 2/2500 19/25  loss: 3.8151  time 0.39s
  warnings.warn(
/home/karimimonsefi.1/SSL_VAN/MSD/trainer.py:51: UserWarning: Epoch 2/2500 20/25  loss: 3.8151  time 0.40s
  warnings.warn(
/home/karimimonsefi.1/SSL_VAN/MSD/trainer.py:51: UserWarning: Epoch 2/2500 21/25  loss: 3.8150  time 0.39s
  warnings.warn(
/home/karimimonsefi.1/SSL_VAN/MSD/trainer.py:51: UserWarning: Epoch 2/2500 22/25  loss: 3.8147  time 0.39s
  warnings.warn(
/home/karimimonsefi.1/SSL_VAN/MSD/trainer.py:51: UserWarning: Epoch 2/2500 23/25  loss: 3.8147  time 0.40s
  warnings.warn(
/home/karimimonsefi.1/SSL_VAN/MSD/trainer.py:51: UserWarning: Epoch 2/2500 24/25  loss: 3.8147  time 0.40s
  warnings.warn(
/home/karimimonsefi.1/SSL_VAN/MSD/trainer.py:153: UserWarning: Final training  2/2499  loss: 3.8147  time 35.53s
  warnings.warn("Final training  {}/{}  loss: {:.4f}  time {:.2f}s".format(epoch, args.max_epochs - 1,
/home/karimimonsefi.1/SSL_VAN/MSD/trainer.py:147: UserWarning: 0  Mon Jul 31 12:57:03 2023  Epoch: 3
  warnings.warn(f"{args.rank}  {time.ctime()}  Epoch: {epoch}")
/home/karimimonsefi.1/SSL_VAN/MSD/trainer.py:147: UserWarning: 1  Mon Jul 31 12:57:03 2023  Epoch: 3
  warnings.warn(f"{args.rank}  {time.ctime()}  Epoch: {epoch}")
/home/karimimonsefi.1/SSL_VAN/MSD/trainer.py:51: UserWarning: Epoch 3/2500 0/25  loss: 3.8152  time 9.48s
  warnings.warn(
/home/karimimonsefi.1/SSL_VAN/MSD/trainer.py:51: UserWarning: Epoch 3/2500 1/25  loss: 3.8101  time 1.22s
  warnings.warn(
/home/karimimonsefi.1/SSL_VAN/MSD/trainer.py:51: UserWarning: Epoch 3/2500 2/25  loss: 3.8121  time 0.40s
  warnings.warn(
/home/karimimonsefi.1/SSL_VAN/MSD/trainer.py:51: UserWarning: Epoch 3/2500 3/25  loss: 3.8133  time 5.15s
  warnings.warn(
/home/karimimonsefi.1/SSL_VAN/MSD/trainer.py:51: UserWarning: Epoch 3/2500 4/25  loss: 3.8140  time 0.40s
  warnings.warn(
/home/karimimonsefi.1/SSL_VAN/MSD/trainer.py:51: UserWarning: Epoch 3/2500 5/25  loss: 3.8143  time 0.40s
  warnings.warn(
/home/karimimonsefi.1/SSL_VAN/MSD/trainer.py:51: UserWarning: Epoch 3/2500 6/25  loss: 3.8142  time 0.43s
  warnings.warn(
/home/karimimonsefi.1/SSL_VAN/MSD/trainer.py:51: UserWarning: Epoch 3/2500 7/25  loss: 3.8141  time 0.40s
  warnings.warn(
/home/karimimonsefi.1/SSL_VAN/MSD/trainer.py:51: UserWarning: Epoch 3/2500 8/25  loss: 3.8137  time 0.43s
  warnings.warn(
/home/karimimonsefi.1/SSL_VAN/MSD/trainer.py:51: UserWarning: Epoch 3/2500 9/25  loss: 3.8134  time 3.97s
  warnings.warn(
/home/karimimonsefi.1/SSL_VAN/MSD/trainer.py:51: UserWarning: Epoch 3/2500 10/25  loss: 3.8132  time 0.56s
  warnings.warn(
/home/karimimonsefi.1/SSL_VAN/MSD/trainer.py:51: UserWarning: Epoch 3/2500 11/25  loss: 3.8132  time 2.00s
  warnings.warn(
/home/karimimonsefi.1/SSL_VAN/MSD/trainer.py:51: UserWarning: Epoch 3/2500 12/25  loss: 3.8133  time 0.40s
  warnings.warn(
/home/karimimonsefi.1/SSL_VAN/MSD/trainer.py:51: UserWarning: Epoch 3/2500 13/25  loss: 3.8128  time 0.40s
  warnings.warn(
/home/karimimonsefi.1/SSL_VAN/MSD/trainer.py:51: UserWarning: Epoch 3/2500 14/25  loss: 3.8129  time 0.40s
  warnings.warn(
/home/karimimonsefi.1/SSL_VAN/MSD/trainer.py:51: UserWarning: Epoch 3/2500 15/25  loss: 3.8120  time 0.41s
  warnings.warn(
/home/karimimonsefi.1/SSL_VAN/MSD/trainer.py:51: UserWarning: Epoch 3/2500 16/25  loss: 3.8118  time 0.39s
  warnings.warn(
/home/karimimonsefi.1/SSL_VAN/MSD/trainer.py:51: UserWarning: Epoch 3/2500 17/25  loss: 3.8107  time 0.62s
  warnings.warn(
/home/karimimonsefi.1/SSL_VAN/MSD/trainer.py:51: UserWarning: Epoch 3/2500 18/25  loss: 3.8109  time 3.35s
  warnings.warn(
/home/karimimonsefi.1/SSL_VAN/MSD/trainer.py:51: UserWarning: Epoch 3/2500 19/25  loss: 3.8110  time 3.87s
  warnings.warn(
/home/karimimonsefi.1/SSL_VAN/MSD/trainer.py:51: UserWarning: Epoch 3/2500 20/25  loss: 3.8110  time 0.39s
  warnings.warn(
/home/karimimonsefi.1/SSL_VAN/MSD/trainer.py:51: UserWarning: Epoch 3/2500 21/25  loss: 3.8109  time 0.40s
  warnings.warn(
/home/karimimonsefi.1/SSL_VAN/MSD/trainer.py:51: UserWarning: Epoch 3/2500 22/25  loss: 3.8111  time 0.39s
  warnings.warn(
/home/karimimonsefi.1/SSL_VAN/MSD/trainer.py:51: UserWarning: Epoch 3/2500 23/25  loss: 3.8112  time 0.40s
  warnings.warn(
/home/karimimonsefi.1/SSL_VAN/MSD/trainer.py:51: UserWarning: Epoch 3/2500 24/25  loss: 3.8111  time 0.39s
  warnings.warn(
/home/karimimonsefi.1/SSL_VAN/MSD/trainer.py:153: UserWarning: Final training  3/2499  loss: 3.8111  time 36.65s
  warnings.warn("Final training  {}/{}  loss: {:.4f}  time {:.2f}s".format(epoch, args.max_epochs - 1,
/home/karimimonsefi.1/SSL_VAN/MSD/trainer.py:147: UserWarning: 1  Mon Jul 31 12:57:39 2023  Epoch: 4
  warnings.warn(f"{args.rank}  {time.ctime()}  Epoch: {epoch}")
/home/karimimonsefi.1/SSL_VAN/MSD/trainer.py:147: UserWarning: 0  Mon Jul 31 12:57:39 2023  Epoch: 4
  warnings.warn(f"{args.rank}  {time.ctime()}  Epoch: {epoch}")
/home/karimimonsefi.1/SSL_VAN/MSD/trainer.py:51: UserWarning: Epoch 4/2500 0/25  loss: 3.8104  time 11.53s
  warnings.warn(
/home/karimimonsefi.1/SSL_VAN/MSD/trainer.py:51: UserWarning: Epoch 4/2500 1/25  loss: 3.8090  time 6.99s
  warnings.warn(
/home/karimimonsefi.1/SSL_VAN/MSD/trainer.py:51: UserWarning: Epoch 4/2500 2/25  loss: 3.8043  time 0.39s
  warnings.warn(
/home/karimimonsefi.1/SSL_VAN/MSD/trainer.py:51: UserWarning: Epoch 4/2500 3/25  loss: 3.8055  time 0.43s
  warnings.warn(
/home/karimimonsefi.1/SSL_VAN/MSD/trainer.py:51: UserWarning: Epoch 4/2500 4/25  loss: 3.8056  time 0.40s
  warnings.warn(
/home/karimimonsefi.1/SSL_VAN/MSD/trainer.py:51: UserWarning: Epoch 4/2500 5/25  loss: 3.8066  time 0.40s
  warnings.warn(
/home/karimimonsefi.1/SSL_VAN/MSD/trainer.py:51: UserWarning: Epoch 4/2500 6/25  loss: 3.8071  time 0.40s
  warnings.warn(
/home/karimimonsefi.1/SSL_VAN/MSD/trainer.py:51: UserWarning: Epoch 4/2500 7/25  loss: 3.8074  time 0.40s
  warnings.warn(
/home/karimimonsefi.1/SSL_VAN/MSD/trainer.py:51: UserWarning: Epoch 4/2500 8/25  loss: 3.8075  time 0.40s
  warnings.warn(
/home/karimimonsefi.1/SSL_VAN/MSD/trainer.py:51: UserWarning: Epoch 4/2500 9/25  loss: 3.8077  time 6.09s
  warnings.warn(
/home/karimimonsefi.1/SSL_VAN/MSD/trainer.py:51: UserWarning: Epoch 4/2500 10/25  loss: 3.8080  time 0.40s
  warnings.warn(
/home/karimimonsefi.1/SSL_VAN/MSD/trainer.py:51: UserWarning: Epoch 4/2500 11/25  loss: 3.8080  time 0.39s
  warnings.warn(
/home/karimimonsefi.1/SSL_VAN/MSD/trainer.py:51: UserWarning: Epoch 4/2500 12/25  loss: 3.8079  time 0.39s
  warnings.warn(
/home/karimimonsefi.1/SSL_VAN/MSD/trainer.py:51: UserWarning: Epoch 4/2500 13/25  loss: 3.8060  time 0.39s
  warnings.warn(
/home/karimimonsefi.1/SSL_VAN/MSD/trainer.py:51: UserWarning: Epoch 4/2500 14/25  loss: 3.8061  time 0.39s
  warnings.warn(
/home/karimimonsefi.1/SSL_VAN/MSD/trainer.py:51: UserWarning: Epoch 4/2500 15/25  loss: 3.8058  time 0.39s
  warnings.warn(
/home/karimimonsefi.1/SSL_VAN/MSD/trainer.py:51: UserWarning: Epoch 4/2500 16/25  loss: 3.8058  time 0.39s
  warnings.warn(
/home/karimimonsefi.1/SSL_VAN/MSD/trainer.py:51: UserWarning: Epoch 4/2500 17/25  loss: 3.8060  time 3.60s
  warnings.warn(
/home/karimimonsefi.1/SSL_VAN/MSD/trainer.py:51: UserWarning: Epoch 4/2500 18/25  loss: 3.8060  time 0.40s
  warnings.warn(
/home/karimimonsefi.1/SSL_VAN/MSD/trainer.py:51: UserWarning: Epoch 4/2500 19/25  loss: 3.8060  time 0.40s
  warnings.warn(
/home/karimimonsefi.1/SSL_VAN/MSD/trainer.py:51: UserWarning: Epoch 4/2500 20/25  loss: 3.8060  time 4.75s
  warnings.warn(
/home/karimimonsefi.1/SSL_VAN/MSD/trainer.py:51: UserWarning: Epoch 4/2500 21/25  loss: 3.8059  time 0.39s
  warnings.warn(
/home/karimimonsefi.1/SSL_VAN/MSD/trainer.py:51: UserWarning: Epoch 4/2500 22/25  loss: 3.8060  time 0.39s
  warnings.warn(
/home/karimimonsefi.1/SSL_VAN/MSD/trainer.py:51: UserWarning: Epoch 4/2500 23/25  loss: 3.8055  time 0.40s
  warnings.warn(
/home/karimimonsefi.1/SSL_VAN/MSD/trainer.py:51: UserWarning: Epoch 4/2500 24/25  loss: 3.8056  time 0.39s
  warnings.warn(
/home/karimimonsefi.1/SSL_VAN/MSD/trainer.py:153: UserWarning: Final training  4/2499  loss: 3.8056  time 40.90s
  warnings.warn("Final training  {}/{}  loss: {:.4f}  time {:.2f}s".format(epoch, args.max_epochs - 1,
/home/karimimonsefi.1/SSL_VAN/MSD/trainer.py:147: UserWarning: 1  Mon Jul 31 12:58:20 2023  Epoch: 5
  warnings.warn(f"{args.rank}  {time.ctime()}  Epoch: {epoch}")
/home/karimimonsefi.1/SSL_VAN/MSD/trainer.py:147: UserWarning: 0  Mon Jul 31 12:58:20 2023  Epoch: 5
  warnings.warn(f"{args.rank}  {time.ctime()}  Epoch: {epoch}")
/home/karimimonsefi.1/SSL_VAN/MSD/trainer.py:51: UserWarning: Epoch 5/2500 0/25  loss: 3.8054  time 8.71s
  warnings.warn(
/home/karimimonsefi.1/SSL_VAN/MSD/trainer.py:51: UserWarning: Epoch 5/2500 1/25  loss: 3.8034  time 0.40s
  warnings.warn(
/home/karimimonsefi.1/SSL_VAN/MSD/trainer.py:51: UserWarning: Epoch 5/2500 2/25  loss: 3.8044  time 2.39s
  warnings.warn(
/home/karimimonsefi.1/SSL_VAN/MSD/trainer.py:51: UserWarning: Epoch 5/2500 3/25  loss: 3.8043  time 4.62s
  warnings.warn(
/home/karimimonsefi.1/SSL_VAN/MSD/trainer.py:51: UserWarning: Epoch 5/2500 4/25  loss: 3.8037  time 0.40s
  warnings.warn(
/home/karimimonsefi.1/SSL_VAN/MSD/trainer.py:51: UserWarning: Epoch 5/2500 5/25  loss: 3.8036  time 0.40s
  warnings.warn(
/home/karimimonsefi.1/SSL_VAN/MSD/trainer.py:51: UserWarning: Epoch 5/2500 6/25  loss: 3.8042  time 0.40s
  warnings.warn(
/home/karimimonsefi.1/SSL_VAN/MSD/trainer.py:51: UserWarning: Epoch 5/2500 7/25  loss: 3.8037  time 0.40s
  warnings.warn(
/home/karimimonsefi.1/SSL_VAN/MSD/trainer.py:51: UserWarning: Epoch 5/2500 8/25  loss: 3.8038  time 0.40s
  warnings.warn(
/home/karimimonsefi.1/SSL_VAN/MSD/trainer.py:51: UserWarning: Epoch 5/2500 9/25  loss: 3.8038  time 0.40s
  warnings.warn(
/home/karimimonsefi.1/SSL_VAN/MSD/trainer.py:51: UserWarning: Epoch 5/2500 10/25  loss: 3.8036  time 0.40s
  warnings.warn(
/home/karimimonsefi.1/SSL_VAN/MSD/trainer.py:51: UserWarning: Epoch 5/2500 11/25  loss: 3.8034  time 5.12s
  warnings.warn(
/home/karimimonsefi.1/SSL_VAN/MSD/trainer.py:51: UserWarning: Epoch 5/2500 12/25  loss: 3.8034  time 6.37s
  warnings.warn(
/home/karimimonsefi.1/SSL_VAN/MSD/trainer.py:51: UserWarning: Epoch 5/2500 13/25  loss: 3.8032  time 0.39s
  warnings.warn(
/home/karimimonsefi.1/SSL_VAN/MSD/trainer.py:51: UserWarning: Epoch 5/2500 14/25  loss: 3.8030  time 0.39s
  warnings.warn(
/home/karimimonsefi.1/SSL_VAN/MSD/trainer.py:51: UserWarning: Epoch 5/2500 15/25  loss: 3.8030  time 0.39s
  warnings.warn(
/home/karimimonsefi.1/SSL_VAN/MSD/trainer.py:51: UserWarning: Epoch 5/2500 16/25  loss: 3.8029  time 0.39s
  warnings.warn(
/home/karimimonsefi.1/SSL_VAN/MSD/trainer.py:51: UserWarning: Epoch 5/2500 17/25  loss: 3.8030  time 0.39s
  warnings.warn(
/home/karimimonsefi.1/SSL_VAN/MSD/trainer.py:51: UserWarning: Epoch 5/2500 18/25  loss: 3.8025  time 0.40s
  warnings.warn(
/home/karimimonsefi.1/SSL_VAN/MSD/trainer.py:51: UserWarning: Epoch 5/2500 19/25  loss: 3.8018  time 0.39s
  warnings.warn(
/home/karimimonsefi.1/SSL_VAN/MSD/trainer.py:51: UserWarning: Epoch 5/2500 20/25  loss: 3.8008  time 5.45s
  warnings.warn(
/home/karimimonsefi.1/SSL_VAN/MSD/trainer.py:51: UserWarning: Epoch 5/2500 21/25  loss: 3.8008  time 0.40s
  warnings.warn(
/home/karimimonsefi.1/SSL_VAN/MSD/trainer.py:51: UserWarning: Epoch 5/2500 22/25  loss: 3.8009  time 0.39s
  warnings.warn(
/home/karimimonsefi.1/SSL_VAN/MSD/trainer.py:51: UserWarning: Epoch 5/2500 23/25  loss: 3.8006  time 0.39s
  warnings.warn(
/home/karimimonsefi.1/SSL_VAN/MSD/trainer.py:51: UserWarning: Epoch 5/2500 24/25  loss: 3.8005  time 0.40s
  warnings.warn(
/home/karimimonsefi.1/SSL_VAN/MSD/trainer.py:153: UserWarning: Final training  5/2499  loss: 3.8005  time 40.17s
  warnings.warn("Final training  {}/{}  loss: {:.4f}  time {:.2f}s".format(epoch, args.max_epochs - 1,
/home/karimimonsefi.1/SSL_VAN/MSD/trainer.py:147: UserWarning: 1  Mon Jul 31 12:59:01 2023  Epoch: 6
  warnings.warn(f"{args.rank}  {time.ctime()}  Epoch: {epoch}")
/home/karimimonsefi.1/SSL_VAN/MSD/trainer.py:147: UserWarning: 0  Mon Jul 31 12:59:01 2023  Epoch: 6
  warnings.warn(f"{args.rank}  {time.ctime()}  Epoch: {epoch}")
/home/karimimonsefi.1/SSL_VAN/MSD/trainer.py:51: UserWarning: Epoch 6/2500 0/25  loss: 3.8050  time 11.78s
  warnings.warn(
/home/karimimonsefi.1/SSL_VAN/MSD/trainer.py:51: UserWarning: Epoch 6/2500 1/25  loss: 3.7988  time 1.22s
  warnings.warn(
/home/karimimonsefi.1/SSL_VAN/MSD/trainer.py:51: UserWarning: Epoch 6/2500 2/25  loss: 3.7982  time 0.40s
  warnings.warn(
/home/karimimonsefi.1/SSL_VAN/MSD/trainer.py:51: UserWarning: Epoch 6/2500 3/25  loss: 3.7976  time 0.40s
  warnings.warn(
/home/karimimonsefi.1/SSL_VAN/MSD/trainer.py:51: UserWarning: Epoch 6/2500 4/25  loss: 3.7973  time 0.40s
  warnings.warn(
/home/karimimonsefi.1/SSL_VAN/MSD/trainer.py:51: UserWarning: Epoch 6/2500 5/25  loss: 3.7984  time 0.40s
  warnings.warn(
/home/karimimonsefi.1/SSL_VAN/MSD/trainer.py:51: UserWarning: Epoch 6/2500 6/25  loss: 3.7984  time 0.40s
  warnings.warn(
/home/karimimonsefi.1/SSL_VAN/MSD/trainer.py:51: UserWarning: Epoch 6/2500 7/25  loss: 3.7978  time 0.40s
  warnings.warn(
/home/karimimonsefi.1/SSL_VAN/MSD/trainer.py:51: UserWarning: Epoch 6/2500 8/25  loss: 3.7980  time 4.46s
  warnings.warn(
/home/karimimonsefi.1/SSL_VAN/MSD/trainer.py:51: UserWarning: Epoch 6/2500 9/25  loss: 3.7978  time 1.41s
  warnings.warn(
/home/karimimonsefi.1/SSL_VAN/MSD/trainer.py:51: UserWarning: Epoch 6/2500 10/25  loss: 3.7977  time 0.40s
  warnings.warn(
/home/karimimonsefi.1/SSL_VAN/MSD/trainer.py:51: UserWarning: Epoch 6/2500 11/25  loss: 3.7972  time 0.40s
  warnings.warn(
/home/karimimonsefi.1/SSL_VAN/MSD/trainer.py:51: UserWarning: Epoch 6/2500 12/25  loss: 3.7971  time 0.40s
  warnings.warn(
/home/karimimonsefi.1/SSL_VAN/MSD/trainer.py:51: UserWarning: Epoch 6/2500 13/25  loss: 3.7957  time 0.40s
  warnings.warn(
/home/karimimonsefi.1/SSL_VAN/MSD/trainer.py:51: UserWarning: Epoch 6/2500 14/25  loss: 3.7960  time 0.41s
  warnings.warn(
/home/karimimonsefi.1/SSL_VAN/MSD/trainer.py:51: UserWarning: Epoch 6/2500 15/25  loss: 3.7960  time 0.40s
  warnings.warn(
/home/karimimonsefi.1/SSL_VAN/MSD/trainer.py:51: UserWarning: Epoch 6/2500 16/25  loss: 3.7958  time 1.45s
  warnings.warn(
/home/karimimonsefi.1/SSL_VAN/MSD/trainer.py:51: UserWarning: Epoch 6/2500 17/25  loss: 3.7956  time 12.55s
  warnings.warn(
/home/karimimonsefi.1/SSL_VAN/MSD/trainer.py:51: UserWarning: Epoch 6/2500 18/25  loss: 3.7955  time 0.39s
  warnings.warn(
/home/karimimonsefi.1/SSL_VAN/MSD/trainer.py:51: UserWarning: Epoch 6/2500 19/25  loss: 3.7950  time 0.39s
  warnings.warn(
/home/karimimonsefi.1/SSL_VAN/MSD/trainer.py:51: UserWarning: Epoch 6/2500 20/25  loss: 3.7941  time 0.39s
  warnings.warn(
/home/karimimonsefi.1/SSL_VAN/MSD/trainer.py:51: UserWarning: Epoch 6/2500 21/25  loss: 3.7938  time 0.39s
  warnings.warn(
/home/karimimonsefi.1/SSL_VAN/MSD/trainer.py:51: UserWarning: Epoch 6/2500 22/25  loss: 3.7935  time 0.39s
  warnings.warn(
/home/karimimonsefi.1/SSL_VAN/MSD/trainer.py:51: UserWarning: Epoch 6/2500 23/25  loss: 3.7934  time 0.39s
  warnings.warn(
/home/karimimonsefi.1/SSL_VAN/MSD/trainer.py:51: UserWarning: Epoch 6/2500 24/25  loss: 3.7935  time 0.39s
  warnings.warn(
/home/karimimonsefi.1/SSL_VAN/MSD/trainer.py:153: UserWarning: Final training  6/2499  loss: 3.7935  time 40.44s
  warnings.warn("Final training  {}/{}  loss: {:.4f}  time {:.2f}s".format(epoch, args.max_epochs - 1,
/home/karimimonsefi.1/SSL_VAN/MSD/trainer.py:147: UserWarning: 1  Mon Jul 31 12:59:41 2023  Epoch: 7
  warnings.warn(f"{args.rank}  {time.ctime()}  Epoch: {epoch}")
/home/karimimonsefi.1/SSL_VAN/MSD/trainer.py:147: UserWarning: 0  Mon Jul 31 12:59:41 2023  Epoch: 7
  warnings.warn(f"{args.rank}  {time.ctime()}  Epoch: {epoch}")
/home/karimimonsefi.1/SSL_VAN/MSD/trainer.py:51: UserWarning: Epoch 7/2500 0/25  loss: 3.7935  time 10.55s
  warnings.warn(
/home/karimimonsefi.1/SSL_VAN/MSD/trainer.py:51: UserWarning: Epoch 7/2500 1/25  loss: 3.7928  time 1.29s
  warnings.warn(
/home/karimimonsefi.1/SSL_VAN/MSD/trainer.py:51: UserWarning: Epoch 7/2500 2/25  loss: 3.7886  time 0.40s
  warnings.warn(
/home/karimimonsefi.1/SSL_VAN/MSD/trainer.py:51: UserWarning: Epoch 7/2500 3/25  loss: 3.7872  time 0.40s
  warnings.warn(
/home/karimimonsefi.1/SSL_VAN/MSD/trainer.py:51: UserWarning: Epoch 7/2500 4/25  loss: 3.7876  time 0.40s
  warnings.warn(
/home/karimimonsefi.1/SSL_VAN/MSD/trainer.py:51: UserWarning: Epoch 7/2500 5/25  loss: 3.7877  time 0.40s
  warnings.warn(
/home/karimimonsefi.1/SSL_VAN/MSD/trainer.py:51: UserWarning: Epoch 7/2500 6/25  loss: 3.7876  time 0.40s
  warnings.warn(
/home/karimimonsefi.1/SSL_VAN/MSD/trainer.py:51: UserWarning: Epoch 7/2500 7/25  loss: 3.7879  time 0.40s
  warnings.warn(
/home/karimimonsefi.1/SSL_VAN/MSD/trainer.py:51: UserWarning: Epoch 7/2500 8/25  loss: 3.7879  time 5.93s
  warnings.warn(
/home/karimimonsefi.1/SSL_VAN/MSD/trainer.py:51: UserWarning: Epoch 7/2500 9/25  loss: 3.7882  time 0.40s
  warnings.warn(
/home/karimimonsefi.1/SSL_VAN/MSD/trainer.py:51: UserWarning: Epoch 7/2500 10/25  loss: 3.7882  time 0.66s
  warnings.warn(
/home/karimimonsefi.1/SSL_VAN/MSD/trainer.py:51: UserWarning: Epoch 7/2500 11/25  loss: 3.7878  time 0.40s
  warnings.warn(
/home/karimimonsefi.1/SSL_VAN/MSD/trainer.py:51: UserWarning: Epoch 7/2500 12/25  loss: 3.7877  time 0.40s
  warnings.warn(
/home/karimimonsefi.1/SSL_VAN/MSD/trainer.py:51: UserWarning: Epoch 7/2500 13/25  loss: 3.7857  time 0.40s
  warnings.warn(
/home/karimimonsefi.1/SSL_VAN/MSD/trainer.py:51: UserWarning: Epoch 7/2500 14/25  loss: 3.7854  time 2.43s
  warnings.warn(
/home/karimimonsefi.1/SSL_VAN/MSD/trainer.py:51: UserWarning: Epoch 7/2500 15/25  loss: 3.7856  time 0.67s
  warnings.warn(
/home/karimimonsefi.1/SSL_VAN/MSD/trainer.py:51: UserWarning: Epoch 7/2500 16/25  loss: 3.7855  time 2.75s
  warnings.warn(
/home/karimimonsefi.1/SSL_VAN/MSD/trainer.py:51: UserWarning: Epoch 7/2500 17/25  loss: 3.7855  time 0.39s
  warnings.warn(
/home/karimimonsefi.1/SSL_VAN/MSD/trainer.py:51: UserWarning: Epoch 7/2500 18/25  loss: 3.7855  time 0.39s
  warnings.warn(
/home/karimimonsefi.1/SSL_VAN/MSD/trainer.py:51: UserWarning: Epoch 7/2500 19/25  loss: 3.7856  time 0.39s
  warnings.warn(
/home/karimimonsefi.1/SSL_VAN/MSD/trainer.py:51: UserWarning: Epoch 7/2500 20/25  loss: 3.7858  time 0.39s
  warnings.warn(
/home/karimimonsefi.1/SSL_VAN/MSD/trainer.py:51: UserWarning: Epoch 7/2500 21/25  loss: 3.7857  time 0.40s
  warnings.warn(
/home/karimimonsefi.1/SSL_VAN/MSD/trainer.py:51: UserWarning: Epoch 7/2500 22/25  loss: 3.7858  time 5.58s
  warnings.warn(
/home/karimimonsefi.1/SSL_VAN/MSD/trainer.py:51: UserWarning: Epoch 7/2500 23/25  loss: 3.7859  time 0.40s
  warnings.warn(
/home/karimimonsefi.1/SSL_VAN/MSD/trainer.py:51: UserWarning: Epoch 7/2500 24/25  loss: 3.7860  time 0.39s
  warnings.warn(
/home/karimimonsefi.1/SSL_VAN/MSD/trainer.py:153: UserWarning: Final training  7/2499  loss: 3.7860  time 36.64s
  warnings.warn("Final training  {}/{}  loss: {:.4f}  time {:.2f}s".format(epoch, args.max_epochs - 1,
/home/karimimonsefi.1/SSL_VAN/MSD/trainer.py:147: UserWarning: 0  Mon Jul 31 13:00:18 2023  Epoch: 8
  warnings.warn(f"{args.rank}  {time.ctime()}  Epoch: {epoch}")
/home/karimimonsefi.1/SSL_VAN/MSD/trainer.py:147: UserWarning: 1  Mon Jul 31 13:00:18 2023  Epoch: 8
  warnings.warn(f"{args.rank}  {time.ctime()}  Epoch: {epoch}")
/home/karimimonsefi.1/SSL_VAN/MSD/trainer.py:51: UserWarning: Epoch 8/2500 0/25  loss: 3.7882  time 15.94s
  warnings.warn(
/home/karimimonsefi.1/SSL_VAN/MSD/trainer.py:51: UserWarning: Epoch 8/2500 1/25  loss: 3.7842  time 0.39s
  warnings.warn(
/home/karimimonsefi.1/SSL_VAN/MSD/trainer.py:51: UserWarning: Epoch 8/2500 2/25  loss: 3.7857  time 0.39s
  warnings.warn(
/home/karimimonsefi.1/SSL_VAN/MSD/trainer.py:51: UserWarning: Epoch 8/2500 3/25  loss: 3.7849  time 0.40s
  warnings.warn(
/home/karimimonsefi.1/SSL_VAN/MSD/trainer.py:51: UserWarning: Epoch 8/2500 4/25  loss: 3.7832  time 0.56s
  warnings.warn(
/home/karimimonsefi.1/SSL_VAN/MSD/trainer.py:51: UserWarning: Epoch 8/2500 5/25  loss: 3.7829  time 0.40s
  warnings.warn(
/home/karimimonsefi.1/SSL_VAN/MSD/trainer.py:51: UserWarning: Epoch 8/2500 6/25  loss: 3.7821  time 0.40s
  warnings.warn(
/home/karimimonsefi.1/SSL_VAN/MSD/trainer.py:51: UserWarning: Epoch 8/2500 7/25  loss: 3.7823  time 0.40s
  warnings.warn(
/home/karimimonsefi.1/SSL_VAN/MSD/trainer.py:51: UserWarning: Epoch 8/2500 8/25  loss: 3.7820  time 7.66s
  warnings.warn(
/home/karimimonsefi.1/SSL_VAN/MSD/trainer.py:51: UserWarning: Epoch 8/2500 9/25  loss: 3.7820  time 0.40s
  warnings.warn(
/home/karimimonsefi.1/SSL_VAN/MSD/trainer.py:51: UserWarning: Epoch 8/2500 10/25  loss: 3.7812  time 0.41s
  warnings.warn(
/home/karimimonsefi.1/SSL_VAN/MSD/trainer.py:51: UserWarning: Epoch 8/2500 11/25  loss: 3.7804  time 0.39s
  warnings.warn(
/home/karimimonsefi.1/SSL_VAN/MSD/trainer.py:51: UserWarning: Epoch 8/2500 12/25  loss: 3.7802  time 0.39s
  warnings.warn(
/home/karimimonsefi.1/SSL_VAN/MSD/trainer.py:51: UserWarning: Epoch 8/2500 13/25  loss: 3.7801  time 0.39s
  warnings.warn(
/home/karimimonsefi.1/SSL_VAN/MSD/trainer.py:51: UserWarning: Epoch 8/2500 14/25  loss: 3.7798  time 0.40s
  warnings.warn(
/home/karimimonsefi.1/SSL_VAN/MSD/trainer.py:51: UserWarning: Epoch 8/2500 15/25  loss: 3.7795  time 0.39s
  warnings.warn(
/home/karimimonsefi.1/SSL_VAN/MSD/trainer.py:51: UserWarning: Epoch 8/2500 16/25  loss: 3.7794  time 2.51s
  warnings.warn(
/home/karimimonsefi.1/SSL_VAN/MSD/trainer.py:51: UserWarning: Epoch 8/2500 17/25  loss: 3.7792  time 0.40s
  warnings.warn(
/home/karimimonsefi.1/SSL_VAN/MSD/trainer.py:51: UserWarning: Epoch 8/2500 18/25  loss: 3.7787  time 1.67s
  warnings.warn(
/home/karimimonsefi.1/SSL_VAN/MSD/trainer.py:51: UserWarning: Epoch 8/2500 19/25  loss: 3.7787  time 0.39s
  warnings.warn(
/home/karimimonsefi.1/SSL_VAN/MSD/trainer.py:51: UserWarning: Epoch 8/2500 20/25  loss: 3.7785  time 0.40s
  warnings.warn(
/home/karimimonsefi.1/SSL_VAN/MSD/trainer.py:51: UserWarning: Epoch 8/2500 21/25  loss: 3.7782  time 0.40s
  warnings.warn(
/home/karimimonsefi.1/SSL_VAN/MSD/trainer.py:51: UserWarning: Epoch 8/2500 22/25  loss: 3.7781  time 0.39s
  warnings.warn(
/home/karimimonsefi.1/SSL_VAN/MSD/trainer.py:51: UserWarning: Epoch 8/2500 23/25  loss: 3.7779  time 0.40s
  warnings.warn(
/home/karimimonsefi.1/SSL_VAN/MSD/trainer.py:51: UserWarning: Epoch 8/2500 24/25  loss: 3.7774  time 4.36s
  warnings.warn(
/home/karimimonsefi.1/SSL_VAN/MSD/trainer.py:153: UserWarning: Final training  8/2499  loss: 3.7774  time 40.23s
  warnings.warn("Final training  {}/{}  loss: {:.4f}  time {:.2f}s".format(epoch, args.max_epochs - 1,
/home/karimimonsefi.1/SSL_VAN/MSD/trainer.py:147: UserWarning: 1  Mon Jul 31 13:00:58 2023  Epoch: 9
  warnings.warn(f"{args.rank}  {time.ctime()}  Epoch: {epoch}")
/home/karimimonsefi.1/SSL_VAN/MSD/trainer.py:147: UserWarning: 0  Mon Jul 31 13:00:58 2023  Epoch: 9
  warnings.warn(f"{args.rank}  {time.ctime()}  Epoch: {epoch}")
/home/karimimonsefi.1/SSL_VAN/MSD/trainer.py:51: UserWarning: Epoch 9/2500 0/25  loss: 3.7645  time 12.90s
  warnings.warn(
/home/karimimonsefi.1/SSL_VAN/MSD/trainer.py:51: UserWarning: Epoch 9/2500 1/25  loss: 3.7659  time 0.41s
  warnings.warn(
/home/karimimonsefi.1/SSL_VAN/MSD/trainer.py:51: UserWarning: Epoch 9/2500 2/25  loss: 3.7676  time 0.40s
  warnings.warn(
/home/karimimonsefi.1/SSL_VAN/MSD/trainer.py:51: UserWarning: Epoch 9/2500 3/25  loss: 3.7689  time 0.40s
  warnings.warn(
/home/karimimonsefi.1/SSL_VAN/MSD/trainer.py:51: UserWarning: Epoch 9/2500 4/25  loss: 3.7696  time 0.40s
  warnings.warn(
/home/karimimonsefi.1/SSL_VAN/MSD/trainer.py:51: UserWarning: Epoch 9/2500 5/25  loss: 3.7704  time 0.41s
  warnings.warn(
/home/karimimonsefi.1/SSL_VAN/MSD/trainer.py:51: UserWarning: Epoch 9/2500 6/25  loss: 3.7703  time 3.85s
  warnings.warn(
/home/karimimonsefi.1/SSL_VAN/MSD/trainer.py:51: UserWarning: Epoch 9/2500 7/25  loss: 3.7699  time 0.40s
  warnings.warn(
/home/karimimonsefi.1/SSL_VAN/MSD/trainer.py:51: UserWarning: Epoch 9/2500 8/25  loss: 3.7701  time 2.89s
  warnings.warn(
/home/karimimonsefi.1/SSL_VAN/MSD/trainer.py:51: UserWarning: Epoch 9/2500 9/25  loss: 3.7712  time 0.94s
  warnings.warn(
/home/karimimonsefi.1/SSL_VAN/MSD/trainer.py:51: UserWarning: Epoch 9/2500 10/25  loss: 3.7695  time 0.43s
  warnings.warn(
/home/karimimonsefi.1/SSL_VAN/MSD/trainer.py:51: UserWarning: Epoch 9/2500 11/25  loss: 3.7695  time 0.43s
  warnings.warn(
/home/karimimonsefi.1/SSL_VAN/MSD/trainer.py:51: UserWarning: Epoch 9/2500 12/25  loss: 3.7694  time 0.40s
  warnings.warn(
/home/karimimonsefi.1/SSL_VAN/MSD/trainer.py:51: UserWarning: Epoch 9/2500 13/25  loss: 3.7689  time 0.39s
  warnings.warn(
/home/karimimonsefi.1/SSL_VAN/MSD/trainer.py:51: UserWarning: Epoch 9/2500 14/25  loss: 3.7683  time 0.40s
  warnings.warn(
/home/karimimonsefi.1/SSL_VAN/MSD/trainer.py:51: UserWarning: Epoch 9/2500 15/25  loss: 3.7684  time 0.79s
  warnings.warn(
/home/karimimonsefi.1/SSL_VAN/MSD/trainer.py:51: UserWarning: Epoch 9/2500 16/25  loss: 3.7678  time 6.27s
  warnings.warn(
/home/karimimonsefi.1/SSL_VAN/MSD/trainer.py:51: UserWarning: Epoch 9/2500 17/25  loss: 3.7678  time 0.40s
  warnings.warn(
/home/karimimonsefi.1/SSL_VAN/MSD/trainer.py:51: UserWarning: Epoch 9/2500 18/25  loss: 3.7679  time 0.40s
  warnings.warn(
/home/karimimonsefi.1/SSL_VAN/MSD/trainer.py:51: UserWarning: Epoch 9/2500 19/25  loss: 3.7676  time 0.40s
  warnings.warn(
/home/karimimonsefi.1/SSL_VAN/MSD/trainer.py:51: UserWarning: Epoch 9/2500 20/25  loss: 3.7678  time 0.39s
  warnings.warn(
/home/karimimonsefi.1/SSL_VAN/MSD/trainer.py:51: UserWarning: Epoch 9/2500 21/25  loss: 3.7678  time 0.39s
  warnings.warn(
/home/karimimonsefi.1/SSL_VAN/MSD/trainer.py:51: UserWarning: Epoch 9/2500 22/25  loss: 3.7679  time 0.39s
  warnings.warn(
/home/karimimonsefi.1/SSL_VAN/MSD/trainer.py:51: UserWarning: Epoch 9/2500 23/25  loss: 3.7668  time 0.39s
  warnings.warn(
/home/karimimonsefi.1/SSL_VAN/MSD/trainer.py:51: UserWarning: Epoch 9/2500 24/25  loss: 3.7666  time 4.65s
  warnings.warn(
/home/karimimonsefi.1/SSL_VAN/MSD/trainer.py:153: UserWarning: Final training  9/2499  loss: 3.7666  time 39.55s
  warnings.warn("Final training  {}/{}  loss: {:.4f}  time {:.2f}s".format(epoch, args.max_epochs - 1,
/home/karimimonsefi.1/SSL_VAN/MSD/trainer.py:100: UserWarning: Val 9/2500 0/7  acc [ 0.001]  time 18.38s
  warnings.warn("Val {}/{} {}/{}  acc {}  time {:.2f}s".format(epoch, args.max_epochs, idx, len(loader),
/home/karimimonsefi.1/SSL_VAN/MSD/trainer.py:102: UserWarning: Val 9/2500 0/7  acc 0.0009587932145223022  time 18.38s
  warnings.warn("Val {}/{} {}/{}  acc {}  time {:.2f}s".format(epoch, args.max_epochs, idx, len(loader),
/home/karimimonsefi.1/SSL_VAN/MSD/trainer.py:100: UserWarning: Val 9/2500 1/7  acc [ 0.001]  time 8.49s
  warnings.warn("Val {}/{} {}/{}  acc {}  time {:.2f}s".format(epoch, args.max_epochs, idx, len(loader),
/home/karimimonsefi.1/SSL_VAN/MSD/trainer.py:102: UserWarning: Val 9/2500 1/7  acc 0.000798807421233505  time 8.49s
  warnings.warn("Val {}/{} {}/{}  acc {}  time {:.2f}s".format(epoch, args.max_epochs, idx, len(loader),
/home/karimimonsefi.1/SSL_VAN/MSD/trainer.py:100: UserWarning: Val 9/2500 2/7  acc [ 0.001]  time 7.08s
  warnings.warn("Val {}/{} {}/{}  acc {}  time {:.2f}s".format(epoch, args.max_epochs, idx, len(loader),
/home/karimimonsefi.1/SSL_VAN/MSD/trainer.py:102: UserWarning: Val 9/2500 2/7  acc 0.0006019484135322273  time 7.08s
  warnings.warn("Val {}/{} {}/{}  acc {}  time {:.2f}s".format(epoch, args.max_epochs, idx, len(loader),
/home/karimimonsefi.1/SSL_VAN/MSD/trainer.py:100: UserWarning: Val 9/2500 3/7  acc [ 0.001]  time 7.54s
  warnings.warn("Val {}/{} {}/{}  acc {}  time {:.2f}s".format(epoch, args.max_epochs, idx, len(loader),
/home/karimimonsefi.1/SSL_VAN/MSD/trainer.py:102: UserWarning: Val 9/2500 3/7  acc 0.0006530268001370132  time 7.54s
  warnings.warn("Val {}/{} {}/{}  acc {}  time {:.2f}s".format(epoch, args.max_epochs, idx, len(loader),
/home/karimimonsefi.1/SSL_VAN/MSD/trainer.py:100: UserWarning: Val 9/2500 4/7  acc [ 0.001]  time 5.66s
  warnings.warn("Val {}/{} {}/{}  acc {}  time {:.2f}s".format(epoch, args.max_epochs, idx, len(loader),
/home/karimimonsefi.1/SSL_VAN/MSD/trainer.py:102: UserWarning: Val 9/2500 4/7  acc 0.0007727822521701455  time 5.66s
  warnings.warn("Val {}/{} {}/{}  acc {}  time {:.2f}s".format(epoch, args.max_epochs, idx, len(loader),
/home/karimimonsefi.1/SSL_VAN/MSD/trainer.py:100: UserWarning: Val 9/2500 5/7  acc [ 0.001]  time 7.64s
  warnings.warn("Val {}/{} {}/{}  acc {}  time {:.2f}s".format(epoch, args.max_epochs, idx, len(loader),
/home/karimimonsefi.1/SSL_VAN/MSD/trainer.py:102: UserWarning: Val 9/2500 5/7  acc 0.0008253505802713335  time 7.65s
  warnings.warn("Val {}/{} {}/{}  acc {}  time {:.2f}s".format(epoch, args.max_epochs, idx, len(loader),
/home/karimimonsefi.1/SSL_VAN/MSD/trainer.py:100: UserWarning: Val 9/2500 6/7  acc [ 0.001]  time 7.10s
  warnings.warn("Val {}/{} {}/{}  acc {}  time {:.2f}s".format(epoch, args.max_epochs, idx, len(loader),
/home/karimimonsefi.1/SSL_VAN/MSD/trainer.py:102: UserWarning: Val 9/2500 6/7  acc 0.0007846499211154878  time 7.10s
  warnings.warn("Val {}/{} {}/{}  acc {}  time {:.2f}s".format(epoch, args.max_epochs, idx, len(loader),
/home/karimimonsefi.1/SSL_VAN/MSD/trainer.py:177: UserWarning: Final validation  9/2499  acc: 0.0008  time 62.00s
  warnings.warn("Final validation  {}/{}  acc: {:.4f}  time {:.2f}s".format(epoch, args.max_epochs - 1,
/home/karimimonsefi.1/SSL_VAN/MSD/trainer.py:183: UserWarning: new best (0.000000 --> 0.000785). 
  warnings.warn("new best ({:.6f} --> {:.6f}). ".format(val_acc_max, val_avg_acc))
/home/karimimonsefi.1/SSL_VAN/MSD/trainer.py:117: UserWarning: Saving checkpoint ./runs/MSD_new/test_log/64-128-256-512_3-4-6-3_8-8-4-4_vae_inferer_valid_loader_VANV412_Task06_Lung__final.pt
  warnings.warn(f"Saving checkpoint {filename}")
/home/karimimonsefi.1/SSL_VAN/MSD/trainer.py:195: UserWarning: Copying to best model new best model!!!!
  warnings.warn("Copying to best model new best model!!!!")
/home/karimimonsefi.1/SSL_VAN/MSD/trainer.py:147: UserWarning: 0  Mon Jul 31 13:02:48 2023  Epoch: 10
  warnings.warn(f"{args.rank}  {time.ctime()}  Epoch: {epoch}")
/home/karimimonsefi.1/SSL_VAN/MSD/trainer.py:147: UserWarning: 1  Mon Jul 31 13:02:48 2023  Epoch: 10
  warnings.warn(f"{args.rank}  {time.ctime()}  Epoch: {epoch}")
/home/karimimonsefi.1/SSL_VAN/MSD/trainer.py:51: UserWarning: Epoch 10/2500 0/25  loss: 3.7429  time 10.40s
  warnings.warn(
/home/karimimonsefi.1/SSL_VAN/MSD/trainer.py:51: UserWarning: Epoch 10/2500 1/25  loss: 3.7511  time 2.82s
  warnings.warn(
/home/karimimonsefi.1/SSL_VAN/MSD/trainer.py:51: UserWarning: Epoch 10/2500 2/25  loss: 3.7563  time 0.40s
  warnings.warn(
/home/karimimonsefi.1/SSL_VAN/MSD/trainer.py:51: UserWarning: Epoch 10/2500 3/25  loss: 3.7574  time 0.40s
  warnings.warn(
/home/karimimonsefi.1/SSL_VAN/MSD/trainer.py:51: UserWarning: Epoch 10/2500 4/25  loss: 3.7562  time 0.40s
  warnings.warn(
/home/karimimonsefi.1/SSL_VAN/MSD/trainer.py:51: UserWarning: Epoch 10/2500 5/25  loss: 3.7564  time 0.40s
  warnings.warn(
/home/karimimonsefi.1/SSL_VAN/MSD/trainer.py:51: UserWarning: Epoch 10/2500 6/25  loss: 3.7566  time 0.40s
  warnings.warn(
/home/karimimonsefi.1/SSL_VAN/MSD/trainer.py:51: UserWarning: Epoch 10/2500 7/25  loss: 3.7589  time 0.40s
  warnings.warn(
/home/karimimonsefi.1/SSL_VAN/MSD/trainer.py:51: UserWarning: Epoch 10/2500 8/25  loss: 3.7595  time 1.84s
  warnings.warn(
/home/karimimonsefi.1/SSL_VAN/MSD/trainer.py:51: UserWarning: Epoch 10/2500 9/25  loss: 3.7599  time 13.06s
  warnings.warn(
/home/karimimonsefi.1/SSL_VAN/MSD/trainer.py:51: UserWarning: Epoch 10/2500 10/25  loss: 3.7588  time 0.39s
  warnings.warn(
/home/karimimonsefi.1/SSL_VAN/MSD/trainer.py:51: UserWarning: Epoch 10/2500 11/25  loss: 3.7576  time 0.39s
  warnings.warn(
/home/karimimonsefi.1/SSL_VAN/MSD/trainer.py:51: UserWarning: Epoch 10/2500 12/25  loss: 3.7578  time 0.39s
  warnings.warn(
/home/karimimonsefi.1/SSL_VAN/MSD/trainer.py:51: UserWarning: Epoch 10/2500 13/25  loss: 3.7577  time 0.39s
  warnings.warn(
/home/karimimonsefi.1/SSL_VAN/MSD/trainer.py:51: UserWarning: Epoch 10/2500 14/25  loss: 3.7580  time 0.40s
  warnings.warn(
/home/karimimonsefi.1/SSL_VAN/MSD/trainer.py:51: UserWarning: Epoch 10/2500 15/25  loss: 3.7582  time 0.39s
  warnings.warn(
/home/karimimonsefi.1/SSL_VAN/MSD/trainer.py:51: UserWarning: Epoch 10/2500 16/25  loss: 3.7582  time 0.39s
  warnings.warn(
/home/karimimonsefi.1/SSL_VAN/MSD/trainer.py:51: UserWarning: Epoch 10/2500 17/25  loss: 3.7581  time 7.87s
  warnings.warn(
/home/karimimonsefi.1/SSL_VAN/MSD/trainer.py:51: UserWarning: Epoch 10/2500 18/25  loss: 3.7583  time 0.39s
  warnings.warn(
/home/karimimonsefi.1/SSL_VAN/MSD/trainer.py:51: UserWarning: Epoch 10/2500 19/25  loss: 3.7583  time 0.39s
  warnings.warn(
/home/karimimonsefi.1/SSL_VAN/MSD/trainer.py:51: UserWarning: Epoch 10/2500 20/25  loss: 3.7583  time 0.39s
  warnings.warn(
/home/karimimonsefi.1/SSL_VAN/MSD/trainer.py:51: UserWarning: Epoch 10/2500 21/25  loss: 3.7576  time 0.39s
  warnings.warn(
/home/karimimonsefi.1/SSL_VAN/MSD/trainer.py:51: UserWarning: Epoch 10/2500 22/25  loss: 3.7571  time 0.39s
  warnings.warn(
/home/karimimonsefi.1/SSL_VAN/MSD/trainer.py:51: UserWarning: Epoch 10/2500 23/25  loss: 3.7572  time 0.39s
  warnings.warn(
/home/karimimonsefi.1/SSL_VAN/MSD/trainer.py:51: UserWarning: Epoch 10/2500 24/25  loss: 3.7573  time 0.39s
  warnings.warn(
/home/karimimonsefi.1/SSL_VAN/MSD/trainer.py:153: UserWarning: Final training  10/2499  loss: 3.7573  time 43.92s
  warnings.warn("Final training  {}/{}  loss: {:.4f}  time {:.2f}s".format(epoch, args.max_epochs - 1,
/home/karimimonsefi.1/SSL_VAN/MSD/trainer.py:147: UserWarning: 0  Mon Jul 31 13:03:32 2023  Epoch: 11
  warnings.warn(f"{args.rank}  {time.ctime()}  Epoch: {epoch}")
/home/karimimonsefi.1/SSL_VAN/MSD/trainer.py:147: UserWarning: 1  Mon Jul 31 13:03:32 2023  Epoch: 11
  warnings.warn(f"{args.rank}  {time.ctime()}  Epoch: {epoch}")
/home/karimimonsefi.1/SSL_VAN/MSD/trainer.py:51: UserWarning: Epoch 11/2500 0/25  loss: 3.7566  time 12.98s
  warnings.warn(
/home/karimimonsefi.1/SSL_VAN/MSD/trainer.py:51: UserWarning: Epoch 11/2500 1/25  loss: 3.7535  time 0.40s
  warnings.warn(
/home/karimimonsefi.1/SSL_VAN/MSD/trainer.py:51: UserWarning: Epoch 11/2500 2/25  loss: 3.7525  time 0.40s
  warnings.warn(
/home/karimimonsefi.1/SSL_VAN/MSD/trainer.py:51: UserWarning: Epoch 11/2500 3/25  loss: 3.7531  time 0.40s
  warnings.warn(
