/var/spool/slurmd/job58942/slurm_script: line 11: cd: SSL_VAN: No such file or directory

----------------------------------------------------------------------------
  cuda:
----------------------------------------------------------------------------
     Versions:
        cuda/10.2
        cuda/11.0
        cuda/11.2
        cuda/11.3
        cuda/11.4
        cuda/11.5
        cuda/11.6
        cuda/11.7
        cuda/11.8
        cuda/12.0

----------------------------------------------------------------------------
  For detailed information about a specific "cuda" package (including how to load the modules) use the module's full name.
  Note that names that have a trailing (E) are extensions provided by other modules.
  For example:

     $ module spider cuda/12.0
----------------------------------------------------------------------------

 


CommandNotFoundError: Your shell has not been properly configured to use 'conda activate'.
To initialize your shell, run

    $ conda init <SHELL_NAME>

Currently supported shells are:
  - bash
  - fish
  - tcsh
  - xonsh
  - zsh
  - powershell

See 'conda init --help' for more information and options.

IMPORTANT: You may need to close and restart your shell after running 'conda init'.


/home/karimimonsefi.1/miniconda3/lib/python3.9/site-packages/mmcv/__init__.py:20: UserWarning: On January 1, 2023, MMCV will release v2.0.0, in which it will remove components related to the training process and add a data transformation module. In addition, it will rename the package names mmcv to mmcv-lite and mmcv-full to mmcv. See https://github.com/open-mmlab/mmcv/blob/master/docs/en/compatibility.md for more details.
  warnings.warn(
/home/karimimonsefi.1/SSL_VAN/BTCV/main.py:101: UserWarning: Found total gpus 2
  warnings.warn("Found total gpus {}".format(args.ngpus_per_node))
/home/karimimonsefi.1/miniconda3/lib/python3.9/site-packages/mmcv/__init__.py:20: UserWarning: On January 1, 2023, MMCV will release v2.0.0, in which it will remove components related to the training process and add a data transformation module. In addition, it will rename the package names mmcv to mmcv-lite and mmcv-full to mmcv. See https://github.com/open-mmlab/mmcv/blob/master/docs/en/compatibility.md for more details.
  warnings.warn(
/home/karimimonsefi.1/miniconda3/lib/python3.9/site-packages/mmcv/__init__.py:20: UserWarning: On January 1, 2023, MMCV will release v2.0.0, in which it will remove components related to the training process and add a data transformation module. In addition, it will rename the package names mmcv to mmcv-lite and mmcv-full to mmcv. See https://github.com/open-mmlab/mmcv/blob/master/docs/en/compatibility.md for more details.
  warnings.warn(
/home/karimimonsefi.1/SSL_VAN/BTCV/main.py:121: UserWarning: 1 gpu 1
  warnings.warn(f"{args.rank} gpu {args.gpu}")
/home/karimimonsefi.1/SSL_VAN/BTCV/main.py:121: UserWarning: 0 gpu 0
  warnings.warn(f"{args.rank} gpu {args.gpu}")
/home/karimimonsefi.1/SSL_VAN/BTCV/main.py:123: UserWarning: Batch size is: 1 epochs 15000
  warnings.warn(f"Batch size is: {args.batch_size} epochs {args.max_epochs}")
/home/karimimonsefi.1/miniconda3/lib/python3.9/site-packages/monai/transforms/post/array.py:176: UserWarning: `to_onehot=True/False` is deprecated, please use `to_onehot=num_classes` instead.
  warnings.warn("`to_onehot=True/False` is deprecated, please use `to_onehot=num_classes` instead.")
/home/karimimonsefi.1/SSL_VAN/BTCV/main.py:166: UserWarning: Total parameters count 320438456
  warnings.warn(f"Total parameters count {pytorch_total_params}")
/home/karimimonsefi.1/SSL_VAN/BTCV/main.py:169: UserWarning: Total args.checkpoint True
  warnings.warn(f"Total args.checkpoint {args.checkpoint}")
/home/karimimonsefi.1/SSL_VAN/BTCV/main.py:176: UserWarning:  Best url model is 96-192-384-768_6-6-90-6_8-8-4-4_vae_inferer_valid_loader_VANV5GL_2__best.pt, final model url is 96-192-384-768_6-6-90-6_8-8-4-4_vae_inferer_valid_loader_VANV5GL_2__final.pt
  warnings.warn(f" Best url model is {args.best_model_url}, final model url is {args.final_model_url}")
/home/karimimonsefi.1/miniconda3/lib/python3.9/site-packages/monai/transforms/post/array.py:176: UserWarning: `to_onehot=True/False` is deprecated, please use `to_onehot=num_classes` instead.
  warnings.warn("`to_onehot=True/False` is deprecated, please use `to_onehot=num_classes` instead.")
/home/karimimonsefi.1/SSL_VAN/BTCV/main.py:166: UserWarning: Total parameters count 320438456
  warnings.warn(f"Total parameters count {pytorch_total_params}")
/home/karimimonsefi.1/SSL_VAN/BTCV/main.py:169: UserWarning: Total args.checkpoint True
  warnings.warn(f"Total args.checkpoint {args.checkpoint}")
/home/karimimonsefi.1/SSL_VAN/BTCV/main.py:176: UserWarning:  Best url model is 96-192-384-768_6-6-90-6_8-8-4-4_vae_inferer_valid_loader_VANV5GL_2__best.pt, final model url is 96-192-384-768_6-6-90-6_8-8-4-4_vae_inferer_valid_loader_VANV5GL_2__final.pt
  warnings.warn(f" Best url model is {args.best_model_url}, final model url is {args.final_model_url}")
/home/karimimonsefi.1/SSL_VAN/BTCV/main.py:202: UserWarning: => loaded checkpoint 'True' (epoch 896) (bestacc 0.4629029333591461)
  warnings.warn("=> loaded checkpoint '{}' (epoch {}) (bestacc {})".format(
/home/karimimonsefi.1/SSL_VAN/BTCV/main.py:202: UserWarning: => loaded checkpoint 'True' (epoch 896) (bestacc 0.4629029333591461)
  warnings.warn("=> loaded checkpoint '{}' (epoch {}) (bestacc {})".format(
/home/karimimonsefi.1/SSL_VAN/BTCV/trainer.py:140: UserWarning: Writing Tensorboard logs to ./runs/BTCV_new/test_log
  warnings.warn(f"Writing Tensorboard logs to {args.logdir}")
/home/karimimonsefi.1/SSL_VAN/BTCV/trainer.py:148: UserWarning: 0  Mon Jun 12 20:34:22 2023  Epoch: 896
  warnings.warn(f"{args.rank}  {time.ctime()}  Epoch: {epoch}")
/home/karimimonsefi.1/SSL_VAN/BTCV/trainer.py:148: UserWarning: 1  Mon Jun 12 20:34:22 2023  Epoch: 896
  warnings.warn(f"{args.rank}  {time.ctime()}  Epoch: {epoch}")
input_list/dataset_BTCV_List.json
input_list/dataset_BTCV_List.json
[W reducer.cpp:1298] Warning: find_unused_parameters=True was specified in DDP constructor, but did not find any unused parameters in the forward pass. This flag results in an extra traversal of the autograd graph every iteration,  which can adversely affect performance. If your model indeed never has any unused parameters in the forward pass, consider turning this flag off. Note that this warning may be a false positive if your model has flow control causing later iterations to have unused parameters. (function operator())
[W reducer.cpp:1298] Warning: find_unused_parameters=True was specified in DDP constructor, but did not find any unused parameters in the forward pass. This flag results in an extra traversal of the autograd graph every iteration,  which can adversely affect performance. If your model indeed never has any unused parameters in the forward pass, consider turning this flag off. Note that this warning may be a false positive if your model has flow control causing later iterations to have unused parameters. (function operator())
/home/karimimonsefi.1/SSL_VAN/BTCV/trainer.py:54: UserWarning: Epoch 896/15000 0/12  loss: 0.8438  time 27.24s
  warnings.warn(
/home/karimimonsefi.1/SSL_VAN/BTCV/trainer.py:54: UserWarning: Epoch 896/15000 1/12  loss: 0.8757  time 1.84s
  warnings.warn(
/home/karimimonsefi.1/SSL_VAN/BTCV/trainer.py:54: UserWarning: Epoch 896/15000 2/12  loss: 0.8744  time 1.76s
  warnings.warn(
/home/karimimonsefi.1/SSL_VAN/BTCV/trainer.py:54: UserWarning: Epoch 896/15000 3/12  loss: 0.8685  time 1.74s
  warnings.warn(
/home/karimimonsefi.1/SSL_VAN/BTCV/trainer.py:54: UserWarning: Epoch 896/15000 4/12  loss: 0.8833  time 1.77s
  warnings.warn(
/home/karimimonsefi.1/SSL_VAN/BTCV/trainer.py:54: UserWarning: Epoch 896/15000 5/12  loss: 0.8938  time 1.84s
  warnings.warn(
/home/karimimonsefi.1/SSL_VAN/BTCV/trainer.py:54: UserWarning: Epoch 896/15000 6/12  loss: 0.8941  time 1.82s
  warnings.warn(
/home/karimimonsefi.1/SSL_VAN/BTCV/trainer.py:54: UserWarning: Epoch 896/15000 7/12  loss: 0.8911  time 1.80s
  warnings.warn(
/home/karimimonsefi.1/SSL_VAN/BTCV/trainer.py:54: UserWarning: Epoch 896/15000 8/12  loss: 0.8931  time 1.77s
  warnings.warn(
/home/karimimonsefi.1/SSL_VAN/BTCV/trainer.py:54: UserWarning: Epoch 896/15000 9/12  loss: 0.8919  time 1.77s
  warnings.warn(
/home/karimimonsefi.1/SSL_VAN/BTCV/trainer.py:54: UserWarning: Epoch 896/15000 10/12  loss: 0.8932  time 1.77s
  warnings.warn(
/home/karimimonsefi.1/SSL_VAN/BTCV/trainer.py:54: UserWarning: Epoch 896/15000 11/12  loss: 0.8928  time 1.77s
  warnings.warn(
/home/karimimonsefi.1/SSL_VAN/BTCV/trainer.py:154: UserWarning: Final training  896/14999  loss: 0.8928  time 46.95s
  warnings.warn("Final training  {}/{}  loss: {:.4f}  time {:.2f}s".format(epoch, args.max_epochs - 1,
/home/karimimonsefi.1/miniconda3/lib/python3.9/site-packages/monai/inferers/utils.py:253: UserWarning: Sliding window inference results contain NaN or Inf.
  warnings.warn("Sliding window inference results contain NaN or Inf.")
/home/karimimonsefi.1/miniconda3/lib/python3.9/site-packages/monai/inferers/utils.py:253: UserWarning: Sliding window inference results contain NaN or Inf.
  warnings.warn("Sliding window inference results contain NaN or Inf.")
/home/karimimonsefi.1/SSL_VAN/BTCV/trainer.py:103: UserWarning: Val 896/15000 0/3  acc 0.3179680109024048  time 9.76s
  warnings.warn("Val {}/{} {}/{}  acc {}  time {:.2f}s".format(epoch, args.max_epochs, idx, len(loader),
/home/karimimonsefi.1/SSL_VAN/BTCV/trainer.py:103: UserWarning: Val 896/15000 1/3  acc 0.31583094596862793  time 9.82s
  warnings.warn("Val {}/{} {}/{}  acc {}  time {:.2f}s".format(epoch, args.max_epochs, idx, len(loader),
/home/karimimonsefi.1/SSL_VAN/BTCV/trainer.py:103: UserWarning: Val 896/15000 2/3  acc 0.3301980197429657  time 6.88s
  warnings.warn("Val {}/{} {}/{}  acc {}  time {:.2f}s".format(epoch, args.max_epochs, idx, len(loader),
/home/karimimonsefi.1/SSL_VAN/BTCV/trainer.py:178: UserWarning: Final validation  896/14999  acc: 0.3302  time 26.48s
  warnings.warn("Final validation  {}/{}  acc: {:.4f}  time {:.2f}s".format(epoch, args.max_epochs - 1,
/home/karimimonsefi.1/SSL_VAN/BTCV/trainer.py:118: UserWarning: Saving checkpoint ./runs/BTCV_new/test_log/96-192-384-768_6-6-90-6_8-8-4-4_vae_inferer_valid_loader_VANV5GL_2__final.pt
  warnings.warn(f"Saving checkpoint {filename}")
/home/karimimonsefi.1/SSL_VAN/BTCV/trainer.py:148: UserWarning: 0  Mon Jun 12 20:35:43 2023  Epoch: 897
  warnings.warn(f"{args.rank}  {time.ctime()}  Epoch: {epoch}")
/home/karimimonsefi.1/SSL_VAN/BTCV/trainer.py:148: UserWarning: 1  Mon Jun 12 20:35:43 2023  Epoch: 897
  warnings.warn(f"{args.rank}  {time.ctime()}  Epoch: {epoch}")
/home/karimimonsefi.1/SSL_VAN/BTCV/trainer.py:54: UserWarning: Epoch 897/15000 0/12  loss: 0.8747  time 4.51s
  warnings.warn(
/home/karimimonsefi.1/SSL_VAN/BTCV/trainer.py:54: UserWarning: Epoch 897/15000 1/12  loss: 0.8743  time 1.90s
  warnings.warn(
/home/karimimonsefi.1/SSL_VAN/BTCV/trainer.py:54: UserWarning: Epoch 897/15000 2/12  loss: 0.9180  time 1.86s
  warnings.warn(
/home/karimimonsefi.1/SSL_VAN/BTCV/trainer.py:54: UserWarning: Epoch 897/15000 3/12  loss: 0.9202  time 1.83s
  warnings.warn(
/home/karimimonsefi.1/SSL_VAN/BTCV/trainer.py:54: UserWarning: Epoch 897/15000 4/12  loss: 0.9040  time 1.82s
  warnings.warn(
/home/karimimonsefi.1/SSL_VAN/BTCV/trainer.py:54: UserWarning: Epoch 897/15000 5/12  loss: 0.9009  time 1.81s
  warnings.warn(
/home/karimimonsefi.1/SSL_VAN/BTCV/trainer.py:54: UserWarning: Epoch 897/15000 6/12  loss: 0.9001  time 1.83s
  warnings.warn(
/home/karimimonsefi.1/SSL_VAN/BTCV/trainer.py:54: UserWarning: Epoch 897/15000 7/12  loss: 0.8923  time 1.79s
  warnings.warn(
/home/karimimonsefi.1/SSL_VAN/BTCV/trainer.py:54: UserWarning: Epoch 897/15000 8/12  loss: 0.8867  time 1.76s
  warnings.warn(
/home/karimimonsefi.1/SSL_VAN/BTCV/trainer.py:54: UserWarning: Epoch 897/15000 9/12  loss: 0.8828  time 1.76s
  warnings.warn(
/home/karimimonsefi.1/SSL_VAN/BTCV/trainer.py:54: UserWarning: Epoch 897/15000 10/12  loss: 0.8810  time 1.76s
  warnings.warn(
/home/karimimonsefi.1/SSL_VAN/BTCV/trainer.py:54: UserWarning: Epoch 897/15000 11/12  loss: 0.8745  time 1.77s
  warnings.warn(
/home/karimimonsefi.1/SSL_VAN/BTCV/trainer.py:154: UserWarning: Final training  897/14999  loss: 0.8745  time 24.44s
  warnings.warn("Final training  {}/{}  loss: {:.4f}  time {:.2f}s".format(epoch, args.max_epochs - 1,
/home/karimimonsefi.1/SSL_VAN/BTCV/trainer.py:103: UserWarning: Val 897/15000 0/3  acc 0.23085099458694458  time 9.00s
  warnings.warn("Val {}/{} {}/{}  acc {}  time {:.2f}s".format(epoch, args.max_epochs, idx, len(loader),
/home/karimimonsefi.1/SSL_VAN/BTCV/trainer.py:103: UserWarning: Val 897/15000 1/3  acc 0.24945273995399475  time 8.66s
  warnings.warn("Val {}/{} {}/{}  acc {}  time {:.2f}s".format(epoch, args.max_epochs, idx, len(loader),
/home/karimimonsefi.1/SSL_VAN/BTCV/trainer.py:103: UserWarning: Val 897/15000 2/3  acc 0.25681930780410767  time 6.92s
  warnings.warn("Val {}/{} {}/{}  acc {}  time {:.2f}s".format(epoch, args.max_epochs, idx, len(loader),
/home/karimimonsefi.1/SSL_VAN/BTCV/trainer.py:178: UserWarning: Final validation  897/14999  acc: 0.2568  time 24.61s
  warnings.warn("Final validation  {}/{}  acc: {:.4f}  time {:.2f}s".format(epoch, args.max_epochs - 1,
/home/karimimonsefi.1/SSL_VAN/BTCV/trainer.py:148: UserWarning: 0  Mon Jun 12 20:36:39 2023  Epoch: 898
  warnings.warn(f"{args.rank}  {time.ctime()}  Epoch: {epoch}")
/home/karimimonsefi.1/SSL_VAN/BTCV/trainer.py:148: UserWarning: 1  Mon Jun 12 20:36:39 2023  Epoch: 898
  warnings.warn(f"{args.rank}  {time.ctime()}  Epoch: {epoch}")
/home/karimimonsefi.1/SSL_VAN/BTCV/trainer.py:54: UserWarning: Epoch 898/15000 0/12  loss: 0.8821  time 6.48s
  warnings.warn(
/home/karimimonsefi.1/SSL_VAN/BTCV/trainer.py:54: UserWarning: Epoch 898/15000 1/12  loss: 0.9115  time 1.77s
  warnings.warn(
/home/karimimonsefi.1/SSL_VAN/BTCV/trainer.py:54: UserWarning: Epoch 898/15000 2/12  loss: 0.9000  time 1.76s
  warnings.warn(
/home/karimimonsefi.1/SSL_VAN/BTCV/trainer.py:54: UserWarning: Epoch 898/15000 3/12  loss: 0.9523  time 1.76s
  warnings.warn(
/home/karimimonsefi.1/SSL_VAN/BTCV/trainer.py:54: UserWarning: Epoch 898/15000 4/12  loss: 0.9403  time 1.76s
  warnings.warn(
/home/karimimonsefi.1/SSL_VAN/BTCV/trainer.py:54: UserWarning: Epoch 898/15000 5/12  loss: 0.9245  time 1.76s
  warnings.warn(
/home/karimimonsefi.1/SSL_VAN/BTCV/trainer.py:54: UserWarning: Epoch 898/15000 6/12  loss: 0.9094  time 1.76s
  warnings.warn(
/home/karimimonsefi.1/SSL_VAN/BTCV/trainer.py:54: UserWarning: Epoch 898/15000 7/12  loss: 0.9132  time 1.76s
  warnings.warn(
/home/karimimonsefi.1/SSL_VAN/BTCV/trainer.py:54: UserWarning: Epoch 898/15000 8/12  loss: 0.9075  time 1.75s
  warnings.warn(
/home/karimimonsefi.1/SSL_VAN/BTCV/trainer.py:54: UserWarning: Epoch 898/15000 9/12  loss: 0.9034  time 1.76s
  warnings.warn(
/home/karimimonsefi.1/SSL_VAN/BTCV/trainer.py:54: UserWarning: Epoch 898/15000 10/12  loss: 0.9063  time 1.76s
  warnings.warn(
/home/karimimonsefi.1/SSL_VAN/BTCV/trainer.py:54: UserWarning: Epoch 898/15000 11/12  loss: 0.9038  time 1.76s
  warnings.warn(
/home/karimimonsefi.1/SSL_VAN/BTCV/trainer.py:154: UserWarning: Final training  898/14999  loss: 0.9038  time 25.93s
  warnings.warn("Final training  {}/{}  loss: {:.4f}  time {:.2f}s".format(epoch, args.max_epochs - 1,
/home/karimimonsefi.1/SSL_VAN/BTCV/trainer.py:103: UserWarning: Val 898/15000 0/3  acc 0.3839492201805115  time 9.01s
  warnings.warn("Val {}/{} {}/{}  acc {}  time {:.2f}s".format(epoch, args.max_epochs, idx, len(loader),
/home/karimimonsefi.1/SSL_VAN/BTCV/trainer.py:103: UserWarning: Val 898/15000 1/3  acc 0.3741937577724457  time 8.67s
  warnings.warn("Val {}/{} {}/{}  acc {}  time {:.2f}s".format(epoch, args.max_epochs, idx, len(loader),
/home/karimimonsefi.1/SSL_VAN/BTCV/trainer.py:103: UserWarning: Val 898/15000 2/3  acc 0.3872314393520355  time 6.94s
  warnings.warn("Val {}/{} {}/{}  acc {}  time {:.2f}s".format(epoch, args.max_epochs, idx, len(loader),
/home/karimimonsefi.1/SSL_VAN/BTCV/trainer.py:178: UserWarning: Final validation  898/14999  acc: 0.3872  time 24.64s
  warnings.warn("Final validation  {}/{}  acc: {:.4f}  time {:.2f}s".format(epoch, args.max_epochs - 1,
/home/karimimonsefi.1/SSL_VAN/BTCV/trainer.py:148: UserWarning: 0  Mon Jun 12 20:37:36 2023  Epoch: 899
  warnings.warn(f"{args.rank}  {time.ctime()}  Epoch: {epoch}")
/home/karimimonsefi.1/SSL_VAN/BTCV/trainer.py:148: UserWarning: 1  Mon Jun 12 20:37:36 2023  Epoch: 899
  warnings.warn(f"{args.rank}  {time.ctime()}  Epoch: {epoch}")
/home/karimimonsefi.1/SSL_VAN/BTCV/trainer.py:54: UserWarning: Epoch 899/15000 0/12  loss: 0.9046  time 4.79s
  warnings.warn(
/home/karimimonsefi.1/SSL_VAN/BTCV/trainer.py:54: UserWarning: Epoch 899/15000 1/12  loss: 0.9206  time 1.80s
  warnings.warn(
/home/karimimonsefi.1/SSL_VAN/BTCV/trainer.py:54: UserWarning: Epoch 899/15000 2/12  loss: 0.8910  time 1.76s
  warnings.warn(
/home/karimimonsefi.1/SSL_VAN/BTCV/trainer.py:54: UserWarning: Epoch 899/15000 3/12  loss: 0.8727  time 1.77s
  warnings.warn(
/home/karimimonsefi.1/SSL_VAN/BTCV/trainer.py:54: UserWarning: Epoch 899/15000 4/12  loss: 0.8727  time 1.77s
  warnings.warn(
/home/karimimonsefi.1/SSL_VAN/BTCV/trainer.py:54: UserWarning: Epoch 899/15000 5/12  loss: 0.8735  time 1.77s
  warnings.warn(
/home/karimimonsefi.1/SSL_VAN/BTCV/trainer.py:54: UserWarning: Epoch 899/15000 6/12  loss: 0.8771  time 1.76s
  warnings.warn(
/home/karimimonsefi.1/SSL_VAN/BTCV/trainer.py:54: UserWarning: Epoch 899/15000 7/12  loss: 0.8794  time 1.75s
  warnings.warn(
/home/karimimonsefi.1/SSL_VAN/BTCV/trainer.py:54: UserWarning: Epoch 899/15000 8/12  loss: 0.8744  time 1.75s
  warnings.warn(
/home/karimimonsefi.1/SSL_VAN/BTCV/trainer.py:54: UserWarning: Epoch 899/15000 9/12  loss: 0.8711  time 1.75s
  warnings.warn(
/home/karimimonsefi.1/SSL_VAN/BTCV/trainer.py:54: UserWarning: Epoch 899/15000 10/12  loss: 0.8728  time 1.76s
  warnings.warn(
/home/karimimonsefi.1/SSL_VAN/BTCV/trainer.py:54: UserWarning: Epoch 899/15000 11/12  loss: 0.8751  time 1.75s
  warnings.warn(
/home/karimimonsefi.1/SSL_VAN/BTCV/trainer.py:154: UserWarning: Final training  899/14999  loss: 0.8751  time 24.24s
  warnings.warn("Final training  {}/{}  loss: {:.4f}  time {:.2f}s".format(epoch, args.max_epochs - 1,
/home/karimimonsefi.1/SSL_VAN/BTCV/trainer.py:103: UserWarning: Val 899/15000 0/3  acc 0.38209235668182373  time 9.00s
  warnings.warn("Val {}/{} {}/{}  acc {}  time {:.2f}s".format(epoch, args.max_epochs, idx, len(loader),
/home/karimimonsefi.1/SSL_VAN/BTCV/trainer.py:103: UserWarning: Val 899/15000 1/3  acc 0.32938456535339355  time 8.71s
  warnings.warn("Val {}/{} {}/{}  acc {}  time {:.2f}s".format(epoch, args.max_epochs, idx, len(loader),
/home/karimimonsefi.1/SSL_VAN/BTCV/trainer.py:103: UserWarning: Val 899/15000 2/3  acc 0.3430972099304199  time 6.95s
  warnings.warn("Val {}/{} {}/{}  acc {}  time {:.2f}s".format(epoch, args.max_epochs, idx, len(loader),
/home/karimimonsefi.1/SSL_VAN/BTCV/trainer.py:178: UserWarning: Final validation  899/14999  acc: 0.3431  time 24.68s
  warnings.warn("Final validation  {}/{}  acc: {:.4f}  time {:.2f}s".format(epoch, args.max_epochs - 1,
/home/karimimonsefi.1/SSL_VAN/BTCV/trainer.py:148: UserWarning: 0  Mon Jun 12 20:38:32 2023  Epoch: 900
  warnings.warn(f"{args.rank}  {time.ctime()}  Epoch: {epoch}")
/home/karimimonsefi.1/SSL_VAN/BTCV/trainer.py:148: UserWarning: 1  Mon Jun 12 20:38:32 2023  Epoch: 900
  warnings.warn(f"{args.rank}  {time.ctime()}  Epoch: {epoch}")
/home/karimimonsefi.1/SSL_VAN/BTCV/trainer.py:54: UserWarning: Epoch 900/15000 0/12  loss: 0.8633  time 4.70s
  warnings.warn(
/home/karimimonsefi.1/SSL_VAN/BTCV/trainer.py:54: UserWarning: Epoch 900/15000 1/12  loss: 0.8780  time 1.96s
  warnings.warn(
/home/karimimonsefi.1/SSL_VAN/BTCV/trainer.py:54: UserWarning: Epoch 900/15000 2/12  loss: 0.8702  time 1.77s
  warnings.warn(
/home/karimimonsefi.1/SSL_VAN/BTCV/trainer.py:54: UserWarning: Epoch 900/15000 3/12  loss: 0.8719  time 1.77s
  warnings.warn(
/home/karimimonsefi.1/SSL_VAN/BTCV/trainer.py:54: UserWarning: Epoch 900/15000 4/12  loss: 0.9556  time 1.76s
  warnings.warn(
/home/karimimonsefi.1/SSL_VAN/BTCV/trainer.py:54: UserWarning: Epoch 900/15000 5/12  loss: 0.9465  time 1.77s
  warnings.warn(
/home/karimimonsefi.1/SSL_VAN/BTCV/trainer.py:54: UserWarning: Epoch 900/15000 6/12  loss: 0.9325  time 1.76s
  warnings.warn(
/home/karimimonsefi.1/SSL_VAN/BTCV/trainer.py:54: UserWarning: Epoch 900/15000 7/12  loss: 0.9240  time 1.77s
  warnings.warn(
/home/karimimonsefi.1/SSL_VAN/BTCV/trainer.py:54: UserWarning: Epoch 900/15000 8/12  loss: 0.9265  time 1.77s
  warnings.warn(
/home/karimimonsefi.1/SSL_VAN/BTCV/trainer.py:54: UserWarning: Epoch 900/15000 9/12  loss: 0.9236  time 1.75s
  warnings.warn(
/home/karimimonsefi.1/SSL_VAN/BTCV/trainer.py:54: UserWarning: Epoch 900/15000 10/12  loss: 0.9231  time 1.76s
  warnings.warn(
/home/karimimonsefi.1/SSL_VAN/BTCV/trainer.py:54: UserWarning: Epoch 900/15000 11/12  loss: 0.9195  time 1.77s
  warnings.warn(
/home/karimimonsefi.1/SSL_VAN/BTCV/trainer.py:154: UserWarning: Final training  900/14999  loss: 0.9195  time 24.36s
  warnings.warn("Final training  {}/{}  loss: {:.4f}  time {:.2f}s".format(epoch, args.max_epochs - 1,
/home/karimimonsefi.1/SSL_VAN/BTCV/trainer.py:103: UserWarning: Val 900/15000 0/3  acc 0.37115857005119324  time 9.06s
  warnings.warn("Val {}/{} {}/{}  acc {}  time {:.2f}s".format(epoch, args.max_epochs, idx, len(loader),
/home/karimimonsefi.1/SSL_VAN/BTCV/trainer.py:103: UserWarning: Val 900/15000 1/3  acc 0.3623802661895752  time 8.72s
  warnings.warn("Val {}/{} {}/{}  acc {}  time {:.2f}s".format(epoch, args.max_epochs, idx, len(loader),
/home/karimimonsefi.1/SSL_VAN/BTCV/trainer.py:103: UserWarning: Val 900/15000 2/3  acc 0.3893636167049408  time 6.95s
  warnings.warn("Val {}/{} {}/{}  acc {}  time {:.2f}s".format(epoch, args.max_epochs, idx, len(loader),
/home/karimimonsefi.1/SSL_VAN/BTCV/trainer.py:178: UserWarning: Final validation  900/14999  acc: 0.3894  time 24.75s
  warnings.warn("Final validation  {}/{}  acc: {:.4f}  time {:.2f}s".format(epoch, args.max_epochs - 1,
/home/karimimonsefi.1/SSL_VAN/BTCV/trainer.py:148: UserWarning: 0  Mon Jun 12 20:39:28 2023  Epoch: 901
  warnings.warn(f"{args.rank}  {time.ctime()}  Epoch: {epoch}")
/home/karimimonsefi.1/SSL_VAN/BTCV/trainer.py:148: UserWarning: 1  Mon Jun 12 20:39:28 2023  Epoch: 901
  warnings.warn(f"{args.rank}  {time.ctime()}  Epoch: {epoch}")
/home/karimimonsefi.1/SSL_VAN/BTCV/trainer.py:54: UserWarning: Epoch 901/15000 0/12  loss: 0.7676  time 4.56s
  warnings.warn(
/home/karimimonsefi.1/SSL_VAN/BTCV/trainer.py:54: UserWarning: Epoch 901/15000 1/12  loss: 0.8719  time 1.84s
  warnings.warn(
/home/karimimonsefi.1/SSL_VAN/BTCV/trainer.py:54: UserWarning: Epoch 901/15000 2/12  loss: 0.8745  time 1.81s
  warnings.warn(
/home/karimimonsefi.1/SSL_VAN/BTCV/trainer.py:54: UserWarning: Epoch 901/15000 3/12  loss: 0.8764  time 1.79s
  warnings.warn(
/home/karimimonsefi.1/SSL_VAN/BTCV/trainer.py:54: UserWarning: Epoch 901/15000 4/12  loss: 0.8817  time 1.79s
  warnings.warn(
/home/karimimonsefi.1/SSL_VAN/BTCV/trainer.py:54: UserWarning: Epoch 901/15000 5/12  loss: 0.8931  time 1.77s
  warnings.warn(
/home/karimimonsefi.1/SSL_VAN/BTCV/trainer.py:54: UserWarning: Epoch 901/15000 6/12  loss: 0.8861  time 1.76s
  warnings.warn(
/home/karimimonsefi.1/SSL_VAN/BTCV/trainer.py:54: UserWarning: Epoch 901/15000 7/12  loss: 0.8872  time 1.77s
  warnings.warn(
/home/karimimonsefi.1/SSL_VAN/BTCV/trainer.py:54: UserWarning: Epoch 901/15000 8/12  loss: 0.9013  time 1.77s
  warnings.warn(
/home/karimimonsefi.1/SSL_VAN/BTCV/trainer.py:54: UserWarning: Epoch 901/15000 9/12  loss: 0.8984  time 1.77s
  warnings.warn(
/home/karimimonsefi.1/SSL_VAN/BTCV/trainer.py:54: UserWarning: Epoch 901/15000 10/12  loss: 0.8957  time 1.76s
  warnings.warn(
/home/karimimonsefi.1/SSL_VAN/BTCV/trainer.py:54: UserWarning: Epoch 901/15000 11/12  loss: 0.8907  time 1.77s
  warnings.warn(
/home/karimimonsefi.1/SSL_VAN/BTCV/trainer.py:154: UserWarning: Final training  901/14999  loss: 0.8907  time 24.20s
  warnings.warn("Final training  {}/{}  loss: {:.4f}  time {:.2f}s".format(epoch, args.max_epochs - 1,
/home/karimimonsefi.1/SSL_VAN/BTCV/trainer.py:103: UserWarning: Val 901/15000 0/3  acc 0.306997686624527  time 9.06s
  warnings.warn("Val {}/{} {}/{}  acc {}  time {:.2f}s".format(epoch, args.max_epochs, idx, len(loader),
/home/karimimonsefi.1/SSL_VAN/BTCV/trainer.py:103: UserWarning: Val 901/15000 1/3  acc 0.29320868849754333  time 8.72s
  warnings.warn("Val {}/{} {}/{}  acc {}  time {:.2f}s".format(epoch, args.max_epochs, idx, len(loader),
/home/karimimonsefi.1/SSL_VAN/BTCV/trainer.py:103: UserWarning: Val 901/15000 2/3  acc 0.2998582720756531  time 6.97s
  warnings.warn("Val {}/{} {}/{}  acc {}  time {:.2f}s".format(epoch, args.max_epochs, idx, len(loader),
/home/karimimonsefi.1/SSL_VAN/BTCV/trainer.py:178: UserWarning: Final validation  901/14999  acc: 0.2999  time 24.77s
  warnings.warn("Final validation  {}/{}  acc: {:.4f}  time {:.2f}s".format(epoch, args.max_epochs - 1,
/home/karimimonsefi.1/SSL_VAN/BTCV/trainer.py:148: UserWarning: 0  Mon Jun 12 20:40:24 2023  Epoch: 902
  warnings.warn(f"{args.rank}  {time.ctime()}  Epoch: {epoch}")
/home/karimimonsefi.1/SSL_VAN/BTCV/trainer.py:148: UserWarning: 1  Mon Jun 12 20:40:24 2023  Epoch: 902
  warnings.warn(f"{args.rank}  {time.ctime()}  Epoch: {epoch}")
/home/karimimonsefi.1/SSL_VAN/BTCV/trainer.py:54: UserWarning: Epoch 902/15000 0/12  loss: 0.8593  time 4.56s
  warnings.warn(
/home/karimimonsefi.1/SSL_VAN/BTCV/trainer.py:54: UserWarning: Epoch 902/15000 1/12  loss: 0.8532  time 1.77s
  warnings.warn(
/home/karimimonsefi.1/SSL_VAN/BTCV/trainer.py:54: UserWarning: Epoch 902/15000 2/12  loss: 0.8747  time 1.77s
  warnings.warn(
/home/karimimonsefi.1/SSL_VAN/BTCV/trainer.py:54: UserWarning: Epoch 902/15000 3/12  loss: 0.8706  time 1.76s
  warnings.warn(
/home/karimimonsefi.1/SSL_VAN/BTCV/trainer.py:54: UserWarning: Epoch 902/15000 4/12  loss: 0.8611  time 1.77s
  warnings.warn(
/home/karimimonsefi.1/SSL_VAN/BTCV/trainer.py:54: UserWarning: Epoch 902/15000 5/12  loss: 0.8644  time 1.89s
  warnings.warn(
/home/karimimonsefi.1/SSL_VAN/BTCV/trainer.py:54: UserWarning: Epoch 902/15000 6/12  loss: 0.8665  time 1.76s
  warnings.warn(
/home/karimimonsefi.1/SSL_VAN/BTCV/trainer.py:54: UserWarning: Epoch 902/15000 7/12  loss: 0.8747  time 1.77s
  warnings.warn(
/home/karimimonsefi.1/SSL_VAN/BTCV/trainer.py:54: UserWarning: Epoch 902/15000 8/12  loss: 0.8856  time 1.76s
  warnings.warn(
/home/karimimonsefi.1/SSL_VAN/BTCV/trainer.py:54: UserWarning: Epoch 902/15000 9/12  loss: 0.8866  time 1.76s
  warnings.warn(
/home/karimimonsefi.1/SSL_VAN/BTCV/trainer.py:54: UserWarning: Epoch 902/15000 10/12  loss: 0.8864  time 1.77s
  warnings.warn(
/home/karimimonsefi.1/SSL_VAN/BTCV/trainer.py:54: UserWarning: Epoch 902/15000 11/12  loss: 0.8835  time 1.76s
  warnings.warn(
/home/karimimonsefi.1/SSL_VAN/BTCV/trainer.py:154: UserWarning: Final training  902/14999  loss: 0.8835  time 24.16s
  warnings.warn("Final training  {}/{}  loss: {:.4f}  time {:.2f}s".format(epoch, args.max_epochs - 1,
/home/karimimonsefi.1/SSL_VAN/BTCV/trainer.py:103: UserWarning: Val 902/15000 0/3  acc 0.32572388648986816  time 9.01s
  warnings.warn("Val {}/{} {}/{}  acc {}  time {:.2f}s".format(epoch, args.max_epochs, idx, len(loader),
/home/karimimonsefi.1/SSL_VAN/BTCV/trainer.py:103: UserWarning: Val 902/15000 1/3  acc 0.29320207238197327  time 8.72s
  warnings.warn("Val {}/{} {}/{}  acc {}  time {:.2f}s".format(epoch, args.max_epochs, idx, len(loader),
/home/karimimonsefi.1/SSL_VAN/BTCV/trainer.py:103: UserWarning: Val 902/15000 2/3  acc 0.3044070303440094  time 6.96s
  warnings.warn("Val {}/{} {}/{}  acc {}  time {:.2f}s".format(epoch, args.max_epochs, idx, len(loader),
/home/karimimonsefi.1/SSL_VAN/BTCV/trainer.py:178: UserWarning: Final validation  902/14999  acc: 0.3044  time 24.72s
  warnings.warn("Final validation  {}/{}  acc: {:.4f}  time {:.2f}s".format(epoch, args.max_epochs - 1,
/home/karimimonsefi.1/SSL_VAN/BTCV/trainer.py:148: UserWarning: 0  Mon Jun 12 20:41:20 2023  Epoch: 903
  warnings.warn(f"{args.rank}  {time.ctime()}  Epoch: {epoch}")
/home/karimimonsefi.1/SSL_VAN/BTCV/trainer.py:148: UserWarning: 1  Mon Jun 12 20:41:20 2023  Epoch: 903
  warnings.warn(f"{args.rank}  {time.ctime()}  Epoch: {epoch}")
/home/karimimonsefi.1/SSL_VAN/BTCV/trainer.py:54: UserWarning: Epoch 903/15000 0/12  loss: 0.8222  time 4.25s
  warnings.warn(
/home/karimimonsefi.1/SSL_VAN/BTCV/trainer.py:54: UserWarning: Epoch 903/15000 1/12  loss: 0.8634  time 1.78s
  warnings.warn(
/home/karimimonsefi.1/SSL_VAN/BTCV/trainer.py:54: UserWarning: Epoch 903/15000 2/12  loss: 0.8745  time 1.76s
  warnings.warn(
/home/karimimonsefi.1/SSL_VAN/BTCV/trainer.py:54: UserWarning: Epoch 903/15000 3/12  loss: 0.8665  time 1.76s
  warnings.warn(
/home/karimimonsefi.1/SSL_VAN/BTCV/trainer.py:54: UserWarning: Epoch 903/15000 4/12  loss: 0.8629  time 1.76s
  warnings.warn(
/home/karimimonsefi.1/SSL_VAN/BTCV/trainer.py:54: UserWarning: Epoch 903/15000 5/12  loss: 0.8647  time 1.76s
  warnings.warn(
/home/karimimonsefi.1/SSL_VAN/BTCV/trainer.py:54: UserWarning: Epoch 903/15000 6/12  loss: 0.8767  time 1.77s
  warnings.warn(
/home/karimimonsefi.1/SSL_VAN/BTCV/trainer.py:54: UserWarning: Epoch 903/15000 7/12  loss: 0.8709  time 1.76s
  warnings.warn(
/home/karimimonsefi.1/SSL_VAN/BTCV/trainer.py:54: UserWarning: Epoch 903/15000 8/12  loss: 0.8737  time 1.76s
  warnings.warn(
/home/karimimonsefi.1/SSL_VAN/BTCV/trainer.py:54: UserWarning: Epoch 903/15000 9/12  loss: 0.8797  time 1.76s
  warnings.warn(
/home/karimimonsefi.1/SSL_VAN/BTCV/trainer.py:54: UserWarning: Epoch 903/15000 10/12  loss: 0.8765  time 1.76s
  warnings.warn(
/home/karimimonsefi.1/SSL_VAN/BTCV/trainer.py:54: UserWarning: Epoch 903/15000 11/12  loss: 0.8797  time 1.77s
  warnings.warn(
/home/karimimonsefi.1/SSL_VAN/BTCV/trainer.py:154: UserWarning: Final training  903/14999  loss: 0.8797  time 23.70s
  warnings.warn("Final training  {}/{}  loss: {:.4f}  time {:.2f}s".format(epoch, args.max_epochs - 1,
/home/karimimonsefi.1/SSL_VAN/BTCV/trainer.py:103: UserWarning: Val 903/15000 0/3  acc 0.4127020239830017  time 9.07s
  warnings.warn("Val {}/{} {}/{}  acc {}  time {:.2f}s".format(epoch, args.max_epochs, idx, len(loader),
/home/karimimonsefi.1/SSL_VAN/BTCV/trainer.py:103: UserWarning: Val 903/15000 1/3  acc 0.3703957796096802  time 8.73s
  warnings.warn("Val {}/{} {}/{}  acc {}  time {:.2f}s".format(epoch, args.max_epochs, idx, len(loader),
/home/karimimonsefi.1/SSL_VAN/BTCV/trainer.py:103: UserWarning: Val 903/15000 2/3  acc 0.39504826068878174  time 6.97s
  warnings.warn("Val {}/{} {}/{}  acc {}  time {:.2f}s".format(epoch, args.max_epochs, idx, len(loader),
/home/karimimonsefi.1/SSL_VAN/BTCV/trainer.py:178: UserWarning: Final validation  903/14999  acc: 0.3950  time 24.78s
  warnings.warn("Final validation  {}/{}  acc: {:.4f}  time {:.2f}s".format(epoch, args.max_epochs - 1,
/home/karimimonsefi.1/SSL_VAN/BTCV/trainer.py:148: UserWarning: 0  Mon Jun 12 20:42:16 2023  Epoch: 904
  warnings.warn(f"{args.rank}  {time.ctime()}  Epoch: {epoch}")
/home/karimimonsefi.1/SSL_VAN/BTCV/trainer.py:148: UserWarning: 1  Mon Jun 12 20:42:16 2023  Epoch: 904
  warnings.warn(f"{args.rank}  {time.ctime()}  Epoch: {epoch}")
/home/karimimonsefi.1/SSL_VAN/BTCV/trainer.py:54: UserWarning: Epoch 904/15000 0/12  loss: 0.8915  time 4.74s
  warnings.warn(
/home/karimimonsefi.1/SSL_VAN/BTCV/trainer.py:54: UserWarning: Epoch 904/15000 1/12  loss: 0.8715  time 1.78s
  warnings.warn(
/home/karimimonsefi.1/SSL_VAN/BTCV/trainer.py:54: UserWarning: Epoch 904/15000 2/12  loss: 0.8893  time 1.77s
  warnings.warn(
/home/karimimonsefi.1/SSL_VAN/BTCV/trainer.py:54: UserWarning: Epoch 904/15000 3/12  loss: 0.8803  time 1.77s
  warnings.warn(
/home/karimimonsefi.1/SSL_VAN/BTCV/trainer.py:54: UserWarning: Epoch 904/15000 4/12  loss: 0.8831  time 1.76s
  warnings.warn(
/home/karimimonsefi.1/SSL_VAN/BTCV/trainer.py:54: UserWarning: Epoch 904/15000 5/12  loss: 0.9045  time 1.76s
  warnings.warn(
/home/karimimonsefi.1/SSL_VAN/BTCV/trainer.py:54: UserWarning: Epoch 904/15000 6/12  loss: 0.8971  time 1.76s
  warnings.warn(
/home/karimimonsefi.1/SSL_VAN/BTCV/trainer.py:54: UserWarning: Epoch 904/15000 7/12  loss: 0.8912  time 1.76s
  warnings.warn(
/home/karimimonsefi.1/SSL_VAN/BTCV/trainer.py:54: UserWarning: Epoch 904/15000 8/12  loss: 0.8933  time 1.77s
  warnings.warn(
/home/karimimonsefi.1/SSL_VAN/BTCV/trainer.py:54: UserWarning: Epoch 904/15000 9/12  loss: 0.8920  time 1.77s
  warnings.warn(
/home/karimimonsefi.1/SSL_VAN/BTCV/trainer.py:54: UserWarning: Epoch 904/15000 10/12  loss: 0.8997  time 1.76s
  warnings.warn(
/home/karimimonsefi.1/SSL_VAN/BTCV/trainer.py:54: UserWarning: Epoch 904/15000 11/12  loss: 0.8996  time 1.76s
  warnings.warn(
/home/karimimonsefi.1/SSL_VAN/BTCV/trainer.py:154: UserWarning: Final training  904/14999  loss: 0.8996  time 24.21s
  warnings.warn("Final training  {}/{}  loss: {:.4f}  time {:.2f}s".format(epoch, args.max_epochs - 1,
/home/karimimonsefi.1/SSL_VAN/BTCV/trainer.py:103: UserWarning: Val 904/15000 0/3  acc 0.3780250549316406  time 9.02s
  warnings.warn("Val {}/{} {}/{}  acc {}  time {:.2f}s".format(epoch, args.max_epochs, idx, len(loader),
/home/karimimonsefi.1/SSL_VAN/BTCV/trainer.py:103: UserWarning: Val 904/15000 1/3  acc 0.3602641224861145  time 8.73s
  warnings.warn("Val {}/{} {}/{}  acc {}  time {:.2f}s".format(epoch, args.max_epochs, idx, len(loader),
/home/karimimonsefi.1/SSL_VAN/BTCV/trainer.py:103: UserWarning: Val 904/15000 2/3  acc 0.3978853225708008  time 6.96s
  warnings.warn("Val {}/{} {}/{}  acc {}  time {:.2f}s".format(epoch, args.max_epochs, idx, len(loader),
/home/karimimonsefi.1/SSL_VAN/BTCV/trainer.py:178: UserWarning: Final validation  904/14999  acc: 0.3979  time 24.72s
  warnings.warn("Final validation  {}/{}  acc: {:.4f}  time {:.2f}s".format(epoch, args.max_epochs - 1,
/home/karimimonsefi.1/SSL_VAN/BTCV/trainer.py:148: UserWarning: 0  Mon Jun 12 20:43:12 2023  Epoch: 905
  warnings.warn(f"{args.rank}  {time.ctime()}  Epoch: {epoch}")
/home/karimimonsefi.1/SSL_VAN/BTCV/trainer.py:148: UserWarning: 1  Mon Jun 12 20:43:12 2023  Epoch: 905
  warnings.warn(f"{args.rank}  {time.ctime()}  Epoch: {epoch}")
/home/karimimonsefi.1/SSL_VAN/BTCV/trainer.py:54: UserWarning: Epoch 905/15000 0/12  loss: 0.9255  time 5.06s
  warnings.warn(
/home/karimimonsefi.1/SSL_VAN/BTCV/trainer.py:54: UserWarning: Epoch 905/15000 1/12  loss: 0.9406  time 1.78s
  warnings.warn(
/home/karimimonsefi.1/SSL_VAN/BTCV/trainer.py:54: UserWarning: Epoch 905/15000 2/12  loss: 0.9120  time 1.76s
  warnings.warn(
/home/karimimonsefi.1/SSL_VAN/BTCV/trainer.py:54: UserWarning: Epoch 905/15000 3/12  loss: 0.9131  time 1.76s
  warnings.warn(
/home/karimimonsefi.1/SSL_VAN/BTCV/trainer.py:54: UserWarning: Epoch 905/15000 4/12  loss: 0.9005  time 1.77s
  warnings.warn(
/home/karimimonsefi.1/SSL_VAN/BTCV/trainer.py:54: UserWarning: Epoch 905/15000 5/12  loss: 0.9090  time 1.76s
  warnings.warn(
/home/karimimonsefi.1/SSL_VAN/BTCV/trainer.py:54: UserWarning: Epoch 905/15000 6/12  loss: 0.9039  time 1.76s
  warnings.warn(
/home/karimimonsefi.1/SSL_VAN/BTCV/trainer.py:54: UserWarning: Epoch 905/15000 7/12  loss: 0.9040  time 1.77s
  warnings.warn(
/home/karimimonsefi.1/SSL_VAN/BTCV/trainer.py:54: UserWarning: Epoch 905/15000 8/12  loss: 0.8942  time 1.77s
  warnings.warn(
/home/karimimonsefi.1/SSL_VAN/BTCV/trainer.py:54: UserWarning: Epoch 905/15000 9/12  loss: 0.8890  time 1.76s
  warnings.warn(
/home/karimimonsefi.1/SSL_VAN/BTCV/trainer.py:54: UserWarning: Epoch 905/15000 10/12  loss: 0.9033  time 1.77s
  warnings.warn(
/home/karimimonsefi.1/SSL_VAN/BTCV/trainer.py:54: UserWarning: Epoch 905/15000 11/12  loss: 0.9038  time 1.76s
  warnings.warn(
/home/karimimonsefi.1/SSL_VAN/BTCV/trainer.py:154: UserWarning: Final training  905/14999  loss: 0.9038  time 24.54s
  warnings.warn("Final training  {}/{}  loss: {:.4f}  time {:.2f}s".format(epoch, args.max_epochs - 1,
/home/karimimonsefi.1/SSL_VAN/BTCV/trainer.py:103: UserWarning: Val 905/15000 0/3  acc 0.2923845648765564  time 9.05s
  warnings.warn("Val {}/{} {}/{}  acc {}  time {:.2f}s".format(epoch, args.max_epochs, idx, len(loader),
/home/karimimonsefi.1/SSL_VAN/BTCV/trainer.py:103: UserWarning: Val 905/15000 1/3  acc 0.31609728932380676  time 8.72s
  warnings.warn("Val {}/{} {}/{}  acc {}  time {:.2f}s".format(epoch, args.max_epochs, idx, len(loader),
/home/karimimonsefi.1/SSL_VAN/BTCV/trainer.py:103: UserWarning: Val 905/15000 2/3  acc 0.3415316045284271  time 6.97s
  warnings.warn("Val {}/{} {}/{}  acc {}  time {:.2f}s".format(epoch, args.max_epochs, idx, len(loader),
/home/karimimonsefi.1/SSL_VAN/BTCV/trainer.py:178: UserWarning: Final validation  905/14999  acc: 0.3415  time 24.76s
  warnings.warn("Final validation  {}/{}  acc: {:.4f}  time {:.2f}s".format(epoch, args.max_epochs - 1,
/home/karimimonsefi.1/SSL_VAN/BTCV/trainer.py:148: UserWarning: 0  Mon Jun 12 20:44:08 2023  Epoch: 906
  warnings.warn(f"{args.rank}  {time.ctime()}  Epoch: {epoch}")
/home/karimimonsefi.1/SSL_VAN/BTCV/trainer.py:148: UserWarning: 1  Mon Jun 12 20:44:08 2023  Epoch: 906
  warnings.warn(f"{args.rank}  {time.ctime()}  Epoch: {epoch}")
/home/karimimonsefi.1/SSL_VAN/BTCV/trainer.py:54: UserWarning: Epoch 906/15000 0/12  loss: 0.9080  time 4.73s
  warnings.warn(
/home/karimimonsefi.1/SSL_VAN/BTCV/trainer.py:54: UserWarning: Epoch 906/15000 1/12  loss: 0.9046  time 1.82s
  warnings.warn(
/home/karimimonsefi.1/SSL_VAN/BTCV/trainer.py:54: UserWarning: Epoch 906/15000 2/12  loss: 0.9062  time 1.77s
  warnings.warn(
/home/karimimonsefi.1/SSL_VAN/BTCV/trainer.py:54: UserWarning: Epoch 906/15000 3/12  loss: 0.8877  time 1.76s
  warnings.warn(
/home/karimimonsefi.1/SSL_VAN/BTCV/trainer.py:54: UserWarning: Epoch 906/15000 4/12  loss: 0.8952  time 1.76s
  warnings.warn(
/home/karimimonsefi.1/SSL_VAN/BTCV/trainer.py:54: UserWarning: Epoch 906/15000 5/12  loss: 0.8843  time 1.77s
  warnings.warn(
/home/karimimonsefi.1/SSL_VAN/BTCV/trainer.py:54: UserWarning: Epoch 906/15000 6/12  loss: 0.8847  time 1.76s
  warnings.warn(
/home/karimimonsefi.1/SSL_VAN/BTCV/trainer.py:54: UserWarning: Epoch 906/15000 7/12  loss: 0.8740  time 1.88s
  warnings.warn(
/home/karimimonsefi.1/SSL_VAN/BTCV/trainer.py:54: UserWarning: Epoch 906/15000 8/12  loss: 0.8716  time 1.77s
  warnings.warn(
/home/karimimonsefi.1/SSL_VAN/BTCV/trainer.py:54: UserWarning: Epoch 906/15000 9/12  loss: 0.8706  time 1.77s
  warnings.warn(
/home/karimimonsefi.1/SSL_VAN/BTCV/trainer.py:54: UserWarning: Epoch 906/15000 10/12  loss: 0.8780  time 1.77s
  warnings.warn(
/home/karimimonsefi.1/SSL_VAN/BTCV/trainer.py:54: UserWarning: Epoch 906/15000 11/12  loss: 0.8763  time 1.77s
  warnings.warn(
/home/karimimonsefi.1/SSL_VAN/BTCV/trainer.py:154: UserWarning: Final training  906/14999  loss: 0.8763  time 24.39s
  warnings.warn("Final training  {}/{}  loss: {:.4f}  time {:.2f}s".format(epoch, args.max_epochs - 1,
/home/karimimonsefi.1/SSL_VAN/BTCV/trainer.py:103: UserWarning: Val 906/15000 0/3  acc 0.21563254296779633  time 9.09s
  warnings.warn("Val {}/{} {}/{}  acc {}  time {:.2f}s".format(epoch, args.max_epochs, idx, len(loader),
/home/karimimonsefi.1/SSL_VAN/BTCV/trainer.py:103: UserWarning: Val 906/15000 1/3  acc 0.2127682864665985  time 8.72s
  warnings.warn("Val {}/{} {}/{}  acc {}  time {:.2f}s".format(epoch, args.max_epochs, idx, len(loader),
/home/karimimonsefi.1/SSL_VAN/BTCV/trainer.py:103: UserWarning: Val 906/15000 2/3  acc 0.22982197999954224  time 6.96s
  warnings.warn("Val {}/{} {}/{}  acc {}  time {:.2f}s".format(epoch, args.max_epochs, idx, len(loader),
/home/karimimonsefi.1/SSL_VAN/BTCV/trainer.py:178: UserWarning: Final validation  906/14999  acc: 0.2298  time 24.79s
  warnings.warn("Final validation  {}/{}  acc: {:.4f}  time {:.2f}s".format(epoch, args.max_epochs - 1,
/home/karimimonsefi.1/SSL_VAN/BTCV/trainer.py:148: UserWarning: 0  Mon Jun 12 20:45:04 2023  Epoch: 907
  warnings.warn(f"{args.rank}  {time.ctime()}  Epoch: {epoch}")
/home/karimimonsefi.1/SSL_VAN/BTCV/trainer.py:148: UserWarning: 1  Mon Jun 12 20:45:04 2023  Epoch: 907
  warnings.warn(f"{args.rank}  {time.ctime()}  Epoch: {epoch}")
/home/karimimonsefi.1/SSL_VAN/BTCV/trainer.py:54: UserWarning: Epoch 907/15000 0/12  loss: 0.8336  time 4.46s
  warnings.warn(
/home/karimimonsefi.1/SSL_VAN/BTCV/trainer.py:54: UserWarning: Epoch 907/15000 1/12  loss: 0.8182  time 1.81s
  warnings.warn(
/home/karimimonsefi.1/SSL_VAN/BTCV/trainer.py:54: UserWarning: Epoch 907/15000 2/12  loss: 0.8272  time 1.87s
  warnings.warn(
/home/karimimonsefi.1/SSL_VAN/BTCV/trainer.py:54: UserWarning: Epoch 907/15000 3/12  loss: 0.8388  time 1.76s
  warnings.warn(
/home/karimimonsefi.1/SSL_VAN/BTCV/trainer.py:54: UserWarning: Epoch 907/15000 4/12  loss: 0.8906  time 1.77s
  warnings.warn(
/home/karimimonsefi.1/SSL_VAN/BTCV/trainer.py:54: UserWarning: Epoch 907/15000 5/12  loss: 0.8884  time 1.77s
  warnings.warn(
/home/karimimonsefi.1/SSL_VAN/BTCV/trainer.py:54: UserWarning: Epoch 907/15000 6/12  loss: 0.8865  time 1.76s
  warnings.warn(
/home/karimimonsefi.1/SSL_VAN/BTCV/trainer.py:54: UserWarning: Epoch 907/15000 7/12  loss: 0.8881  time 1.76s
  warnings.warn(
/home/karimimonsefi.1/SSL_VAN/BTCV/trainer.py:54: UserWarning: Epoch 907/15000 8/12  loss: 0.8953  time 1.77s
  warnings.warn(
/home/karimimonsefi.1/SSL_VAN/BTCV/trainer.py:54: UserWarning: Epoch 907/15000 9/12  loss: 0.8950  time 1.77s
  warnings.warn(
/home/karimimonsefi.1/SSL_VAN/BTCV/trainer.py:54: UserWarning: Epoch 907/15000 10/12  loss: 0.8927  time 1.77s
  warnings.warn(
/home/karimimonsefi.1/SSL_VAN/BTCV/trainer.py:54: UserWarning: Epoch 907/15000 11/12  loss: 0.8929  time 1.77s
  warnings.warn(
/home/karimimonsefi.1/SSL_VAN/BTCV/trainer.py:154: UserWarning: Final training  907/14999  loss: 0.8929  time 24.07s
  warnings.warn("Final training  {}/{}  loss: {:.4f}  time {:.2f}s".format(epoch, args.max_epochs - 1,
/home/karimimonsefi.1/SSL_VAN/BTCV/trainer.py:103: UserWarning: Val 907/15000 0/3  acc 0.2249142825603485  time 9.03s
  warnings.warn("Val {}/{} {}/{}  acc {}  time {:.2f}s".format(epoch, args.max_epochs, idx, len(loader),
/home/karimimonsefi.1/SSL_VAN/BTCV/trainer.py:103: UserWarning: Val 907/15000 1/3  acc 0.23281045258045197  time 8.73s
  warnings.warn("Val {}/{} {}/{}  acc {}  time {:.2f}s".format(epoch, args.max_epochs, idx, len(loader),
/home/karimimonsefi.1/SSL_VAN/BTCV/trainer.py:103: UserWarning: Val 907/15000 2/3  acc 0.26670923829078674  time 6.96s
  warnings.warn("Val {}/{} {}/{}  acc {}  time {:.2f}s".format(epoch, args.max_epochs, idx, len(loader),
/home/karimimonsefi.1/SSL_VAN/BTCV/trainer.py:178: UserWarning: Final validation  907/14999  acc: 0.2667  time 24.74s
  warnings.warn("Final validation  {}/{}  acc: {:.4f}  time {:.2f}s".format(epoch, args.max_epochs - 1,
/home/karimimonsefi.1/SSL_VAN/BTCV/trainer.py:148: UserWarning: 0  Mon Jun 12 20:45:59 2023  Epoch: 908
  warnings.warn(f"{args.rank}  {time.ctime()}  Epoch: {epoch}")
/home/karimimonsefi.1/SSL_VAN/BTCV/trainer.py:148: UserWarning: 1  Mon Jun 12 20:45:59 2023  Epoch: 908
  warnings.warn(f"{args.rank}  {time.ctime()}  Epoch: {epoch}")
/home/karimimonsefi.1/SSL_VAN/BTCV/trainer.py:54: UserWarning: Epoch 908/15000 0/12  loss: 0.8861  time 4.76s
  warnings.warn(
/home/karimimonsefi.1/SSL_VAN/BTCV/trainer.py:54: UserWarning: Epoch 908/15000 1/12  loss: 0.8784  time 1.80s
  warnings.warn(
/home/karimimonsefi.1/SSL_VAN/BTCV/trainer.py:54: UserWarning: Epoch 908/15000 2/12  loss: 0.8844  time 1.78s
  warnings.warn(
/home/karimimonsefi.1/SSL_VAN/BTCV/trainer.py:54: UserWarning: Epoch 908/15000 3/12  loss: 0.8969  time 1.77s
  warnings.warn(
/home/karimimonsefi.1/SSL_VAN/BTCV/trainer.py:54: UserWarning: Epoch 908/15000 4/12  loss: 0.8957  time 1.77s
  warnings.warn(
/home/karimimonsefi.1/SSL_VAN/BTCV/trainer.py:54: UserWarning: Epoch 908/15000 5/12  loss: 0.8884  time 1.76s
  warnings.warn(
/home/karimimonsefi.1/SSL_VAN/BTCV/trainer.py:54: UserWarning: Epoch 908/15000 6/12  loss: 0.8870  time 1.76s
  warnings.warn(
/home/karimimonsefi.1/SSL_VAN/BTCV/trainer.py:54: UserWarning: Epoch 908/15000 7/12  loss: 0.8875  time 1.77s
  warnings.warn(
/home/karimimonsefi.1/SSL_VAN/BTCV/trainer.py:54: UserWarning: Epoch 908/15000 8/12  loss: 0.8848  time 1.88s
  warnings.warn(
/home/karimimonsefi.1/SSL_VAN/BTCV/trainer.py:54: UserWarning: Epoch 908/15000 9/12  loss: 0.8823  time 1.77s
  warnings.warn(
/home/karimimonsefi.1/SSL_VAN/BTCV/trainer.py:54: UserWarning: Epoch 908/15000 10/12  loss: 0.8783  time 1.77s
  warnings.warn(
/home/karimimonsefi.1/SSL_VAN/BTCV/trainer.py:54: UserWarning: Epoch 908/15000 11/12  loss: 0.8793  time 1.76s
  warnings.warn(
/home/karimimonsefi.1/SSL_VAN/BTCV/trainer.py:154: UserWarning: Final training  908/14999  loss: 0.8793  time 24.41s
  warnings.warn("Final training  {}/{}  loss: {:.4f}  time {:.2f}s".format(epoch, args.max_epochs - 1,
/home/karimimonsefi.1/SSL_VAN/BTCV/trainer.py:103: UserWarning: Val 908/15000 0/3  acc 0.2516058385372162  time 9.06s
  warnings.warn("Val {}/{} {}/{}  acc {}  time {:.2f}s".format(epoch, args.max_epochs, idx, len(loader),
/home/karimimonsefi.1/SSL_VAN/BTCV/trainer.py:103: UserWarning: Val 908/15000 1/3  acc 0.2847491502761841  time 8.73s
  warnings.warn("Val {}/{} {}/{}  acc {}  time {:.2f}s".format(epoch, args.max_epochs, idx, len(loader),
/home/karimimonsefi.1/SSL_VAN/BTCV/trainer.py:103: UserWarning: Val 908/15000 2/3  acc 0.3381546437740326  time 6.96s
  warnings.warn("Val {}/{} {}/{}  acc {}  time {:.2f}s".format(epoch, args.max_epochs, idx, len(loader),
/home/karimimonsefi.1/SSL_VAN/BTCV/trainer.py:178: UserWarning: Final validation  908/14999  acc: 0.3382  time 24.77s
  warnings.warn("Final validation  {}/{}  acc: {:.4f}  time {:.2f}s".format(epoch, args.max_epochs - 1,
/home/karimimonsefi.1/SSL_VAN/BTCV/trainer.py:148: UserWarning: 0  Mon Jun 12 20:46:56 2023  Epoch: 909
  warnings.warn(f"{args.rank}  {time.ctime()}  Epoch: {epoch}")
/home/karimimonsefi.1/SSL_VAN/BTCV/trainer.py:148: UserWarning: 1  Mon Jun 12 20:46:56 2023  Epoch: 909
  warnings.warn(f"{args.rank}  {time.ctime()}  Epoch: {epoch}")
/home/karimimonsefi.1/SSL_VAN/BTCV/trainer.py:54: UserWarning: Epoch 909/15000 0/12  loss: 0.8001  time 4.14s
  warnings.warn(
/home/karimimonsefi.1/SSL_VAN/BTCV/trainer.py:54: UserWarning: Epoch 909/15000 1/12  loss: 0.8720  time 1.83s
  warnings.warn(
/home/karimimonsefi.1/SSL_VAN/BTCV/trainer.py:54: UserWarning: Epoch 909/15000 2/12  loss: 0.8683  time 1.76s
  warnings.warn(
/home/karimimonsefi.1/SSL_VAN/BTCV/trainer.py:54: UserWarning: Epoch 909/15000 3/12  loss: 0.8680  time 1.76s
  warnings.warn(
/home/karimimonsefi.1/SSL_VAN/BTCV/trainer.py:54: UserWarning: Epoch 909/15000 4/12  loss: 0.8570  time 1.77s
  warnings.warn(
/home/karimimonsefi.1/SSL_VAN/BTCV/trainer.py:54: UserWarning: Epoch 909/15000 5/12  loss: 0.8589  time 1.76s
  warnings.warn(
/home/karimimonsefi.1/SSL_VAN/BTCV/trainer.py:54: UserWarning: Epoch 909/15000 6/12  loss: 0.8557  time 1.77s
  warnings.warn(
/home/karimimonsefi.1/SSL_VAN/BTCV/trainer.py:54: UserWarning: Epoch 909/15000 7/12  loss: 0.8576  time 1.76s
  warnings.warn(
/home/karimimonsefi.1/SSL_VAN/BTCV/trainer.py:54: UserWarning: Epoch 909/15000 8/12  loss: 0.8566  time 1.77s
  warnings.warn(
/home/karimimonsefi.1/SSL_VAN/BTCV/trainer.py:54: UserWarning: Epoch 909/15000 9/12  loss: 0.8663  time 1.76s
  warnings.warn(
/home/karimimonsefi.1/SSL_VAN/BTCV/trainer.py:54: UserWarning: Epoch 909/15000 10/12  loss: 0.8612  time 1.77s
  warnings.warn(
/home/karimimonsefi.1/SSL_VAN/BTCV/trainer.py:54: UserWarning: Epoch 909/15000 11/12  loss: 0.8610  time 1.76s
  warnings.warn(
/home/karimimonsefi.1/SSL_VAN/BTCV/trainer.py:154: UserWarning: Final training  909/14999  loss: 0.8610  time 23.64s
  warnings.warn("Final training  {}/{}  loss: {:.4f}  time {:.2f}s".format(epoch, args.max_epochs - 1,
/home/karimimonsefi.1/SSL_VAN/BTCV/trainer.py:103: UserWarning: Val 909/15000 0/3  acc 0.2460107058286667  time 9.06s
  warnings.warn("Val {}/{} {}/{}  acc {}  time {:.2f}s".format(epoch, args.max_epochs, idx, len(loader),
/home/karimimonsefi.1/SSL_VAN/BTCV/trainer.py:103: UserWarning: Val 909/15000 1/3  acc 0.26010775566101074  time 8.72s
  warnings.warn("Val {}/{} {}/{}  acc {}  time {:.2f}s".format(epoch, args.max_epochs, idx, len(loader),
/home/karimimonsefi.1/SSL_VAN/BTCV/trainer.py:103: UserWarning: Val 909/15000 2/3  acc 0.3229771554470062  time 6.96s
  warnings.warn("Val {}/{} {}/{}  acc {}  time {:.2f}s".format(epoch, args.max_epochs, idx, len(loader),
/home/karimimonsefi.1/SSL_VAN/BTCV/trainer.py:178: UserWarning: Final validation  909/14999  acc: 0.3230  time 24.76s
  warnings.warn("Final validation  {}/{}  acc: {:.4f}  time {:.2f}s".format(epoch, args.max_epochs - 1,
/home/karimimonsefi.1/SSL_VAN/BTCV/trainer.py:148: UserWarning: 0  Mon Jun 12 20:47:51 2023  Epoch: 910
  warnings.warn(f"{args.rank}  {time.ctime()}  Epoch: {epoch}")
/home/karimimonsefi.1/SSL_VAN/BTCV/trainer.py:148: UserWarning: 1  Mon Jun 12 20:47:51 2023  Epoch: 910
  warnings.warn(f"{args.rank}  {time.ctime()}  Epoch: {epoch}")
/home/karimimonsefi.1/SSL_VAN/BTCV/trainer.py:54: UserWarning: Epoch 910/15000 0/12  loss: 0.9112  time 6.56s
  warnings.warn(
/home/karimimonsefi.1/SSL_VAN/BTCV/trainer.py:54: UserWarning: Epoch 910/15000 1/12  loss: 0.9674  time 1.76s
  warnings.warn(
/home/karimimonsefi.1/SSL_VAN/BTCV/trainer.py:54: UserWarning: Epoch 910/15000 2/12  loss: 0.9295  time 1.76s
  warnings.warn(
/home/karimimonsefi.1/SSL_VAN/BTCV/trainer.py:54: UserWarning: Epoch 910/15000 3/12  loss: 0.9245  time 1.76s
  warnings.warn(
/home/karimimonsefi.1/SSL_VAN/BTCV/trainer.py:54: UserWarning: Epoch 910/15000 4/12  loss: 0.9090  time 1.76s
  warnings.warn(
/home/karimimonsefi.1/SSL_VAN/BTCV/trainer.py:54: UserWarning: Epoch 910/15000 5/12  loss: 0.8955  time 1.76s
  warnings.warn(
/home/karimimonsefi.1/SSL_VAN/BTCV/trainer.py:54: UserWarning: Epoch 910/15000 6/12  loss: 0.8895  time 1.76s
  warnings.warn(
/home/karimimonsefi.1/SSL_VAN/BTCV/trainer.py:54: UserWarning: Epoch 910/15000 7/12  loss: 0.8810  time 1.75s
  warnings.warn(
/home/karimimonsefi.1/SSL_VAN/BTCV/trainer.py:54: UserWarning: Epoch 910/15000 8/12  loss: 0.8728  time 1.77s
  warnings.warn(
/home/karimimonsefi.1/SSL_VAN/BTCV/trainer.py:54: UserWarning: Epoch 910/15000 9/12  loss: 0.8747  time 1.76s
  warnings.warn(
/home/karimimonsefi.1/SSL_VAN/BTCV/trainer.py:54: UserWarning: Epoch 910/15000 10/12  loss: 0.8735  time 1.75s
  warnings.warn(
/home/karimimonsefi.1/SSL_VAN/BTCV/trainer.py:54: UserWarning: Epoch 910/15000 11/12  loss: 0.8781  time 1.77s
  warnings.warn(
/home/karimimonsefi.1/SSL_VAN/BTCV/trainer.py:154: UserWarning: Final training  910/14999  loss: 0.8781  time 25.97s
  warnings.warn("Final training  {}/{}  loss: {:.4f}  time {:.2f}s".format(epoch, args.max_epochs - 1,
/home/karimimonsefi.1/SSL_VAN/BTCV/trainer.py:103: UserWarning: Val 910/15000 0/3  acc 0.38936424255371094  time 9.05s
  warnings.warn("Val {}/{} {}/{}  acc {}  time {:.2f}s".format(epoch, args.max_epochs, idx, len(loader),
/home/karimimonsefi.1/SSL_VAN/BTCV/trainer.py:103: UserWarning: Val 910/15000 1/3  acc 0.36379408836364746  time 8.71s
  warnings.warn("Val {}/{} {}/{}  acc {}  time {:.2f}s".format(epoch, args.max_epochs, idx, len(loader),
/home/karimimonsefi.1/SSL_VAN/BTCV/trainer.py:103: UserWarning: Val 910/15000 2/3  acc 0.39264705777168274  time 6.95s
  warnings.warn("Val {}/{} {}/{}  acc {}  time {:.2f}s".format(epoch, args.max_epochs, idx, len(loader),
/home/karimimonsefi.1/SSL_VAN/BTCV/trainer.py:178: UserWarning: Final validation  910/14999  acc: 0.3926  time 24.73s
  warnings.warn("Final validation  {}/{}  acc: {:.4f}  time {:.2f}s".format(epoch, args.max_epochs - 1,
/home/karimimonsefi.1/SSL_VAN/BTCV/trainer.py:148: UserWarning: 0  Mon Jun 12 20:48:49 2023  Epoch: 911
  warnings.warn(f"{args.rank}  {time.ctime()}  Epoch: {epoch}")
/home/karimimonsefi.1/SSL_VAN/BTCV/trainer.py:148: UserWarning: 1  Mon Jun 12 20:48:49 2023  Epoch: 911
  warnings.warn(f"{args.rank}  {time.ctime()}  Epoch: {epoch}")
/home/karimimonsefi.1/SSL_VAN/BTCV/trainer.py:54: UserWarning: Epoch 911/15000 0/12  loss: 0.9118  time 5.23s
  warnings.warn(
/home/karimimonsefi.1/SSL_VAN/BTCV/trainer.py:54: UserWarning: Epoch 911/15000 1/12  loss: 0.8625  time 1.75s
  warnings.warn(
/home/karimimonsefi.1/SSL_VAN/BTCV/trainer.py:54: UserWarning: Epoch 911/15000 2/12  loss: 0.8708  time 1.77s
  warnings.warn(
/home/karimimonsefi.1/SSL_VAN/BTCV/trainer.py:54: UserWarning: Epoch 911/15000 3/12  loss: 0.8747  time 1.76s
  warnings.warn(
/home/karimimonsefi.1/SSL_VAN/BTCV/trainer.py:54: UserWarning: Epoch 911/15000 4/12  loss: 0.8646  time 1.76s
  warnings.warn(
/home/karimimonsefi.1/SSL_VAN/BTCV/trainer.py:54: UserWarning: Epoch 911/15000 5/12  loss: 0.8702  time 1.76s
  warnings.warn(
/home/karimimonsefi.1/SSL_VAN/BTCV/trainer.py:54: UserWarning: Epoch 911/15000 6/12  loss: 0.8801  time 1.76s
  warnings.warn(
/home/karimimonsefi.1/SSL_VAN/BTCV/trainer.py:54: UserWarning: Epoch 911/15000 7/12  loss: 0.8823  time 1.87s
  warnings.warn(
/home/karimimonsefi.1/SSL_VAN/BTCV/trainer.py:54: UserWarning: Epoch 911/15000 8/12  loss: 0.8785  time 1.76s
  warnings.warn(
/home/karimimonsefi.1/SSL_VAN/BTCV/trainer.py:54: UserWarning: Epoch 911/15000 9/12  loss: 0.8801  time 1.76s
  warnings.warn(
/home/karimimonsefi.1/SSL_VAN/BTCV/trainer.py:54: UserWarning: Epoch 911/15000 10/12  loss: 0.8770  time 1.76s
  warnings.warn(
/home/karimimonsefi.1/SSL_VAN/BTCV/trainer.py:54: UserWarning: Epoch 911/15000 11/12  loss: 0.8946  time 1.76s
  warnings.warn(
/home/karimimonsefi.1/SSL_VAN/BTCV/trainer.py:154: UserWarning: Final training  911/14999  loss: 0.8946  time 24.74s
  warnings.warn("Final training  {}/{}  loss: {:.4f}  time {:.2f}s".format(epoch, args.max_epochs - 1,
/home/karimimonsefi.1/SSL_VAN/BTCV/trainer.py:103: UserWarning: Val 911/15000 0/3  acc 0.4012588560581207  time 9.05s
  warnings.warn("Val {}/{} {}/{}  acc {}  time {:.2f}s".format(epoch, args.max_epochs, idx, len(loader),
/home/karimimonsefi.1/SSL_VAN/BTCV/trainer.py:103: UserWarning: Val 911/15000 1/3  acc 0.38342827558517456  time 8.73s
  warnings.warn("Val {}/{} {}/{}  acc {}  time {:.2f}s".format(epoch, args.max_epochs, idx, len(loader),
/home/karimimonsefi.1/SSL_VAN/BTCV/trainer.py:103: UserWarning: Val 911/15000 2/3  acc 0.4034673869609833  time 6.97s
  warnings.warn("Val {}/{} {}/{}  acc {}  time {:.2f}s".format(epoch, args.max_epochs, idx, len(loader),
/home/karimimonsefi.1/SSL_VAN/BTCV/trainer.py:178: UserWarning: Final validation  911/14999  acc: 0.4035  time 24.77s
  warnings.warn("Final validation  {}/{}  acc: {:.4f}  time {:.2f}s".format(epoch, args.max_epochs - 1,
/home/karimimonsefi.1/SSL_VAN/BTCV/trainer.py:148: UserWarning: 0  Mon Jun 12 20:49:45 2023  Epoch: 912
  warnings.warn(f"{args.rank}  {time.ctime()}  Epoch: {epoch}")
/home/karimimonsefi.1/SSL_VAN/BTCV/trainer.py:148: UserWarning: 1  Mon Jun 12 20:49:45 2023  Epoch: 912
  warnings.warn(f"{args.rank}  {time.ctime()}  Epoch: {epoch}")
/home/karimimonsefi.1/SSL_VAN/BTCV/trainer.py:54: UserWarning: Epoch 912/15000 0/12  loss: 0.8211  time 4.12s
  warnings.warn(
/home/karimimonsefi.1/SSL_VAN/BTCV/trainer.py:54: UserWarning: Epoch 912/15000 1/12  loss: 0.8803  time 1.80s
  warnings.warn(
/home/karimimonsefi.1/SSL_VAN/BTCV/trainer.py:54: UserWarning: Epoch 912/15000 2/12  loss: 0.8759  time 1.76s
  warnings.warn(
/home/karimimonsefi.1/SSL_VAN/BTCV/trainer.py:54: UserWarning: Epoch 912/15000 3/12  loss: 0.8835  time 1.76s
  warnings.warn(
/home/karimimonsefi.1/SSL_VAN/BTCV/trainer.py:54: UserWarning: Epoch 912/15000 4/12  loss: 0.8747  time 1.77s
  warnings.warn(
/home/karimimonsefi.1/SSL_VAN/BTCV/trainer.py:54: UserWarning: Epoch 912/15000 5/12  loss: 0.8778  time 1.75s
  warnings.warn(
/home/karimimonsefi.1/SSL_VAN/BTCV/trainer.py:54: UserWarning: Epoch 912/15000 6/12  loss: 0.8894  time 1.76s
  warnings.warn(
/home/karimimonsefi.1/SSL_VAN/BTCV/trainer.py:54: UserWarning: Epoch 912/15000 7/12  loss: 0.8897  time 1.77s
  warnings.warn(
/home/karimimonsefi.1/SSL_VAN/BTCV/trainer.py:54: UserWarning: Epoch 912/15000 8/12  loss: 0.8877  time 1.76s
  warnings.warn(
/home/karimimonsefi.1/SSL_VAN/BTCV/trainer.py:54: UserWarning: Epoch 912/15000 9/12  loss: 0.8887  time 1.76s
  warnings.warn(
/home/karimimonsefi.1/SSL_VAN/BTCV/trainer.py:54: UserWarning: Epoch 912/15000 10/12  loss: 0.8809  time 1.75s
  warnings.warn(
/home/karimimonsefi.1/SSL_VAN/BTCV/trainer.py:54: UserWarning: Epoch 912/15000 11/12  loss: 0.8837  time 1.77s
  warnings.warn(
/home/karimimonsefi.1/SSL_VAN/BTCV/trainer.py:154: UserWarning: Final training  912/14999  loss: 0.8837  time 23.58s
  warnings.warn("Final training  {}/{}  loss: {:.4f}  time {:.2f}s".format(epoch, args.max_epochs - 1,
/home/karimimonsefi.1/SSL_VAN/BTCV/trainer.py:103: UserWarning: Val 912/15000 0/3  acc 0.236867755651474  time 9.02s
  warnings.warn("Val {}/{} {}/{}  acc {}  time {:.2f}s".format(epoch, args.max_epochs, idx, len(loader),
/home/karimimonsefi.1/SSL_VAN/BTCV/trainer.py:103: UserWarning: Val 912/15000 1/3  acc 0.26896190643310547  time 8.73s
  warnings.warn("Val {}/{} {}/{}  acc {}  time {:.2f}s".format(epoch, args.max_epochs, idx, len(loader),
/home/karimimonsefi.1/SSL_VAN/BTCV/trainer.py:103: UserWarning: Val 912/15000 2/3  acc 0.27031567692756653  time 6.97s
  warnings.warn("Val {}/{} {}/{}  acc {}  time {:.2f}s".format(epoch, args.max_epochs, idx, len(loader),
/home/karimimonsefi.1/SSL_VAN/BTCV/trainer.py:178: UserWarning: Final validation  912/14999  acc: 0.2703  time 24.73s
  warnings.warn("Final validation  {}/{}  acc: {:.4f}  time {:.2f}s".format(epoch, args.max_epochs - 1,
/home/karimimonsefi.1/SSL_VAN/BTCV/trainer.py:148: UserWarning: 0  Mon Jun 12 20:50:40 2023  Epoch: 913
  warnings.warn(f"{args.rank}  {time.ctime()}  Epoch: {epoch}")
/home/karimimonsefi.1/SSL_VAN/BTCV/trainer.py:148: UserWarning: 1  Mon Jun 12 20:50:40 2023  Epoch: 913
  warnings.warn(f"{args.rank}  {time.ctime()}  Epoch: {epoch}")
/home/karimimonsefi.1/SSL_VAN/BTCV/trainer.py:54: UserWarning: Epoch 913/15000 0/12  loss: 0.8256  time 5.00s
  warnings.warn(
/home/karimimonsefi.1/SSL_VAN/BTCV/trainer.py:54: UserWarning: Epoch 913/15000 1/12  loss: 0.8376  time 1.76s
  warnings.warn(
/home/karimimonsefi.1/SSL_VAN/BTCV/trainer.py:54: UserWarning: Epoch 913/15000 2/12  loss: 0.8211  time 1.76s
  warnings.warn(
/home/karimimonsefi.1/SSL_VAN/BTCV/trainer.py:54: UserWarning: Epoch 913/15000 3/12  loss: 0.8240  time 1.75s
  warnings.warn(
/home/karimimonsefi.1/SSL_VAN/BTCV/trainer.py:54: UserWarning: Epoch 913/15000 4/12  loss: 0.8287  time 1.76s
  warnings.warn(
/home/karimimonsefi.1/SSL_VAN/BTCV/trainer.py:54: UserWarning: Epoch 913/15000 5/12  loss: 0.8414  time 1.76s
  warnings.warn(
/home/karimimonsefi.1/SSL_VAN/BTCV/trainer.py:54: UserWarning: Epoch 913/15000 6/12  loss: 0.8510  time 1.75s
  warnings.warn(
/home/karimimonsefi.1/SSL_VAN/BTCV/trainer.py:54: UserWarning: Epoch 913/15000 7/12  loss: 0.8637  time 1.76s
  warnings.warn(
/home/karimimonsefi.1/SSL_VAN/BTCV/trainer.py:54: UserWarning: Epoch 913/15000 8/12  loss: 0.8668  time 1.76s
  warnings.warn(
/home/karimimonsefi.1/SSL_VAN/BTCV/trainer.py:54: UserWarning: Epoch 913/15000 9/12  loss: 0.8700  time 1.76s
  warnings.warn(
/home/karimimonsefi.1/SSL_VAN/BTCV/trainer.py:54: UserWarning: Epoch 913/15000 10/12  loss: 0.8811  time 1.75s
  warnings.warn(
/home/karimimonsefi.1/SSL_VAN/BTCV/trainer.py:54: UserWarning: Epoch 913/15000 11/12  loss: 0.8799  time 1.76s
  warnings.warn(
/home/karimimonsefi.1/SSL_VAN/BTCV/trainer.py:154: UserWarning: Final training  913/14999  loss: 0.8799  time 24.39s
  warnings.warn("Final training  {}/{}  loss: {:.4f}  time {:.2f}s".format(epoch, args.max_epochs - 1,
/home/karimimonsefi.1/SSL_VAN/BTCV/trainer.py:103: UserWarning: Val 913/15000 0/3  acc 0.23181375861167908  time 9.05s
  warnings.warn("Val {}/{} {}/{}  acc {}  time {:.2f}s".format(epoch, args.max_epochs, idx, len(loader),
/home/karimimonsefi.1/SSL_VAN/BTCV/trainer.py:103: UserWarning: Val 913/15000 1/3  acc 0.2673385739326477  time 8.71s
  warnings.warn("Val {}/{} {}/{}  acc {}  time {:.2f}s".format(epoch, args.max_epochs, idx, len(loader),
/home/karimimonsefi.1/SSL_VAN/BTCV/trainer.py:103: UserWarning: Val 913/15000 2/3  acc 0.27280524373054504  time 6.98s
  warnings.warn("Val {}/{} {}/{}  acc {}  time {:.2f}s".format(epoch, args.max_epochs, idx, len(loader),
/home/karimimonsefi.1/SSL_VAN/BTCV/trainer.py:178: UserWarning: Final validation  913/14999  acc: 0.2728  time 24.76s
  warnings.warn("Final validation  {}/{}  acc: {:.4f}  time {:.2f}s".format(epoch, args.max_epochs - 1,
/home/karimimonsefi.1/SSL_VAN/BTCV/trainer.py:148: UserWarning: 0  Mon Jun 12 20:51:36 2023  Epoch: 914
  warnings.warn(f"{args.rank}  {time.ctime()}  Epoch: {epoch}")
/home/karimimonsefi.1/SSL_VAN/BTCV/trainer.py:148: UserWarning: 1  Mon Jun 12 20:51:36 2023  Epoch: 914
  warnings.warn(f"{args.rank}  {time.ctime()}  Epoch: {epoch}")
/home/karimimonsefi.1/SSL_VAN/BTCV/trainer.py:54: UserWarning: Epoch 914/15000 0/12  loss: 0.8631  time 5.00s
  warnings.warn(
/home/karimimonsefi.1/SSL_VAN/BTCV/trainer.py:54: UserWarning: Epoch 914/15000 1/12  loss: 0.8680  time 1.80s
  warnings.warn(
/home/karimimonsefi.1/SSL_VAN/BTCV/trainer.py:54: UserWarning: Epoch 914/15000 2/12  loss: 0.8684  time 1.77s
  warnings.warn(
/home/karimimonsefi.1/SSL_VAN/BTCV/trainer.py:54: UserWarning: Epoch 914/15000 3/12  loss: 0.8796  time 1.76s
  warnings.warn(
/home/karimimonsefi.1/SSL_VAN/BTCV/trainer.py:54: UserWarning: Epoch 914/15000 4/12  loss: 0.8896  time 1.76s
  warnings.warn(
/home/karimimonsefi.1/SSL_VAN/BTCV/trainer.py:54: UserWarning: Epoch 914/15000 5/12  loss: 0.8788  time 1.76s
  warnings.warn(
/home/karimimonsefi.1/SSL_VAN/BTCV/trainer.py:54: UserWarning: Epoch 914/15000 6/12  loss: 0.8768  time 1.77s
  warnings.warn(
/home/karimimonsefi.1/SSL_VAN/BTCV/trainer.py:54: UserWarning: Epoch 914/15000 7/12  loss: 0.8721  time 1.77s
  warnings.warn(
/home/karimimonsefi.1/SSL_VAN/BTCV/trainer.py:54: UserWarning: Epoch 914/15000 8/12  loss: 0.8705  time 1.76s
  warnings.warn(
/home/karimimonsefi.1/SSL_VAN/BTCV/trainer.py:54: UserWarning: Epoch 914/15000 9/12  loss: 0.8662  time 1.76s
  warnings.warn(
/home/karimimonsefi.1/SSL_VAN/BTCV/trainer.py:54: UserWarning: Epoch 914/15000 10/12  loss: 0.8712  time 1.77s
  warnings.warn(
/home/karimimonsefi.1/SSL_VAN/BTCV/trainer.py:54: UserWarning: Epoch 914/15000 11/12  loss: 0.8705  time 1.76s
  warnings.warn(
/home/karimimonsefi.1/SSL_VAN/BTCV/trainer.py:154: UserWarning: Final training  914/14999  loss: 0.8705  time 24.48s
  warnings.warn("Final training  {}/{}  loss: {:.4f}  time {:.2f}s".format(epoch, args.max_epochs - 1,
/home/karimimonsefi.1/SSL_VAN/BTCV/trainer.py:103: UserWarning: Val 914/15000 0/3  acc 0.26179441809654236  time 9.06s
  warnings.warn("Val {}/{} {}/{}  acc {}  time {:.2f}s".format(epoch, args.max_epochs, idx, len(loader),
/home/karimimonsefi.1/SSL_VAN/BTCV/trainer.py:103: UserWarning: Val 914/15000 1/3  acc 0.2869097590446472  time 8.72s
  warnings.warn("Val {}/{} {}/{}  acc {}  time {:.2f}s".format(epoch, args.max_epochs, idx, len(loader),
/home/karimimonsefi.1/SSL_VAN/BTCV/trainer.py:103: UserWarning: Val 914/15000 2/3  acc 0.2825647294521332  time 6.97s
  warnings.warn("Val {}/{} {}/{}  acc {}  time {:.2f}s".format(epoch, args.max_epochs, idx, len(loader),
/home/karimimonsefi.1/SSL_VAN/BTCV/trainer.py:178: UserWarning: Final validation  914/14999  acc: 0.2826  time 24.76s
  warnings.warn("Final validation  {}/{}  acc: {:.4f}  time {:.2f}s".format(epoch, args.max_epochs - 1,
/home/karimimonsefi.1/SSL_VAN/BTCV/trainer.py:148: UserWarning: 0  Mon Jun 12 20:52:33 2023  Epoch: 915
  warnings.warn(f"{args.rank}  {time.ctime()}  Epoch: {epoch}")
/home/karimimonsefi.1/SSL_VAN/BTCV/trainer.py:148: UserWarning: 1  Mon Jun 12 20:52:33 2023  Epoch: 915
  warnings.warn(f"{args.rank}  {time.ctime()}  Epoch: {epoch}")
/home/karimimonsefi.1/SSL_VAN/BTCV/trainer.py:54: UserWarning: Epoch 915/15000 0/12  loss: 0.8074  time 4.68s
  warnings.warn(
/home/karimimonsefi.1/SSL_VAN/BTCV/trainer.py:54: UserWarning: Epoch 915/15000 1/12  loss: 0.8215  time 1.77s
  warnings.warn(
/home/karimimonsefi.1/SSL_VAN/BTCV/trainer.py:54: UserWarning: Epoch 915/15000 2/12  loss: 0.8571  time 1.78s
  warnings.warn(
/home/karimimonsefi.1/SSL_VAN/BTCV/trainer.py:54: UserWarning: Epoch 915/15000 3/12  loss: 0.8631  time 1.76s
  warnings.warn(
/home/karimimonsefi.1/SSL_VAN/BTCV/trainer.py:54: UserWarning: Epoch 915/15000 4/12  loss: 0.8692  time 1.77s
  warnings.warn(
/home/karimimonsefi.1/SSL_VAN/BTCV/trainer.py:54: UserWarning: Epoch 915/15000 5/12  loss: 0.8684  time 1.76s
  warnings.warn(
/home/karimimonsefi.1/SSL_VAN/BTCV/trainer.py:54: UserWarning: Epoch 915/15000 6/12  loss: 0.8757  time 1.76s
  warnings.warn(
/home/karimimonsefi.1/SSL_VAN/BTCV/trainer.py:54: UserWarning: Epoch 915/15000 7/12  loss: 0.8686  time 1.76s
  warnings.warn(
/home/karimimonsefi.1/SSL_VAN/BTCV/trainer.py:54: UserWarning: Epoch 915/15000 8/12  loss: 0.8697  time 1.77s
  warnings.warn(
/home/karimimonsefi.1/SSL_VAN/BTCV/trainer.py:54: UserWarning: Epoch 915/15000 9/12  loss: 0.8690  time 1.76s
  warnings.warn(
/home/karimimonsefi.1/SSL_VAN/BTCV/trainer.py:54: UserWarning: Epoch 915/15000 10/12  loss: 0.8705  time 1.76s
  warnings.warn(
/home/karimimonsefi.1/SSL_VAN/BTCV/trainer.py:54: UserWarning: Epoch 915/15000 11/12  loss: 0.8653  time 1.76s
  warnings.warn(
/home/karimimonsefi.1/SSL_VAN/BTCV/trainer.py:154: UserWarning: Final training  915/14999  loss: 0.8653  time 24.16s
  warnings.warn("Final training  {}/{}  loss: {:.4f}  time {:.2f}s".format(epoch, args.max_epochs - 1,
/home/karimimonsefi.1/SSL_VAN/BTCV/trainer.py:103: UserWarning: Val 915/15000 0/3  acc 0.2762455940246582  time 9.00s
  warnings.warn("Val {}/{} {}/{}  acc {}  time {:.2f}s".format(epoch, args.max_epochs, idx, len(loader),
/home/karimimonsefi.1/SSL_VAN/BTCV/trainer.py:103: UserWarning: Val 915/15000 1/3  acc 0.29975271224975586  time 8.72s
  warnings.warn("Val {}/{} {}/{}  acc {}  time {:.2f}s".format(epoch, args.max_epochs, idx, len(loader),
/home/karimimonsefi.1/SSL_VAN/BTCV/trainer.py:103: UserWarning: Val 915/15000 2/3  acc 0.31666266918182373  time 6.97s
  warnings.warn("Val {}/{} {}/{}  acc {}  time {:.2f}s".format(epoch, args.max_epochs, idx, len(loader),
/home/karimimonsefi.1/SSL_VAN/BTCV/trainer.py:178: UserWarning: Final validation  915/14999  acc: 0.3167  time 24.71s
  warnings.warn("Final validation  {}/{}  acc: {:.4f}  time {:.2f}s".format(epoch, args.max_epochs - 1,
/home/karimimonsefi.1/SSL_VAN/BTCV/trainer.py:148: UserWarning: 0  Mon Jun 12 20:53:28 2023  Epoch: 916
  warnings.warn(f"{args.rank}  {time.ctime()}  Epoch: {epoch}")
/home/karimimonsefi.1/SSL_VAN/BTCV/trainer.py:148: UserWarning: 1  Mon Jun 12 20:53:28 2023  Epoch: 916
  warnings.warn(f"{args.rank}  {time.ctime()}  Epoch: {epoch}")
/home/karimimonsefi.1/SSL_VAN/BTCV/trainer.py:54: UserWarning: Epoch 916/15000 0/12  loss: 0.9360  time 4.59s
  warnings.warn(
/home/karimimonsefi.1/SSL_VAN/BTCV/trainer.py:54: UserWarning: Epoch 916/15000 1/12  loss: 0.9252  time 1.80s
  warnings.warn(
/home/karimimonsefi.1/SSL_VAN/BTCV/trainer.py:54: UserWarning: Epoch 916/15000 2/12  loss: 0.8746  time 1.76s
  warnings.warn(
/home/karimimonsefi.1/SSL_VAN/BTCV/trainer.py:54: UserWarning: Epoch 916/15000 3/12  loss: 0.8562  time 1.75s
  warnings.warn(
/home/karimimonsefi.1/SSL_VAN/BTCV/trainer.py:54: UserWarning: Epoch 916/15000 4/12  loss: 0.8553  time 1.76s
  warnings.warn(
/home/karimimonsefi.1/SSL_VAN/BTCV/trainer.py:54: UserWarning: Epoch 916/15000 5/12  loss: 0.8667  time 1.77s
  warnings.warn(
/home/karimimonsefi.1/SSL_VAN/BTCV/trainer.py:54: UserWarning: Epoch 916/15000 6/12  loss: 0.8587  time 1.76s
  warnings.warn(
/home/karimimonsefi.1/SSL_VAN/BTCV/trainer.py:54: UserWarning: Epoch 916/15000 7/12  loss: 0.8631  time 1.77s
  warnings.warn(
/home/karimimonsefi.1/SSL_VAN/BTCV/trainer.py:54: UserWarning: Epoch 916/15000 8/12  loss: 0.8596  time 1.76s
  warnings.warn(
/home/karimimonsefi.1/SSL_VAN/BTCV/trainer.py:54: UserWarning: Epoch 916/15000 9/12  loss: 0.8582  time 1.76s
  warnings.warn(
/home/karimimonsefi.1/SSL_VAN/BTCV/trainer.py:54: UserWarning: Epoch 916/15000 10/12  loss: 0.8639  time 1.76s
  warnings.warn(
/home/karimimonsefi.1/SSL_VAN/BTCV/trainer.py:54: UserWarning: Epoch 916/15000 11/12  loss: 0.8593  time 1.75s
  warnings.warn(
/home/karimimonsefi.1/SSL_VAN/BTCV/trainer.py:154: UserWarning: Final training  916/14999  loss: 0.8593  time 24.04s
  warnings.warn("Final training  {}/{}  loss: {:.4f}  time {:.2f}s".format(epoch, args.max_epochs - 1,
/home/karimimonsefi.1/SSL_VAN/BTCV/trainer.py:103: UserWarning: Val 916/15000 0/3  acc 0.2755914032459259  time 9.06s
  warnings.warn("Val {}/{} {}/{}  acc {}  time {:.2f}s".format(epoch, args.max_epochs, idx, len(loader),
/home/karimimonsefi.1/SSL_VAN/BTCV/trainer.py:103: UserWarning: Val 916/15000 1/3  acc 0.30122214555740356  time 8.72s
  warnings.warn("Val {}/{} {}/{}  acc {}  time {:.2f}s".format(epoch, args.max_epochs, idx, len(loader),
/home/karimimonsefi.1/SSL_VAN/BTCV/trainer.py:103: UserWarning: Val 916/15000 2/3  acc 0.32151034474372864  time 6.94s
  warnings.warn("Val {}/{} {}/{}  acc {}  time {:.2f}s".format(epoch, args.max_epochs, idx, len(loader),
/home/karimimonsefi.1/SSL_VAN/BTCV/trainer.py:178: UserWarning: Final validation  916/14999  acc: 0.3215  time 24.74s
  warnings.warn("Final validation  {}/{}  acc: {:.4f}  time {:.2f}s".format(epoch, args.max_epochs - 1,
/home/karimimonsefi.1/SSL_VAN/BTCV/trainer.py:148: UserWarning: 0  Mon Jun 12 20:54:24 2023  Epoch: 917
  warnings.warn(f"{args.rank}  {time.ctime()}  Epoch: {epoch}")
/home/karimimonsefi.1/SSL_VAN/BTCV/trainer.py:148: UserWarning: 1  Mon Jun 12 20:54:24 2023  Epoch: 917
  warnings.warn(f"{args.rank}  {time.ctime()}  Epoch: {epoch}")
/home/karimimonsefi.1/SSL_VAN/BTCV/trainer.py:54: UserWarning: Epoch 917/15000 0/12  loss: 0.8570  time 5.27s
  warnings.warn(
/home/karimimonsefi.1/SSL_VAN/BTCV/trainer.py:54: UserWarning: Epoch 917/15000 1/12  loss: 0.8556  time 1.84s
  warnings.warn(
/home/karimimonsefi.1/SSL_VAN/BTCV/trainer.py:54: UserWarning: Epoch 917/15000 2/12  loss: 0.8550  time 1.84s
  warnings.warn(
/home/karimimonsefi.1/SSL_VAN/BTCV/trainer.py:54: UserWarning: Epoch 917/15000 3/12  loss: 0.8664  time 1.84s
  warnings.warn(
/home/karimimonsefi.1/SSL_VAN/BTCV/trainer.py:54: UserWarning: Epoch 917/15000 4/12  loss: 0.8444  time 1.84s
  warnings.warn(
/home/karimimonsefi.1/SSL_VAN/BTCV/trainer.py:54: UserWarning: Epoch 917/15000 5/12  loss: 0.8471  time 1.79s
  warnings.warn(
/home/karimimonsefi.1/SSL_VAN/BTCV/trainer.py:54: UserWarning: Epoch 917/15000 6/12  loss: 0.8518  time 1.77s
  warnings.warn(
/home/karimimonsefi.1/SSL_VAN/BTCV/trainer.py:54: UserWarning: Epoch 917/15000 7/12  loss: 0.8581  time 1.76s
  warnings.warn(
/home/karimimonsefi.1/SSL_VAN/BTCV/trainer.py:54: UserWarning: Epoch 917/15000 8/12  loss: 0.8564  time 1.77s
  warnings.warn(
/home/karimimonsefi.1/SSL_VAN/BTCV/trainer.py:54: UserWarning: Epoch 917/15000 9/12  loss: 0.8709  time 1.76s
  warnings.warn(
/home/karimimonsefi.1/SSL_VAN/BTCV/trainer.py:54: UserWarning: Epoch 917/15000 10/12  loss: 0.8710  time 1.76s
  warnings.warn(
/home/karimimonsefi.1/SSL_VAN/BTCV/trainer.py:54: UserWarning: Epoch 917/15000 11/12  loss: 0.8702  time 1.75s
  warnings.warn(
/home/karimimonsefi.1/SSL_VAN/BTCV/trainer.py:154: UserWarning: Final training  917/14999  loss: 0.8702  time 25.03s
  warnings.warn("Final training  {}/{}  loss: {:.4f}  time {:.2f}s".format(epoch, args.max_epochs - 1,
/home/karimimonsefi.1/SSL_VAN/BTCV/trainer.py:103: UserWarning: Val 917/15000 0/3  acc 0.31291836500167847  time 9.02s
  warnings.warn("Val {}/{} {}/{}  acc {}  time {:.2f}s".format(epoch, args.max_epochs, idx, len(loader),
/home/karimimonsefi.1/SSL_VAN/BTCV/trainer.py:103: UserWarning: Val 917/15000 1/3  acc 0.34367096424102783  time 8.72s
  warnings.warn("Val {}/{} {}/{}  acc {}  time {:.2f}s".format(epoch, args.max_epochs, idx, len(loader),
/home/karimimonsefi.1/SSL_VAN/BTCV/trainer.py:103: UserWarning: Val 917/15000 2/3  acc 0.3540949821472168  time 6.96s
  warnings.warn("Val {}/{} {}/{}  acc {}  time {:.2f}s".format(epoch, args.max_epochs, idx, len(loader),
/home/karimimonsefi.1/SSL_VAN/BTCV/trainer.py:178: UserWarning: Final validation  917/14999  acc: 0.3541  time 24.71s
  warnings.warn("Final validation  {}/{}  acc: {:.4f}  time {:.2f}s".format(epoch, args.max_epochs - 1,
/home/karimimonsefi.1/SSL_VAN/BTCV/trainer.py:148: UserWarning: 0  Mon Jun 12 20:55:21 2023  Epoch: 918
  warnings.warn(f"{args.rank}  {time.ctime()}  Epoch: {epoch}")
/home/karimimonsefi.1/SSL_VAN/BTCV/trainer.py:148: UserWarning: 1  Mon Jun 12 20:55:21 2023  Epoch: 918
  warnings.warn(f"{args.rank}  {time.ctime()}  Epoch: {epoch}")
/home/karimimonsefi.1/SSL_VAN/BTCV/trainer.py:54: UserWarning: Epoch 918/15000 0/12  loss: 0.8878  time 4.75s
  warnings.warn(
/home/karimimonsefi.1/SSL_VAN/BTCV/trainer.py:54: UserWarning: Epoch 918/15000 1/12  loss: 0.8815  time 1.78s
  warnings.warn(
/home/karimimonsefi.1/SSL_VAN/BTCV/trainer.py:54: UserWarning: Epoch 918/15000 2/12  loss: 0.8999  time 1.75s
  warnings.warn(
/home/karimimonsefi.1/SSL_VAN/BTCV/trainer.py:54: UserWarning: Epoch 918/15000 3/12  loss: 0.8728  time 1.76s
  warnings.warn(
/home/karimimonsefi.1/SSL_VAN/BTCV/trainer.py:54: UserWarning: Epoch 918/15000 4/12  loss: 0.8981  time 1.75s
  warnings.warn(
/home/karimimonsefi.1/SSL_VAN/BTCV/trainer.py:54: UserWarning: Epoch 918/15000 5/12  loss: 0.8890  time 1.75s
  warnings.warn(
/home/karimimonsefi.1/SSL_VAN/BTCV/trainer.py:54: UserWarning: Epoch 918/15000 6/12  loss: 0.8891  time 1.75s
  warnings.warn(
/home/karimimonsefi.1/SSL_VAN/BTCV/trainer.py:54: UserWarning: Epoch 918/15000 7/12  loss: 0.8902  time 1.75s
  warnings.warn(
/home/karimimonsefi.1/SSL_VAN/BTCV/trainer.py:54: UserWarning: Epoch 918/15000 8/12  loss: 0.8903  time 1.75s
  warnings.warn(
/home/karimimonsefi.1/SSL_VAN/BTCV/trainer.py:54: UserWarning: Epoch 918/15000 9/12  loss: 0.8831  time 1.75s
  warnings.warn(
/home/karimimonsefi.1/SSL_VAN/BTCV/trainer.py:54: UserWarning: Epoch 918/15000 10/12  loss: 0.8796  time 1.75s
  warnings.warn(
/home/karimimonsefi.1/SSL_VAN/BTCV/trainer.py:54: UserWarning: Epoch 918/15000 11/12  loss: 0.8813  time 1.75s
  warnings.warn(
/home/karimimonsefi.1/SSL_VAN/BTCV/trainer.py:154: UserWarning: Final training  918/14999  loss: 0.8813  time 24.08s
  warnings.warn("Final training  {}/{}  loss: {:.4f}  time {:.2f}s".format(epoch, args.max_epochs - 1,
/home/karimimonsefi.1/SSL_VAN/BTCV/trainer.py:103: UserWarning: Val 918/15000 0/3  acc 0.2738279402256012  time 9.01s
  warnings.warn("Val {}/{} {}/{}  acc {}  time {:.2f}s".format(epoch, args.max_epochs, idx, len(loader),
/home/karimimonsefi.1/SSL_VAN/BTCV/trainer.py:103: UserWarning: Val 918/15000 1/3  acc 0.2949173152446747  time 8.71s
  warnings.warn("Val {}/{} {}/{}  acc {}  time {:.2f}s".format(epoch, args.max_epochs, idx, len(loader),
/home/karimimonsefi.1/SSL_VAN/BTCV/trainer.py:103: UserWarning: Val 918/15000 2/3  acc 0.30264243483543396  time 6.96s
  warnings.warn("Val {}/{} {}/{}  acc {}  time {:.2f}s".format(epoch, args.max_epochs, idx, len(loader),
/home/karimimonsefi.1/SSL_VAN/BTCV/trainer.py:178: UserWarning: Final validation  918/14999  acc: 0.3026  time 24.70s
  warnings.warn("Final validation  {}/{}  acc: {:.4f}  time {:.2f}s".format(epoch, args.max_epochs - 1,
/home/karimimonsefi.1/SSL_VAN/BTCV/trainer.py:148: UserWarning: 0  Mon Jun 12 20:56:17 2023  Epoch: 919
  warnings.warn(f"{args.rank}  {time.ctime()}  Epoch: {epoch}")
/home/karimimonsefi.1/SSL_VAN/BTCV/trainer.py:148: UserWarning: 1  Mon Jun 12 20:56:17 2023  Epoch: 919
  warnings.warn(f"{args.rank}  {time.ctime()}  Epoch: {epoch}")
/home/karimimonsefi.1/SSL_VAN/BTCV/trainer.py:54: UserWarning: Epoch 919/15000 0/12  loss: 0.8326  time 4.11s
  warnings.warn(
/home/karimimonsefi.1/SSL_VAN/BTCV/trainer.py:54: UserWarning: Epoch 919/15000 1/12  loss: 0.8199  time 1.78s
  warnings.warn(
/home/karimimonsefi.1/SSL_VAN/BTCV/trainer.py:54: UserWarning: Epoch 919/15000 2/12  loss: 0.8537  time 1.75s
  warnings.warn(
/home/karimimonsefi.1/SSL_VAN/BTCV/trainer.py:54: UserWarning: Epoch 919/15000 3/12  loss: 0.8494  time 1.75s
  warnings.warn(
/home/karimimonsefi.1/SSL_VAN/BTCV/trainer.py:54: UserWarning: Epoch 919/15000 4/12  loss: 0.8797  time 1.87s
  warnings.warn(
/home/karimimonsefi.1/SSL_VAN/BTCV/trainer.py:54: UserWarning: Epoch 919/15000 5/12  loss: 0.8754  time 1.75s
  warnings.warn(
/home/karimimonsefi.1/SSL_VAN/BTCV/trainer.py:54: UserWarning: Epoch 919/15000 6/12  loss: 0.8670  time 1.74s
  warnings.warn(
/home/karimimonsefi.1/SSL_VAN/BTCV/trainer.py:54: UserWarning: Epoch 919/15000 7/12  loss: 0.8696  time 1.75s
  warnings.warn(
/home/karimimonsefi.1/SSL_VAN/BTCV/trainer.py:54: UserWarning: Epoch 919/15000 8/12  loss: 0.8744  time 1.75s
  warnings.warn(
/home/karimimonsefi.1/SSL_VAN/BTCV/trainer.py:54: UserWarning: Epoch 919/15000 9/12  loss: 0.8689  time 1.87s
  warnings.warn(
/home/karimimonsefi.1/SSL_VAN/BTCV/trainer.py:54: UserWarning: Epoch 919/15000 10/12  loss: 0.8701  time 1.75s
  warnings.warn(
/home/karimimonsefi.1/SSL_VAN/BTCV/trainer.py:54: UserWarning: Epoch 919/15000 11/12  loss: 0.8660  time 1.75s
  warnings.warn(
/home/karimimonsefi.1/SSL_VAN/BTCV/trainer.py:154: UserWarning: Final training  919/14999  loss: 0.8660  time 23.67s
  warnings.warn("Final training  {}/{}  loss: {:.4f}  time {:.2f}s".format(epoch, args.max_epochs - 1,
/home/karimimonsefi.1/SSL_VAN/BTCV/trainer.py:103: UserWarning: Val 919/15000 0/3  acc 0.36545825004577637  time 9.06s
  warnings.warn("Val {}/{} {}/{}  acc {}  time {:.2f}s".format(epoch, args.max_epochs, idx, len(loader),
/home/karimimonsefi.1/SSL_VAN/BTCV/trainer.py:103: UserWarning: Val 919/15000 1/3  acc 0.3545181155204773  time 8.72s
  warnings.warn("Val {}/{} {}/{}  acc {}  time {:.2f}s".format(epoch, args.max_epochs, idx, len(loader),
/home/karimimonsefi.1/SSL_VAN/BTCV/trainer.py:103: UserWarning: Val 919/15000 2/3  acc 0.3410327732563019  time 6.96s
  warnings.warn("Val {}/{} {}/{}  acc {}  time {:.2f}s".format(epoch, args.max_epochs, idx, len(loader),
/home/karimimonsefi.1/SSL_VAN/BTCV/trainer.py:178: UserWarning: Final validation  919/14999  acc: 0.3410  time 24.76s
  warnings.warn("Final validation  {}/{}  acc: {:.4f}  time {:.2f}s".format(epoch, args.max_epochs - 1,
/home/karimimonsefi.1/SSL_VAN/BTCV/trainer.py:148: UserWarning: 0  Mon Jun 12 20:57:12 2023  Epoch: 920
  warnings.warn(f"{args.rank}  {time.ctime()}  Epoch: {epoch}")
/home/karimimonsefi.1/SSL_VAN/BTCV/trainer.py:148: UserWarning: 1  Mon Jun 12 20:57:12 2023  Epoch: 920
  warnings.warn(f"{args.rank}  {time.ctime()}  Epoch: {epoch}")
/home/karimimonsefi.1/SSL_VAN/BTCV/trainer.py:54: UserWarning: Epoch 920/15000 0/12  loss: 0.8799  time 4.60s
  warnings.warn(
/home/karimimonsefi.1/SSL_VAN/BTCV/trainer.py:54: UserWarning: Epoch 920/15000 1/12  loss: 0.8410  time 1.82s
  warnings.warn(
/home/karimimonsefi.1/SSL_VAN/BTCV/trainer.py:54: UserWarning: Epoch 920/15000 2/12  loss: 0.8655  time 1.76s
  warnings.warn(
/home/karimimonsefi.1/SSL_VAN/BTCV/trainer.py:54: UserWarning: Epoch 920/15000 3/12  loss: 0.8562  time 1.76s
  warnings.warn(
/home/karimimonsefi.1/SSL_VAN/BTCV/trainer.py:54: UserWarning: Epoch 920/15000 4/12  loss: 0.8639  time 1.76s
  warnings.warn(
/home/karimimonsefi.1/SSL_VAN/BTCV/trainer.py:54: UserWarning: Epoch 920/15000 5/12  loss: 0.8678  time 1.76s
  warnings.warn(
/home/karimimonsefi.1/SSL_VAN/BTCV/trainer.py:54: UserWarning: Epoch 920/15000 6/12  loss: 0.8643  time 1.75s
  warnings.warn(
/home/karimimonsefi.1/SSL_VAN/BTCV/trainer.py:54: UserWarning: Epoch 920/15000 7/12  loss: 0.8628  time 1.75s
  warnings.warn(
/home/karimimonsefi.1/SSL_VAN/BTCV/trainer.py:54: UserWarning: Epoch 920/15000 8/12  loss: 0.8601  time 1.76s
  warnings.warn(
/home/karimimonsefi.1/SSL_VAN/BTCV/trainer.py:54: UserWarning: Epoch 920/15000 9/12  loss: 0.8620  time 1.76s
  warnings.warn(
/home/karimimonsefi.1/SSL_VAN/BTCV/trainer.py:54: UserWarning: Epoch 920/15000 10/12  loss: 0.8569  time 1.75s
  warnings.warn(
/home/karimimonsefi.1/SSL_VAN/BTCV/trainer.py:54: UserWarning: Epoch 920/15000 11/12  loss: 0.8595  time 1.75s
  warnings.warn(
/home/karimimonsefi.1/SSL_VAN/BTCV/trainer.py:154: UserWarning: Final training  920/14999  loss: 0.8595  time 24.04s
  warnings.warn("Final training  {}/{}  loss: {:.4f}  time {:.2f}s".format(epoch, args.max_epochs - 1,
/home/karimimonsefi.1/SSL_VAN/BTCV/trainer.py:103: UserWarning: Val 920/15000 0/3  acc 0.25999629497528076  time 9.04s
  warnings.warn("Val {}/{} {}/{}  acc {}  time {:.2f}s".format(epoch, args.max_epochs, idx, len(loader),
/home/karimimonsefi.1/SSL_VAN/BTCV/trainer.py:103: UserWarning: Val 920/15000 1/3  acc 0.2804533839225769  time 8.73s
  warnings.warn("Val {}/{} {}/{}  acc {}  time {:.2f}s".format(epoch, args.max_epochs, idx, len(loader),
/home/karimimonsefi.1/SSL_VAN/BTCV/trainer.py:103: UserWarning: Val 920/15000 2/3  acc 0.2903965413570404  time 6.97s
  warnings.warn("Val {}/{} {}/{}  acc {}  time {:.2f}s".format(epoch, args.max_epochs, idx, len(loader),
/home/karimimonsefi.1/SSL_VAN/BTCV/trainer.py:178: UserWarning: Final validation  920/14999  acc: 0.2904  time 24.76s
  warnings.warn("Final validation  {}/{}  acc: {:.4f}  time {:.2f}s".format(epoch, args.max_epochs - 1,
/home/karimimonsefi.1/SSL_VAN/BTCV/trainer.py:148: UserWarning: 0  Mon Jun 12 20:58:08 2023  Epoch: 921
  warnings.warn(f"{args.rank}  {time.ctime()}  Epoch: {epoch}")
/home/karimimonsefi.1/SSL_VAN/BTCV/trainer.py:148: UserWarning: 1  Mon Jun 12 20:58:08 2023  Epoch: 921
  warnings.warn(f"{args.rank}  {time.ctime()}  Epoch: {epoch}")
/home/karimimonsefi.1/SSL_VAN/BTCV/trainer.py:54: UserWarning: Epoch 921/15000 0/12  loss: 0.8288  time 4.43s
  warnings.warn(
/home/karimimonsefi.1/SSL_VAN/BTCV/trainer.py:54: UserWarning: Epoch 921/15000 1/12  loss: 0.8337  time 1.81s
  warnings.warn(
/home/karimimonsefi.1/SSL_VAN/BTCV/trainer.py:54: UserWarning: Epoch 921/15000 2/12  loss: 0.8428  time 1.82s
  warnings.warn(
/home/karimimonsefi.1/SSL_VAN/BTCV/trainer.py:54: UserWarning: Epoch 921/15000 3/12  loss: 0.8497  time 1.78s
  warnings.warn(
/home/karimimonsefi.1/SSL_VAN/BTCV/trainer.py:54: UserWarning: Epoch 921/15000 4/12  loss: 0.8817  time 1.76s
  warnings.warn(
/home/karimimonsefi.1/SSL_VAN/BTCV/trainer.py:54: UserWarning: Epoch 921/15000 5/12  loss: 0.8754  time 1.76s
  warnings.warn(
/home/karimimonsefi.1/SSL_VAN/BTCV/trainer.py:54: UserWarning: Epoch 921/15000 6/12  loss: 0.8730  time 1.75s
  warnings.warn(
/home/karimimonsefi.1/SSL_VAN/BTCV/trainer.py:54: UserWarning: Epoch 921/15000 7/12  loss: 0.8731  time 1.75s
  warnings.warn(
/home/karimimonsefi.1/SSL_VAN/BTCV/trainer.py:54: UserWarning: Epoch 921/15000 8/12  loss: 0.8728  time 1.76s
  warnings.warn(
/home/karimimonsefi.1/SSL_VAN/BTCV/trainer.py:54: UserWarning: Epoch 921/15000 9/12  loss: 0.8787  time 1.75s
  warnings.warn(
/home/karimimonsefi.1/SSL_VAN/BTCV/trainer.py:54: UserWarning: Epoch 921/15000 10/12  loss: 0.8779  time 1.75s
  warnings.warn(
/home/karimimonsefi.1/SSL_VAN/BTCV/trainer.py:54: UserWarning: Epoch 921/15000 11/12  loss: 0.8781  time 1.76s
  warnings.warn(
/home/karimimonsefi.1/SSL_VAN/BTCV/trainer.py:154: UserWarning: Final training  921/14999  loss: 0.8781  time 23.92s
  warnings.warn("Final training  {}/{}  loss: {:.4f}  time {:.2f}s".format(epoch, args.max_epochs - 1,
/home/karimimonsefi.1/SSL_VAN/BTCV/trainer.py:103: UserWarning: Val 921/15000 0/3  acc 0.2487034797668457  time 9.01s
  warnings.warn("Val {}/{} {}/{}  acc {}  time {:.2f}s".format(epoch, args.max_epochs, idx, len(loader),
/home/karimimonsefi.1/SSL_VAN/BTCV/trainer.py:103: UserWarning: Val 921/15000 1/3  acc 0.2811092138290405  time 8.73s
  warnings.warn("Val {}/{} {}/{}  acc {}  time {:.2f}s".format(epoch, args.max_epochs, idx, len(loader),
/home/karimimonsefi.1/SSL_VAN/BTCV/trainer.py:103: UserWarning: Val 921/15000 2/3  acc 0.2709324061870575  time 6.96s
  warnings.warn("Val {}/{} {}/{}  acc {}  time {:.2f}s".format(epoch, args.max_epochs, idx, len(loader),
/home/karimimonsefi.1/SSL_VAN/BTCV/trainer.py:178: UserWarning: Final validation  921/14999  acc: 0.2709  time 24.72s
  warnings.warn("Final validation  {}/{}  acc: {:.4f}  time {:.2f}s".format(epoch, args.max_epochs - 1,
/home/karimimonsefi.1/SSL_VAN/BTCV/trainer.py:148: UserWarning: 0  Mon Jun 12 20:59:03 2023  Epoch: 922
  warnings.warn(f"{args.rank}  {time.ctime()}  Epoch: {epoch}")
/home/karimimonsefi.1/SSL_VAN/BTCV/trainer.py:148: UserWarning: 1  Mon Jun 12 20:59:03 2023  Epoch: 922
  warnings.warn(f"{args.rank}  {time.ctime()}  Epoch: {epoch}")
/home/karimimonsefi.1/SSL_VAN/BTCV/trainer.py:54: UserWarning: Epoch 922/15000 0/12  loss: 0.8395  time 4.86s
  warnings.warn(
/home/karimimonsefi.1/SSL_VAN/BTCV/trainer.py:54: UserWarning: Epoch 922/15000 1/12  loss: 0.8314  time 1.79s
  warnings.warn(
/home/karimimonsefi.1/SSL_VAN/BTCV/trainer.py:54: UserWarning: Epoch 922/15000 2/12  loss: 0.8279  time 1.76s
  warnings.warn(
/home/karimimonsefi.1/SSL_VAN/BTCV/trainer.py:54: UserWarning: Epoch 922/15000 3/12  loss: 0.8295  time 1.77s
  warnings.warn(
/home/karimimonsefi.1/SSL_VAN/BTCV/trainer.py:54: UserWarning: Epoch 922/15000 4/12  loss: 0.8322  time 1.77s
  warnings.warn(
/home/karimimonsefi.1/SSL_VAN/BTCV/trainer.py:54: UserWarning: Epoch 922/15000 5/12  loss: 0.8363  time 1.75s
  warnings.warn(
/home/karimimonsefi.1/SSL_VAN/BTCV/trainer.py:54: UserWarning: Epoch 922/15000 6/12  loss: 0.8553  time 1.88s
  warnings.warn(
/home/karimimonsefi.1/SSL_VAN/BTCV/trainer.py:54: UserWarning: Epoch 922/15000 7/12  loss: 0.8517  time 1.76s
  warnings.warn(
/home/karimimonsefi.1/SSL_VAN/BTCV/trainer.py:54: UserWarning: Epoch 922/15000 8/12  loss: 0.8483  time 1.76s
  warnings.warn(
/home/karimimonsefi.1/SSL_VAN/BTCV/trainer.py:54: UserWarning: Epoch 922/15000 9/12  loss: 0.8563  time 1.76s
  warnings.warn(
/home/karimimonsefi.1/SSL_VAN/BTCV/trainer.py:54: UserWarning: Epoch 922/15000 10/12  loss: 0.8607  time 1.77s
  warnings.warn(
/home/karimimonsefi.1/SSL_VAN/BTCV/trainer.py:54: UserWarning: Epoch 922/15000 11/12  loss: 0.8657  time 1.76s
  warnings.warn(
/home/karimimonsefi.1/SSL_VAN/BTCV/trainer.py:154: UserWarning: Final training  922/14999  loss: 0.8657  time 24.44s
  warnings.warn("Final training  {}/{}  loss: {:.4f}  time {:.2f}s".format(epoch, args.max_epochs - 1,
/home/karimimonsefi.1/SSL_VAN/BTCV/trainer.py:103: UserWarning: Val 922/15000 0/3  acc 0.281704306602478  time 9.06s
  warnings.warn("Val {}/{} {}/{}  acc {}  time {:.2f}s".format(epoch, args.max_epochs, idx, len(loader),
/home/karimimonsefi.1/SSL_VAN/BTCV/trainer.py:103: UserWarning: Val 922/15000 1/3  acc 0.29731494188308716  time 8.73s
  warnings.warn("Val {}/{} {}/{}  acc {}  time {:.2f}s".format(epoch, args.max_epochs, idx, len(loader),
/home/karimimonsefi.1/SSL_VAN/BTCV/trainer.py:103: UserWarning: Val 922/15000 2/3  acc 0.32157018780708313  time 6.97s
  warnings.warn("Val {}/{} {}/{}  acc {}  time {:.2f}s".format(epoch, args.max_epochs, idx, len(loader),
/home/karimimonsefi.1/SSL_VAN/BTCV/trainer.py:178: UserWarning: Final validation  922/14999  acc: 0.3216  time 24.78s
  warnings.warn("Final validation  {}/{}  acc: {:.4f}  time {:.2f}s".format(epoch, args.max_epochs - 1,
/home/karimimonsefi.1/SSL_VAN/BTCV/trainer.py:148: UserWarning: 0  Mon Jun 12 21:00:00 2023  Epoch: 923
  warnings.warn(f"{args.rank}  {time.ctime()}  Epoch: {epoch}")
/home/karimimonsefi.1/SSL_VAN/BTCV/trainer.py:148: UserWarning: 1  Mon Jun 12 21:00:00 2023  Epoch: 923
  warnings.warn(f"{args.rank}  {time.ctime()}  Epoch: {epoch}")
/home/karimimonsefi.1/SSL_VAN/BTCV/trainer.py:54: UserWarning: Epoch 923/15000 0/12  loss: 0.8315  time 5.18s
  warnings.warn(
/home/karimimonsefi.1/SSL_VAN/BTCV/trainer.py:54: UserWarning: Epoch 923/15000 1/12  loss: 0.8274  time 1.79s
  warnings.warn(
/home/karimimonsefi.1/SSL_VAN/BTCV/trainer.py:54: UserWarning: Epoch 923/15000 2/12  loss: 0.8441  time 1.78s
  warnings.warn(
/home/karimimonsefi.1/SSL_VAN/BTCV/trainer.py:54: UserWarning: Epoch 923/15000 3/12  loss: 0.8449  time 1.79s
  warnings.warn(
/home/karimimonsefi.1/SSL_VAN/BTCV/trainer.py:54: UserWarning: Epoch 923/15000 4/12  loss: 0.8528  time 1.78s
  warnings.warn(
/home/karimimonsefi.1/SSL_VAN/BTCV/trainer.py:54: UserWarning: Epoch 923/15000 5/12  loss: 0.8535  time 1.76s
  warnings.warn(
/home/karimimonsefi.1/SSL_VAN/BTCV/trainer.py:54: UserWarning: Epoch 923/15000 6/12  loss: 0.8883  time 1.76s
  warnings.warn(
/home/karimimonsefi.1/SSL_VAN/BTCV/trainer.py:54: UserWarning: Epoch 923/15000 7/12  loss: 0.8865  time 1.75s
  warnings.warn(
/home/karimimonsefi.1/SSL_VAN/BTCV/trainer.py:54: UserWarning: Epoch 923/15000 8/12  loss: 0.8781  time 1.76s
  warnings.warn(
/home/karimimonsefi.1/SSL_VAN/BTCV/trainer.py:54: UserWarning: Epoch 923/15000 9/12  loss: 0.8737  time 1.77s
  warnings.warn(
/home/karimimonsefi.1/SSL_VAN/BTCV/trainer.py:54: UserWarning: Epoch 923/15000 10/12  loss: 0.8815  time 1.76s
  warnings.warn(
/home/karimimonsefi.1/SSL_VAN/BTCV/trainer.py:54: UserWarning: Epoch 923/15000 11/12  loss: 0.8838  time 1.76s
  warnings.warn(
/home/karimimonsefi.1/SSL_VAN/BTCV/trainer.py:154: UserWarning: Final training  923/14999  loss: 0.8838  time 24.71s
  warnings.warn("Final training  {}/{}  loss: {:.4f}  time {:.2f}s".format(epoch, args.max_epochs - 1,
/home/karimimonsefi.1/SSL_VAN/BTCV/trainer.py:103: UserWarning: Val 923/15000 0/3  acc 0.2787677049636841  time 9.03s
  warnings.warn("Val {}/{} {}/{}  acc {}  time {:.2f}s".format(epoch, args.max_epochs, idx, len(loader),
/home/karimimonsefi.1/SSL_VAN/BTCV/trainer.py:103: UserWarning: Val 923/15000 1/3  acc 0.3050284683704376  time 8.73s
  warnings.warn("Val {}/{} {}/{}  acc {}  time {:.2f}s".format(epoch, args.max_epochs, idx, len(loader),
/home/karimimonsefi.1/SSL_VAN/BTCV/trainer.py:103: UserWarning: Val 923/15000 2/3  acc 0.3034950792789459  time 6.97s
  warnings.warn("Val {}/{} {}/{}  acc {}  time {:.2f}s".format(epoch, args.max_epochs, idx, len(loader),
/home/karimimonsefi.1/SSL_VAN/BTCV/trainer.py:178: UserWarning: Final validation  923/14999  acc: 0.3035  time 24.75s
  warnings.warn("Final validation  {}/{}  acc: {:.4f}  time {:.2f}s".format(epoch, args.max_epochs - 1,
/home/karimimonsefi.1/SSL_VAN/BTCV/trainer.py:148: UserWarning: 0  Mon Jun 12 21:00:56 2023  Epoch: 924
  warnings.warn(f"{args.rank}  {time.ctime()}  Epoch: {epoch}")
/home/karimimonsefi.1/SSL_VAN/BTCV/trainer.py:148: UserWarning: 1  Mon Jun 12 21:00:56 2023  Epoch: 924
  warnings.warn(f"{args.rank}  {time.ctime()}  Epoch: {epoch}")
/home/karimimonsefi.1/SSL_VAN/BTCV/trainer.py:54: UserWarning: Epoch 924/15000 0/12  loss: 0.7964  time 4.28s
  warnings.warn(
/home/karimimonsefi.1/SSL_VAN/BTCV/trainer.py:54: UserWarning: Epoch 924/15000 1/12  loss: 0.8324  time 1.78s
  warnings.warn(
/home/karimimonsefi.1/SSL_VAN/BTCV/trainer.py:54: UserWarning: Epoch 924/15000 2/12  loss: 0.8615  time 1.76s
  warnings.warn(
/home/karimimonsefi.1/SSL_VAN/BTCV/trainer.py:54: UserWarning: Epoch 924/15000 3/12  loss: 0.8560  time 1.75s
  warnings.warn(
/home/karimimonsefi.1/SSL_VAN/BTCV/trainer.py:54: UserWarning: Epoch 924/15000 4/12  loss: 0.8572  time 1.76s
  warnings.warn(
/home/karimimonsefi.1/SSL_VAN/BTCV/trainer.py:54: UserWarning: Epoch 924/15000 5/12  loss: 0.8444  time 1.77s
  warnings.warn(
/home/karimimonsefi.1/SSL_VAN/BTCV/trainer.py:54: UserWarning: Epoch 924/15000 6/12  loss: 0.8521  time 1.76s
  warnings.warn(
/home/karimimonsefi.1/SSL_VAN/BTCV/trainer.py:54: UserWarning: Epoch 924/15000 7/12  loss: 0.8574  time 1.76s
  warnings.warn(
/home/karimimonsefi.1/SSL_VAN/BTCV/trainer.py:54: UserWarning: Epoch 924/15000 8/12  loss: 0.8585  time 1.77s
  warnings.warn(
/home/karimimonsefi.1/SSL_VAN/BTCV/trainer.py:54: UserWarning: Epoch 924/15000 9/12  loss: 0.8692  time 1.76s
  warnings.warn(
/home/karimimonsefi.1/SSL_VAN/BTCV/trainer.py:54: UserWarning: Epoch 924/15000 10/12  loss: 0.8686  time 1.76s
  warnings.warn(
/home/karimimonsefi.1/SSL_VAN/BTCV/trainer.py:54: UserWarning: Epoch 924/15000 11/12  loss: 0.8657  time 1.76s
  warnings.warn(
/home/karimimonsefi.1/SSL_VAN/BTCV/trainer.py:154: UserWarning: Final training  924/14999  loss: 0.8657  time 23.72s
  warnings.warn("Final training  {}/{}  loss: {:.4f}  time {:.2f}s".format(epoch, args.max_epochs - 1,
/home/karimimonsefi.1/SSL_VAN/BTCV/trainer.py:103: UserWarning: Val 924/15000 0/3  acc 0.2421235889196396  time 9.10s
  warnings.warn("Val {}/{} {}/{}  acc {}  time {:.2f}s".format(epoch, args.max_epochs, idx, len(loader),
/home/karimimonsefi.1/SSL_VAN/BTCV/trainer.py:103: UserWarning: Val 924/15000 1/3  acc 0.2891882061958313  time 8.73s
  warnings.warn("Val {}/{} {}/{}  acc {}  time {:.2f}s".format(epoch, args.max_epochs, idx, len(loader),
/home/karimimonsefi.1/SSL_VAN/BTCV/trainer.py:103: UserWarning: Val 924/15000 2/3  acc 0.289958119392395  time 6.97s
  warnings.warn("Val {}/{} {}/{}  acc {}  time {:.2f}s".format(epoch, args.max_epochs, idx, len(loader),
/home/karimimonsefi.1/SSL_VAN/BTCV/trainer.py:178: UserWarning: Final validation  924/14999  acc: 0.2900  time 24.81s
  warnings.warn("Final validation  {}/{}  acc: {:.4f}  time {:.2f}s".format(epoch, args.max_epochs - 1,
/home/karimimonsefi.1/SSL_VAN/BTCV/trainer.py:148: UserWarning: 0  Mon Jun 12 21:01:51 2023  Epoch: 925
  warnings.warn(f"{args.rank}  {time.ctime()}  Epoch: {epoch}")
/home/karimimonsefi.1/SSL_VAN/BTCV/trainer.py:148: UserWarning: 1  Mon Jun 12 21:01:51 2023  Epoch: 925
  warnings.warn(f"{args.rank}  {time.ctime()}  Epoch: {epoch}")
/home/karimimonsefi.1/SSL_VAN/BTCV/trainer.py:54: UserWarning: Epoch 925/15000 0/12  loss: 1.0374  time 5.27s
  warnings.warn(
/home/karimimonsefi.1/SSL_VAN/BTCV/trainer.py:54: UserWarning: Epoch 925/15000 1/12  loss: 0.9201  time 1.91s
  warnings.warn(
/home/karimimonsefi.1/SSL_VAN/BTCV/trainer.py:54: UserWarning: Epoch 925/15000 2/12  loss: 0.9035  time 1.97s
  warnings.warn(
/home/karimimonsefi.1/SSL_VAN/BTCV/trainer.py:54: UserWarning: Epoch 925/15000 3/12  loss: 0.8915  time 2.12s
  warnings.warn(
/home/karimimonsefi.1/SSL_VAN/BTCV/trainer.py:54: UserWarning: Epoch 925/15000 4/12  loss: 0.8813  time 1.76s
  warnings.warn(
/home/karimimonsefi.1/SSL_VAN/BTCV/trainer.py:54: UserWarning: Epoch 925/15000 5/12  loss: 0.8903  time 1.76s
  warnings.warn(
/home/karimimonsefi.1/SSL_VAN/BTCV/trainer.py:54: UserWarning: Epoch 925/15000 6/12  loss: 0.8824  time 1.75s
  warnings.warn(
/home/karimimonsefi.1/SSL_VAN/BTCV/trainer.py:54: UserWarning: Epoch 925/15000 7/12  loss: 0.8785  time 1.76s
  warnings.warn(
/home/karimimonsefi.1/SSL_VAN/BTCV/trainer.py:54: UserWarning: Epoch 925/15000 8/12  loss: 0.8794  time 1.76s
  warnings.warn(
/home/karimimonsefi.1/SSL_VAN/BTCV/trainer.py:54: UserWarning: Epoch 925/15000 9/12  loss: 0.8717  time 1.75s
  warnings.warn(
/home/karimimonsefi.1/SSL_VAN/BTCV/trainer.py:54: UserWarning: Epoch 925/15000 10/12  loss: 0.8676  time 1.76s
  warnings.warn(
