/var/spool/slurmd/job45676/slurm_script: line 11: cd: SSL_VAN: No such file or directory

----------------------------------------------------------------------------
  cuda:
----------------------------------------------------------------------------
     Versions:
        cuda/10.2
        cuda/11.0
        cuda/11.2
        cuda/11.3
        cuda/11.4
        cuda/11.5
        cuda/11.6
        cuda/12.0

----------------------------------------------------------------------------
  For detailed information about a specific "cuda" package (including how to load the modules) use the module's full name.
  Note that names that have a trailing (E) are extensions provided by other modules.
  For example:

     $ module spider cuda/12.0
----------------------------------------------------------------------------

 


CommandNotFoundError: Your shell has not been properly configured to use 'conda activate'.
To initialize your shell, run

    $ conda init <SHELL_NAME>

Currently supported shells are:
  - bash
  - fish
  - tcsh
  - xonsh
  - zsh
  - powershell

See 'conda init --help' for more information and options.

IMPORTANT: You may need to close and restart your shell after running 'conda init'.


/home/karimimonsefi.1/miniconda3/lib/python3.9/site-packages/mmcv/__init__.py:20: UserWarning: On January 1, 2023, MMCV will release v2.0.0, in which it will remove components related to the training process and add a data transformation module. In addition, it will rename the package names mmcv to mmcv-lite and mmcv-full to mmcv. See https://github.com/open-mmlab/mmcv/blob/master/docs/en/compatibility.md for more details.
  warnings.warn(
/home/karimimonsefi.1/SSL_VAN/BRATS21/main.py:98: UserWarning: Found total gpus 2
  warnings.warn("Found total gpus {}".format(args.ngpus_per_node))
/home/karimimonsefi.1/miniconda3/lib/python3.9/site-packages/mmcv/__init__.py:20: UserWarning: On January 1, 2023, MMCV will release v2.0.0, in which it will remove components related to the training process and add a data transformation module. In addition, it will rename the package names mmcv to mmcv-lite and mmcv-full to mmcv. See https://github.com/open-mmlab/mmcv/blob/master/docs/en/compatibility.md for more details.
  warnings.warn(
/home/karimimonsefi.1/miniconda3/lib/python3.9/site-packages/mmcv/__init__.py:20: UserWarning: On January 1, 2023, MMCV will release v2.0.0, in which it will remove components related to the training process and add a data transformation module. In addition, it will rename the package names mmcv to mmcv-lite and mmcv-full to mmcv. See https://github.com/open-mmlab/mmcv/blob/master/docs/en/compatibility.md for more details.
  warnings.warn(
/home/karimimonsefi.1/miniconda3/lib/python3.9/site-packages/monai/transforms/post/dictionary.py:196: UserWarning: `threshold_values=True/False` is deprecated, please use `threshold=value` instead.
  warnings.warn("`threshold_values=True/False` is deprecated, please use `threshold=value` instead.")
/home/karimimonsefi.1/SSL_VAN/BRATS21/main.py:122: UserWarning: 0 gpu 0
  warnings.warn(f"{args.rank} gpu {args.gpu}")
/home/karimimonsefi.1/SSL_VAN/BRATS21/main.py:124: UserWarning: Batch size is: 2 epochs 15000
  warnings.warn(f"Batch size is: {args.batch_size} epochs {args.max_epochs}")
/home/karimimonsefi.1/miniconda3/lib/python3.9/site-packages/monai/transforms/post/dictionary.py:196: UserWarning: `threshold_values=True/False` is deprecated, please use `threshold=value` instead.
  warnings.warn("`threshold_values=True/False` is deprecated, please use `threshold=value` instead.")
/home/karimimonsefi.1/SSL_VAN/BRATS21/main.py:122: UserWarning: 1 gpu 1
  warnings.warn(f"{args.rank} gpu {args.gpu}")
/home/karimimonsefi.1/SSL_VAN/BRATS21/main.py:187: UserWarning: Total parameters count 228941175
  warnings.warn(f"Total parameters count {pytorch_total_params}")
/home/karimimonsefi.1/SSL_VAN/BRATS21/main.py:190: UserWarning: Total args.checkpoint False
  warnings.warn(f"Total args.checkpoint {args.checkpoint}")
/home/karimimonsefi.1/SSL_VAN/BRATS21/main.py:197: UserWarning:  Best url model is 96-192-384-768_6-6-90-6_8-8-4-4_deconv_inferer__best.pt, final model url is 96-192-384-768_6-6-90-6_8-8-4-4_deconv_inferer__final.pt
  warnings.warn(f" Best url model is {args.best_model_url}, final model url is {args.final_model_url}")
/home/karimimonsefi.1/SSL_VAN/BRATS21/main.py:187: UserWarning: Total parameters count 228941175
  warnings.warn(f"Total parameters count {pytorch_total_params}")
/home/karimimonsefi.1/SSL_VAN/BRATS21/main.py:190: UserWarning: Total args.checkpoint False
  warnings.warn(f"Total args.checkpoint {args.checkpoint}")
/home/karimimonsefi.1/SSL_VAN/BRATS21/main.py:197: UserWarning:  Best url model is 96-192-384-768_6-6-90-6_8-8-4-4_deconv_inferer__best.pt, final model url is 96-192-384-768_6-6-90-6_8-8-4-4_deconv_inferer__final.pt
  warnings.warn(f" Best url model is {args.best_model_url}, final model url is {args.final_model_url}")
/home/karimimonsefi.1/SSL_VAN/BRATS21/trainer.py:134: UserWarning: Writing Tensorboard logs to ./runs/BraTS21/test_log
  warnings.warn(f"Writing Tensorboard logs to {args.logdir}")
/home/karimimonsefi.1/SSL_VAN/BRATS21/trainer.py:142: UserWarning: 0  Sat Apr 22 10:30:28 2023  Epoch: 0
  warnings.warn(f"{args.rank}  {time.ctime()}  Epoch: {epoch}")
/home/karimimonsefi.1/SSL_VAN/BRATS21/trainer.py:142: UserWarning: 1  Sat Apr 22 10:30:28 2023  Epoch: 0
  warnings.warn(f"{args.rank}  {time.ctime()}  Epoch: {epoch}")
/home/karimimonsefi.1/SSL_VAN/BRATS21/trainer.py:55: UserWarning: Epoch 0/15000 0/250  loss: 1.8830  time 10.11s
  warnings.warn(
/home/karimimonsefi.1/SSL_VAN/BRATS21/trainer.py:55: UserWarning: Epoch 0/15000 1/250  loss: 1.8948  time 1.33s
  warnings.warn(
/home/karimimonsefi.1/SSL_VAN/BRATS21/trainer.py:55: UserWarning: Epoch 0/15000 2/250  loss: 1.8909  time 1.31s
  warnings.warn(
/home/karimimonsefi.1/SSL_VAN/BRATS21/trainer.py:55: UserWarning: Epoch 0/15000 3/250  loss: 1.8898  time 1.35s
  warnings.warn(
/home/karimimonsefi.1/SSL_VAN/BRATS21/trainer.py:55: UserWarning: Epoch 0/15000 4/250  loss: 1.8854  time 1.35s
  warnings.warn(
/home/karimimonsefi.1/SSL_VAN/BRATS21/trainer.py:55: UserWarning: Epoch 0/15000 5/250  loss: 1.8893  time 1.35s
  warnings.warn(
/home/karimimonsefi.1/SSL_VAN/BRATS21/trainer.py:55: UserWarning: Epoch 0/15000 6/250  loss: 1.8880  time 1.33s
  warnings.warn(
/home/karimimonsefi.1/SSL_VAN/BRATS21/trainer.py:55: UserWarning: Epoch 0/15000 7/250  loss: 1.8902  time 1.36s
  warnings.warn(
/home/karimimonsefi.1/SSL_VAN/BRATS21/trainer.py:55: UserWarning: Epoch 0/15000 8/250  loss: 1.8900  time 1.29s
  warnings.warn(
/home/karimimonsefi.1/SSL_VAN/BRATS21/trainer.py:55: UserWarning: Epoch 0/15000 9/250  loss: 1.8906  time 1.34s
  warnings.warn(
/home/karimimonsefi.1/SSL_VAN/BRATS21/trainer.py:55: UserWarning: Epoch 0/15000 10/250  loss: 1.8926  time 1.35s
  warnings.warn(
/home/karimimonsefi.1/SSL_VAN/BRATS21/trainer.py:55: UserWarning: Epoch 0/15000 11/250  loss: 1.8924  time 1.34s
  warnings.warn(
/home/karimimonsefi.1/SSL_VAN/BRATS21/trainer.py:55: UserWarning: Epoch 0/15000 12/250  loss: 1.8934  time 1.33s
  warnings.warn(
/home/karimimonsefi.1/SSL_VAN/BRATS21/trainer.py:55: UserWarning: Epoch 0/15000 13/250  loss: 1.8934  time 1.34s
  warnings.warn(
/home/karimimonsefi.1/SSL_VAN/BRATS21/trainer.py:55: UserWarning: Epoch 0/15000 14/250  loss: 1.8934  time 1.33s
  warnings.warn(
/home/karimimonsefi.1/SSL_VAN/BRATS21/trainer.py:55: UserWarning: Epoch 0/15000 15/250  loss: 1.8940  time 1.41s
  warnings.warn(
/home/karimimonsefi.1/SSL_VAN/BRATS21/trainer.py:55: UserWarning: Epoch 0/15000 16/250  loss: 1.8937  time 1.45s
  warnings.warn(
/home/karimimonsefi.1/SSL_VAN/BRATS21/trainer.py:55: UserWarning: Epoch 0/15000 17/250  loss: 1.8931  time 1.34s
  warnings.warn(
/home/karimimonsefi.1/SSL_VAN/BRATS21/trainer.py:55: UserWarning: Epoch 0/15000 18/250  loss: 1.8928  time 1.31s
  warnings.warn(
/home/karimimonsefi.1/SSL_VAN/BRATS21/trainer.py:55: UserWarning: Epoch 0/15000 19/250  loss: 1.8919  time 1.34s
  warnings.warn(
/home/karimimonsefi.1/SSL_VAN/BRATS21/trainer.py:55: UserWarning: Epoch 0/15000 20/250  loss: 1.8903  time 1.33s
  warnings.warn(
/home/karimimonsefi.1/SSL_VAN/BRATS21/trainer.py:55: UserWarning: Epoch 0/15000 21/250  loss: 1.8907  time 1.32s
  warnings.warn(
/home/karimimonsefi.1/SSL_VAN/BRATS21/trainer.py:55: UserWarning: Epoch 0/15000 22/250  loss: 1.8905  time 1.33s
  warnings.warn(
/home/karimimonsefi.1/SSL_VAN/BRATS21/trainer.py:55: UserWarning: Epoch 0/15000 23/250  loss: 1.8908  time 1.34s
  warnings.warn(
/home/karimimonsefi.1/SSL_VAN/BRATS21/trainer.py:55: UserWarning: Epoch 0/15000 24/250  loss: 1.8899  time 1.32s
  warnings.warn(
/home/karimimonsefi.1/SSL_VAN/BRATS21/trainer.py:55: UserWarning: Epoch 0/15000 25/250  loss: 1.8882  time 1.32s
  warnings.warn(
/home/karimimonsefi.1/SSL_VAN/BRATS21/trainer.py:55: UserWarning: Epoch 0/15000 26/250  loss: 1.8889  time 1.33s
  warnings.warn(
/home/karimimonsefi.1/SSL_VAN/BRATS21/trainer.py:55: UserWarning: Epoch 0/15000 27/250  loss: 1.8886  time 1.35s
  warnings.warn(
/home/karimimonsefi.1/SSL_VAN/BRATS21/trainer.py:55: UserWarning: Epoch 0/15000 28/250  loss: 1.8883  time 1.32s
  warnings.warn(
/home/karimimonsefi.1/SSL_VAN/BRATS21/trainer.py:55: UserWarning: Epoch 0/15000 29/250  loss: 1.8881  time 1.34s
  warnings.warn(
/home/karimimonsefi.1/SSL_VAN/BRATS21/trainer.py:55: UserWarning: Epoch 0/15000 30/250  loss: 1.8889  time 1.35s
  warnings.warn(
/home/karimimonsefi.1/SSL_VAN/BRATS21/trainer.py:55: UserWarning: Epoch 0/15000 31/250  loss: 1.8883  time 1.36s
  warnings.warn(
/home/karimimonsefi.1/SSL_VAN/BRATS21/trainer.py:55: UserWarning: Epoch 0/15000 32/250  loss: 1.8887  time 1.32s
  warnings.warn(
/home/karimimonsefi.1/SSL_VAN/BRATS21/trainer.py:55: UserWarning: Epoch 0/15000 33/250  loss: 1.8889  time 1.35s
  warnings.warn(
/home/karimimonsefi.1/SSL_VAN/BRATS21/trainer.py:55: UserWarning: Epoch 0/15000 34/250  loss: 1.8887  time 1.33s
  warnings.warn(
/home/karimimonsefi.1/SSL_VAN/BRATS21/trainer.py:55: UserWarning: Epoch 0/15000 35/250  loss: 1.8887  time 1.32s
  warnings.warn(
/home/karimimonsefi.1/SSL_VAN/BRATS21/trainer.py:55: UserWarning: Epoch 0/15000 36/250  loss: 1.8889  time 1.35s
  warnings.warn(
/home/karimimonsefi.1/SSL_VAN/BRATS21/trainer.py:55: UserWarning: Epoch 0/15000 37/250  loss: 1.8891  time 1.33s
  warnings.warn(
/home/karimimonsefi.1/SSL_VAN/BRATS21/trainer.py:55: UserWarning: Epoch 0/15000 38/250  loss: 1.8890  time 1.31s
  warnings.warn(
/home/karimimonsefi.1/SSL_VAN/BRATS21/trainer.py:55: UserWarning: Epoch 0/15000 39/250  loss: 1.8887  time 1.35s
  warnings.warn(
/home/karimimonsefi.1/SSL_VAN/BRATS21/trainer.py:55: UserWarning: Epoch 0/15000 40/250  loss: 1.8887  time 1.32s
  warnings.warn(
/home/karimimonsefi.1/SSL_VAN/BRATS21/trainer.py:55: UserWarning: Epoch 0/15000 41/250  loss: 1.8884  time 1.34s
  warnings.warn(
/home/karimimonsefi.1/SSL_VAN/BRATS21/trainer.py:55: UserWarning: Epoch 0/15000 42/250  loss: 1.8883  time 1.35s
  warnings.warn(
/home/karimimonsefi.1/SSL_VAN/BRATS21/trainer.py:55: UserWarning: Epoch 0/15000 43/250  loss: 1.8887  time 1.32s
  warnings.warn(
/home/karimimonsefi.1/SSL_VAN/BRATS21/trainer.py:55: UserWarning: Epoch 0/15000 44/250  loss: 1.8889  time 1.35s
  warnings.warn(
/home/karimimonsefi.1/SSL_VAN/BRATS21/trainer.py:55: UserWarning: Epoch 0/15000 45/250  loss: 1.8888  time 1.33s
  warnings.warn(
/home/karimimonsefi.1/SSL_VAN/BRATS21/trainer.py:55: UserWarning: Epoch 0/15000 46/250  loss: 1.8887  time 1.35s
  warnings.warn(
/home/karimimonsefi.1/SSL_VAN/BRATS21/trainer.py:55: UserWarning: Epoch 0/15000 47/250  loss: 1.8880  time 1.32s
  warnings.warn(
/home/karimimonsefi.1/SSL_VAN/BRATS21/trainer.py:55: UserWarning: Epoch 0/15000 48/250  loss: 1.8878  time 1.33s
  warnings.warn(
/home/karimimonsefi.1/SSL_VAN/BRATS21/trainer.py:55: UserWarning: Epoch 0/15000 49/250  loss: 1.8881  time 1.34s
  warnings.warn(
/home/karimimonsefi.1/SSL_VAN/BRATS21/trainer.py:55: UserWarning: Epoch 0/15000 50/250  loss: 1.8875  time 1.32s
  warnings.warn(
/home/karimimonsefi.1/SSL_VAN/BRATS21/trainer.py:55: UserWarning: Epoch 0/15000 51/250  loss: 1.8870  time 1.34s
  warnings.warn(
/home/karimimonsefi.1/SSL_VAN/BRATS21/trainer.py:55: UserWarning: Epoch 0/15000 52/250  loss: 1.8871  time 1.34s
  warnings.warn(
/home/karimimonsefi.1/SSL_VAN/BRATS21/trainer.py:55: UserWarning: Epoch 0/15000 53/250  loss: 1.8871  time 1.33s
  warnings.warn(
/home/karimimonsefi.1/SSL_VAN/BRATS21/trainer.py:55: UserWarning: Epoch 0/15000 54/250  loss: 1.8872  time 1.35s
  warnings.warn(
/home/karimimonsefi.1/SSL_VAN/BRATS21/trainer.py:55: UserWarning: Epoch 0/15000 55/250  loss: 1.8871  time 1.34s
  warnings.warn(
/home/karimimonsefi.1/SSL_VAN/BRATS21/trainer.py:55: UserWarning: Epoch 0/15000 56/250  loss: 1.8874  time 1.32s
  warnings.warn(
/home/karimimonsefi.1/SSL_VAN/BRATS21/trainer.py:55: UserWarning: Epoch 0/15000 57/250  loss: 1.8875  time 1.32s
  warnings.warn(
/home/karimimonsefi.1/SSL_VAN/BRATS21/trainer.py:55: UserWarning: Epoch 0/15000 58/250  loss: 1.8868  time 1.30s
  warnings.warn(
/home/karimimonsefi.1/SSL_VAN/BRATS21/trainer.py:55: UserWarning: Epoch 0/15000 59/250  loss: 1.8868  time 1.35s
  warnings.warn(
/home/karimimonsefi.1/SSL_VAN/BRATS21/trainer.py:55: UserWarning: Epoch 0/15000 60/250  loss: 1.8869  time 1.34s
  warnings.warn(
/home/karimimonsefi.1/SSL_VAN/BRATS21/trainer.py:55: UserWarning: Epoch 0/15000 61/250  loss: 1.8871  time 1.32s
  warnings.warn(
/home/karimimonsefi.1/SSL_VAN/BRATS21/trainer.py:55: UserWarning: Epoch 0/15000 62/250  loss: 1.8872  time 1.33s
  warnings.warn(
/home/karimimonsefi.1/SSL_VAN/BRATS21/trainer.py:55: UserWarning: Epoch 0/15000 63/250  loss: 1.8865  time 1.34s
  warnings.warn(
/home/karimimonsefi.1/SSL_VAN/BRATS21/trainer.py:55: UserWarning: Epoch 0/15000 64/250  loss: 1.8863  time 1.33s
  warnings.warn(
/home/karimimonsefi.1/SSL_VAN/BRATS21/trainer.py:55: UserWarning: Epoch 0/15000 65/250  loss: 1.8864  time 1.35s
  warnings.warn(
/home/karimimonsefi.1/SSL_VAN/BRATS21/trainer.py:55: UserWarning: Epoch 0/15000 66/250  loss: 1.8866  time 1.34s
  warnings.warn(
/home/karimimonsefi.1/SSL_VAN/BRATS21/trainer.py:55: UserWarning: Epoch 0/15000 67/250  loss: 1.8867  time 1.35s
  warnings.warn(
/home/karimimonsefi.1/SSL_VAN/BRATS21/trainer.py:55: UserWarning: Epoch 0/15000 68/250  loss: 1.8868  time 1.54s
  warnings.warn(
/home/karimimonsefi.1/SSL_VAN/BRATS21/trainer.py:55: UserWarning: Epoch 0/15000 69/250  loss: 1.8867  time 1.35s
  warnings.warn(
/home/karimimonsefi.1/SSL_VAN/BRATS21/trainer.py:55: UserWarning: Epoch 0/15000 70/250  loss: 1.8866  time 1.33s
  warnings.warn(
/home/karimimonsefi.1/SSL_VAN/BRATS21/trainer.py:55: UserWarning: Epoch 0/15000 71/250  loss: 1.8870  time 1.53s
  warnings.warn(
/home/karimimonsefi.1/SSL_VAN/BRATS21/trainer.py:55: UserWarning: Epoch 0/15000 72/250  loss: 1.8867  time 1.35s
  warnings.warn(
/home/karimimonsefi.1/SSL_VAN/BRATS21/trainer.py:55: UserWarning: Epoch 0/15000 73/250  loss: 1.8869  time 1.36s
  warnings.warn(
/home/karimimonsefi.1/SSL_VAN/BRATS21/trainer.py:55: UserWarning: Epoch 0/15000 74/250  loss: 1.8870  time 1.32s
  warnings.warn(
/home/karimimonsefi.1/SSL_VAN/BRATS21/trainer.py:55: UserWarning: Epoch 0/15000 75/250  loss: 1.8870  time 1.33s
  warnings.warn(
/home/karimimonsefi.1/SSL_VAN/BRATS21/trainer.py:55: UserWarning: Epoch 0/15000 76/250  loss: 1.8870  time 1.34s
  warnings.warn(
/home/karimimonsefi.1/SSL_VAN/BRATS21/trainer.py:55: UserWarning: Epoch 0/15000 77/250  loss: 1.8871  time 1.35s
  warnings.warn(
/home/karimimonsefi.1/SSL_VAN/BRATS21/trainer.py:55: UserWarning: Epoch 0/15000 78/250  loss: 1.8874  time 1.33s
  warnings.warn(
/home/karimimonsefi.1/SSL_VAN/BRATS21/trainer.py:55: UserWarning: Epoch 0/15000 79/250  loss: 1.8873  time 1.32s
  warnings.warn(
/home/karimimonsefi.1/SSL_VAN/BRATS21/trainer.py:55: UserWarning: Epoch 0/15000 80/250  loss: 1.8873  time 1.35s
  warnings.warn(
/home/karimimonsefi.1/SSL_VAN/BRATS21/trainer.py:55: UserWarning: Epoch 0/15000 81/250  loss: 1.8876  time 1.35s
  warnings.warn(
/home/karimimonsefi.1/SSL_VAN/BRATS21/trainer.py:55: UserWarning: Epoch 0/15000 82/250  loss: 1.8876  time 1.36s
  warnings.warn(
/home/karimimonsefi.1/SSL_VAN/BRATS21/trainer.py:55: UserWarning: Epoch 0/15000 83/250  loss: 1.8873  time 1.32s
  warnings.warn(
/home/karimimonsefi.1/SSL_VAN/BRATS21/trainer.py:55: UserWarning: Epoch 0/15000 84/250  loss: 1.8874  time 1.34s
  warnings.warn(
/home/karimimonsefi.1/SSL_VAN/BRATS21/trainer.py:55: UserWarning: Epoch 0/15000 85/250  loss: 1.8879  time 1.32s
  warnings.warn(
/home/karimimonsefi.1/SSL_VAN/BRATS21/trainer.py:55: UserWarning: Epoch 0/15000 86/250  loss: 1.8878  time 1.32s
  warnings.warn(
/home/karimimonsefi.1/SSL_VAN/BRATS21/trainer.py:55: UserWarning: Epoch 0/15000 87/250  loss: 1.8878  time 1.33s
  warnings.warn(
/home/karimimonsefi.1/SSL_VAN/BRATS21/trainer.py:55: UserWarning: Epoch 0/15000 88/250  loss: 1.8880  time 1.32s
  warnings.warn(
/home/karimimonsefi.1/SSL_VAN/BRATS21/trainer.py:55: UserWarning: Epoch 0/15000 89/250  loss: 1.8878  time 1.33s
  warnings.warn(
/home/karimimonsefi.1/SSL_VAN/BRATS21/trainer.py:55: UserWarning: Epoch 0/15000 90/250  loss: 1.8877  time 1.36s
  warnings.warn(
/home/karimimonsefi.1/SSL_VAN/BRATS21/trainer.py:55: UserWarning: Epoch 0/15000 91/250  loss: 1.8876  time 1.30s
  warnings.warn(
/home/karimimonsefi.1/SSL_VAN/BRATS21/trainer.py:55: UserWarning: Epoch 0/15000 92/250  loss: 1.8874  time 1.35s
  warnings.warn(
/home/karimimonsefi.1/SSL_VAN/BRATS21/trainer.py:55: UserWarning: Epoch 0/15000 93/250  loss: 1.8872  time 1.34s
  warnings.warn(
/home/karimimonsefi.1/SSL_VAN/BRATS21/trainer.py:55: UserWarning: Epoch 0/15000 94/250  loss: 1.8872  time 1.35s
  warnings.warn(
/home/karimimonsefi.1/SSL_VAN/BRATS21/trainer.py:55: UserWarning: Epoch 0/15000 95/250  loss: 1.8873  time 1.34s
  warnings.warn(
/home/karimimonsefi.1/SSL_VAN/BRATS21/trainer.py:55: UserWarning: Epoch 0/15000 96/250  loss: 1.8871  time 1.31s
  warnings.warn(
/home/karimimonsefi.1/SSL_VAN/BRATS21/trainer.py:55: UserWarning: Epoch 0/15000 97/250  loss: 1.8874  time 1.34s
  warnings.warn(
/home/karimimonsefi.1/SSL_VAN/BRATS21/trainer.py:55: UserWarning: Epoch 0/15000 98/250  loss: 1.8871  time 1.33s
  warnings.warn(
/home/karimimonsefi.1/SSL_VAN/BRATS21/trainer.py:55: UserWarning: Epoch 0/15000 99/250  loss: 1.8870  time 1.35s
  warnings.warn(
/home/karimimonsefi.1/SSL_VAN/BRATS21/trainer.py:55: UserWarning: Epoch 0/15000 100/250  loss: 1.8869  time 1.34s
  warnings.warn(
/home/karimimonsefi.1/SSL_VAN/BRATS21/trainer.py:55: UserWarning: Epoch 0/15000 101/250  loss: 1.8867  time 1.34s
  warnings.warn(
/home/karimimonsefi.1/SSL_VAN/BRATS21/trainer.py:55: UserWarning: Epoch 0/15000 102/250  loss: 1.8866  time 1.35s
  warnings.warn(
/home/karimimonsefi.1/SSL_VAN/BRATS21/trainer.py:55: UserWarning: Epoch 0/15000 103/250  loss: 1.8867  time 1.32s
  warnings.warn(
/home/karimimonsefi.1/SSL_VAN/BRATS21/trainer.py:55: UserWarning: Epoch 0/15000 104/250  loss: 1.8868  time 1.33s
  warnings.warn(
/home/karimimonsefi.1/SSL_VAN/BRATS21/trainer.py:55: UserWarning: Epoch 0/15000 105/250  loss: 1.8867  time 1.34s
  warnings.warn(
/home/karimimonsefi.1/SSL_VAN/BRATS21/trainer.py:55: UserWarning: Epoch 0/15000 106/250  loss: 1.8866  time 1.35s
  warnings.warn(
/home/karimimonsefi.1/SSL_VAN/BRATS21/trainer.py:55: UserWarning: Epoch 0/15000 107/250  loss: 1.8863  time 1.32s
  warnings.warn(
/home/karimimonsefi.1/SSL_VAN/BRATS21/trainer.py:55: UserWarning: Epoch 0/15000 108/250  loss: 1.8865  time 1.35s
  warnings.warn(
/home/karimimonsefi.1/SSL_VAN/BRATS21/trainer.py:55: UserWarning: Epoch 0/15000 109/250  loss: 1.8867  time 1.35s
  warnings.warn(
/home/karimimonsefi.1/SSL_VAN/BRATS21/trainer.py:55: UserWarning: Epoch 0/15000 110/250  loss: 1.8863  time 1.34s
  warnings.warn(
/home/karimimonsefi.1/SSL_VAN/BRATS21/trainer.py:55: UserWarning: Epoch 0/15000 111/250  loss: 1.8865  time 1.33s
  warnings.warn(
/home/karimimonsefi.1/SSL_VAN/BRATS21/trainer.py:55: UserWarning: Epoch 0/15000 112/250  loss: 1.8866  time 1.33s
  warnings.warn(
/home/karimimonsefi.1/SSL_VAN/BRATS21/trainer.py:55: UserWarning: Epoch 0/15000 113/250  loss: 1.8864  time 1.34s
  warnings.warn(
/home/karimimonsefi.1/SSL_VAN/BRATS21/trainer.py:55: UserWarning: Epoch 0/15000 114/250  loss: 1.8864  time 1.35s
  warnings.warn(
/home/karimimonsefi.1/SSL_VAN/BRATS21/trainer.py:55: UserWarning: Epoch 0/15000 115/250  loss: 1.8864  time 1.35s
  warnings.warn(
/home/karimimonsefi.1/SSL_VAN/BRATS21/trainer.py:55: UserWarning: Epoch 0/15000 116/250  loss: 1.8863  time 1.32s
  warnings.warn(
/home/karimimonsefi.1/SSL_VAN/BRATS21/trainer.py:55: UserWarning: Epoch 0/15000 117/250  loss: 1.8864  time 1.36s
  warnings.warn(
/home/karimimonsefi.1/SSL_VAN/BRATS21/trainer.py:55: UserWarning: Epoch 0/15000 118/250  loss: 1.8864  time 1.34s
  warnings.warn(
/home/karimimonsefi.1/SSL_VAN/BRATS21/trainer.py:55: UserWarning: Epoch 0/15000 119/250  loss: 1.8864  time 1.37s
  warnings.warn(
/home/karimimonsefi.1/SSL_VAN/BRATS21/trainer.py:55: UserWarning: Epoch 0/15000 120/250  loss: 1.8861  time 1.34s
  warnings.warn(
/home/karimimonsefi.1/SSL_VAN/BRATS21/trainer.py:55: UserWarning: Epoch 0/15000 121/250  loss: 1.8859  time 1.36s
  warnings.warn(
/home/karimimonsefi.1/SSL_VAN/BRATS21/trainer.py:55: UserWarning: Epoch 0/15000 122/250  loss: 1.8860  time 1.34s
  warnings.warn(
/home/karimimonsefi.1/SSL_VAN/BRATS21/trainer.py:55: UserWarning: Epoch 0/15000 123/250  loss: 1.8860  time 1.35s
  warnings.warn(
/home/karimimonsefi.1/SSL_VAN/BRATS21/trainer.py:55: UserWarning: Epoch 0/15000 124/250  loss: 1.8862  time 1.49s
  warnings.warn(
/home/karimimonsefi.1/SSL_VAN/BRATS21/trainer.py:55: UserWarning: Epoch 0/15000 125/250  loss: 1.8862  time 1.34s
  warnings.warn(
/home/karimimonsefi.1/SSL_VAN/BRATS21/trainer.py:55: UserWarning: Epoch 0/15000 126/250  loss: 1.8862  time 1.34s
  warnings.warn(
/home/karimimonsefi.1/SSL_VAN/BRATS21/trainer.py:55: UserWarning: Epoch 0/15000 127/250  loss: 1.8863  time 1.33s
  warnings.warn(
/home/karimimonsefi.1/SSL_VAN/BRATS21/trainer.py:55: UserWarning: Epoch 0/15000 128/250  loss: 1.8863  time 1.34s
  warnings.warn(
/home/karimimonsefi.1/SSL_VAN/BRATS21/trainer.py:55: UserWarning: Epoch 0/15000 129/250  loss: 1.8863  time 1.32s
  warnings.warn(
/home/karimimonsefi.1/SSL_VAN/BRATS21/trainer.py:55: UserWarning: Epoch 0/15000 130/250  loss: 1.8862  time 1.33s
  warnings.warn(
/home/karimimonsefi.1/SSL_VAN/BRATS21/trainer.py:55: UserWarning: Epoch 0/15000 131/250  loss: 1.8862  time 1.36s
  warnings.warn(
/home/karimimonsefi.1/SSL_VAN/BRATS21/trainer.py:55: UserWarning: Epoch 0/15000 132/250  loss: 1.8865  time 1.36s
  warnings.warn(
/home/karimimonsefi.1/SSL_VAN/BRATS21/trainer.py:55: UserWarning: Epoch 0/15000 133/250  loss: 1.8862  time 1.35s
  warnings.warn(
/home/karimimonsefi.1/SSL_VAN/BRATS21/trainer.py:55: UserWarning: Epoch 0/15000 134/250  loss: 1.8862  time 1.32s
  warnings.warn(
/home/karimimonsefi.1/SSL_VAN/BRATS21/trainer.py:55: UserWarning: Epoch 0/15000 135/250  loss: 1.8862  time 1.35s
  warnings.warn(
/home/karimimonsefi.1/SSL_VAN/BRATS21/trainer.py:55: UserWarning: Epoch 0/15000 136/250  loss: 1.8862  time 1.32s
  warnings.warn(
/home/karimimonsefi.1/SSL_VAN/BRATS21/trainer.py:55: UserWarning: Epoch 0/15000 137/250  loss: 1.8862  time 1.32s
  warnings.warn(
/home/karimimonsefi.1/SSL_VAN/BRATS21/trainer.py:55: UserWarning: Epoch 0/15000 138/250  loss: 1.8864  time 1.32s
  warnings.warn(
/home/karimimonsefi.1/SSL_VAN/BRATS21/trainer.py:55: UserWarning: Epoch 0/15000 139/250  loss: 1.8864  time 1.35s
  warnings.warn(
/home/karimimonsefi.1/SSL_VAN/BRATS21/trainer.py:55: UserWarning: Epoch 0/15000 140/250  loss: 1.8862  time 1.35s
  warnings.warn(
/home/karimimonsefi.1/SSL_VAN/BRATS21/trainer.py:55: UserWarning: Epoch 0/15000 141/250  loss: 1.8862  time 1.31s
  warnings.warn(
/home/karimimonsefi.1/SSL_VAN/BRATS21/trainer.py:55: UserWarning: Epoch 0/15000 142/250  loss: 1.8864  time 1.35s
  warnings.warn(
/home/karimimonsefi.1/SSL_VAN/BRATS21/trainer.py:55: UserWarning: Epoch 0/15000 143/250  loss: 1.8864  time 1.33s
  warnings.warn(
/home/karimimonsefi.1/SSL_VAN/BRATS21/trainer.py:55: UserWarning: Epoch 0/15000 144/250  loss: 1.8866  time 1.34s
  warnings.warn(
/home/karimimonsefi.1/SSL_VAN/BRATS21/trainer.py:55: UserWarning: Epoch 0/15000 145/250  loss: 1.8867  time 1.34s
  warnings.warn(
/home/karimimonsefi.1/SSL_VAN/BRATS21/trainer.py:55: UserWarning: Epoch 0/15000 146/250  loss: 1.8867  time 1.37s
  warnings.warn(
/home/karimimonsefi.1/SSL_VAN/BRATS21/trainer.py:55: UserWarning: Epoch 0/15000 147/250  loss: 1.8867  time 1.35s
  warnings.warn(
/home/karimimonsefi.1/SSL_VAN/BRATS21/trainer.py:55: UserWarning: Epoch 0/15000 148/250  loss: 1.8866  time 1.33s
  warnings.warn(
/home/karimimonsefi.1/SSL_VAN/BRATS21/trainer.py:55: UserWarning: Epoch 0/15000 149/250  loss: 1.8865  time 1.35s
  warnings.warn(
/home/karimimonsefi.1/SSL_VAN/BRATS21/trainer.py:55: UserWarning: Epoch 0/15000 150/250  loss: 1.8864  time 1.34s
  warnings.warn(
/home/karimimonsefi.1/SSL_VAN/BRATS21/trainer.py:55: UserWarning: Epoch 0/15000 151/250  loss: 1.8865  time 1.36s
  warnings.warn(
/home/karimimonsefi.1/SSL_VAN/BRATS21/trainer.py:55: UserWarning: Epoch 0/15000 152/250  loss: 1.8866  time 1.33s
  warnings.warn(
/home/karimimonsefi.1/SSL_VAN/BRATS21/trainer.py:55: UserWarning: Epoch 0/15000 153/250  loss: 1.8864  time 1.36s
  warnings.warn(
/home/karimimonsefi.1/SSL_VAN/BRATS21/trainer.py:55: UserWarning: Epoch 0/15000 154/250  loss: 1.8863  time 1.35s
  warnings.warn(
/home/karimimonsefi.1/SSL_VAN/BRATS21/trainer.py:55: UserWarning: Epoch 0/15000 155/250  loss: 1.8864  time 1.33s
  warnings.warn(
/home/karimimonsefi.1/SSL_VAN/BRATS21/trainer.py:55: UserWarning: Epoch 0/15000 156/250  loss: 1.8863  time 1.31s
  warnings.warn(
/home/karimimonsefi.1/SSL_VAN/BRATS21/trainer.py:55: UserWarning: Epoch 0/15000 157/250  loss: 1.8863  time 1.34s
  warnings.warn(
/home/karimimonsefi.1/SSL_VAN/BRATS21/trainer.py:55: UserWarning: Epoch 0/15000 158/250  loss: 1.8864  time 1.33s
  warnings.warn(
/home/karimimonsefi.1/SSL_VAN/BRATS21/trainer.py:55: UserWarning: Epoch 0/15000 159/250  loss: 1.8864  time 1.31s
  warnings.warn(
/home/karimimonsefi.1/SSL_VAN/BRATS21/trainer.py:55: UserWarning: Epoch 0/15000 160/250  loss: 1.8864  time 1.33s
  warnings.warn(
/home/karimimonsefi.1/SSL_VAN/BRATS21/trainer.py:55: UserWarning: Epoch 0/15000 161/250  loss: 1.8864  time 1.33s
  warnings.warn(
/home/karimimonsefi.1/SSL_VAN/BRATS21/trainer.py:55: UserWarning: Epoch 0/15000 162/250  loss: 1.8864  time 1.32s
  warnings.warn(
/home/karimimonsefi.1/SSL_VAN/BRATS21/trainer.py:55: UserWarning: Epoch 0/15000 163/250  loss: 1.8866  time 1.31s
  warnings.warn(
/home/karimimonsefi.1/SSL_VAN/BRATS21/trainer.py:55: UserWarning: Epoch 0/15000 164/250  loss: 1.8867  time 1.35s
  warnings.warn(
/home/karimimonsefi.1/SSL_VAN/BRATS21/trainer.py:55: UserWarning: Epoch 0/15000 165/250  loss: 1.8867  time 1.34s
  warnings.warn(
/home/karimimonsefi.1/SSL_VAN/BRATS21/trainer.py:55: UserWarning: Epoch 0/15000 166/250  loss: 1.8868  time 1.35s
  warnings.warn(
/home/karimimonsefi.1/SSL_VAN/BRATS21/trainer.py:55: UserWarning: Epoch 0/15000 167/250  loss: 1.8866  time 1.34s
  warnings.warn(
/home/karimimonsefi.1/SSL_VAN/BRATS21/trainer.py:55: UserWarning: Epoch 0/15000 168/250  loss: 1.8863  time 1.36s
  warnings.warn(
/home/karimimonsefi.1/SSL_VAN/BRATS21/trainer.py:55: UserWarning: Epoch 0/15000 169/250  loss: 1.8862  time 1.33s
  warnings.warn(
/home/karimimonsefi.1/SSL_VAN/BRATS21/trainer.py:55: UserWarning: Epoch 0/15000 170/250  loss: 1.8862  time 1.32s
  warnings.warn(
/home/karimimonsefi.1/SSL_VAN/BRATS21/trainer.py:55: UserWarning: Epoch 0/15000 171/250  loss: 1.8863  time 1.33s
  warnings.warn(
/home/karimimonsefi.1/SSL_VAN/BRATS21/trainer.py:55: UserWarning: Epoch 0/15000 172/250  loss: 1.8863  time 1.34s
  warnings.warn(
/home/karimimonsefi.1/SSL_VAN/BRATS21/trainer.py:55: UserWarning: Epoch 0/15000 173/250  loss: 1.8863  time 1.33s
  warnings.warn(
/home/karimimonsefi.1/SSL_VAN/BRATS21/trainer.py:55: UserWarning: Epoch 0/15000 174/250  loss: 1.8863  time 1.33s
  warnings.warn(
/home/karimimonsefi.1/SSL_VAN/BRATS21/trainer.py:55: UserWarning: Epoch 0/15000 175/250  loss: 1.8861  time 1.33s
  warnings.warn(
/home/karimimonsefi.1/SSL_VAN/BRATS21/trainer.py:55: UserWarning: Epoch 0/15000 176/250  loss: 1.8858  time 1.33s
  warnings.warn(
/home/karimimonsefi.1/SSL_VAN/BRATS21/trainer.py:55: UserWarning: Epoch 0/15000 177/250  loss: 1.8858  time 1.48s
  warnings.warn(
/home/karimimonsefi.1/SSL_VAN/BRATS21/trainer.py:55: UserWarning: Epoch 0/15000 178/250  loss: 1.8859  time 1.32s
  warnings.warn(
/home/karimimonsefi.1/SSL_VAN/BRATS21/trainer.py:55: UserWarning: Epoch 0/15000 179/250  loss: 1.8860  time 1.32s
  warnings.warn(
/home/karimimonsefi.1/SSL_VAN/BRATS21/trainer.py:55: UserWarning: Epoch 0/15000 180/250  loss: 1.8860  time 1.37s
  warnings.warn(
/home/karimimonsefi.1/SSL_VAN/BRATS21/trainer.py:55: UserWarning: Epoch 0/15000 181/250  loss: 1.8858  time 1.54s
  warnings.warn(
/home/karimimonsefi.1/SSL_VAN/BRATS21/trainer.py:55: UserWarning: Epoch 0/15000 182/250  loss: 1.8858  time 1.35s
  warnings.warn(
/home/karimimonsefi.1/SSL_VAN/BRATS21/trainer.py:55: UserWarning: Epoch 0/15000 183/250  loss: 1.8858  time 1.31s
  warnings.warn(
/home/karimimonsefi.1/SSL_VAN/BRATS21/trainer.py:55: UserWarning: Epoch 0/15000 184/250  loss: 1.8858  time 1.34s
  warnings.warn(
/home/karimimonsefi.1/SSL_VAN/BRATS21/trainer.py:55: UserWarning: Epoch 0/15000 185/250  loss: 1.8858  time 1.32s
  warnings.warn(
/home/karimimonsefi.1/SSL_VAN/BRATS21/trainer.py:55: UserWarning: Epoch 0/15000 186/250  loss: 1.8860  time 1.32s
  warnings.warn(
/home/karimimonsefi.1/SSL_VAN/BRATS21/trainer.py:55: UserWarning: Epoch 0/15000 187/250  loss: 1.8860  time 1.34s
  warnings.warn(
/home/karimimonsefi.1/SSL_VAN/BRATS21/trainer.py:55: UserWarning: Epoch 0/15000 188/250  loss: 1.8860  time 1.35s
  warnings.warn(
/home/karimimonsefi.1/SSL_VAN/BRATS21/trainer.py:55: UserWarning: Epoch 0/15000 189/250  loss: 1.8859  time 1.32s
  warnings.warn(
/home/karimimonsefi.1/SSL_VAN/BRATS21/trainer.py:55: UserWarning: Epoch 0/15000 190/250  loss: 1.8859  time 1.35s
  warnings.warn(
/home/karimimonsefi.1/SSL_VAN/BRATS21/trainer.py:55: UserWarning: Epoch 0/15000 191/250  loss: 1.8860  time 1.35s
  warnings.warn(
