/var/spool/slurmd/job63844/slurm_script: line 12: cd: SSL_VAN: No such file or directory

----------------------------------------------------------------------------
  cuda:
----------------------------------------------------------------------------
     Versions:
        cuda/10.2
        cuda/11.0
        cuda/11.2
        cuda/11.3
        cuda/11.4
        cuda/11.5
        cuda/11.6
        cuda/11.7
        cuda/11.8
        cuda/12.0

----------------------------------------------------------------------------
  For detailed information about a specific "cuda" package (including how to load the modules) use the module's full name.
  Note that names that have a trailing (E) are extensions provided by other modules.
  For example:

     $ module spider cuda/12.0
----------------------------------------------------------------------------

 


CommandNotFoundError: Your shell has not been properly configured to use 'conda activate'.
To initialize your shell, run

    $ conda init <SHELL_NAME>

Currently supported shells are:
  - bash
  - fish
  - tcsh
  - xonsh
  - zsh
  - powershell

See 'conda init --help' for more information and options.

IMPORTANT: You may need to close and restart your shell after running 'conda init'.


2023-07-14 18:17:25 | INFO | root | Namespace(a_min=-1000, a_max=1000, b_min=0.0, b_max=1.0, space_x=1.5, space_y=1.5, space_z=2.0, roi_x=96, roi_y=96, roi_z=96, num_workers=64, distributed=False, mode='server', num_samples=1, km_path='./cluster_models_1/cluster_model_1_{}_{}_{}.joblib', n_clusters=261, seed=42, init='k-means++', max_iter=350, batch_size=20, tol=0.0, max_no_improvement=100, n_init=50, reassignment_ratio=0.0, num_runs=400)
Dataset 1 LUNA16: OK number of data: 842
Dataset 2 Covid 19: OK number of data: 722
Dataset 3 HNSCC: OK number of data: 954
Dataset 4 TCIA Colon: OK number of data: 1532
Dataset 5 TCIA LIDC: OK number of data: 450
Dataset all training: number of data: 4500
loader is ready
