/var/spool/slurmd/job62695/slurm_script: line 11: cd: SSL_VAN: No such file or directory

----------------------------------------------------------------------------
  cuda:
----------------------------------------------------------------------------
     Versions:
        cuda/10.2
        cuda/11.0
        cuda/11.2
        cuda/11.3
        cuda/11.4
        cuda/11.5
        cuda/11.6
        cuda/11.7
        cuda/11.8
        cuda/12.0

----------------------------------------------------------------------------
  For detailed information about a specific "cuda" package (including how to load the modules) use the module's full name.
  Note that names that have a trailing (E) are extensions provided by other modules.
  For example:

     $ module spider cuda/12.0
----------------------------------------------------------------------------

 


CommandNotFoundError: Your shell has not been properly configured to use 'conda activate'.
To initialize your shell, run

    $ conda init <SHELL_NAME>

Currently supported shells are:
  - bash
  - fish
  - tcsh
  - xonsh
  - zsh
  - powershell

See 'conda init --help' for more information and options.

IMPORTANT: You may need to close and restart your shell after running 'conda init'.


/home/karimimonsefi.1/miniconda3/lib/python3.9/site-packages/mmcv/__init__.py:20: UserWarning: On January 1, 2023, MMCV will release v2.0.0, in which it will remove components related to the training process and add a data transformation module. In addition, it will rename the package names mmcv to mmcv-lite and mmcv-full to mmcv. See https://github.com/open-mmlab/mmcv/blob/master/docs/en/compatibility.md for more details.
  warnings.warn(
/home/karimimonsefi.1/SSL_VAN/BTCV/main.py:128: UserWarning: 0 gpu 0
  warnings.warn(f"{args.rank} gpu {args.gpu}")
/home/karimimonsefi.1/SSL_VAN/BTCV/main.py:130: UserWarning: Batch size is: 4 epochs 4000
  warnings.warn(f"Batch size is: {args.batch_size} epochs {args.max_epochs}")
/home/karimimonsefi.1/miniconda3/lib/python3.9/site-packages/monai/transforms/post/array.py:176: UserWarning: `to_onehot=True/False` is deprecated, please use `to_onehot=num_classes` instead.
  warnings.warn("`to_onehot=True/False` is deprecated, please use `to_onehot=num_classes` instead.")
/home/karimimonsefi.1/SSL_VAN/BTCV/main.py:164: UserWarning: Total parameters count 121226346
  warnings.warn(f"Total parameters count {pytorch_total_params}")
/home/karimimonsefi.1/SSL_VAN/BTCV/main.py:167: UserWarning: Total args.checkpoint True
  warnings.warn(f"Total args.checkpoint {args.checkpoint}")
/home/karimimonsefi.1/SSL_VAN/commons/util.py:6: UserWarning:  base_url is 96-192-384-768_3-3-24-3_8-8-4-4_vae_inferer_valid_loader_VANV412
  warnings.warn(f" base_url is {base_url}")
/home/karimimonsefi.1/SSL_VAN/commons/util.py:8: UserWarning:  output_url 1 is ./runs/BTCV_new/test_log/output_True_False
  warnings.warn(f" output_url 1 is {output_url}")
/home/karimimonsefi.1/SSL_VAN/commons/util.py:9: UserWarning:  exists 1 is True
  warnings.warn(f" exists 1 is {os.path.exists(output_url)}")
/home/karimimonsefi.1/SSL_VAN/commons/util.py:13: UserWarning:  output_url 2 is ./runs/BTCV_new/test_log/output_True_False/96-192-384-768_3-3-24-3_8-8-4-4_vae_inferer_valid_loader_VANV412
  warnings.warn(f" output_url 2 is {output_url}")
/home/karimimonsefi.1/SSL_VAN/commons/util.py:14: UserWarning:  exists 2 is True
  warnings.warn(f" exists 2 is {os.path.exists(output_url)}")
/home/karimimonsefi.1/SSL_VAN/commons/util.py:20: UserWarning:  Best url model is 96-192-384-768_3-3-24-3_8-8-4-4_vae_inferer_valid_loader_VANV412__best.pt, final model url is 96-192-384-768_3-3-24-3_8-8-4-4_vae_inferer_valid_loader_VANV412__final.pt
  warnings.warn(f" Best url model is {args.best_model_url}, final model url is {args.final_model_url}")
/home/karimimonsefi.1/SSL_VAN/BTCV/main.py:181: UserWarning: => loaded checkpoint 'True' (epoch 3304) (bestacc 0.8421160578727722)
  warnings.warn("=> loaded checkpoint '{}' (epoch {}) (bestacc {})".format(
input_list/dataset_BTCV_List.json
/home/karimimonsefi.1/SSL_VAN/BTCV/tester.py:36: UserWarning: image_name img0035.nii.gz
  warnings.warn("image_name {}".format(image_name))
/home/karimimonsefi.1/SSL_VAN/BTCV/tester.py:21: UserWarning: image shape(314, 314, 234)
  warnings.warn("image shape{}".format(image.shape))
/home/karimimonsefi.1/SSL_VAN/BTCV/tester.py:25: UserWarning: saved at ./runs/BTCV_new/test_log/output_True_False/96-192-384-768_3-3-24-3_8-8-4-4_vae_inferer_valid_loader_VANV412/img0035.nii.gz
  warnings.warn("saved at {}".format(url))
/home/karimimonsefi.1/SSL_VAN/BTCV/tester.py:69: UserWarning: acc [ 0.998  0.955  0.913  0.918  1.000  0.677  0.961  0.873  0.923  0.899
  0.657  0.663  0.703  0.682]
  warnings.warn("acc {}".format(np.nan_to_num(acc.cpu().numpy()[0], nan=1.0)))
/home/karimimonsefi.1/SSL_VAN/BTCV/tester.py:90: UserWarning: test 0/6,
 Dice_background: 0.9984469413757324,
 Dice_spleen: 0.9545115232467651,
 Dice_rkid: 0.9133004546165466,
 Dice_lkid: 0.9177286028862,
 Dice_gall: 1.0,
 Dice_eso: 0.6767229437828064,
 Dice_liver: 0.9609271287918091,
 Dice_sto: 0.8730910420417786,
 Dice_aorta: 0.9226859211921692,
 Dice_IVC: 0.8986411094665527,
 Dice_veins: 0.6569605469703674,
 Dice_pancreas: 0.6632295846939087,
 Dice_rad: 0.7030430436134338,
 Dice_lad: 0.6818397641181946
 time 40.96s
  warnings.warn("test {}/{},\n Dice_background: {},\n Dice_spleen: {},\n Dice_rkid: {},\n Dice_lkid: {},\n"
/home/karimimonsefi.1/SSL_VAN/BTCV/tester.py:98: UserWarning: Test 0/6  acc 0.8443664312362671  time 40.96s
  warnings.warn("Test {}/{}  acc {}  time {:.2f}s".format(idx, len(loader),
/home/karimimonsefi.1/SSL_VAN/BTCV/tester.py:36: UserWarning: image_name img0036.nii.gz
  warnings.warn("image_name {}".format(image_name))
/home/karimimonsefi.1/SSL_VAN/BTCV/tester.py:21: UserWarning: image shape(255, 255, 276)
  warnings.warn("image shape{}".format(image.shape))
/home/karimimonsefi.1/SSL_VAN/BTCV/tester.py:25: UserWarning: saved at ./runs/BTCV_new/test_log/output_True_False/96-192-384-768_3-3-24-3_8-8-4-4_vae_inferer_valid_loader_VANV412/img0036.nii.gz
  warnings.warn("saved at {}".format(url))
/home/karimimonsefi.1/SSL_VAN/BTCV/tester.py:69: UserWarning: acc [ 0.998  0.961  0.963  0.960  0.764  0.806  0.972  0.939  0.908  0.856
  0.674  0.698  0.700  0.691]
  warnings.warn("acc {}".format(np.nan_to_num(acc.cpu().numpy()[0], nan=1.0)))
/home/karimimonsefi.1/SSL_VAN/BTCV/tester.py:90: UserWarning: test 1/6,
 Dice_background: 0.9981775283813477,
 Dice_spleen: 0.9576945900917053,
 Dice_rkid: 0.9380762577056885,
 Dice_lkid: 0.938936710357666,
 Dice_gall: 0.8820643424987793,
 Dice_eso: 0.7412751913070679,
 Dice_liver: 0.9662747383117676,
 Dice_sto: 0.9059152603149414,
 Dice_aorta: 0.9152913093566895,
 Dice_IVC: 0.8772330284118652,
 Dice_veins: 0.6657149791717529,
 Dice_pancreas: 0.6804081201553345,
 Dice_rad: 0.7016062140464783,
 Dice_lad: 0.6864304542541504
 time 4.79s
  warnings.warn("test {}/{},\n Dice_background: {},\n Dice_spleen: {},\n Dice_rkid: {},\n Dice_lkid: {},\n"
/home/karimimonsefi.1/SSL_VAN/BTCV/tester.py:98: UserWarning: Test 1/6  acc 0.8467927575111389  time 4.79s
  warnings.warn("Test {}/{}  acc {}  time {:.2f}s".format(idx, len(loader),
/home/karimimonsefi.1/SSL_VAN/BTCV/tester.py:36: UserWarning: image_name img0037.nii.gz
  warnings.warn("image_name {}".format(image_name))
/home/karimimonsefi.1/SSL_VAN/BTCV/tester.py:21: UserWarning: image shape(241, 241, 246)
  warnings.warn("image shape{}".format(image.shape))
/home/karimimonsefi.1/SSL_VAN/BTCV/tester.py:25: UserWarning: saved at ./runs/BTCV_new/test_log/output_True_False/96-192-384-768_3-3-24-3_8-8-4-4_vae_inferer_valid_loader_VANV412/img0037.nii.gz
  warnings.warn("saved at {}".format(url))
/home/karimimonsefi.1/SSL_VAN/BTCV/tester.py:69: UserWarning: acc [ 0.997  0.951  0.946  0.944  0.906  0.877  0.969  0.679  0.910  0.884
  0.764  0.896  0.722  0.761]
  warnings.warn("acc {}".format(np.nan_to_num(acc.cpu().numpy()[0], nan=1.0)))
/home/karimimonsefi.1/SSL_VAN/BTCV/tester.py:90: UserWarning: test 2/6,
 Dice_background: 0.9978511929512024,
 Dice_spleen: 0.9554498195648193,
 Dice_rkid: 0.9408634305000305,
 Dice_lkid: 0.9405267238616943,
 Dice_gall: 0.8899906277656555,
 Dice_eso: 0.7865993976593018,
 Dice_liver: 0.9673442840576172,
 Dice_sto: 0.830319881439209,
 Dice_aorta: 0.9136775135993958,
 Dice_IVC: 0.8793309330940247,
 Dice_veins: 0.6983993649482727,
 Dice_pancreas: 0.7522371411323547,
 Dice_rad: 0.7083468437194824,
 Dice_lad: 0.7113208770751953
 time 2.57s
  warnings.warn("test {}/{},\n Dice_background: {},\n Dice_spleen: {},\n Dice_rkid: {},\n Dice_lkid: {},\n"
/home/karimimonsefi.1/SSL_VAN/BTCV/tester.py:98: UserWarning: Test 2/6  acc 0.8551612496376038  time 2.57s
  warnings.warn("Test {}/{}  acc {}  time {:.2f}s".format(idx, len(loader),
/home/karimimonsefi.1/SSL_VAN/BTCV/tester.py:36: UserWarning: image_name img0038.nii.gz
  warnings.warn("image_name {}".format(image_name))
/home/karimimonsefi.1/SSL_VAN/BTCV/tester.py:21: UserWarning: image shape(334, 334, 248)
  warnings.warn("image shape{}".format(image.shape))
/home/karimimonsefi.1/SSL_VAN/BTCV/tester.py:25: UserWarning: saved at ./runs/BTCV_new/test_log/output_True_False/96-192-384-768_3-3-24-3_8-8-4-4_vae_inferer_valid_loader_VANV412/img0038.nii.gz
  warnings.warn("saved at {}".format(url))
/home/karimimonsefi.1/SSL_VAN/BTCV/tester.py:69: UserWarning: acc [ 0.996  0.951  0.936  0.908  0.493  0.764  0.961  0.678  0.912  0.814
  0.756  0.844  0.623  0.487]
  warnings.warn("acc {}".format(np.nan_to_num(acc.cpu().numpy()[0], nan=1.0)))
/home/karimimonsefi.1/SSL_VAN/BTCV/tester.py:90: UserWarning: test 3/6,
 Dice_background: 0.9973552823066711,
 Dice_spleen: 0.9542760848999023,
 Dice_rkid: 0.93976891040802,
 Dice_lkid: 0.9324766397476196,
 Dice_gall: 0.7906681895256042,
 Dice_eso: 0.7809351682662964,
 Dice_liver: 0.9656542539596558,
 Dice_sto: 0.7922168374061584,
 Dice_aorta: 0.9132181406021118,
 Dice_IVC: 0.8629275560379028,
 Dice_veins: 0.7127017974853516,
 Dice_pancreas: 0.7750769853591919,
 Dice_rad: 0.6869505643844604,
 Dice_lad: 0.6551588773727417
 time 3.74s
  warnings.warn("test {}/{},\n Dice_background: {},\n Dice_spleen: {},\n Dice_rkid: {},\n Dice_lkid: {},\n"
/home/karimimonsefi.1/SSL_VAN/BTCV/tester.py:98: UserWarning: Test 3/6  acc 0.8399561047554016  time 3.74s
  warnings.warn("Test {}/{}  acc {}  time {:.2f}s".format(idx, len(loader),
/home/karimimonsefi.1/SSL_VAN/BTCV/tester.py:36: UserWarning: image_name img0039.nii.gz
  warnings.warn("image_name {}".format(image_name))
/home/karimimonsefi.1/SSL_VAN/BTCV/tester.py:21: UserWarning: image shape(333, 333, 224)
  warnings.warn("image shape{}".format(image.shape))
/home/karimimonsefi.1/SSL_VAN/BTCV/tester.py:25: UserWarning: saved at ./runs/BTCV_new/test_log/output_True_False/96-192-384-768_3-3-24-3_8-8-4-4_vae_inferer_valid_loader_VANV412/img0039.nii.gz
  warnings.warn("saved at {}".format(url))
/home/karimimonsefi.1/SSL_VAN/BTCV/tester.py:69: UserWarning: acc [ 0.999  0.966  0.926  0.914  0.738  0.713  0.966  0.887  0.910  0.868
  0.703  0.835  0.656  0.664]
  warnings.warn("acc {}".format(np.nan_to_num(acc.cpu().numpy()[0], nan=1.0)))
/home/karimimonsefi.1/SSL_VAN/BTCV/tester.py:90: UserWarning: test 4/6,
 Dice_background: 0.9976080060005188,
 Dice_spleen: 0.9566643834114075,
 Dice_rkid: 0.9370281100273132,
 Dice_lkid: 0.9288607835769653,
 Dice_gall: 0.7800978422164917,
 Dice_eso: 0.7674099802970886,
 Dice_liver: 0.9657757878303528,
 Dice_sto: 0.811140239238739,
 Dice_aorta: 0.912639319896698,
 Dice_IVC: 0.8638998866081238,
 Dice_veins: 0.7108518481254578,
 Dice_pancreas: 0.7871584892272949,
 Dice_rad: 0.6806726455688477,
 Dice_lad: 0.6569271087646484
 time 3.00s
  warnings.warn("test {}/{},\n Dice_background: {},\n Dice_spleen: {},\n Dice_rkid: {},\n Dice_lkid: {},\n"
/home/karimimonsefi.1/SSL_VAN/BTCV/tester.py:98: UserWarning: Test 4/6  acc 0.8397666811943054  time 3.00s
  warnings.warn("Test {}/{}  acc {}  time {:.2f}s".format(idx, len(loader),
/home/karimimonsefi.1/SSL_VAN/BTCV/tester.py:36: UserWarning: image_name img0040.nii.gz
  warnings.warn("image_name {}".format(image_name))
/home/karimimonsefi.1/SSL_VAN/BTCV/tester.py:21: UserWarning: image shape(254, 254, 292)
  warnings.warn("image shape{}".format(image.shape))
/home/karimimonsefi.1/SSL_VAN/BTCV/tester.py:25: UserWarning: saved at ./runs/BTCV_new/test_log/output_True_False/96-192-384-768_3-3-24-3_8-8-4-4_vae_inferer_valid_loader_VANV412/img0040.nii.gz
  warnings.warn("saved at {}".format(url))
/home/karimimonsefi.1/SSL_VAN/BTCV/tester.py:69: UserWarning: acc [ 0.998  0.966  0.955  0.957  0.597  0.712  0.970  0.908  0.824  0.822
  0.789  0.799  0.667  0.804]
  warnings.warn("acc {}".format(np.nan_to_num(acc.cpu().numpy()[0], nan=1.0)))
/home/karimimonsefi.1/SSL_VAN/BTCV/tester.py:90: UserWarning: test 5/6,
 Dice_background: 0.9976763129234314,
 Dice_spleen: 0.9581983685493469,
 Dice_rkid: 0.9400458335876465,
 Dice_lkid: 0.9335200190544128,
 Dice_gall: 0.7495110034942627,
 Dice_eso: 0.7580922245979309,
 Dice_liver: 0.9665105938911438,
 Dice_sto: 0.827239453792572,
 Dice_aorta: 0.8978683352470398,
 Dice_IVC: 0.8569512963294983,
 Dice_veins: 0.7237997055053711,
 Dice_pancreas: 0.7891586422920227,
 Dice_rad: 0.6784675121307373,
 Dice_lad: 0.6813772320747375
 time 5.67s
  warnings.warn("test {}/{},\n Dice_background: {},\n Dice_spleen: {},\n Dice_rkid: {},\n Dice_lkid: {},\n"
/home/karimimonsefi.1/SSL_VAN/BTCV/tester.py:98: UserWarning: Test 5/6  acc 0.8398869633674622  time 5.67s
  warnings.warn("Test {}/{}  acc {}  time {:.2f}s".format(idx, len(loader),
/home/karimimonsefi.1/SSL_VAN/BTCV/tester.py:130: UserWarning: Final test acc: 0.8399  time 60.74s
  warnings.warn("Final test acc: {:.4f}  time {:.2f}s".format(test_avg_acc, time.time() - epoch_time))
