/var/spool/slurmd/job52469/slurm_script: line 11: cd: SSL_VAN: No such file or directory

----------------------------------------------------------------------------
  cuda:
----------------------------------------------------------------------------
     Versions:
        cuda/10.2
        cuda/11.0
        cuda/11.2
        cuda/11.3
        cuda/11.4
        cuda/11.5
        cuda/11.6
        cuda/12.0

----------------------------------------------------------------------------
  For detailed information about a specific "cuda" package (including how to load the modules) use the module's full name.
  Note that names that have a trailing (E) are extensions provided by other modules.
  For example:

     $ module spider cuda/12.0
----------------------------------------------------------------------------

 


CommandNotFoundError: Your shell has not been properly configured to use 'conda activate'.
To initialize your shell, run

    $ conda init <SHELL_NAME>

Currently supported shells are:
  - bash
  - fish
  - tcsh
  - xonsh
  - zsh
  - powershell

See 'conda init --help' for more information and options.

IMPORTANT: You may need to close and restart your shell after running 'conda init'.


/home/karimimonsefi.1/miniconda3/lib/python3.9/site-packages/mmcv/__init__.py:20: UserWarning: On January 1, 2023, MMCV will release v2.0.0, in which it will remove components related to the training process and add a data transformation module. In addition, it will rename the package names mmcv to mmcv-lite and mmcv-full to mmcv. See https://github.com/open-mmlab/mmcv/blob/master/docs/en/compatibility.md for more details.
  warnings.warn(
/home/karimimonsefi.1/SSL_VAN/BTCV/main.py:103: UserWarning: Found total gpus 2
  warnings.warn("Found total gpus {}".format(args.ngpus_per_node))
/home/karimimonsefi.1/miniconda3/lib/python3.9/site-packages/mmcv/__init__.py:20: UserWarning: On January 1, 2023, MMCV will release v2.0.0, in which it will remove components related to the training process and add a data transformation module. In addition, it will rename the package names mmcv to mmcv-lite and mmcv-full to mmcv. See https://github.com/open-mmlab/mmcv/blob/master/docs/en/compatibility.md for more details.
  warnings.warn(
/home/karimimonsefi.1/miniconda3/lib/python3.9/site-packages/mmcv/__init__.py:20: UserWarning: On January 1, 2023, MMCV will release v2.0.0, in which it will remove components related to the training process and add a data transformation module. In addition, it will rename the package names mmcv to mmcv-lite and mmcv-full to mmcv. See https://github.com/open-mmlab/mmcv/blob/master/docs/en/compatibility.md for more details.
  warnings.warn(
/home/karimimonsefi.1/SSL_VAN/BTCV/main.py:184: UserWarning: 0 gpu 0
  warnings.warn(f"{args.rank} gpu {args.gpu}")
/home/karimimonsefi.1/SSL_VAN/BTCV/main.py:184: UserWarning: 1 gpu 1
  warnings.warn(f"{args.rank} gpu {args.gpu}")
/home/karimimonsefi.1/SSL_VAN/BTCV/main.py:186: UserWarning: Batch size is: 1 epochs 15000
  warnings.warn(f"Batch size is: {args.batch_size} epochs {args.max_epochs}")
/home/karimimonsefi.1/miniconda3/lib/python3.9/site-packages/monai/transforms/post/array.py:176: UserWarning: `to_onehot=True/False` is deprecated, please use `to_onehot=num_classes` instead.
  warnings.warn("`to_onehot=True/False` is deprecated, please use `to_onehot=num_classes` instead.")
/home/karimimonsefi.1/SSL_VAN/BTCV/main.py:252: UserWarning: Total parameters count 801505252
  warnings.warn(f"Total parameters count {pytorch_total_params}")
/home/karimimonsefi.1/SSL_VAN/BTCV/main.py:255: UserWarning: Total args.checkpoint True
  warnings.warn(f"Total args.checkpoint {args.checkpoint}")
/home/karimimonsefi.1/SSL_VAN/BTCV/main.py:262: UserWarning:  Best url model is 96-192-384-768_6-6-90-6_8-8-4-4_vae___VANV4GL_4__best.pt, final model url is 96-192-384-768_6-6-90-6_8-8-4-4_vae___VANV4GL_4__final.pt
  warnings.warn(f" Best url model is {args.best_model_url}, final model url is {args.final_model_url}")
/home/karimimonsefi.1/miniconda3/lib/python3.9/site-packages/monai/transforms/post/array.py:176: UserWarning: `to_onehot=True/False` is deprecated, please use `to_onehot=num_classes` instead.
  warnings.warn("`to_onehot=True/False` is deprecated, please use `to_onehot=num_classes` instead.")
/home/karimimonsefi.1/SSL_VAN/BTCV/main.py:252: UserWarning: Total parameters count 801505252
  warnings.warn(f"Total parameters count {pytorch_total_params}")
/home/karimimonsefi.1/SSL_VAN/BTCV/main.py:255: UserWarning: Total args.checkpoint True
  warnings.warn(f"Total args.checkpoint {args.checkpoint}")
/home/karimimonsefi.1/SSL_VAN/BTCV/main.py:262: UserWarning:  Best url model is 96-192-384-768_6-6-90-6_8-8-4-4_vae___VANV4GL_4__best.pt, final model url is 96-192-384-768_6-6-90-6_8-8-4-4_vae___VANV4GL_4__final.pt
  warnings.warn(f" Best url model is {args.best_model_url}, final model url is {args.final_model_url}")
/home/karimimonsefi.1/SSL_VAN/BTCV/trainer.py:140: UserWarning: Writing Tensorboard logs to ./runs/BTCV/test_log
  warnings.warn(f"Writing Tensorboard logs to {args.logdir}")
/home/karimimonsefi.1/SSL_VAN/BTCV/trainer.py:148: UserWarning: 0  Wed May  3 17:40:53 2023  Epoch: 0
  warnings.warn(f"{args.rank}  {time.ctime()}  Epoch: {epoch}")
/home/karimimonsefi.1/SSL_VAN/BTCV/trainer.py:148: UserWarning: 1  Wed May  3 17:40:53 2023  Epoch: 0
  warnings.warn(f"{args.rank}  {time.ctime()}  Epoch: {epoch}")
input_list/dataset_BTCV_List.json
input_list/dataset_BTCV_List.json
[W reducer.cpp:1298] Warning: find_unused_parameters=True was specified in DDP constructor, but did not find any unused parameters in the forward pass. This flag results in an extra traversal of the autograd graph every iteration,  which can adversely affect performance. If your model indeed never has any unused parameters in the forward pass, consider turning this flag off. Note that this warning may be a false positive if your model has flow control causing later iterations to have unused parameters. (function operator())
[W reducer.cpp:1298] Warning: find_unused_parameters=True was specified in DDP constructor, but did not find any unused parameters in the forward pass. This flag results in an extra traversal of the autograd graph every iteration,  which can adversely affect performance. If your model indeed never has any unused parameters in the forward pass, consider turning this flag off. Note that this warning may be a false positive if your model has flow control causing later iterations to have unused parameters. (function operator())
/home/karimimonsefi.1/SSL_VAN/BTCV/trainer.py:54: UserWarning: Epoch 0/15000 0/12  loss: 3.3909  time 27.24s
  warnings.warn(
/home/karimimonsefi.1/SSL_VAN/BTCV/trainer.py:54: UserWarning: Epoch 0/15000 1/12  loss: 3.3818  time 3.91s
  warnings.warn(
/home/karimimonsefi.1/SSL_VAN/BTCV/trainer.py:54: UserWarning: Epoch 0/15000 2/12  loss: 3.4010  time 4.03s
  warnings.warn(
/home/karimimonsefi.1/SSL_VAN/BTCV/trainer.py:54: UserWarning: Epoch 0/15000 3/12  loss: 3.4128  time 4.01s
  warnings.warn(
/home/karimimonsefi.1/SSL_VAN/BTCV/trainer.py:54: UserWarning: Epoch 0/15000 4/12  loss: 3.4103  time 6.05s
  warnings.warn(
/home/karimimonsefi.1/SSL_VAN/BTCV/trainer.py:54: UserWarning: Epoch 0/15000 5/12  loss: 3.4043  time 5.93s
  warnings.warn(
/home/karimimonsefi.1/SSL_VAN/BTCV/trainer.py:54: UserWarning: Epoch 0/15000 6/12  loss: 3.4050  time 5.47s
  warnings.warn(
/home/karimimonsefi.1/SSL_VAN/BTCV/trainer.py:54: UserWarning: Epoch 0/15000 7/12  loss: 3.4036  time 5.47s
  warnings.warn(
/home/karimimonsefi.1/SSL_VAN/BTCV/trainer.py:54: UserWarning: Epoch 0/15000 8/12  loss: 3.4017  time 5.50s
  warnings.warn(
/home/karimimonsefi.1/SSL_VAN/BTCV/trainer.py:54: UserWarning: Epoch 0/15000 9/12  loss: 3.3993  time 5.65s
  warnings.warn(
/home/karimimonsefi.1/SSL_VAN/BTCV/trainer.py:54: UserWarning: Epoch 0/15000 10/12  loss: 3.3985  time 5.46s
  warnings.warn(
/home/karimimonsefi.1/SSL_VAN/BTCV/trainer.py:54: UserWarning: Epoch 0/15000 11/12  loss: 3.3955  time 5.49s
  warnings.warn(
/home/karimimonsefi.1/SSL_VAN/BTCV/trainer.py:154: UserWarning: Final training  0/14999  loss: 3.3955  time 84.52s
  warnings.warn("Final training  {}/{}  loss: {:.4f}  time {:.2f}s".format(epoch, args.max_epochs - 1,
/home/karimimonsefi.1/SSL_VAN/BTCV/trainer.py:103: UserWarning: Val 0/15000 0/3  acc 0.04410843551158905  time 23.89s
  warnings.warn("Val {}/{} {}/{}  acc {}  time {:.2f}s".format(epoch, args.max_epochs, idx, len(loader),
/home/karimimonsefi.1/SSL_VAN/BTCV/trainer.py:103: UserWarning: Val 0/15000 1/3  acc 0.042633526027202606  time 31.72s
  warnings.warn("Val {}/{} {}/{}  acc {}  time {:.2f}s".format(epoch, args.max_epochs, idx, len(loader),
/home/karimimonsefi.1/SSL_VAN/BTCV/trainer.py:103: UserWarning: Val 0/15000 2/3  acc 0.04235073924064636  time 23.62s
  warnings.warn("Val {}/{} {}/{}  acc {}  time {:.2f}s".format(epoch, args.max_epochs, idx, len(loader),
/home/karimimonsefi.1/SSL_VAN/BTCV/trainer.py:178: UserWarning: Final validation  0/14999  acc: 0.0424  time 79.34s
  warnings.warn("Final validation  {}/{}  acc: {:.4f}  time {:.2f}s".format(epoch, args.max_epochs - 1,
/home/karimimonsefi.1/SSL_VAN/BTCV/trainer.py:184: UserWarning: new best (0.000000 --> 0.042351). 
  warnings.warn("new best ({:.6f} --> {:.6f}). ".format(val_acc_max, val_avg_acc))
/home/karimimonsefi.1/SSL_VAN/BTCV/trainer.py:118: UserWarning: Saving checkpoint ./runs/BTCV/test_log/96-192-384-768_6-6-90-6_8-8-4-4_vae___VANV4GL_4__final.pt
  warnings.warn(f"Saving checkpoint {filename}")
/home/karimimonsefi.1/SSL_VAN/BTCV/trainer.py:195: UserWarning: Copying to best model new best model!!!!
  warnings.warn("Copying to best model new best model!!!!")
/home/karimimonsefi.1/SSL_VAN/BTCV/trainer.py:148: UserWarning: 0  Wed May  3 17:50:49 2023  Epoch: 1
  warnings.warn(f"{args.rank}  {time.ctime()}  Epoch: {epoch}")
/home/karimimonsefi.1/SSL_VAN/BTCV/trainer.py:148: UserWarning: 1  Wed May  3 17:50:49 2023  Epoch: 1
  warnings.warn(f"{args.rank}  {time.ctime()}  Epoch: {epoch}")
/home/karimimonsefi.1/SSL_VAN/BTCV/trainer.py:54: UserWarning: Epoch 1/15000 0/12  loss: 3.3868  time 10.35s
  warnings.warn(
/home/karimimonsefi.1/SSL_VAN/BTCV/trainer.py:54: UserWarning: Epoch 1/15000 1/12  loss: 3.3741  time 5.47s
  warnings.warn(
/home/karimimonsefi.1/SSL_VAN/BTCV/trainer.py:54: UserWarning: Epoch 1/15000 2/12  loss: 3.3603  time 5.68s
  warnings.warn(
/home/karimimonsefi.1/SSL_VAN/BTCV/trainer.py:54: UserWarning: Epoch 1/15000 3/12  loss: 3.3699  time 5.48s
  warnings.warn(
/home/karimimonsefi.1/SSL_VAN/BTCV/trainer.py:54: UserWarning: Epoch 1/15000 4/12  loss: 3.3793  time 5.57s
  warnings.warn(
/home/karimimonsefi.1/SSL_VAN/BTCV/trainer.py:54: UserWarning: Epoch 1/15000 5/12  loss: 3.3796  time 5.49s
  warnings.warn(
/home/karimimonsefi.1/SSL_VAN/BTCV/trainer.py:54: UserWarning: Epoch 1/15000 6/12  loss: 3.3820  time 5.69s
  warnings.warn(
/home/karimimonsefi.1/SSL_VAN/BTCV/trainer.py:54: UserWarning: Epoch 1/15000 7/12  loss: 3.3849  time 5.49s
  warnings.warn(
/home/karimimonsefi.1/SSL_VAN/BTCV/trainer.py:54: UserWarning: Epoch 1/15000 8/12  loss: 3.3852  time 5.46s
  warnings.warn(
/home/karimimonsefi.1/SSL_VAN/BTCV/trainer.py:54: UserWarning: Epoch 1/15000 9/12  loss: 3.3864  time 5.53s
  warnings.warn(
/home/karimimonsefi.1/SSL_VAN/BTCV/trainer.py:54: UserWarning: Epoch 1/15000 10/12  loss: 3.3869  time 5.41s
  warnings.warn(
/home/karimimonsefi.1/SSL_VAN/BTCV/trainer.py:54: UserWarning: Epoch 1/15000 11/12  loss: 3.3878  time 5.63s
  warnings.warn(
/home/karimimonsefi.1/SSL_VAN/BTCV/trainer.py:154: UserWarning: Final training  1/14999  loss: 3.3878  time 71.50s
  warnings.warn("Final training  {}/{}  loss: {:.4f}  time {:.2f}s".format(epoch, args.max_epochs - 1,
/home/karimimonsefi.1/SSL_VAN/BTCV/trainer.py:103: UserWarning: Val 1/15000 0/3  acc 0.04707367345690727  time 23.09s
  warnings.warn("Val {}/{} {}/{}  acc {}  time {:.2f}s".format(epoch, args.max_epochs, idx, len(loader),
/home/karimimonsefi.1/SSL_VAN/BTCV/trainer.py:103: UserWarning: Val 1/15000 1/3  acc 0.04534558206796646  time 29.95s
  warnings.warn("Val {}/{} {}/{}  acc {}  time {:.2f}s".format(epoch, args.max_epochs, idx, len(loader),
/home/karimimonsefi.1/SSL_VAN/BTCV/trainer.py:103: UserWarning: Val 1/15000 2/3  acc 0.045065656304359436  time 23.70s
  warnings.warn("Val {}/{} {}/{}  acc {}  time {:.2f}s".format(epoch, args.max_epochs, idx, len(loader),
/home/karimimonsefi.1/SSL_VAN/BTCV/trainer.py:178: UserWarning: Final validation  1/14999  acc: 0.0451  time 76.86s
  warnings.warn("Final validation  {}/{}  acc: {:.4f}  time {:.2f}s".format(epoch, args.max_epochs - 1,
/home/karimimonsefi.1/SSL_VAN/BTCV/trainer.py:184: UserWarning: new best (0.042351 --> 0.045066). 
  warnings.warn("new best ({:.6f} --> {:.6f}). ".format(val_acc_max, val_avg_acc))
