/var/spool/slurmd/job64355/slurm_script: line 11: cd: SSL_VAN: No such file or directory

----------------------------------------------------------------------------
  cuda:
----------------------------------------------------------------------------
     Versions:
        cuda/10.2
        cuda/11.0
        cuda/11.2
        cuda/11.3
        cuda/11.4
        cuda/11.5
        cuda/11.6
        cuda/11.7
        cuda/11.8
        cuda/12.0

----------------------------------------------------------------------------
  For detailed information about a specific "cuda" package (including how to load the modules) use the module's full name.
  Note that names that have a trailing (E) are extensions provided by other modules.
  For example:

     $ module spider cuda/12.0
----------------------------------------------------------------------------

 


CommandNotFoundError: Your shell has not been properly configured to use 'conda activate'.
To initialize your shell, run

    $ conda init <SHELL_NAME>

Currently supported shells are:
  - bash
  - fish
  - tcsh
  - xonsh
  - zsh
  - powershell

See 'conda init --help' for more information and options.

IMPORTANT: You may need to close and restart your shell after running 'conda init'.


/home/karimimonsefi.1/miniconda3/lib/python3.9/site-packages/mmcv/__init__.py:20: UserWarning: On January 1, 2023, MMCV will release v2.0.0, in which it will remove components related to the training process and add a data transformation module. In addition, it will rename the package names mmcv to mmcv-lite and mmcv-full to mmcv. See https://github.com/open-mmlab/mmcv/blob/master/docs/en/compatibility.md for more details.
  warnings.warn(
/home/karimimonsefi.1/SSL_VAN/BTCV/main.py:108: UserWarning: Found total gpus 2
  warnings.warn("Found total gpus {}".format(args.ngpus_per_node))
/home/karimimonsefi.1/miniconda3/lib/python3.9/site-packages/mmcv/__init__.py:20: UserWarning: On January 1, 2023, MMCV will release v2.0.0, in which it will remove components related to the training process and add a data transformation module. In addition, it will rename the package names mmcv to mmcv-lite and mmcv-full to mmcv. See https://github.com/open-mmlab/mmcv/blob/master/docs/en/compatibility.md for more details.
  warnings.warn(
/home/karimimonsefi.1/miniconda3/lib/python3.9/site-packages/mmcv/__init__.py:20: UserWarning: On January 1, 2023, MMCV will release v2.0.0, in which it will remove components related to the training process and add a data transformation module. In addition, it will rename the package names mmcv to mmcv-lite and mmcv-full to mmcv. See https://github.com/open-mmlab/mmcv/blob/master/docs/en/compatibility.md for more details.
  warnings.warn(
/home/karimimonsefi.1/SSL_VAN/BTCV/main.py:128: UserWarning: 1 gpu 1
  warnings.warn(f"{args.rank} gpu {args.gpu}")
/home/karimimonsefi.1/SSL_VAN/BTCV/main.py:128: UserWarning: 0 gpu 0
  warnings.warn(f"{args.rank} gpu {args.gpu}")
/home/karimimonsefi.1/SSL_VAN/BTCV/main.py:130: UserWarning: Batch size is: 4 epochs 5000
  warnings.warn(f"Batch size is: {args.batch_size} epochs {args.max_epochs}")
/home/karimimonsefi.1/SSL_VAN/commons/pre_trained_loader.py:13: UserWarning: new_state_dict len is 0 - before
  warnings.warn(f"new_state_dict len is {len(new_state_dict)} - before")
/home/karimimonsefi.1/SSL_VAN/commons/pre_trained_loader.py:18: UserWarning: new_state_dict len is 746 - after
  warnings.warn(f"new_state_dict len is {len(new_state_dict)} - after")
/home/karimimonsefi.1/SSL_VAN/commons/pre_trained_loader.py:13: UserWarning: new_state_dict len is 0 - before
  warnings.warn(f"new_state_dict len is {len(new_state_dict)} - before")
/home/karimimonsefi.1/SSL_VAN/commons/pre_trained_loader.py:18: UserWarning: new_state_dict len is 746 - after
  warnings.warn(f"new_state_dict len is {len(new_state_dict)} - after")
/home/karimimonsefi.1/SSL_VAN/commons/pre_trained_loader.py:20: UserWarning: VANV412 - Using pretrained self-supervised backbone weights !
  warnings.warn(f"{args.model_v} - Using pretrained self-supervised backbone weights !")
/home/karimimonsefi.1/SSL_VAN/commons/pre_trained_loader.py:26: UserWarning: Number of matched keys loaded: 14
  warnings.warn(f"Number of matched keys loaded: {matched_keys}")
/home/karimimonsefi.1/miniconda3/lib/python3.9/site-packages/monai/transforms/post/array.py:176: UserWarning: `to_onehot=True/False` is deprecated, please use `to_onehot=num_classes` instead.
  warnings.warn("`to_onehot=True/False` is deprecated, please use `to_onehot=num_classes` instead.")
/home/karimimonsefi.1/SSL_VAN/commons/pre_trained_loader.py:20: UserWarning: VANV412 - Using pretrained self-supervised backbone weights !
  warnings.warn(f"{args.model_v} - Using pretrained self-supervised backbone weights !")
/home/karimimonsefi.1/SSL_VAN/BTCV/main.py:164: UserWarning: Total parameters count 40256426
  warnings.warn(f"Total parameters count {pytorch_total_params}")
/home/karimimonsefi.1/SSL_VAN/BTCV/main.py:167: UserWarning: Total args.checkpoint True
  warnings.warn(f"Total args.checkpoint {args.checkpoint}")
/home/karimimonsefi.1/SSL_VAN/commons/pre_trained_loader.py:26: UserWarning: Number of matched keys loaded: 14
  warnings.warn(f"Number of matched keys loaded: {matched_keys}")
/home/karimimonsefi.1/SSL_VAN/commons/util.py:6: UserWarning:  base_url is 64-128-256-512_3-4-6-3_8-8-4-4_vae_inferer_valid_loader_VANV412_pre
  warnings.warn(f" base_url is {base_url}")
/home/karimimonsefi.1/SSL_VAN/commons/util.py:8: UserWarning:  output_url 1 is ./runs/BTCV_new/test_log40/output_True_False
  warnings.warn(f" output_url 1 is {output_url}")
/home/karimimonsefi.1/SSL_VAN/commons/util.py:9: UserWarning:  exists 1 is True
  warnings.warn(f" exists 1 is {os.path.exists(output_url)}")
/home/karimimonsefi.1/SSL_VAN/commons/util.py:13: UserWarning:  output_url 2 is ./runs/BTCV_new/test_log40/output_True_False/64-128-256-512_3-4-6-3_8-8-4-4_vae_inferer_valid_loader_VANV412_pre
  warnings.warn(f" output_url 2 is {output_url}")
/home/karimimonsefi.1/SSL_VAN/commons/util.py:14: UserWarning:  exists 2 is True
  warnings.warn(f" exists 2 is {os.path.exists(output_url)}")
/home/karimimonsefi.1/SSL_VAN/commons/util.py:20: UserWarning:  Best url model is 64-128-256-512_3-4-6-3_8-8-4-4_vae_inferer_valid_loader_VANV412_pre__best.pt, final model url is 64-128-256-512_3-4-6-3_8-8-4-4_vae_inferer_valid_loader_VANV412_pre__final.pt
  warnings.warn(f" Best url model is {args.best_model_url}, final model url is {args.final_model_url}")
/home/karimimonsefi.1/miniconda3/lib/python3.9/site-packages/monai/transforms/post/array.py:176: UserWarning: `to_onehot=True/False` is deprecated, please use `to_onehot=num_classes` instead.
  warnings.warn("`to_onehot=True/False` is deprecated, please use `to_onehot=num_classes` instead.")
/home/karimimonsefi.1/SSL_VAN/BTCV/main.py:164: UserWarning: Total parameters count 40256426
  warnings.warn(f"Total parameters count {pytorch_total_params}")
/home/karimimonsefi.1/SSL_VAN/BTCV/main.py:167: UserWarning: Total args.checkpoint True
  warnings.warn(f"Total args.checkpoint {args.checkpoint}")
/home/karimimonsefi.1/SSL_VAN/commons/util.py:6: UserWarning:  base_url is 64-128-256-512_3-4-6-3_8-8-4-4_vae_inferer_valid_loader_VANV412_pre
  warnings.warn(f" base_url is {base_url}")
/home/karimimonsefi.1/SSL_VAN/commons/util.py:8: UserWarning:  output_url 1 is ./runs/BTCV_new/test_log40/output_True_False
  warnings.warn(f" output_url 1 is {output_url}")
/home/karimimonsefi.1/SSL_VAN/commons/util.py:9: UserWarning:  exists 1 is True
  warnings.warn(f" exists 1 is {os.path.exists(output_url)}")
/home/karimimonsefi.1/SSL_VAN/commons/util.py:13: UserWarning:  output_url 2 is ./runs/BTCV_new/test_log40/output_True_False/64-128-256-512_3-4-6-3_8-8-4-4_vae_inferer_valid_loader_VANV412_pre
  warnings.warn(f" output_url 2 is {output_url}")
/home/karimimonsefi.1/SSL_VAN/commons/util.py:14: UserWarning:  exists 2 is True
  warnings.warn(f" exists 2 is {os.path.exists(output_url)}")
/home/karimimonsefi.1/SSL_VAN/commons/util.py:20: UserWarning:  Best url model is 64-128-256-512_3-4-6-3_8-8-4-4_vae_inferer_valid_loader_VANV412_pre__best.pt, final model url is 64-128-256-512_3-4-6-3_8-8-4-4_vae_inferer_valid_loader_VANV412_pre__final.pt
  warnings.warn(f" Best url model is {args.best_model_url}, final model url is {args.final_model_url}")
/home/karimimonsefi.1/SSL_VAN/BTCV/main.py:181: UserWarning: => loaded checkpoint 'True' (epoch 4406) (bestacc 0.8173026442527771)
  warnings.warn("=> loaded checkpoint '{}' (epoch {}) (bestacc {})".format(
/home/karimimonsefi.1/SSL_VAN/BTCV/main.py:181: UserWarning: => loaded checkpoint 'True' (epoch 4406) (bestacc 0.8173026442527771)
  warnings.warn("=> loaded checkpoint '{}' (epoch {}) (bestacc {})".format(
input_list/dataset_BTCV_List.json
input_list/dataset_BTCV_List.json
/home/karimimonsefi.1/SSL_VAN/BTCV/tester.py:37: UserWarning: image_name img0035.nii.gz
  warnings.warn("image_name {}".format(image_name))
/home/karimimonsefi.1/SSL_VAN/BTCV/tester.py:37: UserWarning: image_name img0036.nii.gz
  warnings.warn("image_name {}".format(image_name))
/home/karimimonsefi.1/SSL_VAN/BTCV/tester.py:21: UserWarning: image shape(314, 314, 234)
  warnings.warn("image shape{}".format(image.shape))
/home/karimimonsefi.1/SSL_VAN/BTCV/tester.py:25: UserWarning: saved at ./runs/BTCV_new/test_log40/output_True_False/64-128-256-512_3-4-6-3_8-8-4-4_vae_inferer_valid_loader_VANV412_pre/img0035.nii.gz
  warnings.warn("saved at {}".format(url))
/home/karimimonsefi.1/SSL_VAN/BTCV/tester.py:21: UserWarning: image shape(255, 255, 276)
  warnings.warn("image shape{}".format(image.shape))
/home/karimimonsefi.1/SSL_VAN/BTCV/tester.py:25: UserWarning: saved at ./runs/BTCV_new/test_log40/output_True_False/64-128-256-512_3-4-6-3_8-8-4-4_vae_inferer_valid_loader_VANV412_pre/img0036.nii.gz
  warnings.warn("saved at {}".format(url))
Traceback (most recent call last):
  File "/home/karimimonsefi.1/SSL_VAN/BTCV/main.py", line 225, in <module>
    main()
  File "/home/karimimonsefi.1/SSL_VAN/BTCV/main.py", line 110, in main
    mp.spawn(main_worker, nprocs=args.ngpus_per_node, args=(args,))
  File "/home/karimimonsefi.1/miniconda3/lib/python3.9/site-packages/torch/multiprocessing/spawn.py", line 240, in spawn
    return start_processes(fn, args, nprocs, join, daemon, start_method='spawn')
  File "/home/karimimonsefi.1/miniconda3/lib/python3.9/site-packages/torch/multiprocessing/spawn.py", line 198, in start_processes
    while not context.join():
  File "/home/karimimonsefi.1/miniconda3/lib/python3.9/site-packages/torch/multiprocessing/spawn.py", line 160, in join
    raise ProcessRaisedException(msg, error_index, failed_process.pid)
torch.multiprocessing.spawn.ProcessRaisedException: 

-- Process 0 terminated with the following error:
Traceback (most recent call last):
  File "/home/karimimonsefi.1/miniconda3/lib/python3.9/site-packages/torch/multiprocessing/spawn.py", line 69, in _wrap
    fn(i, *args)
  File "/home/karimimonsefi.1/SSL_VAN/BTCV/main.py", line 195, in main_worker
    accuracy = run_testing(model=model,
  File "/home/karimimonsefi.1/SSL_VAN/BTCV/tester.py", line 119, in run_testing
    test_avg_acc = test_eval(
  File "/home/karimimonsefi.1/SSL_VAN/BTCV/tester.py", line 66, in test_eval
    for al, nl in zip(acc_list):
ValueError: not enough values to unpack (expected 2, got 1)

