/var/spool/slurmd/job71837/slurm_script: line 11: cd: SSL_VAN: No such file or directory

----------------------------------------------------------------------------
  cuda:
----------------------------------------------------------------------------
     Versions:
        cuda/10.2
        cuda/11.0
        cuda/11.2
        cuda/11.3
        cuda/11.4
        cuda/11.5
        cuda/11.6
        cuda/11.7
        cuda/11.8
        cuda/12.0

----------------------------------------------------------------------------
  For detailed information about a specific "cuda" package (including how to load the modules) use the module's full name.
  Note that names that have a trailing (E) are extensions provided by other modules.
  For example:

     $ module spider cuda/12.0
----------------------------------------------------------------------------

 


CommandNotFoundError: Your shell has not been properly configured to use 'conda activate'.
To initialize your shell, run

    $ conda init <SHELL_NAME>

Currently supported shells are:
  - bash
  - fish
  - tcsh
  - xonsh
  - zsh
  - powershell

See 'conda init --help' for more information and options.

IMPORTANT: You may need to close and restart your shell after running 'conda init'.


/home/karimimonsefi.1/miniconda3/lib/python3.9/site-packages/mmcv/__init__.py:20: UserWarning: On January 1, 2023, MMCV will release v2.0.0, in which it will remove components related to the training process and add a data transformation module. In addition, it will rename the package names mmcv to mmcv-lite and mmcv-full to mmcv. See https://github.com/open-mmlab/mmcv/blob/master/docs/en/compatibility.md for more details.
  warnings.warn(
/home/karimimonsefi.1/SSL_VAN/BTCV/main.py:109: UserWarning: Found total gpus 2
  warnings.warn("Found total gpus {}".format(args.ngpus_per_node))
/home/karimimonsefi.1/miniconda3/lib/python3.9/site-packages/mmcv/__init__.py:20: UserWarning: On January 1, 2023, MMCV will release v2.0.0, in which it will remove components related to the training process and add a data transformation module. In addition, it will rename the package names mmcv to mmcv-lite and mmcv-full to mmcv. See https://github.com/open-mmlab/mmcv/blob/master/docs/en/compatibility.md for more details.
  warnings.warn(
/home/karimimonsefi.1/miniconda3/lib/python3.9/site-packages/mmcv/__init__.py:20: UserWarning: On January 1, 2023, MMCV will release v2.0.0, in which it will remove components related to the training process and add a data transformation module. In addition, it will rename the package names mmcv to mmcv-lite and mmcv-full to mmcv. See https://github.com/open-mmlab/mmcv/blob/master/docs/en/compatibility.md for more details.
  warnings.warn(
/home/karimimonsefi.1/SSL_VAN/BTCV/main.py:129: UserWarning: 0 gpu 0
  warnings.warn(f"{args.rank} gpu {args.gpu}")
/home/karimimonsefi.1/SSL_VAN/BTCV/main.py:131: UserWarning: Batch size is: 1 epochs 7800
  warnings.warn(f"Batch size is: {args.batch_size} epochs {args.max_epochs}")
/home/karimimonsefi.1/SSL_VAN/BTCV/main.py:129: UserWarning: 1 gpu 1
  warnings.warn(f"{args.rank} gpu {args.gpu}")
/home/karimimonsefi.1/SSL_VAN/commons/models/van_v4_122gl.py:11: UserWarning: embed_dims GL = [96, 192, 384, 768]
  warnings.warn(f'embed_dims GL = {embed_dims}')
/home/karimimonsefi.1/SSL_VAN/commons/models/van_v4_122gl.py:11: UserWarning: embed_dims GL = [96, 192, 384, 768]
  warnings.warn(f'embed_dims GL = {embed_dims}')
/home/karimimonsefi.1/SSL_VAN/commons/pre_trained_loader.py:13: UserWarning: new_state_dict len is 0 - before
  warnings.warn(f"new_state_dict len is {len(new_state_dict)} - before")
/home/karimimonsefi.1/SSL_VAN/commons/pre_trained_loader.py:13: UserWarning: new_state_dict len is 0 - before
  warnings.warn(f"new_state_dict len is {len(new_state_dict)} - before")
/home/karimimonsefi.1/SSL_VAN/commons/pre_trained_loader.py:23: UserWarning: new_state_dict len is 3945 - after
  warnings.warn(f"new_state_dict len is {len(new_state_dict)} - after")
/home/karimimonsefi.1/SSL_VAN/commons/pre_trained_loader.py:23: UserWarning: new_state_dict len is 3945 - after
  warnings.warn(f"new_state_dict len is {len(new_state_dict)} - after")
/home/karimimonsefi.1/SSL_VAN/commons/pre_trained_loader.py:25: UserWarning: VANV4122GL - Using pretrained self-supervised backbone weights !
  warnings.warn(f"{args.model_v} - Using pretrained self-supervised backbone weights !")
/home/karimimonsefi.1/SSL_VAN/commons/pre_trained_loader.py:31: UserWarning: Number of missing keys loaded: 8
  warnings.warn(f"Number of missing keys loaded: {matched_keys}")
/home/karimimonsefi.1/miniconda3/lib/python3.9/site-packages/monai/transforms/post/array.py:176: UserWarning: `to_onehot=True/False` is deprecated, please use `to_onehot=num_classes` instead.
  warnings.warn("`to_onehot=True/False` is deprecated, please use `to_onehot=num_classes` instead.")
/home/karimimonsefi.1/SSL_VAN/BTCV/main.py:165: UserWarning: Total parameters count 172580904
  warnings.warn(f"Total parameters count {pytorch_total_params}")
/home/karimimonsefi.1/SSL_VAN/BTCV/main.py:168: UserWarning: Total args.checkpoint True
  warnings.warn(f"Total args.checkpoint {args.checkpoint}")
/home/karimimonsefi.1/SSL_VAN/commons/util.py:6: UserWarning:  base_url is 96-192-384-768_3-3-24-3_8-8-4-4_vae_inferer_valid_loader_VANV4122GL_pre
  warnings.warn(f" base_url is {base_url}")
/home/karimimonsefi.1/SSL_VAN/commons/util.py:8: UserWarning:  output_url 1 is ./runs/BTCV_new/test_log80/output_False_False
  warnings.warn(f" output_url 1 is {output_url}")
/home/karimimonsefi.1/SSL_VAN/commons/util.py:9: UserWarning:  exists 1 is True
  warnings.warn(f" exists 1 is {os.path.exists(output_url)}")
/home/karimimonsefi.1/SSL_VAN/commons/util.py:13: UserWarning:  output_url 2 is ./runs/BTCV_new/test_log80/output_False_False/96-192-384-768_3-3-24-3_8-8-4-4_vae_inferer_valid_loader_VANV4122GL_pre
  warnings.warn(f" output_url 2 is {output_url}")
/home/karimimonsefi.1/SSL_VAN/commons/util.py:14: UserWarning:  exists 2 is True
  warnings.warn(f" exists 2 is {os.path.exists(output_url)}")
/home/karimimonsefi.1/SSL_VAN/commons/util.py:20: UserWarning:  Best url model is 96-192-384-768_3-3-24-3_8-8-4-4_vae_inferer_valid_loader_VANV4122GL_pre__best.pt, final model url is 96-192-384-768_3-3-24-3_8-8-4-4_vae_inferer_valid_loader_VANV4122GL_pre__final.pt
  warnings.warn(f" Best url model is {args.best_model_url}, final model url is {args.final_model_url}")
/home/karimimonsefi.1/SSL_VAN/commons/pre_trained_loader.py:25: UserWarning: VANV4122GL - Using pretrained self-supervised backbone weights !
  warnings.warn(f"{args.model_v} - Using pretrained self-supervised backbone weights !")
/home/karimimonsefi.1/SSL_VAN/commons/pre_trained_loader.py:31: UserWarning: Number of missing keys loaded: 8
  warnings.warn(f"Number of missing keys loaded: {matched_keys}")
/home/karimimonsefi.1/miniconda3/lib/python3.9/site-packages/monai/transforms/post/array.py:176: UserWarning: `to_onehot=True/False` is deprecated, please use `to_onehot=num_classes` instead.
  warnings.warn("`to_onehot=True/False` is deprecated, please use `to_onehot=num_classes` instead.")
/home/karimimonsefi.1/SSL_VAN/BTCV/main.py:165: UserWarning: Total parameters count 172580904
  warnings.warn(f"Total parameters count {pytorch_total_params}")
/home/karimimonsefi.1/SSL_VAN/BTCV/main.py:168: UserWarning: Total args.checkpoint True
  warnings.warn(f"Total args.checkpoint {args.checkpoint}")
/home/karimimonsefi.1/SSL_VAN/commons/util.py:6: UserWarning:  base_url is 96-192-384-768_3-3-24-3_8-8-4-4_vae_inferer_valid_loader_VANV4122GL_pre
  warnings.warn(f" base_url is {base_url}")
/home/karimimonsefi.1/SSL_VAN/commons/util.py:8: UserWarning:  output_url 1 is ./runs/BTCV_new/test_log80/output_False_False
  warnings.warn(f" output_url 1 is {output_url}")
/home/karimimonsefi.1/SSL_VAN/commons/util.py:9: UserWarning:  exists 1 is True
  warnings.warn(f" exists 1 is {os.path.exists(output_url)}")
/home/karimimonsefi.1/SSL_VAN/commons/util.py:13: UserWarning:  output_url 2 is ./runs/BTCV_new/test_log80/output_False_False/96-192-384-768_3-3-24-3_8-8-4-4_vae_inferer_valid_loader_VANV4122GL_pre
  warnings.warn(f" output_url 2 is {output_url}")
/home/karimimonsefi.1/SSL_VAN/commons/util.py:14: UserWarning:  exists 2 is True
  warnings.warn(f" exists 2 is {os.path.exists(output_url)}")
/home/karimimonsefi.1/SSL_VAN/commons/util.py:20: UserWarning:  Best url model is 96-192-384-768_3-3-24-3_8-8-4-4_vae_inferer_valid_loader_VANV4122GL_pre__best.pt, final model url is 96-192-384-768_3-3-24-3_8-8-4-4_vae_inferer_valid_loader_VANV4122GL_pre__final.pt
  warnings.warn(f" Best url model is {args.best_model_url}, final model url is {args.final_model_url}")
/home/karimimonsefi.1/SSL_VAN/BTCV/main.py:182: UserWarning: => loaded checkpoint 'True' (epoch 2497) (bestacc 0.842430591583252)
  warnings.warn("=> loaded checkpoint '{}' (epoch {}) (bestacc {})".format(
/home/karimimonsefi.1/SSL_VAN/BTCV/main.py:182: UserWarning: => loaded checkpoint 'True' (epoch 2497) (bestacc 0.842430591583252)
  warnings.warn("=> loaded checkpoint '{}' (epoch {}) (bestacc {})".format(
/home/karimimonsefi.1/SSL_VAN/BTCV/trainer.py:146: UserWarning: Writing Tensorboard logs to ./runs/BTCV_new/test_log80
  warnings.warn(f"Writing Tensorboard logs to {args.logdir}")
/home/karimimonsefi.1/SSL_VAN/BTCV/trainer.py:154: UserWarning: 0  Mon Jul 31 07:13:35 2023  Epoch: 2497
  warnings.warn(f"{args.rank}  {time.ctime()}  Epoch: {epoch}")
/home/karimimonsefi.1/SSL_VAN/BTCV/trainer.py:154: UserWarning: 1  Mon Jul 31 07:13:35 2023  Epoch: 2497
  warnings.warn(f"{args.rank}  {time.ctime()}  Epoch: {epoch}")
input_list/dataset_BTCV_List.json
input_list/dataset_BTCV_List.json
[W reducer.cpp:1298] Warning: find_unused_parameters=True was specified in DDP constructor, but did not find any unused parameters in the forward pass. This flag results in an extra traversal of the autograd graph every iteration,  which can adversely affect performance. If your model indeed never has any unused parameters in the forward pass, consider turning this flag off. Note that this warning may be a false positive if your model has flow control causing later iterations to have unused parameters. (function operator())
[W reducer.cpp:1298] Warning: find_unused_parameters=True was specified in DDP constructor, but did not find any unused parameters in the forward pass. This flag results in an extra traversal of the autograd graph every iteration,  which can adversely affect performance. If your model indeed never has any unused parameters in the forward pass, consider turning this flag off. Note that this warning may be a false positive if your model has flow control causing later iterations to have unused parameters. (function operator())
/home/karimimonsefi.1/SSL_VAN/BTCV/trainer.py:58: UserWarning: Epoch 2497/7800 0/15  loss: 0.7006  time 41.14s
  warnings.warn(
/home/karimimonsefi.1/SSL_VAN/BTCV/trainer.py:58: UserWarning: Epoch 2497/7800 1/15  loss: 0.7029  time 1.07s
  warnings.warn(
/home/karimimonsefi.1/SSL_VAN/BTCV/trainer.py:58: UserWarning: Epoch 2497/7800 2/15  loss: 0.6723  time 1.06s
  warnings.warn(
/home/karimimonsefi.1/SSL_VAN/BTCV/trainer.py:58: UserWarning: Epoch 2497/7800 3/15  loss: 0.6431  time 1.07s
  warnings.warn(
/home/karimimonsefi.1/SSL_VAN/BTCV/trainer.py:58: UserWarning: Epoch 2497/7800 4/15  loss: 0.6790  time 1.06s
  warnings.warn(
/home/karimimonsefi.1/SSL_VAN/BTCV/trainer.py:58: UserWarning: Epoch 2497/7800 5/15  loss: 0.6935  time 1.07s
  warnings.warn(
/home/karimimonsefi.1/SSL_VAN/BTCV/trainer.py:58: UserWarning: Epoch 2497/7800 6/15  loss: 0.6903  time 1.07s
  warnings.warn(
/home/karimimonsefi.1/SSL_VAN/BTCV/trainer.py:58: UserWarning: Epoch 2497/7800 7/15  loss: 0.6754  time 1.07s
  warnings.warn(
/home/karimimonsefi.1/SSL_VAN/BTCV/trainer.py:58: UserWarning: Epoch 2497/7800 8/15  loss: 0.6780  time 1.06s
  warnings.warn(
/home/karimimonsefi.1/SSL_VAN/BTCV/trainer.py:58: UserWarning: Epoch 2497/7800 9/15  loss: 0.6742  time 1.06s
  warnings.warn(
/home/karimimonsefi.1/SSL_VAN/BTCV/trainer.py:58: UserWarning: Epoch 2497/7800 10/15  loss: 0.6811  time 1.06s
  warnings.warn(
/home/karimimonsefi.1/SSL_VAN/BTCV/trainer.py:58: UserWarning: Epoch 2497/7800 11/15  loss: 0.6706  time 1.07s
  warnings.warn(
/home/karimimonsefi.1/SSL_VAN/BTCV/trainer.py:58: UserWarning: Epoch 2497/7800 12/15  loss: 0.6729  time 1.06s
  warnings.warn(
/home/karimimonsefi.1/SSL_VAN/BTCV/trainer.py:58: UserWarning: Epoch 2497/7800 13/15  loss: 0.6698  time 1.07s
  warnings.warn(
/home/karimimonsefi.1/SSL_VAN/BTCV/trainer.py:58: UserWarning: Epoch 2497/7800 14/15  loss: 0.6674  time 1.06s
  warnings.warn(
/home/karimimonsefi.1/SSL_VAN/BTCV/trainer.py:160: UserWarning: Final training  2497/7799  loss: 0.6674  time 56.10s
  warnings.warn("Final training  {}/{}  loss: {:.4f}  time {:.2f}s".format(epoch, args.max_epochs - 1,
/home/karimimonsefi.1/miniconda3/lib/python3.9/site-packages/monai/inferers/utils.py:253: UserWarning: Sliding window inference results contain NaN or Inf.
  warnings.warn("Sliding window inference results contain NaN or Inf.")
/home/karimimonsefi.1/miniconda3/lib/python3.9/site-packages/monai/inferers/utils.py:253: UserWarning: Sliding window inference results contain NaN or Inf.
  warnings.warn("Sliding window inference results contain NaN or Inf.")
/home/karimimonsefi.1/SSL_VAN/BTCV/trainer.py:107: UserWarning: Val 2497/7800 0/3  acc [ 0.430]  time 8.09s
  warnings.warn("Val {}/{} {}/{}  acc {}  time {:.2f}s".format(epoch, args.max_epochs, idx, len(loader),
/home/karimimonsefi.1/SSL_VAN/BTCV/trainer.py:109: UserWarning: Val 2497/7800 0/3  acc 0.43019336462020874  time 8.09s
  warnings.warn("Val {}/{} {}/{}  acc {}  time {:.2f}s".format(epoch, args.max_epochs, idx, len(loader),
/home/karimimonsefi.1/SSL_VAN/BTCV/trainer.py:107: UserWarning: Val 2497/7800 1/3  acc [ 0.375]  time 9.25s
  warnings.warn("Val {}/{} {}/{}  acc {}  time {:.2f}s".format(epoch, args.max_epochs, idx, len(loader),
/home/karimimonsefi.1/SSL_VAN/BTCV/trainer.py:109: UserWarning: Val 2497/7800 1/3  acc 0.3752514719963074  time 9.25s
  warnings.warn("Val {}/{} {}/{}  acc {}  time {:.2f}s".format(epoch, args.max_epochs, idx, len(loader),
/home/karimimonsefi.1/SSL_VAN/BTCV/trainer.py:107: UserWarning: Val 2497/7800 2/3  acc [ 0.395]  time 4.90s
  warnings.warn("Val {}/{} {}/{}  acc {}  time {:.2f}s".format(epoch, args.max_epochs, idx, len(loader),
/home/karimimonsefi.1/SSL_VAN/BTCV/trainer.py:109: UserWarning: Val 2497/7800 2/3  acc 0.39482995867729187  time 4.90s
  warnings.warn("Val {}/{} {}/{}  acc {}  time {:.2f}s".format(epoch, args.max_epochs, idx, len(loader),
/home/karimimonsefi.1/SSL_VAN/BTCV/trainer.py:184: UserWarning: Final validation  2497/7799  acc: 0.3948  time 22.25s
  warnings.warn("Final validation  {}/{}  acc: {:.4f}  time {:.2f}s".format(epoch, args.max_epochs - 1,
/home/karimimonsefi.1/SSL_VAN/BTCV/trainer.py:124: UserWarning: Saving checkpoint ./runs/BTCV_new/test_log80/96-192-384-768_3-3-24-3_8-8-4-4_vae_inferer_valid_loader_VANV4122GL_pre__final.pt
  warnings.warn(f"Saving checkpoint {filename}")
/home/karimimonsefi.1/SSL_VAN/BTCV/trainer.py:154: UserWarning: 0  Mon Jul 31 07:14:57 2023  Epoch: 2498
  warnings.warn(f"{args.rank}  {time.ctime()}  Epoch: {epoch}")
/home/karimimonsefi.1/SSL_VAN/BTCV/trainer.py:154: UserWarning: 1  Mon Jul 31 07:14:57 2023  Epoch: 2498
  warnings.warn(f"{args.rank}  {time.ctime()}  Epoch: {epoch}")
/home/karimimonsefi.1/SSL_VAN/BTCV/trainer.py:58: UserWarning: Epoch 2498/7800 0/15  loss: 0.8384  time 4.29s
  warnings.warn(
/home/karimimonsefi.1/SSL_VAN/BTCV/trainer.py:58: UserWarning: Epoch 2498/7800 1/15  loss: 0.8102  time 1.20s
  warnings.warn(
/home/karimimonsefi.1/SSL_VAN/BTCV/trainer.py:58: UserWarning: Epoch 2498/7800 2/15  loss: 0.7802  time 1.08s
  warnings.warn(
/home/karimimonsefi.1/SSL_VAN/BTCV/trainer.py:58: UserWarning: Epoch 2498/7800 3/15  loss: 0.7549  time 1.07s
  warnings.warn(
/home/karimimonsefi.1/SSL_VAN/BTCV/trainer.py:58: UserWarning: Epoch 2498/7800 4/15  loss: 0.7440  time 1.07s
  warnings.warn(
/home/karimimonsefi.1/SSL_VAN/BTCV/trainer.py:58: UserWarning: Epoch 2498/7800 5/15  loss: 0.7127  time 1.07s
  warnings.warn(
/home/karimimonsefi.1/SSL_VAN/BTCV/trainer.py:58: UserWarning: Epoch 2498/7800 6/15  loss: 0.7000  time 1.06s
  warnings.warn(
/home/karimimonsefi.1/SSL_VAN/BTCV/trainer.py:58: UserWarning: Epoch 2498/7800 7/15  loss: 0.7039  time 1.07s
  warnings.warn(
/home/karimimonsefi.1/SSL_VAN/BTCV/trainer.py:58: UserWarning: Epoch 2498/7800 8/15  loss: 0.6986  time 1.07s
  warnings.warn(
/home/karimimonsefi.1/SSL_VAN/BTCV/trainer.py:58: UserWarning: Epoch 2498/7800 9/15  loss: 0.6838  time 1.07s
  warnings.warn(
/home/karimimonsefi.1/SSL_VAN/BTCV/trainer.py:58: UserWarning: Epoch 2498/7800 10/15  loss: 0.6848  time 1.07s
  warnings.warn(
/home/karimimonsefi.1/SSL_VAN/BTCV/trainer.py:58: UserWarning: Epoch 2498/7800 11/15  loss: 0.6738  time 1.08s
  warnings.warn(
/home/karimimonsefi.1/SSL_VAN/BTCV/trainer.py:58: UserWarning: Epoch 2498/7800 12/15  loss: 0.6731  time 1.12s
  warnings.warn(
/home/karimimonsefi.1/SSL_VAN/BTCV/trainer.py:58: UserWarning: Epoch 2498/7800 13/15  loss: 0.6678  time 1.07s
  warnings.warn(
/home/karimimonsefi.1/SSL_VAN/BTCV/trainer.py:58: UserWarning: Epoch 2498/7800 14/15  loss: 0.6653  time 1.07s
  warnings.warn(
/home/karimimonsefi.1/SSL_VAN/BTCV/trainer.py:160: UserWarning: Final training  2498/7799  loss: 0.6653  time 19.48s
  warnings.warn("Final training  {}/{}  loss: {:.4f}  time {:.2f}s".format(epoch, args.max_epochs - 1,
/home/karimimonsefi.1/SSL_VAN/BTCV/trainer.py:107: UserWarning: Val 2498/7800 0/3  acc [ 0.364]  time 7.24s
  warnings.warn("Val {}/{} {}/{}  acc {}  time {:.2f}s".format(epoch, args.max_epochs, idx, len(loader),
/home/karimimonsefi.1/SSL_VAN/BTCV/trainer.py:109: UserWarning: Val 2498/7800 0/3  acc 0.36423027515411377  time 7.24s
  warnings.warn("Val {}/{} {}/{}  acc {}  time {:.2f}s".format(epoch, args.max_epochs, idx, len(loader),
/home/karimimonsefi.1/SSL_VAN/BTCV/trainer.py:107: UserWarning: Val 2498/7800 1/3  acc [ 0.341]  time 6.14s
  warnings.warn("Val {}/{} {}/{}  acc {}  time {:.2f}s".format(epoch, args.max_epochs, idx, len(loader),
/home/karimimonsefi.1/SSL_VAN/BTCV/trainer.py:109: UserWarning: Val 2498/7800 1/3  acc 0.34072941541671753  time 6.14s
  warnings.warn("Val {}/{} {}/{}  acc {}  time {:.2f}s".format(epoch, args.max_epochs, idx, len(loader),
/home/karimimonsefi.1/SSL_VAN/BTCV/trainer.py:107: UserWarning: Val 2498/7800 2/3  acc [ 0.321]  time 4.89s
  warnings.warn("Val {}/{} {}/{}  acc {}  time {:.2f}s".format(epoch, args.max_epochs, idx, len(loader),
/home/karimimonsefi.1/SSL_VAN/BTCV/trainer.py:109: UserWarning: Val 2498/7800 2/3  acc 0.32067587971687317  time 4.89s
  warnings.warn("Val {}/{} {}/{}  acc {}  time {:.2f}s".format(epoch, args.max_epochs, idx, len(loader),
/home/karimimonsefi.1/SSL_VAN/BTCV/trainer.py:184: UserWarning: Final validation  2498/7799  acc: 0.3207  time 18.29s
  warnings.warn("Final validation  {}/{}  acc: {:.4f}  time {:.2f}s".format(epoch, args.max_epochs - 1,
/home/karimimonsefi.1/SSL_VAN/BTCV/trainer.py:154: UserWarning: 0  Mon Jul 31 07:15:37 2023  Epoch: 2499
  warnings.warn(f"{args.rank}  {time.ctime()}  Epoch: {epoch}")
/home/karimimonsefi.1/SSL_VAN/BTCV/trainer.py:154: UserWarning: 1  Mon Jul 31 07:15:37 2023  Epoch: 2499
  warnings.warn(f"{args.rank}  {time.ctime()}  Epoch: {epoch}")
/home/karimimonsefi.1/SSL_VAN/BTCV/trainer.py:58: UserWarning: Epoch 2499/7800 0/15  loss: 0.5850  time 3.45s
  warnings.warn(
/home/karimimonsefi.1/SSL_VAN/BTCV/trainer.py:58: UserWarning: Epoch 2499/7800 1/15  loss: 0.8115  time 1.11s
  warnings.warn(
/home/karimimonsefi.1/SSL_VAN/BTCV/trainer.py:58: UserWarning: Epoch 2499/7800 2/15  loss: 0.7851  time 1.10s
  warnings.warn(
/home/karimimonsefi.1/SSL_VAN/BTCV/trainer.py:58: UserWarning: Epoch 2499/7800 3/15  loss: 0.7331  time 1.07s
  warnings.warn(
/home/karimimonsefi.1/SSL_VAN/BTCV/trainer.py:58: UserWarning: Epoch 2499/7800 4/15  loss: 0.7056  time 1.07s
  warnings.warn(
/home/karimimonsefi.1/SSL_VAN/BTCV/trainer.py:58: UserWarning: Epoch 2499/7800 5/15  loss: 0.7192  time 1.07s
  warnings.warn(
/home/karimimonsefi.1/SSL_VAN/BTCV/trainer.py:58: UserWarning: Epoch 2499/7800 6/15  loss: 0.7312  time 1.06s
  warnings.warn(
/home/karimimonsefi.1/SSL_VAN/BTCV/trainer.py:58: UserWarning: Epoch 2499/7800 7/15  loss: 0.7378  time 1.06s
  warnings.warn(
/home/karimimonsefi.1/SSL_VAN/BTCV/trainer.py:58: UserWarning: Epoch 2499/7800 8/15  loss: 0.7227  time 1.08s
  warnings.warn(
/home/karimimonsefi.1/SSL_VAN/BTCV/trainer.py:58: UserWarning: Epoch 2499/7800 9/15  loss: 0.7269  time 1.07s
  warnings.warn(
/home/karimimonsefi.1/SSL_VAN/BTCV/trainer.py:58: UserWarning: Epoch 2499/7800 10/15  loss: 0.7242  time 1.07s
  warnings.warn(
/home/karimimonsefi.1/SSL_VAN/BTCV/trainer.py:58: UserWarning: Epoch 2499/7800 11/15  loss: 0.7217  time 1.07s
  warnings.warn(
/home/karimimonsefi.1/SSL_VAN/BTCV/trainer.py:58: UserWarning: Epoch 2499/7800 12/15  loss: 0.7137  time 1.08s
  warnings.warn(
/home/karimimonsefi.1/SSL_VAN/BTCV/trainer.py:58: UserWarning: Epoch 2499/7800 13/15  loss: 0.6965  time 1.07s
  warnings.warn(
/home/karimimonsefi.1/SSL_VAN/BTCV/trainer.py:58: UserWarning: Epoch 2499/7800 14/15  loss: 0.7038  time 1.08s
  warnings.warn(
/home/karimimonsefi.1/SSL_VAN/BTCV/trainer.py:160: UserWarning: Final training  2499/7799  loss: 0.7038  time 18.54s
  warnings.warn("Final training  {}/{}  loss: {:.4f}  time {:.2f}s".format(epoch, args.max_epochs - 1,
/home/karimimonsefi.1/SSL_VAN/BTCV/trainer.py:107: UserWarning: Val 2499/7800 0/3  acc [ 0.361]  time 7.32s
  warnings.warn("Val {}/{} {}/{}  acc {}  time {:.2f}s".format(epoch, args.max_epochs, idx, len(loader),
/home/karimimonsefi.1/SSL_VAN/BTCV/trainer.py:109: UserWarning: Val 2499/7800 0/3  acc 0.36058589816093445  time 7.32s
  warnings.warn("Val {}/{} {}/{}  acc {}  time {:.2f}s".format(epoch, args.max_epochs, idx, len(loader),
/home/karimimonsefi.1/SSL_VAN/BTCV/trainer.py:107: UserWarning: Val 2499/7800 1/3  acc [ 0.377]  time 6.18s
  warnings.warn("Val {}/{} {}/{}  acc {}  time {:.2f}s".format(epoch, args.max_epochs, idx, len(loader),
/home/karimimonsefi.1/SSL_VAN/BTCV/trainer.py:109: UserWarning: Val 2499/7800 1/3  acc 0.3769707679748535  time 6.18s
  warnings.warn("Val {}/{} {}/{}  acc {}  time {:.2f}s".format(epoch, args.max_epochs, idx, len(loader),
/home/karimimonsefi.1/SSL_VAN/BTCV/trainer.py:107: UserWarning: Val 2499/7800 2/3  acc [ 0.341]  time 4.92s
  warnings.warn("Val {}/{} {}/{}  acc {}  time {:.2f}s".format(epoch, args.max_epochs, idx, len(loader),
/home/karimimonsefi.1/SSL_VAN/BTCV/trainer.py:109: UserWarning: Val 2499/7800 2/3  acc 0.34090447425842285  time 4.92s
  warnings.warn("Val {}/{} {}/{}  acc {}  time {:.2f}s".format(epoch, args.max_epochs, idx, len(loader),
/home/karimimonsefi.1/SSL_VAN/BTCV/trainer.py:184: UserWarning: Final validation  2499/7799  acc: 0.3409  time 18.42s
  warnings.warn("Final validation  {}/{}  acc: {:.4f}  time {:.2f}s".format(epoch, args.max_epochs - 1,
/home/karimimonsefi.1/SSL_VAN/BTCV/trainer.py:154: UserWarning: 0  Mon Jul 31 07:16:17 2023  Epoch: 2500
  warnings.warn(f"{args.rank}  {time.ctime()}  Epoch: {epoch}")
/home/karimimonsefi.1/SSL_VAN/BTCV/trainer.py:154: UserWarning: 1  Mon Jul 31 07:16:17 2023  Epoch: 2500
  warnings.warn(f"{args.rank}  {time.ctime()}  Epoch: {epoch}")
/home/karimimonsefi.1/SSL_VAN/BTCV/trainer.py:58: UserWarning: Epoch 2500/7800 0/15  loss: 0.5165  time 3.82s
  warnings.warn(
/home/karimimonsefi.1/SSL_VAN/BTCV/trainer.py:58: UserWarning: Epoch 2500/7800 1/15  loss: 0.6474  time 1.14s
  warnings.warn(
/home/karimimonsefi.1/SSL_VAN/BTCV/trainer.py:58: UserWarning: Epoch 2500/7800 2/15  loss: 0.6673  time 1.07s
  warnings.warn(
/home/karimimonsefi.1/SSL_VAN/BTCV/trainer.py:58: UserWarning: Epoch 2500/7800 3/15  loss: 0.6618  time 1.10s
  warnings.warn(
/home/karimimonsefi.1/SSL_VAN/BTCV/trainer.py:58: UserWarning: Epoch 2500/7800 4/15  loss: 0.6694  time 1.07s
  warnings.warn(
/home/karimimonsefi.1/SSL_VAN/BTCV/trainer.py:58: UserWarning: Epoch 2500/7800 5/15  loss: 0.6639  time 1.07s
  warnings.warn(
/home/karimimonsefi.1/SSL_VAN/BTCV/trainer.py:58: UserWarning: Epoch 2500/7800 6/15  loss: 0.6643  time 1.07s
  warnings.warn(
/home/karimimonsefi.1/SSL_VAN/BTCV/trainer.py:58: UserWarning: Epoch 2500/7800 7/15  loss: 0.6680  time 1.07s
  warnings.warn(
/home/karimimonsefi.1/SSL_VAN/BTCV/trainer.py:58: UserWarning: Epoch 2500/7800 8/15  loss: 0.6686  time 1.07s
  warnings.warn(
/home/karimimonsefi.1/SSL_VAN/BTCV/trainer.py:58: UserWarning: Epoch 2500/7800 9/15  loss: 0.6684  time 1.09s
  warnings.warn(
/home/karimimonsefi.1/SSL_VAN/BTCV/trainer.py:58: UserWarning: Epoch 2500/7800 10/15  loss: 0.6778  time 1.07s
  warnings.warn(
/home/karimimonsefi.1/SSL_VAN/BTCV/trainer.py:58: UserWarning: Epoch 2500/7800 11/15  loss: 0.6785  time 1.07s
  warnings.warn(
/home/karimimonsefi.1/SSL_VAN/BTCV/trainer.py:58: UserWarning: Epoch 2500/7800 12/15  loss: 0.6785  time 1.07s
  warnings.warn(
/home/karimimonsefi.1/SSL_VAN/BTCV/trainer.py:58: UserWarning: Epoch 2500/7800 13/15  loss: 0.6697  time 1.07s
  warnings.warn(
/home/karimimonsefi.1/SSL_VAN/BTCV/trainer.py:58: UserWarning: Epoch 2500/7800 14/15  loss: 0.6676  time 1.07s
  warnings.warn(
/home/karimimonsefi.1/SSL_VAN/BTCV/trainer.py:160: UserWarning: Final training  2500/7799  loss: 0.6676  time 18.95s
  warnings.warn("Final training  {}/{}  loss: {:.4f}  time {:.2f}s".format(epoch, args.max_epochs - 1,
/home/karimimonsefi.1/SSL_VAN/BTCV/trainer.py:107: UserWarning: Val 2500/7800 0/3  acc [ 0.461]  time 7.33s
  warnings.warn("Val {}/{} {}/{}  acc {}  time {:.2f}s".format(epoch, args.max_epochs, idx, len(loader),
/home/karimimonsefi.1/SSL_VAN/BTCV/trainer.py:109: UserWarning: Val 2500/7800 0/3  acc 0.4609405994415283  time 7.33s
  warnings.warn("Val {}/{} {}/{}  acc {}  time {:.2f}s".format(epoch, args.max_epochs, idx, len(loader),
/home/karimimonsefi.1/SSL_VAN/BTCV/trainer.py:107: UserWarning: Val 2500/7800 1/3  acc [ 0.436]  time 6.19s
  warnings.warn("Val {}/{} {}/{}  acc {}  time {:.2f}s".format(epoch, args.max_epochs, idx, len(loader),
/home/karimimonsefi.1/SSL_VAN/BTCV/trainer.py:109: UserWarning: Val 2500/7800 1/3  acc 0.43586742877960205  time 6.20s
  warnings.warn("Val {}/{} {}/{}  acc {}  time {:.2f}s".format(epoch, args.max_epochs, idx, len(loader),
/home/karimimonsefi.1/SSL_VAN/BTCV/trainer.py:107: UserWarning: Val 2500/7800 2/3  acc [ 0.382]  time 4.94s
  warnings.warn("Val {}/{} {}/{}  acc {}  time {:.2f}s".format(epoch, args.max_epochs, idx, len(loader),
/home/karimimonsefi.1/SSL_VAN/BTCV/trainer.py:109: UserWarning: Val 2500/7800 2/3  acc 0.3815958499908447  time 4.94s
  warnings.warn("Val {}/{} {}/{}  acc {}  time {:.2f}s".format(epoch, args.max_epochs, idx, len(loader),
/home/karimimonsefi.1/SSL_VAN/BTCV/trainer.py:184: UserWarning: Final validation  2500/7799  acc: 0.3816  time 18.48s
  warnings.warn("Final validation  {}/{}  acc: {:.4f}  time {:.2f}s".format(epoch, args.max_epochs - 1,
/home/karimimonsefi.1/SSL_VAN/BTCV/trainer.py:154: UserWarning: 0  Mon Jul 31 07:16:57 2023  Epoch: 2501
  warnings.warn(f"{args.rank}  {time.ctime()}  Epoch: {epoch}")
/home/karimimonsefi.1/SSL_VAN/BTCV/trainer.py:154: UserWarning: 1  Mon Jul 31 07:16:57 2023  Epoch: 2501
  warnings.warn(f"{args.rank}  {time.ctime()}  Epoch: {epoch}")
/home/karimimonsefi.1/SSL_VAN/BTCV/trainer.py:58: UserWarning: Epoch 2501/7800 0/15  loss: 0.6275  time 4.08s
  warnings.warn(
/home/karimimonsefi.1/SSL_VAN/BTCV/trainer.py:58: UserWarning: Epoch 2501/7800 1/15  loss: 0.6163  time 1.16s
  warnings.warn(
/home/karimimonsefi.1/SSL_VAN/BTCV/trainer.py:58: UserWarning: Epoch 2501/7800 2/15  loss: 0.6696  time 1.09s
  warnings.warn(
/home/karimimonsefi.1/SSL_VAN/BTCV/trainer.py:58: UserWarning: Epoch 2501/7800 3/15  loss: 0.6729  time 1.07s
  warnings.warn(
/home/karimimonsefi.1/SSL_VAN/BTCV/trainer.py:58: UserWarning: Epoch 2501/7800 4/15  loss: 0.6548  time 1.07s
  warnings.warn(
/home/karimimonsefi.1/SSL_VAN/BTCV/trainer.py:58: UserWarning: Epoch 2501/7800 5/15  loss: 0.6853  time 1.07s
  warnings.warn(
/home/karimimonsefi.1/SSL_VAN/BTCV/trainer.py:58: UserWarning: Epoch 2501/7800 6/15  loss: 0.6783  time 1.07s
  warnings.warn(
/home/karimimonsefi.1/SSL_VAN/BTCV/trainer.py:58: UserWarning: Epoch 2501/7800 7/15  loss: 0.6756  time 1.07s
  warnings.warn(
/home/karimimonsefi.1/SSL_VAN/BTCV/trainer.py:58: UserWarning: Epoch 2501/7800 8/15  loss: 0.6556  time 1.07s
  warnings.warn(
/home/karimimonsefi.1/SSL_VAN/BTCV/trainer.py:58: UserWarning: Epoch 2501/7800 9/15  loss: 0.6711  time 1.08s
  warnings.warn(
/home/karimimonsefi.1/SSL_VAN/BTCV/trainer.py:58: UserWarning: Epoch 2501/7800 10/15  loss: 0.6691  time 1.07s
  warnings.warn(
/home/karimimonsefi.1/SSL_VAN/BTCV/trainer.py:58: UserWarning: Epoch 2501/7800 11/15  loss: 0.6685  time 1.07s
  warnings.warn(
/home/karimimonsefi.1/SSL_VAN/BTCV/trainer.py:58: UserWarning: Epoch 2501/7800 12/15  loss: 0.6747  time 1.07s
  warnings.warn(
/home/karimimonsefi.1/SSL_VAN/BTCV/trainer.py:58: UserWarning: Epoch 2501/7800 13/15  loss: 0.6838  time 1.07s
  warnings.warn(
/home/karimimonsefi.1/SSL_VAN/BTCV/trainer.py:58: UserWarning: Epoch 2501/7800 14/15  loss: 0.6897  time 1.07s
  warnings.warn(
/home/karimimonsefi.1/SSL_VAN/BTCV/trainer.py:160: UserWarning: Final training  2501/7799  loss: 0.6897  time 19.20s
  warnings.warn("Final training  {}/{}  loss: {:.4f}  time {:.2f}s".format(epoch, args.max_epochs - 1,
/home/karimimonsefi.1/SSL_VAN/BTCV/trainer.py:107: UserWarning: Val 2501/7800 0/3  acc [ 0.453]  time 7.35s
  warnings.warn("Val {}/{} {}/{}  acc {}  time {:.2f}s".format(epoch, args.max_epochs, idx, len(loader),
/home/karimimonsefi.1/SSL_VAN/BTCV/trainer.py:109: UserWarning: Val 2501/7800 0/3  acc 0.4533929228782654  time 7.35s
  warnings.warn("Val {}/{} {}/{}  acc {}  time {:.2f}s".format(epoch, args.max_epochs, idx, len(loader),
/home/karimimonsefi.1/SSL_VAN/BTCV/trainer.py:107: UserWarning: Val 2501/7800 1/3  acc [ 0.435]  time 6.20s
  warnings.warn("Val {}/{} {}/{}  acc {}  time {:.2f}s".format(epoch, args.max_epochs, idx, len(loader),
/home/karimimonsefi.1/SSL_VAN/BTCV/trainer.py:109: UserWarning: Val 2501/7800 1/3  acc 0.43525025248527527  time 6.20s
  warnings.warn("Val {}/{} {}/{}  acc {}  time {:.2f}s".format(epoch, args.max_epochs, idx, len(loader),
/home/karimimonsefi.1/SSL_VAN/BTCV/trainer.py:107: UserWarning: Val 2501/7800 2/3  acc [ 0.373]  time 4.95s
  warnings.warn("Val {}/{} {}/{}  acc {}  time {:.2f}s".format(epoch, args.max_epochs, idx, len(loader),
/home/karimimonsefi.1/SSL_VAN/BTCV/trainer.py:109: UserWarning: Val 2501/7800 2/3  acc 0.3732457160949707  time 4.95s
  warnings.warn("Val {}/{} {}/{}  acc {}  time {:.2f}s".format(epoch, args.max_epochs, idx, len(loader),
/home/karimimonsefi.1/SSL_VAN/BTCV/trainer.py:184: UserWarning: Final validation  2501/7799  acc: 0.3732  time 18.51s
  warnings.warn("Final validation  {}/{}  acc: {:.4f}  time {:.2f}s".format(epoch, args.max_epochs - 1,
/home/karimimonsefi.1/SSL_VAN/BTCV/trainer.py:154: UserWarning: 0  Mon Jul 31 07:17:37 2023  Epoch: 2502
  warnings.warn(f"{args.rank}  {time.ctime()}  Epoch: {epoch}")
/home/karimimonsefi.1/SSL_VAN/BTCV/trainer.py:154: UserWarning: 1  Mon Jul 31 07:17:37 2023  Epoch: 2502
  warnings.warn(f"{args.rank}  {time.ctime()}  Epoch: {epoch}")
/home/karimimonsefi.1/SSL_VAN/BTCV/trainer.py:58: UserWarning: Epoch 2502/7800 0/15  loss: 0.5924  time 3.59s
  warnings.warn(
/home/karimimonsefi.1/SSL_VAN/BTCV/trainer.py:58: UserWarning: Epoch 2502/7800 1/15  loss: 0.6130  time 1.18s
  warnings.warn(
/home/karimimonsefi.1/SSL_VAN/BTCV/trainer.py:58: UserWarning: Epoch 2502/7800 2/15  loss: 0.6056  time 1.09s
  warnings.warn(
/home/karimimonsefi.1/SSL_VAN/BTCV/trainer.py:58: UserWarning: Epoch 2502/7800 3/15  loss: 0.6472  time 1.08s
  warnings.warn(
/home/karimimonsefi.1/SSL_VAN/BTCV/trainer.py:58: UserWarning: Epoch 2502/7800 4/15  loss: 0.6531  time 1.07s
  warnings.warn(
/home/karimimonsefi.1/SSL_VAN/BTCV/trainer.py:58: UserWarning: Epoch 2502/7800 5/15  loss: 0.6541  time 1.07s
  warnings.warn(
/home/karimimonsefi.1/SSL_VAN/BTCV/trainer.py:58: UserWarning: Epoch 2502/7800 6/15  loss: 0.6712  time 1.07s
  warnings.warn(
/home/karimimonsefi.1/SSL_VAN/BTCV/trainer.py:58: UserWarning: Epoch 2502/7800 7/15  loss: 0.6644  time 1.15s
  warnings.warn(
/home/karimimonsefi.1/SSL_VAN/BTCV/trainer.py:58: UserWarning: Epoch 2502/7800 8/15  loss: 0.6714  time 1.07s
  warnings.warn(
/home/karimimonsefi.1/SSL_VAN/BTCV/trainer.py:58: UserWarning: Epoch 2502/7800 9/15  loss: 0.6776  time 1.07s
  warnings.warn(
/home/karimimonsefi.1/SSL_VAN/BTCV/trainer.py:58: UserWarning: Epoch 2502/7800 10/15  loss: 0.6881  time 1.07s
  warnings.warn(
/home/karimimonsefi.1/SSL_VAN/BTCV/trainer.py:58: UserWarning: Epoch 2502/7800 11/15  loss: 0.6777  time 1.07s
  warnings.warn(
/home/karimimonsefi.1/SSL_VAN/BTCV/trainer.py:58: UserWarning: Epoch 2502/7800 12/15  loss: 0.6815  time 1.07s
  warnings.warn(
/home/karimimonsefi.1/SSL_VAN/BTCV/trainer.py:58: UserWarning: Epoch 2502/7800 13/15  loss: 0.6748  time 1.07s
  warnings.warn(
/home/karimimonsefi.1/SSL_VAN/BTCV/trainer.py:58: UserWarning: Epoch 2502/7800 14/15  loss: 0.6797  time 1.07s
  warnings.warn(
/home/karimimonsefi.1/SSL_VAN/BTCV/trainer.py:160: UserWarning: Final training  2502/7799  loss: 0.6797  time 18.85s
  warnings.warn("Final training  {}/{}  loss: {:.4f}  time {:.2f}s".format(epoch, args.max_epochs - 1,
/home/karimimonsefi.1/SSL_VAN/BTCV/trainer.py:107: UserWarning: Val 2502/7800 0/3  acc [ 0.416]  time 7.34s
  warnings.warn("Val {}/{} {}/{}  acc {}  time {:.2f}s".format(epoch, args.max_epochs, idx, len(loader),
/home/karimimonsefi.1/SSL_VAN/BTCV/trainer.py:109: UserWarning: Val 2502/7800 0/3  acc 0.41570961475372314  time 7.34s
  warnings.warn("Val {}/{} {}/{}  acc {}  time {:.2f}s".format(epoch, args.max_epochs, idx, len(loader),
/home/karimimonsefi.1/SSL_VAN/BTCV/trainer.py:107: UserWarning: Val 2502/7800 1/3  acc [ 0.365]  time 6.20s
  warnings.warn("Val {}/{} {}/{}  acc {}  time {:.2f}s".format(epoch, args.max_epochs, idx, len(loader),
/home/karimimonsefi.1/SSL_VAN/BTCV/trainer.py:109: UserWarning: Val 2502/7800 1/3  acc 0.365031898021698  time 6.20s
  warnings.warn("Val {}/{} {}/{}  acc {}  time {:.2f}s".format(epoch, args.max_epochs, idx, len(loader),
/home/karimimonsefi.1/SSL_VAN/BTCV/trainer.py:107: UserWarning: Val 2502/7800 2/3  acc [ 0.335]  time 4.94s
  warnings.warn("Val {}/{} {}/{}  acc {}  time {:.2f}s".format(epoch, args.max_epochs, idx, len(loader),
/home/karimimonsefi.1/SSL_VAN/BTCV/trainer.py:109: UserWarning: Val 2502/7800 2/3  acc 0.3347770869731903  time 4.94s
  warnings.warn("Val {}/{} {}/{}  acc {}  time {:.2f}s".format(epoch, args.max_epochs, idx, len(loader),
/home/karimimonsefi.1/SSL_VAN/BTCV/trainer.py:184: UserWarning: Final validation  2502/7799  acc: 0.3348  time 18.49s
  warnings.warn("Final validation  {}/{}  acc: {:.4f}  time {:.2f}s".format(epoch, args.max_epochs - 1,
/home/karimimonsefi.1/SSL_VAN/BTCV/trainer.py:154: UserWarning: 0  Mon Jul 31 07:18:17 2023  Epoch: 2503
  warnings.warn(f"{args.rank}  {time.ctime()}  Epoch: {epoch}")
/home/karimimonsefi.1/SSL_VAN/BTCV/trainer.py:154: UserWarning: 1  Mon Jul 31 07:18:17 2023  Epoch: 2503
  warnings.warn(f"{args.rank}  {time.ctime()}  Epoch: {epoch}")
/home/karimimonsefi.1/SSL_VAN/BTCV/trainer.py:58: UserWarning: Epoch 2503/7800 0/15  loss: 0.7017  time 4.48s
  warnings.warn(
/home/karimimonsefi.1/SSL_VAN/BTCV/trainer.py:58: UserWarning: Epoch 2503/7800 1/15  loss: 0.6978  time 1.16s
  warnings.warn(
/home/karimimonsefi.1/SSL_VAN/BTCV/trainer.py:58: UserWarning: Epoch 2503/7800 2/15  loss: 0.6636  time 1.07s
  warnings.warn(
/home/karimimonsefi.1/SSL_VAN/BTCV/trainer.py:58: UserWarning: Epoch 2503/7800 3/15  loss: 0.6516  time 1.07s
  warnings.warn(
/home/karimimonsefi.1/SSL_VAN/BTCV/trainer.py:58: UserWarning: Epoch 2503/7800 4/15  loss: 0.6370  time 1.07s
  warnings.warn(
/home/karimimonsefi.1/SSL_VAN/BTCV/trainer.py:58: UserWarning: Epoch 2503/7800 5/15  loss: 0.6521  time 1.07s
  warnings.warn(
/home/karimimonsefi.1/SSL_VAN/BTCV/trainer.py:58: UserWarning: Epoch 2503/7800 6/15  loss: 0.6504  time 1.07s
  warnings.warn(
/home/karimimonsefi.1/SSL_VAN/BTCV/trainer.py:58: UserWarning: Epoch 2503/7800 7/15  loss: 0.6497  time 1.07s
  warnings.warn(
/home/karimimonsefi.1/SSL_VAN/BTCV/trainer.py:58: UserWarning: Epoch 2503/7800 8/15  loss: 0.6467  time 1.08s
  warnings.warn(
/home/karimimonsefi.1/SSL_VAN/BTCV/trainer.py:58: UserWarning: Epoch 2503/7800 9/15  loss: 0.6425  time 1.07s
  warnings.warn(
/home/karimimonsefi.1/SSL_VAN/BTCV/trainer.py:58: UserWarning: Epoch 2503/7800 10/15  loss: 0.6517  time 1.07s
  warnings.warn(
/home/karimimonsefi.1/SSL_VAN/BTCV/trainer.py:58: UserWarning: Epoch 2503/7800 11/15  loss: 0.6500  time 1.08s
  warnings.warn(
/home/karimimonsefi.1/SSL_VAN/BTCV/trainer.py:58: UserWarning: Epoch 2503/7800 12/15  loss: 0.6457  time 1.07s
  warnings.warn(
/home/karimimonsefi.1/SSL_VAN/BTCV/trainer.py:58: UserWarning: Epoch 2503/7800 13/15  loss: 0.6401  time 1.07s
  warnings.warn(
/home/karimimonsefi.1/SSL_VAN/BTCV/trainer.py:58: UserWarning: Epoch 2503/7800 14/15  loss: 0.6441  time 1.07s
  warnings.warn(
/home/karimimonsefi.1/SSL_VAN/BTCV/trainer.py:160: UserWarning: Final training  2503/7799  loss: 0.6441  time 19.61s
  warnings.warn("Final training  {}/{}  loss: {:.4f}  time {:.2f}s".format(epoch, args.max_epochs - 1,
/home/karimimonsefi.1/SSL_VAN/BTCV/trainer.py:107: UserWarning: Val 2503/7800 0/3  acc [ 0.379]  time 7.28s
  warnings.warn("Val {}/{} {}/{}  acc {}  time {:.2f}s".format(epoch, args.max_epochs, idx, len(loader),
/home/karimimonsefi.1/SSL_VAN/BTCV/trainer.py:109: UserWarning: Val 2503/7800 0/3  acc 0.3787439465522766  time 7.28s
  warnings.warn("Val {}/{} {}/{}  acc {}  time {:.2f}s".format(epoch, args.max_epochs, idx, len(loader),
/home/karimimonsefi.1/SSL_VAN/BTCV/trainer.py:107: UserWarning: Val 2503/7800 1/3  acc [ 0.399]  time 6.21s
  warnings.warn("Val {}/{} {}/{}  acc {}  time {:.2f}s".format(epoch, args.max_epochs, idx, len(loader),
/home/karimimonsefi.1/SSL_VAN/BTCV/trainer.py:109: UserWarning: Val 2503/7800 1/3  acc 0.39891448616981506  time 6.21s
  warnings.warn("Val {}/{} {}/{}  acc {}  time {:.2f}s".format(epoch, args.max_epochs, idx, len(loader),
/home/karimimonsefi.1/SSL_VAN/BTCV/trainer.py:107: UserWarning: Val 2503/7800 2/3  acc [ 0.354]  time 4.94s
  warnings.warn("Val {}/{} {}/{}  acc {}  time {:.2f}s".format(epoch, args.max_epochs, idx, len(loader),
/home/karimimonsefi.1/SSL_VAN/BTCV/trainer.py:109: UserWarning: Val 2503/7800 2/3  acc 0.3543829619884491  time 4.94s
  warnings.warn("Val {}/{} {}/{}  acc {}  time {:.2f}s".format(epoch, args.max_epochs, idx, len(loader),
/home/karimimonsefi.1/SSL_VAN/BTCV/trainer.py:184: UserWarning: Final validation  2503/7799  acc: 0.3544  time 18.44s
  warnings.warn("Final validation  {}/{}  acc: {:.4f}  time {:.2f}s".format(epoch, args.max_epochs - 1,
/home/karimimonsefi.1/SSL_VAN/BTCV/trainer.py:154: UserWarning: 0  Mon Jul 31 07:18:58 2023  Epoch: 2504
  warnings.warn(f"{args.rank}  {time.ctime()}  Epoch: {epoch}")
/home/karimimonsefi.1/SSL_VAN/BTCV/trainer.py:154: UserWarning: 1  Mon Jul 31 07:18:58 2023  Epoch: 2504
  warnings.warn(f"{args.rank}  {time.ctime()}  Epoch: {epoch}")
/home/karimimonsefi.1/SSL_VAN/BTCV/trainer.py:58: UserWarning: Epoch 2504/7800 0/15  loss: 0.7813  time 3.51s
  warnings.warn(
/home/karimimonsefi.1/SSL_VAN/BTCV/trainer.py:58: UserWarning: Epoch 2504/7800 1/15  loss: 0.6576  time 1.17s
  warnings.warn(
/home/karimimonsefi.1/SSL_VAN/BTCV/trainer.py:58: UserWarning: Epoch 2504/7800 2/15  loss: 0.6442  time 1.10s
  warnings.warn(
/home/karimimonsefi.1/SSL_VAN/BTCV/trainer.py:58: UserWarning: Epoch 2504/7800 3/15  loss: 0.6172  time 1.08s
  warnings.warn(
/home/karimimonsefi.1/SSL_VAN/BTCV/trainer.py:58: UserWarning: Epoch 2504/7800 4/15  loss: 0.6586  time 1.07s
  warnings.warn(
/home/karimimonsefi.1/SSL_VAN/BTCV/trainer.py:58: UserWarning: Epoch 2504/7800 5/15  loss: 0.6527  time 1.07s
  warnings.warn(
/home/karimimonsefi.1/SSL_VAN/BTCV/trainer.py:58: UserWarning: Epoch 2504/7800 6/15  loss: 0.6571  time 1.07s
  warnings.warn(
/home/karimimonsefi.1/SSL_VAN/BTCV/trainer.py:58: UserWarning: Epoch 2504/7800 7/15  loss: 0.6507  time 1.07s
  warnings.warn(
/home/karimimonsefi.1/SSL_VAN/BTCV/trainer.py:58: UserWarning: Epoch 2504/7800 8/15  loss: 0.6423  time 1.07s
  warnings.warn(
/home/karimimonsefi.1/SSL_VAN/BTCV/trainer.py:58: UserWarning: Epoch 2504/7800 9/15  loss: 0.6384  time 1.07s
  warnings.warn(
/home/karimimonsefi.1/SSL_VAN/BTCV/trainer.py:58: UserWarning: Epoch 2504/7800 10/15  loss: 0.6445  time 1.07s
  warnings.warn(
/home/karimimonsefi.1/SSL_VAN/BTCV/trainer.py:58: UserWarning: Epoch 2504/7800 11/15  loss: 0.6497  time 1.07s
  warnings.warn(
/home/karimimonsefi.1/SSL_VAN/BTCV/trainer.py:58: UserWarning: Epoch 2504/7800 12/15  loss: 0.6562  time 1.08s
  warnings.warn(
/home/karimimonsefi.1/SSL_VAN/BTCV/trainer.py:58: UserWarning: Epoch 2504/7800 13/15  loss: 0.6587  time 1.07s
  warnings.warn(
/home/karimimonsefi.1/SSL_VAN/BTCV/trainer.py:58: UserWarning: Epoch 2504/7800 14/15  loss: 0.6622  time 1.07s
  warnings.warn(
/home/karimimonsefi.1/SSL_VAN/BTCV/trainer.py:160: UserWarning: Final training  2504/7799  loss: 0.6622  time 18.68s
  warnings.warn("Final training  {}/{}  loss: {:.4f}  time {:.2f}s".format(epoch, args.max_epochs - 1,
/home/karimimonsefi.1/SSL_VAN/BTCV/trainer.py:107: UserWarning: Val 2504/7800 0/3  acc [ 0.387]  time 7.37s
  warnings.warn("Val {}/{} {}/{}  acc {}  time {:.2f}s".format(epoch, args.max_epochs, idx, len(loader),
/home/karimimonsefi.1/SSL_VAN/BTCV/trainer.py:109: UserWarning: Val 2504/7800 0/3  acc 0.3868734836578369  time 7.37s
  warnings.warn("Val {}/{} {}/{}  acc {}  time {:.2f}s".format(epoch, args.max_epochs, idx, len(loader),
/home/karimimonsefi.1/SSL_VAN/BTCV/trainer.py:107: UserWarning: Val 2504/7800 1/3  acc [ 0.352]  time 6.21s
  warnings.warn("Val {}/{} {}/{}  acc {}  time {:.2f}s".format(epoch, args.max_epochs, idx, len(loader),
/home/karimimonsefi.1/SSL_VAN/BTCV/trainer.py:109: UserWarning: Val 2504/7800 1/3  acc 0.35229194164276123  time 6.22s
  warnings.warn("Val {}/{} {}/{}  acc {}  time {:.2f}s".format(epoch, args.max_epochs, idx, len(loader),
/home/karimimonsefi.1/SSL_VAN/BTCV/trainer.py:107: UserWarning: Val 2504/7800 2/3  acc [ 0.326]  time 4.95s
  warnings.warn("Val {}/{} {}/{}  acc {}  time {:.2f}s".format(epoch, args.max_epochs, idx, len(loader),
/home/karimimonsefi.1/SSL_VAN/BTCV/trainer.py:109: UserWarning: Val 2504/7800 2/3  acc 0.32602205872535706  time 4.95s
  warnings.warn("Val {}/{} {}/{}  acc {}  time {:.2f}s".format(epoch, args.max_epochs, idx, len(loader),
/home/karimimonsefi.1/SSL_VAN/BTCV/trainer.py:184: UserWarning: Final validation  2504/7799  acc: 0.3260  time 18.54s
  warnings.warn("Final validation  {}/{}  acc: {:.4f}  time {:.2f}s".format(epoch, args.max_epochs - 1,
/home/karimimonsefi.1/SSL_VAN/BTCV/trainer.py:154: UserWarning: 0  Mon Jul 31 07:19:38 2023  Epoch: 2505
  warnings.warn(f"{args.rank}  {time.ctime()}  Epoch: {epoch}")
/home/karimimonsefi.1/SSL_VAN/BTCV/trainer.py:154: UserWarning: 1  Mon Jul 31 07:19:38 2023  Epoch: 2505
  warnings.warn(f"{args.rank}  {time.ctime()}  Epoch: {epoch}")
/home/karimimonsefi.1/SSL_VAN/BTCV/trainer.py:58: UserWarning: Epoch 2505/7800 0/15  loss: 0.6935  time 4.30s
  warnings.warn(
/home/karimimonsefi.1/SSL_VAN/BTCV/trainer.py:58: UserWarning: Epoch 2505/7800 1/15  loss: 0.6832  time 1.13s
  warnings.warn(
/home/karimimonsefi.1/SSL_VAN/BTCV/trainer.py:58: UserWarning: Epoch 2505/7800 2/15  loss: 0.6518  time 1.09s
  warnings.warn(
/home/karimimonsefi.1/SSL_VAN/BTCV/trainer.py:58: UserWarning: Epoch 2505/7800 3/15  loss: 0.6569  time 1.07s
  warnings.warn(
/home/karimimonsefi.1/SSL_VAN/BTCV/trainer.py:58: UserWarning: Epoch 2505/7800 4/15  loss: 0.6630  time 1.07s
  warnings.warn(
/home/karimimonsefi.1/SSL_VAN/BTCV/trainer.py:58: UserWarning: Epoch 2505/7800 5/15  loss: 0.6745  time 1.07s
  warnings.warn(
/home/karimimonsefi.1/SSL_VAN/BTCV/trainer.py:58: UserWarning: Epoch 2505/7800 6/15  loss: 0.6817  time 1.07s
  warnings.warn(
/home/karimimonsefi.1/SSL_VAN/BTCV/trainer.py:58: UserWarning: Epoch 2505/7800 7/15  loss: 0.6906  time 1.07s
  warnings.warn(
/home/karimimonsefi.1/SSL_VAN/BTCV/trainer.py:58: UserWarning: Epoch 2505/7800 8/15  loss: 0.6848  time 1.07s
  warnings.warn(
/home/karimimonsefi.1/SSL_VAN/BTCV/trainer.py:58: UserWarning: Epoch 2505/7800 9/15  loss: 0.6725  time 1.07s
  warnings.warn(
/home/karimimonsefi.1/SSL_VAN/BTCV/trainer.py:58: UserWarning: Epoch 2505/7800 10/15  loss: 0.6747  time 1.07s
  warnings.warn(
/home/karimimonsefi.1/SSL_VAN/BTCV/trainer.py:58: UserWarning: Epoch 2505/7800 11/15  loss: 0.6600  time 1.07s
  warnings.warn(
/home/karimimonsefi.1/SSL_VAN/BTCV/trainer.py:58: UserWarning: Epoch 2505/7800 12/15  loss: 0.6747  time 1.07s
  warnings.warn(
/home/karimimonsefi.1/SSL_VAN/BTCV/trainer.py:58: UserWarning: Epoch 2505/7800 13/15  loss: 0.6781  time 1.07s
  warnings.warn(
/home/karimimonsefi.1/SSL_VAN/BTCV/trainer.py:58: UserWarning: Epoch 2505/7800 14/15  loss: 0.6729  time 1.07s
  warnings.warn(
/home/karimimonsefi.1/SSL_VAN/BTCV/trainer.py:160: UserWarning: Final training  2505/7799  loss: 0.6729  time 19.40s
  warnings.warn("Final training  {}/{}  loss: {:.4f}  time {:.2f}s".format(epoch, args.max_epochs - 1,
/home/karimimonsefi.1/SSL_VAN/BTCV/trainer.py:107: UserWarning: Val 2505/7800 0/3  acc [ 0.318]  time 7.32s
  warnings.warn("Val {}/{} {}/{}  acc {}  time {:.2f}s".format(epoch, args.max_epochs, idx, len(loader),
/home/karimimonsefi.1/SSL_VAN/BTCV/trainer.py:109: UserWarning: Val 2505/7800 0/3  acc 0.3181777000427246  time 7.32s
  warnings.warn("Val {}/{} {}/{}  acc {}  time {:.2f}s".format(epoch, args.max_epochs, idx, len(loader),
/home/karimimonsefi.1/SSL_VAN/BTCV/trainer.py:107: UserWarning: Val 2505/7800 1/3  acc [ 0.298]  time 6.19s
  warnings.warn("Val {}/{} {}/{}  acc {}  time {:.2f}s".format(epoch, args.max_epochs, idx, len(loader),
/home/karimimonsefi.1/SSL_VAN/BTCV/trainer.py:109: UserWarning: Val 2505/7800 1/3  acc 0.29756659269332886  time 6.19s
  warnings.warn("Val {}/{} {}/{}  acc {}  time {:.2f}s".format(epoch, args.max_epochs, idx, len(loader),
/home/karimimonsefi.1/SSL_VAN/BTCV/trainer.py:107: UserWarning: Val 2505/7800 2/3  acc [ 0.257]  time 4.94s
  warnings.warn("Val {}/{} {}/{}  acc {}  time {:.2f}s".format(epoch, args.max_epochs, idx, len(loader),
/home/karimimonsefi.1/SSL_VAN/BTCV/trainer.py:109: UserWarning: Val 2505/7800 2/3  acc 0.2566331624984741  time 4.94s
  warnings.warn("Val {}/{} {}/{}  acc {}  time {:.2f}s".format(epoch, args.max_epochs, idx, len(loader),
/home/karimimonsefi.1/SSL_VAN/BTCV/trainer.py:184: UserWarning: Final validation  2505/7799  acc: 0.2566  time 18.46s
  warnings.warn("Final validation  {}/{}  acc: {:.4f}  time {:.2f}s".format(epoch, args.max_epochs - 1,
/home/karimimonsefi.1/SSL_VAN/BTCV/trainer.py:154: UserWarning: 0  Mon Jul 31 07:20:19 2023  Epoch: 2506
  warnings.warn(f"{args.rank}  {time.ctime()}  Epoch: {epoch}")
/home/karimimonsefi.1/SSL_VAN/BTCV/trainer.py:154: UserWarning: 1  Mon Jul 31 07:20:19 2023  Epoch: 2506
  warnings.warn(f"{args.rank}  {time.ctime()}  Epoch: {epoch}")
/home/karimimonsefi.1/SSL_VAN/BTCV/trainer.py:58: UserWarning: Epoch 2506/7800 0/15  loss: 0.5468  time 3.45s
  warnings.warn(
/home/karimimonsefi.1/SSL_VAN/BTCV/trainer.py:58: UserWarning: Epoch 2506/7800 1/15  loss: 0.6733  time 1.17s
  warnings.warn(
/home/karimimonsefi.1/SSL_VAN/BTCV/trainer.py:58: UserWarning: Epoch 2506/7800 2/15  loss: 0.6582  time 1.12s
  warnings.warn(
/home/karimimonsefi.1/SSL_VAN/BTCV/trainer.py:58: UserWarning: Epoch 2506/7800 3/15  loss: 0.6538  time 1.11s
  warnings.warn(
/home/karimimonsefi.1/SSL_VAN/BTCV/trainer.py:58: UserWarning: Epoch 2506/7800 4/15  loss: 0.6636  time 1.07s
  warnings.warn(
/home/karimimonsefi.1/SSL_VAN/BTCV/trainer.py:58: UserWarning: Epoch 2506/7800 5/15  loss: 0.6674  time 1.15s
  warnings.warn(
/home/karimimonsefi.1/SSL_VAN/BTCV/trainer.py:58: UserWarning: Epoch 2506/7800 6/15  loss: 0.6725  time 1.07s
  warnings.warn(
/home/karimimonsefi.1/SSL_VAN/BTCV/trainer.py:58: UserWarning: Epoch 2506/7800 7/15  loss: 0.6741  time 1.07s
  warnings.warn(
/home/karimimonsefi.1/SSL_VAN/BTCV/trainer.py:58: UserWarning: Epoch 2506/7800 8/15  loss: 0.6866  time 1.07s
  warnings.warn(
/home/karimimonsefi.1/SSL_VAN/BTCV/trainer.py:58: UserWarning: Epoch 2506/7800 9/15  loss: 0.6930  time 1.08s
  warnings.warn(
/home/karimimonsefi.1/SSL_VAN/BTCV/trainer.py:58: UserWarning: Epoch 2506/7800 10/15  loss: 0.7036  time 1.07s
  warnings.warn(
/home/karimimonsefi.1/SSL_VAN/BTCV/trainer.py:58: UserWarning: Epoch 2506/7800 11/15  loss: 0.6884  time 1.07s
  warnings.warn(
/home/karimimonsefi.1/SSL_VAN/BTCV/trainer.py:58: UserWarning: Epoch 2506/7800 12/15  loss: 0.6948  time 1.07s
  warnings.warn(
/home/karimimonsefi.1/SSL_VAN/BTCV/trainer.py:58: UserWarning: Epoch 2506/7800 13/15  loss: 0.6950  time 1.07s
  warnings.warn(
/home/karimimonsefi.1/SSL_VAN/BTCV/trainer.py:58: UserWarning: Epoch 2506/7800 14/15  loss: 0.6972  time 1.07s
  warnings.warn(
/home/karimimonsefi.1/SSL_VAN/BTCV/trainer.py:160: UserWarning: Final training  2506/7799  loss: 0.6972  time 18.74s
  warnings.warn("Final training  {}/{}  loss: {:.4f}  time {:.2f}s".format(epoch, args.max_epochs - 1,
/home/karimimonsefi.1/SSL_VAN/BTCV/trainer.py:107: UserWarning: Val 2506/7800 0/3  acc [ 0.459]  time 7.34s
  warnings.warn("Val {}/{} {}/{}  acc {}  time {:.2f}s".format(epoch, args.max_epochs, idx, len(loader),
/home/karimimonsefi.1/SSL_VAN/BTCV/trainer.py:109: UserWarning: Val 2506/7800 0/3  acc 0.4590526223182678  time 7.34s
  warnings.warn("Val {}/{} {}/{}  acc {}  time {:.2f}s".format(epoch, args.max_epochs, idx, len(loader),
/home/karimimonsefi.1/SSL_VAN/BTCV/trainer.py:107: UserWarning: Val 2506/7800 1/3  acc [ 0.388]  time 6.21s
  warnings.warn("Val {}/{} {}/{}  acc {}  time {:.2f}s".format(epoch, args.max_epochs, idx, len(loader),
/home/karimimonsefi.1/SSL_VAN/BTCV/trainer.py:109: UserWarning: Val 2506/7800 1/3  acc 0.38818708062171936  time 6.21s
  warnings.warn("Val {}/{} {}/{}  acc {}  time {:.2f}s".format(epoch, args.max_epochs, idx, len(loader),
/home/karimimonsefi.1/SSL_VAN/BTCV/trainer.py:107: UserWarning: Val 2506/7800 2/3  acc [ 0.366]  time 4.95s
  warnings.warn("Val {}/{} {}/{}  acc {}  time {:.2f}s".format(epoch, args.max_epochs, idx, len(loader),
/home/karimimonsefi.1/SSL_VAN/BTCV/trainer.py:109: UserWarning: Val 2506/7800 2/3  acc 0.3657844066619873  time 4.96s
  warnings.warn("Val {}/{} {}/{}  acc {}  time {:.2f}s".format(epoch, args.max_epochs, idx, len(loader),
/home/karimimonsefi.1/SSL_VAN/BTCV/trainer.py:184: UserWarning: Final validation  2506/7799  acc: 0.3658  time 18.52s
  warnings.warn("Final validation  {}/{}  acc: {:.4f}  time {:.2f}s".format(epoch, args.max_epochs - 1,
/home/karimimonsefi.1/SSL_VAN/BTCV/trainer.py:154: UserWarning: 0  Mon Jul 31 07:20:59 2023  Epoch: 2507
  warnings.warn(f"{args.rank}  {time.ctime()}  Epoch: {epoch}")
/home/karimimonsefi.1/SSL_VAN/BTCV/trainer.py:154: UserWarning: 1  Mon Jul 31 07:20:59 2023  Epoch: 2507
  warnings.warn(f"{args.rank}  {time.ctime()}  Epoch: {epoch}")
/home/karimimonsefi.1/SSL_VAN/BTCV/trainer.py:58: UserWarning: Epoch 2507/7800 0/15  loss: 0.6142  time 4.12s
  warnings.warn(
/home/karimimonsefi.1/SSL_VAN/BTCV/trainer.py:58: UserWarning: Epoch 2507/7800 1/15  loss: 0.6487  time 1.62s
  warnings.warn(
/home/karimimonsefi.1/SSL_VAN/BTCV/trainer.py:58: UserWarning: Epoch 2507/7800 2/15  loss: 0.6545  time 1.07s
  warnings.warn(
/home/karimimonsefi.1/SSL_VAN/BTCV/trainer.py:58: UserWarning: Epoch 2507/7800 3/15  loss: 0.6314  time 1.07s
  warnings.warn(
/home/karimimonsefi.1/SSL_VAN/BTCV/trainer.py:58: UserWarning: Epoch 2507/7800 4/15  loss: 0.6349  time 1.07s
  warnings.warn(
/home/karimimonsefi.1/SSL_VAN/BTCV/trainer.py:58: UserWarning: Epoch 2507/7800 5/15  loss: 0.6599  time 1.08s
  warnings.warn(
/home/karimimonsefi.1/SSL_VAN/BTCV/trainer.py:58: UserWarning: Epoch 2507/7800 6/15  loss: 0.6773  time 1.07s
  warnings.warn(
/home/karimimonsefi.1/SSL_VAN/BTCV/trainer.py:58: UserWarning: Epoch 2507/7800 7/15  loss: 0.6771  time 1.07s
  warnings.warn(
/home/karimimonsefi.1/SSL_VAN/BTCV/trainer.py:58: UserWarning: Epoch 2507/7800 8/15  loss: 0.6853  time 1.08s
  warnings.warn(
/home/karimimonsefi.1/SSL_VAN/BTCV/trainer.py:58: UserWarning: Epoch 2507/7800 9/15  loss: 0.6951  time 1.07s
  warnings.warn(
/home/karimimonsefi.1/SSL_VAN/BTCV/trainer.py:58: UserWarning: Epoch 2507/7800 10/15  loss: 0.6845  time 1.07s
  warnings.warn(
/home/karimimonsefi.1/SSL_VAN/BTCV/trainer.py:58: UserWarning: Epoch 2507/7800 11/15  loss: 0.6936  time 1.08s
  warnings.warn(
/home/karimimonsefi.1/SSL_VAN/BTCV/trainer.py:58: UserWarning: Epoch 2507/7800 12/15  loss: 0.6899  time 1.07s
  warnings.warn(
/home/karimimonsefi.1/SSL_VAN/BTCV/trainer.py:58: UserWarning: Epoch 2507/7800 13/15  loss: 0.6825  time 1.07s
  warnings.warn(
/home/karimimonsefi.1/SSL_VAN/BTCV/trainer.py:58: UserWarning: Epoch 2507/7800 14/15  loss: 0.6767  time 1.07s
  warnings.warn(
/home/karimimonsefi.1/SSL_VAN/BTCV/trainer.py:160: UserWarning: Final training  2507/7799  loss: 0.6767  time 19.73s
  warnings.warn("Final training  {}/{}  loss: {:.4f}  time {:.2f}s".format(epoch, args.max_epochs - 1,
/home/karimimonsefi.1/SSL_VAN/BTCV/trainer.py:107: UserWarning: Val 2507/7800 0/3  acc [ 0.406]  time 7.31s
  warnings.warn("Val {}/{} {}/{}  acc {}  time {:.2f}s".format(epoch, args.max_epochs, idx, len(loader),
/home/karimimonsefi.1/SSL_VAN/BTCV/trainer.py:109: UserWarning: Val 2507/7800 0/3  acc 0.4064521789550781  time 7.31s
  warnings.warn("Val {}/{} {}/{}  acc {}  time {:.2f}s".format(epoch, args.max_epochs, idx, len(loader),
/home/karimimonsefi.1/SSL_VAN/BTCV/trainer.py:107: UserWarning: Val 2507/7800 1/3  acc [ 0.355]  time 6.20s
  warnings.warn("Val {}/{} {}/{}  acc {}  time {:.2f}s".format(epoch, args.max_epochs, idx, len(loader),
/home/karimimonsefi.1/SSL_VAN/BTCV/trainer.py:109: UserWarning: Val 2507/7800 1/3  acc 0.35460424423217773  time 6.21s
  warnings.warn("Val {}/{} {}/{}  acc {}  time {:.2f}s".format(epoch, args.max_epochs, idx, len(loader),
/home/karimimonsefi.1/SSL_VAN/BTCV/trainer.py:107: UserWarning: Val 2507/7800 2/3  acc [ 0.326]  time 4.95s
  warnings.warn("Val {}/{} {}/{}  acc {}  time {:.2f}s".format(epoch, args.max_epochs, idx, len(loader),
/home/karimimonsefi.1/SSL_VAN/BTCV/trainer.py:109: UserWarning: Val 2507/7800 2/3  acc 0.3259587287902832  time 4.95s
  warnings.warn("Val {}/{} {}/{}  acc {}  time {:.2f}s".format(epoch, args.max_epochs, idx, len(loader),
/home/karimimonsefi.1/SSL_VAN/BTCV/trainer.py:184: UserWarning: Final validation  2507/7799  acc: 0.3260  time 18.47s
  warnings.warn("Final validation  {}/{}  acc: {:.4f}  time {:.2f}s".format(epoch, args.max_epochs - 1,
/home/karimimonsefi.1/SSL_VAN/BTCV/trainer.py:154: UserWarning: 0  Mon Jul 31 07:21:40 2023  Epoch: 2508
  warnings.warn(f"{args.rank}  {time.ctime()}  Epoch: {epoch}")
/home/karimimonsefi.1/SSL_VAN/BTCV/trainer.py:154: UserWarning: 1  Mon Jul 31 07:21:40 2023  Epoch: 2508
  warnings.warn(f"{args.rank}  {time.ctime()}  Epoch: {epoch}")
/home/karimimonsefi.1/SSL_VAN/BTCV/trainer.py:58: UserWarning: Epoch 2508/7800 0/15  loss: 0.7009  time 4.45s
  warnings.warn(
/home/karimimonsefi.1/SSL_VAN/BTCV/trainer.py:58: UserWarning: Epoch 2508/7800 1/15  loss: 0.7107  time 1.13s
  warnings.warn(
/home/karimimonsefi.1/SSL_VAN/BTCV/trainer.py:58: UserWarning: Epoch 2508/7800 2/15  loss: 0.6647  time 1.09s
  warnings.warn(
/home/karimimonsefi.1/SSL_VAN/BTCV/trainer.py:58: UserWarning: Epoch 2508/7800 3/15  loss: 0.6469  time 1.07s
  warnings.warn(
/home/karimimonsefi.1/SSL_VAN/BTCV/trainer.py:58: UserWarning: Epoch 2508/7800 4/15  loss: 0.6531  time 1.08s
  warnings.warn(
/home/karimimonsefi.1/SSL_VAN/BTCV/trainer.py:58: UserWarning: Epoch 2508/7800 5/15  loss: 0.6476  time 1.07s
  warnings.warn(
/home/karimimonsefi.1/SSL_VAN/BTCV/trainer.py:58: UserWarning: Epoch 2508/7800 6/15  loss: 0.6433  time 1.08s
  warnings.warn(
/home/karimimonsefi.1/SSL_VAN/BTCV/trainer.py:58: UserWarning: Epoch 2508/7800 7/15  loss: 0.6520  time 1.07s
  warnings.warn(
/home/karimimonsefi.1/SSL_VAN/BTCV/trainer.py:58: UserWarning: Epoch 2508/7800 8/15  loss: 0.6477  time 1.07s
  warnings.warn(
/home/karimimonsefi.1/SSL_VAN/BTCV/trainer.py:58: UserWarning: Epoch 2508/7800 9/15  loss: 0.6542  time 1.08s
  warnings.warn(
/home/karimimonsefi.1/SSL_VAN/BTCV/trainer.py:58: UserWarning: Epoch 2508/7800 10/15  loss: 0.6349  time 1.07s
  warnings.warn(
/home/karimimonsefi.1/SSL_VAN/BTCV/trainer.py:58: UserWarning: Epoch 2508/7800 11/15  loss: 0.6533  time 1.07s
  warnings.warn(
/home/karimimonsefi.1/SSL_VAN/BTCV/trainer.py:58: UserWarning: Epoch 2508/7800 12/15  loss: 0.6555  time 1.07s
  warnings.warn(
/home/karimimonsefi.1/SSL_VAN/BTCV/trainer.py:58: UserWarning: Epoch 2508/7800 13/15  loss: 0.6566  time 1.07s
  warnings.warn(
/home/karimimonsefi.1/SSL_VAN/BTCV/trainer.py:58: UserWarning: Epoch 2508/7800 14/15  loss: 0.6650  time 1.07s
  warnings.warn(
/home/karimimonsefi.1/SSL_VAN/BTCV/trainer.py:160: UserWarning: Final training  2508/7799  loss: 0.6650  time 19.57s
  warnings.warn("Final training  {}/{}  loss: {:.4f}  time {:.2f}s".format(epoch, args.max_epochs - 1,
/home/karimimonsefi.1/SSL_VAN/BTCV/trainer.py:107: UserWarning: Val 2508/7800 0/3  acc [ 0.311]  time 7.29s
  warnings.warn("Val {}/{} {}/{}  acc {}  time {:.2f}s".format(epoch, args.max_epochs, idx, len(loader),
/home/karimimonsefi.1/SSL_VAN/BTCV/trainer.py:109: UserWarning: Val 2508/7800 0/3  acc 0.31149110198020935  time 7.29s
  warnings.warn("Val {}/{} {}/{}  acc {}  time {:.2f}s".format(epoch, args.max_epochs, idx, len(loader),
/home/karimimonsefi.1/SSL_VAN/BTCV/trainer.py:107: UserWarning: Val 2508/7800 1/3  acc [ 0.307]  time 6.20s
  warnings.warn("Val {}/{} {}/{}  acc {}  time {:.2f}s".format(epoch, args.max_epochs, idx, len(loader),
/home/karimimonsefi.1/SSL_VAN/BTCV/trainer.py:109: UserWarning: Val 2508/7800 1/3  acc 0.3074078857898712  time 6.20s
  warnings.warn("Val {}/{} {}/{}  acc {}  time {:.2f}s".format(epoch, args.max_epochs, idx, len(loader),
/home/karimimonsefi.1/SSL_VAN/BTCV/trainer.py:107: UserWarning: Val 2508/7800 2/3  acc [ 0.295]  time 4.95s
  warnings.warn("Val {}/{} {}/{}  acc {}  time {:.2f}s".format(epoch, args.max_epochs, idx, len(loader),
/home/karimimonsefi.1/SSL_VAN/BTCV/trainer.py:109: UserWarning: Val 2508/7800 2/3  acc 0.2954360842704773  time 4.95s
  warnings.warn("Val {}/{} {}/{}  acc {}  time {:.2f}s".format(epoch, args.max_epochs, idx, len(loader),
/home/karimimonsefi.1/SSL_VAN/BTCV/trainer.py:184: UserWarning: Final validation  2508/7799  acc: 0.2954  time 18.45s
  warnings.warn("Final validation  {}/{}  acc: {:.4f}  time {:.2f}s".format(epoch, args.max_epochs - 1,
/home/karimimonsefi.1/SSL_VAN/BTCV/trainer.py:154: UserWarning: 0  Mon Jul 31 07:22:20 2023  Epoch: 2509
  warnings.warn(f"{args.rank}  {time.ctime()}  Epoch: {epoch}")
/home/karimimonsefi.1/SSL_VAN/BTCV/trainer.py:154: UserWarning: 1  Mon Jul 31 07:22:20 2023  Epoch: 2509
  warnings.warn(f"{args.rank}  {time.ctime()}  Epoch: {epoch}")
/home/karimimonsefi.1/SSL_VAN/BTCV/trainer.py:58: UserWarning: Epoch 2509/7800 0/15  loss: 0.6763  time 3.69s
  warnings.warn(
/home/karimimonsefi.1/SSL_VAN/BTCV/trainer.py:58: UserWarning: Epoch 2509/7800 1/15  loss: 0.6514  time 1.22s
  warnings.warn(
/home/karimimonsefi.1/SSL_VAN/BTCV/trainer.py:58: UserWarning: Epoch 2509/7800 2/15  loss: 0.6624  time 1.09s
  warnings.warn(
/home/karimimonsefi.1/SSL_VAN/BTCV/trainer.py:58: UserWarning: Epoch 2509/7800 3/15  loss: 0.6356  time 1.07s
  warnings.warn(
/home/karimimonsefi.1/SSL_VAN/BTCV/trainer.py:58: UserWarning: Epoch 2509/7800 4/15  loss: 0.6515  time 1.07s
  warnings.warn(
/home/karimimonsefi.1/SSL_VAN/BTCV/trainer.py:58: UserWarning: Epoch 2509/7800 5/15  loss: 0.6575  time 1.07s
  warnings.warn(
/home/karimimonsefi.1/SSL_VAN/BTCV/trainer.py:58: UserWarning: Epoch 2509/7800 6/15  loss: 0.6474  time 1.07s
  warnings.warn(
/home/karimimonsefi.1/SSL_VAN/BTCV/trainer.py:58: UserWarning: Epoch 2509/7800 7/15  loss: 0.6615  time 1.07s
  warnings.warn(
/home/karimimonsefi.1/SSL_VAN/BTCV/trainer.py:58: UserWarning: Epoch 2509/7800 8/15  loss: 0.6798  time 1.07s
  warnings.warn(
/home/karimimonsefi.1/SSL_VAN/BTCV/trainer.py:58: UserWarning: Epoch 2509/7800 9/15  loss: 0.6789  time 1.07s
  warnings.warn(
/home/karimimonsefi.1/SSL_VAN/BTCV/trainer.py:58: UserWarning: Epoch 2509/7800 10/15  loss: 0.6850  time 1.07s
  warnings.warn(
/home/karimimonsefi.1/SSL_VAN/BTCV/trainer.py:58: UserWarning: Epoch 2509/7800 11/15  loss: 0.6913  time 1.07s
  warnings.warn(
/home/karimimonsefi.1/SSL_VAN/BTCV/trainer.py:58: UserWarning: Epoch 2509/7800 12/15  loss: 0.7005  time 1.07s
  warnings.warn(
/home/karimimonsefi.1/SSL_VAN/BTCV/trainer.py:58: UserWarning: Epoch 2509/7800 13/15  loss: 0.6945  time 1.07s
  warnings.warn(
/home/karimimonsefi.1/SSL_VAN/BTCV/trainer.py:58: UserWarning: Epoch 2509/7800 14/15  loss: 0.6907  time 1.07s
  warnings.warn(
/home/karimimonsefi.1/SSL_VAN/BTCV/trainer.py:160: UserWarning: Final training  2509/7799  loss: 0.6907  time 18.86s
  warnings.warn("Final training  {}/{}  loss: {:.4f}  time {:.2f}s".format(epoch, args.max_epochs - 1,
/home/karimimonsefi.1/SSL_VAN/BTCV/trainer.py:107: UserWarning: Val 2509/7800 0/3  acc [ 0.414]  time 7.35s
  warnings.warn("Val {}/{} {}/{}  acc {}  time {:.2f}s".format(epoch, args.max_epochs, idx, len(loader),
/home/karimimonsefi.1/SSL_VAN/BTCV/trainer.py:109: UserWarning: Val 2509/7800 0/3  acc 0.4138626456260681  time 7.36s
  warnings.warn("Val {}/{} {}/{}  acc {}  time {:.2f}s".format(epoch, args.max_epochs, idx, len(loader),
/home/karimimonsefi.1/SSL_VAN/BTCV/trainer.py:107: UserWarning: Val 2509/7800 1/3  acc [ 0.369]  time 6.22s
  warnings.warn("Val {}/{} {}/{}  acc {}  time {:.2f}s".format(epoch, args.max_epochs, idx, len(loader),
/home/karimimonsefi.1/SSL_VAN/BTCV/trainer.py:109: UserWarning: Val 2509/7800 1/3  acc 0.36888477206230164  time 6.22s
  warnings.warn("Val {}/{} {}/{}  acc {}  time {:.2f}s".format(epoch, args.max_epochs, idx, len(loader),
/home/karimimonsefi.1/SSL_VAN/BTCV/trainer.py:107: UserWarning: Val 2509/7800 2/3  acc [ 0.337]  time 4.96s
  warnings.warn("Val {}/{} {}/{}  acc {}  time {:.2f}s".format(epoch, args.max_epochs, idx, len(loader),
/home/karimimonsefi.1/SSL_VAN/BTCV/trainer.py:109: UserWarning: Val 2509/7800 2/3  acc 0.33713093400001526  time 4.96s
  warnings.warn("Val {}/{} {}/{}  acc {}  time {:.2f}s".format(epoch, args.max_epochs, idx, len(loader),
/home/karimimonsefi.1/SSL_VAN/BTCV/trainer.py:184: UserWarning: Final validation  2509/7799  acc: 0.3371  time 18.54s
  warnings.warn("Final validation  {}/{}  acc: {:.4f}  time {:.2f}s".format(epoch, args.max_epochs - 1,
/home/karimimonsefi.1/SSL_VAN/BTCV/trainer.py:154: UserWarning: 0  Mon Jul 31 07:23:00 2023  Epoch: 2510
  warnings.warn(f"{args.rank}  {time.ctime()}  Epoch: {epoch}")
/home/karimimonsefi.1/SSL_VAN/BTCV/trainer.py:154: UserWarning: 1  Mon Jul 31 07:23:00 2023  Epoch: 2510
  warnings.warn(f"{args.rank}  {time.ctime()}  Epoch: {epoch}")
/home/karimimonsefi.1/SSL_VAN/BTCV/trainer.py:58: UserWarning: Epoch 2510/7800 0/15  loss: 0.6864  time 4.24s
  warnings.warn(
/home/karimimonsefi.1/SSL_VAN/BTCV/trainer.py:58: UserWarning: Epoch 2510/7800 1/15  loss: 0.7613  time 1.51s
  warnings.warn(
/home/karimimonsefi.1/SSL_VAN/BTCV/trainer.py:58: UserWarning: Epoch 2510/7800 2/15  loss: 0.7400  time 1.08s
  warnings.warn(
/home/karimimonsefi.1/SSL_VAN/BTCV/trainer.py:58: UserWarning: Epoch 2510/7800 3/15  loss: 0.7105  time 1.06s
  warnings.warn(
/home/karimimonsefi.1/SSL_VAN/BTCV/trainer.py:58: UserWarning: Epoch 2510/7800 4/15  loss: 0.7011  time 1.07s
  warnings.warn(
/home/karimimonsefi.1/SSL_VAN/BTCV/trainer.py:58: UserWarning: Epoch 2510/7800 5/15  loss: 0.6948  time 1.06s
  warnings.warn(
/home/karimimonsefi.1/SSL_VAN/BTCV/trainer.py:58: UserWarning: Epoch 2510/7800 6/15  loss: 0.6870  time 1.07s
  warnings.warn(
/home/karimimonsefi.1/SSL_VAN/BTCV/trainer.py:58: UserWarning: Epoch 2510/7800 7/15  loss: 0.6726  time 1.06s
  warnings.warn(
/home/karimimonsefi.1/SSL_VAN/BTCV/trainer.py:58: UserWarning: Epoch 2510/7800 8/15  loss: 0.6841  time 1.08s
  warnings.warn(
/home/karimimonsefi.1/SSL_VAN/BTCV/trainer.py:58: UserWarning: Epoch 2510/7800 9/15  loss: 0.6772  time 1.06s
  warnings.warn(
/home/karimimonsefi.1/SSL_VAN/BTCV/trainer.py:58: UserWarning: Epoch 2510/7800 10/15  loss: 0.6745  time 1.15s
  warnings.warn(
/home/karimimonsefi.1/SSL_VAN/BTCV/trainer.py:58: UserWarning: Epoch 2510/7800 11/15  loss: 0.6801  time 1.07s
  warnings.warn(
/home/karimimonsefi.1/SSL_VAN/BTCV/trainer.py:58: UserWarning: Epoch 2510/7800 12/15  loss: 0.6749  time 1.06s
  warnings.warn(
/home/karimimonsefi.1/SSL_VAN/BTCV/trainer.py:58: UserWarning: Epoch 2510/7800 13/15  loss: 0.6871  time 1.06s
  warnings.warn(
/home/karimimonsefi.1/SSL_VAN/BTCV/trainer.py:58: UserWarning: Epoch 2510/7800 14/15  loss: 0.6907  time 1.06s
  warnings.warn(
/home/karimimonsefi.1/SSL_VAN/BTCV/trainer.py:160: UserWarning: Final training  2510/7799  loss: 0.6907  time 19.71s
  warnings.warn("Final training  {}/{}  loss: {:.4f}  time {:.2f}s".format(epoch, args.max_epochs - 1,
/home/karimimonsefi.1/SSL_VAN/BTCV/trainer.py:107: UserWarning: Val 2510/7800 0/3  acc [ 0.315]  time 7.28s
  warnings.warn("Val {}/{} {}/{}  acc {}  time {:.2f}s".format(epoch, args.max_epochs, idx, len(loader),
/home/karimimonsefi.1/SSL_VAN/BTCV/trainer.py:109: UserWarning: Val 2510/7800 0/3  acc 0.31535086035728455  time 7.28s
  warnings.warn("Val {}/{} {}/{}  acc {}  time {:.2f}s".format(epoch, args.max_epochs, idx, len(loader),
/home/karimimonsefi.1/SSL_VAN/BTCV/trainer.py:107: UserWarning: Val 2510/7800 1/3  acc [ 0.313]  time 6.21s
  warnings.warn("Val {}/{} {}/{}  acc {}  time {:.2f}s".format(epoch, args.max_epochs, idx, len(loader),
/home/karimimonsefi.1/SSL_VAN/BTCV/trainer.py:109: UserWarning: Val 2510/7800 1/3  acc 0.31271034479141235  time 6.21s
  warnings.warn("Val {}/{} {}/{}  acc {}  time {:.2f}s".format(epoch, args.max_epochs, idx, len(loader),
/home/karimimonsefi.1/SSL_VAN/BTCV/trainer.py:107: UserWarning: Val 2510/7800 2/3  acc [ 0.301]  time 4.95s
  warnings.warn("Val {}/{} {}/{}  acc {}  time {:.2f}s".format(epoch, args.max_epochs, idx, len(loader),
/home/karimimonsefi.1/SSL_VAN/BTCV/trainer.py:109: UserWarning: Val 2510/7800 2/3  acc 0.3005543053150177  time 4.95s
  warnings.warn("Val {}/{} {}/{}  acc {}  time {:.2f}s".format(epoch, args.max_epochs, idx, len(loader),
/home/karimimonsefi.1/SSL_VAN/BTCV/trainer.py:184: UserWarning: Final validation  2510/7799  acc: 0.3006  time 18.45s
  warnings.warn("Final validation  {}/{}  acc: {:.4f}  time {:.2f}s".format(epoch, args.max_epochs - 1,
/home/karimimonsefi.1/SSL_VAN/BTCV/trainer.py:154: UserWarning: 0  Mon Jul 31 07:23:41 2023  Epoch: 2511
  warnings.warn(f"{args.rank}  {time.ctime()}  Epoch: {epoch}")
/home/karimimonsefi.1/SSL_VAN/BTCV/trainer.py:154: UserWarning: 1  Mon Jul 31 07:23:41 2023  Epoch: 2511
  warnings.warn(f"{args.rank}  {time.ctime()}  Epoch: {epoch}")
/home/karimimonsefi.1/SSL_VAN/BTCV/trainer.py:58: UserWarning: Epoch 2511/7800 0/15  loss: 0.5874  time 3.50s
  warnings.warn(
/home/karimimonsefi.1/SSL_VAN/BTCV/trainer.py:58: UserWarning: Epoch 2511/7800 1/15  loss: 0.6975  time 1.20s
  warnings.warn(
/home/karimimonsefi.1/SSL_VAN/BTCV/trainer.py:58: UserWarning: Epoch 2511/7800 2/15  loss: 0.6650  time 1.15s
  warnings.warn(
/home/karimimonsefi.1/SSL_VAN/BTCV/trainer.py:58: UserWarning: Epoch 2511/7800 3/15  loss: 0.6872  time 1.08s
  warnings.warn(
/home/karimimonsefi.1/SSL_VAN/BTCV/trainer.py:58: UserWarning: Epoch 2511/7800 4/15  loss: 0.6729  time 1.07s
  warnings.warn(
/home/karimimonsefi.1/SSL_VAN/BTCV/trainer.py:58: UserWarning: Epoch 2511/7800 5/15  loss: 0.6870  time 1.07s
  warnings.warn(
/home/karimimonsefi.1/SSL_VAN/BTCV/trainer.py:58: UserWarning: Epoch 2511/7800 6/15  loss: 0.6726  time 1.07s
  warnings.warn(
/home/karimimonsefi.1/SSL_VAN/BTCV/trainer.py:58: UserWarning: Epoch 2511/7800 7/15  loss: 0.6810  time 1.07s
  warnings.warn(
/home/karimimonsefi.1/SSL_VAN/BTCV/trainer.py:58: UserWarning: Epoch 2511/7800 8/15  loss: 0.6818  time 1.07s
  warnings.warn(
/home/karimimonsefi.1/SSL_VAN/BTCV/trainer.py:58: UserWarning: Epoch 2511/7800 9/15  loss: 0.6740  time 1.07s
  warnings.warn(
/home/karimimonsefi.1/SSL_VAN/BTCV/trainer.py:58: UserWarning: Epoch 2511/7800 10/15  loss: 0.6720  time 1.07s
  warnings.warn(
/home/karimimonsefi.1/SSL_VAN/BTCV/trainer.py:58: UserWarning: Epoch 2511/7800 11/15  loss: 0.6655  time 1.07s
  warnings.warn(
/home/karimimonsefi.1/SSL_VAN/BTCV/trainer.py:58: UserWarning: Epoch 2511/7800 12/15  loss: 0.6780  time 1.07s
  warnings.warn(
/home/karimimonsefi.1/SSL_VAN/BTCV/trainer.py:58: UserWarning: Epoch 2511/7800 13/15  loss: 0.6828  time 1.07s
  warnings.warn(
/home/karimimonsefi.1/SSL_VAN/BTCV/trainer.py:58: UserWarning: Epoch 2511/7800 14/15  loss: 0.6729  time 1.07s
  warnings.warn(
/home/karimimonsefi.1/SSL_VAN/BTCV/trainer.py:160: UserWarning: Final training  2511/7799  loss: 0.6729  time 18.72s
  warnings.warn("Final training  {}/{}  loss: {:.4f}  time {:.2f}s".format(epoch, args.max_epochs - 1,
/home/karimimonsefi.1/SSL_VAN/BTCV/trainer.py:107: UserWarning: Val 2511/7800 0/3  acc [ 0.320]  time 7.35s
  warnings.warn("Val {}/{} {}/{}  acc {}  time {:.2f}s".format(epoch, args.max_epochs, idx, len(loader),
/home/karimimonsefi.1/SSL_VAN/BTCV/trainer.py:109: UserWarning: Val 2511/7800 0/3  acc 0.32018035650253296  time 7.35s
  warnings.warn("Val {}/{} {}/{}  acc {}  time {:.2f}s".format(epoch, args.max_epochs, idx, len(loader),
/home/karimimonsefi.1/SSL_VAN/BTCV/trainer.py:107: UserWarning: Val 2511/7800 1/3  acc [ 0.316]  time 6.20s
  warnings.warn("Val {}/{} {}/{}  acc {}  time {:.2f}s".format(epoch, args.max_epochs, idx, len(loader),
/home/karimimonsefi.1/SSL_VAN/BTCV/trainer.py:109: UserWarning: Val 2511/7800 1/3  acc 0.31590867042541504  time 6.21s
  warnings.warn("Val {}/{} {}/{}  acc {}  time {:.2f}s".format(epoch, args.max_epochs, idx, len(loader),
/home/karimimonsefi.1/SSL_VAN/BTCV/trainer.py:107: UserWarning: Val 2511/7800 2/3  acc [ 0.302]  time 4.95s
  warnings.warn("Val {}/{} {}/{}  acc {}  time {:.2f}s".format(epoch, args.max_epochs, idx, len(loader),
/home/karimimonsefi.1/SSL_VAN/BTCV/trainer.py:109: UserWarning: Val 2511/7800 2/3  acc 0.30154332518577576  time 4.95s
  warnings.warn("Val {}/{} {}/{}  acc {}  time {:.2f}s".format(epoch, args.max_epochs, idx, len(loader),
/home/karimimonsefi.1/SSL_VAN/BTCV/trainer.py:184: UserWarning: Final validation  2511/7799  acc: 0.3015  time 18.51s
  warnings.warn("Final validation  {}/{}  acc: {:.4f}  time {:.2f}s".format(epoch, args.max_epochs - 1,
/home/karimimonsefi.1/SSL_VAN/BTCV/trainer.py:154: UserWarning: 0  Mon Jul 31 07:24:21 2023  Epoch: 2512
  warnings.warn(f"{args.rank}  {time.ctime()}  Epoch: {epoch}")
/home/karimimonsefi.1/SSL_VAN/BTCV/trainer.py:154: UserWarning: 1  Mon Jul 31 07:24:21 2023  Epoch: 2512
  warnings.warn(f"{args.rank}  {time.ctime()}  Epoch: {epoch}")
/home/karimimonsefi.1/SSL_VAN/BTCV/trainer.py:58: UserWarning: Epoch 2512/7800 0/15  loss: 0.7704  time 5.82s
  warnings.warn(
/home/karimimonsefi.1/SSL_VAN/BTCV/trainer.py:58: UserWarning: Epoch 2512/7800 1/15  loss: 0.6833  time 1.07s
  warnings.warn(
/home/karimimonsefi.1/SSL_VAN/BTCV/trainer.py:58: UserWarning: Epoch 2512/7800 2/15  loss: 0.6822  time 1.07s
  warnings.warn(
/home/karimimonsefi.1/SSL_VAN/BTCV/trainer.py:58: UserWarning: Epoch 2512/7800 3/15  loss: 0.6767  time 1.07s
  warnings.warn(
/home/karimimonsefi.1/SSL_VAN/BTCV/trainer.py:58: UserWarning: Epoch 2512/7800 4/15  loss: 0.6993  time 1.07s
  warnings.warn(
/home/karimimonsefi.1/SSL_VAN/BTCV/trainer.py:58: UserWarning: Epoch 2512/7800 5/15  loss: 0.7062  time 1.06s
  warnings.warn(
/home/karimimonsefi.1/SSL_VAN/BTCV/trainer.py:58: UserWarning: Epoch 2512/7800 6/15  loss: 0.6952  time 1.07s
  warnings.warn(
/home/karimimonsefi.1/SSL_VAN/BTCV/trainer.py:58: UserWarning: Epoch 2512/7800 7/15  loss: 0.6997  time 1.07s
  warnings.warn(
/home/karimimonsefi.1/SSL_VAN/BTCV/trainer.py:58: UserWarning: Epoch 2512/7800 8/15  loss: 0.6987  time 1.07s
  warnings.warn(
/home/karimimonsefi.1/SSL_VAN/BTCV/trainer.py:58: UserWarning: Epoch 2512/7800 9/15  loss: 0.6937  time 1.07s
  warnings.warn(
/home/karimimonsefi.1/SSL_VAN/BTCV/trainer.py:58: UserWarning: Epoch 2512/7800 10/15  loss: 0.6901  time 1.08s
  warnings.warn(
/home/karimimonsefi.1/SSL_VAN/BTCV/trainer.py:58: UserWarning: Epoch 2512/7800 11/15  loss: 0.6841  time 1.07s
  warnings.warn(
/home/karimimonsefi.1/SSL_VAN/BTCV/trainer.py:58: UserWarning: Epoch 2512/7800 12/15  loss: 0.6865  time 1.07s
  warnings.warn(
/home/karimimonsefi.1/SSL_VAN/BTCV/trainer.py:58: UserWarning: Epoch 2512/7800 13/15  loss: 0.6851  time 1.07s
  warnings.warn(
