/var/spool/slurmd/job60432/slurm_script: line 11: cd: SSL_VAN: No such file or directory

----------------------------------------------------------------------------
  cuda:
----------------------------------------------------------------------------
     Versions:
        cuda/10.2
        cuda/11.0
        cuda/11.2
        cuda/11.3
        cuda/11.4
        cuda/11.5
        cuda/11.6
        cuda/11.7
        cuda/11.8
        cuda/12.0

----------------------------------------------------------------------------
  For detailed information about a specific "cuda" package (including how to load the modules) use the module's full name.
  Note that names that have a trailing (E) are extensions provided by other modules.
  For example:

     $ module spider cuda/12.0
----------------------------------------------------------------------------

 


CommandNotFoundError: Your shell has not been properly configured to use 'conda activate'.
To initialize your shell, run

    $ conda init <SHELL_NAME>

Currently supported shells are:
  - bash
  - fish
  - tcsh
  - xonsh
  - zsh
  - powershell

See 'conda init --help' for more information and options.

IMPORTANT: You may need to close and restart your shell after running 'conda init'.


/home/karimimonsefi.1/miniconda3/lib/python3.9/site-packages/mmcv/__init__.py:20: UserWarning: On January 1, 2023, MMCV will release v2.0.0, in which it will remove components related to the training process and add a data transformation module. In addition, it will rename the package names mmcv to mmcv-lite and mmcv-full to mmcv. See https://github.com/open-mmlab/mmcv/blob/master/docs/en/compatibility.md for more details.
  warnings.warn(
/home/karimimonsefi.1/SSL_VAN/BTCV/main.py:108: UserWarning: Found total gpus 2
  warnings.warn("Found total gpus {}".format(args.ngpus_per_node))
/home/karimimonsefi.1/miniconda3/lib/python3.9/site-packages/mmcv/__init__.py:20: UserWarning: On January 1, 2023, MMCV will release v2.0.0, in which it will remove components related to the training process and add a data transformation module. In addition, it will rename the package names mmcv to mmcv-lite and mmcv-full to mmcv. See https://github.com/open-mmlab/mmcv/blob/master/docs/en/compatibility.md for more details.
  warnings.warn(
/home/karimimonsefi.1/miniconda3/lib/python3.9/site-packages/mmcv/__init__.py:20: UserWarning: On January 1, 2023, MMCV will release v2.0.0, in which it will remove components related to the training process and add a data transformation module. In addition, it will rename the package names mmcv to mmcv-lite and mmcv-full to mmcv. See https://github.com/open-mmlab/mmcv/blob/master/docs/en/compatibility.md for more details.
  warnings.warn(
/home/karimimonsefi.1/SSL_VAN/BTCV/main.py:128: UserWarning: 0 gpu 0
  warnings.warn(f"{args.rank} gpu {args.gpu}")
/home/karimimonsefi.1/SSL_VAN/BTCV/main.py:130: UserWarning: Batch size is: 2 epochs 15000
  warnings.warn(f"Batch size is: {args.batch_size} epochs {args.max_epochs}")
/home/karimimonsefi.1/SSL_VAN/BTCV/main.py:128: UserWarning: 1 gpu 1
  warnings.warn(f"{args.rank} gpu {args.gpu}")
/home/karimimonsefi.1/miniconda3/lib/python3.9/site-packages/monai/transforms/post/array.py:176: UserWarning: `to_onehot=True/False` is deprecated, please use `to_onehot=num_classes` instead.
  warnings.warn("`to_onehot=True/False` is deprecated, please use `to_onehot=num_classes` instead.")
/home/karimimonsefi.1/SSL_VAN/BTCV/main.py:164: UserWarning: Total parameters count 56837492
  warnings.warn(f"Total parameters count {pytorch_total_params}")
/home/karimimonsefi.1/SSL_VAN/BTCV/main.py:167: UserWarning: Total args.checkpoint True
  warnings.warn(f"Total args.checkpoint {args.checkpoint}")
/home/karimimonsefi.1/SSL_VAN/commons/util.py:6: UserWarning:  base_url is 64-128-256-512_3-4-6-3_8-8-4-4_vae_inferer_valid_loader_VANV4GL_2
  warnings.warn(f" base_url is {base_url}")
/home/karimimonsefi.1/SSL_VAN/commons/util.py:8: UserWarning:  output_url 1 is ./runs/BTCV_new/test_log/output_False_False
  warnings.warn(f" output_url 1 is {output_url}")
/home/karimimonsefi.1/SSL_VAN/commons/util.py:9: UserWarning:  exists 1 is True
  warnings.warn(f" exists 1 is {os.path.exists(output_url)}")
/home/karimimonsefi.1/SSL_VAN/commons/util.py:13: UserWarning:  output_url 2 is ./runs/BTCV_new/test_log/output_False_False64-128-256-512_3-4-6-3_8-8-4-4_vae_inferer_valid_loader_VANV4GL_2
  warnings.warn(f" output_url 2 is {output_url}")
/home/karimimonsefi.1/SSL_VAN/commons/util.py:14: UserWarning:  exists 2 is True
  warnings.warn(f" exists 2 is {os.path.exists(output_url)}")
/home/karimimonsefi.1/SSL_VAN/commons/util.py:20: UserWarning:  Best url model is 64-128-256-512_3-4-6-3_8-8-4-4_vae_inferer_valid_loader_VANV4GL_2__best.pt, final model url is 64-128-256-512_3-4-6-3_8-8-4-4_vae_inferer_valid_loader_VANV4GL_2__final.pt
  warnings.warn(f" Best url model is {args.best_model_url}, final model url is {args.final_model_url}")
/home/karimimonsefi.1/miniconda3/lib/python3.9/site-packages/monai/transforms/post/array.py:176: UserWarning: `to_onehot=True/False` is deprecated, please use `to_onehot=num_classes` instead.
  warnings.warn("`to_onehot=True/False` is deprecated, please use `to_onehot=num_classes` instead.")
/home/karimimonsefi.1/SSL_VAN/BTCV/main.py:164: UserWarning: Total parameters count 56837492
  warnings.warn(f"Total parameters count {pytorch_total_params}")
/home/karimimonsefi.1/SSL_VAN/BTCV/main.py:167: UserWarning: Total args.checkpoint True
  warnings.warn(f"Total args.checkpoint {args.checkpoint}")
/home/karimimonsefi.1/SSL_VAN/commons/util.py:6: UserWarning:  base_url is 64-128-256-512_3-4-6-3_8-8-4-4_vae_inferer_valid_loader_VANV4GL_2
  warnings.warn(f" base_url is {base_url}")
/home/karimimonsefi.1/SSL_VAN/commons/util.py:8: UserWarning:  output_url 1 is ./runs/BTCV_new/test_log/output_False_False
  warnings.warn(f" output_url 1 is {output_url}")
/home/karimimonsefi.1/SSL_VAN/commons/util.py:9: UserWarning:  exists 1 is True
  warnings.warn(f" exists 1 is {os.path.exists(output_url)}")
/home/karimimonsefi.1/SSL_VAN/commons/util.py:13: UserWarning:  output_url 2 is ./runs/BTCV_new/test_log/output_False_False64-128-256-512_3-4-6-3_8-8-4-4_vae_inferer_valid_loader_VANV4GL_2
  warnings.warn(f" output_url 2 is {output_url}")
/home/karimimonsefi.1/SSL_VAN/commons/util.py:14: UserWarning:  exists 2 is True
  warnings.warn(f" exists 2 is {os.path.exists(output_url)}")
/home/karimimonsefi.1/SSL_VAN/commons/util.py:20: UserWarning:  Best url model is 64-128-256-512_3-4-6-3_8-8-4-4_vae_inferer_valid_loader_VANV4GL_2__best.pt, final model url is 64-128-256-512_3-4-6-3_8-8-4-4_vae_inferer_valid_loader_VANV4GL_2__final.pt
  warnings.warn(f" Best url model is {args.best_model_url}, final model url is {args.final_model_url}")
/home/karimimonsefi.1/SSL_VAN/BTCV/main.py:181: UserWarning: => loaded checkpoint 'True' (epoch 6486) (bestacc 0.8451065421104431)
  warnings.warn("=> loaded checkpoint '{}' (epoch {}) (bestacc {})".format(
/home/karimimonsefi.1/SSL_VAN/BTCV/main.py:181: UserWarning: => loaded checkpoint 'True' (epoch 6486) (bestacc 0.8451065421104431)
  warnings.warn("=> loaded checkpoint '{}' (epoch {}) (bestacc {})".format(
/home/karimimonsefi.1/SSL_VAN/BTCV/trainer.py:146: UserWarning: Writing Tensorboard logs to ./runs/BTCV_new/test_log
  warnings.warn(f"Writing Tensorboard logs to {args.logdir}")
/home/karimimonsefi.1/SSL_VAN/BTCV/trainer.py:154: UserWarning: 0  Sun Jun 25 12:05:22 2023  Epoch: 6486
  warnings.warn(f"{args.rank}  {time.ctime()}  Epoch: {epoch}")
/home/karimimonsefi.1/SSL_VAN/BTCV/trainer.py:154: UserWarning: 1  Sun Jun 25 12:05:22 2023  Epoch: 6486
  warnings.warn(f"{args.rank}  {time.ctime()}  Epoch: {epoch}")
input_list/dataset_BTCV_List.json
input_list/dataset_BTCV_List.json
/home/karimimonsefi.1/SSL_VAN/BTCV/trainer.py:32: UserWarning: input shape torch.Size([8, 1, 96, 96, 96])
  warnings.warn("input shape {}".format(data.shape))
/home/karimimonsefi.1/SSL_VAN/BTCV/trainer.py:32: UserWarning: input shape torch.Size([8, 1, 96, 96, 96])
  warnings.warn("input shape {}".format(data.shape))
[W reducer.cpp:1298] Warning: find_unused_parameters=True was specified in DDP constructor, but did not find any unused parameters in the forward pass. This flag results in an extra traversal of the autograd graph every iteration,  which can adversely affect performance. If your model indeed never has any unused parameters in the forward pass, consider turning this flag off. Note that this warning may be a false positive if your model has flow control causing later iterations to have unused parameters. (function operator())
[W reducer.cpp:1298] Warning: find_unused_parameters=True was specified in DDP constructor, but did not find any unused parameters in the forward pass. This flag results in an extra traversal of the autograd graph every iteration,  which can adversely affect performance. If your model indeed never has any unused parameters in the forward pass, consider turning this flag off. Note that this warning may be a false positive if your model has flow control causing later iterations to have unused parameters. (function operator())
/home/karimimonsefi.1/SSL_VAN/BTCV/trainer.py:39: UserWarning: logits shape torch.Size([8, 14, 96, 96, 96])
  warnings.warn("logits shape {}".format(logits.shape))
/home/karimimonsefi.1/SSL_VAN/BTCV/trainer.py:39: UserWarning: logits shape torch.Size([8, 14, 96, 96, 96])
  warnings.warn("logits shape {}".format(logits.shape))
/home/karimimonsefi.1/SSL_VAN/BTCV/trainer.py:40: UserWarning: target shape torch.Size([8, 1, 96, 96, 96])
  warnings.warn("target shape {}".format(target.shape))
/home/karimimonsefi.1/SSL_VAN/BTCV/trainer.py:40: UserWarning: target shape torch.Size([8, 1, 96, 96, 96])
  warnings.warn("target shape {}".format(target.shape))
/home/karimimonsefi.1/SSL_VAN/BTCV/trainer.py:58: UserWarning: Epoch 6486/15000 0/6  loss: 0.5393  time 28.54s
  warnings.warn(
/home/karimimonsefi.1/SSL_VAN/BTCV/trainer.py:58: UserWarning: Epoch 6486/15000 1/6  loss: 0.5093  time 1.03s
  warnings.warn(
/home/karimimonsefi.1/SSL_VAN/BTCV/trainer.py:58: UserWarning: Epoch 6486/15000 2/6  loss: 0.5242  time 1.03s
  warnings.warn(
/home/karimimonsefi.1/SSL_VAN/BTCV/trainer.py:58: UserWarning: Epoch 6486/15000 3/6  loss: 0.5459  time 1.03s
  warnings.warn(
/home/karimimonsefi.1/SSL_VAN/BTCV/trainer.py:58: UserWarning: Epoch 6486/15000 4/6  loss: 0.5550  time 1.03s
  warnings.warn(
/home/karimimonsefi.1/SSL_VAN/BTCV/trainer.py:58: UserWarning: Epoch 6486/15000 5/6  loss: 0.5700  time 1.03s
  warnings.warn(
/home/karimimonsefi.1/SSL_VAN/BTCV/trainer.py:160: UserWarning: Final training  6486/14999  loss: 0.5700  time 33.74s
  warnings.warn("Final training  {}/{}  loss: {:.4f}  time {:.2f}s".format(epoch, args.max_epochs - 1,
/home/karimimonsefi.1/SSL_VAN/BTCV/trainer.py:107: UserWarning: Val 6486/15000 0/3  acc [ 0.857]  time 9.35s
  warnings.warn("Val {}/{} {}/{}  acc {}  time {:.2f}s".format(epoch, args.max_epochs, idx, len(loader),
/home/karimimonsefi.1/SSL_VAN/BTCV/trainer.py:109: UserWarning: Val 6486/15000 0/3  acc 0.8572157621383667  time 9.35s
  warnings.warn("Val {}/{} {}/{}  acc {}  time {:.2f}s".format(epoch, args.max_epochs, idx, len(loader),
/home/karimimonsefi.1/SSL_VAN/BTCV/trainer.py:107: UserWarning: Val 6486/15000 1/3  acc [ 0.840]  time 5.34s
  warnings.warn("Val {}/{} {}/{}  acc {}  time {:.2f}s".format(epoch, args.max_epochs, idx, len(loader),
/home/karimimonsefi.1/SSL_VAN/BTCV/trainer.py:109: UserWarning: Val 6486/15000 1/3  acc 0.8396400213241577  time 5.34s
  warnings.warn("Val {}/{} {}/{}  acc {}  time {:.2f}s".format(epoch, args.max_epochs, idx, len(loader),
/home/karimimonsefi.1/SSL_VAN/BTCV/trainer.py:107: UserWarning: Val 6486/15000 2/3  acc [ 0.843]  time 3.39s
  warnings.warn("Val {}/{} {}/{}  acc {}  time {:.2f}s".format(epoch, args.max_epochs, idx, len(loader),
/home/karimimonsefi.1/SSL_VAN/BTCV/trainer.py:109: UserWarning: Val 6486/15000 2/3  acc 0.842712938785553  time 3.39s
  warnings.warn("Val {}/{} {}/{}  acc {}  time {:.2f}s".format(epoch, args.max_epochs, idx, len(loader),
/home/karimimonsefi.1/SSL_VAN/BTCV/trainer.py:184: UserWarning: Final validation  6486/14999  acc: 0.8427  time 18.10s
  warnings.warn("Final validation  {}/{}  acc: {:.4f}  time {:.2f}s".format(epoch, args.max_epochs - 1,
/home/karimimonsefi.1/SSL_VAN/BTCV/trainer.py:124: UserWarning: Saving checkpoint ./runs/BTCV_new/test_log/64-128-256-512_3-4-6-3_8-8-4-4_vae_inferer_valid_loader_VANV4GL_2__final.pt
  warnings.warn(f"Saving checkpoint {filename}")
/home/karimimonsefi.1/SSL_VAN/BTCV/trainer.py:154: UserWarning: 0  Sun Jun 25 12:06:15 2023  Epoch: 6487
  warnings.warn(f"{args.rank}  {time.ctime()}  Epoch: {epoch}")
/home/karimimonsefi.1/SSL_VAN/BTCV/trainer.py:154: UserWarning: 1  Sun Jun 25 12:06:15 2023  Epoch: 6487
  warnings.warn(f"{args.rank}  {time.ctime()}  Epoch: {epoch}")
/home/karimimonsefi.1/SSL_VAN/BTCV/trainer.py:58: UserWarning: Epoch 6487/15000 0/6  loss: 0.6265  time 6.81s
  warnings.warn(
/home/karimimonsefi.1/SSL_VAN/BTCV/trainer.py:58: UserWarning: Epoch 6487/15000 1/6  loss: 0.5948  time 1.03s
  warnings.warn(
/home/karimimonsefi.1/SSL_VAN/BTCV/trainer.py:58: UserWarning: Epoch 6487/15000 2/6  loss: 0.6035  time 1.03s
  warnings.warn(
/home/karimimonsefi.1/SSL_VAN/BTCV/trainer.py:58: UserWarning: Epoch 6487/15000 3/6  loss: 0.5858  time 1.03s
  warnings.warn(
/home/karimimonsefi.1/SSL_VAN/BTCV/trainer.py:58: UserWarning: Epoch 6487/15000 4/6  loss: 0.5697  time 1.03s
  warnings.warn(
/home/karimimonsefi.1/SSL_VAN/BTCV/trainer.py:58: UserWarning: Epoch 6487/15000 5/6  loss: 0.5654  time 1.02s
  warnings.warn(
/home/karimimonsefi.1/SSL_VAN/BTCV/trainer.py:160: UserWarning: Final training  6487/14999  loss: 0.5654  time 11.98s
  warnings.warn("Final training  {}/{}  loss: {:.4f}  time {:.2f}s".format(epoch, args.max_epochs - 1,
/home/karimimonsefi.1/SSL_VAN/BTCV/trainer.py:107: UserWarning: Val 6487/15000 0/3  acc [ 0.859]  time 6.11s
  warnings.warn("Val {}/{} {}/{}  acc {}  time {:.2f}s".format(epoch, args.max_epochs, idx, len(loader),
/home/karimimonsefi.1/SSL_VAN/BTCV/trainer.py:109: UserWarning: Val 6487/15000 0/3  acc 0.8594322204589844  time 6.11s
  warnings.warn("Val {}/{} {}/{}  acc {}  time {:.2f}s".format(epoch, args.max_epochs, idx, len(loader),
/home/karimimonsefi.1/SSL_VAN/BTCV/trainer.py:107: UserWarning: Val 6487/15000 1/3  acc [ 0.838]  time 4.24s
  warnings.warn("Val {}/{} {}/{}  acc {}  time {:.2f}s".format(epoch, args.max_epochs, idx, len(loader),
/home/karimimonsefi.1/SSL_VAN/BTCV/trainer.py:109: UserWarning: Val 6487/15000 1/3  acc 0.8384935855865479  time 4.24s
  warnings.warn("Val {}/{} {}/{}  acc {}  time {:.2f}s".format(epoch, args.max_epochs, idx, len(loader),
/home/karimimonsefi.1/SSL_VAN/BTCV/trainer.py:107: UserWarning: Val 6487/15000 2/3  acc [ 0.841]  time 3.38s
  warnings.warn("Val {}/{} {}/{}  acc {}  time {:.2f}s".format(epoch, args.max_epochs, idx, len(loader),
/home/karimimonsefi.1/SSL_VAN/BTCV/trainer.py:109: UserWarning: Val 6487/15000 2/3  acc 0.840869128704071  time 3.38s
  warnings.warn("Val {}/{} {}/{}  acc {}  time {:.2f}s".format(epoch, args.max_epochs, idx, len(loader),
/home/karimimonsefi.1/SSL_VAN/BTCV/trainer.py:184: UserWarning: Final validation  6487/14999  acc: 0.8409  time 13.74s
  warnings.warn("Final validation  {}/{}  acc: {:.4f}  time {:.2f}s".format(epoch, args.max_epochs - 1,
/home/karimimonsefi.1/SSL_VAN/BTCV/trainer.py:154: UserWarning: 0  Sun Jun 25 12:06:42 2023  Epoch: 6488
  warnings.warn(f"{args.rank}  {time.ctime()}  Epoch: {epoch}")
/home/karimimonsefi.1/SSL_VAN/BTCV/trainer.py:154: UserWarning: 1  Sun Jun 25 12:06:42 2023  Epoch: 6488
  warnings.warn(f"{args.rank}  {time.ctime()}  Epoch: {epoch}")
/home/karimimonsefi.1/SSL_VAN/BTCV/trainer.py:58: UserWarning: Epoch 6488/15000 0/6  loss: 0.4997  time 5.60s
  warnings.warn(
/home/karimimonsefi.1/SSL_VAN/BTCV/trainer.py:58: UserWarning: Epoch 6488/15000 1/6  loss: 0.5404  time 1.02s
  warnings.warn(
/home/karimimonsefi.1/SSL_VAN/BTCV/trainer.py:58: UserWarning: Epoch 6488/15000 2/6  loss: 0.5666  time 1.02s
  warnings.warn(
/home/karimimonsefi.1/SSL_VAN/BTCV/trainer.py:58: UserWarning: Epoch 6488/15000 3/6  loss: 0.5646  time 1.03s
  warnings.warn(
/home/karimimonsefi.1/SSL_VAN/BTCV/trainer.py:58: UserWarning: Epoch 6488/15000 4/6  loss: 0.5578  time 1.02s
  warnings.warn(
/home/karimimonsefi.1/SSL_VAN/BTCV/trainer.py:58: UserWarning: Epoch 6488/15000 5/6  loss: 0.5594  time 1.03s
  warnings.warn(
/home/karimimonsefi.1/SSL_VAN/BTCV/trainer.py:160: UserWarning: Final training  6488/14999  loss: 0.5594  time 10.76s
  warnings.warn("Final training  {}/{}  loss: {:.4f}  time {:.2f}s".format(epoch, args.max_epochs - 1,
/home/karimimonsefi.1/SSL_VAN/BTCV/trainer.py:107: UserWarning: Val 6488/15000 0/3  acc [ 0.853]  time 6.11s
  warnings.warn("Val {}/{} {}/{}  acc {}  time {:.2f}s".format(epoch, args.max_epochs, idx, len(loader),
/home/karimimonsefi.1/SSL_VAN/BTCV/trainer.py:109: UserWarning: Val 6488/15000 0/3  acc 0.8528891205787659  time 6.11s
  warnings.warn("Val {}/{} {}/{}  acc {}  time {:.2f}s".format(epoch, args.max_epochs, idx, len(loader),
/home/karimimonsefi.1/SSL_VAN/BTCV/trainer.py:107: UserWarning: Val 6488/15000 1/3  acc [ 0.836]  time 4.25s
  warnings.warn("Val {}/{} {}/{}  acc {}  time {:.2f}s".format(epoch, args.max_epochs, idx, len(loader),
/home/karimimonsefi.1/SSL_VAN/BTCV/trainer.py:109: UserWarning: Val 6488/15000 1/3  acc 0.8357430696487427  time 4.25s
  warnings.warn("Val {}/{} {}/{}  acc {}  time {:.2f}s".format(epoch, args.max_epochs, idx, len(loader),
/home/karimimonsefi.1/SSL_VAN/BTCV/trainer.py:107: UserWarning: Val 6488/15000 2/3  acc [ 0.837]  time 3.38s
  warnings.warn("Val {}/{} {}/{}  acc {}  time {:.2f}s".format(epoch, args.max_epochs, idx, len(loader),
/home/karimimonsefi.1/SSL_VAN/BTCV/trainer.py:109: UserWarning: Val 6488/15000 2/3  acc 0.8371069431304932  time 3.39s
  warnings.warn("Val {}/{} {}/{}  acc {}  time {:.2f}s".format(epoch, args.max_epochs, idx, len(loader),
/home/karimimonsefi.1/SSL_VAN/BTCV/trainer.py:184: UserWarning: Final validation  6488/14999  acc: 0.8371  time 13.76s
  warnings.warn("Final validation  {}/{}  acc: {:.4f}  time {:.2f}s".format(epoch, args.max_epochs - 1,
/home/karimimonsefi.1/SSL_VAN/BTCV/trainer.py:154: UserWarning: 0  Sun Jun 25 12:07:08 2023  Epoch: 6489
  warnings.warn(f"{args.rank}  {time.ctime()}  Epoch: {epoch}")
/home/karimimonsefi.1/SSL_VAN/BTCV/trainer.py:154: UserWarning: 1  Sun Jun 25 12:07:08 2023  Epoch: 6489
  warnings.warn(f"{args.rank}  {time.ctime()}  Epoch: {epoch}")
/home/karimimonsefi.1/SSL_VAN/BTCV/trainer.py:58: UserWarning: Epoch 6489/15000 0/6  loss: 0.5347  time 5.43s
  warnings.warn(
/home/karimimonsefi.1/SSL_VAN/BTCV/trainer.py:58: UserWarning: Epoch 6489/15000 1/6  loss: 0.5442  time 1.06s
  warnings.warn(
/home/karimimonsefi.1/SSL_VAN/BTCV/trainer.py:58: UserWarning: Epoch 6489/15000 2/6  loss: 0.5584  time 1.02s
  warnings.warn(
/home/karimimonsefi.1/SSL_VAN/BTCV/trainer.py:58: UserWarning: Epoch 6489/15000 3/6  loss: 0.5784  time 1.03s
  warnings.warn(
/home/karimimonsefi.1/SSL_VAN/BTCV/trainer.py:58: UserWarning: Epoch 6489/15000 4/6  loss: 0.5708  time 1.03s
  warnings.warn(
/home/karimimonsefi.1/SSL_VAN/BTCV/trainer.py:58: UserWarning: Epoch 6489/15000 5/6  loss: 0.5746  time 1.03s
  warnings.warn(
/home/karimimonsefi.1/SSL_VAN/BTCV/trainer.py:160: UserWarning: Final training  6489/14999  loss: 0.5746  time 10.63s
  warnings.warn("Final training  {}/{}  loss: {:.4f}  time {:.2f}s".format(epoch, args.max_epochs - 1,
/home/karimimonsefi.1/SSL_VAN/BTCV/trainer.py:107: UserWarning: Val 6489/15000 0/3  acc [ 0.857]  time 6.11s
  warnings.warn("Val {}/{} {}/{}  acc {}  time {:.2f}s".format(epoch, args.max_epochs, idx, len(loader),
/home/karimimonsefi.1/SSL_VAN/BTCV/trainer.py:109: UserWarning: Val 6489/15000 0/3  acc 0.8573565483093262  time 6.11s
  warnings.warn("Val {}/{} {}/{}  acc {}  time {:.2f}s".format(epoch, args.max_epochs, idx, len(loader),
/home/karimimonsefi.1/SSL_VAN/BTCV/trainer.py:107: UserWarning: Val 6489/15000 1/3  acc [ 0.837]  time 4.25s
  warnings.warn("Val {}/{} {}/{}  acc {}  time {:.2f}s".format(epoch, args.max_epochs, idx, len(loader),
/home/karimimonsefi.1/SSL_VAN/BTCV/trainer.py:109: UserWarning: Val 6489/15000 1/3  acc 0.8371009826660156  time 4.26s
  warnings.warn("Val {}/{} {}/{}  acc {}  time {:.2f}s".format(epoch, args.max_epochs, idx, len(loader),
/home/karimimonsefi.1/SSL_VAN/BTCV/trainer.py:107: UserWarning: Val 6489/15000 2/3  acc [ 0.841]  time 3.39s
  warnings.warn("Val {}/{} {}/{}  acc {}  time {:.2f}s".format(epoch, args.max_epochs, idx, len(loader),
/home/karimimonsefi.1/SSL_VAN/BTCV/trainer.py:109: UserWarning: Val 6489/15000 2/3  acc 0.8406502604484558  time 3.39s
  warnings.warn("Val {}/{} {}/{}  acc {}  time {:.2f}s".format(epoch, args.max_epochs, idx, len(loader),
/home/karimimonsefi.1/SSL_VAN/BTCV/trainer.py:184: UserWarning: Final validation  6489/14999  acc: 0.8407  time 13.76s
  warnings.warn("Final validation  {}/{}  acc: {:.4f}  time {:.2f}s".format(epoch, args.max_epochs - 1,
/home/karimimonsefi.1/SSL_VAN/BTCV/trainer.py:154: UserWarning: 0  Sun Jun 25 12:07:34 2023  Epoch: 6490
  warnings.warn(f"{args.rank}  {time.ctime()}  Epoch: {epoch}")
/home/karimimonsefi.1/SSL_VAN/BTCV/trainer.py:154: UserWarning: 1  Sun Jun 25 12:07:34 2023  Epoch: 6490
  warnings.warn(f"{args.rank}  {time.ctime()}  Epoch: {epoch}")
/home/karimimonsefi.1/SSL_VAN/BTCV/trainer.py:58: UserWarning: Epoch 6490/15000 0/6  loss: 0.5342  time 6.33s
  warnings.warn(
/home/karimimonsefi.1/SSL_VAN/BTCV/trainer.py:58: UserWarning: Epoch 6490/15000 1/6  loss: 0.5763  time 1.03s
  warnings.warn(
/home/karimimonsefi.1/SSL_VAN/BTCV/trainer.py:58: UserWarning: Epoch 6490/15000 2/6  loss: 0.5797  time 1.03s
  warnings.warn(
/home/karimimonsefi.1/SSL_VAN/BTCV/trainer.py:58: UserWarning: Epoch 6490/15000 3/6  loss: 0.5994  time 1.04s
  warnings.warn(
/home/karimimonsefi.1/SSL_VAN/BTCV/trainer.py:58: UserWarning: Epoch 6490/15000 4/6  loss: 0.5831  time 1.03s
  warnings.warn(
/home/karimimonsefi.1/SSL_VAN/BTCV/trainer.py:58: UserWarning: Epoch 6490/15000 5/6  loss: 0.5740  time 1.02s
  warnings.warn(
/home/karimimonsefi.1/SSL_VAN/BTCV/trainer.py:160: UserWarning: Final training  6490/14999  loss: 0.5740  time 11.52s
  warnings.warn("Final training  {}/{}  loss: {:.4f}  time {:.2f}s".format(epoch, args.max_epochs - 1,
/home/karimimonsefi.1/SSL_VAN/BTCV/trainer.py:107: UserWarning: Val 6490/15000 0/3  acc [ 0.855]  time 6.07s
  warnings.warn("Val {}/{} {}/{}  acc {}  time {:.2f}s".format(epoch, args.max_epochs, idx, len(loader),
/home/karimimonsefi.1/SSL_VAN/BTCV/trainer.py:109: UserWarning: Val 6490/15000 0/3  acc 0.8550222516059875  time 6.07s
  warnings.warn("Val {}/{} {}/{}  acc {}  time {:.2f}s".format(epoch, args.max_epochs, idx, len(loader),
/home/karimimonsefi.1/SSL_VAN/BTCV/trainer.py:107: UserWarning: Val 6490/15000 1/3  acc [ 0.833]  time 4.26s
  warnings.warn("Val {}/{} {}/{}  acc {}  time {:.2f}s".format(epoch, args.max_epochs, idx, len(loader),
/home/karimimonsefi.1/SSL_VAN/BTCV/trainer.py:109: UserWarning: Val 6490/15000 1/3  acc 0.8328990936279297  time 4.26s
  warnings.warn("Val {}/{} {}/{}  acc {}  time {:.2f}s".format(epoch, args.max_epochs, idx, len(loader),
/home/karimimonsefi.1/SSL_VAN/BTCV/trainer.py:107: UserWarning: Val 6490/15000 2/3  acc [ 0.835]  time 3.39s
  warnings.warn("Val {}/{} {}/{}  acc {}  time {:.2f}s".format(epoch, args.max_epochs, idx, len(loader),
/home/karimimonsefi.1/SSL_VAN/BTCV/trainer.py:109: UserWarning: Val 6490/15000 2/3  acc 0.8353281021118164  time 3.39s
  warnings.warn("Val {}/{} {}/{}  acc {}  time {:.2f}s".format(epoch, args.max_epochs, idx, len(loader),
/home/karimimonsefi.1/SSL_VAN/BTCV/trainer.py:184: UserWarning: Final validation  6490/14999  acc: 0.8353  time 13.74s
  warnings.warn("Final validation  {}/{}  acc: {:.4f}  time {:.2f}s".format(epoch, args.max_epochs - 1,
/home/karimimonsefi.1/SSL_VAN/BTCV/trainer.py:154: UserWarning: 0  Sun Jun 25 12:08:00 2023  Epoch: 6491
  warnings.warn(f"{args.rank}  {time.ctime()}  Epoch: {epoch}")
/home/karimimonsefi.1/SSL_VAN/BTCV/trainer.py:154: UserWarning: 1  Sun Jun 25 12:08:00 2023  Epoch: 6491
  warnings.warn(f"{args.rank}  {time.ctime()}  Epoch: {epoch}")
/home/karimimonsefi.1/SSL_VAN/BTCV/trainer.py:58: UserWarning: Epoch 6491/15000 0/6  loss: 0.5136  time 5.98s
  warnings.warn(
/home/karimimonsefi.1/SSL_VAN/BTCV/trainer.py:58: UserWarning: Epoch 6491/15000 1/6  loss: 0.5418  time 1.03s
  warnings.warn(
/home/karimimonsefi.1/SSL_VAN/BTCV/trainer.py:58: UserWarning: Epoch 6491/15000 2/6  loss: 0.5695  time 1.05s
  warnings.warn(
/home/karimimonsefi.1/SSL_VAN/BTCV/trainer.py:58: UserWarning: Epoch 6491/15000 3/6  loss: 0.5757  time 1.04s
  warnings.warn(
/home/karimimonsefi.1/SSL_VAN/BTCV/trainer.py:58: UserWarning: Epoch 6491/15000 4/6  loss: 0.5685  time 1.05s
  warnings.warn(
/home/karimimonsefi.1/SSL_VAN/BTCV/trainer.py:58: UserWarning: Epoch 6491/15000 5/6  loss: 0.5744  time 1.04s
  warnings.warn(
/home/karimimonsefi.1/SSL_VAN/BTCV/trainer.py:160: UserWarning: Final training  6491/14999  loss: 0.5744  time 11.23s
  warnings.warn("Final training  {}/{}  loss: {:.4f}  time {:.2f}s".format(epoch, args.max_epochs - 1,
/home/karimimonsefi.1/SSL_VAN/BTCV/trainer.py:107: UserWarning: Val 6491/15000 0/3  acc [ 0.858]  time 6.15s
  warnings.warn("Val {}/{} {}/{}  acc {}  time {:.2f}s".format(epoch, args.max_epochs, idx, len(loader),
/home/karimimonsefi.1/SSL_VAN/BTCV/trainer.py:109: UserWarning: Val 6491/15000 0/3  acc 0.8583791255950928  time 6.16s
  warnings.warn("Val {}/{} {}/{}  acc {}  time {:.2f}s".format(epoch, args.max_epochs, idx, len(loader),
/home/karimimonsefi.1/SSL_VAN/BTCV/trainer.py:107: UserWarning: Val 6491/15000 1/3  acc [ 0.837]  time 4.25s
  warnings.warn("Val {}/{} {}/{}  acc {}  time {:.2f}s".format(epoch, args.max_epochs, idx, len(loader),
/home/karimimonsefi.1/SSL_VAN/BTCV/trainer.py:109: UserWarning: Val 6491/15000 1/3  acc 0.8367360830307007  time 4.26s
  warnings.warn("Val {}/{} {}/{}  acc {}  time {:.2f}s".format(epoch, args.max_epochs, idx, len(loader),
slurmstepd: error: *** JOB 60432 ON a100-05 CANCELLED AT 2023-06-25T12:08:24 ***
