/var/spool/slurmd/job71305/slurm_script: line 11: cd: SSL_VAN: No such file or directory

----------------------------------------------------------------------------
  cuda:
----------------------------------------------------------------------------
     Versions:
        cuda/10.2
        cuda/11.0
        cuda/11.2
        cuda/11.3
        cuda/11.4
        cuda/11.5
        cuda/11.6
        cuda/11.7
        cuda/11.8
        cuda/12.0

----------------------------------------------------------------------------
  For detailed information about a specific "cuda" package (including how to load the modules) use the module's full name.
  Note that names that have a trailing (E) are extensions provided by other modules.
  For example:

     $ module spider cuda/12.0
----------------------------------------------------------------------------

 


CommandNotFoundError: Your shell has not been properly configured to use 'conda activate'.
To initialize your shell, run

    $ conda init <SHELL_NAME>

Currently supported shells are:
  - bash
  - fish
  - tcsh
  - xonsh
  - zsh
  - powershell

See 'conda init --help' for more information and options.

IMPORTANT: You may need to close and restart your shell after running 'conda init'.


/home/karimimonsefi.1/miniconda3/lib/python3.9/site-packages/mmcv/__init__.py:20: UserWarning: On January 1, 2023, MMCV will release v2.0.0, in which it will remove components related to the training process and add a data transformation module. In addition, it will rename the package names mmcv to mmcv-lite and mmcv-full to mmcv. See https://github.com/open-mmlab/mmcv/blob/master/docs/en/compatibility.md for more details.
  warnings.warn(
/home/karimimonsefi.1/SSL_VAN/BRATS21/main.py:114: UserWarning: Found total gpus 2
  warnings.warn("Found total gpus {}".format(args.ngpus_per_node))
/home/karimimonsefi.1/miniconda3/lib/python3.9/site-packages/mmcv/__init__.py:20: UserWarning: On January 1, 2023, MMCV will release v2.0.0, in which it will remove components related to the training process and add a data transformation module. In addition, it will rename the package names mmcv to mmcv-lite and mmcv-full to mmcv. See https://github.com/open-mmlab/mmcv/blob/master/docs/en/compatibility.md for more details.
  warnings.warn(
/home/karimimonsefi.1/miniconda3/lib/python3.9/site-packages/mmcv/__init__.py:20: UserWarning: On January 1, 2023, MMCV will release v2.0.0, in which it will remove components related to the training process and add a data transformation module. In addition, it will rename the package names mmcv to mmcv-lite and mmcv-full to mmcv. See https://github.com/open-mmlab/mmcv/blob/master/docs/en/compatibility.md for more details.
  warnings.warn(
/home/karimimonsefi.1/miniconda3/lib/python3.9/site-packages/monai/transforms/post/dictionary.py:196: UserWarning: `threshold_values=True/False` is deprecated, please use `threshold=value` instead.
  warnings.warn("`threshold_values=True/False` is deprecated, please use `threshold=value` instead.")
/home/karimimonsefi.1/miniconda3/lib/python3.9/site-packages/monai/transforms/post/dictionary.py:196: UserWarning: `threshold_values=True/False` is deprecated, please use `threshold=value` instead.
  warnings.warn("`threshold_values=True/False` is deprecated, please use `threshold=value` instead.")
/home/karimimonsefi.1/SSL_VAN/BRATS21/main.py:134: UserWarning: 1 gpu 1
  warnings.warn(f"{args.rank} gpu {args.gpu}")
/home/karimimonsefi.1/SSL_VAN/BRATS21/main.py:134: UserWarning: 0 gpu 0
  warnings.warn(f"{args.rank} gpu {args.gpu}")
/home/karimimonsefi.1/SSL_VAN/BRATS21/main.py:136: UserWarning: Batch size is: 1 epochs 500
  warnings.warn(f"Batch size is: {args.batch_size} epochs {args.max_epochs}")
/home/karimimonsefi.1/SSL_VAN/BRATS21/main.py:165: UserWarning: Total parameters count 74145311
  warnings.warn(f"Total parameters count {pytorch_total_params}")
/home/karimimonsefi.1/SSL_VAN/BRATS21/main.py:168: UserWarning: Total args.checkpoint True
  warnings.warn(f"Total args.checkpoint {args.checkpoint}")
/home/karimimonsefi.1/SSL_VAN/commons/util.py:6: UserWarning:  base_url is 64-128-256-512_3-4-6-3_8-8-4-4_vae_inferer_valid_loader_DiNTS_Search_fold-0
  warnings.warn(f" base_url is {base_url}")
/home/karimimonsefi.1/SSL_VAN/commons/util.py:8: UserWarning:  output_url 1 is ./runs/BraTS21_new/test_log/output_False_False
  warnings.warn(f" output_url 1 is {output_url}")
/home/karimimonsefi.1/SSL_VAN/commons/util.py:9: UserWarning:  exists 1 is True
  warnings.warn(f" exists 1 is {os.path.exists(output_url)}")
/home/karimimonsefi.1/SSL_VAN/commons/util.py:13: UserWarning:  output_url 2 is ./runs/BraTS21_new/test_log/output_False_False/64-128-256-512_3-4-6-3_8-8-4-4_vae_inferer_valid_loader_DiNTS_Search_fold-0
  warnings.warn(f" output_url 2 is {output_url}")
/home/karimimonsefi.1/SSL_VAN/commons/util.py:14: UserWarning:  exists 2 is True
  warnings.warn(f" exists 2 is {os.path.exists(output_url)}")
/home/karimimonsefi.1/SSL_VAN/commons/util.py:20: UserWarning:  Best url model is 64-128-256-512_3-4-6-3_8-8-4-4_vae_inferer_valid_loader_DiNTS_Search_fold-0__best.pt, final model url is 64-128-256-512_3-4-6-3_8-8-4-4_vae_inferer_valid_loader_DiNTS_Search_fold-0__final.pt
  warnings.warn(f" Best url model is {args.best_model_url}, final model url is {args.final_model_url}")
/home/karimimonsefi.1/SSL_VAN/BRATS21/main.py:165: UserWarning: Total parameters count 74145311
  warnings.warn(f"Total parameters count {pytorch_total_params}")
/home/karimimonsefi.1/SSL_VAN/BRATS21/main.py:168: UserWarning: Total args.checkpoint True
  warnings.warn(f"Total args.checkpoint {args.checkpoint}")
/home/karimimonsefi.1/SSL_VAN/commons/util.py:6: UserWarning:  base_url is 64-128-256-512_3-4-6-3_8-8-4-4_vae_inferer_valid_loader_DiNTS_Search_fold-0
  warnings.warn(f" base_url is {base_url}")
/home/karimimonsefi.1/SSL_VAN/commons/util.py:8: UserWarning:  output_url 1 is ./runs/BraTS21_new/test_log/output_False_False
  warnings.warn(f" output_url 1 is {output_url}")
/home/karimimonsefi.1/SSL_VAN/commons/util.py:9: UserWarning:  exists 1 is True
  warnings.warn(f" exists 1 is {os.path.exists(output_url)}")
/home/karimimonsefi.1/SSL_VAN/commons/util.py:13: UserWarning:  output_url 2 is ./runs/BraTS21_new/test_log/output_False_False/64-128-256-512_3-4-6-3_8-8-4-4_vae_inferer_valid_loader_DiNTS_Search_fold-0
  warnings.warn(f" output_url 2 is {output_url}")
/home/karimimonsefi.1/SSL_VAN/commons/util.py:14: UserWarning:  exists 2 is True
  warnings.warn(f" exists 2 is {os.path.exists(output_url)}")
/home/karimimonsefi.1/SSL_VAN/commons/util.py:20: UserWarning:  Best url model is 64-128-256-512_3-4-6-3_8-8-4-4_vae_inferer_valid_loader_DiNTS_Search_fold-0__best.pt, final model url is 64-128-256-512_3-4-6-3_8-8-4-4_vae_inferer_valid_loader_DiNTS_Search_fold-0__final.pt
  warnings.warn(f" Best url model is {args.best_model_url}, final model url is {args.final_model_url}")
/home/karimimonsefi.1/SSL_VAN/BRATS21/main.py:183: UserWarning: => loaded checkpoint 'True' (epoch 394) (bestacc 0.7809202671051025)
  warnings.warn("=> loaded checkpoint '{}' (epoch {}) (bestacc {})".format(
/home/karimimonsefi.1/SSL_VAN/BRATS21/main.py:183: UserWarning: => loaded checkpoint 'True' (epoch 394) (bestacc 0.7809202671051025)
  warnings.warn("=> loaded checkpoint '{}' (epoch {}) (bestacc {})".format(
/home/karimimonsefi.1/SSL_VAN/BRATS21/trainer.py:162: UserWarning: Writing Tensorboard logs to ./runs/BraTS21_new/test_log
  warnings.warn(f"Writing Tensorboard logs to {args.logdir}")
/home/karimimonsefi.1/SSL_VAN/BRATS21/trainer.py:170: UserWarning: 0  Thu Jul 27 21:12:04 2023  Epoch: 394
  warnings.warn(f"{args.rank}  {time.ctime()}  Epoch: {epoch}")
/home/karimimonsefi.1/SSL_VAN/BRATS21/trainer.py:170: UserWarning: 1  Thu Jul 27 21:12:04 2023  Epoch: 394
  warnings.warn(f"{args.rank}  {time.ctime()}  Epoch: {epoch}")
[W reducer.cpp:1298] Warning: find_unused_parameters=True was specified in DDP constructor, but did not find any unused parameters in the forward pass. This flag results in an extra traversal of the autograd graph every iteration,  which can adversely affect performance. If your model indeed never has any unused parameters in the forward pass, consider turning this flag off. Note that this warning may be a false positive if your model has flow control causing later iterations to have unused parameters. (function operator())
[W reducer.cpp:1298] Warning: find_unused_parameters=True was specified in DDP constructor, but did not find any unused parameters in the forward pass. This flag results in an extra traversal of the autograd graph every iteration,  which can adversely affect performance. If your model indeed never has any unused parameters in the forward pass, consider turning this flag off. Note that this warning may be a false positive if your model has flow control causing later iterations to have unused parameters. (function operator())
/home/karimimonsefi.1/SSL_VAN/BRATS21/trainer.py:45: UserWarning: loss is 0.15680383370394846 and <class 'torch.Tensor'> and False
  warnings.warn(f"loss is {loss} and {type(loss)} and {torch.isnan(loss)}")
/home/karimimonsefi.1/SSL_VAN/BRATS21/trainer.py:65: UserWarning: Epoch 394/500 0/500  loss: 0.5720  time 12.49s
  warnings.warn(
/home/karimimonsefi.1/SSL_VAN/BRATS21/trainer.py:45: UserWarning: loss is 0.044844135917559494 and <class 'torch.Tensor'> and False
  warnings.warn(f"loss is {loss} and {type(loss)} and {torch.isnan(loss)}")
/home/karimimonsefi.1/SSL_VAN/BRATS21/trainer.py:65: UserWarning: Epoch 394/500 1/500  loss: 0.3244  time 0.44s
  warnings.warn(
/home/karimimonsefi.1/SSL_VAN/BRATS21/trainer.py:45: UserWarning: loss is 0.09981016526866833 and <class 'torch.Tensor'> and False
  warnings.warn(f"loss is {loss} and {type(loss)} and {torch.isnan(loss)}")
/home/karimimonsefi.1/SSL_VAN/BRATS21/trainer.py:65: UserWarning: Epoch 394/500 2/500  loss: 0.2554  time 0.42s
  warnings.warn(
/home/karimimonsefi.1/SSL_VAN/BRATS21/trainer.py:45: UserWarning: loss is 0.6960527681585542 and <class 'torch.Tensor'> and False
  warnings.warn(f"loss is {loss} and {type(loss)} and {torch.isnan(loss)}")
/home/karimimonsefi.1/SSL_VAN/BRATS21/trainer.py:65: UserWarning: Epoch 394/500 3/500  loss: 0.2825  time 0.57s
  warnings.warn(
/home/karimimonsefi.1/SSL_VAN/BRATS21/trainer.py:45: UserWarning: loss is 0.04468602008597714 and <class 'torch.Tensor'> and False
  warnings.warn(f"loss is {loss} and {type(loss)} and {torch.isnan(loss)}")
/home/karimimonsefi.1/SSL_VAN/BRATS21/trainer.py:65: UserWarning: Epoch 394/500 4/500  loss: 0.3304  time 0.45s
  warnings.warn(
/home/karimimonsefi.1/SSL_VAN/BRATS21/trainer.py:45: UserWarning: loss is 0.9999999077783777 and <class 'torch.Tensor'> and False
  warnings.warn(f"loss is {loss} and {type(loss)} and {torch.isnan(loss)}")
/home/karimimonsefi.1/SSL_VAN/BRATS21/trainer.py:65: UserWarning: Epoch 394/500 5/500  loss: 0.3632  time 0.43s
  warnings.warn(
/home/karimimonsefi.1/SSL_VAN/BRATS21/trainer.py:45: UserWarning: loss is 0.02701570340953252 and <class 'torch.Tensor'> and False
  warnings.warn(f"loss is {loss} and {type(loss)} and {torch.isnan(loss)}")
/home/karimimonsefi.1/SSL_VAN/BRATS21/trainer.py:65: UserWarning: Epoch 394/500 6/500  loss: 0.3191  time 0.43s
  warnings.warn(
/home/karimimonsefi.1/SSL_VAN/BRATS21/trainer.py:45: UserWarning: loss is 0.09842640651728018 and <class 'torch.Tensor'> and False
  warnings.warn(f"loss is {loss} and {type(loss)} and {torch.isnan(loss)}")
/home/karimimonsefi.1/SSL_VAN/BRATS21/trainer.py:65: UserWarning: Epoch 394/500 7/500  loss: 0.2902  time 0.42s
  warnings.warn(
/home/karimimonsefi.1/SSL_VAN/BRATS21/trainer.py:45: UserWarning: loss is 0.08188094011343794 and <class 'torch.Tensor'> and False
  warnings.warn(f"loss is {loss} and {type(loss)} and {torch.isnan(loss)}")
/home/karimimonsefi.1/SSL_VAN/BRATS21/trainer.py:65: UserWarning: Epoch 394/500 8/500  loss: 0.2661  time 0.47s
  warnings.warn(
/home/karimimonsefi.1/SSL_VAN/BRATS21/trainer.py:45: UserWarning: loss is 0.6821187506536541 and <class 'torch.Tensor'> and False
  warnings.warn(f"loss is {loss} and {type(loss)} and {torch.isnan(loss)}")
/home/karimimonsefi.1/SSL_VAN/BRATS21/trainer.py:65: UserWarning: Epoch 394/500 9/500  loss: 0.2932  time 0.44s
  warnings.warn(
/home/karimimonsefi.1/SSL_VAN/BRATS21/trainer.py:45: UserWarning: loss is 0.07664654524916217 and <class 'torch.Tensor'> and False
  warnings.warn(f"loss is {loss} and {type(loss)} and {torch.isnan(loss)}")
/home/karimimonsefi.1/SSL_VAN/BRATS21/trainer.py:65: UserWarning: Epoch 394/500 10/500  loss: 0.2758  time 0.43s
  warnings.warn(
/home/karimimonsefi.1/SSL_VAN/BRATS21/trainer.py:45: UserWarning: loss is 0.11831618442484382 and <class 'torch.Tensor'> and False
  warnings.warn(f"loss is {loss} and {type(loss)} and {torch.isnan(loss)}")
/home/karimimonsefi.1/SSL_VAN/BRATS21/trainer.py:65: UserWarning: Epoch 394/500 11/500  loss: 0.2587  time 0.45s
  warnings.warn(
/home/karimimonsefi.1/SSL_VAN/BRATS21/trainer.py:45: UserWarning: loss is 0.019718545626749164 and <class 'torch.Tensor'> and False
  warnings.warn(f"loss is {loss} and {type(loss)} and {torch.isnan(loss)}")
/home/karimimonsefi.1/SSL_VAN/BRATS21/trainer.py:65: UserWarning: Epoch 394/500 12/500  loss: 0.2423  time 0.49s
  warnings.warn(
/home/karimimonsefi.1/SSL_VAN/BRATS21/trainer.py:45: UserWarning: loss is 0.02693560743275595 and <class 'torch.Tensor'> and False
  warnings.warn(f"loss is {loss} and {type(loss)} and {torch.isnan(loss)}")
/home/karimimonsefi.1/SSL_VAN/BRATS21/trainer.py:65: UserWarning: Epoch 394/500 13/500  loss: 0.2273  time 0.46s
  warnings.warn(
/home/karimimonsefi.1/SSL_VAN/BRATS21/trainer.py:45: UserWarning: loss is 0.0672501014040654 and <class 'torch.Tensor'> and False
  warnings.warn(f"loss is {loss} and {type(loss)} and {torch.isnan(loss)}")
/home/karimimonsefi.1/SSL_VAN/BRATS21/trainer.py:65: UserWarning: Epoch 394/500 14/500  loss: 0.2227  time 0.48s
  warnings.warn(
/home/karimimonsefi.1/SSL_VAN/BRATS21/trainer.py:45: UserWarning: loss is 0.0466164177129611 and <class 'torch.Tensor'> and False
  warnings.warn(f"loss is {loss} and {type(loss)} and {torch.isnan(loss)}")
/home/karimimonsefi.1/SSL_VAN/BRATS21/trainer.py:65: UserWarning: Epoch 394/500 15/500  loss: 0.2113  time 0.44s
  warnings.warn(
/home/karimimonsefi.1/SSL_VAN/BRATS21/trainer.py:45: UserWarning: loss is 0.9999994692873259 and <class 'torch.Tensor'> and False
  warnings.warn(f"loss is {loss} and {type(loss)} and {torch.isnan(loss)}")
/home/karimimonsefi.1/SSL_VAN/BRATS21/trainer.py:65: UserWarning: Epoch 394/500 16/500  loss: 0.2291  time 0.45s
  warnings.warn(
/home/karimimonsefi.1/SSL_VAN/BRATS21/trainer.py:45: UserWarning: loss is 0.06986240325374556 and <class 'torch.Tensor'> and False
  warnings.warn(f"loss is {loss} and {type(loss)} and {torch.isnan(loss)}")
/home/karimimonsefi.1/SSL_VAN/BRATS21/trainer.py:65: UserWarning: Epoch 394/500 17/500  loss: 0.2461  time 0.45s
  warnings.warn(
/home/karimimonsefi.1/SSL_VAN/BRATS21/trainer.py:45: UserWarning: loss is 0.9743170404965942 and <class 'torch.Tensor'> and False
  warnings.warn(f"loss is {loss} and {type(loss)} and {torch.isnan(loss)}")
/home/karimimonsefi.1/SSL_VAN/BRATS21/trainer.py:65: UserWarning: Epoch 394/500 18/500  loss: 0.2601  time 0.44s
  warnings.warn(
/home/karimimonsefi.1/SSL_VAN/BRATS21/trainer.py:45: UserWarning: loss is 0.027142870798088376 and <class 'torch.Tensor'> and False
  warnings.warn(f"loss is {loss} and {type(loss)} and {torch.isnan(loss)}")
/home/karimimonsefi.1/SSL_VAN/BRATS21/trainer.py:65: UserWarning: Epoch 394/500 19/500  loss: 0.2574  time 0.46s
  warnings.warn(
/home/karimimonsefi.1/SSL_VAN/BRATS21/trainer.py:45: UserWarning: loss is 0.22480955595389418 and <class 'torch.Tensor'> and False
  warnings.warn(f"loss is {loss} and {type(loss)} and {torch.isnan(loss)}")
/home/karimimonsefi.1/SSL_VAN/BRATS21/trainer.py:65: UserWarning: Epoch 394/500 20/500  loss: 0.2514  time 0.46s
  warnings.warn(
/home/karimimonsefi.1/SSL_VAN/BRATS21/trainer.py:45: UserWarning: loss is 0.07130214133615354 and <class 'torch.Tensor'> and False
  warnings.warn(f"loss is {loss} and {type(loss)} and {torch.isnan(loss)}")
/home/karimimonsefi.1/SSL_VAN/BRATS21/trainer.py:65: UserWarning: Epoch 394/500 21/500  loss: 0.2643  time 0.45s
  warnings.warn(
/home/karimimonsefi.1/SSL_VAN/BRATS21/trainer.py:45: UserWarning: loss is 0.03718494486650677 and <class 'torch.Tensor'> and False
  warnings.warn(f"loss is {loss} and {type(loss)} and {torch.isnan(loss)}")
/home/karimimonsefi.1/SSL_VAN/BRATS21/trainer.py:65: UserWarning: Epoch 394/500 22/500  loss: 0.2754  time 0.45s
  warnings.warn(
/home/karimimonsefi.1/SSL_VAN/BRATS21/trainer.py:45: UserWarning: loss is 0.03145690472184766 and <class 'torch.Tensor'> and False
  warnings.warn(f"loss is {loss} and {type(loss)} and {torch.isnan(loss)}")
/home/karimimonsefi.1/SSL_VAN/BRATS21/trainer.py:65: UserWarning: Epoch 394/500 23/500  loss: 0.2662  time 0.44s
  warnings.warn(
/home/karimimonsefi.1/SSL_VAN/BRATS21/trainer.py:45: UserWarning: loss is 0.07042380430318776 and <class 'torch.Tensor'> and False
  warnings.warn(f"loss is {loss} and {type(loss)} and {torch.isnan(loss)}")
/home/karimimonsefi.1/SSL_VAN/BRATS21/trainer.py:65: UserWarning: Epoch 394/500 24/500  loss: 0.2591  time 0.44s
  warnings.warn(
/home/karimimonsefi.1/SSL_VAN/BRATS21/trainer.py:45: UserWarning: loss is 0.08265520630417103 and <class 'torch.Tensor'> and False
  warnings.warn(f"loss is {loss} and {type(loss)} and {torch.isnan(loss)}")
/home/karimimonsefi.1/SSL_VAN/BRATS21/trainer.py:65: UserWarning: Epoch 394/500 25/500  loss: 0.2620  time 0.43s
  warnings.warn(
/home/karimimonsefi.1/SSL_VAN/BRATS21/trainer.py:45: UserWarning: loss is 0.10781900500772808 and <class 'torch.Tensor'> and False
  warnings.warn(f"loss is {loss} and {type(loss)} and {torch.isnan(loss)}")
/home/karimimonsefi.1/SSL_VAN/BRATS21/trainer.py:65: UserWarning: Epoch 394/500 26/500  loss: 0.2728  time 0.45s
  warnings.warn(
/home/karimimonsefi.1/SSL_VAN/BRATS21/trainer.py:45: UserWarning: loss is 0.9999987595680708 and <class 'torch.Tensor'> and False
  warnings.warn(f"loss is {loss} and {type(loss)} and {torch.isnan(loss)}")
/home/karimimonsefi.1/SSL_VAN/BRATS21/trainer.py:65: UserWarning: Epoch 394/500 27/500  loss: 0.2814  time 0.46s
  warnings.warn(
/home/karimimonsefi.1/SSL_VAN/BRATS21/trainer.py:45: UserWarning: loss is 0.11667074637637198 and <class 'torch.Tensor'> and False
  warnings.warn(f"loss is {loss} and {type(loss)} and {torch.isnan(loss)}")
/home/karimimonsefi.1/SSL_VAN/BRATS21/trainer.py:65: UserWarning: Epoch 394/500 28/500  loss: 0.2741  time 0.43s
  warnings.warn(
/home/karimimonsefi.1/SSL_VAN/BRATS21/trainer.py:45: UserWarning: loss is 0.9999315519828991 and <class 'torch.Tensor'> and False
  warnings.warn(f"loss is {loss} and {type(loss)} and {torch.isnan(loss)}")
/home/karimimonsefi.1/SSL_VAN/BRATS21/trainer.py:65: UserWarning: Epoch 394/500 29/500  loss: 0.2820  time 0.44s
  warnings.warn(
/home/karimimonsefi.1/SSL_VAN/BRATS21/trainer.py:45: UserWarning: loss is 0.04780846610446824 and <class 'torch.Tensor'> and False
  warnings.warn(f"loss is {loss} and {type(loss)} and {torch.isnan(loss)}")
/home/karimimonsefi.1/SSL_VAN/BRATS21/trainer.py:65: UserWarning: Epoch 394/500 30/500  loss: 0.2740  time 0.46s
  warnings.warn(
/home/karimimonsefi.1/SSL_VAN/BRATS21/trainer.py:45: UserWarning: loss is 0.6865718272694046 and <class 'torch.Tensor'> and False
  warnings.warn(f"loss is {loss} and {type(loss)} and {torch.isnan(loss)}")
/home/karimimonsefi.1/SSL_VAN/BRATS21/trainer.py:65: UserWarning: Epoch 394/500 31/500  loss: 0.2879  time 0.44s
  warnings.warn(
/home/karimimonsefi.1/SSL_VAN/BRATS21/trainer.py:45: UserWarning: loss is 0.9999960032465678 and <class 'torch.Tensor'> and False
  warnings.warn(f"loss is {loss} and {type(loss)} and {torch.isnan(loss)}")
/home/karimimonsefi.1/SSL_VAN/BRATS21/trainer.py:65: UserWarning: Epoch 394/500 32/500  loss: 0.2965  time 0.46s
  warnings.warn(
/home/karimimonsefi.1/SSL_VAN/BRATS21/trainer.py:45: UserWarning: loss is 0.04004450062570393 and <class 'torch.Tensor'> and False
  warnings.warn(f"loss is {loss} and {type(loss)} and {torch.isnan(loss)}")
/home/karimimonsefi.1/SSL_VAN/BRATS21/trainer.py:65: UserWarning: Epoch 394/500 33/500  loss: 0.2910  time 0.44s
  warnings.warn(
/home/karimimonsefi.1/SSL_VAN/BRATS21/trainer.py:45: UserWarning: loss is 0.04953788938210246 and <class 'torch.Tensor'> and False
  warnings.warn(f"loss is {loss} and {type(loss)} and {torch.isnan(loss)}")
/home/karimimonsefi.1/SSL_VAN/BRATS21/trainer.py:65: UserWarning: Epoch 394/500 34/500  loss: 0.2847  time 0.45s
  warnings.warn(
/home/karimimonsefi.1/SSL_VAN/BRATS21/trainer.py:45: UserWarning: loss is 0.3319450366693816 and <class 'torch.Tensor'> and False
  warnings.warn(f"loss is {loss} and {type(loss)} and {torch.isnan(loss)}")
/home/karimimonsefi.1/SSL_VAN/BRATS21/trainer.py:65: UserWarning: Epoch 394/500 35/500  loss: 0.2953  time 0.46s
  warnings.warn(
/home/karimimonsefi.1/SSL_VAN/BRATS21/trainer.py:45: UserWarning: loss is 0.02496169605533064 and <class 'torch.Tensor'> and False
  warnings.warn(f"loss is {loss} and {type(loss)} and {torch.isnan(loss)}")
/home/karimimonsefi.1/SSL_VAN/BRATS21/trainer.py:65: UserWarning: Epoch 394/500 36/500  loss: 0.2889  time 0.44s
  warnings.warn(
/home/karimimonsefi.1/SSL_VAN/BRATS21/trainer.py:45: UserWarning: loss is 0.04828538059436275 and <class 'torch.Tensor'> and False
  warnings.warn(f"loss is {loss} and {type(loss)} and {torch.isnan(loss)}")
/home/karimimonsefi.1/SSL_VAN/BRATS21/trainer.py:65: UserWarning: Epoch 394/500 37/500  loss: 0.2854  time 0.44s
  warnings.warn(
/home/karimimonsefi.1/SSL_VAN/BRATS21/trainer.py:45: UserWarning: loss is 0.08915071091406175 and <class 'torch.Tensor'> and False
  warnings.warn(f"loss is {loss} and {type(loss)} and {torch.isnan(loss)}")
/home/karimimonsefi.1/SSL_VAN/BRATS21/trainer.py:65: UserWarning: Epoch 394/500 38/500  loss: 0.2804  time 0.45s
  warnings.warn(
/home/karimimonsefi.1/SSL_VAN/BRATS21/trainer.py:45: UserWarning: loss is 0.03861231103423749 and <class 'torch.Tensor'> and False
  warnings.warn(f"loss is {loss} and {type(loss)} and {torch.isnan(loss)}")
/home/karimimonsefi.1/SSL_VAN/BRATS21/trainer.py:65: UserWarning: Epoch 394/500 39/500  loss: 0.2840  time 0.47s
  warnings.warn(
/home/karimimonsefi.1/SSL_VAN/BRATS21/trainer.py:45: UserWarning: loss is 0.7322438251654932 and <class 'torch.Tensor'> and False
  warnings.warn(f"loss is {loss} and {type(loss)} and {torch.isnan(loss)}")
/home/karimimonsefi.1/SSL_VAN/BRATS21/trainer.py:65: UserWarning: Epoch 394/500 40/500  loss: 0.2961  time 0.47s
  warnings.warn(
/home/karimimonsefi.1/SSL_VAN/BRATS21/trainer.py:45: UserWarning: loss is 0.03532370922601824 and <class 'torch.Tensor'> and False
  warnings.warn(f"loss is {loss} and {type(loss)} and {torch.isnan(loss)}")
/home/karimimonsefi.1/SSL_VAN/BRATS21/trainer.py:65: UserWarning: Epoch 394/500 41/500  loss: 0.2911  time 0.44s
  warnings.warn(
/home/karimimonsefi.1/SSL_VAN/BRATS21/trainer.py:45: UserWarning: loss is 0.09221659175009003 and <class 'torch.Tensor'> and False
  warnings.warn(f"loss is {loss} and {type(loss)} and {torch.isnan(loss)}")
/home/karimimonsefi.1/SSL_VAN/BRATS21/trainer.py:65: UserWarning: Epoch 394/500 42/500  loss: 0.2858  time 0.45s
  warnings.warn(
/home/karimimonsefi.1/SSL_VAN/BRATS21/trainer.py:45: UserWarning: loss is 0.9999999681883174 and <class 'torch.Tensor'> and False
  warnings.warn(f"loss is {loss} and {type(loss)} and {torch.isnan(loss)}")
/home/karimimonsefi.1/SSL_VAN/BRATS21/trainer.py:65: UserWarning: Epoch 394/500 43/500  loss: 0.2914  time 0.44s
  warnings.warn(
/home/karimimonsefi.1/SSL_VAN/BRATS21/trainer.py:45: UserWarning: loss is 0.06848270187736863 and <class 'torch.Tensor'> and False
  warnings.warn(f"loss is {loss} and {type(loss)} and {torch.isnan(loss)}")
/home/karimimonsefi.1/SSL_VAN/BRATS21/trainer.py:65: UserWarning: Epoch 394/500 44/500  loss: 0.2865  time 0.46s
  warnings.warn(
/home/karimimonsefi.1/SSL_VAN/BRATS21/trainer.py:45: UserWarning: loss is 0.2543234728806928 and <class 'torch.Tensor'> and False
  warnings.warn(f"loss is {loss} and {type(loss)} and {torch.isnan(loss)}")
/home/karimimonsefi.1/SSL_VAN/BRATS21/trainer.py:65: UserWarning: Epoch 394/500 45/500  loss: 0.2834  time 0.43s
  warnings.warn(
/home/karimimonsefi.1/SSL_VAN/BRATS21/trainer.py:45: UserWarning: loss is 0.02780227480597249 and <class 'torch.Tensor'> and False
  warnings.warn(f"loss is {loss} and {type(loss)} and {torch.isnan(loss)}")
/home/karimimonsefi.1/SSL_VAN/BRATS21/trainer.py:65: UserWarning: Epoch 394/500 46/500  loss: 0.2883  time 0.44s
  warnings.warn(
/home/karimimonsefi.1/SSL_VAN/BRATS21/trainer.py:45: UserWarning: loss is 0.06268588616774862 and <class 'torch.Tensor'> and False
  warnings.warn(f"loss is {loss} and {type(loss)} and {torch.isnan(loss)}")
/home/karimimonsefi.1/SSL_VAN/BRATS21/trainer.py:65: UserWarning: Epoch 394/500 47/500  loss: 0.2934  time 0.44s
  warnings.warn(
/home/karimimonsefi.1/SSL_VAN/BRATS21/trainer.py:45: UserWarning: loss is 0.0675475992175412 and <class 'torch.Tensor'> and False
  warnings.warn(f"loss is {loss} and {type(loss)} and {torch.isnan(loss)}")
/home/karimimonsefi.1/SSL_VAN/BRATS21/trainer.py:65: UserWarning: Epoch 394/500 48/500  loss: 0.2888  time 0.46s
  warnings.warn(
/home/karimimonsefi.1/SSL_VAN/BRATS21/trainer.py:45: UserWarning: loss is 0.04335013851697289 and <class 'torch.Tensor'> and False
  warnings.warn(f"loss is {loss} and {type(loss)} and {torch.isnan(loss)}")
/home/karimimonsefi.1/SSL_VAN/BRATS21/trainer.py:65: UserWarning: Epoch 394/500 49/500  loss: 0.2838  time 0.43s
  warnings.warn(
/home/karimimonsefi.1/SSL_VAN/BRATS21/trainer.py:45: UserWarning: loss is 0.026436834470551042 and <class 'torch.Tensor'> and False
  warnings.warn(f"loss is {loss} and {type(loss)} and {torch.isnan(loss)}")
/home/karimimonsefi.1/SSL_VAN/BRATS21/trainer.py:65: UserWarning: Epoch 394/500 50/500  loss: 0.2793  time 0.42s
  warnings.warn(
/home/karimimonsefi.1/SSL_VAN/BRATS21/trainer.py:45: UserWarning: loss is 0.9999997778508545 and <class 'torch.Tensor'> and False
  warnings.warn(f"loss is {loss} and {type(loss)} and {torch.isnan(loss)}")
/home/karimimonsefi.1/SSL_VAN/BRATS21/trainer.py:65: UserWarning: Epoch 394/500 51/500  loss: 0.2871  time 0.48s
  warnings.warn(
/home/karimimonsefi.1/SSL_VAN/BRATS21/trainer.py:45: UserWarning: loss is 0.10078427876528324 and <class 'torch.Tensor'> and False
  warnings.warn(f"loss is {loss} and {type(loss)} and {torch.isnan(loss)}")
/home/karimimonsefi.1/SSL_VAN/BRATS21/trainer.py:65: UserWarning: Epoch 394/500 52/500  loss: 0.2844  time 0.45s
  warnings.warn(
/home/karimimonsefi.1/SSL_VAN/BRATS21/trainer.py:45: UserWarning: loss is 0.06556612634539005 and <class 'torch.Tensor'> and False
  warnings.warn(f"loss is {loss} and {type(loss)} and {torch.isnan(loss)}")
/home/karimimonsefi.1/SSL_VAN/BRATS21/trainer.py:65: UserWarning: Epoch 394/500 53/500  loss: 0.2890  time 0.46s
  warnings.warn(
/home/karimimonsefi.1/SSL_VAN/BRATS21/trainer.py:45: UserWarning: loss is 0.04598762772820682 and <class 'torch.Tensor'> and False
  warnings.warn(f"loss is {loss} and {type(loss)} and {torch.isnan(loss)}")
/home/karimimonsefi.1/SSL_VAN/BRATS21/trainer.py:65: UserWarning: Epoch 394/500 54/500  loss: 0.2846  time 0.45s
  warnings.warn(
/home/karimimonsefi.1/SSL_VAN/BRATS21/trainer.py:45: UserWarning: loss is 0.11525152911310643 and <class 'torch.Tensor'> and False
  warnings.warn(f"loss is {loss} and {type(loss)} and {torch.isnan(loss)}")
/home/karimimonsefi.1/SSL_VAN/BRATS21/trainer.py:65: UserWarning: Epoch 394/500 55/500  loss: 0.2895  time 0.49s
  warnings.warn(
/home/karimimonsefi.1/SSL_VAN/BRATS21/trainer.py:45: UserWarning: loss is 0.03567728356409845 and <class 'torch.Tensor'> and False
  warnings.warn(f"loss is {loss} and {type(loss)} and {torch.isnan(loss)}")
/home/karimimonsefi.1/SSL_VAN/BRATS21/trainer.py:65: UserWarning: Epoch 394/500 56/500  loss: 0.2935  time 0.45s
  warnings.warn(
/home/karimimonsefi.1/SSL_VAN/BRATS21/trainer.py:45: UserWarning: loss is 0.9999999912591016 and <class 'torch.Tensor'> and False
  warnings.warn(f"loss is {loss} and {type(loss)} and {torch.isnan(loss)}")
/home/karimimonsefi.1/SSL_VAN/BRATS21/trainer.py:65: UserWarning: Epoch 394/500 57/500  loss: 0.3002  time 0.44s
  warnings.warn(
/home/karimimonsefi.1/SSL_VAN/BRATS21/trainer.py:45: UserWarning: loss is 0.08280088387457199 and <class 'torch.Tensor'> and False
  warnings.warn(f"loss is {loss} and {type(loss)} and {torch.isnan(loss)}")
/home/karimimonsefi.1/SSL_VAN/BRATS21/trainer.py:65: UserWarning: Epoch 394/500 58/500  loss: 0.2965  time 0.45s
  warnings.warn(
/home/karimimonsefi.1/SSL_VAN/BRATS21/trainer.py:45: UserWarning: loss is 0.02831553969808879 and <class 'torch.Tensor'> and False
  warnings.warn(f"loss is {loss} and {type(loss)} and {torch.isnan(loss)}")
/home/karimimonsefi.1/SSL_VAN/BRATS21/trainer.py:65: UserWarning: Epoch 394/500 59/500  loss: 0.2938  time 0.44s
  warnings.warn(
/home/karimimonsefi.1/SSL_VAN/BRATS21/trainer.py:45: UserWarning: loss is 0.7119169967252242 and <class 'torch.Tensor'> and False
  warnings.warn(f"loss is {loss} and {type(loss)} and {torch.isnan(loss)}")
/home/karimimonsefi.1/SSL_VAN/BRATS21/trainer.py:65: UserWarning: Epoch 394/500 60/500  loss: 0.2959  time 0.44s
  warnings.warn(
/home/karimimonsefi.1/SSL_VAN/BRATS21/trainer.py:45: UserWarning: loss is 0.0824121346185035 and <class 'torch.Tensor'> and False
  warnings.warn(f"loss is {loss} and {type(loss)} and {torch.isnan(loss)}")
/home/karimimonsefi.1/SSL_VAN/BRATS21/trainer.py:65: UserWarning: Epoch 394/500 61/500  loss: 0.2998  time 0.44s
  warnings.warn(
/home/karimimonsefi.1/SSL_VAN/BRATS21/trainer.py:45: UserWarning: loss is 0.7576530024131465 and <class 'torch.Tensor'> and False
  warnings.warn(f"loss is {loss} and {type(loss)} and {torch.isnan(loss)}")
/home/karimimonsefi.1/SSL_VAN/BRATS21/trainer.py:65: UserWarning: Epoch 394/500 62/500  loss: 0.3019  time 0.45s
  warnings.warn(
/home/karimimonsefi.1/SSL_VAN/BRATS21/trainer.py:45: UserWarning: loss is 0.9999996188729569 and <class 'torch.Tensor'> and False
  warnings.warn(f"loss is {loss} and {type(loss)} and {torch.isnan(loss)}")
/home/karimimonsefi.1/SSL_VAN/BRATS21/trainer.py:65: UserWarning: Epoch 394/500 63/500  loss: 0.3055  time 0.45s
  warnings.warn(
/home/karimimonsefi.1/SSL_VAN/BRATS21/trainer.py:45: UserWarning: loss is 0.02465743091844182 and <class 'torch.Tensor'> and False
  warnings.warn(f"loss is {loss} and {type(loss)} and {torch.isnan(loss)}")
/home/karimimonsefi.1/SSL_VAN/BRATS21/trainer.py:65: UserWarning: Epoch 394/500 64/500  loss: 0.3086  time 0.43s
  warnings.warn(
/home/karimimonsefi.1/SSL_VAN/BRATS21/trainer.py:45: UserWarning: loss is 0.15450639198533395 and <class 'torch.Tensor'> and False
  warnings.warn(f"loss is {loss} and {type(loss)} and {torch.isnan(loss)}")
/home/karimimonsefi.1/SSL_VAN/BRATS21/trainer.py:65: UserWarning: Epoch 394/500 65/500  loss: 0.3059  time 0.44s
  warnings.warn(
/home/karimimonsefi.1/SSL_VAN/BRATS21/trainer.py:45: UserWarning: loss is 0.03498688533820926 and <class 'torch.Tensor'> and False
  warnings.warn(f"loss is {loss} and {type(loss)} and {torch.isnan(loss)}")
/home/karimimonsefi.1/SSL_VAN/BRATS21/trainer.py:65: UserWarning: Epoch 394/500 66/500  loss: 0.3018  time 0.45s
  warnings.warn(
/home/karimimonsefi.1/SSL_VAN/BRATS21/trainer.py:45: UserWarning: loss is 0.07210984099175084 and <class 'torch.Tensor'> and False
  warnings.warn(f"loss is {loss} and {type(loss)} and {torch.isnan(loss)}")
/home/karimimonsefi.1/SSL_VAN/BRATS21/trainer.py:65: UserWarning: Epoch 394/500 67/500  loss: 0.3029  time 0.43s
  warnings.warn(
/home/karimimonsefi.1/SSL_VAN/BRATS21/trainer.py:45: UserWarning: loss is 0.07081945742543408 and <class 'torch.Tensor'> and False
  warnings.warn(f"loss is {loss} and {type(loss)} and {torch.isnan(loss)}")
/home/karimimonsefi.1/SSL_VAN/BRATS21/trainer.py:65: UserWarning: Epoch 394/500 68/500  loss: 0.2996  time 0.44s
  warnings.warn(
/home/karimimonsefi.1/SSL_VAN/BRATS21/trainer.py:45: UserWarning: loss is 0.9999649492982852 and <class 'torch.Tensor'> and False
  warnings.warn(f"loss is {loss} and {type(loss)} and {torch.isnan(loss)}")
/home/karimimonsefi.1/SSL_VAN/BRATS21/trainer.py:65: UserWarning: Epoch 394/500 69/500  loss: 0.3027  time 0.44s
  warnings.warn(
/home/karimimonsefi.1/SSL_VAN/BRATS21/trainer.py:45: UserWarning: loss is 0.9999995750208805 and <class 'torch.Tensor'> and False
  warnings.warn(f"loss is {loss} and {type(loss)} and {torch.isnan(loss)}")
/home/karimimonsefi.1/SSL_VAN/BRATS21/trainer.py:65: UserWarning: Epoch 394/500 70/500  loss: 0.3064  time 0.45s
  warnings.warn(
/home/karimimonsefi.1/SSL_VAN/BRATS21/trainer.py:45: UserWarning: loss is 0.08772828401587099 and <class 'torch.Tensor'> and False
  warnings.warn(f"loss is {loss} and {type(loss)} and {torch.isnan(loss)}")
/home/karimimonsefi.1/SSL_VAN/BRATS21/trainer.py:65: UserWarning: Epoch 394/500 71/500  loss: 0.3097  time 0.50s
  warnings.warn(
/home/karimimonsefi.1/SSL_VAN/BRATS21/trainer.py:45: UserWarning: loss is 0.9999988824620242 and <class 'torch.Tensor'> and False
  warnings.warn(f"loss is {loss} and {type(loss)} and {torch.isnan(loss)}")
/home/karimimonsefi.1/SSL_VAN/BRATS21/trainer.py:65: UserWarning: Epoch 394/500 72/500  loss: 0.3170  time 0.46s
  warnings.warn(
/home/karimimonsefi.1/SSL_VAN/BRATS21/trainer.py:45: UserWarning: loss is 0.9999980148431682 and <class 'torch.Tensor'> and False
  warnings.warn(f"loss is {loss} and {type(loss)} and {torch.isnan(loss)}")
/home/karimimonsefi.1/SSL_VAN/BRATS21/trainer.py:65: UserWarning: Epoch 394/500 73/500  loss: 0.3263  time 0.43s
  warnings.warn(
/home/karimimonsefi.1/SSL_VAN/BRATS21/trainer.py:45: UserWarning: loss is 0.6929770093195785 and <class 'torch.Tensor'> and False
  warnings.warn(f"loss is {loss} and {type(loss)} and {torch.isnan(loss)}")
/home/karimimonsefi.1/SSL_VAN/BRATS21/trainer.py:65: UserWarning: Epoch 394/500 74/500  loss: 0.3311  time 0.44s
  warnings.warn(
/home/karimimonsefi.1/SSL_VAN/BRATS21/trainer.py:45: UserWarning: loss is 0.9999990460304874 and <class 'torch.Tensor'> and False
  warnings.warn(f"loss is {loss} and {type(loss)} and {torch.isnan(loss)}")
/home/karimimonsefi.1/SSL_VAN/BRATS21/trainer.py:65: UserWarning: Epoch 394/500 75/500  loss: 0.3336  time 0.44s
  warnings.warn(
/home/karimimonsefi.1/SSL_VAN/BRATS21/trainer.py:45: UserWarning: loss is 0.7769028072859772 and <class 'torch.Tensor'> and False
  warnings.warn(f"loss is {loss} and {type(loss)} and {torch.isnan(loss)}")
/home/karimimonsefi.1/SSL_VAN/BRATS21/trainer.py:65: UserWarning: Epoch 394/500 76/500  loss: 0.3408  time 0.43s
  warnings.warn(
/home/karimimonsefi.1/SSL_VAN/BRATS21/trainer.py:45: UserWarning: loss is 0.06146836674653381 and <class 'torch.Tensor'> and False
  warnings.warn(f"loss is {loss} and {type(loss)} and {torch.isnan(loss)}")
/home/karimimonsefi.1/SSL_VAN/BRATS21/trainer.py:65: UserWarning: Epoch 394/500 77/500  loss: 0.3432  time 0.45s
  warnings.warn(
/home/karimimonsefi.1/SSL_VAN/BRATS21/trainer.py:45: UserWarning: loss is 0.08179752741418307 and <class 'torch.Tensor'> and False
  warnings.warn(f"loss is {loss} and {type(loss)} and {torch.isnan(loss)}")
/home/karimimonsefi.1/SSL_VAN/BRATS21/trainer.py:65: UserWarning: Epoch 394/500 78/500  loss: 0.3436  time 0.45s
  warnings.warn(
/home/karimimonsefi.1/SSL_VAN/BRATS21/trainer.py:45: UserWarning: loss is 0.9999995460454151 and <class 'torch.Tensor'> and False
  warnings.warn(f"loss is {loss} and {type(loss)} and {torch.isnan(loss)}")
/home/karimimonsefi.1/SSL_VAN/BRATS21/trainer.py:65: UserWarning: Epoch 394/500 79/500  loss: 0.3466  time 0.45s
  warnings.warn(
/home/karimimonsefi.1/SSL_VAN/BRATS21/trainer.py:45: UserWarning: loss is 0.7203161875633809 and <class 'torch.Tensor'> and False
  warnings.warn(f"loss is {loss} and {type(loss)} and {torch.isnan(loss)}")
/home/karimimonsefi.1/SSL_VAN/BRATS21/trainer.py:65: UserWarning: Epoch 394/500 80/500  loss: 0.3509  time 0.44s
  warnings.warn(
/home/karimimonsefi.1/SSL_VAN/BRATS21/trainer.py:45: UserWarning: loss is 0.21352463184534287 and <class 'torch.Tensor'> and False
  warnings.warn(f"loss is {loss} and {type(loss)} and {torch.isnan(loss)}")
/home/karimimonsefi.1/SSL_VAN/BRATS21/trainer.py:65: UserWarning: Epoch 394/500 81/500  loss: 0.3489  time 0.44s
  warnings.warn(
/home/karimimonsefi.1/SSL_VAN/BRATS21/trainer.py:45: UserWarning: loss is 0.9999999407864846 and <class 'torch.Tensor'> and False
  warnings.warn(f"loss is {loss} and {type(loss)} and {torch.isnan(loss)}")
/home/karimimonsefi.1/SSL_VAN/BRATS21/trainer.py:65: UserWarning: Epoch 394/500 82/500  loss: 0.3511  time 0.44s
  warnings.warn(
/home/karimimonsefi.1/SSL_VAN/BRATS21/trainer.py:45: UserWarning: loss is 0.15572564096150035 and <class 'torch.Tensor'> and False
  warnings.warn(f"loss is {loss} and {type(loss)} and {torch.isnan(loss)}")
/home/karimimonsefi.1/SSL_VAN/BRATS21/trainer.py:65: UserWarning: Epoch 394/500 83/500  loss: 0.3522  time 0.44s
  warnings.warn(
/home/karimimonsefi.1/SSL_VAN/BRATS21/trainer.py:45: UserWarning: loss is 0.10103114161587157 and <class 'torch.Tensor'> and False
  warnings.warn(f"loss is {loss} and {type(loss)} and {torch.isnan(loss)}")
/home/karimimonsefi.1/SSL_VAN/BRATS21/trainer.py:65: UserWarning: Epoch 394/500 84/500  loss: 0.3545  time 0.44s
  warnings.warn(
/home/karimimonsefi.1/SSL_VAN/BRATS21/trainer.py:45: UserWarning: loss is 0.023784782981507137 and <class 'torch.Tensor'> and False
  warnings.warn(f"loss is {loss} and {type(loss)} and {torch.isnan(loss)}")
/home/karimimonsefi.1/SSL_VAN/BRATS21/trainer.py:65: UserWarning: Epoch 394/500 85/500  loss: 0.3510  time 0.45s
  warnings.warn(
/home/karimimonsefi.1/SSL_VAN/BRATS21/trainer.py:45: UserWarning: loss is 0.03276162620134352 and <class 'torch.Tensor'> and False
  warnings.warn(f"loss is {loss} and {type(loss)} and {torch.isnan(loss)}")
/home/karimimonsefi.1/SSL_VAN/BRATS21/trainer.py:65: UserWarning: Epoch 394/500 86/500  loss: 0.3479  time 0.45s
  warnings.warn(
/home/karimimonsefi.1/SSL_VAN/BRATS21/trainer.py:45: UserWarning: loss is 0.1928978141023732 and <class 'torch.Tensor'> and False
  warnings.warn(f"loss is {loss} and {type(loss)} and {torch.isnan(loss)}")
/home/karimimonsefi.1/SSL_VAN/BRATS21/trainer.py:65: UserWarning: Epoch 394/500 87/500  loss: 0.3457  time 0.44s
  warnings.warn(
/home/karimimonsefi.1/SSL_VAN/BRATS21/trainer.py:45: UserWarning: loss is 0.04713590788812453 and <class 'torch.Tensor'> and False
  warnings.warn(f"loss is {loss} and {type(loss)} and {torch.isnan(loss)}")
/home/karimimonsefi.1/SSL_VAN/BRATS21/trainer.py:65: UserWarning: Epoch 394/500 88/500  loss: 0.3422  time 0.44s
  warnings.warn(
/home/karimimonsefi.1/SSL_VAN/BRATS21/trainer.py:45: UserWarning: loss is 0.02167755748531086 and <class 'torch.Tensor'> and False
  warnings.warn(f"loss is {loss} and {type(loss)} and {torch.isnan(loss)}")
/home/karimimonsefi.1/SSL_VAN/BRATS21/trainer.py:65: UserWarning: Epoch 394/500 89/500  loss: 0.3391  time 0.43s
  warnings.warn(
/home/karimimonsefi.1/SSL_VAN/BRATS21/trainer.py:45: UserWarning: loss is 0.027189432421474792 and <class 'torch.Tensor'> and False
  warnings.warn(f"loss is {loss} and {type(loss)} and {torch.isnan(loss)}")
/home/karimimonsefi.1/SSL_VAN/BRATS21/trainer.py:65: UserWarning: Epoch 394/500 90/500  loss: 0.3411  time 0.44s
  warnings.warn(
/home/karimimonsefi.1/SSL_VAN/BRATS21/trainer.py:45: UserWarning: loss is 0.1023721942112169 and <class 'torch.Tensor'> and False
  warnings.warn(f"loss is {loss} and {type(loss)} and {torch.isnan(loss)}")
/home/karimimonsefi.1/SSL_VAN/BRATS21/trainer.py:65: UserWarning: Epoch 394/500 91/500  loss: 0.3380  time 0.44s
  warnings.warn(
/home/karimimonsefi.1/SSL_VAN/BRATS21/trainer.py:45: UserWarning: loss is 0.043883781913504984 and <class 'torch.Tensor'> and False
  warnings.warn(f"loss is {loss} and {type(loss)} and {torch.isnan(loss)}")
/home/karimimonsefi.1/SSL_VAN/BRATS21/trainer.py:65: UserWarning: Epoch 394/500 92/500  loss: 0.3349  time 0.44s
  warnings.warn(
/home/karimimonsefi.1/SSL_VAN/BRATS21/trainer.py:45: UserWarning: loss is 0.08603707560825687 and <class 'torch.Tensor'> and False
  warnings.warn(f"loss is {loss} and {type(loss)} and {torch.isnan(loss)}")
/home/karimimonsefi.1/SSL_VAN/BRATS21/trainer.py:65: UserWarning: Epoch 394/500 93/500  loss: 0.3323  time 0.43s
  warnings.warn(
/home/karimimonsefi.1/SSL_VAN/BRATS21/trainer.py:45: UserWarning: loss is 0.03943047365105005 and <class 'torch.Tensor'> and False
  warnings.warn(f"loss is {loss} and {type(loss)} and {torch.isnan(loss)}")
/home/karimimonsefi.1/SSL_VAN/BRATS21/trainer.py:65: UserWarning: Epoch 394/500 94/500  loss: 0.3343  time 0.45s
  warnings.warn(
/home/karimimonsefi.1/SSL_VAN/BRATS21/trainer.py:45: UserWarning: loss is 0.9999997539505459 and <class 'torch.Tensor'> and False
  warnings.warn(f"loss is {loss} and {type(loss)} and {torch.isnan(loss)}")
/home/karimimonsefi.1/SSL_VAN/BRATS21/trainer.py:65: UserWarning: Epoch 394/500 95/500  loss: 0.3362  time 0.45s
  warnings.warn(
/home/karimimonsefi.1/SSL_VAN/BRATS21/trainer.py:45: UserWarning: loss is 0.04486034468326035 and <class 'torch.Tensor'> and False
  warnings.warn(f"loss is {loss} and {type(loss)} and {torch.isnan(loss)}")
/home/karimimonsefi.1/SSL_VAN/BRATS21/trainer.py:65: UserWarning: Epoch 394/500 96/500  loss: 0.3334  time 0.57s
  warnings.warn(
/home/karimimonsefi.1/SSL_VAN/BRATS21/trainer.py:45: UserWarning: loss is 0.9999983012841601 and <class 'torch.Tensor'> and False
  warnings.warn(f"loss is {loss} and {type(loss)} and {torch.isnan(loss)}")
/home/karimimonsefi.1/SSL_VAN/BRATS21/trainer.py:65: UserWarning: Epoch 394/500 97/500  loss: 0.3357  time 0.45s
  warnings.warn(
/home/karimimonsefi.1/SSL_VAN/BRATS21/trainer.py:45: UserWarning: loss is 0.0415237513355573 and <class 'torch.Tensor'> and False
  warnings.warn(f"loss is {loss} and {type(loss)} and {torch.isnan(loss)}")
/home/karimimonsefi.1/SSL_VAN/BRATS21/trainer.py:65: UserWarning: Epoch 394/500 98/500  loss: 0.3329  time 0.45s
  warnings.warn(
/home/karimimonsefi.1/SSL_VAN/BRATS21/trainer.py:45: UserWarning: loss is 0.9999998562587341 and <class 'torch.Tensor'> and False
  warnings.warn(f"loss is {loss} and {type(loss)} and {torch.isnan(loss)}")
/home/karimimonsefi.1/SSL_VAN/BRATS21/trainer.py:65: UserWarning: Epoch 394/500 99/500  loss: 0.3349  time 0.43s
  warnings.warn(
/home/karimimonsefi.1/SSL_VAN/BRATS21/trainer.py:45: UserWarning: loss is 0.9999997150964797 and <class 'torch.Tensor'> and False
  warnings.warn(f"loss is {loss} and {type(loss)} and {torch.isnan(loss)}")
/home/karimimonsefi.1/SSL_VAN/BRATS21/trainer.py:65: UserWarning: Epoch 394/500 100/500  loss: 0.3415  time 0.44s
  warnings.warn(
/home/karimimonsefi.1/SSL_VAN/BRATS21/trainer.py:45: UserWarning: loss is 0.048144196159005226 and <class 'torch.Tensor'> and False
  warnings.warn(f"loss is {loss} and {type(loss)} and {torch.isnan(loss)}")
/home/karimimonsefi.1/SSL_VAN/BRATS21/trainer.py:65: UserWarning: Epoch 394/500 101/500  loss: 0.3433  time 0.44s
  warnings.warn(
/home/karimimonsefi.1/SSL_VAN/BRATS21/trainer.py:45: UserWarning: loss is 0.9999999270848275 and <class 'torch.Tensor'> and False
  warnings.warn(f"loss is {loss} and {type(loss)} and {torch.isnan(loss)}")
/home/karimimonsefi.1/SSL_VAN/BRATS21/trainer.py:65: UserWarning: Epoch 394/500 102/500  loss: 0.3450  time 0.44s
  warnings.warn(
/home/karimimonsefi.1/SSL_VAN/BRATS21/trainer.py:45: UserWarning: loss is 0.9999999539447055 and <class 'torch.Tensor'> and False
  warnings.warn(f"loss is {loss} and {type(loss)} and {torch.isnan(loss)}")
/home/karimimonsefi.1/SSL_VAN/BRATS21/trainer.py:65: UserWarning: Epoch 394/500 103/500  loss: 0.3466  time 0.43s
  warnings.warn(
/home/karimimonsefi.1/SSL_VAN/BRATS21/trainer.py:45: UserWarning: loss is 0.35415893821288147 and <class 'torch.Tensor'> and False
  warnings.warn(f"loss is {loss} and {type(loss)} and {torch.isnan(loss)}")
/home/karimimonsefi.1/SSL_VAN/BRATS21/trainer.py:65: UserWarning: Epoch 394/500 104/500  loss: 0.3454  time 0.44s
  warnings.warn(
/home/karimimonsefi.1/SSL_VAN/BRATS21/trainer.py:45: UserWarning: loss is 0.14579032644653891 and <class 'torch.Tensor'> and False
  warnings.warn(f"loss is {loss} and {type(loss)} and {torch.isnan(loss)}")
/home/karimimonsefi.1/SSL_VAN/BRATS21/trainer.py:65: UserWarning: Epoch 394/500 105/500  loss: 0.3433  time 0.44s
  warnings.warn(
/home/karimimonsefi.1/SSL_VAN/BRATS21/trainer.py:45: UserWarning: loss is 0.9999997240618287 and <class 'torch.Tensor'> and False
  warnings.warn(f"loss is {loss} and {type(loss)} and {torch.isnan(loss)}")
/home/karimimonsefi.1/SSL_VAN/BRATS21/trainer.py:65: UserWarning: Epoch 394/500 106/500  loss: 0.3449  time 0.43s
  warnings.warn(
/home/karimimonsefi.1/SSL_VAN/BRATS21/trainer.py:45: UserWarning: loss is 0.6852884311901783 and <class 'torch.Tensor'> and False
  warnings.warn(f"loss is {loss} and {type(loss)} and {torch.isnan(loss)}")
/home/karimimonsefi.1/SSL_VAN/BRATS21/trainer.py:65: UserWarning: Epoch 394/500 107/500  loss: 0.3451  time 0.43s
  warnings.warn(
/home/karimimonsefi.1/SSL_VAN/BRATS21/trainer.py:45: UserWarning: loss is 0.040553213640682095 and <class 'torch.Tensor'> and False
  warnings.warn(f"loss is {loss} and {type(loss)} and {torch.isnan(loss)}")
/home/karimimonsefi.1/SSL_VAN/BRATS21/trainer.py:65: UserWarning: Epoch 394/500 108/500  loss: 0.3422  time 0.44s
  warnings.warn(
/home/karimimonsefi.1/SSL_VAN/BRATS21/trainer.py:45: UserWarning: loss is 0.9999990037528415 and <class 'torch.Tensor'> and False
  warnings.warn(f"loss is {loss} and {type(loss)} and {torch.isnan(loss)}")
/home/karimimonsefi.1/SSL_VAN/BRATS21/trainer.py:65: UserWarning: Epoch 394/500 109/500  loss: 0.3456  time 0.44s
  warnings.warn(
/home/karimimonsefi.1/SSL_VAN/BRATS21/trainer.py:45: UserWarning: loss is 0.2542343528239789 and <class 'torch.Tensor'> and False
  warnings.warn(f"loss is {loss} and {type(loss)} and {torch.isnan(loss)}")
/home/karimimonsefi.1/SSL_VAN/BRATS21/trainer.py:65: UserWarning: Epoch 394/500 110/500  loss: 0.3440  time 0.45s
  warnings.warn(
/home/karimimonsefi.1/SSL_VAN/BRATS21/trainer.py:45: UserWarning: loss is 0.04816684453691759 and <class 'torch.Tensor'> and False
  warnings.warn(f"loss is {loss} and {type(loss)} and {torch.isnan(loss)}")
/home/karimimonsefi.1/SSL_VAN/BRATS21/trainer.py:65: UserWarning: Epoch 394/500 111/500  loss: 0.3413  time 0.43s
  warnings.warn(
/home/karimimonsefi.1/SSL_VAN/BRATS21/trainer.py:45: UserWarning: loss is 0.6153564427424599 and <class 'torch.Tensor'> and False
  warnings.warn(f"loss is {loss} and {type(loss)} and {torch.isnan(loss)}")
/home/karimimonsefi.1/SSL_VAN/BRATS21/trainer.py:65: UserWarning: Epoch 394/500 112/500  loss: 0.3412  time 0.44s
  warnings.warn(
/home/karimimonsefi.1/SSL_VAN/BRATS21/trainer.py:45: UserWarning: loss is 0.02681353045371045 and <class 'torch.Tensor'> and False
  warnings.warn(f"loss is {loss} and {type(loss)} and {torch.isnan(loss)}")
/home/karimimonsefi.1/SSL_VAN/BRATS21/trainer.py:65: UserWarning: Epoch 394/500 113/500  loss: 0.3415  time 0.44s
  warnings.warn(
/home/karimimonsefi.1/SSL_VAN/BRATS21/trainer.py:45: UserWarning: loss is 0.12285114991211599 and <class 'torch.Tensor'> and False
  warnings.warn(f"loss is {loss} and {type(loss)} and {torch.isnan(loss)}")
/home/karimimonsefi.1/SSL_VAN/BRATS21/trainer.py:65: UserWarning: Epoch 394/500 114/500  loss: 0.3434  time 0.52s
  warnings.warn(
/home/karimimonsefi.1/SSL_VAN/BRATS21/trainer.py:45: UserWarning: loss is 0.9999999730453961 and <class 'torch.Tensor'> and False
  warnings.warn(f"loss is {loss} and {type(loss)} and {torch.isnan(loss)}")
/home/karimimonsefi.1/SSL_VAN/BRATS21/trainer.py:65: UserWarning: Epoch 394/500 115/500  loss: 0.3452  time 0.43s
  warnings.warn(
/home/karimimonsefi.1/SSL_VAN/BRATS21/trainer.py:45: UserWarning: loss is 0.06349860220275419 and <class 'torch.Tensor'> and False
  warnings.warn(f"loss is {loss} and {type(loss)} and {torch.isnan(loss)}")
/home/karimimonsefi.1/SSL_VAN/BRATS21/trainer.py:65: UserWarning: Epoch 394/500 116/500  loss: 0.3428  time 0.45s
  warnings.warn(
/home/karimimonsefi.1/SSL_VAN/BRATS21/trainer.py:45: UserWarning: loss is 0.6791259246541375 and <class 'torch.Tensor'> and False
  warnings.warn(f"loss is {loss} and {type(loss)} and {torch.isnan(loss)}")
/home/karimimonsefi.1/SSL_VAN/BRATS21/trainer.py:65: UserWarning: Epoch 394/500 117/500  loss: 0.3429  time 0.43s
  warnings.warn(
/home/karimimonsefi.1/SSL_VAN/BRATS21/trainer.py:45: UserWarning: loss is 0.06826577261407021 and <class 'torch.Tensor'> and False
  warnings.warn(f"loss is {loss} and {type(loss)} and {torch.isnan(loss)}")
/home/karimimonsefi.1/SSL_VAN/BRATS21/trainer.py:65: UserWarning: Epoch 394/500 118/500  loss: 0.3445  time 0.45s
  warnings.warn(
/home/karimimonsefi.1/SSL_VAN/BRATS21/trainer.py:45: UserWarning: loss is 0.14109822248338813 and <class 'torch.Tensor'> and False
  warnings.warn(f"loss is {loss} and {type(loss)} and {torch.isnan(loss)}")
/home/karimimonsefi.1/SSL_VAN/BRATS21/trainer.py:65: UserWarning: Epoch 394/500 119/500  loss: 0.3464  time 0.45s
  warnings.warn(
/home/karimimonsefi.1/SSL_VAN/BRATS21/trainer.py:45: UserWarning: loss is 0.023611288253327922 and <class 'torch.Tensor'> and False
  warnings.warn(f"loss is {loss} and {type(loss)} and {torch.isnan(loss)}")
/home/karimimonsefi.1/SSL_VAN/BRATS21/trainer.py:65: UserWarning: Epoch 394/500 120/500  loss: 0.3438  time 0.44s
  warnings.warn(
/home/karimimonsefi.1/SSL_VAN/BRATS21/trainer.py:45: UserWarning: loss is 0.42356590408790906 and <class 'torch.Tensor'> and False
  warnings.warn(f"loss is {loss} and {type(loss)} and {torch.isnan(loss)}")
/home/karimimonsefi.1/SSL_VAN/BRATS21/trainer.py:65: UserWarning: Epoch 394/500 121/500  loss: 0.3467  time 0.44s
  warnings.warn(
/home/karimimonsefi.1/SSL_VAN/BRATS21/trainer.py:45: UserWarning: loss is 0.07327818968293812 and <class 'torch.Tensor'> and False
  warnings.warn(f"loss is {loss} and {type(loss)} and {torch.isnan(loss)}")
/home/karimimonsefi.1/SSL_VAN/BRATS21/trainer.py:65: UserWarning: Epoch 394/500 122/500  loss: 0.3444  time 0.43s
  warnings.warn(
/home/karimimonsefi.1/SSL_VAN/BRATS21/trainer.py:45: UserWarning: loss is 0.9999997397974069 and <class 'torch.Tensor'> and False
  warnings.warn(f"loss is {loss} and {type(loss)} and {torch.isnan(loss)}")
/home/karimimonsefi.1/SSL_VAN/BRATS21/trainer.py:65: UserWarning: Epoch 394/500 123/500  loss: 0.3458  time 0.43s
  warnings.warn(
/home/karimimonsefi.1/SSL_VAN/BRATS21/trainer.py:45: UserWarning: loss is 0.028889224693079675 and <class 'torch.Tensor'> and False
  warnings.warn(f"loss is {loss} and {type(loss)} and {torch.isnan(loss)}")
/home/karimimonsefi.1/SSL_VAN/BRATS21/trainer.py:65: UserWarning: Epoch 394/500 124/500  loss: 0.3433  time 0.46s
  warnings.warn(
/home/karimimonsefi.1/SSL_VAN/BRATS21/trainer.py:45: UserWarning: loss is 0.041741107526128474 and <class 'torch.Tensor'> and False
  warnings.warn(f"loss is {loss} and {type(loss)} and {torch.isnan(loss)}")
/home/karimimonsefi.1/SSL_VAN/BRATS21/trainer.py:65: UserWarning: Epoch 394/500 125/500  loss: 0.3410  time 0.44s
  warnings.warn(
/home/karimimonsefi.1/SSL_VAN/BRATS21/trainer.py:45: UserWarning: loss is 0.0411453616463302 and <class 'torch.Tensor'> and False
  warnings.warn(f"loss is {loss} and {type(loss)} and {torch.isnan(loss)}")
/home/karimimonsefi.1/SSL_VAN/BRATS21/trainer.py:65: UserWarning: Epoch 394/500 126/500  loss: 0.3390  time 0.44s
  warnings.warn(
/home/karimimonsefi.1/SSL_VAN/BRATS21/trainer.py:45: UserWarning: loss is 0.05731998343358106 and <class 'torch.Tensor'> and False
  warnings.warn(f"loss is {loss} and {type(loss)} and {torch.isnan(loss)}")
/home/karimimonsefi.1/SSL_VAN/BRATS21/trainer.py:65: UserWarning: Epoch 394/500 127/500  loss: 0.3405  time 0.43s
  warnings.warn(
/home/karimimonsefi.1/SSL_VAN/BRATS21/trainer.py:45: UserWarning: loss is 0.03070758007202623 and <class 'torch.Tensor'> and False
  warnings.warn(f"loss is {loss} and {type(loss)} and {torch.isnan(loss)}")
/home/karimimonsefi.1/SSL_VAN/BRATS21/trainer.py:65: UserWarning: Epoch 394/500 128/500  loss: 0.3396  time 0.44s
  warnings.warn(
/home/karimimonsefi.1/SSL_VAN/BRATS21/trainer.py:45: UserWarning: loss is 0.11441735759439497 and <class 'torch.Tensor'> and False
  warnings.warn(f"loss is {loss} and {type(loss)} and {torch.isnan(loss)}")
/home/karimimonsefi.1/SSL_VAN/BRATS21/trainer.py:65: UserWarning: Epoch 394/500 129/500  loss: 0.3377  time 0.43s
  warnings.warn(
/home/karimimonsefi.1/SSL_VAN/BRATS21/trainer.py:45: UserWarning: loss is 0.014438483425016413 and <class 'torch.Tensor'> and False
  warnings.warn(f"loss is {loss} and {type(loss)} and {torch.isnan(loss)}")
/home/karimimonsefi.1/SSL_VAN/BRATS21/trainer.py:65: UserWarning: Epoch 394/500 130/500  loss: 0.3358  time 0.43s
  warnings.warn(
/home/karimimonsefi.1/SSL_VAN/BRATS21/trainer.py:45: UserWarning: loss is 0.137932316319544 and <class 'torch.Tensor'> and False
  warnings.warn(f"loss is {loss} and {type(loss)} and {torch.isnan(loss)}")
/home/karimimonsefi.1/SSL_VAN/BRATS21/trainer.py:65: UserWarning: Epoch 394/500 131/500  loss: 0.3341  time 0.44s
  warnings.warn(
/home/karimimonsefi.1/SSL_VAN/BRATS21/trainer.py:45: UserWarning: loss is 0.999996977931705 and <class 'torch.Tensor'> and False
  warnings.warn(f"loss is {loss} and {type(loss)} and {torch.isnan(loss)}")
/home/karimimonsefi.1/SSL_VAN/BRATS21/trainer.py:65: UserWarning: Epoch 394/500 132/500  loss: 0.3355  time 0.43s
  warnings.warn(
/home/karimimonsefi.1/SSL_VAN/BRATS21/trainer.py:45: UserWarning: loss is 0.09196933987475826 and <class 'torch.Tensor'> and False
  warnings.warn(f"loss is {loss} and {type(loss)} and {torch.isnan(loss)}")
/home/karimimonsefi.1/SSL_VAN/BRATS21/trainer.py:65: UserWarning: Epoch 394/500 133/500  loss: 0.3335  time 0.43s
  warnings.warn(
/home/karimimonsefi.1/SSL_VAN/BRATS21/trainer.py:45: UserWarning: loss is 0.07407581966562671 and <class 'torch.Tensor'> and False
  warnings.warn(f"loss is {loss} and {type(loss)} and {torch.isnan(loss)}")
/home/karimimonsefi.1/SSL_VAN/BRATS21/trainer.py:65: UserWarning: Epoch 394/500 134/500  loss: 0.3316  time 0.44s
  warnings.warn(
/home/karimimonsefi.1/SSL_VAN/BRATS21/trainer.py:45: UserWarning: loss is 0.13338192632629603 and <class 'torch.Tensor'> and False
  warnings.warn(f"loss is {loss} and {type(loss)} and {torch.isnan(loss)}")
/home/karimimonsefi.1/SSL_VAN/BRATS21/trainer.py:65: UserWarning: Epoch 394/500 135/500  loss: 0.3298  time 0.44s
  warnings.warn(
/home/karimimonsefi.1/SSL_VAN/BRATS21/trainer.py:45: UserWarning: loss is 0.9999998424664028 and <class 'torch.Tensor'> and False
  warnings.warn(f"loss is {loss} and {type(loss)} and {torch.isnan(loss)}")
/home/karimimonsefi.1/SSL_VAN/BRATS21/trainer.py:65: UserWarning: Epoch 394/500 136/500  loss: 0.3312  time 0.43s
  warnings.warn(
/home/karimimonsefi.1/SSL_VAN/BRATS21/trainer.py:45: UserWarning: loss is 0.0850816917032815 and <class 'torch.Tensor'> and False
  warnings.warn(f"loss is {loss} and {type(loss)} and {torch.isnan(loss)}")
/home/karimimonsefi.1/SSL_VAN/BRATS21/trainer.py:65: UserWarning: Epoch 394/500 137/500  loss: 0.3305  time 0.44s
  warnings.warn(
/home/karimimonsefi.1/SSL_VAN/BRATS21/trainer.py:45: UserWarning: loss is 0.9999997331861972 and <class 'torch.Tensor'> and False
  warnings.warn(f"loss is {loss} and {type(loss)} and {torch.isnan(loss)}")
/home/karimimonsefi.1/SSL_VAN/BRATS21/trainer.py:65: UserWarning: Epoch 394/500 138/500  loss: 0.3342  time 0.44s
  warnings.warn(
/home/karimimonsefi.1/SSL_VAN/BRATS21/trainer.py:45: UserWarning: loss is 0.025931463541201016 and <class 'torch.Tensor'> and False
  warnings.warn(f"loss is {loss} and {type(loss)} and {torch.isnan(loss)}")
/home/karimimonsefi.1/SSL_VAN/BRATS21/trainer.py:65: UserWarning: Epoch 394/500 139/500  loss: 0.3325  time 0.44s
  warnings.warn(
/home/karimimonsefi.1/SSL_VAN/BRATS21/trainer.py:45: UserWarning: loss is 0.9999989218397638 and <class 'torch.Tensor'> and False
  warnings.warn(f"loss is {loss} and {type(loss)} and {torch.isnan(loss)}")
/home/karimimonsefi.1/SSL_VAN/BRATS21/trainer.py:65: UserWarning: Epoch 394/500 140/500  loss: 0.3362  time 0.43s
  warnings.warn(
/home/karimimonsefi.1/SSL_VAN/BRATS21/trainer.py:45: UserWarning: loss is 0.04681444491391802 and <class 'torch.Tensor'> and False
  warnings.warn(f"loss is {loss} and {type(loss)} and {torch.isnan(loss)}")
/home/karimimonsefi.1/SSL_VAN/BRATS21/trainer.py:65: UserWarning: Epoch 394/500 141/500  loss: 0.3342  time 0.43s
  warnings.warn(
/home/karimimonsefi.1/SSL_VAN/BRATS21/trainer.py:45: UserWarning: loss is 0.6971405222499311 and <class 'torch.Tensor'> and False
  warnings.warn(f"loss is {loss} and {type(loss)} and {torch.isnan(loss)}")
/home/karimimonsefi.1/SSL_VAN/BRATS21/trainer.py:65: UserWarning: Epoch 394/500 142/500  loss: 0.3346  time 0.45s
  warnings.warn(
/home/karimimonsefi.1/SSL_VAN/BRATS21/trainer.py:45: UserWarning: loss is 0.9999988425688338 and <class 'torch.Tensor'> and False
  warnings.warn(f"loss is {loss} and {type(loss)} and {torch.isnan(loss)}")
/home/karimimonsefi.1/SSL_VAN/BRATS21/trainer.py:65: UserWarning: Epoch 394/500 143/500  loss: 0.3358  time 0.46s
  warnings.warn(
/home/karimimonsefi.1/SSL_VAN/BRATS21/trainer.py:45: UserWarning: loss is 0.1303437896514149 and <class 'torch.Tensor'> and False
  warnings.warn(f"loss is {loss} and {type(loss)} and {torch.isnan(loss)}")
/home/karimimonsefi.1/SSL_VAN/BRATS21/trainer.py:65: UserWarning: Epoch 394/500 144/500  loss: 0.3343  time 0.44s
  warnings.warn(
/home/karimimonsefi.1/SSL_VAN/BRATS21/trainer.py:45: UserWarning: loss is 0.05720565332558351 and <class 'torch.Tensor'> and False
  warnings.warn(f"loss is {loss} and {type(loss)} and {torch.isnan(loss)}")
/home/karimimonsefi.1/SSL_VAN/BRATS21/trainer.py:65: UserWarning: Epoch 394/500 145/500  loss: 0.3325  time 0.43s
  warnings.warn(
/home/karimimonsefi.1/SSL_VAN/BRATS21/trainer.py:45: UserWarning: loss is 0.028399906811220843 and <class 'torch.Tensor'> and False
  warnings.warn(f"loss is {loss} and {type(loss)} and {torch.isnan(loss)}")
/home/karimimonsefi.1/SSL_VAN/BRATS21/trainer.py:65: UserWarning: Epoch 394/500 146/500  loss: 0.3305  time 0.44s
  warnings.warn(
