/var/spool/slurmd/job40144/slurm_script: line 11: cd: SSL_VAN: No such file or directory

----------------------------------------------------------------------------
  cuda:
----------------------------------------------------------------------------
     Versions:
        cuda/10.2
        cuda/11.0
        cuda/11.2
        cuda/11.3
        cuda/11.4
        cuda/11.5
        cuda/11.6
        cuda/12.0

----------------------------------------------------------------------------
  For detailed information about a specific "cuda" package (including how to load the modules) use the module's full name.
  Note that names that have a trailing (E) are extensions provided by other modules.
  For example:

     $ module spider cuda/12.0
----------------------------------------------------------------------------

 


CommandNotFoundError: Your shell has not been properly configured to use 'conda activate'.
To initialize your shell, run

    $ conda init <SHELL_NAME>

Currently supported shells are:
  - bash
  - fish
  - tcsh
  - xonsh
  - zsh
  - powershell

See 'conda init --help' for more information and options.

IMPORTANT: You may need to close and restart your shell after running 'conda init'.


/home/karimimonsefi.1/miniconda3/lib/python3.9/site-packages/mmcv/__init__.py:20: UserWarning: On January 1, 2023, MMCV will release v2.0.0, in which it will remove components related to the training process and add a data transformation module. In addition, it will rename the package names mmcv to mmcv-lite and mmcv-full to mmcv. See https://github.com/open-mmlab/mmcv/blob/master/docs/en/compatibility.md for more details.
  warnings.warn(
usage: main.py [-h] [--checkpoint] [--json_list JSON_LIST]
               [--pretrained_dir PRETRAINED_DIR]
               [--pretrained_model_name PRETRAINED_MODEL_NAME] [--fold FOLD]
               [--data_dir DATA_DIR] [--a_min A_MIN] [--a_max A_MAX]
               [--b_min B_MIN] [--b_max B_MAX] [--sw_batch_size SW_BATCH_SIZE]
               [--space_x SPACE_X] [--space_y SPACE_Y] [--space_z SPACE_Z]
               [--roi_x ROI_X] [--roi_y ROI_Y] [--roi_z ROI_Z]
               [--batch_size BATCH_SIZE] [--save_checkpoint]
               [--val_every VAL_EVERY] [--RandFlipd_prob RANDFLIPD_PROB]
               [--RandRotate90d_prob RANDROTATE90D_PROB]
               [--RandScaleIntensityd_prob RANDSCALEINTENSITYD_PROB]
               [--RandShiftIntensityd_prob RANDSHIFTINTENSITYD_PROB]
               [--workers WORKERS] [--test_mode TEST_MODE] [--distributed]
               [--use_normal_dataset] [--noamp] [--rank RANK]
               [--world_size WORLD_SIZE] [--num_stages NUM_STAGES]
               [--embed_dims EMBED_DIMS [EMBED_DIMS ...]]
               [--infer_overlap INFER_OVERLAP] [--depths DEPTHS [DEPTHS ...]]
               [--mlp_ratios MLP_RATIOS [MLP_RATIOS ...]]
               [--in_channels IN_CHANNELS] [--out_channels OUT_CHANNELS]
               [--dropout_path_rate DROPOUT_PATH_RATE] [--logdir LOGDIR]
               [--resume_ckpt] [--use_ssl_pretrained]
               [--dist_backend DIST_BACKEND] [--squared_dice]
               [--smooth_dr SMOOTH_DR] [--smooth_nr SMOOTH_NR]
               [--norm_name NORM_NAME] [--optim_name OPTIM_NAME]
               [--optim_lr OPTIM_LR] [--reg_weight REG_WEIGHT]
               [--momentum MOMENTUM] [--lrschedule LRSCHEDULE]
               [--max_epochs MAX_EPOCHS] [--warmup_epochs WARMUP_EPOCHS]
main.py: error: unrecognized arguments: roi_z 96
