/var/spool/slurmd/job63628/slurm_script: line 11: cd: SSL_VAN: No such file or directory

----------------------------------------------------------------------------
  cuda:
----------------------------------------------------------------------------
     Versions:
        cuda/10.2
        cuda/11.0
        cuda/11.2
        cuda/11.3
        cuda/11.4
        cuda/11.5
        cuda/11.6
        cuda/11.7
        cuda/11.8
        cuda/12.0

----------------------------------------------------------------------------
  For detailed information about a specific "cuda" package (including how to load the modules) use the module's full name.
  Note that names that have a trailing (E) are extensions provided by other modules.
  For example:

     $ module spider cuda/12.0
----------------------------------------------------------------------------

 


CommandNotFoundError: Your shell has not been properly configured to use 'conda activate'.
To initialize your shell, run

    $ conda init <SHELL_NAME>

Currently supported shells are:
  - bash
  - fish
  - tcsh
  - xonsh
  - zsh
  - powershell

See 'conda init --help' for more information and options.

IMPORTANT: You may need to close and restart your shell after running 'conda init'.


/home/karimimonsefi.1/miniconda3/lib/python3.9/site-packages/mmcv/__init__.py:20: UserWarning: On January 1, 2023, MMCV will release v2.0.0, in which it will remove components related to the training process and add a data transformation module. In addition, it will rename the package names mmcv to mmcv-lite and mmcv-full to mmcv. See https://github.com/open-mmlab/mmcv/blob/master/docs/en/compatibility.md for more details.
  warnings.warn(
/home/karimimonsefi.1/SSL_VAN/BRATS21/main.py:113: UserWarning: Found total gpus 2
  warnings.warn("Found total gpus {}".format(args.ngpus_per_node))
/home/karimimonsefi.1/miniconda3/lib/python3.9/site-packages/mmcv/__init__.py:20: UserWarning: On January 1, 2023, MMCV will release v2.0.0, in which it will remove components related to the training process and add a data transformation module. In addition, it will rename the package names mmcv to mmcv-lite and mmcv-full to mmcv. See https://github.com/open-mmlab/mmcv/blob/master/docs/en/compatibility.md for more details.
  warnings.warn(
/home/karimimonsefi.1/miniconda3/lib/python3.9/site-packages/mmcv/__init__.py:20: UserWarning: On January 1, 2023, MMCV will release v2.0.0, in which it will remove components related to the training process and add a data transformation module. In addition, it will rename the package names mmcv to mmcv-lite and mmcv-full to mmcv. See https://github.com/open-mmlab/mmcv/blob/master/docs/en/compatibility.md for more details.
  warnings.warn(
/home/karimimonsefi.1/miniconda3/lib/python3.9/site-packages/monai/transforms/post/dictionary.py:196: UserWarning: `threshold_values=True/False` is deprecated, please use `threshold=value` instead.
  warnings.warn("`threshold_values=True/False` is deprecated, please use `threshold=value` instead.")
/home/karimimonsefi.1/miniconda3/lib/python3.9/site-packages/monai/transforms/post/dictionary.py:196: UserWarning: `threshold_values=True/False` is deprecated, please use `threshold=value` instead.
  warnings.warn("`threshold_values=True/False` is deprecated, please use `threshold=value` instead.")
/home/karimimonsefi.1/SSL_VAN/BRATS21/main.py:133: UserWarning: 1 gpu 1
  warnings.warn(f"{args.rank} gpu {args.gpu}")
/home/karimimonsefi.1/SSL_VAN/BRATS21/main.py:133: UserWarning: 0 gpu 0
  warnings.warn(f"{args.rank} gpu {args.gpu}")
/home/karimimonsefi.1/SSL_VAN/BRATS21/main.py:135: UserWarning: Batch size is: 1 epochs 500
  warnings.warn(f"Batch size is: {args.batch_size} epochs {args.max_epochs}")
/home/karimimonsefi.1/SSL_VAN/BRATS21/main.py:164: UserWarning: Total parameters count 40270721
  warnings.warn(f"Total parameters count {pytorch_total_params}")
/home/karimimonsefi.1/SSL_VAN/BRATS21/main.py:167: UserWarning: Total args.checkpoint True
  warnings.warn(f"Total args.checkpoint {args.checkpoint}")
/home/karimimonsefi.1/SSL_VAN/BRATS21/main.py:164: UserWarning: Total parameters count 40270721
  warnings.warn(f"Total parameters count {pytorch_total_params}")
/home/karimimonsefi.1/SSL_VAN/BRATS21/main.py:167: UserWarning: Total args.checkpoint True
  warnings.warn(f"Total args.checkpoint {args.checkpoint}")
/home/karimimonsefi.1/SSL_VAN/commons/util.py:6: UserWarning:  base_url is 64-128-256-512_3-4-6-3_8-8-4-4_vae_inferer_valid_loader_VANV412_fold-0
  warnings.warn(f" base_url is {base_url}")
/home/karimimonsefi.1/SSL_VAN/commons/util.py:8: UserWarning:  output_url 1 is ./runs/BraTS21/test_log/output_False_False
  warnings.warn(f" output_url 1 is {output_url}")
/home/karimimonsefi.1/SSL_VAN/commons/util.py:6: UserWarning:  base_url is 64-128-256-512_3-4-6-3_8-8-4-4_vae_inferer_valid_loader_VANV412_fold-0
  warnings.warn(f" base_url is {base_url}")
/home/karimimonsefi.1/SSL_VAN/commons/util.py:8: UserWarning:  output_url 1 is ./runs/BraTS21/test_log/output_False_False
  warnings.warn(f" output_url 1 is {output_url}")
/home/karimimonsefi.1/SSL_VAN/commons/util.py:9: UserWarning:  exists 1 is True
  warnings.warn(f" exists 1 is {os.path.exists(output_url)}")
/home/karimimonsefi.1/SSL_VAN/commons/util.py:9: UserWarning:  exists 1 is True
  warnings.warn(f" exists 1 is {os.path.exists(output_url)}")
/home/karimimonsefi.1/SSL_VAN/commons/util.py:13: UserWarning:  output_url 2 is ./runs/BraTS21/test_log/output_False_False/64-128-256-512_3-4-6-3_8-8-4-4_vae_inferer_valid_loader_VANV412_fold-0
  warnings.warn(f" output_url 2 is {output_url}")
/home/karimimonsefi.1/SSL_VAN/commons/util.py:13: UserWarning:  output_url 2 is ./runs/BraTS21/test_log/output_False_False/64-128-256-512_3-4-6-3_8-8-4-4_vae_inferer_valid_loader_VANV412_fold-0
  warnings.warn(f" output_url 2 is {output_url}")
/home/karimimonsefi.1/SSL_VAN/commons/util.py:14: UserWarning:  exists 2 is True
  warnings.warn(f" exists 2 is {os.path.exists(output_url)}")
/home/karimimonsefi.1/SSL_VAN/commons/util.py:14: UserWarning:  exists 2 is True
  warnings.warn(f" exists 2 is {os.path.exists(output_url)}")
/home/karimimonsefi.1/SSL_VAN/commons/util.py:20: UserWarning:  Best url model is 64-128-256-512_3-4-6-3_8-8-4-4_vae_inferer_valid_loader_VANV412_fold-0__best.pt, final model url is 64-128-256-512_3-4-6-3_8-8-4-4_vae_inferer_valid_loader_VANV412_fold-0__final.pt
  warnings.warn(f" Best url model is {args.best_model_url}, final model url is {args.final_model_url}")
/home/karimimonsefi.1/SSL_VAN/commons/util.py:20: UserWarning:  Best url model is 64-128-256-512_3-4-6-3_8-8-4-4_vae_inferer_valid_loader_VANV412_fold-0__best.pt, final model url is 64-128-256-512_3-4-6-3_8-8-4-4_vae_inferer_valid_loader_VANV412_fold-0__final.pt
  warnings.warn(f" Best url model is {args.best_model_url}, final model url is {args.final_model_url}")
/home/karimimonsefi.1/SSL_VAN/BRATS21/main.py:182: UserWarning: => loaded checkpoint 'True' (epoch 249) (bestacc 0.5582794547080994)
  warnings.warn("=> loaded checkpoint '{}' (epoch {}) (bestacc {})".format(
/home/karimimonsefi.1/SSL_VAN/BRATS21/main.py:182: UserWarning: => loaded checkpoint 'True' (epoch 249) (bestacc 0.5582794547080994)
  warnings.warn("=> loaded checkpoint '{}' (epoch {}) (bestacc {})".format(
/home/karimimonsefi.1/SSL_VAN/BRATS21/trainer.py:163: UserWarning: Writing Tensorboard logs to ./runs/BraTS21/test_log
  warnings.warn(f"Writing Tensorboard logs to {args.logdir}")
/home/karimimonsefi.1/SSL_VAN/BRATS21/trainer.py:171: UserWarning: 0  Thu Jul 13 16:06:53 2023  Epoch: 249
  warnings.warn(f"{args.rank}  {time.ctime()}  Epoch: {epoch}")
/home/karimimonsefi.1/SSL_VAN/BRATS21/trainer.py:171: UserWarning: 1  Thu Jul 13 16:06:53 2023  Epoch: 249
  warnings.warn(f"{args.rank}  {time.ctime()}  Epoch: {epoch}")
[W reducer.cpp:1298] Warning: find_unused_parameters=True was specified in DDP constructor, but did not find any unused parameters in the forward pass. This flag results in an extra traversal of the autograd graph every iteration,  which can adversely affect performance. If your model indeed never has any unused parameters in the forward pass, consider turning this flag off. Note that this warning may be a false positive if your model has flow control causing later iterations to have unused parameters. (function operator())
[W reducer.cpp:1298] Warning: find_unused_parameters=True was specified in DDP constructor, but did not find any unused parameters in the forward pass. This flag results in an extra traversal of the autograd graph every iteration,  which can adversely affect performance. If your model indeed never has any unused parameters in the forward pass, consider turning this flag off. Note that this warning may be a false positive if your model has flow control causing later iterations to have unused parameters. (function operator())
/home/karimimonsefi.1/SSL_VAN/BRATS21/trainer.py:74: UserWarning: Epoch 249/500 0/500  loss: 0.2274  time 81.92s
  warnings.warn(
/home/karimimonsefi.1/SSL_VAN/BRATS21/trainer.py:74: UserWarning: Epoch 249/500 1/500  loss: 0.1940  time 1.76s
  warnings.warn(
/home/karimimonsefi.1/SSL_VAN/BRATS21/trainer.py:74: UserWarning: Epoch 249/500 2/500  loss: 0.1741  time 0.53s
  warnings.warn(
/home/karimimonsefi.1/SSL_VAN/BRATS21/trainer.py:74: UserWarning: Epoch 249/500 3/500  loss: 0.1989  time 0.49s
  warnings.warn(
/home/karimimonsefi.1/SSL_VAN/BRATS21/trainer.py:74: UserWarning: Epoch 249/500 4/500  loss: 0.2449  time 0.49s
  warnings.warn(
/home/karimimonsefi.1/SSL_VAN/BRATS21/trainer.py:74: UserWarning: Epoch 249/500 5/500  loss: 0.2623  time 0.49s
  warnings.warn(
/home/karimimonsefi.1/SSL_VAN/BRATS21/trainer.py:74: UserWarning: Epoch 249/500 6/500  loss: 0.2854  time 0.53s
  warnings.warn(
/home/karimimonsefi.1/SSL_VAN/BRATS21/trainer.py:74: UserWarning: Epoch 249/500 7/500  loss: 0.2738  time 0.53s
  warnings.warn(
/home/karimimonsefi.1/SSL_VAN/BRATS21/trainer.py:74: UserWarning: Epoch 249/500 8/500  loss: 0.2738  time 0.49s
  warnings.warn(
/home/karimimonsefi.1/SSL_VAN/BRATS21/trainer.py:74: UserWarning: Epoch 249/500 9/500  loss: 0.2672  time 0.53s
  warnings.warn(
/home/karimimonsefi.1/SSL_VAN/BRATS21/trainer.py:74: UserWarning: Epoch 249/500 10/500  loss: 0.2745  time 0.49s
  warnings.warn(
/home/karimimonsefi.1/SSL_VAN/BRATS21/trainer.py:74: UserWarning: Epoch 249/500 11/500  loss: 0.2729  time 0.53s
  warnings.warn(
/home/karimimonsefi.1/SSL_VAN/BRATS21/trainer.py:74: UserWarning: Epoch 249/500 12/500  loss: 0.2869  time 0.49s
  warnings.warn(
/home/karimimonsefi.1/SSL_VAN/BRATS21/trainer.py:74: UserWarning: Epoch 249/500 13/500  loss: 0.2768  time 0.53s
  warnings.warn(
/home/karimimonsefi.1/SSL_VAN/BRATS21/trainer.py:74: UserWarning: Epoch 249/500 14/500  loss: 0.2775  time 0.53s
  warnings.warn(
/home/karimimonsefi.1/SSL_VAN/BRATS21/trainer.py:74: UserWarning: Epoch 249/500 15/500  loss: 0.2782  time 0.53s
  warnings.warn(
/home/karimimonsefi.1/SSL_VAN/BRATS21/trainer.py:74: UserWarning: Epoch 249/500 16/500  loss: 0.2811  time 0.53s
  warnings.warn(
/home/karimimonsefi.1/SSL_VAN/BRATS21/trainer.py:74: UserWarning: Epoch 249/500 17/500  loss: 0.2925  time 0.53s
  warnings.warn(
/home/karimimonsefi.1/SSL_VAN/BRATS21/trainer.py:74: UserWarning: Epoch 249/500 18/500  loss: 0.2924  time 0.49s
  warnings.warn(
/home/karimimonsefi.1/SSL_VAN/BRATS21/trainer.py:74: UserWarning: Epoch 249/500 19/500  loss: 0.2944  time 1.22s
  warnings.warn(
/home/karimimonsefi.1/SSL_VAN/BRATS21/trainer.py:74: UserWarning: Epoch 249/500 20/500  loss: 0.2982  time 0.76s
  warnings.warn(
/home/karimimonsefi.1/SSL_VAN/BRATS21/trainer.py:74: UserWarning: Epoch 249/500 21/500  loss: 0.3006  time 0.49s
  warnings.warn(
/home/karimimonsefi.1/SSL_VAN/BRATS21/trainer.py:74: UserWarning: Epoch 249/500 22/500  loss: 0.3043  time 0.48s
  warnings.warn(
/home/karimimonsefi.1/SSL_VAN/BRATS21/trainer.py:74: UserWarning: Epoch 249/500 23/500  loss: 0.3092  time 0.49s
  warnings.warn(
/home/karimimonsefi.1/SSL_VAN/BRATS21/trainer.py:74: UserWarning: Epoch 249/500 24/500  loss: 0.3088  time 0.53s
  warnings.warn(
/home/karimimonsefi.1/SSL_VAN/BRATS21/trainer.py:74: UserWarning: Epoch 249/500 25/500  loss: 0.3064  time 0.53s
  warnings.warn(
/home/karimimonsefi.1/SSL_VAN/BRATS21/trainer.py:74: UserWarning: Epoch 249/500 26/500  loss: 0.3026  time 3.65s
  warnings.warn(
/home/karimimonsefi.1/SSL_VAN/BRATS21/trainer.py:74: UserWarning: Epoch 249/500 27/500  loss: 0.2984  time 0.52s
  warnings.warn(
/home/karimimonsefi.1/SSL_VAN/BRATS21/trainer.py:74: UserWarning: Epoch 249/500 28/500  loss: 0.3012  time 0.53s
  warnings.warn(
/home/karimimonsefi.1/SSL_VAN/BRATS21/trainer.py:74: UserWarning: Epoch 249/500 29/500  loss: 0.3005  time 0.54s
  warnings.warn(
/home/karimimonsefi.1/SSL_VAN/BRATS21/trainer.py:74: UserWarning: Epoch 249/500 30/500  loss: 0.2984  time 0.53s
  warnings.warn(
/home/karimimonsefi.1/SSL_VAN/BRATS21/trainer.py:74: UserWarning: Epoch 249/500 31/500  loss: 0.3001  time 1.51s
  warnings.warn(
/home/karimimonsefi.1/SSL_VAN/BRATS21/trainer.py:74: UserWarning: Epoch 249/500 32/500  loss: 0.2975  time 0.49s
  warnings.warn(
/home/karimimonsefi.1/SSL_VAN/BRATS21/trainer.py:74: UserWarning: Epoch 249/500 33/500  loss: 0.2980  time 0.53s
  warnings.warn(
/home/karimimonsefi.1/SSL_VAN/BRATS21/trainer.py:74: UserWarning: Epoch 249/500 34/500  loss: 0.3025  time 2.40s
  warnings.warn(
/home/karimimonsefi.1/SSL_VAN/BRATS21/trainer.py:74: UserWarning: Epoch 249/500 35/500  loss: 0.2994  time 2.43s
  warnings.warn(
/home/karimimonsefi.1/SSL_VAN/BRATS21/trainer.py:74: UserWarning: Epoch 249/500 36/500  loss: 0.2983  time 0.55s
  warnings.warn(
/home/karimimonsefi.1/SSL_VAN/BRATS21/trainer.py:74: UserWarning: Epoch 249/500 37/500  loss: 0.2975  time 0.53s
  warnings.warn(
/home/karimimonsefi.1/SSL_VAN/BRATS21/trainer.py:74: UserWarning: Epoch 249/500 38/500  loss: 0.2994  time 0.52s
  warnings.warn(
/home/karimimonsefi.1/SSL_VAN/BRATS21/trainer.py:74: UserWarning: Epoch 249/500 39/500  loss: 0.3023  time 0.57s
  warnings.warn(
/home/karimimonsefi.1/SSL_VAN/BRATS21/trainer.py:74: UserWarning: Epoch 249/500 40/500  loss: 0.3025  time 0.53s
  warnings.warn(
/home/karimimonsefi.1/SSL_VAN/BRATS21/trainer.py:74: UserWarning: Epoch 249/500 41/500  loss: 0.3028  time 0.52s
  warnings.warn(
/home/karimimonsefi.1/SSL_VAN/BRATS21/trainer.py:74: UserWarning: Epoch 249/500 42/500  loss: 0.3023  time 0.53s
  warnings.warn(
/home/karimimonsefi.1/SSL_VAN/BRATS21/trainer.py:74: UserWarning: Epoch 249/500 43/500  loss: 0.3010  time 0.56s
  warnings.warn(
/home/karimimonsefi.1/SSL_VAN/BRATS21/trainer.py:74: UserWarning: Epoch 249/500 44/500  loss: 0.2999  time 0.52s
  warnings.warn(
/home/karimimonsefi.1/SSL_VAN/BRATS21/trainer.py:74: UserWarning: Epoch 249/500 45/500  loss: 0.2978  time 0.52s
  warnings.warn(
/home/karimimonsefi.1/SSL_VAN/BRATS21/trainer.py:74: UserWarning: Epoch 249/500 46/500  loss: 0.2978  time 0.53s
  warnings.warn(
/home/karimimonsefi.1/SSL_VAN/BRATS21/trainer.py:74: UserWarning: Epoch 249/500 47/500  loss: 0.2976  time 0.52s
  warnings.warn(
/home/karimimonsefi.1/SSL_VAN/BRATS21/trainer.py:74: UserWarning: Epoch 249/500 48/500  loss: 0.2949  time 0.53s
  warnings.warn(
/home/karimimonsefi.1/SSL_VAN/BRATS21/trainer.py:74: UserWarning: Epoch 249/500 49/500  loss: 0.2952  time 0.53s
  warnings.warn(
/home/karimimonsefi.1/SSL_VAN/BRATS21/trainer.py:74: UserWarning: Epoch 249/500 50/500  loss: 0.2976  time 0.53s
  warnings.warn(
/home/karimimonsefi.1/SSL_VAN/BRATS21/trainer.py:74: UserWarning: Epoch 249/500 51/500  loss: 0.2990  time 4.58s
  warnings.warn(
/home/karimimonsefi.1/SSL_VAN/BRATS21/trainer.py:74: UserWarning: Epoch 249/500 52/500  loss: 0.2985  time 0.56s
  warnings.warn(
/home/karimimonsefi.1/SSL_VAN/BRATS21/trainer.py:74: UserWarning: Epoch 249/500 53/500  loss: 0.2957  time 0.52s
  warnings.warn(
/home/karimimonsefi.1/SSL_VAN/BRATS21/trainer.py:74: UserWarning: Epoch 249/500 54/500  loss: 0.2948  time 0.52s
  warnings.warn(
/home/karimimonsefi.1/SSL_VAN/BRATS21/trainer.py:74: UserWarning: Epoch 249/500 55/500  loss: 0.2940  time 0.53s
  warnings.warn(
/home/karimimonsefi.1/SSL_VAN/BRATS21/trainer.py:74: UserWarning: Epoch 249/500 56/500  loss: 0.2944  time 0.53s
  warnings.warn(
/home/karimimonsefi.1/SSL_VAN/BRATS21/trainer.py:74: UserWarning: Epoch 249/500 57/500  loss: 0.2937  time 0.52s
  warnings.warn(
/home/karimimonsefi.1/SSL_VAN/BRATS21/trainer.py:74: UserWarning: Epoch 249/500 58/500  loss: 0.2909  time 0.53s
  warnings.warn(
/home/karimimonsefi.1/SSL_VAN/BRATS21/trainer.py:74: UserWarning: Epoch 249/500 59/500  loss: 0.2925  time 0.80s
  warnings.warn(
/home/karimimonsefi.1/SSL_VAN/BRATS21/trainer.py:74: UserWarning: Epoch 249/500 60/500  loss: 0.2914  time 0.53s
  warnings.warn(
/home/karimimonsefi.1/SSL_VAN/BRATS21/trainer.py:74: UserWarning: Epoch 249/500 61/500  loss: 0.2923  time 0.53s
  warnings.warn(
/home/karimimonsefi.1/SSL_VAN/BRATS21/trainer.py:74: UserWarning: Epoch 249/500 62/500  loss: 0.2930  time 0.53s
  warnings.warn(
/home/karimimonsefi.1/SSL_VAN/BRATS21/trainer.py:74: UserWarning: Epoch 249/500 63/500  loss: 0.2926  time 0.52s
  warnings.warn(
/home/karimimonsefi.1/SSL_VAN/BRATS21/trainer.py:74: UserWarning: Epoch 249/500 64/500  loss: 0.2915  time 0.53s
  warnings.warn(
/home/karimimonsefi.1/SSL_VAN/BRATS21/trainer.py:74: UserWarning: Epoch 249/500 65/500  loss: 0.2932  time 0.53s
  warnings.warn(
/home/karimimonsefi.1/SSL_VAN/BRATS21/trainer.py:74: UserWarning: Epoch 249/500 66/500  loss: 0.2932  time 0.75s
  warnings.warn(
/home/karimimonsefi.1/SSL_VAN/BRATS21/trainer.py:74: UserWarning: Epoch 249/500 67/500  loss: 0.2956  time 3.14s
  warnings.warn(
/home/karimimonsefi.1/SSL_VAN/BRATS21/trainer.py:74: UserWarning: Epoch 249/500 68/500  loss: 0.2948  time 0.52s
  warnings.warn(
/home/karimimonsefi.1/SSL_VAN/BRATS21/trainer.py:74: UserWarning: Epoch 249/500 69/500  loss: 0.2937  time 0.53s
  warnings.warn(
/home/karimimonsefi.1/SSL_VAN/BRATS21/trainer.py:74: UserWarning: Epoch 249/500 70/500  loss: 0.2946  time 0.99s
  warnings.warn(
/home/karimimonsefi.1/SSL_VAN/BRATS21/trainer.py:74: UserWarning: Epoch 249/500 71/500  loss: 0.2932  time 0.52s
  warnings.warn(
/home/karimimonsefi.1/SSL_VAN/BRATS21/trainer.py:74: UserWarning: Epoch 249/500 72/500  loss: 0.2942  time 0.52s
  warnings.warn(
/home/karimimonsefi.1/SSL_VAN/BRATS21/trainer.py:74: UserWarning: Epoch 249/500 73/500  loss: 0.2941  time 0.53s
  warnings.warn(
/home/karimimonsefi.1/SSL_VAN/BRATS21/trainer.py:74: UserWarning: Epoch 249/500 74/500  loss: 0.2946  time 0.53s
  warnings.warn(
/home/karimimonsefi.1/SSL_VAN/BRATS21/trainer.py:74: UserWarning: Epoch 249/500 75/500  loss: 0.2961  time 0.53s
  warnings.warn(
/home/karimimonsefi.1/SSL_VAN/BRATS21/trainer.py:74: UserWarning: Epoch 249/500 76/500  loss: 0.2952  time 0.53s
  warnings.warn(
/home/karimimonsefi.1/SSL_VAN/BRATS21/trainer.py:74: UserWarning: Epoch 249/500 77/500  loss: 0.2969  time 0.55s
  warnings.warn(
/home/karimimonsefi.1/SSL_VAN/BRATS21/trainer.py:74: UserWarning: Epoch 249/500 78/500  loss: 0.2983  time 0.53s
  warnings.warn(
/home/karimimonsefi.1/SSL_VAN/BRATS21/trainer.py:74: UserWarning: Epoch 249/500 79/500  loss: 0.2970  time 0.52s
  warnings.warn(
/home/karimimonsefi.1/SSL_VAN/BRATS21/trainer.py:74: UserWarning: Epoch 249/500 80/500  loss: 0.2978  time 0.52s
  warnings.warn(
/home/karimimonsefi.1/SSL_VAN/BRATS21/trainer.py:74: UserWarning: Epoch 249/500 81/500  loss: 0.2965  time 0.52s
  warnings.warn(
/home/karimimonsefi.1/SSL_VAN/BRATS21/trainer.py:74: UserWarning: Epoch 249/500 82/500  loss: 0.2961  time 0.52s
  warnings.warn(
/home/karimimonsefi.1/SSL_VAN/BRATS21/trainer.py:74: UserWarning: Epoch 249/500 83/500  loss: 0.2962  time 0.53s
  warnings.warn(
/home/karimimonsefi.1/SSL_VAN/BRATS21/trainer.py:74: UserWarning: Epoch 249/500 84/500  loss: 0.2983  time 0.54s
  warnings.warn(
/home/karimimonsefi.1/SSL_VAN/BRATS21/trainer.py:74: UserWarning: Epoch 249/500 85/500  loss: 0.2988  time 0.53s
  warnings.warn(
/home/karimimonsefi.1/SSL_VAN/BRATS21/trainer.py:74: UserWarning: Epoch 249/500 86/500  loss: 0.2967  time 0.53s
  warnings.warn(
/home/karimimonsefi.1/SSL_VAN/BRATS21/trainer.py:74: UserWarning: Epoch 249/500 87/500  loss: 0.2951  time 0.53s
  warnings.warn(
/home/karimimonsefi.1/SSL_VAN/BRATS21/trainer.py:74: UserWarning: Epoch 249/500 88/500  loss: 0.2942  time 0.53s
  warnings.warn(
/home/karimimonsefi.1/SSL_VAN/BRATS21/trainer.py:74: UserWarning: Epoch 249/500 89/500  loss: 0.2950  time 0.53s
  warnings.warn(
/home/karimimonsefi.1/SSL_VAN/BRATS21/trainer.py:74: UserWarning: Epoch 249/500 90/500  loss: 0.2941  time 2.24s
  warnings.warn(
/home/karimimonsefi.1/SSL_VAN/BRATS21/trainer.py:74: UserWarning: Epoch 249/500 91/500  loss: 0.2925  time 0.52s
  warnings.warn(
/home/karimimonsefi.1/SSL_VAN/BRATS21/trainer.py:74: UserWarning: Epoch 249/500 92/500  loss: 0.2920  time 0.52s
  warnings.warn(
/home/karimimonsefi.1/SSL_VAN/BRATS21/trainer.py:74: UserWarning: Epoch 249/500 93/500  loss: 0.2915  time 2.05s
  warnings.warn(
/home/karimimonsefi.1/SSL_VAN/BRATS21/trainer.py:74: UserWarning: Epoch 249/500 94/500  loss: 0.2914  time 0.53s
  warnings.warn(
/home/karimimonsefi.1/SSL_VAN/BRATS21/trainer.py:74: UserWarning: Epoch 249/500 95/500  loss: 0.2925  time 3.00s
  warnings.warn(
/home/karimimonsefi.1/SSL_VAN/BRATS21/trainer.py:74: UserWarning: Epoch 249/500 96/500  loss: 0.2953  time 0.53s
  warnings.warn(
/home/karimimonsefi.1/SSL_VAN/BRATS21/trainer.py:74: UserWarning: Epoch 249/500 97/500  loss: 0.2951  time 0.53s
  warnings.warn(
/home/karimimonsefi.1/SSL_VAN/BRATS21/trainer.py:74: UserWarning: Epoch 249/500 98/500  loss: 0.2949  time 0.53s
  warnings.warn(
/home/karimimonsefi.1/SSL_VAN/BRATS21/trainer.py:74: UserWarning: Epoch 249/500 99/500  loss: 0.2938  time 0.52s
  warnings.warn(
/home/karimimonsefi.1/SSL_VAN/BRATS21/trainer.py:74: UserWarning: Epoch 249/500 100/500  loss: 0.2947  time 0.52s
  warnings.warn(
/home/karimimonsefi.1/SSL_VAN/BRATS21/trainer.py:74: UserWarning: Epoch 249/500 101/500  loss: 0.2932  time 0.54s
  warnings.warn(
/home/karimimonsefi.1/SSL_VAN/BRATS21/trainer.py:74: UserWarning: Epoch 249/500 102/500  loss: 0.2915  time 0.53s
  warnings.warn(
/home/karimimonsefi.1/SSL_VAN/BRATS21/trainer.py:74: UserWarning: Epoch 249/500 103/500  loss: 0.2914  time 2.64s
  warnings.warn(
/home/karimimonsefi.1/SSL_VAN/BRATS21/trainer.py:74: UserWarning: Epoch 249/500 104/500  loss: 0.2931  time 0.53s
  warnings.warn(
/home/karimimonsefi.1/SSL_VAN/BRATS21/trainer.py:74: UserWarning: Epoch 249/500 105/500  loss: 0.2942  time 0.53s
  warnings.warn(
/home/karimimonsefi.1/SSL_VAN/BRATS21/trainer.py:74: UserWarning: Epoch 249/500 106/500  loss: 0.2933  time 0.53s
  warnings.warn(
/home/karimimonsefi.1/SSL_VAN/BRATS21/trainer.py:74: UserWarning: Epoch 249/500 107/500  loss: 0.2965  time 0.56s
  warnings.warn(
/home/karimimonsefi.1/SSL_VAN/BRATS21/trainer.py:74: UserWarning: Epoch 249/500 108/500  loss: 0.2970  time 0.53s
  warnings.warn(
/home/karimimonsefi.1/SSL_VAN/BRATS21/trainer.py:74: UserWarning: Epoch 249/500 109/500  loss: 0.2966  time 0.97s
  warnings.warn(
/home/karimimonsefi.1/SSL_VAN/BRATS21/trainer.py:74: UserWarning: Epoch 249/500 110/500  loss: 0.2955  time 0.53s
  warnings.warn(
/home/karimimonsefi.1/SSL_VAN/BRATS21/trainer.py:74: UserWarning: Epoch 249/500 111/500  loss: 0.2967  time 7.32s
  warnings.warn(
/home/karimimonsefi.1/SSL_VAN/BRATS21/trainer.py:74: UserWarning: Epoch 249/500 112/500  loss: 0.2973  time 0.56s
  warnings.warn(
/home/karimimonsefi.1/SSL_VAN/BRATS21/trainer.py:74: UserWarning: Epoch 249/500 113/500  loss: 0.2977  time 0.53s
  warnings.warn(
/home/karimimonsefi.1/SSL_VAN/BRATS21/trainer.py:74: UserWarning: Epoch 249/500 114/500  loss: 0.2994  time 0.56s
  warnings.warn(
/home/karimimonsefi.1/SSL_VAN/BRATS21/trainer.py:74: UserWarning: Epoch 249/500 115/500  loss: 0.2983  time 0.53s
  warnings.warn(
/home/karimimonsefi.1/SSL_VAN/BRATS21/trainer.py:74: UserWarning: Epoch 249/500 116/500  loss: 0.2990  time 0.53s
  warnings.warn(
/home/karimimonsefi.1/SSL_VAN/BRATS21/trainer.py:74: UserWarning: Epoch 249/500 117/500  loss: 0.2986  time 0.53s
  warnings.warn(
/home/karimimonsefi.1/SSL_VAN/BRATS21/trainer.py:74: UserWarning: Epoch 249/500 118/500  loss: 0.2976  time 0.53s
  warnings.warn(
/home/karimimonsefi.1/SSL_VAN/BRATS21/trainer.py:74: UserWarning: Epoch 249/500 119/500  loss: 0.2983  time 4.01s
  warnings.warn(
/home/karimimonsefi.1/SSL_VAN/BRATS21/trainer.py:74: UserWarning: Epoch 249/500 120/500  loss: 0.2986  time 0.53s
  warnings.warn(
/home/karimimonsefi.1/SSL_VAN/BRATS21/trainer.py:74: UserWarning: Epoch 249/500 121/500  loss: 0.2979  time 0.53s
  warnings.warn(
/home/karimimonsefi.1/SSL_VAN/BRATS21/trainer.py:74: UserWarning: Epoch 249/500 122/500  loss: 0.2997  time 0.53s
  warnings.warn(
/home/karimimonsefi.1/SSL_VAN/BRATS21/trainer.py:74: UserWarning: Epoch 249/500 123/500  loss: 0.2982  time 0.52s
  warnings.warn(
/home/karimimonsefi.1/SSL_VAN/BRATS21/trainer.py:74: UserWarning: Epoch 249/500 124/500  loss: 0.2981  time 0.52s
  warnings.warn(
/home/karimimonsefi.1/SSL_VAN/BRATS21/trainer.py:74: UserWarning: Epoch 249/500 125/500  loss: 0.2976  time 0.52s
  warnings.warn(
/home/karimimonsefi.1/SSL_VAN/BRATS21/trainer.py:74: UserWarning: Epoch 249/500 126/500  loss: 0.2980  time 0.53s
  warnings.warn(
/home/karimimonsefi.1/SSL_VAN/BRATS21/trainer.py:74: UserWarning: Epoch 249/500 127/500  loss: 0.2982  time 0.53s
  warnings.warn(
/home/karimimonsefi.1/SSL_VAN/BRATS21/trainer.py:74: UserWarning: Epoch 249/500 128/500  loss: 0.2982  time 0.52s
  warnings.warn(
/home/karimimonsefi.1/SSL_VAN/BRATS21/trainer.py:74: UserWarning: Epoch 249/500 129/500  loss: 0.2980  time 0.52s
  warnings.warn(
/home/karimimonsefi.1/SSL_VAN/BRATS21/trainer.py:74: UserWarning: Epoch 249/500 130/500  loss: 0.2983  time 0.53s
  warnings.warn(
/home/karimimonsefi.1/SSL_VAN/BRATS21/trainer.py:74: UserWarning: Epoch 249/500 131/500  loss: 0.2988  time 0.52s
  warnings.warn(
/home/karimimonsefi.1/SSL_VAN/BRATS21/trainer.py:74: UserWarning: Epoch 249/500 132/500  loss: 0.2990  time 0.53s
  warnings.warn(
/home/karimimonsefi.1/SSL_VAN/BRATS21/trainer.py:74: UserWarning: Epoch 249/500 133/500  loss: 0.2980  time 0.53s
  warnings.warn(
/home/karimimonsefi.1/SSL_VAN/BRATS21/trainer.py:74: UserWarning: Epoch 249/500 134/500  loss: 0.2975  time 0.53s
  warnings.warn(
/home/karimimonsefi.1/SSL_VAN/BRATS21/trainer.py:74: UserWarning: Epoch 249/500 135/500  loss: 0.2977  time 1.18s
  warnings.warn(
/home/karimimonsefi.1/SSL_VAN/BRATS21/trainer.py:74: UserWarning: Epoch 249/500 136/500  loss: 0.2989  time 0.53s
  warnings.warn(
/home/karimimonsefi.1/SSL_VAN/BRATS21/trainer.py:74: UserWarning: Epoch 249/500 137/500  loss: 0.2987  time 5.96s
  warnings.warn(
/home/karimimonsefi.1/SSL_VAN/BRATS21/trainer.py:74: UserWarning: Epoch 249/500 138/500  loss: 0.2981  time 0.52s
  warnings.warn(
/home/karimimonsefi.1/SSL_VAN/BRATS21/trainer.py:74: UserWarning: Epoch 249/500 139/500  loss: 0.2971  time 0.52s
  warnings.warn(
/home/karimimonsefi.1/SSL_VAN/BRATS21/trainer.py:74: UserWarning: Epoch 249/500 140/500  loss: 0.2959  time 0.52s
  warnings.warn(
/home/karimimonsefi.1/SSL_VAN/BRATS21/trainer.py:74: UserWarning: Epoch 249/500 141/500  loss: 0.2958  time 0.52s
  warnings.warn(
/home/karimimonsefi.1/SSL_VAN/BRATS21/trainer.py:74: UserWarning: Epoch 249/500 142/500  loss: 0.2956  time 0.53s
  warnings.warn(
/home/karimimonsefi.1/SSL_VAN/BRATS21/trainer.py:74: UserWarning: Epoch 249/500 143/500  loss: 0.2958  time 0.53s
  warnings.warn(
/home/karimimonsefi.1/SSL_VAN/BRATS21/trainer.py:74: UserWarning: Epoch 249/500 144/500  loss: 0.2945  time 0.53s
  warnings.warn(
/home/karimimonsefi.1/SSL_VAN/BRATS21/trainer.py:74: UserWarning: Epoch 249/500 145/500  loss: 0.2952  time 2.14s
  warnings.warn(
/home/karimimonsefi.1/SSL_VAN/BRATS21/trainer.py:74: UserWarning: Epoch 249/500 146/500  loss: 0.2947  time 0.53s
  warnings.warn(
/home/karimimonsefi.1/SSL_VAN/BRATS21/trainer.py:74: UserWarning: Epoch 249/500 147/500  loss: 0.2946  time 0.52s
  warnings.warn(
/home/karimimonsefi.1/SSL_VAN/BRATS21/trainer.py:74: UserWarning: Epoch 249/500 148/500  loss: 0.2939  time 0.56s
  warnings.warn(
/home/karimimonsefi.1/SSL_VAN/BRATS21/trainer.py:74: UserWarning: Epoch 249/500 149/500  loss: 0.2939  time 0.53s
  warnings.warn(
/home/karimimonsefi.1/SSL_VAN/BRATS21/trainer.py:74: UserWarning: Epoch 249/500 150/500  loss: 0.2941  time 0.53s
  warnings.warn(
/home/karimimonsefi.1/SSL_VAN/BRATS21/trainer.py:74: UserWarning: Epoch 249/500 151/500  loss: 0.2934  time 0.52s
  warnings.warn(
/home/karimimonsefi.1/SSL_VAN/BRATS21/trainer.py:74: UserWarning: Epoch 249/500 152/500  loss: 0.2943  time 0.54s
  warnings.warn(
/home/karimimonsefi.1/SSL_VAN/BRATS21/trainer.py:74: UserWarning: Epoch 249/500 153/500  loss: 0.2946  time 1.61s
  warnings.warn(
/home/karimimonsefi.1/SSL_VAN/BRATS21/trainer.py:74: UserWarning: Epoch 249/500 154/500  loss: 0.2942  time 0.53s
  warnings.warn(
/home/karimimonsefi.1/SSL_VAN/BRATS21/trainer.py:74: UserWarning: Epoch 249/500 155/500  loss: 0.2958  time 0.53s
  warnings.warn(
/home/karimimonsefi.1/SSL_VAN/BRATS21/trainer.py:74: UserWarning: Epoch 249/500 156/500  loss: 0.2957  time 0.52s
  warnings.warn(
/home/karimimonsefi.1/SSL_VAN/BRATS21/trainer.py:74: UserWarning: Epoch 249/500 157/500  loss: 0.2957  time 0.52s
  warnings.warn(
/home/karimimonsefi.1/SSL_VAN/BRATS21/trainer.py:74: UserWarning: Epoch 249/500 158/500  loss: 0.2946  time 0.53s
  warnings.warn(
/home/karimimonsefi.1/SSL_VAN/BRATS21/trainer.py:74: UserWarning: Epoch 249/500 159/500  loss: 0.2959  time 0.53s
  warnings.warn(
/home/karimimonsefi.1/SSL_VAN/BRATS21/trainer.py:74: UserWarning: Epoch 249/500 160/500  loss: 0.2947  time 0.53s
  warnings.warn(
/home/karimimonsefi.1/SSL_VAN/BRATS21/trainer.py:74: UserWarning: Epoch 249/500 161/500  loss: 0.2936  time 3.17s
  warnings.warn(
/home/karimimonsefi.1/SSL_VAN/BRATS21/trainer.py:74: UserWarning: Epoch 249/500 162/500  loss: 0.2933  time 0.52s
  warnings.warn(
/home/karimimonsefi.1/SSL_VAN/BRATS21/trainer.py:74: UserWarning: Epoch 249/500 163/500  loss: 0.2924  time 0.52s
  warnings.warn(
/home/karimimonsefi.1/SSL_VAN/BRATS21/trainer.py:74: UserWarning: Epoch 249/500 164/500  loss: 0.2926  time 0.52s
  warnings.warn(
/home/karimimonsefi.1/SSL_VAN/BRATS21/trainer.py:74: UserWarning: Epoch 249/500 165/500  loss: 0.2920  time 0.53s
  warnings.warn(
/home/karimimonsefi.1/SSL_VAN/BRATS21/trainer.py:74: UserWarning: Epoch 249/500 166/500  loss: 0.2917  time 0.53s
  warnings.warn(
/home/karimimonsefi.1/SSL_VAN/BRATS21/trainer.py:74: UserWarning: Epoch 249/500 167/500  loss: 0.2907  time 0.53s
  warnings.warn(
/home/karimimonsefi.1/SSL_VAN/BRATS21/trainer.py:74: UserWarning: Epoch 249/500 168/500  loss: 0.2906  time 0.53s
  warnings.warn(
/home/karimimonsefi.1/SSL_VAN/BRATS21/trainer.py:74: UserWarning: Epoch 249/500 169/500  loss: 0.2909  time 4.89s
  warnings.warn(
/home/karimimonsefi.1/SSL_VAN/BRATS21/trainer.py:74: UserWarning: Epoch 249/500 170/500  loss: 0.2912  time 0.53s
  warnings.warn(
/home/karimimonsefi.1/SSL_VAN/BRATS21/trainer.py:74: UserWarning: Epoch 249/500 171/500  loss: 0.2910  time 0.53s
  warnings.warn(
/home/karimimonsefi.1/SSL_VAN/BRATS21/trainer.py:74: UserWarning: Epoch 249/500 172/500  loss: 0.2907  time 0.53s
  warnings.warn(
/home/karimimonsefi.1/SSL_VAN/BRATS21/trainer.py:74: UserWarning: Epoch 249/500 173/500  loss: 0.2910  time 0.52s
  warnings.warn(
/home/karimimonsefi.1/SSL_VAN/BRATS21/trainer.py:74: UserWarning: Epoch 249/500 174/500  loss: 0.2903  time 0.53s
  warnings.warn(
/home/karimimonsefi.1/SSL_VAN/BRATS21/trainer.py:74: UserWarning: Epoch 249/500 175/500  loss: 0.2900  time 0.53s
  warnings.warn(
/home/karimimonsefi.1/SSL_VAN/BRATS21/trainer.py:74: UserWarning: Epoch 249/500 176/500  loss: 0.2896  time 0.53s
  warnings.warn(
/home/karimimonsefi.1/SSL_VAN/BRATS21/trainer.py:74: UserWarning: Epoch 249/500 177/500  loss: 0.2899  time 2.63s
  warnings.warn(
/home/karimimonsefi.1/SSL_VAN/BRATS21/trainer.py:74: UserWarning: Epoch 249/500 178/500  loss: 0.2890  time 0.52s
  warnings.warn(
/home/karimimonsefi.1/SSL_VAN/BRATS21/trainer.py:74: UserWarning: Epoch 249/500 179/500  loss: 0.2891  time 0.52s
  warnings.warn(
/home/karimimonsefi.1/SSL_VAN/BRATS21/trainer.py:74: UserWarning: Epoch 249/500 180/500  loss: 0.2897  time 0.53s
  warnings.warn(
/home/karimimonsefi.1/SSL_VAN/BRATS21/trainer.py:74: UserWarning: Epoch 249/500 181/500  loss: 0.2890  time 0.52s
  warnings.warn(
/home/karimimonsefi.1/SSL_VAN/BRATS21/trainer.py:74: UserWarning: Epoch 249/500 182/500  loss: 0.2891  time 0.52s
  warnings.warn(
/home/karimimonsefi.1/SSL_VAN/BRATS21/trainer.py:74: UserWarning: Epoch 249/500 183/500  loss: 0.2892  time 4.18s
  warnings.warn(
/home/karimimonsefi.1/SSL_VAN/BRATS21/trainer.py:74: UserWarning: Epoch 249/500 184/500  loss: 0.2893  time 0.53s
  warnings.warn(
/home/karimimonsefi.1/SSL_VAN/BRATS21/trainer.py:74: UserWarning: Epoch 249/500 185/500  loss: 0.2890  time 5.23s
  warnings.warn(
/home/karimimonsefi.1/SSL_VAN/BRATS21/trainer.py:74: UserWarning: Epoch 249/500 186/500  loss: 0.2885  time 0.53s
  warnings.warn(
/home/karimimonsefi.1/SSL_VAN/BRATS21/trainer.py:74: UserWarning: Epoch 249/500 187/500  loss: 0.2887  time 0.52s
  warnings.warn(
/home/karimimonsefi.1/SSL_VAN/BRATS21/trainer.py:74: UserWarning: Epoch 249/500 188/500  loss: 0.2882  time 0.52s
  warnings.warn(
/home/karimimonsefi.1/SSL_VAN/BRATS21/trainer.py:74: UserWarning: Epoch 249/500 189/500  loss: 0.2893  time 0.53s
  warnings.warn(
/home/karimimonsefi.1/SSL_VAN/BRATS21/trainer.py:74: UserWarning: Epoch 249/500 190/500  loss: 0.2898  time 0.52s
  warnings.warn(
/home/karimimonsefi.1/SSL_VAN/BRATS21/trainer.py:74: UserWarning: Epoch 249/500 191/500  loss: 0.2892  time 0.52s
  warnings.warn(
/home/karimimonsefi.1/SSL_VAN/BRATS21/trainer.py:74: UserWarning: Epoch 249/500 192/500  loss: 0.2885  time 0.52s
  warnings.warn(
/home/karimimonsefi.1/SSL_VAN/BRATS21/trainer.py:74: UserWarning: Epoch 249/500 193/500  loss: 0.2880  time 3.73s
  warnings.warn(
/home/karimimonsefi.1/SSL_VAN/BRATS21/trainer.py:74: UserWarning: Epoch 249/500 194/500  loss: 0.2885  time 0.53s
  warnings.warn(
/home/karimimonsefi.1/SSL_VAN/BRATS21/trainer.py:74: UserWarning: Epoch 249/500 195/500  loss: 0.2885  time 0.53s
  warnings.warn(
/home/karimimonsefi.1/SSL_VAN/BRATS21/trainer.py:74: UserWarning: Epoch 249/500 196/500  loss: 0.2884  time 0.52s
  warnings.warn(
/home/karimimonsefi.1/SSL_VAN/BRATS21/trainer.py:74: UserWarning: Epoch 249/500 197/500  loss: 0.2883  time 0.53s
  warnings.warn(
/home/karimimonsefi.1/SSL_VAN/BRATS21/trainer.py:74: UserWarning: Epoch 249/500 198/500  loss: 0.2887  time 0.53s
  warnings.warn(
/home/karimimonsefi.1/SSL_VAN/BRATS21/trainer.py:74: UserWarning: Epoch 249/500 199/500  loss: 0.2883  time 0.53s
  warnings.warn(
/home/karimimonsefi.1/SSL_VAN/BRATS21/trainer.py:74: UserWarning: Epoch 249/500 200/500  loss: 0.2887  time 0.52s
  warnings.warn(
/home/karimimonsefi.1/SSL_VAN/BRATS21/trainer.py:74: UserWarning: Epoch 249/500 201/500  loss: 0.2886  time 1.67s
  warnings.warn(
/home/karimimonsefi.1/SSL_VAN/BRATS21/trainer.py:74: UserWarning: Epoch 249/500 202/500  loss: 0.2891  time 0.52s
  warnings.warn(
/home/karimimonsefi.1/SSL_VAN/BRATS21/trainer.py:74: UserWarning: Epoch 249/500 203/500  loss: 0.2891  time 0.52s
  warnings.warn(
/home/karimimonsefi.1/SSL_VAN/BRATS21/trainer.py:74: UserWarning: Epoch 249/500 204/500  loss: 0.2888  time 0.56s
  warnings.warn(
/home/karimimonsefi.1/SSL_VAN/BRATS21/trainer.py:74: UserWarning: Epoch 249/500 205/500  loss: 0.2881  time 1.02s
  warnings.warn(
/home/karimimonsefi.1/SSL_VAN/BRATS21/trainer.py:74: UserWarning: Epoch 249/500 206/500  loss: 0.2883  time 0.53s
  warnings.warn(
/home/karimimonsefi.1/SSL_VAN/BRATS21/trainer.py:74: UserWarning: Epoch 249/500 207/500  loss: 0.2879  time 0.52s
  warnings.warn(
/home/karimimonsefi.1/SSL_VAN/BRATS21/trainer.py:74: UserWarning: Epoch 249/500 208/500  loss: 0.2880  time 0.53s
  warnings.warn(
/home/karimimonsefi.1/SSL_VAN/BRATS21/trainer.py:74: UserWarning: Epoch 249/500 209/500  loss: 0.2873  time 2.15s
  warnings.warn(
/home/karimimonsefi.1/SSL_VAN/BRATS21/trainer.py:74: UserWarning: Epoch 249/500 210/500  loss: 0.2869  time 0.52s
  warnings.warn(
/home/karimimonsefi.1/SSL_VAN/BRATS21/trainer.py:74: UserWarning: Epoch 249/500 211/500  loss: 0.2862  time 0.52s
  warnings.warn(
/home/karimimonsefi.1/SSL_VAN/BRATS21/trainer.py:74: UserWarning: Epoch 249/500 212/500  loss: 0.2872  time 0.52s
  warnings.warn(
/home/karimimonsefi.1/SSL_VAN/BRATS21/trainer.py:74: UserWarning: Epoch 249/500 213/500  loss: 0.2869  time 3.24s
  warnings.warn(
/home/karimimonsefi.1/SSL_VAN/BRATS21/trainer.py:74: UserWarning: Epoch 249/500 214/500  loss: 0.2864  time 0.52s
  warnings.warn(
/home/karimimonsefi.1/SSL_VAN/BRATS21/trainer.py:74: UserWarning: Epoch 249/500 215/500  loss: 0.2859  time 0.52s
  warnings.warn(
/home/karimimonsefi.1/SSL_VAN/BRATS21/trainer.py:74: UserWarning: Epoch 249/500 216/500  loss: 0.2861  time 0.53s
  warnings.warn(
/home/karimimonsefi.1/SSL_VAN/BRATS21/trainer.py:74: UserWarning: Epoch 249/500 217/500  loss: 0.2856  time 0.52s
  warnings.warn(
/home/karimimonsefi.1/SSL_VAN/BRATS21/trainer.py:74: UserWarning: Epoch 249/500 218/500  loss: 0.2860  time 0.53s
  warnings.warn(
/home/karimimonsefi.1/SSL_VAN/BRATS21/trainer.py:74: UserWarning: Epoch 249/500 219/500  loss: 0.2855  time 0.53s
  warnings.warn(
/home/karimimonsefi.1/SSL_VAN/BRATS21/trainer.py:74: UserWarning: Epoch 249/500 220/500  loss: 0.2866  time 0.55s
  warnings.warn(
/home/karimimonsefi.1/SSL_VAN/BRATS21/trainer.py:74: UserWarning: Epoch 249/500 221/500  loss: 0.2863  time 4.74s
  warnings.warn(
/home/karimimonsefi.1/SSL_VAN/BRATS21/trainer.py:74: UserWarning: Epoch 249/500 222/500  loss: 0.2872  time 0.53s
  warnings.warn(
/home/karimimonsefi.1/SSL_VAN/BRATS21/trainer.py:74: UserWarning: Epoch 249/500 223/500  loss: 0.2870  time 0.53s
  warnings.warn(
/home/karimimonsefi.1/SSL_VAN/BRATS21/trainer.py:74: UserWarning: Epoch 249/500 224/500  loss: 0.2872  time 0.53s
  warnings.warn(
/home/karimimonsefi.1/SSL_VAN/BRATS21/trainer.py:74: UserWarning: Epoch 249/500 225/500  loss: 0.2873  time 0.52s
  warnings.warn(
/home/karimimonsefi.1/SSL_VAN/BRATS21/trainer.py:74: UserWarning: Epoch 249/500 226/500  loss: 0.2875  time 0.53s
  warnings.warn(
/home/karimimonsefi.1/SSL_VAN/BRATS21/trainer.py:74: UserWarning: Epoch 249/500 227/500  loss: 0.2877  time 0.53s
  warnings.warn(
/home/karimimonsefi.1/SSL_VAN/BRATS21/trainer.py:74: UserWarning: Epoch 249/500 228/500  loss: 0.2890  time 0.53s
  warnings.warn(
/home/karimimonsefi.1/SSL_VAN/BRATS21/trainer.py:74: UserWarning: Epoch 249/500 229/500  loss: 0.2893  time 4.57s
  warnings.warn(
/home/karimimonsefi.1/SSL_VAN/BRATS21/trainer.py:74: UserWarning: Epoch 249/500 230/500  loss: 0.2888  time 0.52s
  warnings.warn(
/home/karimimonsefi.1/SSL_VAN/BRATS21/trainer.py:74: UserWarning: Epoch 249/500 231/500  loss: 0.2894  time 0.53s
  warnings.warn(
/home/karimimonsefi.1/SSL_VAN/BRATS21/trainer.py:74: UserWarning: Epoch 249/500 232/500  loss: 0.2889  time 0.53s
  warnings.warn(
/home/karimimonsefi.1/SSL_VAN/BRATS21/trainer.py:74: UserWarning: Epoch 249/500 233/500  loss: 0.2883  time 0.52s
  warnings.warn(
/home/karimimonsefi.1/SSL_VAN/BRATS21/trainer.py:74: UserWarning: Epoch 249/500 234/500  loss: 0.2885  time 0.53s
  warnings.warn(
/home/karimimonsefi.1/SSL_VAN/BRATS21/trainer.py:74: UserWarning: Epoch 249/500 235/500  loss: 0.2882  time 0.53s
  warnings.warn(
/home/karimimonsefi.1/SSL_VAN/BRATS21/trainer.py:74: UserWarning: Epoch 249/500 236/500  loss: 0.2879  time 0.52s
  warnings.warn(
/home/karimimonsefi.1/SSL_VAN/BRATS21/trainer.py:74: UserWarning: Epoch 249/500 237/500  loss: 0.2879  time 3.08s
  warnings.warn(
/home/karimimonsefi.1/SSL_VAN/BRATS21/trainer.py:74: UserWarning: Epoch 249/500 238/500  loss: 0.2875  time 0.55s
  warnings.warn(
/home/karimimonsefi.1/SSL_VAN/BRATS21/trainer.py:74: UserWarning: Epoch 249/500 239/500  loss: 0.2874  time 0.52s
  warnings.warn(
/home/karimimonsefi.1/SSL_VAN/BRATS21/trainer.py:74: UserWarning: Epoch 249/500 240/500  loss: 0.2866  time 0.53s
  warnings.warn(
/home/karimimonsefi.1/SSL_VAN/BRATS21/trainer.py:74: UserWarning: Epoch 249/500 241/500  loss: 0.2871  time 0.52s
  warnings.warn(
/home/karimimonsefi.1/SSL_VAN/BRATS21/trainer.py:74: UserWarning: Epoch 249/500 242/500  loss: 0.2873  time 0.52s
  warnings.warn(
/home/karimimonsefi.1/SSL_VAN/BRATS21/trainer.py:74: UserWarning: Epoch 249/500 243/500  loss: 0.2880  time 1.07s
  warnings.warn(
/home/karimimonsefi.1/SSL_VAN/BRATS21/trainer.py:74: UserWarning: Epoch 249/500 244/500  loss: 0.2885  time 0.52s
  warnings.warn(
/home/karimimonsefi.1/SSL_VAN/BRATS21/trainer.py:74: UserWarning: Epoch 249/500 245/500  loss: 0.2888  time 1.74s
  warnings.warn(
/home/karimimonsefi.1/SSL_VAN/BRATS21/trainer.py:74: UserWarning: Epoch 249/500 246/500  loss: 0.2890  time 0.53s
  warnings.warn(
/home/karimimonsefi.1/SSL_VAN/BRATS21/trainer.py:74: UserWarning: Epoch 249/500 247/500  loss: 0.2885  time 0.52s
  warnings.warn(
/home/karimimonsefi.1/SSL_VAN/BRATS21/trainer.py:74: UserWarning: Epoch 249/500 248/500  loss: 0.2883  time 0.53s
  warnings.warn(
/home/karimimonsefi.1/SSL_VAN/BRATS21/trainer.py:74: UserWarning: Epoch 249/500 249/500  loss: 0.2892  time 0.53s
  warnings.warn(
/home/karimimonsefi.1/SSL_VAN/BRATS21/trainer.py:74: UserWarning: Epoch 249/500 250/500  loss: 0.2885  time 0.53s
  warnings.warn(
/home/karimimonsefi.1/SSL_VAN/BRATS21/trainer.py:74: UserWarning: Epoch 249/500 251/500  loss: 0.2885  time 0.75s
  warnings.warn(
/home/karimimonsefi.1/SSL_VAN/BRATS21/trainer.py:74: UserWarning: Epoch 249/500 252/500  loss: 0.2880  time 3.45s
  warnings.warn(
/home/karimimonsefi.1/SSL_VAN/BRATS21/trainer.py:74: UserWarning: Epoch 249/500 253/500  loss: 0.2872  time 3.15s
  warnings.warn(
/home/karimimonsefi.1/SSL_VAN/BRATS21/trainer.py:74: UserWarning: Epoch 249/500 254/500  loss: 0.2875  time 0.53s
  warnings.warn(
/home/karimimonsefi.1/SSL_VAN/BRATS21/trainer.py:74: UserWarning: Epoch 249/500 255/500  loss: 0.2876  time 0.52s
  warnings.warn(
/home/karimimonsefi.1/SSL_VAN/BRATS21/trainer.py:74: UserWarning: Epoch 249/500 256/500  loss: 0.2873  time 0.52s
  warnings.warn(
/home/karimimonsefi.1/SSL_VAN/BRATS21/trainer.py:74: UserWarning: Epoch 249/500 257/500  loss: 0.2867  time 0.53s
  warnings.warn(
/home/karimimonsefi.1/SSL_VAN/BRATS21/trainer.py:74: UserWarning: Epoch 249/500 258/500  loss: 0.2868  time 0.53s
  warnings.warn(
/home/karimimonsefi.1/SSL_VAN/BRATS21/trainer.py:74: UserWarning: Epoch 249/500 259/500  loss: 0.2871  time 0.52s
  warnings.warn(
/home/karimimonsefi.1/SSL_VAN/BRATS21/trainer.py:74: UserWarning: Epoch 249/500 260/500  loss: 0.2870  time 4.22s
  warnings.warn(
/home/karimimonsefi.1/SSL_VAN/BRATS21/trainer.py:74: UserWarning: Epoch 249/500 261/500  loss: 0.2874  time 0.52s
  warnings.warn(
/home/karimimonsefi.1/SSL_VAN/BRATS21/trainer.py:74: UserWarning: Epoch 249/500 262/500  loss: 0.2873  time 0.52s
  warnings.warn(
/home/karimimonsefi.1/SSL_VAN/BRATS21/trainer.py:74: UserWarning: Epoch 249/500 263/500  loss: 0.2869  time 0.53s
  warnings.warn(
/home/karimimonsefi.1/SSL_VAN/BRATS21/trainer.py:74: UserWarning: Epoch 249/500 264/500  loss: 0.2863  time 0.52s
  warnings.warn(
/home/karimimonsefi.1/SSL_VAN/BRATS21/trainer.py:74: UserWarning: Epoch 249/500 265/500  loss: 0.2865  time 0.53s
  warnings.warn(
/home/karimimonsefi.1/SSL_VAN/BRATS21/trainer.py:74: UserWarning: Epoch 249/500 266/500  loss: 0.2864  time 0.53s
  warnings.warn(
/home/karimimonsefi.1/SSL_VAN/BRATS21/trainer.py:74: UserWarning: Epoch 249/500 267/500  loss: 0.2862  time 0.53s
  warnings.warn(
/home/karimimonsefi.1/SSL_VAN/BRATS21/trainer.py:74: UserWarning: Epoch 249/500 268/500  loss: 0.2856  time 5.80s
  warnings.warn(
/home/karimimonsefi.1/SSL_VAN/BRATS21/trainer.py:74: UserWarning: Epoch 249/500 269/500  loss: 0.2858  time 0.52s
  warnings.warn(
/home/karimimonsefi.1/SSL_VAN/BRATS21/trainer.py:74: UserWarning: Epoch 249/500 270/500  loss: 0.2859  time 0.52s
  warnings.warn(
/home/karimimonsefi.1/SSL_VAN/BRATS21/trainer.py:74: UserWarning: Epoch 249/500 271/500  loss: 0.2858  time 0.52s
  warnings.warn(
/home/karimimonsefi.1/SSL_VAN/BRATS21/trainer.py:74: UserWarning: Epoch 249/500 272/500  loss: 0.2856  time 0.53s
  warnings.warn(
/home/karimimonsefi.1/SSL_VAN/BRATS21/trainer.py:74: UserWarning: Epoch 249/500 273/500  loss: 0.2850  time 0.52s
  warnings.warn(
/home/karimimonsefi.1/SSL_VAN/BRATS21/trainer.py:74: UserWarning: Epoch 249/500 274/500  loss: 0.2854  time 0.53s
  warnings.warn(
/home/karimimonsefi.1/SSL_VAN/BRATS21/trainer.py:74: UserWarning: Epoch 249/500 275/500  loss: 0.2857  time 0.53s
  warnings.warn(
/home/karimimonsefi.1/SSL_VAN/BRATS21/trainer.py:74: UserWarning: Epoch 249/500 276/500  loss: 0.2867  time 0.52s
  warnings.warn(
/home/karimimonsefi.1/SSL_VAN/BRATS21/trainer.py:74: UserWarning: Epoch 249/500 277/500  loss: 0.2871  time 0.52s
  warnings.warn(
/home/karimimonsefi.1/SSL_VAN/BRATS21/trainer.py:74: UserWarning: Epoch 249/500 278/500  loss: 0.2872  time 0.52s
  warnings.warn(
/home/karimimonsefi.1/SSL_VAN/BRATS21/trainer.py:74: UserWarning: Epoch 249/500 279/500  loss: 0.2877  time 0.52s
  warnings.warn(
/home/karimimonsefi.1/SSL_VAN/BRATS21/trainer.py:74: UserWarning: Epoch 249/500 280/500  loss: 0.2871  time 0.52s
  warnings.warn(
/home/karimimonsefi.1/SSL_VAN/BRATS21/trainer.py:74: UserWarning: Epoch 249/500 281/500  loss: 0.2870  time 0.52s
  warnings.warn(
/home/karimimonsefi.1/SSL_VAN/BRATS21/trainer.py:74: UserWarning: Epoch 249/500 282/500  loss: 0.2871  time 0.53s
  warnings.warn(
/home/karimimonsefi.1/SSL_VAN/BRATS21/trainer.py:74: UserWarning: Epoch 249/500 283/500  loss: 0.2867  time 0.52s
  warnings.warn(
/home/karimimonsefi.1/SSL_VAN/BRATS21/trainer.py:74: UserWarning: Epoch 249/500 284/500  loss: 0.2861  time 0.53s
  warnings.warn(
/home/karimimonsefi.1/SSL_VAN/BRATS21/trainer.py:74: UserWarning: Epoch 249/500 285/500  loss: 0.2877  time 0.52s
  warnings.warn(
/home/karimimonsefi.1/SSL_VAN/BRATS21/trainer.py:74: UserWarning: Epoch 249/500 286/500  loss: 0.2882  time 0.53s
  warnings.warn(
/home/karimimonsefi.1/SSL_VAN/BRATS21/trainer.py:74: UserWarning: Epoch 249/500 287/500  loss: 0.2883  time 0.52s
  warnings.warn(
/home/karimimonsefi.1/SSL_VAN/BRATS21/trainer.py:74: UserWarning: Epoch 249/500 288/500  loss: 0.2877  time 0.53s
  warnings.warn(
/home/karimimonsefi.1/SSL_VAN/BRATS21/trainer.py:74: UserWarning: Epoch 249/500 289/500  loss: 0.2874  time 0.54s
  warnings.warn(
/home/karimimonsefi.1/SSL_VAN/BRATS21/trainer.py:74: UserWarning: Epoch 249/500 290/500  loss: 0.2871  time 0.55s
  warnings.warn(
/home/karimimonsefi.1/SSL_VAN/BRATS21/trainer.py:74: UserWarning: Epoch 249/500 291/500  loss: 0.2876  time 0.53s
  warnings.warn(
/home/karimimonsefi.1/SSL_VAN/BRATS21/trainer.py:74: UserWarning: Epoch 249/500 292/500  loss: 0.2880  time 0.54s
  warnings.warn(
/home/karimimonsefi.1/SSL_VAN/BRATS21/trainer.py:74: UserWarning: Epoch 249/500 293/500  loss: 0.2874  time 1.57s
  warnings.warn(
/home/karimimonsefi.1/SSL_VAN/BRATS21/trainer.py:74: UserWarning: Epoch 249/500 294/500  loss: 0.2874  time 0.53s
  warnings.warn(
/home/karimimonsefi.1/SSL_VAN/BRATS21/trainer.py:74: UserWarning: Epoch 249/500 295/500  loss: 0.2871  time 0.52s
  warnings.warn(
/home/karimimonsefi.1/SSL_VAN/BRATS21/trainer.py:74: UserWarning: Epoch 249/500 296/500  loss: 0.2867  time 2.54s
  warnings.warn(
/home/karimimonsefi.1/SSL_VAN/BRATS21/trainer.py:74: UserWarning: Epoch 249/500 297/500  loss: 0.2868  time 5.68s
  warnings.warn(
/home/karimimonsefi.1/SSL_VAN/BRATS21/trainer.py:74: UserWarning: Epoch 249/500 298/500  loss: 0.2880  time 0.52s
  warnings.warn(
/home/karimimonsefi.1/SSL_VAN/BRATS21/trainer.py:74: UserWarning: Epoch 249/500 299/500  loss: 0.2879  time 0.56s
  warnings.warn(
/home/karimimonsefi.1/SSL_VAN/BRATS21/trainer.py:74: UserWarning: Epoch 249/500 300/500  loss: 0.2875  time 0.52s
  warnings.warn(
/home/karimimonsefi.1/SSL_VAN/BRATS21/trainer.py:74: UserWarning: Epoch 249/500 301/500  loss: 0.2873  time 0.52s
  warnings.warn(
/home/karimimonsefi.1/SSL_VAN/BRATS21/trainer.py:74: UserWarning: Epoch 249/500 302/500  loss: 0.2873  time 0.53s
  warnings.warn(
/home/karimimonsefi.1/SSL_VAN/BRATS21/trainer.py:74: UserWarning: Epoch 249/500 303/500  loss: 0.2868  time 0.52s
  warnings.warn(
/home/karimimonsefi.1/SSL_VAN/BRATS21/trainer.py:74: UserWarning: Epoch 249/500 304/500  loss: 0.2867  time 0.52s
  warnings.warn(
/home/karimimonsefi.1/SSL_VAN/BRATS21/trainer.py:74: UserWarning: Epoch 249/500 305/500  loss: 0.2867  time 3.23s
  warnings.warn(
/home/karimimonsefi.1/SSL_VAN/BRATS21/trainer.py:74: UserWarning: Epoch 249/500 306/500  loss: 0.2861  time 0.52s
  warnings.warn(
/home/karimimonsefi.1/SSL_VAN/BRATS21/trainer.py:74: UserWarning: Epoch 249/500 307/500  loss: 0.2859  time 0.52s
  warnings.warn(
/home/karimimonsefi.1/SSL_VAN/BRATS21/trainer.py:74: UserWarning: Epoch 249/500 308/500  loss: 0.2858  time 0.52s
  warnings.warn(
/home/karimimonsefi.1/SSL_VAN/BRATS21/trainer.py:74: UserWarning: Epoch 249/500 309/500  loss: 0.2864  time 0.52s
  warnings.warn(
/home/karimimonsefi.1/SSL_VAN/BRATS21/trainer.py:74: UserWarning: Epoch 249/500 310/500  loss: 0.2861  time 0.56s
  warnings.warn(
/home/karimimonsefi.1/SSL_VAN/BRATS21/trainer.py:74: UserWarning: Epoch 249/500 311/500  loss: 0.2858  time 0.52s
  warnings.warn(
/home/karimimonsefi.1/SSL_VAN/BRATS21/trainer.py:74: UserWarning: Epoch 249/500 312/500  loss: 0.2858  time 0.52s
  warnings.warn(
/home/karimimonsefi.1/SSL_VAN/BRATS21/trainer.py:74: UserWarning: Epoch 249/500 313/500  loss: 0.2859  time 1.22s
  warnings.warn(
/home/karimimonsefi.1/SSL_VAN/BRATS21/trainer.py:74: UserWarning: Epoch 249/500 314/500  loss: 0.2855  time 0.52s
  warnings.warn(
/home/karimimonsefi.1/SSL_VAN/BRATS21/trainer.py:74: UserWarning: Epoch 249/500 315/500  loss: 0.2856  time 0.52s
  warnings.warn(
/home/karimimonsefi.1/SSL_VAN/BRATS21/trainer.py:74: UserWarning: Epoch 249/500 316/500  loss: 0.2855  time 0.52s
  warnings.warn(
/home/karimimonsefi.1/SSL_VAN/BRATS21/trainer.py:74: UserWarning: Epoch 249/500 317/500  loss: 0.2852  time 0.52s
  warnings.warn(
/home/karimimonsefi.1/SSL_VAN/BRATS21/trainer.py:74: UserWarning: Epoch 249/500 318/500  loss: 0.2856  time 0.52s
  warnings.warn(
/home/karimimonsefi.1/SSL_VAN/BRATS21/trainer.py:74: UserWarning: Epoch 249/500 319/500  loss: 0.2855  time 2.67s
  warnings.warn(
/home/karimimonsefi.1/SSL_VAN/BRATS21/trainer.py:74: UserWarning: Epoch 249/500 320/500  loss: 0.2857  time 0.52s
  warnings.warn(
/home/karimimonsefi.1/SSL_VAN/BRATS21/trainer.py:74: UserWarning: Epoch 249/500 321/500  loss: 0.2852  time 1.26s
  warnings.warn(
/home/karimimonsefi.1/SSL_VAN/BRATS21/trainer.py:74: UserWarning: Epoch 249/500 322/500  loss: 0.2850  time 0.53s
  warnings.warn(
/home/karimimonsefi.1/SSL_VAN/BRATS21/trainer.py:74: UserWarning: Epoch 249/500 323/500  loss: 0.2848  time 0.53s
  warnings.warn(
/home/karimimonsefi.1/SSL_VAN/BRATS21/trainer.py:74: UserWarning: Epoch 249/500 324/500  loss: 0.2848  time 0.53s
  warnings.warn(
/home/karimimonsefi.1/SSL_VAN/BRATS21/trainer.py:74: UserWarning: Epoch 249/500 325/500  loss: 0.2846  time 0.52s
  warnings.warn(
/home/karimimonsefi.1/SSL_VAN/BRATS21/trainer.py:74: UserWarning: Epoch 249/500 326/500  loss: 0.2848  time 0.53s
  warnings.warn(
/home/karimimonsefi.1/SSL_VAN/BRATS21/trainer.py:74: UserWarning: Epoch 249/500 327/500  loss: 0.2850  time 2.79s
  warnings.warn(
/home/karimimonsefi.1/SSL_VAN/BRATS21/trainer.py:74: UserWarning: Epoch 249/500 328/500  loss: 0.2850  time 0.53s
  warnings.warn(
/home/karimimonsefi.1/SSL_VAN/BRATS21/trainer.py:74: UserWarning: Epoch 249/500 329/500  loss: 0.2847  time 0.53s
  warnings.warn(
/home/karimimonsefi.1/SSL_VAN/BRATS21/trainer.py:74: UserWarning: Epoch 249/500 330/500  loss: 0.2849  time 0.52s
  warnings.warn(
/home/karimimonsefi.1/SSL_VAN/BRATS21/trainer.py:74: UserWarning: Epoch 249/500 331/500  loss: 0.2844  time 0.53s
  warnings.warn(
/home/karimimonsefi.1/SSL_VAN/BRATS21/trainer.py:74: UserWarning: Epoch 249/500 332/500  loss: 0.2848  time 0.52s
  warnings.warn(
/home/karimimonsefi.1/SSL_VAN/BRATS21/trainer.py:74: UserWarning: Epoch 249/500 333/500  loss: 0.2845  time 0.68s
  warnings.warn(
/home/karimimonsefi.1/SSL_VAN/BRATS21/trainer.py:74: UserWarning: Epoch 249/500 334/500  loss: 0.2846  time 0.53s
  warnings.warn(
