/var/spool/slurmd/job33436/slurm_script: line 10: cd: SSL_VAN: No such file or directory

----------------------------------------------------------------------------
  cuda:
----------------------------------------------------------------------------
     Versions:
        cuda/10.2
        cuda/11.0
        cuda/11.2
        cuda/11.3
        cuda/11.4
        cuda/11.5
        cuda/11.6
        cuda/12.0

----------------------------------------------------------------------------
  For detailed information about a specific "cuda" package (including how to load the modules) use the module's full name.
  Note that names that have a trailing (E) are extensions provided by other modules.
  For example:

     $ module spider cuda/12.0
----------------------------------------------------------------------------

 


CommandNotFoundError: Your shell has not been properly configured to use 'conda activate'.
To initialize your shell, run

    $ conda init <SHELL_NAME>

Currently supported shells are:
  - bash
  - fish
  - tcsh
  - xonsh
  - zsh
  - powershell

See 'conda init --help' for more information and options.

IMPORTANT: You may need to close and restart your shell after running 'conda init'.


/home/karimimonsefi.1/miniconda3/lib/python3.9/site-packages/mmcv/__init__.py:20: UserWarning: On January 1, 2023, MMCV will release v2.0.0, in which it will remove components related to the training process and add a data transformation module. In addition, it will rename the package names mmcv to mmcv-lite and mmcv-full to mmcv. See https://github.com/open-mmlab/mmcv/blob/master/docs/en/compatibility.md for more details.
  warnings.warn(
/home/karimimonsefi.1/SSL_VAN/BTCV/main.py:119: UserWarning: 0 gpu 0
  warnings.warn(f"{args.rank} gpu {args.gpu}")
/home/karimimonsefi.1/SSL_VAN/BTCV/main.py:121: UserWarning: Batch size is: 2 epochs 5000
  warnings.warn(f"Batch size is: {args.batch_size} epochs {args.max_epochs}")
/home/karimimonsefi.1/miniconda3/lib/python3.9/site-packages/monai/transforms/post/array.py:176: UserWarning: `to_onehot=True/False` is deprecated, please use `to_onehot=num_classes` instead.
  warnings.warn("`to_onehot=True/False` is deprecated, please use `to_onehot=num_classes` instead.")
/home/karimimonsefi.1/SSL_VAN/BTCV/main.py:192: UserWarning: Total parameters count 23127538
  warnings.warn(f"Total parameters count {pytorch_total_params}")
/home/karimimonsefi.1/SSL_VAN/BTCV/main.py:196: UserWarning: Total args.checkpoint False
  warnings.warn(f"Total args.checkpoint {args.checkpoint}")
/home/karimimonsefi.1/SSL_VAN/BTCV/trainer.py:138: UserWarning: Writing Tensorboard logs to ./runs/BTCV/test_log
  warnings.warn(f"Writing Tensorboard logs to {args.logdir}")
/home/karimimonsefi.1/SSL_VAN/BTCV/trainer.py:147: UserWarning: 0  Fri Mar 24 08:00:33 2023  Epoch: 0
  warnings.warn(f"{args.rank}  {time.ctime()}  Epoch: {epoch}")
input_list/dataset_BTCV_List.json
/home/karimimonsefi.1/SSL_VAN/BTCV/trainer.py:53: UserWarning: Epoch 0/5000 0/12  loss: 3.6510  time 11.88s
  warnings.warn(
/home/karimimonsefi.1/SSL_VAN/BTCV/trainer.py:53: UserWarning: Epoch 0/5000 1/12  loss: 3.6512  time 1.14s
  warnings.warn(
/home/karimimonsefi.1/SSL_VAN/BTCV/trainer.py:53: UserWarning: Epoch 0/5000 2/12  loss: 3.6512  time 1.01s
  warnings.warn(
/home/karimimonsefi.1/SSL_VAN/BTCV/trainer.py:53: UserWarning: Epoch 0/5000 3/12  loss: 3.6513  time 1.01s
  warnings.warn(
/home/karimimonsefi.1/SSL_VAN/BTCV/trainer.py:53: UserWarning: Epoch 0/5000 4/12  loss: 3.6510  time 1.01s
  warnings.warn(
/home/karimimonsefi.1/SSL_VAN/BTCV/trainer.py:53: UserWarning: Epoch 0/5000 5/12  loss: 3.6510  time 1.01s
  warnings.warn(
/home/karimimonsefi.1/SSL_VAN/BTCV/trainer.py:53: UserWarning: Epoch 0/5000 6/12  loss: 3.6510  time 1.01s
  warnings.warn(
/home/karimimonsefi.1/SSL_VAN/BTCV/trainer.py:53: UserWarning: Epoch 0/5000 7/12  loss: 3.6509  time 1.01s
  warnings.warn(
/home/karimimonsefi.1/SSL_VAN/BTCV/trainer.py:53: UserWarning: Epoch 0/5000 8/12  loss: 3.6511  time 1.01s
  warnings.warn(
/home/karimimonsefi.1/SSL_VAN/BTCV/trainer.py:53: UserWarning: Epoch 0/5000 9/12  loss: 3.6516  time 1.01s
  warnings.warn(
/home/karimimonsefi.1/SSL_VAN/BTCV/trainer.py:53: UserWarning: Epoch 0/5000 10/12  loss: 3.6516  time 1.00s
  warnings.warn(
/home/karimimonsefi.1/SSL_VAN/BTCV/trainer.py:53: UserWarning: Epoch 0/5000 11/12  loss: 3.6516  time 1.01s
  warnings.warn(
/home/karimimonsefi.1/SSL_VAN/BTCV/trainer.py:153: UserWarning: Final training  0/4999  loss: 3.6516  time 23.12s
  warnings.warn("Final training  {}/{}  loss: {:.4f}  time {:.2f}s".format(epoch, args.max_epochs - 1,
/home/karimimonsefi.1/SSL_VAN/BTCV/trainer.py:147: UserWarning: 0  Fri Mar 24 08:00:56 2023  Epoch: 1
  warnings.warn(f"{args.rank}  {time.ctime()}  Epoch: {epoch}")
/home/karimimonsefi.1/SSL_VAN/BTCV/trainer.py:53: UserWarning: Epoch 1/5000 0/12  loss: 3.6554  time 5.86s
  warnings.warn(
/home/karimimonsefi.1/SSL_VAN/BTCV/trainer.py:53: UserWarning: Epoch 1/5000 1/12  loss: 3.6540  time 1.64s
  warnings.warn(
/home/karimimonsefi.1/SSL_VAN/BTCV/trainer.py:53: UserWarning: Epoch 1/5000 2/12  loss: 3.6537  time 1.01s
  warnings.warn(
/home/karimimonsefi.1/SSL_VAN/BTCV/trainer.py:53: UserWarning: Epoch 1/5000 3/12  loss: 3.6539  time 1.01s
  warnings.warn(
/home/karimimonsefi.1/SSL_VAN/BTCV/trainer.py:53: UserWarning: Epoch 1/5000 4/12  loss: 3.6542  time 1.01s
  warnings.warn(
/home/karimimonsefi.1/SSL_VAN/BTCV/trainer.py:53: UserWarning: Epoch 1/5000 5/12  loss: 3.6529  time 1.01s
  warnings.warn(
/home/karimimonsefi.1/SSL_VAN/BTCV/trainer.py:53: UserWarning: Epoch 1/5000 6/12  loss: 3.6530  time 1.01s
  warnings.warn(
/home/karimimonsefi.1/SSL_VAN/BTCV/trainer.py:53: UserWarning: Epoch 1/5000 7/12  loss: 3.6526  time 1.01s
  warnings.warn(
/home/karimimonsefi.1/SSL_VAN/BTCV/trainer.py:53: UserWarning: Epoch 1/5000 8/12  loss: 3.6519  time 1.01s
  warnings.warn(
/home/karimimonsefi.1/SSL_VAN/BTCV/trainer.py:53: UserWarning: Epoch 1/5000 9/12  loss: 3.6518  time 1.01s
  warnings.warn(
/home/karimimonsefi.1/SSL_VAN/BTCV/trainer.py:53: UserWarning: Epoch 1/5000 10/12  loss: 3.6519  time 1.01s
  warnings.warn(
/home/karimimonsefi.1/SSL_VAN/BTCV/trainer.py:53: UserWarning: Epoch 1/5000 11/12  loss: 3.6522  time 1.01s
  warnings.warn(
/home/karimimonsefi.1/SSL_VAN/BTCV/trainer.py:153: UserWarning: Final training  1/4999  loss: 3.6522  time 17.63s
  warnings.warn("Final training  {}/{}  loss: {:.4f}  time {:.2f}s".format(epoch, args.max_epochs - 1,
/home/karimimonsefi.1/SSL_VAN/BTCV/trainer.py:147: UserWarning: 0  Fri Mar 24 08:01:14 2023  Epoch: 2
  warnings.warn(f"{args.rank}  {time.ctime()}  Epoch: {epoch}")
/home/karimimonsefi.1/SSL_VAN/BTCV/trainer.py:53: UserWarning: Epoch 2/5000 0/12  loss: 3.6508  time 9.40s
  warnings.warn(
/home/karimimonsefi.1/SSL_VAN/BTCV/trainer.py:53: UserWarning: Epoch 2/5000 1/12  loss: 3.6503  time 1.01s
  warnings.warn(
/home/karimimonsefi.1/SSL_VAN/BTCV/trainer.py:53: UserWarning: Epoch 2/5000 2/12  loss: 3.6514  time 1.01s
  warnings.warn(
/home/karimimonsefi.1/SSL_VAN/BTCV/trainer.py:53: UserWarning: Epoch 2/5000 3/12  loss: 3.6507  time 1.01s
  warnings.warn(
/home/karimimonsefi.1/SSL_VAN/BTCV/trainer.py:53: UserWarning: Epoch 2/5000 4/12  loss: 3.6520  time 1.01s
  warnings.warn(
/home/karimimonsefi.1/SSL_VAN/BTCV/trainer.py:53: UserWarning: Epoch 2/5000 5/12  loss: 3.6524  time 1.01s
  warnings.warn(
/home/karimimonsefi.1/SSL_VAN/BTCV/trainer.py:53: UserWarning: Epoch 2/5000 6/12  loss: 3.6520  time 1.01s
  warnings.warn(
/home/karimimonsefi.1/SSL_VAN/BTCV/trainer.py:53: UserWarning: Epoch 2/5000 7/12  loss: 3.6516  time 1.01s
  warnings.warn(
/home/karimimonsefi.1/SSL_VAN/BTCV/trainer.py:53: UserWarning: Epoch 2/5000 8/12  loss: 3.6517  time 1.01s
  warnings.warn(
/home/karimimonsefi.1/SSL_VAN/BTCV/trainer.py:53: UserWarning: Epoch 2/5000 9/12  loss: 3.6515  time 1.01s
  warnings.warn(
/home/karimimonsefi.1/SSL_VAN/BTCV/trainer.py:53: UserWarning: Epoch 2/5000 10/12  loss: 3.6515  time 1.01s
  warnings.warn(
/home/karimimonsefi.1/SSL_VAN/BTCV/trainer.py:53: UserWarning: Epoch 2/5000 11/12  loss: 3.6514  time 1.01s
  warnings.warn(
/home/karimimonsefi.1/SSL_VAN/BTCV/trainer.py:153: UserWarning: Final training  2/4999  loss: 3.6514  time 20.54s
  warnings.warn("Final training  {}/{}  loss: {:.4f}  time {:.2f}s".format(epoch, args.max_epochs - 1,
/home/karimimonsefi.1/SSL_VAN/BTCV/trainer.py:147: UserWarning: 0  Fri Mar 24 08:01:34 2023  Epoch: 3
  warnings.warn(f"{args.rank}  {time.ctime()}  Epoch: {epoch}")
/home/karimimonsefi.1/SSL_VAN/BTCV/trainer.py:53: UserWarning: Epoch 3/5000 0/12  loss: 3.6521  time 6.36s
  warnings.warn(
/home/karimimonsefi.1/SSL_VAN/BTCV/trainer.py:53: UserWarning: Epoch 3/5000 1/12  loss: 3.6525  time 1.01s
  warnings.warn(
/home/karimimonsefi.1/SSL_VAN/BTCV/trainer.py:53: UserWarning: Epoch 3/5000 2/12  loss: 3.6523  time 1.01s
  warnings.warn(
/home/karimimonsefi.1/SSL_VAN/BTCV/trainer.py:53: UserWarning: Epoch 3/5000 3/12  loss: 3.6521  time 1.01s
  warnings.warn(
/home/karimimonsefi.1/SSL_VAN/BTCV/trainer.py:53: UserWarning: Epoch 3/5000 4/12  loss: 3.6517  time 1.02s
  warnings.warn(
/home/karimimonsefi.1/SSL_VAN/BTCV/trainer.py:53: UserWarning: Epoch 3/5000 5/12  loss: 3.6512  time 1.02s
  warnings.warn(
/home/karimimonsefi.1/SSL_VAN/BTCV/trainer.py:53: UserWarning: Epoch 3/5000 6/12  loss: 3.6517  time 1.01s
  warnings.warn(
/home/karimimonsefi.1/SSL_VAN/BTCV/trainer.py:53: UserWarning: Epoch 3/5000 7/12  loss: 3.6520  time 1.01s
  warnings.warn(
/home/karimimonsefi.1/SSL_VAN/BTCV/trainer.py:53: UserWarning: Epoch 3/5000 8/12  loss: 3.6517  time 1.01s
  warnings.warn(
/home/karimimonsefi.1/SSL_VAN/BTCV/trainer.py:53: UserWarning: Epoch 3/5000 9/12  loss: 3.6515  time 1.01s
  warnings.warn(
