/var/spool/slurmd/job33437/slurm_script: line 10: cd: SSL_VAN: No such file or directory

----------------------------------------------------------------------------
  cuda:
----------------------------------------------------------------------------
     Versions:
        cuda/10.2
        cuda/11.0
        cuda/11.2
        cuda/11.3
        cuda/11.4
        cuda/11.5
        cuda/11.6
        cuda/12.0

----------------------------------------------------------------------------
  For detailed information about a specific "cuda" package (including how to load the modules) use the module's full name.
  Note that names that have a trailing (E) are extensions provided by other modules.
  For example:

     $ module spider cuda/12.0
----------------------------------------------------------------------------

 


CommandNotFoundError: Your shell has not been properly configured to use 'conda activate'.
To initialize your shell, run

    $ conda init <SHELL_NAME>

Currently supported shells are:
  - bash
  - fish
  - tcsh
  - xonsh
  - zsh
  - powershell

See 'conda init --help' for more information and options.

IMPORTANT: You may need to close and restart your shell after running 'conda init'.


/home/karimimonsefi.1/miniconda3/lib/python3.9/site-packages/mmcv/__init__.py:20: UserWarning: On January 1, 2023, MMCV will release v2.0.0, in which it will remove components related to the training process and add a data transformation module. In addition, it will rename the package names mmcv to mmcv-lite and mmcv-full to mmcv. See https://github.com/open-mmlab/mmcv/blob/master/docs/en/compatibility.md for more details.
  warnings.warn(
/home/karimimonsefi.1/SSL_VAN/BTCV/main.py:119: UserWarning: 0 gpu 0
  warnings.warn(f"{args.rank} gpu {args.gpu}")
/home/karimimonsefi.1/SSL_VAN/BTCV/main.py:121: UserWarning: Batch size is: 2 epochs 5000
  warnings.warn(f"Batch size is: {args.batch_size} epochs {args.max_epochs}")
/home/karimimonsefi.1/miniconda3/lib/python3.9/site-packages/monai/transforms/post/array.py:176: UserWarning: `to_onehot=True/False` is deprecated, please use `to_onehot=num_classes` instead.
  warnings.warn("`to_onehot=True/False` is deprecated, please use `to_onehot=num_classes` instead.")
/home/karimimonsefi.1/SSL_VAN/BTCV/main.py:192: UserWarning: Total parameters count 23127538
  warnings.warn(f"Total parameters count {pytorch_total_params}")
/home/karimimonsefi.1/SSL_VAN/BTCV/main.py:196: UserWarning: Total args.checkpoint True
  warnings.warn(f"Total args.checkpoint {args.checkpoint}")
/home/karimimonsefi.1/SSL_VAN/BTCV/main.py:209: UserWarning: => loaded checkpoint 'True' (epoch 9) (bestacc 0.006710945628583431)
  warnings.warn("=> loaded checkpoint '{}' (epoch {}) (bestacc {})".format(
/home/karimimonsefi.1/SSL_VAN/BTCV/trainer.py:138: UserWarning: Writing Tensorboard logs to ./runs/BTCV/test_log
  warnings.warn(f"Writing Tensorboard logs to {args.logdir}")
/home/karimimonsefi.1/SSL_VAN/BTCV/trainer.py:147: UserWarning: 0  Fri Mar 24 08:04:57 2023  Epoch: 9
  warnings.warn(f"{args.rank}  {time.ctime()}  Epoch: {epoch}")
input_list/dataset_BTCV_List.json
/home/karimimonsefi.1/SSL_VAN/BTCV/trainer.py:53: UserWarning: Epoch 9/5000 0/12  loss: 3.6353  time 11.95s
  warnings.warn(
/home/karimimonsefi.1/SSL_VAN/BTCV/trainer.py:53: UserWarning: Epoch 9/5000 1/12  loss: 3.6379  time 1.15s
  warnings.warn(
/home/karimimonsefi.1/SSL_VAN/BTCV/trainer.py:53: UserWarning: Epoch 9/5000 2/12  loss: 3.6368  time 1.01s
  warnings.warn(
/home/karimimonsefi.1/SSL_VAN/BTCV/trainer.py:53: UserWarning: Epoch 9/5000 3/12  loss: 3.6366  time 1.01s
  warnings.warn(
/home/karimimonsefi.1/SSL_VAN/BTCV/trainer.py:53: UserWarning: Epoch 9/5000 4/12  loss: 3.6373  time 1.01s
  warnings.warn(
/home/karimimonsefi.1/SSL_VAN/BTCV/trainer.py:53: UserWarning: Epoch 9/5000 5/12  loss: 3.6375  time 1.01s
  warnings.warn(
/home/karimimonsefi.1/SSL_VAN/BTCV/trainer.py:53: UserWarning: Epoch 9/5000 6/12  loss: 3.6370  time 1.01s
  warnings.warn(
/home/karimimonsefi.1/SSL_VAN/BTCV/trainer.py:53: UserWarning: Epoch 9/5000 7/12  loss: 3.6369  time 1.01s
  warnings.warn(
/home/karimimonsefi.1/SSL_VAN/BTCV/trainer.py:53: UserWarning: Epoch 9/5000 8/12  loss: 3.6366  time 1.01s
  warnings.warn(
/home/karimimonsefi.1/SSL_VAN/BTCV/trainer.py:53: UserWarning: Epoch 9/5000 9/12  loss: 3.6362  time 1.01s
  warnings.warn(
/home/karimimonsefi.1/SSL_VAN/BTCV/trainer.py:53: UserWarning: Epoch 9/5000 10/12  loss: 3.6363  time 1.02s
  warnings.warn(
/home/karimimonsefi.1/SSL_VAN/BTCV/trainer.py:53: UserWarning: Epoch 9/5000 11/12  loss: 3.6364  time 1.02s
  warnings.warn(
/home/karimimonsefi.1/SSL_VAN/BTCV/trainer.py:153: UserWarning: Final training  9/4999  loss: 3.6364  time 23.25s
  warnings.warn("Final training  {}/{}  loss: {:.4f}  time {:.2f}s".format(epoch, args.max_epochs - 1,
/home/karimimonsefi.1/SSL_VAN/BTCV/trainer.py:102: UserWarning: Val 9/5000 0/6  acc 0.005393762141466141  time 4.99s
  warnings.warn("Val {}/{} {}/{}  acc {}  time {:.2f}s".format(epoch, args.max_epochs, idx, len(loader),
/home/karimimonsefi.1/SSL_VAN/BTCV/trainer.py:102: UserWarning: Val 9/5000 1/6  acc 0.005634631961584091  time 0.22s
  warnings.warn("Val {}/{} {}/{}  acc {}  time {:.2f}s".format(epoch, args.max_epochs, idx, len(loader),
/home/karimimonsefi.1/SSL_VAN/BTCV/trainer.py:102: UserWarning: Val 9/5000 2/6  acc 0.005946447607129812  time 0.21s
  warnings.warn("Val {}/{} {}/{}  acc {}  time {:.2f}s".format(epoch, args.max_epochs, idx, len(loader),
/home/karimimonsefi.1/SSL_VAN/BTCV/trainer.py:102: UserWarning: Val 9/5000 3/6  acc 0.006701094098389149  time 0.21s
  warnings.warn("Val {}/{} {}/{}  acc {}  time {:.2f}s".format(epoch, args.max_epochs, idx, len(loader),
/home/karimimonsefi.1/SSL_VAN/BTCV/trainer.py:102: UserWarning: Val 9/5000 4/6  acc 0.006763486657291651  time 0.21s
  warnings.warn("Val {}/{} {}/{}  acc {}  time {:.2f}s".format(epoch, args.max_epochs, idx, len(loader),
/home/karimimonsefi.1/SSL_VAN/BTCV/trainer.py:102: UserWarning: Val 9/5000 5/6  acc 0.006861401256173849  time 0.21s
  warnings.warn("Val {}/{} {}/{}  acc {}  time {:.2f}s".format(epoch, args.max_epochs, idx, len(loader),
/home/karimimonsefi.1/SSL_VAN/BTCV/trainer.py:177: UserWarning: Final validation  9/4999  acc: 0.0069  time 6.06s
  warnings.warn("Final validation  {}/{}  acc: {:.4f}  time {:.2f}s".format(epoch, args.max_epochs - 1,
/home/karimimonsefi.1/SSL_VAN/BTCV/trainer.py:183: UserWarning: new best (0.000000 --> 0.006861). 
  warnings.warn("new best ({:.6f} --> {:.6f}). ".format(val_acc_max, val_avg_acc))
/home/karimimonsefi.1/SSL_VAN/BTCV/trainer.py:117: UserWarning: Saving checkpoint ./runs/BTCV/test_log/model.pt
  warnings.warn(f"Saving checkpoint {filename}")
/home/karimimonsefi.1/SSL_VAN/BTCV/trainer.py:117: UserWarning: Saving checkpoint ./runs/BTCV/test_log/model_final.pt
  warnings.warn(f"Saving checkpoint {filename}")
/home/karimimonsefi.1/SSL_VAN/BTCV/trainer.py:193: UserWarning: Copying to model.pt new best model!!!!
  warnings.warn("Copying to model.pt new best model!!!!")
/home/karimimonsefi.1/SSL_VAN/BTCV/trainer.py:147: UserWarning: 0  Fri Mar 24 08:05:27 2023  Epoch: 10
  warnings.warn(f"{args.rank}  {time.ctime()}  Epoch: {epoch}")
/home/karimimonsefi.1/SSL_VAN/BTCV/trainer.py:53: UserWarning: Epoch 10/5000 0/12  loss: 3.6363  time 8.95s
  warnings.warn(
/home/karimimonsefi.1/SSL_VAN/BTCV/trainer.py:53: UserWarning: Epoch 10/5000 1/12  loss: 3.6370  time 1.01s
  warnings.warn(
/home/karimimonsefi.1/SSL_VAN/BTCV/trainer.py:53: UserWarning: Epoch 10/5000 2/12  loss: 3.6364  time 1.01s
  warnings.warn(
/home/karimimonsefi.1/SSL_VAN/BTCV/trainer.py:53: UserWarning: Epoch 10/5000 3/12  loss: 3.6359  time 1.01s
  warnings.warn(
/home/karimimonsefi.1/SSL_VAN/BTCV/trainer.py:53: UserWarning: Epoch 10/5000 4/12  loss: 3.6355  time 1.01s
  warnings.warn(
/home/karimimonsefi.1/SSL_VAN/BTCV/trainer.py:53: UserWarning: Epoch 10/5000 5/12  loss: 3.6357  time 1.01s
  warnings.warn(
/home/karimimonsefi.1/SSL_VAN/BTCV/trainer.py:53: UserWarning: Epoch 10/5000 6/12  loss: 3.6357  time 1.02s
  warnings.warn(
/home/karimimonsefi.1/SSL_VAN/BTCV/trainer.py:53: UserWarning: Epoch 10/5000 7/12  loss: 3.6360  time 1.02s
  warnings.warn(
/home/karimimonsefi.1/SSL_VAN/BTCV/trainer.py:53: UserWarning: Epoch 10/5000 8/12  loss: 3.6360  time 1.02s
  warnings.warn(
/home/karimimonsefi.1/SSL_VAN/BTCV/trainer.py:53: UserWarning: Epoch 10/5000 9/12  loss: 3.6361  time 1.02s
  warnings.warn(
/home/karimimonsefi.1/SSL_VAN/BTCV/trainer.py:53: UserWarning: Epoch 10/5000 10/12  loss: 3.6361  time 1.01s
  warnings.warn(
/home/karimimonsefi.1/SSL_VAN/BTCV/trainer.py:53: UserWarning: Epoch 10/5000 11/12  loss: 3.6363  time 1.01s
  warnings.warn(
/home/karimimonsefi.1/SSL_VAN/BTCV/trainer.py:153: UserWarning: Final training  10/4999  loss: 3.6363  time 20.13s
  warnings.warn("Final training  {}/{}  loss: {:.4f}  time {:.2f}s".format(epoch, args.max_epochs - 1,
/home/karimimonsefi.1/SSL_VAN/BTCV/trainer.py:147: UserWarning: 0  Fri Mar 24 08:05:48 2023  Epoch: 11
  warnings.warn(f"{args.rank}  {time.ctime()}  Epoch: {epoch}")
/home/karimimonsefi.1/SSL_VAN/BTCV/trainer.py:53: UserWarning: Epoch 11/5000 0/12  loss: 3.6362  time 7.50s
  warnings.warn(
/home/karimimonsefi.1/SSL_VAN/BTCV/trainer.py:53: UserWarning: Epoch 11/5000 1/12  loss: 3.6356  time 1.01s
  warnings.warn(
/home/karimimonsefi.1/SSL_VAN/BTCV/trainer.py:53: UserWarning: Epoch 11/5000 2/12  loss: 3.6367  time 1.01s
  warnings.warn(
/home/karimimonsefi.1/SSL_VAN/BTCV/trainer.py:53: UserWarning: Epoch 11/5000 3/12  loss: 3.6362  time 1.01s
  warnings.warn(
/home/karimimonsefi.1/SSL_VAN/BTCV/trainer.py:53: UserWarning: Epoch 11/5000 4/12  loss: 3.6363  time 1.02s
  warnings.warn(
/home/karimimonsefi.1/SSL_VAN/BTCV/trainer.py:53: UserWarning: Epoch 11/5000 5/12  loss: 3.6362  time 1.02s
  warnings.warn(
/home/karimimonsefi.1/SSL_VAN/BTCV/trainer.py:53: UserWarning: Epoch 11/5000 6/12  loss: 3.6362  time 1.01s
  warnings.warn(
/home/karimimonsefi.1/SSL_VAN/BTCV/trainer.py:53: UserWarning: Epoch 11/5000 7/12  loss: 3.6361  time 1.02s
  warnings.warn(
/home/karimimonsefi.1/SSL_VAN/BTCV/trainer.py:53: UserWarning: Epoch 11/5000 8/12  loss: 3.6356  time 1.02s
  warnings.warn(
/home/karimimonsefi.1/SSL_VAN/BTCV/trainer.py:53: UserWarning: Epoch 11/5000 9/12  loss: 3.6355  time 1.02s
  warnings.warn(
/home/karimimonsefi.1/SSL_VAN/BTCV/trainer.py:53: UserWarning: Epoch 11/5000 10/12  loss: 3.6355  time 1.01s
  warnings.warn(
/home/karimimonsefi.1/SSL_VAN/BTCV/trainer.py:53: UserWarning: Epoch 11/5000 11/12  loss: 3.6355  time 1.01s
  warnings.warn(
/home/karimimonsefi.1/SSL_VAN/BTCV/trainer.py:153: UserWarning: Final training  11/4999  loss: 3.6355  time 18.68s
  warnings.warn("Final training  {}/{}  loss: {:.4f}  time {:.2f}s".format(epoch, args.max_epochs - 1,
/home/karimimonsefi.1/SSL_VAN/BTCV/trainer.py:147: UserWarning: 0  Fri Mar 24 08:06:06 2023  Epoch: 12
  warnings.warn(f"{args.rank}  {time.ctime()}  Epoch: {epoch}")
/home/karimimonsefi.1/SSL_VAN/BTCV/trainer.py:53: UserWarning: Epoch 12/5000 0/12  loss: 3.6365  time 6.96s
  warnings.warn(
/home/karimimonsefi.1/SSL_VAN/BTCV/trainer.py:53: UserWarning: Epoch 12/5000 1/12  loss: 3.6343  time 2.28s
  warnings.warn(
/home/karimimonsefi.1/SSL_VAN/BTCV/trainer.py:53: UserWarning: Epoch 12/5000 2/12  loss: 3.6345  time 1.04s
  warnings.warn(
/home/karimimonsefi.1/SSL_VAN/BTCV/trainer.py:53: UserWarning: Epoch 12/5000 3/12  loss: 3.6349  time 1.01s
  warnings.warn(
/home/karimimonsefi.1/SSL_VAN/BTCV/trainer.py:53: UserWarning: Epoch 12/5000 4/12  loss: 3.6353  time 1.01s
  warnings.warn(
/home/karimimonsefi.1/SSL_VAN/BTCV/trainer.py:53: UserWarning: Epoch 12/5000 5/12  loss: 3.6349  time 1.01s
  warnings.warn(
/home/karimimonsefi.1/SSL_VAN/BTCV/trainer.py:53: UserWarning: Epoch 12/5000 6/12  loss: 3.6347  time 1.02s
  warnings.warn(
/home/karimimonsefi.1/SSL_VAN/BTCV/trainer.py:53: UserWarning: Epoch 12/5000 7/12  loss: 3.6344  time 1.02s
  warnings.warn(
/home/karimimonsefi.1/SSL_VAN/BTCV/trainer.py:53: UserWarning: Epoch 12/5000 8/12  loss: 3.6345  time 1.01s
  warnings.warn(
/home/karimimonsefi.1/SSL_VAN/BTCV/trainer.py:53: UserWarning: Epoch 12/5000 9/12  loss: 3.6345  time 1.02s
  warnings.warn(
/home/karimimonsefi.1/SSL_VAN/BTCV/trainer.py:53: UserWarning: Epoch 12/5000 10/12  loss: 3.6343  time 1.02s
  warnings.warn(
/home/karimimonsefi.1/SSL_VAN/BTCV/trainer.py:53: UserWarning: Epoch 12/5000 11/12  loss: 3.6342  time 1.02s
  warnings.warn(
/home/karimimonsefi.1/SSL_VAN/BTCV/trainer.py:153: UserWarning: Final training  12/4999  loss: 3.6342  time 19.45s
  warnings.warn("Final training  {}/{}  loss: {:.4f}  time {:.2f}s".format(epoch, args.max_epochs - 1,
/home/karimimonsefi.1/SSL_VAN/BTCV/trainer.py:147: UserWarning: 0  Fri Mar 24 08:06:26 2023  Epoch: 13
  warnings.warn(f"{args.rank}  {time.ctime()}  Epoch: {epoch}")
/home/karimimonsefi.1/SSL_VAN/BTCV/trainer.py:53: UserWarning: Epoch 13/5000 0/12  loss: 3.6322  time 8.71s
  warnings.warn(
/home/karimimonsefi.1/SSL_VAN/BTCV/trainer.py:53: UserWarning: Epoch 13/5000 1/12  loss: 3.6319  time 1.01s
  warnings.warn(
/home/karimimonsefi.1/SSL_VAN/BTCV/trainer.py:53: UserWarning: Epoch 13/5000 2/12  loss: 3.6325  time 1.01s
  warnings.warn(
/home/karimimonsefi.1/SSL_VAN/BTCV/trainer.py:53: UserWarning: Epoch 13/5000 3/12  loss: 3.6329  time 1.01s
  warnings.warn(
/home/karimimonsefi.1/SSL_VAN/BTCV/trainer.py:53: UserWarning: Epoch 13/5000 4/12  loss: 3.6328  time 1.02s
  warnings.warn(
/home/karimimonsefi.1/SSL_VAN/BTCV/trainer.py:53: UserWarning: Epoch 13/5000 5/12  loss: 3.6326  time 1.02s
  warnings.warn(
/home/karimimonsefi.1/SSL_VAN/BTCV/trainer.py:53: UserWarning: Epoch 13/5000 6/12  loss: 3.6324  time 1.01s
  warnings.warn(
/home/karimimonsefi.1/SSL_VAN/BTCV/trainer.py:53: UserWarning: Epoch 13/5000 7/12  loss: 3.6322  time 1.02s
  warnings.warn(
/home/karimimonsefi.1/SSL_VAN/BTCV/trainer.py:53: UserWarning: Epoch 13/5000 8/12  loss: 3.6319  time 1.02s
  warnings.warn(
/home/karimimonsefi.1/SSL_VAN/BTCV/trainer.py:53: UserWarning: Epoch 13/5000 9/12  loss: 3.6319  time 1.01s
  warnings.warn(
/home/karimimonsefi.1/SSL_VAN/BTCV/trainer.py:53: UserWarning: Epoch 13/5000 10/12  loss: 3.6319  time 1.01s
  warnings.warn(
/home/karimimonsefi.1/SSL_VAN/BTCV/trainer.py:53: UserWarning: Epoch 13/5000 11/12  loss: 3.6318  time 1.02s
  warnings.warn(
/home/karimimonsefi.1/SSL_VAN/BTCV/trainer.py:153: UserWarning: Final training  13/4999  loss: 3.6318  time 19.90s
  warnings.warn("Final training  {}/{}  loss: {:.4f}  time {:.2f}s".format(epoch, args.max_epochs - 1,
/home/karimimonsefi.1/SSL_VAN/BTCV/trainer.py:147: UserWarning: 0  Fri Mar 24 08:06:46 2023  Epoch: 14
  warnings.warn(f"{args.rank}  {time.ctime()}  Epoch: {epoch}")
/home/karimimonsefi.1/SSL_VAN/BTCV/trainer.py:53: UserWarning: Epoch 14/5000 0/12  loss: 3.6324  time 5.66s
  warnings.warn(
/home/karimimonsefi.1/SSL_VAN/BTCV/trainer.py:53: UserWarning: Epoch 14/5000 1/12  loss: 3.6309  time 1.02s
  warnings.warn(
/home/karimimonsefi.1/SSL_VAN/BTCV/trainer.py:53: UserWarning: Epoch 14/5000 2/12  loss: 3.6302  time 1.02s
  warnings.warn(
/home/karimimonsefi.1/SSL_VAN/BTCV/trainer.py:53: UserWarning: Epoch 14/5000 3/12  loss: 3.6305  time 1.02s
  warnings.warn(
/home/karimimonsefi.1/SSL_VAN/BTCV/trainer.py:53: UserWarning: Epoch 14/5000 4/12  loss: 3.6304  time 1.02s
  warnings.warn(
/home/karimimonsefi.1/SSL_VAN/BTCV/trainer.py:53: UserWarning: Epoch 14/5000 5/12  loss: 3.6301  time 1.02s
  warnings.warn(
/home/karimimonsefi.1/SSL_VAN/BTCV/trainer.py:53: UserWarning: Epoch 14/5000 6/12  loss: 3.6297  time 1.02s
  warnings.warn(
/home/karimimonsefi.1/SSL_VAN/BTCV/trainer.py:53: UserWarning: Epoch 14/5000 7/12  loss: 3.6294  time 1.02s
  warnings.warn(
/home/karimimonsefi.1/SSL_VAN/BTCV/trainer.py:53: UserWarning: Epoch 14/5000 8/12  loss: 3.6293  time 1.02s
  warnings.warn(
/home/karimimonsefi.1/SSL_VAN/BTCV/trainer.py:53: UserWarning: Epoch 14/5000 9/12  loss: 3.6293  time 1.02s
  warnings.warn(
/home/karimimonsefi.1/SSL_VAN/BTCV/trainer.py:53: UserWarning: Epoch 14/5000 10/12  loss: 3.6287  time 1.02s
  warnings.warn(
/home/karimimonsefi.1/SSL_VAN/BTCV/trainer.py:53: UserWarning: Epoch 14/5000 11/12  loss: 3.6284  time 1.02s
  warnings.warn(
/home/karimimonsefi.1/SSL_VAN/BTCV/trainer.py:153: UserWarning: Final training  14/4999  loss: 3.6284  time 16.88s
  warnings.warn("Final training  {}/{}  loss: {:.4f}  time {:.2f}s".format(epoch, args.max_epochs - 1,
/home/karimimonsefi.1/SSL_VAN/BTCV/trainer.py:102: UserWarning: Val 14/5000 0/6  acc 0.0064387754537165165  time 3.32s
  warnings.warn("Val {}/{} {}/{}  acc {}  time {:.2f}s".format(epoch, args.max_epochs, idx, len(loader),
/home/karimimonsefi.1/SSL_VAN/BTCV/trainer.py:102: UserWarning: Val 14/5000 1/6  acc 0.005664745345711708  time 0.60s
  warnings.warn("Val {}/{} {}/{}  acc {}  time {:.2f}s".format(epoch, args.max_epochs, idx, len(loader),
/home/karimimonsefi.1/SSL_VAN/BTCV/trainer.py:102: UserWarning: Val 14/5000 2/6  acc 0.006265547126531601  time 0.21s
  warnings.warn("Val {}/{} {}/{}  acc {}  time {:.2f}s".format(epoch, args.max_epochs, idx, len(loader),
/home/karimimonsefi.1/SSL_VAN/BTCV/trainer.py:102: UserWarning: Val 14/5000 3/6  acc 0.007459151558578014  time 0.21s
  warnings.warn("Val {}/{} {}/{}  acc {}  time {:.2f}s".format(epoch, args.max_epochs, idx, len(loader),
/home/karimimonsefi.1/SSL_VAN/BTCV/trainer.py:102: UserWarning: Val 14/5000 4/6  acc 0.0073967985808849335  time 0.21s
  warnings.warn("Val {}/{} {}/{}  acc {}  time {:.2f}s".format(epoch, args.max_epochs, idx, len(loader),
/home/karimimonsefi.1/SSL_VAN/BTCV/trainer.py:102: UserWarning: Val 14/5000 5/6  acc 0.007398508954793215  time 0.21s
  warnings.warn("Val {}/{} {}/{}  acc {}  time {:.2f}s".format(epoch, args.max_epochs, idx, len(loader),
/home/karimimonsefi.1/SSL_VAN/BTCV/trainer.py:177: UserWarning: Final validation  14/4999  acc: 0.0074  time 4.77s
  warnings.warn("Final validation  {}/{}  acc: {:.4f}  time {:.2f}s".format(epoch, args.max_epochs - 1,
/home/karimimonsefi.1/SSL_VAN/BTCV/trainer.py:183: UserWarning: new best (0.006861 --> 0.007399). 
  warnings.warn("new best ({:.6f} --> {:.6f}). ".format(val_acc_max, val_avg_acc))
/home/karimimonsefi.1/SSL_VAN/BTCV/trainer.py:147: UserWarning: 0  Fri Mar 24 08:07:08 2023  Epoch: 15
  warnings.warn(f"{args.rank}  {time.ctime()}  Epoch: {epoch}")
/home/karimimonsefi.1/SSL_VAN/BTCV/trainer.py:53: UserWarning: Epoch 15/5000 0/12  loss: 3.6263  time 6.94s
  warnings.warn(
/home/karimimonsefi.1/SSL_VAN/BTCV/trainer.py:53: UserWarning: Epoch 15/5000 1/12  loss: 3.6249  time 1.02s
  warnings.warn(
/home/karimimonsefi.1/SSL_VAN/BTCV/trainer.py:53: UserWarning: Epoch 15/5000 2/12  loss: 3.6244  time 1.02s
  warnings.warn(
/home/karimimonsefi.1/SSL_VAN/BTCV/trainer.py:53: UserWarning: Epoch 15/5000 3/12  loss: 3.6245  time 1.02s
  warnings.warn(
/home/karimimonsefi.1/SSL_VAN/BTCV/trainer.py:53: UserWarning: Epoch 15/5000 4/12  loss: 3.6244  time 1.02s
  warnings.warn(
/home/karimimonsefi.1/SSL_VAN/BTCV/trainer.py:53: UserWarning: Epoch 15/5000 5/12  loss: 3.6243  time 1.02s
  warnings.warn(
/home/karimimonsefi.1/SSL_VAN/BTCV/trainer.py:53: UserWarning: Epoch 15/5000 6/12  loss: 3.6241  time 1.02s
  warnings.warn(
/home/karimimonsefi.1/SSL_VAN/BTCV/trainer.py:53: UserWarning: Epoch 15/5000 7/12  loss: 3.6237  time 1.02s
  warnings.warn(
/home/karimimonsefi.1/SSL_VAN/BTCV/trainer.py:53: UserWarning: Epoch 15/5000 8/12  loss: 3.6235  time 1.02s
  warnings.warn(
/home/karimimonsefi.1/SSL_VAN/BTCV/trainer.py:53: UserWarning: Epoch 15/5000 9/12  loss: 3.6231  time 1.02s
  warnings.warn(
/home/karimimonsefi.1/SSL_VAN/BTCV/trainer.py:53: UserWarning: Epoch 15/5000 10/12  loss: 3.6229  time 1.02s
  warnings.warn(
/home/karimimonsefi.1/SSL_VAN/BTCV/trainer.py:53: UserWarning: Epoch 15/5000 11/12  loss: 3.6225  time 1.02s
  warnings.warn(
/home/karimimonsefi.1/SSL_VAN/BTCV/trainer.py:153: UserWarning: Final training  15/4999  loss: 3.6225  time 18.15s
  warnings.warn("Final training  {}/{}  loss: {:.4f}  time {:.2f}s".format(epoch, args.max_epochs - 1,
/home/karimimonsefi.1/SSL_VAN/BTCV/trainer.py:147: UserWarning: 0  Fri Mar 24 08:07:26 2023  Epoch: 16
  warnings.warn(f"{args.rank}  {time.ctime()}  Epoch: {epoch}")
/home/karimimonsefi.1/SSL_VAN/BTCV/trainer.py:53: UserWarning: Epoch 16/5000 0/12  loss: 3.6169  time 5.45s
  warnings.warn(
/home/karimimonsefi.1/SSL_VAN/BTCV/trainer.py:53: UserWarning: Epoch 16/5000 1/12  loss: 3.6175  time 1.02s
  warnings.warn(
/home/karimimonsefi.1/SSL_VAN/BTCV/trainer.py:53: UserWarning: Epoch 16/5000 2/12  loss: 3.6171  time 1.02s
  warnings.warn(
/home/karimimonsefi.1/SSL_VAN/BTCV/trainer.py:53: UserWarning: Epoch 16/5000 3/12  loss: 3.6164  time 1.02s
  warnings.warn(
/home/karimimonsefi.1/SSL_VAN/BTCV/trainer.py:53: UserWarning: Epoch 16/5000 4/12  loss: 3.6159  time 1.02s
  warnings.warn(
/home/karimimonsefi.1/SSL_VAN/BTCV/trainer.py:53: UserWarning: Epoch 16/5000 5/12  loss: 3.6156  time 1.02s
  warnings.warn(
/home/karimimonsefi.1/SSL_VAN/BTCV/trainer.py:53: UserWarning: Epoch 16/5000 6/12  loss: 3.6153  time 1.02s
  warnings.warn(
/home/karimimonsefi.1/SSL_VAN/BTCV/trainer.py:53: UserWarning: Epoch 16/5000 7/12  loss: 3.6148  time 1.02s
  warnings.warn(
/home/karimimonsefi.1/SSL_VAN/BTCV/trainer.py:53: UserWarning: Epoch 16/5000 8/12  loss: 3.6145  time 1.02s
  warnings.warn(
/home/karimimonsefi.1/SSL_VAN/BTCV/trainer.py:53: UserWarning: Epoch 16/5000 9/12  loss: 3.6139  time 1.02s
  warnings.warn(
/home/karimimonsefi.1/SSL_VAN/BTCV/trainer.py:53: UserWarning: Epoch 16/5000 10/12  loss: 3.6135  time 1.02s
  warnings.warn(
/home/karimimonsefi.1/SSL_VAN/BTCV/trainer.py:53: UserWarning: Epoch 16/5000 11/12  loss: 3.6135  time 1.02s
  warnings.warn(
/home/karimimonsefi.1/SSL_VAN/BTCV/trainer.py:153: UserWarning: Final training  16/4999  loss: 3.6135  time 16.67s
  warnings.warn("Final training  {}/{}  loss: {:.4f}  time {:.2f}s".format(epoch, args.max_epochs - 1,
/home/karimimonsefi.1/SSL_VAN/BTCV/trainer.py:147: UserWarning: 0  Fri Mar 24 08:07:43 2023  Epoch: 17
  warnings.warn(f"{args.rank}  {time.ctime()}  Epoch: {epoch}")
/home/karimimonsefi.1/SSL_VAN/BTCV/trainer.py:53: UserWarning: Epoch 17/5000 0/12  loss: 3.6074  time 5.73s
  warnings.warn(
/home/karimimonsefi.1/SSL_VAN/BTCV/trainer.py:53: UserWarning: Epoch 17/5000 1/12  loss: 3.6078  time 1.09s
  warnings.warn(
/home/karimimonsefi.1/SSL_VAN/BTCV/trainer.py:53: UserWarning: Epoch 17/5000 2/12  loss: 3.6063  time 1.02s
  warnings.warn(
/home/karimimonsefi.1/SSL_VAN/BTCV/trainer.py:53: UserWarning: Epoch 17/5000 3/12  loss: 3.6059  time 1.02s
  warnings.warn(
/home/karimimonsefi.1/SSL_VAN/BTCV/trainer.py:53: UserWarning: Epoch 17/5000 4/12  loss: 3.6053  time 1.02s
  warnings.warn(
/home/karimimonsefi.1/SSL_VAN/BTCV/trainer.py:53: UserWarning: Epoch 17/5000 5/12  loss: 3.6046  time 1.02s
  warnings.warn(
/home/karimimonsefi.1/SSL_VAN/BTCV/trainer.py:53: UserWarning: Epoch 17/5000 6/12  loss: 3.6039  time 1.02s
  warnings.warn(
/home/karimimonsefi.1/SSL_VAN/BTCV/trainer.py:53: UserWarning: Epoch 17/5000 7/12  loss: 3.6030  time 1.02s
  warnings.warn(
/home/karimimonsefi.1/SSL_VAN/BTCV/trainer.py:53: UserWarning: Epoch 17/5000 8/12  loss: 3.6023  time 1.02s
  warnings.warn(
/home/karimimonsefi.1/SSL_VAN/BTCV/trainer.py:53: UserWarning: Epoch 17/5000 9/12  loss: 3.6015  time 1.02s
  warnings.warn(
/home/karimimonsefi.1/SSL_VAN/BTCV/trainer.py:53: UserWarning: Epoch 17/5000 10/12  loss: 3.6009  time 1.02s
  warnings.warn(
/home/karimimonsefi.1/SSL_VAN/BTCV/trainer.py:53: UserWarning: Epoch 17/5000 11/12  loss: 3.6003  time 1.02s
  warnings.warn(
/home/karimimonsefi.1/SSL_VAN/BTCV/trainer.py:153: UserWarning: Final training  17/4999  loss: 3.6003  time 17.00s
  warnings.warn("Final training  {}/{}  loss: {:.4f}  time {:.2f}s".format(epoch, args.max_epochs - 1,
/home/karimimonsefi.1/SSL_VAN/BTCV/trainer.py:147: UserWarning: 0  Fri Mar 24 08:08:00 2023  Epoch: 18
  warnings.warn(f"{args.rank}  {time.ctime()}  Epoch: {epoch}")
/home/karimimonsefi.1/SSL_VAN/BTCV/trainer.py:53: UserWarning: Epoch 18/5000 0/12  loss: 3.5876  time 6.23s
  warnings.warn(
/home/karimimonsefi.1/SSL_VAN/BTCV/trainer.py:53: UserWarning: Epoch 18/5000 1/12  loss: 3.5884  time 1.05s
  warnings.warn(
/home/karimimonsefi.1/SSL_VAN/BTCV/trainer.py:53: UserWarning: Epoch 18/5000 2/12  loss: 3.5875  time 1.02s
  warnings.warn(
/home/karimimonsefi.1/SSL_VAN/BTCV/trainer.py:53: UserWarning: Epoch 18/5000 3/12  loss: 3.5865  time 1.02s
  warnings.warn(
/home/karimimonsefi.1/SSL_VAN/BTCV/trainer.py:53: UserWarning: Epoch 18/5000 4/12  loss: 3.5854  time 1.03s
  warnings.warn(
/home/karimimonsefi.1/SSL_VAN/BTCV/trainer.py:53: UserWarning: Epoch 18/5000 5/12  loss: 3.5843  time 1.02s
  warnings.warn(
/home/karimimonsefi.1/SSL_VAN/BTCV/trainer.py:53: UserWarning: Epoch 18/5000 6/12  loss: 3.5828  time 1.02s
  warnings.warn(
/home/karimimonsefi.1/SSL_VAN/BTCV/trainer.py:53: UserWarning: Epoch 18/5000 7/12  loss: 3.5814  time 1.02s
  warnings.warn(
/home/karimimonsefi.1/SSL_VAN/BTCV/trainer.py:53: UserWarning: Epoch 18/5000 8/12  loss: 3.5799  time 1.02s
  warnings.warn(
/home/karimimonsefi.1/SSL_VAN/BTCV/trainer.py:53: UserWarning: Epoch 18/5000 9/12  loss: 3.5788  time 1.02s
  warnings.warn(
/home/karimimonsefi.1/SSL_VAN/BTCV/trainer.py:53: UserWarning: Epoch 18/5000 10/12  loss: 3.5772  time 1.02s
  warnings.warn(
/home/karimimonsefi.1/SSL_VAN/BTCV/trainer.py:53: UserWarning: Epoch 18/5000 11/12  loss: 3.5758  time 1.02s
  warnings.warn(
/home/karimimonsefi.1/SSL_VAN/BTCV/trainer.py:153: UserWarning: Final training  18/4999  loss: 3.5758  time 17.48s
  warnings.warn("Final training  {}/{}  loss: {:.4f}  time {:.2f}s".format(epoch, args.max_epochs - 1,
/home/karimimonsefi.1/SSL_VAN/BTCV/trainer.py:147: UserWarning: 0  Fri Mar 24 08:08:17 2023  Epoch: 19
  warnings.warn(f"{args.rank}  {time.ctime()}  Epoch: {epoch}")
/home/karimimonsefi.1/SSL_VAN/BTCV/trainer.py:53: UserWarning: Epoch 19/5000 0/12  loss: 3.5605  time 7.56s
  warnings.warn(
/home/karimimonsefi.1/SSL_VAN/BTCV/trainer.py:53: UserWarning: Epoch 19/5000 1/12  loss: 3.5562  time 1.02s
  warnings.warn(
/home/karimimonsefi.1/SSL_VAN/BTCV/trainer.py:53: UserWarning: Epoch 19/5000 2/12  loss: 3.5544  time 1.02s
  warnings.warn(
/home/karimimonsefi.1/SSL_VAN/BTCV/trainer.py:53: UserWarning: Epoch 19/5000 3/12  loss: 3.5518  time 1.02s
  warnings.warn(
/home/karimimonsefi.1/SSL_VAN/BTCV/trainer.py:53: UserWarning: Epoch 19/5000 4/12  loss: 3.5499  time 1.02s
  warnings.warn(
/home/karimimonsefi.1/SSL_VAN/BTCV/trainer.py:53: UserWarning: Epoch 19/5000 5/12  loss: 3.5478  time 1.02s
  warnings.warn(
/home/karimimonsefi.1/SSL_VAN/BTCV/trainer.py:53: UserWarning: Epoch 19/5000 6/12  loss: 3.5454  time 1.02s
  warnings.warn(
/home/karimimonsefi.1/SSL_VAN/BTCV/trainer.py:53: UserWarning: Epoch 19/5000 7/12  loss: 3.5432  time 1.02s
  warnings.warn(
/home/karimimonsefi.1/SSL_VAN/BTCV/trainer.py:53: UserWarning: Epoch 19/5000 8/12  loss: 3.5412  time 1.02s
  warnings.warn(
/home/karimimonsefi.1/SSL_VAN/BTCV/trainer.py:53: UserWarning: Epoch 19/5000 9/12  loss: 3.5388  time 1.02s
  warnings.warn(
/home/karimimonsefi.1/SSL_VAN/BTCV/trainer.py:53: UserWarning: Epoch 19/5000 10/12  loss: 3.5371  time 1.02s
  warnings.warn(
/home/karimimonsefi.1/SSL_VAN/BTCV/trainer.py:53: UserWarning: Epoch 19/5000 11/12  loss: 3.5346  time 1.02s
  warnings.warn(
/home/karimimonsefi.1/SSL_VAN/BTCV/trainer.py:153: UserWarning: Final training  19/4999  loss: 3.5346  time 18.77s
  warnings.warn("Final training  {}/{}  loss: {:.4f}  time {:.2f}s".format(epoch, args.max_epochs - 1,
/home/karimimonsefi.1/SSL_VAN/BTCV/trainer.py:102: UserWarning: Val 19/5000 0/6  acc 0.1889183074235916  time 3.38s
  warnings.warn("Val {}/{} {}/{}  acc {}  time {:.2f}s".format(epoch, args.max_epochs, idx, len(loader),
/home/karimimonsefi.1/SSL_VAN/BTCV/trainer.py:102: UserWarning: Val 19/5000 1/6  acc 0.166527658700943  time 0.57s
  warnings.warn("Val {}/{} {}/{}  acc {}  time {:.2f}s".format(epoch, args.max_epochs, idx, len(loader),
/home/karimimonsefi.1/SSL_VAN/BTCV/trainer.py:102: UserWarning: Val 19/5000 2/6  acc 0.14922596514225006  time 0.21s
  warnings.warn("Val {}/{} {}/{}  acc {}  time {:.2f}s".format(epoch, args.max_epochs, idx, len(loader),
/home/karimimonsefi.1/SSL_VAN/BTCV/trainer.py:102: UserWarning: Val 19/5000 3/6  acc 0.15191802382469177  time 0.21s
  warnings.warn("Val {}/{} {}/{}  acc {}  time {:.2f}s".format(epoch, args.max_epochs, idx, len(loader),
/home/karimimonsefi.1/SSL_VAN/BTCV/trainer.py:102: UserWarning: Val 19/5000 4/6  acc 0.15255291759967804  time 0.21s
  warnings.warn("Val {}/{} {}/{}  acc {}  time {:.2f}s".format(epoch, args.max_epochs, idx, len(loader),
/home/karimimonsefi.1/SSL_VAN/BTCV/trainer.py:102: UserWarning: Val 19/5000 5/6  acc 0.1449875831604004  time 0.21s
  warnings.warn("Val {}/{} {}/{}  acc {}  time {:.2f}s".format(epoch, args.max_epochs, idx, len(loader),
/home/karimimonsefi.1/SSL_VAN/BTCV/trainer.py:177: UserWarning: Final validation  19/4999  acc: 0.1450  time 4.80s
  warnings.warn("Final validation  {}/{}  acc: {:.4f}  time {:.2f}s".format(epoch, args.max_epochs - 1,
/home/karimimonsefi.1/SSL_VAN/BTCV/trainer.py:183: UserWarning: new best (0.007399 --> 0.144988). 
  warnings.warn("new best ({:.6f} --> {:.6f}). ".format(val_acc_max, val_avg_acc))
/home/karimimonsefi.1/SSL_VAN/BTCV/trainer.py:147: UserWarning: 0  Fri Mar 24 08:08:42 2023  Epoch: 20
  warnings.warn(f"{args.rank}  {time.ctime()}  Epoch: {epoch}")
/home/karimimonsefi.1/SSL_VAN/BTCV/trainer.py:53: UserWarning: Epoch 20/5000 0/12  loss: 3.5093  time 6.52s
  warnings.warn(
/home/karimimonsefi.1/SSL_VAN/BTCV/trainer.py:53: UserWarning: Epoch 20/5000 1/12  loss: 3.5061  time 1.02s
  warnings.warn(
/home/karimimonsefi.1/SSL_VAN/BTCV/trainer.py:53: UserWarning: Epoch 20/5000 2/12  loss: 3.5002  time 1.02s
  warnings.warn(
/home/karimimonsefi.1/SSL_VAN/BTCV/trainer.py:53: UserWarning: Epoch 20/5000 3/12  loss: 3.4999  time 1.02s
  warnings.warn(
/home/karimimonsefi.1/SSL_VAN/BTCV/trainer.py:53: UserWarning: Epoch 20/5000 4/12  loss: 3.4954  time 1.02s
  warnings.warn(
/home/karimimonsefi.1/SSL_VAN/BTCV/trainer.py:53: UserWarning: Epoch 20/5000 5/12  loss: 3.4921  time 1.01s
  warnings.warn(
/home/karimimonsefi.1/SSL_VAN/BTCV/trainer.py:53: UserWarning: Epoch 20/5000 6/12  loss: 3.4868  time 1.02s
  warnings.warn(
/home/karimimonsefi.1/SSL_VAN/BTCV/trainer.py:53: UserWarning: Epoch 20/5000 7/12  loss: 3.4816  time 1.02s
  warnings.warn(
/home/karimimonsefi.1/SSL_VAN/BTCV/trainer.py:53: UserWarning: Epoch 20/5000 8/12  loss: 3.4768  time 1.02s
  warnings.warn(
/home/karimimonsefi.1/SSL_VAN/BTCV/trainer.py:53: UserWarning: Epoch 20/5000 9/12  loss: 3.4725  time 1.01s
  warnings.warn(
/home/karimimonsefi.1/SSL_VAN/BTCV/trainer.py:53: UserWarning: Epoch 20/5000 10/12  loss: 3.4686  time 1.02s
  warnings.warn(
/home/karimimonsefi.1/SSL_VAN/BTCV/trainer.py:53: UserWarning: Epoch 20/5000 11/12  loss: 3.4641  time 1.02s
  warnings.warn(
/home/karimimonsefi.1/SSL_VAN/BTCV/trainer.py:153: UserWarning: Final training  20/4999  loss: 3.4641  time 17.71s
  warnings.warn("Final training  {}/{}  loss: {:.4f}  time {:.2f}s".format(epoch, args.max_epochs - 1,
/home/karimimonsefi.1/SSL_VAN/BTCV/trainer.py:147: UserWarning: 0  Fri Mar 24 08:08:59 2023  Epoch: 21
  warnings.warn(f"{args.rank}  {time.ctime()}  Epoch: {epoch}")
/home/karimimonsefi.1/SSL_VAN/BTCV/trainer.py:53: UserWarning: Epoch 21/5000 0/12  loss: 3.4184  time 5.97s
  warnings.warn(
/home/karimimonsefi.1/SSL_VAN/BTCV/trainer.py:53: UserWarning: Epoch 21/5000 1/12  loss: 3.4163  time 1.10s
  warnings.warn(
/home/karimimonsefi.1/SSL_VAN/BTCV/trainer.py:53: UserWarning: Epoch 21/5000 2/12  loss: 3.4052  time 1.02s
  warnings.warn(
/home/karimimonsefi.1/SSL_VAN/BTCV/trainer.py:53: UserWarning: Epoch 21/5000 3/12  loss: 3.4012  time 1.01s
  warnings.warn(
/home/karimimonsefi.1/SSL_VAN/BTCV/trainer.py:53: UserWarning: Epoch 21/5000 4/12  loss: 3.3931  time 1.02s
  warnings.warn(
/home/karimimonsefi.1/SSL_VAN/BTCV/trainer.py:53: UserWarning: Epoch 21/5000 5/12  loss: 3.3858  time 1.02s
  warnings.warn(
/home/karimimonsefi.1/SSL_VAN/BTCV/trainer.py:53: UserWarning: Epoch 21/5000 6/12  loss: 3.3761  time 1.02s
  warnings.warn(
/home/karimimonsefi.1/SSL_VAN/BTCV/trainer.py:53: UserWarning: Epoch 21/5000 7/12  loss: 3.3693  time 1.02s
  warnings.warn(
/home/karimimonsefi.1/SSL_VAN/BTCV/trainer.py:53: UserWarning: Epoch 21/5000 8/12  loss: 3.3617  time 1.02s
  warnings.warn(
/home/karimimonsefi.1/SSL_VAN/BTCV/trainer.py:53: UserWarning: Epoch 21/5000 9/12  loss: 3.3552  time 1.02s
  warnings.warn(
/home/karimimonsefi.1/SSL_VAN/BTCV/trainer.py:53: UserWarning: Epoch 21/5000 10/12  loss: 3.3496  time 1.02s
  warnings.warn(
/home/karimimonsefi.1/SSL_VAN/BTCV/trainer.py:53: UserWarning: Epoch 21/5000 11/12  loss: 3.3433  time 1.02s
  warnings.warn(
/home/karimimonsefi.1/SSL_VAN/BTCV/trainer.py:153: UserWarning: Final training  21/4999  loss: 3.3433  time 17.25s
  warnings.warn("Final training  {}/{}  loss: {:.4f}  time {:.2f}s".format(epoch, args.max_epochs - 1,
/home/karimimonsefi.1/SSL_VAN/BTCV/trainer.py:147: UserWarning: 0  Fri Mar 24 08:09:17 2023  Epoch: 22
  warnings.warn(f"{args.rank}  {time.ctime()}  Epoch: {epoch}")
/home/karimimonsefi.1/SSL_VAN/BTCV/trainer.py:53: UserWarning: Epoch 22/5000 0/12  loss: 3.2573  time 6.27s
  warnings.warn(
/home/karimimonsefi.1/SSL_VAN/BTCV/trainer.py:53: UserWarning: Epoch 22/5000 1/12  loss: 3.2433  time 1.02s
  warnings.warn(
/home/karimimonsefi.1/SSL_VAN/BTCV/trainer.py:53: UserWarning: Epoch 22/5000 2/12  loss: 3.2373  time 1.02s
  warnings.warn(
/home/karimimonsefi.1/SSL_VAN/BTCV/trainer.py:53: UserWarning: Epoch 22/5000 3/12  loss: 3.2310  time 1.02s
  warnings.warn(
/home/karimimonsefi.1/SSL_VAN/BTCV/trainer.py:53: UserWarning: Epoch 22/5000 4/12  loss: 3.2191  time 1.02s
  warnings.warn(
/home/karimimonsefi.1/SSL_VAN/BTCV/trainer.py:53: UserWarning: Epoch 22/5000 5/12  loss: 3.2112  time 1.02s
  warnings.warn(
/home/karimimonsefi.1/SSL_VAN/BTCV/trainer.py:53: UserWarning: Epoch 22/5000 6/12  loss: 3.2006  time 1.02s
  warnings.warn(
/home/karimimonsefi.1/SSL_VAN/BTCV/trainer.py:53: UserWarning: Epoch 22/5000 7/12  loss: 3.1931  time 1.02s
  warnings.warn(
/home/karimimonsefi.1/SSL_VAN/BTCV/trainer.py:53: UserWarning: Epoch 22/5000 8/12  loss: 3.1847  time 1.02s
  warnings.warn(
/home/karimimonsefi.1/SSL_VAN/BTCV/trainer.py:53: UserWarning: Epoch 22/5000 9/12  loss: 3.1784  time 1.02s
  warnings.warn(
/home/karimimonsefi.1/SSL_VAN/BTCV/trainer.py:53: UserWarning: Epoch 22/5000 10/12  loss: 3.1666  time 1.02s
  warnings.warn(
/home/karimimonsefi.1/SSL_VAN/BTCV/trainer.py:53: UserWarning: Epoch 22/5000 11/12  loss: 3.1578  time 1.02s
  warnings.warn(
/home/karimimonsefi.1/SSL_VAN/BTCV/trainer.py:153: UserWarning: Final training  22/4999  loss: 3.1578  time 17.48s
  warnings.warn("Final training  {}/{}  loss: {:.4f}  time {:.2f}s".format(epoch, args.max_epochs - 1,
/home/karimimonsefi.1/SSL_VAN/BTCV/trainer.py:147: UserWarning: 0  Fri Mar 24 08:09:34 2023  Epoch: 23
  warnings.warn(f"{args.rank}  {time.ctime()}  Epoch: {epoch}")
/home/karimimonsefi.1/SSL_VAN/BTCV/trainer.py:53: UserWarning: Epoch 23/5000 0/12  loss: 3.0040  time 7.33s
  warnings.warn(
/home/karimimonsefi.1/SSL_VAN/BTCV/trainer.py:53: UserWarning: Epoch 23/5000 1/12  loss: 2.9990  time 1.02s
  warnings.warn(
/home/karimimonsefi.1/SSL_VAN/BTCV/trainer.py:53: UserWarning: Epoch 23/5000 2/12  loss: 2.9800  time 1.02s
  warnings.warn(
/home/karimimonsefi.1/SSL_VAN/BTCV/trainer.py:53: UserWarning: Epoch 23/5000 3/12  loss: 2.9654  time 1.02s
  warnings.warn(
/home/karimimonsefi.1/SSL_VAN/BTCV/trainer.py:53: UserWarning: Epoch 23/5000 4/12  loss: 2.9674  time 1.02s
  warnings.warn(
/home/karimimonsefi.1/SSL_VAN/BTCV/trainer.py:53: UserWarning: Epoch 23/5000 5/12  loss: 2.9543  time 1.02s
  warnings.warn(
/home/karimimonsefi.1/SSL_VAN/BTCV/trainer.py:53: UserWarning: Epoch 23/5000 6/12  loss: 2.9425  time 1.02s
  warnings.warn(
/home/karimimonsefi.1/SSL_VAN/BTCV/trainer.py:53: UserWarning: Epoch 23/5000 7/12  loss: 2.9332  time 1.02s
  warnings.warn(
/home/karimimonsefi.1/SSL_VAN/BTCV/trainer.py:53: UserWarning: Epoch 23/5000 8/12  loss: 2.9291  time 1.02s
  warnings.warn(
/home/karimimonsefi.1/SSL_VAN/BTCV/trainer.py:53: UserWarning: Epoch 23/5000 9/12  loss: 2.9199  time 1.02s
  warnings.warn(
/home/karimimonsefi.1/SSL_VAN/BTCV/trainer.py:53: UserWarning: Epoch 23/5000 10/12  loss: 2.9118  time 1.02s
  warnings.warn(
/home/karimimonsefi.1/SSL_VAN/BTCV/trainer.py:53: UserWarning: Epoch 23/5000 11/12  loss: 2.8985  time 1.02s
  warnings.warn(
/home/karimimonsefi.1/SSL_VAN/BTCV/trainer.py:153: UserWarning: Final training  23/4999  loss: 2.8985  time 18.53s
  warnings.warn("Final training  {}/{}  loss: {:.4f}  time {:.2f}s".format(epoch, args.max_epochs - 1,
/home/karimimonsefi.1/SSL_VAN/BTCV/trainer.py:147: UserWarning: 0  Fri Mar 24 08:09:53 2023  Epoch: 24
  warnings.warn(f"{args.rank}  {time.ctime()}  Epoch: {epoch}")
slurmstepd: error: *** JOB 33437 ON a100-02 CANCELLED AT 2023-03-24T08:09:56 ***
