/var/spool/slurmd/job45693/slurm_script: line 11: cd: SSL_VAN: No such file or directory

----------------------------------------------------------------------------
  cuda:
----------------------------------------------------------------------------
     Versions:
        cuda/10.2
        cuda/11.0
        cuda/11.2
        cuda/11.3
        cuda/11.4
        cuda/11.5
        cuda/11.6
        cuda/12.0

----------------------------------------------------------------------------
  For detailed information about a specific "cuda" package (including how to load the modules) use the module's full name.
  Note that names that have a trailing (E) are extensions provided by other modules.
  For example:

     $ module spider cuda/12.0
----------------------------------------------------------------------------

 


CommandNotFoundError: Your shell has not been properly configured to use 'conda activate'.
To initialize your shell, run

    $ conda init <SHELL_NAME>

Currently supported shells are:
  - bash
  - fish
  - tcsh
  - xonsh
  - zsh
  - powershell

See 'conda init --help' for more information and options.

IMPORTANT: You may need to close and restart your shell after running 'conda init'.


/home/karimimonsefi.1/miniconda3/lib/python3.9/site-packages/mmcv/__init__.py:20: UserWarning: On January 1, 2023, MMCV will release v2.0.0, in which it will remove components related to the training process and add a data transformation module. In addition, it will rename the package names mmcv to mmcv-lite and mmcv-full to mmcv. See https://github.com/open-mmlab/mmcv/blob/master/docs/en/compatibility.md for more details.
  warnings.warn(
/home/karimimonsefi.1/SSL_VAN/BTCV/main.py:101: UserWarning: Found total gpus 2
  warnings.warn("Found total gpus {}".format(args.ngpus_per_node))
/home/karimimonsefi.1/miniconda3/lib/python3.9/site-packages/mmcv/__init__.py:20: UserWarning: On January 1, 2023, MMCV will release v2.0.0, in which it will remove components related to the training process and add a data transformation module. In addition, it will rename the package names mmcv to mmcv-lite and mmcv-full to mmcv. See https://github.com/open-mmlab/mmcv/blob/master/docs/en/compatibility.md for more details.
  warnings.warn(
/home/karimimonsefi.1/miniconda3/lib/python3.9/site-packages/mmcv/__init__.py:20: UserWarning: On January 1, 2023, MMCV will release v2.0.0, in which it will remove components related to the training process and add a data transformation module. In addition, it will rename the package names mmcv to mmcv-lite and mmcv-full to mmcv. See https://github.com/open-mmlab/mmcv/blob/master/docs/en/compatibility.md for more details.
  warnings.warn(
/home/karimimonsefi.1/SSL_VAN/BTCV/main.py:127: UserWarning: 1 gpu 1
  warnings.warn(f"{args.rank} gpu {args.gpu}")
/home/karimimonsefi.1/SSL_VAN/BTCV/main.py:127: UserWarning: 0 gpu 0
  warnings.warn(f"{args.rank} gpu {args.gpu}")
/home/karimimonsefi.1/SSL_VAN/BTCV/main.py:129: UserWarning: Batch size is: 2 epochs 15000
  warnings.warn(f"Batch size is: {args.batch_size} epochs {args.max_epochs}")
/home/karimimonsefi.1/miniconda3/lib/python3.9/site-packages/monai/transforms/post/array.py:176: UserWarning: `to_onehot=True/False` is deprecated, please use `to_onehot=num_classes` instead.
  warnings.warn("`to_onehot=True/False` is deprecated, please use `to_onehot=num_classes` instead.")
/home/karimimonsefi.1/SSL_VAN/BTCV/main.py:202: UserWarning: Total parameters count 228846626
  warnings.warn(f"Total parameters count {pytorch_total_params}")
/home/karimimonsefi.1/SSL_VAN/BTCV/main.py:205: UserWarning: Total args.checkpoint True
  warnings.warn(f"Total args.checkpoint {args.checkpoint}")
/home/karimimonsefi.1/SSL_VAN/BTCV/main.py:212: UserWarning:  Best url model is 96-192-384-768_6-6-90-6_8-8-4-4_deconv__best.pt, final model url is 96-192-384-768_6-6-90-6_8-8-4-4_deconv__final.pt
  warnings.warn(f" Best url model is {args.best_model_url}, final model url is {args.final_model_url}")
/home/karimimonsefi.1/miniconda3/lib/python3.9/site-packages/monai/transforms/post/array.py:176: UserWarning: `to_onehot=True/False` is deprecated, please use `to_onehot=num_classes` instead.
  warnings.warn("`to_onehot=True/False` is deprecated, please use `to_onehot=num_classes` instead.")
/home/karimimonsefi.1/SSL_VAN/BTCV/main.py:202: UserWarning: Total parameters count 228846626
  warnings.warn(f"Total parameters count {pytorch_total_params}")
/home/karimimonsefi.1/SSL_VAN/BTCV/main.py:205: UserWarning: Total args.checkpoint True
  warnings.warn(f"Total args.checkpoint {args.checkpoint}")
/home/karimimonsefi.1/SSL_VAN/BTCV/main.py:212: UserWarning:  Best url model is 96-192-384-768_6-6-90-6_8-8-4-4_deconv__best.pt, final model url is 96-192-384-768_6-6-90-6_8-8-4-4_deconv__final.pt
  warnings.warn(f" Best url model is {args.best_model_url}, final model url is {args.final_model_url}")
/home/karimimonsefi.1/SSL_VAN/BTCV/main.py:226: UserWarning: => loaded checkpoint 'True' (epoch 14999) (bestacc 0.42506104707717896)
  warnings.warn("=> loaded checkpoint '{}' (epoch {}) (bestacc {})".format(
/home/karimimonsefi.1/SSL_VAN/BTCV/main.py:226: UserWarning: => loaded checkpoint 'True' (epoch 14999) (bestacc 0.42506104707717896)
  warnings.warn("=> loaded checkpoint '{}' (epoch {}) (bestacc {})".format(
/home/karimimonsefi.1/SSL_VAN/BTCV/trainer.py:140: UserWarning: Writing Tensorboard logs to ./runs/BTCV/test_log
  warnings.warn(f"Writing Tensorboard logs to {args.logdir}")
/home/karimimonsefi.1/SSL_VAN/BTCV/trainer.py:148: UserWarning: 0  Sun Apr 23 09:43:50 2023  Epoch: 14999
  warnings.warn(f"{args.rank}  {time.ctime()}  Epoch: {epoch}")
/home/karimimonsefi.1/SSL_VAN/BTCV/trainer.py:148: UserWarning: 1  Sun Apr 23 09:43:50 2023  Epoch: 14999
  warnings.warn(f"{args.rank}  {time.ctime()}  Epoch: {epoch}")
input_list/dataset_BTCV_List.json
input_list/dataset_BTCV_List.json
/home/karimimonsefi.1/SSL_VAN/util_models/van_3d.py:206: UserWarning: input size 0 stage torch.Size([8, 96, 24, 24, 24])
  warnings.warn("input size {} stage {}".format(i, x.shape))
/home/karimimonsefi.1/SSL_VAN/util_models/van_3d.py:206: UserWarning: input size 0 stage torch.Size([8, 96, 24, 24, 24])
  warnings.warn("input size {} stage {}".format(i, x.shape))
/home/karimimonsefi.1/SSL_VAN/util_models/van_3d.py:206: UserWarning: input size 1 stage torch.Size([8, 192, 12, 12, 12])
  warnings.warn("input size {} stage {}".format(i, x.shape))
/home/karimimonsefi.1/SSL_VAN/util_models/van_3d.py:206: UserWarning: input size 1 stage torch.Size([8, 192, 12, 12, 12])
  warnings.warn("input size {} stage {}".format(i, x.shape))
/home/karimimonsefi.1/SSL_VAN/util_models/van_3d.py:206: UserWarning: input size 2 stage torch.Size([8, 384, 6, 6, 6])
  warnings.warn("input size {} stage {}".format(i, x.shape))
/home/karimimonsefi.1/SSL_VAN/util_models/van_3d.py:206: UserWarning: input size 2 stage torch.Size([8, 384, 6, 6, 6])
  warnings.warn("input size {} stage {}".format(i, x.shape))
/home/karimimonsefi.1/SSL_VAN/util_models/van_3d.py:206: UserWarning: input size 3 stage torch.Size([8, 768, 3, 3, 3])
  warnings.warn("input size {} stage {}".format(i, x.shape))
/home/karimimonsefi.1/SSL_VAN/util_models/van_3d.py:206: UserWarning: input size 3 stage torch.Size([8, 768, 3, 3, 3])
  warnings.warn("input size {} stage {}".format(i, x.shape))
/home/karimimonsefi.1/SSL_VAN/BTCV/trainer.py:54: UserWarning: Epoch 14999/15000 0/6  loss: 1.4594  time 12.69s
  warnings.warn(
/home/karimimonsefi.1/SSL_VAN/BTCV/trainer.py:54: UserWarning: Epoch 14999/15000 1/6  loss: 1.5322  time 1.27s
  warnings.warn(
/home/karimimonsefi.1/SSL_VAN/BTCV/trainer.py:54: UserWarning: Epoch 14999/15000 2/6  loss: 1.5637  time 1.27s
  warnings.warn(
/home/karimimonsefi.1/SSL_VAN/BTCV/trainer.py:54: UserWarning: Epoch 14999/15000 3/6  loss: 1.5646  time 1.26s
  warnings.warn(
/home/karimimonsefi.1/SSL_VAN/BTCV/trainer.py:54: UserWarning: Epoch 14999/15000 4/6  loss: 1.5746  time 1.27s
  warnings.warn(
/home/karimimonsefi.1/SSL_VAN/BTCV/trainer.py:54: UserWarning: Epoch 14999/15000 5/6  loss: 1.5786  time 1.26s
  warnings.warn(
/home/karimimonsefi.1/SSL_VAN/BTCV/trainer.py:154: UserWarning: Final training  14999/14999  loss: 1.5786  time 19.04s
  warnings.warn("Final training  {}/{}  loss: {:.4f}  time {:.2f}s".format(epoch, args.max_epochs - 1,
/home/karimimonsefi.1/SSL_VAN/util_models/van_3d.py:206: UserWarning: input size 0 stage torch.Size([20, 96, 24, 24, 24])
  warnings.warn("input size {} stage {}".format(i, x.shape))
/home/karimimonsefi.1/SSL_VAN/util_models/van_3d.py:206: UserWarning: input size 1 stage torch.Size([20, 192, 12, 12, 12])
  warnings.warn("input size {} stage {}".format(i, x.shape))
/home/karimimonsefi.1/SSL_VAN/util_models/van_3d.py:206: UserWarning: input size 2 stage torch.Size([20, 384, 6, 6, 6])
  warnings.warn("input size {} stage {}".format(i, x.shape))
/home/karimimonsefi.1/SSL_VAN/util_models/van_3d.py:206: UserWarning: input size 3 stage torch.Size([20, 768, 3, 3, 3])
  warnings.warn("input size {} stage {}".format(i, x.shape))
/home/karimimonsefi.1/SSL_VAN/util_models/van_3d.py:206: UserWarning: input size 0 stage torch.Size([20, 96, 24, 24, 24])
  warnings.warn("input size {} stage {}".format(i, x.shape))
/home/karimimonsefi.1/SSL_VAN/util_models/van_3d.py:206: UserWarning: input size 1 stage torch.Size([20, 192, 12, 12, 12])
  warnings.warn("input size {} stage {}".format(i, x.shape))
/home/karimimonsefi.1/SSL_VAN/util_models/van_3d.py:206: UserWarning: input size 2 stage torch.Size([20, 384, 6, 6, 6])
  warnings.warn("input size {} stage {}".format(i, x.shape))
/home/karimimonsefi.1/SSL_VAN/util_models/van_3d.py:206: UserWarning: input size 3 stage torch.Size([20, 768, 3, 3, 3])
  warnings.warn("input size {} stage {}".format(i, x.shape))
/home/karimimonsefi.1/SSL_VAN/BTCV/trainer.py:103: UserWarning: Val 14999/15000 0/3  acc 0.41159605979919434  time 5.36s
  warnings.warn("Val {}/{} {}/{}  acc {}  time {:.2f}s".format(epoch, args.max_epochs, idx, len(loader),
/home/karimimonsefi.1/SSL_VAN/BTCV/trainer.py:103: UserWarning: Val 14999/15000 1/3  acc 0.3171362280845642  time 0.43s
  warnings.warn("Val {}/{} {}/{}  acc {}  time {:.2f}s".format(epoch, args.max_epochs, idx, len(loader),
/home/karimimonsefi.1/SSL_VAN/BTCV/trainer.py:103: UserWarning: Val 14999/15000 2/3  acc 0.32982736825942993  time 0.42s
  warnings.warn("Val {}/{} {}/{}  acc {}  time {:.2f}s".format(epoch, args.max_epochs, idx, len(loader),
/home/karimimonsefi.1/SSL_VAN/BTCV/trainer.py:178: UserWarning: Final validation  14999/14999  acc: 0.3298  time 6.22s
  warnings.warn("Final validation  {}/{}  acc: {:.4f}  time {:.2f}s".format(epoch, args.max_epochs - 1,
/home/karimimonsefi.1/SSL_VAN/BTCV/trainer.py:202: UserWarning: Training Finished !, Best Accuracy: 0.42506104707717896
  warnings.warn("Training Finished !, Best Accuracy: {}".format(val_acc_max))
/home/karimimonsefi.1/SSL_VAN/BTCV/trainer.py:118: UserWarning: Saving checkpoint ./runs/BTCV/test_log/96-192-384-768_6-6-90-6_8-8-4-4_deconv__final.pt
  warnings.warn(f"Saving checkpoint {filename}")
/home/karimimonsefi.1/SSL_VAN/BTCV/trainer.py:202: UserWarning: Training Finished !, Best Accuracy: 0.42506104707717896
  warnings.warn("Training Finished !, Best Accuracy: {}".format(val_acc_max))
Exception in thread Thread-1:
Traceback (most recent call last):
  File "/home/karimimonsefi.1/miniconda3/lib/python3.9/threading.py", line 980, in _bootstrap_inner
    self.run()
  File "/home/karimimonsefi.1/miniconda3/lib/python3.9/site-packages/tensorboardX/event_file_writer.py", line 202, in run
    data = self._queue.get(True, queue_wait_duration)
  File "/home/karimimonsefi.1/miniconda3/lib/python3.9/multiprocessing/queues.py", line 117, in get
    res = self._recv_bytes()
  File "/home/karimimonsefi.1/miniconda3/lib/python3.9/multiprocessing/connection.py", line 212, in recv_bytes
    self._check_closed()
  File "/home/karimimonsefi.1/miniconda3/lib/python3.9/multiprocessing/connection.py", line 136, in _check_closed
    raise OSError("handle is closed")
OSError: handle is closed
