/var/spool/slurmd/job72836/slurm_script: line 11: cd: SSL_VAN: No such file or directory

----------------------------------------------------------------------------
  cuda:
----------------------------------------------------------------------------
     Versions:
        cuda/10.2
        cuda/11.0
        cuda/11.2
        cuda/11.3
        cuda/11.4
        cuda/11.5
        cuda/11.6
        cuda/11.7
        cuda/11.8
        cuda/12.0

----------------------------------------------------------------------------
  For detailed information about a specific "cuda" package (including how to load the modules) use the module's full name.
  Note that names that have a trailing (E) are extensions provided by other modules.
  For example:

     $ module spider cuda/12.0
----------------------------------------------------------------------------

 


CommandNotFoundError: Your shell has not been properly configured to use 'conda activate'.
To initialize your shell, run

    $ conda init <SHELL_NAME>

Currently supported shells are:
  - bash
  - fish
  - tcsh
  - xonsh
  - zsh
  - powershell

See 'conda init --help' for more information and options.

IMPORTANT: You may need to close and restart your shell after running 'conda init'.


/home/karimimonsefi.1/miniconda3/lib/python3.9/site-packages/mmcv/__init__.py:20: UserWarning: On January 1, 2023, MMCV will release v2.0.0, in which it will remove components related to the training process and add a data transformation module. In addition, it will rename the package names mmcv to mmcv-lite and mmcv-full to mmcv. See https://github.com/open-mmlab/mmcv/blob/master/docs/en/compatibility.md for more details.
  warnings.warn(
/home/karimimonsefi.1/SSL_VAN/MSD/main.py:155: UserWarning: 0 gpu 0
  warnings.warn(f"{args.rank} gpu {args.gpu}")
/home/karimimonsefi.1/SSL_VAN/MSD/main.py:157: UserWarning: Batch size is: 1 epochs 10 and task is Task06_Lung
  warnings.warn(f"Batch size is: {args.batch_size} epochs {args.max_epochs} and task is {args.task}")
/home/karimimonsefi.1/miniconda3/lib/python3.9/site-packages/monai/transforms/post/array.py:176: UserWarning: `to_onehot=True/False` is deprecated, please use `to_onehot=num_classes` instead.
  warnings.warn("`to_onehot=True/False` is deprecated, please use `to_onehot=num_classes` instead.")
/home/karimimonsefi.1/SSL_VAN/MSD/main.py:190: UserWarning: Total parameters count 30745326
  warnings.warn(f"Total parameters count {pytorch_total_params}")
/home/karimimonsefi.1/SSL_VAN/MSD/main.py:193: UserWarning: Total args.checkpoint True
  warnings.warn(f"Total args.checkpoint {args.checkpoint}")
/home/karimimonsefi.1/SSL_VAN/commons/util.py:6: UserWarning:  base_url is 64-128-256-512_3-4-6-3_8-8-4-4_vae_inferer_valid_loader_nnUNet_Task06_Lung
  warnings.warn(f" base_url is {base_url}")
/home/karimimonsefi.1/SSL_VAN/commons/util.py:8: UserWarning:  output_url 1 is ./runs/MSD_new/test_log/output_True_False
  warnings.warn(f" output_url 1 is {output_url}")
/home/karimimonsefi.1/SSL_VAN/commons/util.py:9: UserWarning:  exists 1 is True
  warnings.warn(f" exists 1 is {os.path.exists(output_url)}")
/home/karimimonsefi.1/SSL_VAN/commons/util.py:13: UserWarning:  output_url 2 is ./runs/MSD_new/test_log/output_True_False/64-128-256-512_3-4-6-3_8-8-4-4_vae_inferer_valid_loader_nnUNet_Task06_Lung
  warnings.warn(f" output_url 2 is {output_url}")
/home/karimimonsefi.1/SSL_VAN/commons/util.py:14: UserWarning:  exists 2 is True
  warnings.warn(f" exists 2 is {os.path.exists(output_url)}")
/home/karimimonsefi.1/SSL_VAN/commons/util.py:20: UserWarning:  Best url model is 64-128-256-512_3-4-6-3_8-8-4-4_vae_inferer_valid_loader_nnUNet_Task06_Lung__best.pt, final model url is 64-128-256-512_3-4-6-3_8-8-4-4_vae_inferer_valid_loader_nnUNet_Task06_Lung__final.pt
  warnings.warn(f" Best url model is {args.best_model_url}, final model url is {args.final_model_url}")
/home/karimimonsefi.1/SSL_VAN/MSD/main.py:207: UserWarning: => loaded checkpoint 'True' (epoch 651) (bestacc 0.8138042092323303)
  warnings.warn("=> loaded checkpoint '{}' (epoch {}) (bestacc {})".format(
/home/karimimonsefi.1/SSL_VAN/MSD/tester.py:26: UserWarning: image_name lung_051.nii.gz
  warnings.warn("image_name {}".format(image_name))
/home/karimimonsefi.1/miniconda3/lib/python3.9/site-packages/monai/metrics/hausdorff_distance.py:166: UserWarning: the ground truth of class 0 is all 0, this may result in nan/inf distance.
  warnings.warn(f"the ground truth of class {c} is all 0, this may result in nan/inf distance.")
/home/karimimonsefi.1/miniconda3/lib/python3.9/site-packages/numpy/lib/function_base.py:4573: RuntimeWarning: invalid value encountered in subtract
  diff_b_a = subtract(b, a)
/home/karimimonsefi.1/miniconda3/lib/python3.9/site-packages/monai/metrics/hausdorff_distance.py:166: UserWarning: the ground truth of class 2 is all 0, this may result in nan/inf distance.
  warnings.warn(f"the ground truth of class {c} is all 0, this may result in nan/inf distance.")
/home/karimimonsefi.1/miniconda3/lib/python3.9/site-packages/monai/metrics/hausdorff_distance.py:168: UserWarning: the prediction of class 2 is all 0, this may result in nan/inf distance.
  warnings.warn(f"the prediction of class {c} is all 0, this may result in nan/inf distance.")
/home/karimimonsefi.1/miniconda3/lib/python3.9/site-packages/monai/metrics/hausdorff_distance.py:166: UserWarning: the ground truth of class 3 is all 0, this may result in nan/inf distance.
  warnings.warn(f"the ground truth of class {c} is all 0, this may result in nan/inf distance.")
/home/karimimonsefi.1/miniconda3/lib/python3.9/site-packages/monai/metrics/hausdorff_distance.py:168: UserWarning: the prediction of class 3 is all 0, this may result in nan/inf distance.
  warnings.warn(f"the prediction of class {c} is all 0, this may result in nan/inf distance.")
/home/karimimonsefi.1/miniconda3/lib/python3.9/site-packages/monai/metrics/hausdorff_distance.py:166: UserWarning: the ground truth of class 4 is all 0, this may result in nan/inf distance.
  warnings.warn(f"the ground truth of class {c} is all 0, this may result in nan/inf distance.")
/home/karimimonsefi.1/miniconda3/lib/python3.9/site-packages/monai/metrics/hausdorff_distance.py:168: UserWarning: the prediction of class 4 is all 0, this may result in nan/inf distance.
  warnings.warn(f"the prediction of class {c} is all 0, this may result in nan/inf distance.")
/home/karimimonsefi.1/miniconda3/lib/python3.9/site-packages/monai/metrics/hausdorff_distance.py:166: UserWarning: the ground truth of class 5 is all 0, this may result in nan/inf distance.
  warnings.warn(f"the ground truth of class {c} is all 0, this may result in nan/inf distance.")
/home/karimimonsefi.1/miniconda3/lib/python3.9/site-packages/monai/metrics/hausdorff_distance.py:168: UserWarning: the prediction of class 5 is all 0, this may result in nan/inf distance.
  warnings.warn(f"the prediction of class {c} is all 0, this may result in nan/inf distance.")
/home/karimimonsefi.1/miniconda3/lib/python3.9/site-packages/monai/metrics/hausdorff_distance.py:166: UserWarning: the ground truth of class 6 is all 0, this may result in nan/inf distance.
  warnings.warn(f"the ground truth of class {c} is all 0, this may result in nan/inf distance.")
/home/karimimonsefi.1/miniconda3/lib/python3.9/site-packages/monai/metrics/hausdorff_distance.py:168: UserWarning: the prediction of class 6 is all 0, this may result in nan/inf distance.
  warnings.warn(f"the prediction of class {c} is all 0, this may result in nan/inf distance.")
/home/karimimonsefi.1/miniconda3/lib/python3.9/site-packages/monai/metrics/hausdorff_distance.py:166: UserWarning: the ground truth of class 7 is all 0, this may result in nan/inf distance.
  warnings.warn(f"the ground truth of class {c} is all 0, this may result in nan/inf distance.")
/home/karimimonsefi.1/miniconda3/lib/python3.9/site-packages/monai/metrics/hausdorff_distance.py:168: UserWarning: the prediction of class 7 is all 0, this may result in nan/inf distance.
  warnings.warn(f"the prediction of class {c} is all 0, this may result in nan/inf distance.")
/home/karimimonsefi.1/miniconda3/lib/python3.9/site-packages/monai/metrics/hausdorff_distance.py:166: UserWarning: the ground truth of class 8 is all 0, this may result in nan/inf distance.
  warnings.warn(f"the ground truth of class {c} is all 0, this may result in nan/inf distance.")
/home/karimimonsefi.1/miniconda3/lib/python3.9/site-packages/monai/metrics/hausdorff_distance.py:168: UserWarning: the prediction of class 8 is all 0, this may result in nan/inf distance.
  warnings.warn(f"the prediction of class {c} is all 0, this may result in nan/inf distance.")
/home/karimimonsefi.1/miniconda3/lib/python3.9/site-packages/monai/metrics/hausdorff_distance.py:166: UserWarning: the ground truth of class 9 is all 0, this may result in nan/inf distance.
  warnings.warn(f"the ground truth of class {c} is all 0, this may result in nan/inf distance.")
/home/karimimonsefi.1/miniconda3/lib/python3.9/site-packages/monai/metrics/hausdorff_distance.py:168: UserWarning: the prediction of class 9 is all 0, this may result in nan/inf distance.
  warnings.warn(f"the prediction of class {c} is all 0, this may result in nan/inf distance.")
/home/karimimonsefi.1/miniconda3/lib/python3.9/site-packages/monai/metrics/hausdorff_distance.py:166: UserWarning: the ground truth of class 10 is all 0, this may result in nan/inf distance.
  warnings.warn(f"the ground truth of class {c} is all 0, this may result in nan/inf distance.")
/home/karimimonsefi.1/miniconda3/lib/python3.9/site-packages/monai/metrics/hausdorff_distance.py:168: UserWarning: the prediction of class 10 is all 0, this may result in nan/inf distance.
  warnings.warn(f"the prediction of class {c} is all 0, this may result in nan/inf distance.")
/home/karimimonsefi.1/miniconda3/lib/python3.9/site-packages/monai/metrics/hausdorff_distance.py:166: UserWarning: the ground truth of class 11 is all 0, this may result in nan/inf distance.
  warnings.warn(f"the ground truth of class {c} is all 0, this may result in nan/inf distance.")
/home/karimimonsefi.1/miniconda3/lib/python3.9/site-packages/monai/metrics/hausdorff_distance.py:168: UserWarning: the prediction of class 11 is all 0, this may result in nan/inf distance.
  warnings.warn(f"the prediction of class {c} is all 0, this may result in nan/inf distance.")
/home/karimimonsefi.1/miniconda3/lib/python3.9/site-packages/monai/metrics/hausdorff_distance.py:166: UserWarning: the ground truth of class 12 is all 0, this may result in nan/inf distance.
  warnings.warn(f"the ground truth of class {c} is all 0, this may result in nan/inf distance.")
/home/karimimonsefi.1/miniconda3/lib/python3.9/site-packages/monai/metrics/hausdorff_distance.py:168: UserWarning: the prediction of class 12 is all 0, this may result in nan/inf distance.
  warnings.warn(f"the prediction of class {c} is all 0, this may result in nan/inf distance.")
/home/karimimonsefi.1/miniconda3/lib/python3.9/site-packages/monai/metrics/hausdorff_distance.py:166: UserWarning: the ground truth of class 13 is all 0, this may result in nan/inf distance.
  warnings.warn(f"the ground truth of class {c} is all 0, this may result in nan/inf distance.")
/home/karimimonsefi.1/miniconda3/lib/python3.9/site-packages/monai/metrics/hausdorff_distance.py:168: UserWarning: the prediction of class 13 is all 0, this may result in nan/inf distance.
  warnings.warn(f"the prediction of class {c} is all 0, this may result in nan/inf distance.")
/home/karimimonsefi.1/SSL_VAN/MSD/tester.py:63: UserWarning: temp 0
  warnings.warn("temp {}".format(temp))
/home/karimimonsefi.1/SSL_VAN/MSD/tester.py:64: UserWarning: hd_distance tensor([[     nan, 271.7164,      nan,      nan,      nan,      nan,      nan,
              nan,      nan,      nan,      nan,      nan,      nan,      nan]],
       dtype=torch.float64)
  warnings.warn("hd_distance {}".format(hd_distance))
/home/karimimonsefi.1/SSL_VAN/MSD/tester.py:75: UserWarning: test 0/13, len is 14
  warnings.warn("test {}/{}, len is {}".format(idx, len(loader), list_size))
/home/karimimonsefi.1/SSL_VAN/MSD/tester.py:77: UserWarning: 0: 0.9999690651893616,
  warnings.warn("{}: {},".format(i, run_acc.avg[i]))
/home/karimimonsefi.1/SSL_VAN/MSD/tester.py:77: UserWarning: 1: 0.8164380788803101,
  warnings.warn("{}: {},".format(i, run_acc.avg[i]))
/home/karimimonsefi.1/SSL_VAN/MSD/tester.py:77: UserWarning: 2: 1.0,
  warnings.warn("{}: {},".format(i, run_acc.avg[i]))
/home/karimimonsefi.1/SSL_VAN/MSD/tester.py:77: UserWarning: 3: 1.0,
  warnings.warn("{}: {},".format(i, run_acc.avg[i]))
/home/karimimonsefi.1/SSL_VAN/MSD/tester.py:77: UserWarning: 4: 1.0,
  warnings.warn("{}: {},".format(i, run_acc.avg[i]))
/home/karimimonsefi.1/SSL_VAN/MSD/tester.py:77: UserWarning: 5: 1.0,
  warnings.warn("{}: {},".format(i, run_acc.avg[i]))
/home/karimimonsefi.1/SSL_VAN/MSD/tester.py:77: UserWarning: 6: 1.0,
  warnings.warn("{}: {},".format(i, run_acc.avg[i]))
/home/karimimonsefi.1/SSL_VAN/MSD/tester.py:77: UserWarning: 7: 1.0,
  warnings.warn("{}: {},".format(i, run_acc.avg[i]))
/home/karimimonsefi.1/SSL_VAN/MSD/tester.py:77: UserWarning: 8: 1.0,
  warnings.warn("{}: {},".format(i, run_acc.avg[i]))
/home/karimimonsefi.1/SSL_VAN/MSD/tester.py:77: UserWarning: 9: 1.0,
  warnings.warn("{}: {},".format(i, run_acc.avg[i]))
/home/karimimonsefi.1/SSL_VAN/MSD/tester.py:77: UserWarning: 10: 1.0,
  warnings.warn("{}: {},".format(i, run_acc.avg[i]))
/home/karimimonsefi.1/SSL_VAN/MSD/tester.py:77: UserWarning: 11: 1.0,
  warnings.warn("{}: {},".format(i, run_acc.avg[i]))
/home/karimimonsefi.1/SSL_VAN/MSD/tester.py:77: UserWarning: 12: 1.0,
  warnings.warn("{}: {},".format(i, run_acc.avg[i]))
/home/karimimonsefi.1/SSL_VAN/MSD/tester.py:77: UserWarning: 13: 1.0,
  warnings.warn("{}: {},".format(i, run_acc.avg[i]))
/home/karimimonsefi.1/SSL_VAN/MSD/tester.py:78: UserWarning: , HD95: [[ nan  271.716  nan  nan  nan  nan  nan  nan  nan  nan  nan  nan  nan
   nan]], time 23.06s
  warnings.warn(", HD95: {}, time {:.2f}s".format(hd95.avg, time.time() - start_time))
/home/karimimonsefi.1/SSL_VAN/MSD/tester.py:26: UserWarning: image_name lung_041.nii.gz
  warnings.warn("image_name {}".format(image_name))
/home/karimimonsefi.1/SSL_VAN/MSD/tester.py:63: UserWarning: temp [[ nan  271.716  nan  nan  nan  nan  nan  nan  nan  nan  nan  nan  nan
   nan]]
  warnings.warn("temp {}".format(temp))
/home/karimimonsefi.1/SSL_VAN/MSD/tester.py:64: UserWarning: hd_distance tensor([[474.6111, 166.6397,      nan,      nan,      nan,      nan,      nan,
              nan,      nan,      nan,      nan,      nan,      nan,      nan]],
       dtype=torch.float64)
  warnings.warn("hd_distance {}".format(hd_distance))
/home/karimimonsefi.1/SSL_VAN/MSD/tester.py:75: UserWarning: test 1/13, len is 14
  warnings.warn("test {}/{}, len is {}".format(idx, len(loader), list_size))
/home/karimimonsefi.1/SSL_VAN/MSD/tester.py:77: UserWarning: 0: 0.9998941421508789,
  warnings.warn("{}: {},".format(i, run_acc.avg[i]))
/home/karimimonsefi.1/SSL_VAN/MSD/tester.py:77: UserWarning: 1: 0.8229086399078369,
  warnings.warn("{}: {},".format(i, run_acc.avg[i]))
/home/karimimonsefi.1/SSL_VAN/MSD/tester.py:78: UserWarning: , HD95: [[ nan  219.178  nan  nan  nan  nan  nan  nan  nan  nan  nan  nan  nan
   nan]], time 17.36s
  warnings.warn(", HD95: {}, time {:.2f}s".format(hd95.avg, time.time() - start_time))
/home/karimimonsefi.1/SSL_VAN/MSD/tester.py:26: UserWarning: image_name lung_095.nii.gz
  warnings.warn("image_name {}".format(image_name))
/home/karimimonsefi.1/SSL_VAN/MSD/tester.py:63: UserWarning: temp [[ nan  219.178  nan  nan  nan  nan  nan  nan  nan  nan  nan  nan  nan
   nan]]
  warnings.warn("temp {}".format(temp))
/home/karimimonsefi.1/SSL_VAN/MSD/tester.py:64: UserWarning: hd_distance tensor([[     nan, 256.5781,      nan,      nan,      nan,      nan,      nan,
              nan,      nan,      nan,      nan,      nan,      nan,      nan]],
       dtype=torch.float64)
  warnings.warn("hd_distance {}".format(hd_distance))
/home/karimimonsefi.1/SSL_VAN/MSD/tester.py:75: UserWarning: test 2/13, len is 14
  warnings.warn("test {}/{}, len is {}".format(idx, len(loader), list_size))
/home/karimimonsefi.1/SSL_VAN/MSD/tester.py:77: UserWarning: 0: 0.999920666217804,
  warnings.warn("{}: {},".format(i, run_acc.avg[i]))
/home/karimimonsefi.1/SSL_VAN/MSD/tester.py:77: UserWarning: 1: 0.7587073445320129,
  warnings.warn("{}: {},".format(i, run_acc.avg[i]))
/home/karimimonsefi.1/SSL_VAN/MSD/tester.py:78: UserWarning: , HD95: [[ nan  231.645  nan  nan  nan  nan  nan  nan  nan  nan  nan  nan  nan
   nan]], time 8.59s
  warnings.warn(", HD95: {}, time {:.2f}s".format(hd95.avg, time.time() - start_time))
/home/karimimonsefi.1/SSL_VAN/MSD/tester.py:26: UserWarning: image_name lung_003.nii.gz
  warnings.warn("image_name {}".format(image_name))
/home/karimimonsefi.1/SSL_VAN/MSD/tester.py:63: UserWarning: temp [[ nan  231.645  nan  nan  nan  nan  nan  nan  nan  nan  nan  nan  nan
   nan]]
  warnings.warn("temp {}".format(temp))
/home/karimimonsefi.1/SSL_VAN/MSD/tester.py:64: UserWarning: hd_distance tensor([[     nan, 209.8680,      nan,      nan,      nan,      nan,      nan,
              nan,      nan,      nan,      nan,      nan,      nan,      nan]],
       dtype=torch.float64)
  warnings.warn("hd_distance {}".format(hd_distance))
/home/karimimonsefi.1/SSL_VAN/MSD/tester.py:75: UserWarning: test 3/13, len is 14
  warnings.warn("test {}/{}, len is {}".format(idx, len(loader), list_size))
/home/karimimonsefi.1/SSL_VAN/MSD/tester.py:77: UserWarning: 0: 0.9999386668205261,
  warnings.warn("{}: {},".format(i, run_acc.avg[i]))
/home/karimimonsefi.1/SSL_VAN/MSD/tester.py:77: UserWarning: 1: 0.7427133917808533,
  warnings.warn("{}: {},".format(i, run_acc.avg[i]))
/home/karimimonsefi.1/SSL_VAN/MSD/tester.py:78: UserWarning: , HD95: [[ nan  226.201  nan  nan  nan  nan  nan  nan  nan  nan  nan  nan  nan
   nan]], time 16.31s
  warnings.warn(", HD95: {}, time {:.2f}s".format(hd95.avg, time.time() - start_time))
/home/karimimonsefi.1/SSL_VAN/MSD/tester.py:26: UserWarning: image_name lung_029.nii.gz
  warnings.warn("image_name {}".format(image_name))
/home/karimimonsefi.1/SSL_VAN/MSD/tester.py:63: UserWarning: temp [[ nan  226.201  nan  nan  nan  nan  nan  nan  nan  nan  nan  nan  nan
   nan]]
  warnings.warn("temp {}".format(temp))
/home/karimimonsefi.1/SSL_VAN/MSD/tester.py:64: UserWarning: hd_distance tensor([[     nan, 260.6804,      nan,      nan,      nan,      nan,      nan,
              nan,      nan,      nan,      nan,      nan,      nan,      nan]],
       dtype=torch.float64)
  warnings.warn("hd_distance {}".format(hd_distance))
/home/karimimonsefi.1/SSL_VAN/MSD/tester.py:75: UserWarning: test 4/13, len is 14
  warnings.warn("test {}/{}, len is {}".format(idx, len(loader), list_size))
/home/karimimonsefi.1/SSL_VAN/MSD/tester.py:77: UserWarning: 0: 0.9999479055404663,
  warnings.warn("{}: {},".format(i, run_acc.avg[i]))
/home/karimimonsefi.1/SSL_VAN/MSD/tester.py:77: UserWarning: 1: 0.7419053316116333,
  warnings.warn("{}: {},".format(i, run_acc.avg[i]))
/home/karimimonsefi.1/SSL_VAN/MSD/tester.py:78: UserWarning: , HD95: [[ nan  233.097  nan  nan  nan  nan  nan  nan  nan  nan  nan  nan  nan
   nan]], time 12.56s
  warnings.warn(", HD95: {}, time {:.2f}s".format(hd95.avg, time.time() - start_time))
/home/karimimonsefi.1/SSL_VAN/MSD/tester.py:26: UserWarning: image_name lung_096.nii.gz
  warnings.warn("image_name {}".format(image_name))
/home/karimimonsefi.1/SSL_VAN/MSD/tester.py:63: UserWarning: temp [[ nan  233.097  nan  nan  nan  nan  nan  nan  nan  nan  nan  nan  nan
   nan]]
  warnings.warn("temp {}".format(temp))
/home/karimimonsefi.1/SSL_VAN/MSD/tester.py:64: UserWarning: hd_distance tensor([[     nan, 101.0990,      nan,      nan,      nan,      nan,      nan,
              nan,      nan,      nan,      nan,      nan,      nan,      nan]],
       dtype=torch.float64)
  warnings.warn("hd_distance {}".format(hd_distance))
/home/karimimonsefi.1/SSL_VAN/MSD/tester.py:75: UserWarning: test 5/13, len is 14
  warnings.warn("test {}/{}, len is {}".format(idx, len(loader), list_size))
/home/karimimonsefi.1/SSL_VAN/MSD/tester.py:77: UserWarning: 0: 0.9999494552612305,
  warnings.warn("{}: {},".format(i, run_acc.avg[i]))
/home/karimimonsefi.1/SSL_VAN/MSD/tester.py:77: UserWarning: 1: 0.6182544231414795,
  warnings.warn("{}: {},".format(i, run_acc.avg[i]))
/home/karimimonsefi.1/SSL_VAN/MSD/tester.py:78: UserWarning: , HD95: [[ nan  211.097  nan  nan  nan  nan  nan  nan  nan  nan  nan  nan  nan
   nan]], time 9.39s
  warnings.warn(", HD95: {}, time {:.2f}s".format(hd95.avg, time.time() - start_time))
/home/karimimonsefi.1/SSL_VAN/MSD/tester.py:26: UserWarning: image_name lung_084.nii.gz
  warnings.warn("image_name {}".format(image_name))
/home/karimimonsefi.1/SSL_VAN/MSD/tester.py:63: UserWarning: temp [[ nan  211.097  nan  nan  nan  nan  nan  nan  nan  nan  nan  nan  nan
   nan]]
  warnings.warn("temp {}".format(temp))
/home/karimimonsefi.1/SSL_VAN/MSD/tester.py:64: UserWarning: hd_distance tensor([[     nan, 227.0987,      nan,      nan,      nan,      nan,      nan,
              nan,      nan,      nan,      nan,      nan,      nan,      nan]],
       dtype=torch.float64)
  warnings.warn("hd_distance {}".format(hd_distance))
/home/karimimonsefi.1/SSL_VAN/MSD/tester.py:75: UserWarning: test 6/13, len is 14
  warnings.warn("test {}/{}, len is {}".format(idx, len(loader), list_size))
/home/karimimonsefi.1/SSL_VAN/MSD/tester.py:77: UserWarning: 0: 0.9999376535415649,
  warnings.warn("{}: {},".format(i, run_acc.avg[i]))
/home/karimimonsefi.1/SSL_VAN/MSD/tester.py:77: UserWarning: 1: 0.6052656769752502,
  warnings.warn("{}: {},".format(i, run_acc.avg[i]))
/home/karimimonsefi.1/SSL_VAN/MSD/tester.py:78: UserWarning: , HD95: [[ nan  213.383  nan  nan  nan  nan  nan  nan  nan  nan  nan  nan  nan
   nan]], time 9.15s
  warnings.warn(", HD95: {}, time {:.2f}s".format(hd95.avg, time.time() - start_time))
/home/karimimonsefi.1/SSL_VAN/MSD/tester.py:26: UserWarning: image_name lung_092.nii.gz
  warnings.warn("image_name {}".format(image_name))
/home/karimimonsefi.1/SSL_VAN/MSD/tester.py:63: UserWarning: temp [[ nan  213.383  nan  nan  nan  nan  nan  nan  nan  nan  nan  nan  nan
   nan]]
  warnings.warn("temp {}".format(temp))
/home/karimimonsefi.1/SSL_VAN/MSD/tester.py:64: UserWarning: hd_distance tensor([[537.3595, 409.7226,      nan,      nan,      nan,      nan,      nan,
              nan,      nan,      nan,      nan,      nan,      nan,      nan]],
       dtype=torch.float64)
  warnings.warn("hd_distance {}".format(hd_distance))
/home/karimimonsefi.1/SSL_VAN/MSD/tester.py:75: UserWarning: test 7/13, len is 14
  warnings.warn("test {}/{}, len is {}".format(idx, len(loader), list_size))
/home/karimimonsefi.1/SSL_VAN/MSD/tester.py:77: UserWarning: 0: 0.999944269657135,
  warnings.warn("{}: {},".format(i, run_acc.avg[i]))
/home/karimimonsefi.1/SSL_VAN/MSD/tester.py:77: UserWarning: 1: 0.6256453990936279,
  warnings.warn("{}: {},".format(i, run_acc.avg[i]))
/home/karimimonsefi.1/SSL_VAN/MSD/tester.py:78: UserWarning: , HD95: [[ nan  237.925  nan  nan  nan  nan  nan  nan  nan  nan  nan  nan  nan
   nan]], time 22.77s
  warnings.warn(", HD95: {}, time {:.2f}s".format(hd95.avg, time.time() - start_time))
/home/karimimonsefi.1/SSL_VAN/MSD/tester.py:26: UserWarning: image_name lung_086.nii.gz
  warnings.warn("image_name {}".format(image_name))
/home/karimimonsefi.1/SSL_VAN/MSD/tester.py:63: UserWarning: temp [[ nan  237.925  nan  nan  nan  nan  nan  nan  nan  nan  nan  nan  nan
   nan]]
  warnings.warn("temp {}".format(temp))
/home/karimimonsefi.1/SSL_VAN/MSD/tester.py:64: UserWarning: hd_distance tensor([[384.0391, 133.3688,      nan,      nan,      nan,      nan,      nan,
              nan,      nan,      nan,      nan,      nan,      nan,      nan]],
       dtype=torch.float64)
  warnings.warn("hd_distance {}".format(hd_distance))
/home/karimimonsefi.1/SSL_VAN/MSD/tester.py:75: UserWarning: test 8/13, len is 14
  warnings.warn("test {}/{}, len is {}".format(idx, len(loader), list_size))
/home/karimimonsefi.1/SSL_VAN/MSD/tester.py:77: UserWarning: 0: 0.9999294281005859,
  warnings.warn("{}: {},".format(i, run_acc.avg[i]))
/home/karimimonsefi.1/SSL_VAN/MSD/tester.py:77: UserWarning: 1: 0.6157863140106201,
  warnings.warn("{}: {},".format(i, run_acc.avg[i]))
/home/karimimonsefi.1/SSL_VAN/MSD/tester.py:78: UserWarning: , HD95: [[ nan  226.308  nan  nan  nan  nan  nan  nan  nan  nan  nan  nan  nan
   nan]], time 15.38s
  warnings.warn(", HD95: {}, time {:.2f}s".format(hd95.avg, time.time() - start_time))
/home/karimimonsefi.1/SSL_VAN/MSD/tester.py:26: UserWarning: image_name lung_004.nii.gz
  warnings.warn("image_name {}".format(image_name))
/home/karimimonsefi.1/SSL_VAN/MSD/tester.py:63: UserWarning: temp [[ nan  226.308  nan  nan  nan  nan  nan  nan  nan  nan  nan  nan  nan
   nan]]
  warnings.warn("temp {}".format(temp))
/home/karimimonsefi.1/SSL_VAN/MSD/tester.py:64: UserWarning: hd_distance tensor([[     nan, 382.9783,      nan,      nan,      nan,      nan,      nan,
              nan,      nan,      nan,      nan,      nan,      nan,      nan]],
       dtype=torch.float64)
  warnings.warn("hd_distance {}".format(hd_distance))
/home/karimimonsefi.1/SSL_VAN/MSD/tester.py:75: UserWarning: test 9/13, len is 14
  warnings.warn("test {}/{}, len is {}".format(idx, len(loader), list_size))
/home/karimimonsefi.1/SSL_VAN/MSD/tester.py:77: UserWarning: 0: 0.999935507774353,
  warnings.warn("{}: {},".format(i, run_acc.avg[i]))
/home/karimimonsefi.1/SSL_VAN/MSD/tester.py:77: UserWarning: 1: 0.5828143358230591,
  warnings.warn("{}: {},".format(i, run_acc.avg[i]))
/home/karimimonsefi.1/SSL_VAN/MSD/tester.py:78: UserWarning: , HD95: [[ nan  241.975  nan  nan  nan  nan  nan  nan  nan  nan  nan  nan  nan
   nan]], time 13.44s
  warnings.warn(", HD95: {}, time {:.2f}s".format(hd95.avg, time.time() - start_time))
/home/karimimonsefi.1/SSL_VAN/MSD/tester.py:26: UserWarning: image_name lung_049.nii.gz
  warnings.warn("image_name {}".format(image_name))
/home/karimimonsefi.1/SSL_VAN/MSD/tester.py:63: UserWarning: temp [[ nan  241.975  nan  nan  nan  nan  nan  nan  nan  nan  nan  nan  nan
   nan]]
  warnings.warn("temp {}".format(temp))
/home/karimimonsefi.1/SSL_VAN/MSD/tester.py:64: UserWarning: hd_distance tensor([[     nan, 193.3512,      nan,      nan,      nan,      nan,      nan,
              nan,      nan,      nan,      nan,      nan,      nan,      nan]],
       dtype=torch.float64)
  warnings.warn("hd_distance {}".format(hd_distance))
/home/karimimonsefi.1/SSL_VAN/MSD/tester.py:75: UserWarning: test 10/13, len is 14
  warnings.warn("test {}/{}, len is {}".format(idx, len(loader), list_size))
/home/karimimonsefi.1/SSL_VAN/MSD/tester.py:77: UserWarning: 0: 0.9999389052391052,
  warnings.warn("{}: {},".format(i, run_acc.avg[i]))
/home/karimimonsefi.1/SSL_VAN/MSD/tester.py:77: UserWarning: 1: 0.5878465175628662,
  warnings.warn("{}: {},".format(i, run_acc.avg[i]))
/home/karimimonsefi.1/SSL_VAN/MSD/tester.py:78: UserWarning: , HD95: [[ nan  237.555  nan  nan  nan  nan  nan  nan  nan  nan  nan  nan  nan
   nan]], time 8.12s
  warnings.warn(", HD95: {}, time {:.2f}s".format(hd95.avg, time.time() - start_time))
/home/karimimonsefi.1/SSL_VAN/MSD/tester.py:26: UserWarning: image_name lung_027.nii.gz
  warnings.warn("image_name {}".format(image_name))
/home/karimimonsefi.1/SSL_VAN/MSD/tester.py:63: UserWarning: temp [[ nan  237.555  nan  nan  nan  nan  nan  nan  nan  nan  nan  nan  nan
   nan]]
  warnings.warn("temp {}".format(temp))
/home/karimimonsefi.1/SSL_VAN/MSD/tester.py:64: UserWarning: hd_distance tensor([[     nan, 287.2019,      nan,      nan,      nan,      nan,      nan,
              nan,      nan,      nan,      nan,      nan,      nan,      nan]],
       dtype=torch.float64)
  warnings.warn("hd_distance {}".format(hd_distance))
/home/karimimonsefi.1/SSL_VAN/MSD/tester.py:75: UserWarning: test 11/13, len is 14
  warnings.warn("test {}/{}, len is {}".format(idx, len(loader), list_size))
/home/karimimonsefi.1/SSL_VAN/MSD/tester.py:77: UserWarning: 0: 0.9999403953552246,
  warnings.warn("{}: {},".format(i, run_acc.avg[i]))
/home/karimimonsefi.1/SSL_VAN/MSD/tester.py:77: UserWarning: 1: 0.6147544980049133,
  warnings.warn("{}: {},".format(i, run_acc.avg[i]))
/home/karimimonsefi.1/SSL_VAN/MSD/tester.py:78: UserWarning: , HD95: [[ nan  241.692  nan  nan  nan  nan  nan  nan  nan  nan  nan  nan  nan
   nan]], time 12.94s
  warnings.warn(", HD95: {}, time {:.2f}s".format(hd95.avg, time.time() - start_time))
/home/karimimonsefi.1/SSL_VAN/MSD/tester.py:26: UserWarning: image_name lung_018.nii.gz
  warnings.warn("image_name {}".format(image_name))
/home/karimimonsefi.1/SSL_VAN/MSD/tester.py:63: UserWarning: temp [[ nan  241.692  nan  nan  nan  nan  nan  nan  nan  nan  nan  nan  nan
   nan]]
  warnings.warn("temp {}".format(temp))
/home/karimimonsefi.1/SSL_VAN/MSD/tester.py:64: UserWarning: hd_distance tensor([[     nan, 109.1387,      nan,      nan,      nan,      nan,      nan,
              nan,      nan,      nan,      nan,      nan,      nan,      nan]],
       dtype=torch.float64)
  warnings.warn("hd_distance {}".format(hd_distance))
/home/karimimonsefi.1/SSL_VAN/MSD/tester.py:75: UserWarning: test 12/13, len is 14
  warnings.warn("test {}/{}, len is {}".format(idx, len(loader), list_size))
/home/karimimonsefi.1/SSL_VAN/MSD/tester.py:77: UserWarning: 0: 0.9999428391456604,
  warnings.warn("{}: {},".format(i, run_acc.avg[i]))
/home/karimimonsefi.1/SSL_VAN/MSD/tester.py:77: UserWarning: 1: 0.6250209212303162,
  warnings.warn("{}: {},".format(i, run_acc.avg[i]))
/home/karimimonsefi.1/SSL_VAN/MSD/tester.py:78: UserWarning: , HD95: [[ nan  231.496  nan  nan  nan  nan  nan  nan  nan  nan  nan  nan  nan
   nan]], time 12.37s
  warnings.warn(", HD95: {}, time {:.2f}s".format(hd95.avg, time.time() - start_time))
/home/karimimonsefi.1/SSL_VAN/MSD/tester.py:110: UserWarning: Final test acc: [ 1.000  0.625  1.000  1.000  1.000  1.000  1.000  1.000  1.000  1.000
  1.000  1.000  1.000  1.000], acc mean: 0.9732, hd95_avg nan, time 181.50s
  warnings.warn("Final test acc: {}, acc mean: {:.4f}, hd95_avg {:.4f}, time {:.2f}s".format(
