/var/spool/slurmd/job71346/slurm_script: line 11: cd: SSL_VAN: No such file or directory

----------------------------------------------------------------------------
  cuda:
----------------------------------------------------------------------------
     Versions:
        cuda/10.2
        cuda/11.0
        cuda/11.2
        cuda/11.3
        cuda/11.4
        cuda/11.5
        cuda/11.6
        cuda/11.7
        cuda/11.8
        cuda/12.0

----------------------------------------------------------------------------
  For detailed information about a specific "cuda" package (including how to load the modules) use the module's full name.
  Note that names that have a trailing (E) are extensions provided by other modules.
  For example:

     $ module spider cuda/12.0
----------------------------------------------------------------------------

 


CommandNotFoundError: Your shell has not been properly configured to use 'conda activate'.
To initialize your shell, run

    $ conda init <SHELL_NAME>

Currently supported shells are:
  - bash
  - fish
  - tcsh
  - xonsh
  - zsh
  - powershell

See 'conda init --help' for more information and options.

IMPORTANT: You may need to close and restart your shell after running 'conda init'.


/home/karimimonsefi.1/miniconda3/lib/python3.9/site-packages/mmcv/__init__.py:20: UserWarning: On January 1, 2023, MMCV will release v2.0.0, in which it will remove components related to the training process and add a data transformation module. In addition, it will rename the package names mmcv to mmcv-lite and mmcv-full to mmcv. See https://github.com/open-mmlab/mmcv/blob/master/docs/en/compatibility.md for more details.
  warnings.warn(
/home/karimimonsefi.1/SSL_VAN/BRATS21/main.py:114: UserWarning: Found total gpus 2
  warnings.warn("Found total gpus {}".format(args.ngpus_per_node))
/home/karimimonsefi.1/miniconda3/lib/python3.9/site-packages/mmcv/__init__.py:20: UserWarning: On January 1, 2023, MMCV will release v2.0.0, in which it will remove components related to the training process and add a data transformation module. In addition, it will rename the package names mmcv to mmcv-lite and mmcv-full to mmcv. See https://github.com/open-mmlab/mmcv/blob/master/docs/en/compatibility.md for more details.
  warnings.warn(
/home/karimimonsefi.1/miniconda3/lib/python3.9/site-packages/mmcv/__init__.py:20: UserWarning: On January 1, 2023, MMCV will release v2.0.0, in which it will remove components related to the training process and add a data transformation module. In addition, it will rename the package names mmcv to mmcv-lite and mmcv-full to mmcv. See https://github.com/open-mmlab/mmcv/blob/master/docs/en/compatibility.md for more details.
  warnings.warn(
/home/karimimonsefi.1/miniconda3/lib/python3.9/site-packages/monai/transforms/post/dictionary.py:196: UserWarning: `threshold_values=True/False` is deprecated, please use `threshold=value` instead.
  warnings.warn("`threshold_values=True/False` is deprecated, please use `threshold=value` instead.")
/home/karimimonsefi.1/miniconda3/lib/python3.9/site-packages/monai/transforms/post/dictionary.py:196: UserWarning: `threshold_values=True/False` is deprecated, please use `threshold=value` instead.
  warnings.warn("`threshold_values=True/False` is deprecated, please use `threshold=value` instead.")
/home/karimimonsefi.1/SSL_VAN/BRATS21/main.py:134: UserWarning: 1 gpu 1
  warnings.warn(f"{args.rank} gpu {args.gpu}")
/home/karimimonsefi.1/SSL_VAN/BRATS21/main.py:134: UserWarning: 0 gpu 0
  warnings.warn(f"{args.rank} gpu {args.gpu}")
/home/karimimonsefi.1/SSL_VAN/BRATS21/main.py:136: UserWarning: Batch size is: 1 epochs 500
  warnings.warn(f"Batch size is: {args.batch_size} epochs {args.max_epochs}")
/home/karimimonsefi.1/SSL_VAN/BRATS21/main.py:165: UserWarning: Total parameters count 64139535
  warnings.warn(f"Total parameters count {pytorch_total_params}")
/home/karimimonsefi.1/SSL_VAN/BRATS21/main.py:168: UserWarning: Total args.checkpoint True
  warnings.warn(f"Total args.checkpoint {args.checkpoint}")
/home/karimimonsefi.1/SSL_VAN/commons/util.py:6: UserWarning:  base_url is 64-128-256-512_3-4-6-3_8-8-4-4_vae_inferer_valid_loader_AttentionUnet_fold-0
  warnings.warn(f" base_url is {base_url}")
/home/karimimonsefi.1/SSL_VAN/commons/util.py:8: UserWarning:  output_url 1 is ./runs/BraTS21_new/test_log/output_False_False
  warnings.warn(f" output_url 1 is {output_url}")
/home/karimimonsefi.1/SSL_VAN/commons/util.py:9: UserWarning:  exists 1 is True
  warnings.warn(f" exists 1 is {os.path.exists(output_url)}")
/home/karimimonsefi.1/SSL_VAN/BRATS21/main.py:165: UserWarning: Total parameters count 64139535
  warnings.warn(f"Total parameters count {pytorch_total_params}")
/home/karimimonsefi.1/SSL_VAN/commons/util.py:13: UserWarning:  output_url 2 is ./runs/BraTS21_new/test_log/output_False_False/64-128-256-512_3-4-6-3_8-8-4-4_vae_inferer_valid_loader_AttentionUnet_fold-0
  warnings.warn(f" output_url 2 is {output_url}")
/home/karimimonsefi.1/SSL_VAN/BRATS21/main.py:168: UserWarning: Total args.checkpoint True
  warnings.warn(f"Total args.checkpoint {args.checkpoint}")
/home/karimimonsefi.1/SSL_VAN/commons/util.py:14: UserWarning:  exists 2 is True
  warnings.warn(f" exists 2 is {os.path.exists(output_url)}")
/home/karimimonsefi.1/SSL_VAN/commons/util.py:20: UserWarning:  Best url model is 64-128-256-512_3-4-6-3_8-8-4-4_vae_inferer_valid_loader_AttentionUnet_fold-0__best.pt, final model url is 64-128-256-512_3-4-6-3_8-8-4-4_vae_inferer_valid_loader_AttentionUnet_fold-0__final.pt
  warnings.warn(f" Best url model is {args.best_model_url}, final model url is {args.final_model_url}")
/home/karimimonsefi.1/SSL_VAN/commons/util.py:6: UserWarning:  base_url is 64-128-256-512_3-4-6-3_8-8-4-4_vae_inferer_valid_loader_AttentionUnet_fold-0
  warnings.warn(f" base_url is {base_url}")
/home/karimimonsefi.1/SSL_VAN/commons/util.py:8: UserWarning:  output_url 1 is ./runs/BraTS21_new/test_log/output_False_False
  warnings.warn(f" output_url 1 is {output_url}")
/home/karimimonsefi.1/SSL_VAN/commons/util.py:9: UserWarning:  exists 1 is True
  warnings.warn(f" exists 1 is {os.path.exists(output_url)}")
/home/karimimonsefi.1/SSL_VAN/commons/util.py:13: UserWarning:  output_url 2 is ./runs/BraTS21_new/test_log/output_False_False/64-128-256-512_3-4-6-3_8-8-4-4_vae_inferer_valid_loader_AttentionUnet_fold-0
  warnings.warn(f" output_url 2 is {output_url}")
/home/karimimonsefi.1/SSL_VAN/commons/util.py:14: UserWarning:  exists 2 is True
  warnings.warn(f" exists 2 is {os.path.exists(output_url)}")
/home/karimimonsefi.1/SSL_VAN/commons/util.py:20: UserWarning:  Best url model is 64-128-256-512_3-4-6-3_8-8-4-4_vae_inferer_valid_loader_AttentionUnet_fold-0__best.pt, final model url is 64-128-256-512_3-4-6-3_8-8-4-4_vae_inferer_valid_loader_AttentionUnet_fold-0__final.pt
  warnings.warn(f" Best url model is {args.best_model_url}, final model url is {args.final_model_url}")
/home/karimimonsefi.1/SSL_VAN/BRATS21/main.py:183: UserWarning: => loaded checkpoint 'True' (epoch 219) (bestacc 0.41849803924560547)
  warnings.warn("=> loaded checkpoint '{}' (epoch {}) (bestacc {})".format(
/home/karimimonsefi.1/SSL_VAN/BRATS21/main.py:183: UserWarning: => loaded checkpoint 'True' (epoch 219) (bestacc 0.41849803924560547)
  warnings.warn("=> loaded checkpoint '{}' (epoch {}) (bestacc {})".format(
/home/karimimonsefi.1/SSL_VAN/BRATS21/trainer.py:162: UserWarning: Writing Tensorboard logs to ./runs/BraTS21_new/test_log
  warnings.warn(f"Writing Tensorboard logs to {args.logdir}")
/home/karimimonsefi.1/SSL_VAN/BRATS21/trainer.py:170: UserWarning: 0  Fri Jul 28 09:53:32 2023  Epoch: 219
  warnings.warn(f"{args.rank}  {time.ctime()}  Epoch: {epoch}")
/home/karimimonsefi.1/SSL_VAN/BRATS21/trainer.py:170: UserWarning: 1  Fri Jul 28 09:53:32 2023  Epoch: 219
  warnings.warn(f"{args.rank}  {time.ctime()}  Epoch: {epoch}")
[W reducer.cpp:1298] Warning: find_unused_parameters=True was specified in DDP constructor, but did not find any unused parameters in the forward pass. This flag results in an extra traversal of the autograd graph every iteration,  which can adversely affect performance. If your model indeed never has any unused parameters in the forward pass, consider turning this flag off. Note that this warning may be a false positive if your model has flow control causing later iterations to have unused parameters. (function operator())
[W reducer.cpp:1298] Warning: find_unused_parameters=True was specified in DDP constructor, but did not find any unused parameters in the forward pass. This flag results in an extra traversal of the autograd graph every iteration,  which can adversely affect performance. If your model indeed never has any unused parameters in the forward pass, consider turning this flag off. Note that this warning may be a false positive if your model has flow control causing later iterations to have unused parameters. (function operator())
/home/karimimonsefi.1/SSL_VAN/BRATS21/trainer.py:45: UserWarning: loss is 0.038196844175517386 and <class 'torch.Tensor'> and False
  warnings.warn(f"loss is {loss} and {type(loss)} and {torch.isnan(loss)}")
/home/karimimonsefi.1/SSL_VAN/BRATS21/trainer.py:65: UserWarning: Epoch 219/500 0/500  loss: 0.0434  time 44.60s
  warnings.warn(
/home/karimimonsefi.1/SSL_VAN/BRATS21/trainer.py:45: UserWarning: loss is 0.039900568475111066 and <class 'torch.Tensor'> and False
  warnings.warn(f"loss is {loss} and {type(loss)} and {torch.isnan(loss)}")
/home/karimimonsefi.1/SSL_VAN/BRATS21/trainer.py:65: UserWarning: Epoch 219/500 1/500  loss: 0.0581  time 0.30s
  warnings.warn(
/home/karimimonsefi.1/SSL_VAN/BRATS21/trainer.py:45: UserWarning: loss is 0.028504746614461302 and <class 'torch.Tensor'> and False
  warnings.warn(f"loss is {loss} and {type(loss)} and {torch.isnan(loss)}")
/home/karimimonsefi.1/SSL_VAN/BRATS21/trainer.py:65: UserWarning: Epoch 219/500 2/500  loss: 0.2101  time 0.31s
  warnings.warn(
/home/karimimonsefi.1/SSL_VAN/BRATS21/trainer.py:45: UserWarning: loss is 0.02302994634868042 and <class 'torch.Tensor'> and False
  warnings.warn(f"loss is {loss} and {type(loss)} and {torch.isnan(loss)}")
/home/karimimonsefi.1/SSL_VAN/BRATS21/trainer.py:65: UserWarning: Epoch 219/500 3/500  loss: 0.1646  time 0.31s
  warnings.warn(
/home/karimimonsefi.1/SSL_VAN/BRATS21/trainer.py:45: UserWarning: loss is 0.9999999124309331 and <class 'torch.Tensor'> and False
  warnings.warn(f"loss is {loss} and {type(loss)} and {torch.isnan(loss)}")
/home/karimimonsefi.1/SSL_VAN/BRATS21/trainer.py:65: UserWarning: Epoch 219/500 4/500  loss: 0.2781  time 0.30s
  warnings.warn(
/home/karimimonsefi.1/SSL_VAN/BRATS21/trainer.py:45: UserWarning: loss is 0.0299067786414288 and <class 'torch.Tensor'> and False
  warnings.warn(f"loss is {loss} and {type(loss)} and {torch.isnan(loss)}")
/home/karimimonsefi.1/SSL_VAN/BRATS21/trainer.py:65: UserWarning: Epoch 219/500 5/500  loss: 0.2358  time 0.30s
  warnings.warn(
/home/karimimonsefi.1/SSL_VAN/BRATS21/trainer.py:45: UserWarning: loss is 0.1591553013773992 and <class 'torch.Tensor'> and False
  warnings.warn(f"loss is {loss} and {type(loss)} and {torch.isnan(loss)}")
/home/karimimonsefi.1/SSL_VAN/BRATS21/trainer.py:65: UserWarning: Epoch 219/500 6/500  loss: 0.2159  time 0.30s
  warnings.warn(
/home/karimimonsefi.1/SSL_VAN/BRATS21/trainer.py:45: UserWarning: loss is 0.9999998470672189 and <class 'torch.Tensor'> and False
  warnings.warn(f"loss is {loss} and {type(loss)} and {torch.isnan(loss)}")
/home/karimimonsefi.1/SSL_VAN/BRATS21/trainer.py:65: UserWarning: Epoch 219/500 7/500  loss: 0.2534  time 0.29s
  warnings.warn(
/home/karimimonsefi.1/SSL_VAN/BRATS21/trainer.py:45: UserWarning: loss is 0.9999999877361232 and <class 'torch.Tensor'> and False
  warnings.warn(f"loss is {loss} and {type(loss)} and {torch.isnan(loss)}")
/home/karimimonsefi.1/SSL_VAN/BRATS21/trainer.py:65: UserWarning: Epoch 219/500 8/500  loss: 0.2877  time 0.29s
  warnings.warn(
/home/karimimonsefi.1/SSL_VAN/BRATS21/trainer.py:45: UserWarning: loss is 0.12125771873268587 and <class 'torch.Tensor'> and False
  warnings.warn(f"loss is {loss} and {type(loss)} and {torch.isnan(loss)}")
/home/karimimonsefi.1/SSL_VAN/BRATS21/trainer.py:65: UserWarning: Epoch 219/500 9/500  loss: 0.3150  time 0.30s
  warnings.warn(
/home/karimimonsefi.1/SSL_VAN/BRATS21/trainer.py:45: UserWarning: loss is 0.09228641324439568 and <class 'torch.Tensor'> and False
  warnings.warn(f"loss is {loss} and {type(loss)} and {torch.isnan(loss)}")
/home/karimimonsefi.1/SSL_VAN/BRATS21/trainer.py:65: UserWarning: Epoch 219/500 10/500  loss: 0.3360  time 0.31s
  warnings.warn(
/home/karimimonsefi.1/SSL_VAN/BRATS21/trainer.py:45: UserWarning: loss is 0.9999999353154332 and <class 'torch.Tensor'> and False
  warnings.warn(f"loss is {loss} and {type(loss)} and {torch.isnan(loss)}")
/home/karimimonsefi.1/SSL_VAN/BRATS21/trainer.py:65: UserWarning: Epoch 219/500 11/500  loss: 0.3518  time 0.29s
  warnings.warn(
/home/karimimonsefi.1/SSL_VAN/BRATS21/trainer.py:45: UserWarning: loss is 0.049602310032244724 and <class 'torch.Tensor'> and False
  warnings.warn(f"loss is {loss} and {type(loss)} and {torch.isnan(loss)}")
/home/karimimonsefi.1/SSL_VAN/BRATS21/trainer.py:65: UserWarning: Epoch 219/500 12/500  loss: 0.3310  time 0.30s
  warnings.warn(
/home/karimimonsefi.1/SSL_VAN/BRATS21/trainer.py:45: UserWarning: loss is 0.06669101387004264 and <class 'torch.Tensor'> and False
  warnings.warn(f"loss is {loss} and {type(loss)} and {torch.isnan(loss)}")
/home/karimimonsefi.1/SSL_VAN/BRATS21/trainer.py:65: UserWarning: Epoch 219/500 13/500  loss: 0.3107  time 0.32s
  warnings.warn(
/home/karimimonsefi.1/SSL_VAN/BRATS21/trainer.py:45: UserWarning: loss is 0.019527203589517168 and <class 'torch.Tensor'> and False
  warnings.warn(f"loss is {loss} and {type(loss)} and {torch.isnan(loss)}")
/home/karimimonsefi.1/SSL_VAN/BRATS21/trainer.py:65: UserWarning: Epoch 219/500 14/500  loss: 0.3240  time 0.31s
  warnings.warn(
/home/karimimonsefi.1/SSL_VAN/BRATS21/trainer.py:45: UserWarning: loss is 0.4818768478075209 and <class 'torch.Tensor'> and False
  warnings.warn(f"loss is {loss} and {type(loss)} and {torch.isnan(loss)}")
/home/karimimonsefi.1/SSL_VAN/BRATS21/trainer.py:65: UserWarning: Epoch 219/500 15/500  loss: 0.3202  time 0.30s
  warnings.warn(
/home/karimimonsefi.1/SSL_VAN/BRATS21/trainer.py:45: UserWarning: loss is 0.09757728432263915 and <class 'torch.Tensor'> and False
  warnings.warn(f"loss is {loss} and {type(loss)} and {torch.isnan(loss)}")
/home/karimimonsefi.1/SSL_VAN/BRATS21/trainer.py:65: UserWarning: Epoch 219/500 16/500  loss: 0.3047  time 0.31s
  warnings.warn(
/home/karimimonsefi.1/SSL_VAN/BRATS21/trainer.py:45: UserWarning: loss is 0.04480751181848941 and <class 'torch.Tensor'> and False
  warnings.warn(f"loss is {loss} and {type(loss)} and {torch.isnan(loss)}")
/home/karimimonsefi.1/SSL_VAN/BRATS21/trainer.py:65: UserWarning: Epoch 219/500 17/500  loss: 0.2897  time 0.60s
  warnings.warn(
/home/karimimonsefi.1/SSL_VAN/BRATS21/trainer.py:45: UserWarning: loss is 0.9999883596596911 and <class 'torch.Tensor'> and False
  warnings.warn(f"loss is {loss} and {type(loss)} and {torch.isnan(loss)}")
/home/karimimonsefi.1/SSL_VAN/BRATS21/trainer.py:65: UserWarning: Epoch 219/500 18/500  loss: 0.3012  time 0.65s
  warnings.warn(
/home/karimimonsefi.1/SSL_VAN/BRATS21/trainer.py:45: UserWarning: loss is 0.011240826474563554 and <class 'torch.Tensor'> and False
  warnings.warn(f"loss is {loss} and {type(loss)} and {torch.isnan(loss)}")
/home/karimimonsefi.1/SSL_VAN/BRATS21/trainer.py:65: UserWarning: Epoch 219/500 19/500  loss: 0.3115  time 0.30s
  warnings.warn(
/home/karimimonsefi.1/SSL_VAN/BRATS21/trainer.py:45: UserWarning: loss is 0.04725787938123619 and <class 'torch.Tensor'> and False
  warnings.warn(f"loss is {loss} and {type(loss)} and {torch.isnan(loss)}")
/home/karimimonsefi.1/SSL_VAN/BRATS21/trainer.py:65: UserWarning: Epoch 219/500 20/500  loss: 0.3006  time 0.30s
  warnings.warn(
/home/karimimonsefi.1/SSL_VAN/BRATS21/trainer.py:45: UserWarning: loss is 0.9999993340248512 and <class 'torch.Tensor'> and False
  warnings.warn(f"loss is {loss} and {type(loss)} and {torch.isnan(loss)}")
/home/karimimonsefi.1/SSL_VAN/BRATS21/trainer.py:65: UserWarning: Epoch 219/500 21/500  loss: 0.3324  time 0.29s
  warnings.warn(
/home/karimimonsefi.1/SSL_VAN/BRATS21/trainer.py:45: UserWarning: loss is 0.12122155070754662 and <class 'torch.Tensor'> and False
  warnings.warn(f"loss is {loss} and {type(loss)} and {torch.isnan(loss)}")
/home/karimimonsefi.1/SSL_VAN/BRATS21/trainer.py:65: UserWarning: Epoch 219/500 22/500  loss: 0.3218  time 0.30s
  warnings.warn(
/home/karimimonsefi.1/SSL_VAN/BRATS21/trainer.py:45: UserWarning: loss is 0.05345061988348069 and <class 'torch.Tensor'> and False
  warnings.warn(f"loss is {loss} and {type(loss)} and {torch.isnan(loss)}")
/home/karimimonsefi.1/SSL_VAN/BRATS21/trainer.py:65: UserWarning: Epoch 219/500 23/500  loss: 0.3100  time 0.30s
  warnings.warn(
/home/karimimonsefi.1/SSL_VAN/BRATS21/trainer.py:45: UserWarning: loss is 0.16552787067199237 and <class 'torch.Tensor'> and False
  warnings.warn(f"loss is {loss} and {type(loss)} and {torch.isnan(loss)}")
/home/karimimonsefi.1/SSL_VAN/BRATS21/trainer.py:65: UserWarning: Epoch 219/500 24/500  loss: 0.3030  time 0.30s
  warnings.warn(
/home/karimimonsefi.1/SSL_VAN/BRATS21/trainer.py:45: UserWarning: loss is 0.9999999266258905 and <class 'torch.Tensor'> and False
  warnings.warn(f"loss is {loss} and {type(loss)} and {torch.isnan(loss)}")
/home/karimimonsefi.1/SSL_VAN/BRATS21/trainer.py:65: UserWarning: Epoch 219/500 25/500  loss: 0.3298  time 1.46s
  warnings.warn(
/home/karimimonsefi.1/SSL_VAN/BRATS21/trainer.py:45: UserWarning: loss is 0.9999999428255354 and <class 'torch.Tensor'> and False
  warnings.warn(f"loss is {loss} and {type(loss)} and {torch.isnan(loss)}")
/home/karimimonsefi.1/SSL_VAN/BRATS21/trainer.py:65: UserWarning: Epoch 219/500 26/500  loss: 0.3546  time 0.87s
  warnings.warn(
/home/karimimonsefi.1/SSL_VAN/BRATS21/trainer.py:45: UserWarning: loss is 0.9999999950499313 and <class 'torch.Tensor'> and False
  warnings.warn(f"loss is {loss} and {type(loss)} and {torch.isnan(loss)}")
/home/karimimonsefi.1/SSL_VAN/BRATS21/trainer.py:65: UserWarning: Epoch 219/500 27/500  loss: 0.3777  time 0.32s
  warnings.warn(
/home/karimimonsefi.1/SSL_VAN/BRATS21/trainer.py:45: UserWarning: loss is 0.9999999812705342 and <class 'torch.Tensor'> and False
  warnings.warn(f"loss is {loss} and {type(loss)} and {torch.isnan(loss)}")
/home/karimimonsefi.1/SSL_VAN/BRATS21/trainer.py:65: UserWarning: Epoch 219/500 28/500  loss: 0.3849  time 0.30s
  warnings.warn(
/home/karimimonsefi.1/SSL_VAN/BRATS21/trainer.py:45: UserWarning: loss is 0.030471804371878797 and <class 'torch.Tensor'> and False
  warnings.warn(f"loss is {loss} and {type(loss)} and {torch.isnan(loss)}")
/home/karimimonsefi.1/SSL_VAN/BRATS21/trainer.py:65: UserWarning: Epoch 219/500 29/500  loss: 0.3734  time 0.30s
  warnings.warn(
/home/karimimonsefi.1/SSL_VAN/BRATS21/trainer.py:45: UserWarning: loss is 0.9999994424311289 and <class 'torch.Tensor'> and False
  warnings.warn(f"loss is {loss} and {type(loss)} and {torch.isnan(loss)}")
/home/karimimonsefi.1/SSL_VAN/BRATS21/trainer.py:65: UserWarning: Epoch 219/500 30/500  loss: 0.3789  time 1.12s
  warnings.warn(
/home/karimimonsefi.1/SSL_VAN/BRATS21/trainer.py:45: UserWarning: loss is 0.13302254864516883 and <class 'torch.Tensor'> and False
  warnings.warn(f"loss is {loss} and {type(loss)} and {torch.isnan(loss)}")
/home/karimimonsefi.1/SSL_VAN/BRATS21/trainer.py:65: UserWarning: Epoch 219/500 31/500  loss: 0.3847  time 0.30s
  warnings.warn(
/home/karimimonsefi.1/SSL_VAN/BRATS21/trainer.py:45: UserWarning: loss is 0.12927922961128663 and <class 'torch.Tensor'> and False
  warnings.warn(f"loss is {loss} and {type(loss)} and {torch.isnan(loss)}")
/home/karimimonsefi.1/SSL_VAN/BRATS21/trainer.py:65: UserWarning: Epoch 219/500 32/500  loss: 0.3755  time 0.31s
  warnings.warn(
/home/karimimonsefi.1/SSL_VAN/BRATS21/trainer.py:45: UserWarning: loss is 0.9927839498762712 and <class 'torch.Tensor'> and False
  warnings.warn(f"loss is {loss} and {type(loss)} and {torch.isnan(loss)}")
/home/karimimonsefi.1/SSL_VAN/BRATS21/trainer.py:65: UserWarning: Epoch 219/500 33/500  loss: 0.3799  time 0.33s
  warnings.warn(
/home/karimimonsefi.1/SSL_VAN/BRATS21/trainer.py:45: UserWarning: loss is 0.9999999766381517 and <class 'torch.Tensor'> and False
  warnings.warn(f"loss is {loss} and {type(loss)} and {torch.isnan(loss)}")
/home/karimimonsefi.1/SSL_VAN/BRATS21/trainer.py:65: UserWarning: Epoch 219/500 34/500  loss: 0.3846  time 1.73s
  warnings.warn(
/home/karimimonsefi.1/SSL_VAN/BRATS21/trainer.py:45: UserWarning: loss is 0.07033746459020021 and <class 'torch.Tensor'> and False
  warnings.warn(f"loss is {loss} and {type(loss)} and {torch.isnan(loss)}")
/home/karimimonsefi.1/SSL_VAN/BRATS21/trainer.py:65: UserWarning: Epoch 219/500 35/500  loss: 0.3766  time 0.30s
  warnings.warn(
/home/karimimonsefi.1/SSL_VAN/BRATS21/trainer.py:45: UserWarning: loss is 0.06726697033976703 and <class 'torch.Tensor'> and False
  warnings.warn(f"loss is {loss} and {type(loss)} and {torch.isnan(loss)}")
/home/karimimonsefi.1/SSL_VAN/BRATS21/trainer.py:65: UserWarning: Epoch 219/500 36/500  loss: 0.3682  time 0.30s
  warnings.warn(
/home/karimimonsefi.1/SSL_VAN/BRATS21/trainer.py:45: UserWarning: loss is 0.02071894634371585 and <class 'torch.Tensor'> and False
  warnings.warn(f"loss is {loss} and {type(loss)} and {torch.isnan(loss)}")
/home/karimimonsefi.1/SSL_VAN/BRATS21/trainer.py:65: UserWarning: Epoch 219/500 37/500  loss: 0.3594  time 0.30s
  warnings.warn(
/home/karimimonsefi.1/SSL_VAN/BRATS21/trainer.py:45: UserWarning: loss is 0.012545018803867528 and <class 'torch.Tensor'> and False
  warnings.warn(f"loss is {loss} and {type(loss)} and {torch.isnan(loss)}")
/home/karimimonsefi.1/SSL_VAN/BRATS21/trainer.py:65: UserWarning: Epoch 219/500 38/500  loss: 0.3507  time 0.40s
  warnings.warn(
/home/karimimonsefi.1/SSL_VAN/BRATS21/trainer.py:45: UserWarning: loss is 0.03440597837896793 and <class 'torch.Tensor'> and False
  warnings.warn(f"loss is {loss} and {type(loss)} and {torch.isnan(loss)}")
/home/karimimonsefi.1/SSL_VAN/BRATS21/trainer.py:65: UserWarning: Epoch 219/500 39/500  loss: 0.3549  time 0.30s
  warnings.warn(
/home/karimimonsefi.1/SSL_VAN/BRATS21/trainer.py:45: UserWarning: loss is 0.14723459393980423 and <class 'torch.Tensor'> and False
  warnings.warn(f"loss is {loss} and {type(loss)} and {torch.isnan(loss)}")
/home/karimimonsefi.1/SSL_VAN/BRATS21/trainer.py:65: UserWarning: Epoch 219/500 40/500  loss: 0.3497  time 1.01s
  warnings.warn(
/home/karimimonsefi.1/SSL_VAN/BRATS21/trainer.py:45: UserWarning: loss is 0.014288148298790215 and <class 'torch.Tensor'> and False
  warnings.warn(f"loss is {loss} and {type(loss)} and {torch.isnan(loss)}")
/home/karimimonsefi.1/SSL_VAN/BRATS21/trainer.py:65: UserWarning: Epoch 219/500 41/500  loss: 0.3534  time 0.30s
  warnings.warn(
/home/karimimonsefi.1/SSL_VAN/BRATS21/trainer.py:45: UserWarning: loss is 0.1269492095923729 and <class 'torch.Tensor'> and False
  warnings.warn(f"loss is {loss} and {type(loss)} and {torch.isnan(loss)}")
/home/karimimonsefi.1/SSL_VAN/BRATS21/trainer.py:65: UserWarning: Epoch 219/500 42/500  loss: 0.3480  time 1.70s
  warnings.warn(
/home/karimimonsefi.1/SSL_VAN/BRATS21/trainer.py:45: UserWarning: loss is 0.9999998936993524 and <class 'torch.Tensor'> and False
  warnings.warn(f"loss is {loss} and {type(loss)} and {torch.isnan(loss)}")
/home/karimimonsefi.1/SSL_VAN/BRATS21/trainer.py:65: UserWarning: Epoch 219/500 43/500  loss: 0.3628  time 0.29s
  warnings.warn(
/home/karimimonsefi.1/SSL_VAN/BRATS21/trainer.py:45: UserWarning: loss is 0.1571699925009032 and <class 'torch.Tensor'> and False
  warnings.warn(f"loss is {loss} and {type(loss)} and {torch.isnan(loss)}")
/home/karimimonsefi.1/SSL_VAN/BRATS21/trainer.py:65: UserWarning: Epoch 219/500 44/500  loss: 0.3676  time 0.30s
  warnings.warn(
/home/karimimonsefi.1/SSL_VAN/BRATS21/trainer.py:45: UserWarning: loss is 0.024127575581061968 and <class 'torch.Tensor'> and False
  warnings.warn(f"loss is {loss} and {type(loss)} and {torch.isnan(loss)}")
/home/karimimonsefi.1/SSL_VAN/BRATS21/trainer.py:65: UserWarning: Epoch 219/500 45/500  loss: 0.3605  time 0.31s
  warnings.warn(
/home/karimimonsefi.1/SSL_VAN/BRATS21/trainer.py:45: UserWarning: loss is 0.017087289910254395 and <class 'torch.Tensor'> and False
  warnings.warn(f"loss is {loss} and {type(loss)} and {torch.isnan(loss)}")
/home/karimimonsefi.1/SSL_VAN/BRATS21/trainer.py:65: UserWarning: Epoch 219/500 46/500  loss: 0.3636  time 0.39s
  warnings.warn(
/home/karimimonsefi.1/SSL_VAN/BRATS21/trainer.py:45: UserWarning: loss is 0.7166988846386577 and <class 'torch.Tensor'> and False
  warnings.warn(f"loss is {loss} and {type(loss)} and {torch.isnan(loss)}")
/home/karimimonsefi.1/SSL_VAN/BRATS21/trainer.py:65: UserWarning: Epoch 219/500 47/500  loss: 0.3643  time 0.30s
  warnings.warn(
/home/karimimonsefi.1/SSL_VAN/BRATS21/trainer.py:45: UserWarning: loss is 0.5866568877372045 and <class 'torch.Tensor'> and False
  warnings.warn(f"loss is {loss} and {type(loss)} and {torch.isnan(loss)}")
/home/karimimonsefi.1/SSL_VAN/BRATS21/trainer.py:65: UserWarning: Epoch 219/500 48/500  loss: 0.3639  time 0.53s
  warnings.warn(
/home/karimimonsefi.1/SSL_VAN/BRATS21/trainer.py:45: UserWarning: loss is 0.19267249194415317 and <class 'torch.Tensor'> and False
  warnings.warn(f"loss is {loss} and {type(loss)} and {torch.isnan(loss)}")
/home/karimimonsefi.1/SSL_VAN/BRATS21/trainer.py:65: UserWarning: Epoch 219/500 49/500  loss: 0.3589  time 0.30s
  warnings.warn(
/home/karimimonsefi.1/SSL_VAN/BRATS21/trainer.py:45: UserWarning: loss is 0.1393087859357589 and <class 'torch.Tensor'> and False
  warnings.warn(f"loss is {loss} and {type(loss)} and {torch.isnan(loss)}")
/home/karimimonsefi.1/SSL_VAN/BRATS21/trainer.py:65: UserWarning: Epoch 219/500 50/500  loss: 0.3536  time 2.25s
  warnings.warn(
/home/karimimonsefi.1/SSL_VAN/BRATS21/trainer.py:45: UserWarning: loss is 0.020837124593391522 and <class 'torch.Tensor'> and False
  warnings.warn(f"loss is {loss} and {type(loss)} and {torch.isnan(loss)}")
/home/karimimonsefi.1/SSL_VAN/BRATS21/trainer.py:65: UserWarning: Epoch 219/500 51/500  loss: 0.3566  time 0.30s
  warnings.warn(
/home/karimimonsefi.1/SSL_VAN/BRATS21/trainer.py:45: UserWarning: loss is 0.999999587775089 and <class 'torch.Tensor'> and False
  warnings.warn(f"loss is {loss} and {type(loss)} and {torch.isnan(loss)}")
/home/karimimonsefi.1/SSL_VAN/BRATS21/trainer.py:65: UserWarning: Epoch 219/500 52/500  loss: 0.3595  time 0.29s
  warnings.warn(
/home/karimimonsefi.1/SSL_VAN/BRATS21/trainer.py:45: UserWarning: loss is 0.9999999212635586 and <class 'torch.Tensor'> and False
  warnings.warn(f"loss is {loss} and {type(loss)} and {torch.isnan(loss)}")
/home/karimimonsefi.1/SSL_VAN/BRATS21/trainer.py:65: UserWarning: Epoch 219/500 53/500  loss: 0.3630  time 0.30s
  warnings.warn(
/home/karimimonsefi.1/SSL_VAN/BRATS21/trainer.py:45: UserWarning: loss is 0.07081053724837974 and <class 'torch.Tensor'> and False
  warnings.warn(f"loss is {loss} and {type(loss)} and {torch.isnan(loss)}")
/home/karimimonsefi.1/SSL_VAN/BRATS21/trainer.py:65: UserWarning: Epoch 219/500 54/500  loss: 0.3662  time 4.97s
  warnings.warn(
/home/karimimonsefi.1/SSL_VAN/BRATS21/trainer.py:45: UserWarning: loss is 0.999736617008731 and <class 'torch.Tensor'> and False
  warnings.warn(f"loss is {loss} and {type(loss)} and {torch.isnan(loss)}")
/home/karimimonsefi.1/SSL_VAN/BRATS21/trainer.py:65: UserWarning: Epoch 219/500 55/500  loss: 0.3775  time 0.29s
  warnings.warn(
/home/karimimonsefi.1/SSL_VAN/BRATS21/trainer.py:45: UserWarning: loss is 0.9999998751554 and <class 'torch.Tensor'> and False
  warnings.warn(f"loss is {loss} and {type(loss)} and {torch.isnan(loss)}")
/home/karimimonsefi.1/SSL_VAN/BRATS21/trainer.py:65: UserWarning: Epoch 219/500 56/500  loss: 0.3884  time 0.29s
  warnings.warn(
/home/karimimonsefi.1/SSL_VAN/BRATS21/trainer.py:45: UserWarning: loss is 0.01313654120680774 and <class 'torch.Tensor'> and False
  warnings.warn(f"loss is {loss} and {type(loss)} and {torch.isnan(loss)}")
/home/karimimonsefi.1/SSL_VAN/BRATS21/trainer.py:65: UserWarning: Epoch 219/500 57/500  loss: 0.3823  time 0.30s
  warnings.warn(
/home/karimimonsefi.1/SSL_VAN/BRATS21/trainer.py:45: UserWarning: loss is 0.019377644948740426 and <class 'torch.Tensor'> and False
  warnings.warn(f"loss is {loss} and {type(loss)} and {torch.isnan(loss)}")
/home/karimimonsefi.1/SSL_VAN/BRATS21/trainer.py:65: UserWarning: Epoch 219/500 58/500  loss: 0.3777  time 0.30s
  warnings.warn(
/home/karimimonsefi.1/SSL_VAN/BRATS21/trainer.py:45: UserWarning: loss is 0.042094444140254275 and <class 'torch.Tensor'> and False
  warnings.warn(f"loss is {loss} and {type(loss)} and {torch.isnan(loss)}")
/home/karimimonsefi.1/SSL_VAN/BRATS21/trainer.py:65: UserWarning: Epoch 219/500 59/500  loss: 0.3801  time 1.15s
  warnings.warn(
/home/karimimonsefi.1/SSL_VAN/BRATS21/trainer.py:45: UserWarning: loss is 0.6926902656920998 and <class 'torch.Tensor'> and False
  warnings.warn(f"loss is {loss} and {type(loss)} and {torch.isnan(loss)}")
/home/karimimonsefi.1/SSL_VAN/BRATS21/trainer.py:65: UserWarning: Epoch 219/500 60/500  loss: 0.3806  time 0.30s
  warnings.warn(
/home/karimimonsefi.1/SSL_VAN/BRATS21/trainer.py:45: UserWarning: loss is 0.03960319322208553 and <class 'torch.Tensor'> and False
  warnings.warn(f"loss is {loss} and {type(loss)} and {torch.isnan(loss)}")
/home/karimimonsefi.1/SSL_VAN/BRATS21/trainer.py:65: UserWarning: Epoch 219/500 61/500  loss: 0.3760  time 0.30s
  warnings.warn(
/home/karimimonsefi.1/SSL_VAN/BRATS21/trainer.py:45: UserWarning: loss is 0.17316158357048234 and <class 'torch.Tensor'> and False
  warnings.warn(f"loss is {loss} and {type(loss)} and {torch.isnan(loss)}")
/home/karimimonsefi.1/SSL_VAN/BRATS21/trainer.py:65: UserWarning: Epoch 219/500 62/500  loss: 0.3716  time 0.54s
  warnings.warn(
/home/karimimonsefi.1/SSL_VAN/BRATS21/trainer.py:45: UserWarning: loss is 0.1411483834956642 and <class 'torch.Tensor'> and False
  warnings.warn(f"loss is {loss} and {type(loss)} and {torch.isnan(loss)}")
/home/karimimonsefi.1/SSL_VAN/BRATS21/trainer.py:65: UserWarning: Epoch 219/500 63/500  loss: 0.3673  time 0.30s
  warnings.warn(
/home/karimimonsefi.1/SSL_VAN/BRATS21/trainer.py:45: UserWarning: loss is 0.048434527913916704 and <class 'torch.Tensor'> and False
  warnings.warn(f"loss is {loss} and {type(loss)} and {torch.isnan(loss)}")
/home/karimimonsefi.1/SSL_VAN/BRATS21/trainer.py:65: UserWarning: Epoch 219/500 64/500  loss: 0.3633  time 0.30s
  warnings.warn(
/home/karimimonsefi.1/SSL_VAN/BRATS21/trainer.py:45: UserWarning: loss is 0.0201127283989941 and <class 'torch.Tensor'> and False
  warnings.warn(f"loss is {loss} and {type(loss)} and {torch.isnan(loss)}")
/home/karimimonsefi.1/SSL_VAN/BRATS21/trainer.py:65: UserWarning: Epoch 219/500 65/500  loss: 0.3596  time 0.30s
  warnings.warn(
/home/karimimonsefi.1/SSL_VAN/BRATS21/trainer.py:45: UserWarning: loss is 0.02695957997148864 and <class 'torch.Tensor'> and False
  warnings.warn(f"loss is {loss} and {type(loss)} and {torch.isnan(loss)}")
/home/karimimonsefi.1/SSL_VAN/BRATS21/trainer.py:65: UserWarning: Epoch 219/500 66/500  loss: 0.3548  time 1.25s
  warnings.warn(
/home/karimimonsefi.1/SSL_VAN/BRATS21/trainer.py:45: UserWarning: loss is 0.9999988053516594 and <class 'torch.Tensor'> and False
  warnings.warn(f"loss is {loss} and {type(loss)} and {torch.isnan(loss)}")
/home/karimimonsefi.1/SSL_VAN/BRATS21/trainer.py:65: UserWarning: Epoch 219/500 67/500  loss: 0.3643  time 1.78s
  warnings.warn(
/home/karimimonsefi.1/SSL_VAN/BRATS21/trainer.py:45: UserWarning: loss is 0.10030866566328747 and <class 'torch.Tensor'> and False
  warnings.warn(f"loss is {loss} and {type(loss)} and {torch.isnan(loss)}")
/home/karimimonsefi.1/SSL_VAN/BRATS21/trainer.py:65: UserWarning: Epoch 219/500 68/500  loss: 0.3600  time 0.30s
  warnings.warn(
/home/karimimonsefi.1/SSL_VAN/BRATS21/trainer.py:45: UserWarning: loss is 0.015799534815006767 and <class 'torch.Tensor'> and False
  warnings.warn(f"loss is {loss} and {type(loss)} and {torch.isnan(loss)}")
/home/karimimonsefi.1/SSL_VAN/BRATS21/trainer.py:65: UserWarning: Epoch 219/500 69/500  loss: 0.3554  time 0.30s
  warnings.warn(
/home/karimimonsefi.1/SSL_VAN/BRATS21/trainer.py:45: UserWarning: loss is 0.13841296086248273 and <class 'torch.Tensor'> and False
  warnings.warn(f"loss is {loss} and {type(loss)} and {torch.isnan(loss)}")
/home/karimimonsefi.1/SSL_VAN/BRATS21/trainer.py:65: UserWarning: Epoch 219/500 70/500  loss: 0.3561  time 0.31s
  warnings.warn(
/home/karimimonsefi.1/SSL_VAN/BRATS21/trainer.py:45: UserWarning: loss is 0.9999989086216114 and <class 'torch.Tensor'> and False
  warnings.warn(f"loss is {loss} and {type(loss)} and {torch.isnan(loss)}")
/home/karimimonsefi.1/SSL_VAN/BRATS21/trainer.py:65: UserWarning: Epoch 219/500 71/500  loss: 0.3609  time 0.29s
  warnings.warn(
/home/karimimonsefi.1/SSL_VAN/BRATS21/trainer.py:45: UserWarning: loss is 0.12324637066941116 and <class 'torch.Tensor'> and False
  warnings.warn(f"loss is {loss} and {type(loss)} and {torch.isnan(loss)}")
/home/karimimonsefi.1/SSL_VAN/BRATS21/trainer.py:65: UserWarning: Epoch 219/500 72/500  loss: 0.3570  time 0.30s
  warnings.warn(
/home/karimimonsefi.1/SSL_VAN/BRATS21/trainer.py:45: UserWarning: loss is 0.9999997429481133 and <class 'torch.Tensor'> and False
  warnings.warn(f"loss is {loss} and {type(loss)} and {torch.isnan(loss)}")
/home/karimimonsefi.1/SSL_VAN/BRATS21/trainer.py:65: UserWarning: Epoch 219/500 73/500  loss: 0.3596  time 0.29s
  warnings.warn(
/home/karimimonsefi.1/SSL_VAN/BRATS21/trainer.py:45: UserWarning: loss is 0.03284512432632473 and <class 'torch.Tensor'> and False
  warnings.warn(f"loss is {loss} and {type(loss)} and {torch.isnan(loss)}")
/home/karimimonsefi.1/SSL_VAN/BRATS21/trainer.py:65: UserWarning: Epoch 219/500 74/500  loss: 0.3553  time 0.32s
  warnings.warn(
/home/karimimonsefi.1/SSL_VAN/BRATS21/trainer.py:45: UserWarning: loss is 0.999996545545268 and <class 'torch.Tensor'> and False
  warnings.warn(f"loss is {loss} and {type(loss)} and {torch.isnan(loss)}")
/home/karimimonsefi.1/SSL_VAN/BRATS21/trainer.py:65: UserWarning: Epoch 219/500 75/500  loss: 0.3575  time 1.27s
  warnings.warn(
/home/karimimonsefi.1/SSL_VAN/BRATS21/trainer.py:45: UserWarning: loss is 0.07288461375749603 and <class 'torch.Tensor'> and False
  warnings.warn(f"loss is {loss} and {type(loss)} and {torch.isnan(loss)}")
/home/karimimonsefi.1/SSL_VAN/BRATS21/trainer.py:65: UserWarning: Epoch 219/500 76/500  loss: 0.3536  time 0.30s
  warnings.warn(
/home/karimimonsefi.1/SSL_VAN/BRATS21/trainer.py:45: UserWarning: loss is 0.07307758147993322 and <class 'torch.Tensor'> and False
  warnings.warn(f"loss is {loss} and {type(loss)} and {torch.isnan(loss)}")
/home/karimimonsefi.1/SSL_VAN/BRATS21/trainer.py:65: UserWarning: Epoch 219/500 77/500  loss: 0.3497  time 0.30s
  warnings.warn(
/home/karimimonsefi.1/SSL_VAN/BRATS21/trainer.py:45: UserWarning: loss is 0.03184387242850362 and <class 'torch.Tensor'> and False
  warnings.warn(f"loss is {loss} and {type(loss)} and {torch.isnan(loss)}")
/home/karimimonsefi.1/SSL_VAN/BRATS21/trainer.py:65: UserWarning: Epoch 219/500 78/500  loss: 0.3497  time 0.30s
  warnings.warn(
/home/karimimonsefi.1/SSL_VAN/BRATS21/trainer.py:45: UserWarning: loss is 0.8567818122984661 and <class 'torch.Tensor'> and False
  warnings.warn(f"loss is {loss} and {type(loss)} and {torch.isnan(loss)}")
/home/karimimonsefi.1/SSL_VAN/BRATS21/trainer.py:65: UserWarning: Epoch 219/500 79/500  loss: 0.3543  time 0.30s
  warnings.warn(
/home/karimimonsefi.1/SSL_VAN/BRATS21/trainer.py:45: UserWarning: loss is 0.028684189339044597 and <class 'torch.Tensor'> and False
  warnings.warn(f"loss is {loss} and {type(loss)} and {torch.isnan(loss)}")
/home/karimimonsefi.1/SSL_VAN/BRATS21/trainer.py:65: UserWarning: Epoch 219/500 80/500  loss: 0.3505  time 0.39s
  warnings.warn(
/home/karimimonsefi.1/SSL_VAN/BRATS21/trainer.py:45: UserWarning: loss is 0.9999998061724105 and <class 'torch.Tensor'> and False
  warnings.warn(f"loss is {loss} and {type(loss)} and {torch.isnan(loss)}")
/home/karimimonsefi.1/SSL_VAN/BRATS21/trainer.py:65: UserWarning: Epoch 219/500 81/500  loss: 0.3567  time 0.29s
  warnings.warn(
/home/karimimonsefi.1/SSL_VAN/BRATS21/trainer.py:45: UserWarning: loss is 0.9999998743635876 and <class 'torch.Tensor'> and False
  warnings.warn(f"loss is {loss} and {type(loss)} and {torch.isnan(loss)}")
/home/karimimonsefi.1/SSL_VAN/BRATS21/trainer.py:65: UserWarning: Epoch 219/500 82/500  loss: 0.3591  time 1.04s
  warnings.warn(
/home/karimimonsefi.1/SSL_VAN/BRATS21/trainer.py:45: UserWarning: loss is 0.01588563736409095 and <class 'torch.Tensor'> and False
  warnings.warn(f"loss is {loss} and {type(loss)} and {torch.isnan(loss)}")
/home/karimimonsefi.1/SSL_VAN/BRATS21/trainer.py:65: UserWarning: Epoch 219/500 83/500  loss: 0.3551  time 1.20s
  warnings.warn(
/home/karimimonsefi.1/SSL_VAN/BRATS21/trainer.py:45: UserWarning: loss is 0.7124259218137781 and <class 'torch.Tensor'> and False
  warnings.warn(f"loss is {loss} and {type(loss)} and {torch.isnan(loss)}")
/home/karimimonsefi.1/SSL_VAN/BRATS21/trainer.py:65: UserWarning: Epoch 219/500 84/500  loss: 0.3553  time 0.30s
  warnings.warn(
/home/karimimonsefi.1/SSL_VAN/BRATS21/trainer.py:45: UserWarning: loss is 0.6764420298396014 and <class 'torch.Tensor'> and False
  warnings.warn(f"loss is {loss} and {type(loss)} and {torch.isnan(loss)}")
/home/karimimonsefi.1/SSL_VAN/BRATS21/trainer.py:65: UserWarning: Epoch 219/500 85/500  loss: 0.3552  time 0.62s
  warnings.warn(
/home/karimimonsefi.1/SSL_VAN/BRATS21/trainer.py:45: UserWarning: loss is 0.01931673325180009 and <class 'torch.Tensor'> and False
  warnings.warn(f"loss is {loss} and {type(loss)} and {torch.isnan(loss)}")
/home/karimimonsefi.1/SSL_VAN/BRATS21/trainer.py:65: UserWarning: Epoch 219/500 86/500  loss: 0.3522  time 0.63s
  warnings.warn(
/home/karimimonsefi.1/SSL_VAN/BRATS21/trainer.py:45: UserWarning: loss is 0.999999962812002 and <class 'torch.Tensor'> and False
  warnings.warn(f"loss is {loss} and {type(loss)} and {torch.isnan(loss)}")
/home/karimimonsefi.1/SSL_VAN/BRATS21/trainer.py:65: UserWarning: Epoch 219/500 87/500  loss: 0.3541  time 0.30s
  warnings.warn(
/home/karimimonsefi.1/SSL_VAN/BRATS21/trainer.py:45: UserWarning: loss is 0.145295926751215 and <class 'torch.Tensor'> and False
  warnings.warn(f"loss is {loss} and {type(loss)} and {torch.isnan(loss)}")
/home/karimimonsefi.1/SSL_VAN/BRATS21/trainer.py:65: UserWarning: Epoch 219/500 88/500  loss: 0.3515  time 0.72s
  warnings.warn(
/home/karimimonsefi.1/SSL_VAN/BRATS21/trainer.py:45: UserWarning: loss is 0.3960447453374095 and <class 'torch.Tensor'> and False
  warnings.warn(f"loss is {loss} and {type(loss)} and {torch.isnan(loss)}")
/home/karimimonsefi.1/SSL_VAN/BRATS21/trainer.py:65: UserWarning: Epoch 219/500 89/500  loss: 0.3500  time 0.30s
  warnings.warn(
/home/karimimonsefi.1/SSL_VAN/BRATS21/trainer.py:45: UserWarning: loss is 0.03603668840886346 and <class 'torch.Tensor'> and False
  warnings.warn(f"loss is {loss} and {type(loss)} and {torch.isnan(loss)}")
/home/karimimonsefi.1/SSL_VAN/BRATS21/trainer.py:65: UserWarning: Epoch 219/500 90/500  loss: 0.3466  time 0.42s
  warnings.warn(
/home/karimimonsefi.1/SSL_VAN/BRATS21/trainer.py:45: UserWarning: loss is 0.19021782949485125 and <class 'torch.Tensor'> and False
  warnings.warn(f"loss is {loss} and {type(loss)} and {torch.isnan(loss)}")
/home/karimimonsefi.1/SSL_VAN/BRATS21/trainer.py:65: UserWarning: Epoch 219/500 91/500  loss: 0.3448  time 0.67s
  warnings.warn(
/home/karimimonsefi.1/SSL_VAN/BRATS21/trainer.py:45: UserWarning: loss is 0.036518430530866154 and <class 'torch.Tensor'> and False
  warnings.warn(f"loss is {loss} and {type(loss)} and {torch.isnan(loss)}")
/home/karimimonsefi.1/SSL_VAN/BRATS21/trainer.py:65: UserWarning: Epoch 219/500 92/500  loss: 0.3418  time 0.30s
  warnings.warn(
/home/karimimonsefi.1/SSL_VAN/BRATS21/trainer.py:45: UserWarning: loss is 0.12044932731175953 and <class 'torch.Tensor'> and False
  warnings.warn(f"loss is {loss} and {type(loss)} and {torch.isnan(loss)}")
/home/karimimonsefi.1/SSL_VAN/BRATS21/trainer.py:65: UserWarning: Epoch 219/500 93/500  loss: 0.3391  time 0.31s
  warnings.warn(
/home/karimimonsefi.1/SSL_VAN/BRATS21/trainer.py:45: UserWarning: loss is 0.022682256593392736 and <class 'torch.Tensor'> and False
  warnings.warn(f"loss is {loss} and {type(loss)} and {torch.isnan(loss)}")
/home/karimimonsefi.1/SSL_VAN/BRATS21/trainer.py:65: UserWarning: Epoch 219/500 94/500  loss: 0.3363  time 0.31s
  warnings.warn(
/home/karimimonsefi.1/SSL_VAN/BRATS21/trainer.py:45: UserWarning: loss is 0.08563004331838178 and <class 'torch.Tensor'> and False
  warnings.warn(f"loss is {loss} and {type(loss)} and {torch.isnan(loss)}")
/home/karimimonsefi.1/SSL_VAN/BRATS21/trainer.py:65: UserWarning: Epoch 219/500 95/500  loss: 0.3375  time 0.31s
  warnings.warn(
/home/karimimonsefi.1/SSL_VAN/BRATS21/trainer.py:45: UserWarning: loss is 0.03335017889318821 and <class 'torch.Tensor'> and False
  warnings.warn(f"loss is {loss} and {type(loss)} and {torch.isnan(loss)}")
/home/karimimonsefi.1/SSL_VAN/BRATS21/trainer.py:65: UserWarning: Epoch 219/500 96/500  loss: 0.3344  time 1.09s
  warnings.warn(
/home/karimimonsefi.1/SSL_VAN/BRATS21/trainer.py:45: UserWarning: loss is 0.6328246638518601 and <class 'torch.Tensor'> and False
  warnings.warn(f"loss is {loss} and {type(loss)} and {torch.isnan(loss)}")
/home/karimimonsefi.1/SSL_VAN/BRATS21/trainer.py:65: UserWarning: Epoch 219/500 97/500  loss: 0.3346  time 0.30s
  warnings.warn(
/home/karimimonsefi.1/SSL_VAN/BRATS21/trainer.py:45: UserWarning: loss is 0.9999999933328492 and <class 'torch.Tensor'> and False
  warnings.warn(f"loss is {loss} and {type(loss)} and {torch.isnan(loss)}")
/home/karimimonsefi.1/SSL_VAN/BRATS21/trainer.py:65: UserWarning: Epoch 219/500 98/500  loss: 0.3368  time 3.06s
  warnings.warn(
/home/karimimonsefi.1/SSL_VAN/BRATS21/trainer.py:45: UserWarning: loss is 0.07620102094392785 and <class 'torch.Tensor'> and False
  warnings.warn(f"loss is {loss} and {type(loss)} and {torch.isnan(loss)}")
/home/karimimonsefi.1/SSL_VAN/BRATS21/trainer.py:65: UserWarning: Epoch 219/500 99/500  loss: 0.3339  time 0.70s
  warnings.warn(
/home/karimimonsefi.1/SSL_VAN/BRATS21/trainer.py:45: UserWarning: loss is 0.4908791199750171 and <class 'torch.Tensor'> and False
  warnings.warn(f"loss is {loss} and {type(loss)} and {torch.isnan(loss)}")
/home/karimimonsefi.1/SSL_VAN/BRATS21/trainer.py:65: UserWarning: Epoch 219/500 100/500  loss: 0.3337  time 0.30s
  warnings.warn(
/home/karimimonsefi.1/SSL_VAN/BRATS21/trainer.py:45: UserWarning: loss is 0.6815301212387653 and <class 'torch.Tensor'> and False
  warnings.warn(f"loss is {loss} and {type(loss)} and {torch.isnan(loss)}")
/home/karimimonsefi.1/SSL_VAN/BRATS21/trainer.py:65: UserWarning: Epoch 219/500 101/500  loss: 0.3387  time 0.30s
  warnings.warn(
/home/karimimonsefi.1/SSL_VAN/BRATS21/trainer.py:45: UserWarning: loss is 0.2321563252422411 and <class 'torch.Tensor'> and False
  warnings.warn(f"loss is {loss} and {type(loss)} and {torch.isnan(loss)}")
/home/karimimonsefi.1/SSL_VAN/BRATS21/trainer.py:65: UserWarning: Epoch 219/500 102/500  loss: 0.3367  time 0.31s
  warnings.warn(
/home/karimimonsefi.1/SSL_VAN/BRATS21/trainer.py:45: UserWarning: loss is 0.11410986727063588 and <class 'torch.Tensor'> and False
  warnings.warn(f"loss is {loss} and {type(loss)} and {torch.isnan(loss)}")
/home/karimimonsefi.1/SSL_VAN/BRATS21/trainer.py:65: UserWarning: Epoch 219/500 103/500  loss: 0.3346  time 0.30s
  warnings.warn(
/home/karimimonsefi.1/SSL_VAN/BRATS21/trainer.py:45: UserWarning: loss is 0.3052391683161449 and <class 'torch.Tensor'> and False
  warnings.warn(f"loss is {loss} and {type(loss)} and {torch.isnan(loss)}")
/home/karimimonsefi.1/SSL_VAN/BRATS21/trainer.py:65: UserWarning: Epoch 219/500 104/500  loss: 0.3352  time 0.31s
  warnings.warn(
/home/karimimonsefi.1/SSL_VAN/BRATS21/trainer.py:45: UserWarning: loss is 0.03311802855134034 and <class 'torch.Tensor'> and False
  warnings.warn(f"loss is {loss} and {type(loss)} and {torch.isnan(loss)}")
/home/karimimonsefi.1/SSL_VAN/BRATS21/trainer.py:65: UserWarning: Epoch 219/500 105/500  loss: 0.3369  time 0.30s
  warnings.warn(
/home/karimimonsefi.1/SSL_VAN/BRATS21/trainer.py:45: UserWarning: loss is 0.12682576877116616 and <class 'torch.Tensor'> and False
  warnings.warn(f"loss is {loss} and {type(loss)} and {torch.isnan(loss)}")
/home/karimimonsefi.1/SSL_VAN/BRATS21/trainer.py:65: UserWarning: Epoch 219/500 106/500  loss: 0.3391  time 3.58s
  warnings.warn(
/home/karimimonsefi.1/SSL_VAN/BRATS21/trainer.py:45: UserWarning: loss is 0.06953039275839737 and <class 'torch.Tensor'> and False
  warnings.warn(f"loss is {loss} and {type(loss)} and {torch.isnan(loss)}")
/home/karimimonsefi.1/SSL_VAN/BRATS21/trainer.py:65: UserWarning: Epoch 219/500 107/500  loss: 0.3367  time 0.30s
  warnings.warn(
/home/karimimonsefi.1/SSL_VAN/BRATS21/trainer.py:45: UserWarning: loss is 0.03719633706097754 and <class 'torch.Tensor'> and False
  warnings.warn(f"loss is {loss} and {type(loss)} and {torch.isnan(loss)}")
/home/karimimonsefi.1/SSL_VAN/BRATS21/trainer.py:65: UserWarning: Epoch 219/500 108/500  loss: 0.3384  time 0.30s
  warnings.warn(
/home/karimimonsefi.1/SSL_VAN/BRATS21/trainer.py:45: UserWarning: loss is 0.05167781866585226 and <class 'torch.Tensor'> and False
  warnings.warn(f"loss is {loss} and {type(loss)} and {torch.isnan(loss)}")
/home/karimimonsefi.1/SSL_VAN/BRATS21/trainer.py:65: UserWarning: Epoch 219/500 109/500  loss: 0.3387  time 0.30s
  warnings.warn(
/home/karimimonsefi.1/SSL_VAN/BRATS21/trainer.py:45: UserWarning: loss is 0.05851215157604032 and <class 'torch.Tensor'> and False
  warnings.warn(f"loss is {loss} and {type(loss)} and {torch.isnan(loss)}")
/home/karimimonsefi.1/SSL_VAN/BRATS21/trainer.py:65: UserWarning: Epoch 219/500 110/500  loss: 0.3369  time 0.32s
  warnings.warn(
/home/karimimonsefi.1/SSL_VAN/BRATS21/trainer.py:45: UserWarning: loss is 0.05197599298715353 and <class 'torch.Tensor'> and False
  warnings.warn(f"loss is {loss} and {type(loss)} and {torch.isnan(loss)}")
/home/karimimonsefi.1/SSL_VAN/BRATS21/trainer.py:65: UserWarning: Epoch 219/500 111/500  loss: 0.3342  time 0.32s
  warnings.warn(
/home/karimimonsefi.1/SSL_VAN/BRATS21/trainer.py:45: UserWarning: loss is 0.061455923496955014 and <class 'torch.Tensor'> and False
  warnings.warn(f"loss is {loss} and {type(loss)} and {torch.isnan(loss)}")
/home/karimimonsefi.1/SSL_VAN/BRATS21/trainer.py:65: UserWarning: Epoch 219/500 112/500  loss: 0.3320  time 0.31s
  warnings.warn(
/home/karimimonsefi.1/SSL_VAN/BRATS21/trainer.py:45: UserWarning: loss is 0.14251961283197204 and <class 'torch.Tensor'> and False
  warnings.warn(f"loss is {loss} and {type(loss)} and {torch.isnan(loss)}")
/home/karimimonsefi.1/SSL_VAN/BRATS21/trainer.py:65: UserWarning: Epoch 219/500 113/500  loss: 0.3299  time 0.30s
  warnings.warn(
/home/karimimonsefi.1/SSL_VAN/BRATS21/trainer.py:45: UserWarning: loss is 0.0886915055961697 and <class 'torch.Tensor'> and False
  warnings.warn(f"loss is {loss} and {type(loss)} and {torch.isnan(loss)}")
/home/karimimonsefi.1/SSL_VAN/BRATS21/trainer.py:65: UserWarning: Epoch 219/500 114/500  loss: 0.3275  time 0.31s
  warnings.warn(
/home/karimimonsefi.1/SSL_VAN/BRATS21/trainer.py:45: UserWarning: loss is 0.9999998264025252 and <class 'torch.Tensor'> and False
  warnings.warn(f"loss is {loss} and {type(loss)} and {torch.isnan(loss)}")
/home/karimimonsefi.1/SSL_VAN/BRATS21/trainer.py:65: UserWarning: Epoch 219/500 115/500  loss: 0.3333  time 0.29s
  warnings.warn(
/home/karimimonsefi.1/SSL_VAN/BRATS21/trainer.py:45: UserWarning: loss is 0.9999997394775139 and <class 'torch.Tensor'> and False
  warnings.warn(f"loss is {loss} and {type(loss)} and {torch.isnan(loss)}")
/home/karimimonsefi.1/SSL_VAN/BRATS21/trainer.py:65: UserWarning: Epoch 219/500 116/500  loss: 0.3386  time 0.29s
  warnings.warn(
/home/karimimonsefi.1/SSL_VAN/BRATS21/trainer.py:45: UserWarning: loss is 0.9999999396190942 and <class 'torch.Tensor'> and False
  warnings.warn(f"loss is {loss} and {type(loss)} and {torch.isnan(loss)}")
/home/karimimonsefi.1/SSL_VAN/BRATS21/trainer.py:65: UserWarning: Epoch 219/500 117/500  loss: 0.3403  time 0.30s
  warnings.warn(
/home/karimimonsefi.1/SSL_VAN/BRATS21/trainer.py:45: UserWarning: loss is 0.12784739816723226 and <class 'torch.Tensor'> and False
  warnings.warn(f"loss is {loss} and {type(loss)} and {torch.isnan(loss)}")
/home/karimimonsefi.1/SSL_VAN/BRATS21/trainer.py:65: UserWarning: Epoch 219/500 118/500  loss: 0.3390  time 0.30s
  warnings.warn(
/home/karimimonsefi.1/SSL_VAN/BRATS21/trainer.py:45: UserWarning: loss is 0.6626377152597179 and <class 'torch.Tensor'> and False
  warnings.warn(f"loss is {loss} and {type(loss)} and {torch.isnan(loss)}")
/home/karimimonsefi.1/SSL_VAN/BRATS21/trainer.py:65: UserWarning: Epoch 219/500 119/500  loss: 0.3391  time 0.30s
  warnings.warn(
/home/karimimonsefi.1/SSL_VAN/BRATS21/trainer.py:45: UserWarning: loss is 0.9999999384751043 and <class 'torch.Tensor'> and False
  warnings.warn(f"loss is {loss} and {type(loss)} and {torch.isnan(loss)}")
/home/karimimonsefi.1/SSL_VAN/BRATS21/trainer.py:65: UserWarning: Epoch 219/500 120/500  loss: 0.3433  time 0.29s
  warnings.warn(
/home/karimimonsefi.1/SSL_VAN/BRATS21/trainer.py:45: UserWarning: loss is 0.08345229017500351 and <class 'torch.Tensor'> and False
  warnings.warn(f"loss is {loss} and {type(loss)} and {torch.isnan(loss)}")
/home/karimimonsefi.1/SSL_VAN/BRATS21/trainer.py:65: UserWarning: Epoch 219/500 121/500  loss: 0.3416  time 0.30s
  warnings.warn(
/home/karimimonsefi.1/SSL_VAN/BRATS21/trainer.py:45: UserWarning: loss is 0.06942087438612006 and <class 'torch.Tensor'> and False
  warnings.warn(f"loss is {loss} and {type(loss)} and {torch.isnan(loss)}")
/home/karimimonsefi.1/SSL_VAN/BRATS21/trainer.py:65: UserWarning: Epoch 219/500 122/500  loss: 0.3419  time 0.95s
  warnings.warn(
/home/karimimonsefi.1/SSL_VAN/BRATS21/trainer.py:45: UserWarning: loss is 0.280516750585724 and <class 'torch.Tensor'> and False
  warnings.warn(f"loss is {loss} and {type(loss)} and {torch.isnan(loss)}")
/home/karimimonsefi.1/SSL_VAN/BRATS21/trainer.py:65: UserWarning: Epoch 219/500 123/500  loss: 0.3406  time 0.30s
  warnings.warn(
/home/karimimonsefi.1/SSL_VAN/BRATS21/trainer.py:45: UserWarning: loss is 0.999999958429355 and <class 'torch.Tensor'> and False
  warnings.warn(f"loss is {loss} and {type(loss)} and {torch.isnan(loss)}")
/home/karimimonsefi.1/SSL_VAN/BRATS21/trainer.py:65: UserWarning: Epoch 219/500 124/500  loss: 0.3427  time 0.29s
  warnings.warn(
/home/karimimonsefi.1/SSL_VAN/BRATS21/trainer.py:45: UserWarning: loss is 0.9999999729226063 and <class 'torch.Tensor'> and False
  warnings.warn(f"loss is {loss} and {type(loss)} and {torch.isnan(loss)}")
/home/karimimonsefi.1/SSL_VAN/BRATS21/trainer.py:65: UserWarning: Epoch 219/500 125/500  loss: 0.3448  time 0.30s
  warnings.warn(
/home/karimimonsefi.1/SSL_VAN/BRATS21/trainer.py:45: UserWarning: loss is 0.9999999802097796 and <class 'torch.Tensor'> and False
  warnings.warn(f"loss is {loss} and {type(loss)} and {torch.isnan(loss)}")
/home/karimimonsefi.1/SSL_VAN/BRATS21/trainer.py:65: UserWarning: Epoch 219/500 126/500  loss: 0.3499  time 0.29s
  warnings.warn(
/home/karimimonsefi.1/SSL_VAN/BRATS21/trainer.py:45: UserWarning: loss is 0.02452617810806723 and <class 'torch.Tensor'> and False
  warnings.warn(f"loss is {loss} and {type(loss)} and {torch.isnan(loss)}")
/home/karimimonsefi.1/SSL_VAN/BRATS21/trainer.py:65: UserWarning: Epoch 219/500 127/500  loss: 0.3512  time 0.29s
  warnings.warn(
/home/karimimonsefi.1/SSL_VAN/BRATS21/trainer.py:45: UserWarning: loss is 0.12670082353343065 and <class 'torch.Tensor'> and False
  warnings.warn(f"loss is {loss} and {type(loss)} and {torch.isnan(loss)}")
/home/karimimonsefi.1/SSL_VAN/BRATS21/trainer.py:65: UserWarning: Epoch 219/500 128/500  loss: 0.3492  time 0.30s
  warnings.warn(
/home/karimimonsefi.1/SSL_VAN/BRATS21/trainer.py:45: UserWarning: loss is 0.04505675360636581 and <class 'torch.Tensor'> and False
  warnings.warn(f"loss is {loss} and {type(loss)} and {torch.isnan(loss)}")
/home/karimimonsefi.1/SSL_VAN/BRATS21/trainer.py:65: UserWarning: Epoch 219/500 129/500  loss: 0.3469  time 0.31s
  warnings.warn(
/home/karimimonsefi.1/SSL_VAN/BRATS21/trainer.py:45: UserWarning: loss is 0.01650972666077758 and <class 'torch.Tensor'> and False
  warnings.warn(f"loss is {loss} and {type(loss)} and {torch.isnan(loss)}")
/home/karimimonsefi.1/SSL_VAN/BRATS21/trainer.py:65: UserWarning: Epoch 219/500 130/500  loss: 0.3444  time 5.02s
  warnings.warn(
/home/karimimonsefi.1/SSL_VAN/BRATS21/trainer.py:45: UserWarning: loss is 0.03178090205040821 and <class 'torch.Tensor'> and False
  warnings.warn(f"loss is {loss} and {type(loss)} and {torch.isnan(loss)}")
/home/karimimonsefi.1/SSL_VAN/BRATS21/trainer.py:65: UserWarning: Epoch 219/500 131/500  loss: 0.3457  time 0.31s
  warnings.warn(
/home/karimimonsefi.1/SSL_VAN/BRATS21/trainer.py:45: UserWarning: loss is 0.9999960369089111 and <class 'torch.Tensor'> and False
  warnings.warn(f"loss is {loss} and {type(loss)} and {torch.isnan(loss)}")
/home/karimimonsefi.1/SSL_VAN/BRATS21/trainer.py:65: UserWarning: Epoch 219/500 132/500  loss: 0.3470  time 0.31s
  warnings.warn(
/home/karimimonsefi.1/SSL_VAN/BRATS21/trainer.py:45: UserWarning: loss is 0.1258123920092197 and <class 'torch.Tensor'> and False
  warnings.warn(f"loss is {loss} and {type(loss)} and {torch.isnan(loss)}")
/home/karimimonsefi.1/SSL_VAN/BRATS21/trainer.py:65: UserWarning: Epoch 219/500 133/500  loss: 0.3450  time 0.33s
  warnings.warn(
/home/karimimonsefi.1/SSL_VAN/BRATS21/trainer.py:45: UserWarning: loss is 0.9999999552457052 and <class 'torch.Tensor'> and False
  warnings.warn(f"loss is {loss} and {type(loss)} and {torch.isnan(loss)}")
/home/karimimonsefi.1/SSL_VAN/BRATS21/trainer.py:65: UserWarning: Epoch 219/500 134/500  loss: 0.3467  time 0.30s
  warnings.warn(
/home/karimimonsefi.1/SSL_VAN/BRATS21/trainer.py:45: UserWarning: loss is 0.9999998696261783 and <class 'torch.Tensor'> and False
  warnings.warn(f"loss is {loss} and {type(loss)} and {torch.isnan(loss)}")
/home/karimimonsefi.1/SSL_VAN/BRATS21/trainer.py:65: UserWarning: Epoch 219/500 135/500  loss: 0.3488  time 0.30s
  warnings.warn(
/home/karimimonsefi.1/SSL_VAN/BRATS21/trainer.py:45: UserWarning: loss is 0.18105120256648002 and <class 'torch.Tensor'> and False
  warnings.warn(f"loss is {loss} and {type(loss)} and {torch.isnan(loss)}")
/home/karimimonsefi.1/SSL_VAN/BRATS21/trainer.py:65: UserWarning: Epoch 219/500 136/500  loss: 0.3505  time 0.30s
  warnings.warn(
/home/karimimonsefi.1/SSL_VAN/BRATS21/trainer.py:45: UserWarning: loss is 0.03313385597036811 and <class 'torch.Tensor'> and False
  warnings.warn(f"loss is {loss} and {type(loss)} and {torch.isnan(loss)}")
/home/karimimonsefi.1/SSL_VAN/BRATS21/trainer.py:65: UserWarning: Epoch 219/500 137/500  loss: 0.3485  time 0.31s
  warnings.warn(
/home/karimimonsefi.1/SSL_VAN/BRATS21/trainer.py:45: UserWarning: loss is 0.5681244851044414 and <class 'torch.Tensor'> and False
  warnings.warn(f"loss is {loss} and {type(loss)} and {torch.isnan(loss)}")
/home/karimimonsefi.1/SSL_VAN/BRATS21/trainer.py:65: UserWarning: Epoch 219/500 138/500  loss: 0.3482  time 0.30s
  warnings.warn(
/home/karimimonsefi.1/SSL_VAN/BRATS21/trainer.py:45: UserWarning: loss is 0.06853670797728635 and <class 'torch.Tensor'> and False
  warnings.warn(f"loss is {loss} and {type(loss)} and {torch.isnan(loss)}")
/home/karimimonsefi.1/SSL_VAN/BRATS21/trainer.py:65: UserWarning: Epoch 219/500 139/500  loss: 0.3462  time 0.30s
  warnings.warn(
/home/karimimonsefi.1/SSL_VAN/BRATS21/trainer.py:45: UserWarning: loss is 0.18106204654618274 and <class 'torch.Tensor'> and False
  warnings.warn(f"loss is {loss} and {type(loss)} and {torch.isnan(loss)}")
/home/karimimonsefi.1/SSL_VAN/BRATS21/trainer.py:65: UserWarning: Epoch 219/500 140/500  loss: 0.3479  time 0.30s
  warnings.warn(
/home/karimimonsefi.1/SSL_VAN/BRATS21/trainer.py:45: UserWarning: loss is 0.12781476609592501 and <class 'torch.Tensor'> and False
  warnings.warn(f"loss is {loss} and {type(loss)} and {torch.isnan(loss)}")
/home/karimimonsefi.1/SSL_VAN/BRATS21/trainer.py:65: UserWarning: Epoch 219/500 141/500  loss: 0.3460  time 0.30s
  warnings.warn(
/home/karimimonsefi.1/SSL_VAN/BRATS21/trainer.py:45: UserWarning: loss is 0.03809591001075611 and <class 'torch.Tensor'> and False
  warnings.warn(f"loss is {loss} and {type(loss)} and {torch.isnan(loss)}")
/home/karimimonsefi.1/SSL_VAN/BRATS21/trainer.py:65: UserWarning: Epoch 219/500 142/500  loss: 0.3437  time 0.31s
  warnings.warn(
/home/karimimonsefi.1/SSL_VAN/BRATS21/trainer.py:45: UserWarning: loss is 0.12686326095569259 and <class 'torch.Tensor'> and False
  warnings.warn(f"loss is {loss} and {type(loss)} and {torch.isnan(loss)}")
/home/karimimonsefi.1/SSL_VAN/BRATS21/trainer.py:65: UserWarning: Epoch 219/500 143/500  loss: 0.3419  time 0.33s
  warnings.warn(
/home/karimimonsefi.1/SSL_VAN/BRATS21/trainer.py:45: UserWarning: loss is 0.050396156513305645 and <class 'torch.Tensor'> and False
  warnings.warn(f"loss is {loss} and {type(loss)} and {torch.isnan(loss)}")
/home/karimimonsefi.1/SSL_VAN/BRATS21/trainer.py:65: UserWarning: Epoch 219/500 144/500  loss: 0.3399  time 1.74s
  warnings.warn(
/home/karimimonsefi.1/SSL_VAN/BRATS21/trainer.py:45: UserWarning: loss is 0.9999999688956758 and <class 'torch.Tensor'> and False
  warnings.warn(f"loss is {loss} and {type(loss)} and {torch.isnan(loss)}")
/home/karimimonsefi.1/SSL_VAN/BRATS21/trainer.py:65: UserWarning: Epoch 219/500 145/500  loss: 0.3416  time 2.11s
  warnings.warn(
/home/karimimonsefi.1/SSL_VAN/BRATS21/trainer.py:45: UserWarning: loss is 0.7010362410208417 and <class 'torch.Tensor'> and False
  warnings.warn(f"loss is {loss} and {type(loss)} and {torch.isnan(loss)}")
/home/karimimonsefi.1/SSL_VAN/BRATS21/trainer.py:65: UserWarning: Epoch 219/500 146/500  loss: 0.3418  time 0.30s
  warnings.warn(
/home/karimimonsefi.1/SSL_VAN/BRATS21/trainer.py:45: UserWarning: loss is 0.01907569076783655 and <class 'torch.Tensor'> and False
  warnings.warn(f"loss is {loss} and {type(loss)} and {torch.isnan(loss)}")
/home/karimimonsefi.1/SSL_VAN/BRATS21/trainer.py:65: UserWarning: Epoch 219/500 147/500  loss: 0.3400  time 0.30s
  warnings.warn(
/home/karimimonsefi.1/SSL_VAN/BRATS21/trainer.py:45: UserWarning: loss is 0.29792862577844326 and <class 'torch.Tensor'> and False
  warnings.warn(f"loss is {loss} and {type(loss)} and {torch.isnan(loss)}")
