/var/spool/slurmd/job73225/slurm_script: line 11: cd: SSL_VAN: No such file or directory

----------------------------------------------------------------------------
  cuda:
----------------------------------------------------------------------------
     Versions:
        cuda/10.2
        cuda/11.0
        cuda/11.2
        cuda/11.3
        cuda/11.4
        cuda/11.5
        cuda/11.6
        cuda/11.7
        cuda/11.8
        cuda/12.0

----------------------------------------------------------------------------
  For detailed information about a specific "cuda" package (including how to load the modules) use the module's full name.
  Note that names that have a trailing (E) are extensions provided by other modules.
  For example:

     $ module spider cuda/12.0
----------------------------------------------------------------------------

 


CommandNotFoundError: Your shell has not been properly configured to use 'conda activate'.
To initialize your shell, run

    $ conda init <SHELL_NAME>

Currently supported shells are:
  - bash
  - fish
  - tcsh
  - xonsh
  - zsh
  - powershell

See 'conda init --help' for more information and options.

IMPORTANT: You may need to close and restart your shell after running 'conda init'.


/home/karimimonsefi.1/miniconda3/lib/python3.9/site-packages/mmcv/__init__.py:20: UserWarning: On January 1, 2023, MMCV will release v2.0.0, in which it will remove components related to the training process and add a data transformation module. In addition, it will rename the package names mmcv to mmcv-lite and mmcv-full to mmcv. See https://github.com/open-mmlab/mmcv/blob/master/docs/en/compatibility.md for more details.
  warnings.warn(
/home/karimimonsefi.1/SSL_VAN/MSD/main.py:155: UserWarning: 0 gpu 0
  warnings.warn(f"{args.rank} gpu {args.gpu}")
/home/karimimonsefi.1/SSL_VAN/MSD/main.py:157: UserWarning: Batch size is: 1 epochs 10 and task is Task07_Pancreas
  warnings.warn(f"Batch size is: {args.batch_size} epochs {args.max_epochs} and task is {args.task}")
/home/karimimonsefi.1/miniconda3/lib/python3.9/site-packages/monai/transforms/post/array.py:176: UserWarning: `to_onehot=True/False` is deprecated, please use `to_onehot=num_classes` instead.
  warnings.warn("`to_onehot=True/False` is deprecated, please use `to_onehot=num_classes` instead.")
/home/karimimonsefi.1/SSL_VAN/MSD/main.py:190: UserWarning: Total parameters count 30745326
  warnings.warn(f"Total parameters count {pytorch_total_params}")
/home/karimimonsefi.1/SSL_VAN/MSD/main.py:193: UserWarning: Total args.checkpoint True
  warnings.warn(f"Total args.checkpoint {args.checkpoint}")
/home/karimimonsefi.1/SSL_VAN/commons/util.py:6: UserWarning:  base_url is 64-128-256-512_3-4-6-3_8-8-4-4_vae_inferer_valid_loader_nnUNet_Task07_Pancreas
  warnings.warn(f" base_url is {base_url}")
/home/karimimonsefi.1/SSL_VAN/commons/util.py:8: UserWarning:  output_url 1 is ./runs/MSD_new/test_log/output_True_False
  warnings.warn(f" output_url 1 is {output_url}")
/home/karimimonsefi.1/SSL_VAN/commons/util.py:9: UserWarning:  exists 1 is True
  warnings.warn(f" exists 1 is {os.path.exists(output_url)}")
/home/karimimonsefi.1/SSL_VAN/commons/util.py:13: UserWarning:  output_url 2 is ./runs/MSD_new/test_log/output_True_False/64-128-256-512_3-4-6-3_8-8-4-4_vae_inferer_valid_loader_nnUNet_Task07_Pancreas
  warnings.warn(f" output_url 2 is {output_url}")
/home/karimimonsefi.1/SSL_VAN/commons/util.py:14: UserWarning:  exists 2 is False
  warnings.warn(f" exists 2 is {os.path.exists(output_url)}")
/home/karimimonsefi.1/SSL_VAN/commons/util.py:20: UserWarning:  Best url model is 64-128-256-512_3-4-6-3_8-8-4-4_vae_inferer_valid_loader_nnUNet_Task07_Pancreas__best.pt, final model url is 64-128-256-512_3-4-6-3_8-8-4-4_vae_inferer_valid_loader_nnUNet_Task07_Pancreas__final.pt
  warnings.warn(f" Best url model is {args.best_model_url}, final model url is {args.final_model_url}")
/home/karimimonsefi.1/SSL_VAN/MSD/main.py:207: UserWarning: => loaded checkpoint 'True' (epoch 694) (bestacc 0.7415767312049866)
  warnings.warn("=> loaded checkpoint '{}' (epoch {}) (bestacc {})".format(
/home/karimimonsefi.1/SSL_VAN/MSD/tester.py:26: UserWarning: image_name pancreas_227.nii.gz
  warnings.warn("image_name {}".format(image_name))
/home/karimimonsefi.1/miniconda3/lib/python3.9/site-packages/monai/metrics/hausdorff_distance.py:166: UserWarning: the ground truth of class 0 is all 0, this may result in nan/inf distance.
  warnings.warn(f"the ground truth of class {c} is all 0, this may result in nan/inf distance.")
/home/karimimonsefi.1/miniconda3/lib/python3.9/site-packages/numpy/lib/function_base.py:4573: RuntimeWarning: invalid value encountered in subtract
  diff_b_a = subtract(b, a)
/home/karimimonsefi.1/miniconda3/lib/python3.9/site-packages/monai/metrics/hausdorff_distance.py:166: UserWarning: the ground truth of class 3 is all 0, this may result in nan/inf distance.
  warnings.warn(f"the ground truth of class {c} is all 0, this may result in nan/inf distance.")
/home/karimimonsefi.1/miniconda3/lib/python3.9/site-packages/monai/metrics/hausdorff_distance.py:168: UserWarning: the prediction of class 3 is all 0, this may result in nan/inf distance.
  warnings.warn(f"the prediction of class {c} is all 0, this may result in nan/inf distance.")
/home/karimimonsefi.1/miniconda3/lib/python3.9/site-packages/monai/metrics/hausdorff_distance.py:166: UserWarning: the ground truth of class 4 is all 0, this may result in nan/inf distance.
  warnings.warn(f"the ground truth of class {c} is all 0, this may result in nan/inf distance.")
/home/karimimonsefi.1/miniconda3/lib/python3.9/site-packages/monai/metrics/hausdorff_distance.py:168: UserWarning: the prediction of class 4 is all 0, this may result in nan/inf distance.
  warnings.warn(f"the prediction of class {c} is all 0, this may result in nan/inf distance.")
/home/karimimonsefi.1/miniconda3/lib/python3.9/site-packages/monai/metrics/hausdorff_distance.py:166: UserWarning: the ground truth of class 5 is all 0, this may result in nan/inf distance.
  warnings.warn(f"the ground truth of class {c} is all 0, this may result in nan/inf distance.")
/home/karimimonsefi.1/miniconda3/lib/python3.9/site-packages/monai/metrics/hausdorff_distance.py:168: UserWarning: the prediction of class 5 is all 0, this may result in nan/inf distance.
  warnings.warn(f"the prediction of class {c} is all 0, this may result in nan/inf distance.")
/home/karimimonsefi.1/miniconda3/lib/python3.9/site-packages/monai/metrics/hausdorff_distance.py:166: UserWarning: the ground truth of class 6 is all 0, this may result in nan/inf distance.
  warnings.warn(f"the ground truth of class {c} is all 0, this may result in nan/inf distance.")
/home/karimimonsefi.1/miniconda3/lib/python3.9/site-packages/monai/metrics/hausdorff_distance.py:168: UserWarning: the prediction of class 6 is all 0, this may result in nan/inf distance.
  warnings.warn(f"the prediction of class {c} is all 0, this may result in nan/inf distance.")
/home/karimimonsefi.1/miniconda3/lib/python3.9/site-packages/monai/metrics/hausdorff_distance.py:166: UserWarning: the ground truth of class 7 is all 0, this may result in nan/inf distance.
  warnings.warn(f"the ground truth of class {c} is all 0, this may result in nan/inf distance.")
/home/karimimonsefi.1/miniconda3/lib/python3.9/site-packages/monai/metrics/hausdorff_distance.py:168: UserWarning: the prediction of class 7 is all 0, this may result in nan/inf distance.
  warnings.warn(f"the prediction of class {c} is all 0, this may result in nan/inf distance.")
/home/karimimonsefi.1/miniconda3/lib/python3.9/site-packages/monai/metrics/hausdorff_distance.py:166: UserWarning: the ground truth of class 8 is all 0, this may result in nan/inf distance.
  warnings.warn(f"the ground truth of class {c} is all 0, this may result in nan/inf distance.")
/home/karimimonsefi.1/miniconda3/lib/python3.9/site-packages/monai/metrics/hausdorff_distance.py:168: UserWarning: the prediction of class 8 is all 0, this may result in nan/inf distance.
  warnings.warn(f"the prediction of class {c} is all 0, this may result in nan/inf distance.")
/home/karimimonsefi.1/miniconda3/lib/python3.9/site-packages/monai/metrics/hausdorff_distance.py:166: UserWarning: the ground truth of class 9 is all 0, this may result in nan/inf distance.
  warnings.warn(f"the ground truth of class {c} is all 0, this may result in nan/inf distance.")
/home/karimimonsefi.1/miniconda3/lib/python3.9/site-packages/monai/metrics/hausdorff_distance.py:168: UserWarning: the prediction of class 9 is all 0, this may result in nan/inf distance.
  warnings.warn(f"the prediction of class {c} is all 0, this may result in nan/inf distance.")
/home/karimimonsefi.1/miniconda3/lib/python3.9/site-packages/monai/metrics/hausdorff_distance.py:166: UserWarning: the ground truth of class 10 is all 0, this may result in nan/inf distance.
  warnings.warn(f"the ground truth of class {c} is all 0, this may result in nan/inf distance.")
/home/karimimonsefi.1/miniconda3/lib/python3.9/site-packages/monai/metrics/hausdorff_distance.py:168: UserWarning: the prediction of class 10 is all 0, this may result in nan/inf distance.
  warnings.warn(f"the prediction of class {c} is all 0, this may result in nan/inf distance.")
/home/karimimonsefi.1/miniconda3/lib/python3.9/site-packages/monai/metrics/hausdorff_distance.py:166: UserWarning: the ground truth of class 11 is all 0, this may result in nan/inf distance.
  warnings.warn(f"the ground truth of class {c} is all 0, this may result in nan/inf distance.")
/home/karimimonsefi.1/miniconda3/lib/python3.9/site-packages/monai/metrics/hausdorff_distance.py:168: UserWarning: the prediction of class 11 is all 0, this may result in nan/inf distance.
  warnings.warn(f"the prediction of class {c} is all 0, this may result in nan/inf distance.")
/home/karimimonsefi.1/miniconda3/lib/python3.9/site-packages/monai/metrics/hausdorff_distance.py:166: UserWarning: the ground truth of class 12 is all 0, this may result in nan/inf distance.
  warnings.warn(f"the ground truth of class {c} is all 0, this may result in nan/inf distance.")
/home/karimimonsefi.1/miniconda3/lib/python3.9/site-packages/monai/metrics/hausdorff_distance.py:168: UserWarning: the prediction of class 12 is all 0, this may result in nan/inf distance.
  warnings.warn(f"the prediction of class {c} is all 0, this may result in nan/inf distance.")
/home/karimimonsefi.1/miniconda3/lib/python3.9/site-packages/monai/metrics/hausdorff_distance.py:166: UserWarning: the ground truth of class 13 is all 0, this may result in nan/inf distance.
  warnings.warn(f"the ground truth of class {c} is all 0, this may result in nan/inf distance.")
/home/karimimonsefi.1/miniconda3/lib/python3.9/site-packages/monai/metrics/hausdorff_distance.py:168: UserWarning: the prediction of class 13 is all 0, this may result in nan/inf distance.
  warnings.warn(f"the prediction of class {c} is all 0, this may result in nan/inf distance.")
/home/karimimonsefi.1/SSL_VAN/MSD/tester.py:63: UserWarning: temp 0
  warnings.warn("temp {}".format(temp))
/home/karimimonsefi.1/SSL_VAN/MSD/tester.py:64: UserWarning: hd_distance tensor([[     nan, 279.7467, 311.3583,      nan,      nan,      nan,      nan,
              nan,      nan,      nan,      nan,      nan,      nan,      nan]],
       dtype=torch.float64)
  warnings.warn("hd_distance {}".format(hd_distance))
/home/karimimonsefi.1/SSL_VAN/MSD/tester.py:75: UserWarning: test 0/57, len is 14
  warnings.warn("test {}/{}, len is {}".format(idx, len(loader), list_size))
/home/karimimonsefi.1/SSL_VAN/MSD/tester.py:77: UserWarning: 0: 0.9998741745948792,
  warnings.warn("{}: {},".format(i, run_acc.avg[i]))
/home/karimimonsefi.1/SSL_VAN/MSD/tester.py:77: UserWarning: 1: 0.8451912999153137,
  warnings.warn("{}: {},".format(i, run_acc.avg[i]))
/home/karimimonsefi.1/SSL_VAN/MSD/tester.py:77: UserWarning: 2: 0.4669871926307678,
  warnings.warn("{}: {},".format(i, run_acc.avg[i]))
/home/karimimonsefi.1/SSL_VAN/MSD/tester.py:77: UserWarning: 3: 1.0,
  warnings.warn("{}: {},".format(i, run_acc.avg[i]))
/home/karimimonsefi.1/SSL_VAN/MSD/tester.py:77: UserWarning: 4: 1.0,
  warnings.warn("{}: {},".format(i, run_acc.avg[i]))
/home/karimimonsefi.1/SSL_VAN/MSD/tester.py:77: UserWarning: 5: 1.0,
  warnings.warn("{}: {},".format(i, run_acc.avg[i]))
/home/karimimonsefi.1/SSL_VAN/MSD/tester.py:77: UserWarning: 6: 1.0,
  warnings.warn("{}: {},".format(i, run_acc.avg[i]))
/home/karimimonsefi.1/SSL_VAN/MSD/tester.py:77: UserWarning: 7: 1.0,
  warnings.warn("{}: {},".format(i, run_acc.avg[i]))
/home/karimimonsefi.1/SSL_VAN/MSD/tester.py:77: UserWarning: 8: 1.0,
  warnings.warn("{}: {},".format(i, run_acc.avg[i]))
/home/karimimonsefi.1/SSL_VAN/MSD/tester.py:77: UserWarning: 9: 1.0,
  warnings.warn("{}: {},".format(i, run_acc.avg[i]))
/home/karimimonsefi.1/SSL_VAN/MSD/tester.py:77: UserWarning: 10: 1.0,
  warnings.warn("{}: {},".format(i, run_acc.avg[i]))
/home/karimimonsefi.1/SSL_VAN/MSD/tester.py:77: UserWarning: 11: 1.0,
  warnings.warn("{}: {},".format(i, run_acc.avg[i]))
/home/karimimonsefi.1/SSL_VAN/MSD/tester.py:77: UserWarning: 12: 1.0,
  warnings.warn("{}: {},".format(i, run_acc.avg[i]))
/home/karimimonsefi.1/SSL_VAN/MSD/tester.py:77: UserWarning: 13: 1.0,
  warnings.warn("{}: {},".format(i, run_acc.avg[i]))
/home/karimimonsefi.1/SSL_VAN/MSD/tester.py:78: UserWarning: , HD95: [[ nan  279.747  311.358  nan  nan  nan  nan  nan  nan  nan  nan  nan
   nan  nan]], time 35.32s
  warnings.warn(", HD95: {}, time {:.2f}s".format(hd95.avg, time.time() - start_time))
/home/karimimonsefi.1/SSL_VAN/MSD/tester.py:26: UserWarning: image_name pancreas_328.nii.gz
  warnings.warn("image_name {}".format(image_name))
/home/karimimonsefi.1/SSL_VAN/MSD/tester.py:63: UserWarning: temp [[ nan  279.747  311.358  nan  nan  nan  nan  nan  nan  nan  nan  nan
   nan  nan]]
  warnings.warn("temp {}".format(temp))
/home/karimimonsefi.1/SSL_VAN/MSD/tester.py:64: UserWarning: hd_distance tensor([[     nan, 334.6645, 390.8148,      nan,      nan,      nan,      nan,
              nan,      nan,      nan,      nan,      nan,      nan,      nan]],
       dtype=torch.float64)
  warnings.warn("hd_distance {}".format(hd_distance))
/home/karimimonsefi.1/SSL_VAN/MSD/tester.py:75: UserWarning: test 1/57, len is 14
  warnings.warn("test {}/{}, len is {}".format(idx, len(loader), list_size))
/home/karimimonsefi.1/SSL_VAN/MSD/tester.py:77: UserWarning: 0: 0.9998416304588318,
  warnings.warn("{}: {},".format(i, run_acc.avg[i]))
/home/karimimonsefi.1/SSL_VAN/MSD/tester.py:77: UserWarning: 1: 0.8319254517555237,
  warnings.warn("{}: {},".format(i, run_acc.avg[i]))
/home/karimimonsefi.1/SSL_VAN/MSD/tester.py:77: UserWarning: 2: 0.327703595161438,
  warnings.warn("{}: {},".format(i, run_acc.avg[i]))
/home/karimimonsefi.1/SSL_VAN/MSD/tester.py:78: UserWarning: , HD95: [[ nan  307.206  351.087  nan  nan  nan  nan  nan  nan  nan  nan  nan
   nan  nan]], time 24.91s
  warnings.warn(", HD95: {}, time {:.2f}s".format(hd95.avg, time.time() - start_time))
/home/karimimonsefi.1/SSL_VAN/MSD/tester.py:26: UserWarning: image_name pancreas_050.nii.gz
  warnings.warn("image_name {}".format(image_name))
/home/karimimonsefi.1/SSL_VAN/MSD/tester.py:63: UserWarning: temp [[ nan  307.206  351.087  nan  nan  nan  nan  nan  nan  nan  nan  nan
   nan  nan]]
  warnings.warn("temp {}".format(temp))
/home/karimimonsefi.1/SSL_VAN/MSD/tester.py:64: UserWarning: hd_distance tensor([[     nan, 230.3319, 251.1873,      nan,      nan,      nan,      nan,
              nan,      nan,      nan,      nan,      nan,      nan,      nan]],
       dtype=torch.float64)
  warnings.warn("hd_distance {}".format(hd_distance))
/home/karimimonsefi.1/SSL_VAN/MSD/tester.py:75: UserWarning: test 2/57, len is 14
  warnings.warn("test {}/{}, len is {}".format(idx, len(loader), list_size))
/home/karimimonsefi.1/SSL_VAN/MSD/tester.py:77: UserWarning: 0: 0.9997844696044922,
  warnings.warn("{}: {},".format(i, run_acc.avg[i]))
/home/karimimonsefi.1/SSL_VAN/MSD/tester.py:77: UserWarning: 1: 0.7717083096504211,
  warnings.warn("{}: {},".format(i, run_acc.avg[i]))
/home/karimimonsefi.1/SSL_VAN/MSD/tester.py:77: UserWarning: 2: 0.40718379616737366,
  warnings.warn("{}: {},".format(i, run_acc.avg[i]))
/home/karimimonsefi.1/SSL_VAN/MSD/tester.py:78: UserWarning: , HD95: [[ nan  281.581  317.787  nan  nan  nan  nan  nan  nan  nan  nan  nan
   nan  nan]], time 11.09s
  warnings.warn(", HD95: {}, time {:.2f}s".format(hd95.avg, time.time() - start_time))
/home/karimimonsefi.1/SSL_VAN/MSD/tester.py:26: UserWarning: image_name pancreas_321.nii.gz
  warnings.warn("image_name {}".format(image_name))
/home/karimimonsefi.1/SSL_VAN/MSD/tester.py:63: UserWarning: temp [[ nan  281.581  317.787  nan  nan  nan  nan  nan  nan  nan  nan  nan
   nan  nan]]
  warnings.warn("temp {}".format(temp))
/home/karimimonsefi.1/SSL_VAN/MSD/tester.py:64: UserWarning: hd_distance tensor([[     nan, 306.5793, 290.7991,      nan,      nan,      nan,      nan,
              nan,      nan,      nan,      nan,      nan,      nan,      nan]],
       dtype=torch.float64)
  warnings.warn("hd_distance {}".format(hd_distance))
/home/karimimonsefi.1/SSL_VAN/MSD/tester.py:75: UserWarning: test 3/57, len is 14
  warnings.warn("test {}/{}, len is {}".format(idx, len(loader), list_size))
/home/karimimonsefi.1/SSL_VAN/MSD/tester.py:77: UserWarning: 0: 0.9998052716255188,
  warnings.warn("{}: {},".format(i, run_acc.avg[i]))
/home/karimimonsefi.1/SSL_VAN/MSD/tester.py:77: UserWarning: 1: 0.7931708097457886,
  warnings.warn("{}: {},".format(i, run_acc.avg[i]))
/home/karimimonsefi.1/SSL_VAN/MSD/tester.py:77: UserWarning: 2: 0.33935049176216125,
  warnings.warn("{}: {},".format(i, run_acc.avg[i]))
/home/karimimonsefi.1/SSL_VAN/MSD/tester.py:78: UserWarning: , HD95: [[ nan  287.831  311.040  nan  nan  nan  nan  nan  nan  nan  nan  nan
   nan  nan]], time 26.57s
  warnings.warn(", HD95: {}, time {:.2f}s".format(hd95.avg, time.time() - start_time))
/home/karimimonsefi.1/SSL_VAN/MSD/tester.py:26: UserWarning: image_name pancreas_421.nii.gz
  warnings.warn("image_name {}".format(image_name))
/home/karimimonsefi.1/SSL_VAN/MSD/tester.py:63: UserWarning: temp [[ nan  287.831  311.040  nan  nan  nan  nan  nan  nan  nan  nan  nan
   nan  nan]]
  warnings.warn("temp {}".format(temp))
/home/karimimonsefi.1/SSL_VAN/MSD/tester.py:64: UserWarning: hd_distance tensor([[     nan, 304.3585, 346.1100,      nan,      nan,      nan,      nan,
              nan,      nan,      nan,      nan,      nan,      nan,      nan]],
       dtype=torch.float64)
  warnings.warn("hd_distance {}".format(hd_distance))
/home/karimimonsefi.1/SSL_VAN/MSD/tester.py:75: UserWarning: test 4/57, len is 14
  warnings.warn("test {}/{}, len is {}".format(idx, len(loader), list_size))
/home/karimimonsefi.1/SSL_VAN/MSD/tester.py:77: UserWarning: 0: 0.9998013377189636,
  warnings.warn("{}: {},".format(i, run_acc.avg[i]))
/home/karimimonsefi.1/SSL_VAN/MSD/tester.py:77: UserWarning: 1: 0.8013903498649597,
  warnings.warn("{}: {},".format(i, run_acc.avg[i]))
/home/karimimonsefi.1/SSL_VAN/MSD/tester.py:77: UserWarning: 2: 0.43510326743125916,
  warnings.warn("{}: {},".format(i, run_acc.avg[i]))
/home/karimimonsefi.1/SSL_VAN/MSD/tester.py:78: UserWarning: , HD95: [[ nan  291.136  318.054  nan  nan  nan  nan  nan  nan  nan  nan  nan
   nan  nan]], time 25.67s
  warnings.warn(", HD95: {}, time {:.2f}s".format(hd95.avg, time.time() - start_time))
/home/karimimonsefi.1/SSL_VAN/MSD/tester.py:26: UserWarning: image_name pancreas_127.nii.gz
  warnings.warn("image_name {}".format(image_name))
/home/karimimonsefi.1/SSL_VAN/MSD/tester.py:63: UserWarning: temp [[ nan  291.136  318.054  nan  nan  nan  nan  nan  nan  nan  nan  nan
   nan  nan]]
  warnings.warn("temp {}".format(temp))
/home/karimimonsefi.1/SSL_VAN/MSD/tester.py:64: UserWarning: hd_distance tensor([[     nan, 289.6183, 310.3304,      nan,      nan,      nan,      nan,
              nan,      nan,      nan,      nan,      nan,      nan,      nan]],
       dtype=torch.float64)
  warnings.warn("hd_distance {}".format(hd_distance))
/home/karimimonsefi.1/SSL_VAN/MSD/tester.py:75: UserWarning: test 5/57, len is 14
  warnings.warn("test {}/{}, len is {}".format(idx, len(loader), list_size))
/home/karimimonsefi.1/SSL_VAN/MSD/tester.py:77: UserWarning: 0: 0.9997711181640625,
  warnings.warn("{}: {},".format(i, run_acc.avg[i]))
/home/karimimonsefi.1/SSL_VAN/MSD/tester.py:77: UserWarning: 1: 0.8092136383056641,
  warnings.warn("{}: {},".format(i, run_acc.avg[i]))
/home/karimimonsefi.1/SSL_VAN/MSD/tester.py:77: UserWarning: 2: 0.4981156587600708,
  warnings.warn("{}: {},".format(i, run_acc.avg[i]))
/home/karimimonsefi.1/SSL_VAN/MSD/tester.py:78: UserWarning: , HD95: [[ nan  290.883  316.767  nan  nan  nan  nan  nan  nan  nan  nan  nan
   nan  nan]], time 26.60s
  warnings.warn(", HD95: {}, time {:.2f}s".format(hd95.avg, time.time() - start_time))
/home/karimimonsefi.1/SSL_VAN/MSD/tester.py:26: UserWarning: image_name pancreas_409.nii.gz
  warnings.warn("image_name {}".format(image_name))
/home/karimimonsefi.1/miniconda3/lib/python3.9/site-packages/monai/metrics/hausdorff_distance.py:168: UserWarning: the prediction of class 2 is all 0, this may result in nan/inf distance.
  warnings.warn(f"the prediction of class {c} is all 0, this may result in nan/inf distance.")
/home/karimimonsefi.1/SSL_VAN/MSD/tester.py:63: UserWarning: temp [[ nan  290.883  316.767  nan  nan  nan  nan  nan  nan  nan  nan  nan
   nan  nan]]
  warnings.warn("temp {}".format(temp))
/home/karimimonsefi.1/SSL_VAN/MSD/tester.py:64: UserWarning: hd_distance tensor([[     nan, 361.7568,      nan,      nan,      nan,      nan,      nan,
              nan,      nan,      nan,      nan,      nan,      nan,      nan]],
       dtype=torch.float64)
  warnings.warn("hd_distance {}".format(hd_distance))
/home/karimimonsefi.1/SSL_VAN/MSD/tester.py:75: UserWarning: test 6/57, len is 14
  warnings.warn("test {}/{}, len is {}".format(idx, len(loader), list_size))
/home/karimimonsefi.1/SSL_VAN/MSD/tester.py:77: UserWarning: 0: 0.9996114373207092,
  warnings.warn("{}: {},".format(i, run_acc.avg[i]))
/home/karimimonsefi.1/SSL_VAN/MSD/tester.py:77: UserWarning: 1: 0.7502532601356506,
  warnings.warn("{}: {},".format(i, run_acc.avg[i]))
/home/karimimonsefi.1/SSL_VAN/MSD/tester.py:77: UserWarning: 2: 0.42695626616477966,
  warnings.warn("{}: {},".format(i, run_acc.avg[i]))
/home/karimimonsefi.1/SSL_VAN/MSD/tester.py:78: UserWarning: , HD95: [[ nan  301.008  316.767  nan  nan  nan  nan  nan  nan  nan  nan  nan
   nan  nan]], time 25.20s
  warnings.warn(", HD95: {}, time {:.2f}s".format(hd95.avg, time.time() - start_time))
/home/karimimonsefi.1/SSL_VAN/MSD/tester.py:26: UserWarning: image_name pancreas_305.nii.gz
  warnings.warn("image_name {}".format(image_name))
/home/karimimonsefi.1/SSL_VAN/MSD/tester.py:63: UserWarning: temp [[ nan  301.008  316.767  nan  nan  nan  nan  nan  nan  nan  nan  nan
   nan  nan]]
  warnings.warn("temp {}".format(temp))
/home/karimimonsefi.1/SSL_VAN/MSD/tester.py:64: UserWarning: hd_distance tensor([[     nan, 272.2753, 293.3843,      nan,      nan,      nan,      nan,
              nan,      nan,      nan,      nan,      nan,      nan,      nan]],
       dtype=torch.float64)
  warnings.warn("hd_distance {}".format(hd_distance))
/home/karimimonsefi.1/SSL_VAN/MSD/tester.py:75: UserWarning: test 7/57, len is 14
  warnings.warn("test {}/{}, len is {}".format(idx, len(loader), list_size))
/home/karimimonsefi.1/SSL_VAN/MSD/tester.py:77: UserWarning: 0: 0.9996399283409119,
  warnings.warn("{}: {},".format(i, run_acc.avg[i]))
/home/karimimonsefi.1/SSL_VAN/MSD/tester.py:77: UserWarning: 1: 0.7593083381652832,
  warnings.warn("{}: {},".format(i, run_acc.avg[i]))
/home/karimimonsefi.1/SSL_VAN/MSD/tester.py:77: UserWarning: 2: 0.44060659408569336,
  warnings.warn("{}: {},".format(i, run_acc.avg[i]))
/home/karimimonsefi.1/SSL_VAN/MSD/tester.py:78: UserWarning: , HD95: [[ nan  297.416  313.844  nan  nan  nan  nan  nan  nan  nan  nan  nan
   nan  nan]], time 11.45s
  warnings.warn(", HD95: {}, time {:.2f}s".format(hd95.avg, time.time() - start_time))
/home/karimimonsefi.1/SSL_VAN/MSD/tester.py:26: UserWarning: image_name pancreas_029.nii.gz
  warnings.warn("image_name {}".format(image_name))
/home/karimimonsefi.1/SSL_VAN/MSD/tester.py:63: UserWarning: temp [[ nan  297.416  313.844  nan  nan  nan  nan  nan  nan  nan  nan  nan
   nan  nan]]
  warnings.warn("temp {}".format(temp))
/home/karimimonsefi.1/SSL_VAN/MSD/tester.py:64: UserWarning: hd_distance tensor([[     nan, 239.2605, 273.3598,      nan,      nan,      nan,      nan,
              nan,      nan,      nan,      nan,      nan,      nan,      nan]],
       dtype=torch.float64)
  warnings.warn("hd_distance {}".format(hd_distance))
/home/karimimonsefi.1/SSL_VAN/MSD/tester.py:75: UserWarning: test 8/57, len is 14
  warnings.warn("test {}/{}, len is {}".format(idx, len(loader), list_size))
/home/karimimonsefi.1/SSL_VAN/MSD/tester.py:77: UserWarning: 0: 0.9996136426925659,
  warnings.warn("{}: {},".format(i, run_acc.avg[i]))
/home/karimimonsefi.1/SSL_VAN/MSD/tester.py:77: UserWarning: 1: 0.7665199041366577,
  warnings.warn("{}: {},".format(i, run_acc.avg[i]))
/home/karimimonsefi.1/SSL_VAN/MSD/tester.py:77: UserWarning: 2: 0.39165031909942627,
  warnings.warn("{}: {},".format(i, run_acc.avg[i]))
/home/karimimonsefi.1/SSL_VAN/MSD/tester.py:78: UserWarning: , HD95: [[ nan  290.955  309.346  nan  nan  nan  nan  nan  nan  nan  nan  nan
   nan  nan]], time 16.23s
  warnings.warn(", HD95: {}, time {:.2f}s".format(hd95.avg, time.time() - start_time))
/home/karimimonsefi.1/SSL_VAN/MSD/tester.py:26: UserWarning: image_name pancreas_336.nii.gz
  warnings.warn("image_name {}".format(image_name))
/home/karimimonsefi.1/SSL_VAN/MSD/tester.py:63: UserWarning: temp [[ nan  290.955  309.346  nan  nan  nan  nan  nan  nan  nan  nan  nan
   nan  nan]]
  warnings.warn("temp {}".format(temp))
/home/karimimonsefi.1/SSL_VAN/MSD/tester.py:64: UserWarning: hd_distance tensor([[     nan, 309.0439, 328.5601,      nan,      nan,      nan,      nan,
              nan,      nan,      nan,      nan,      nan,      nan,      nan]],
       dtype=torch.float64)
  warnings.warn("hd_distance {}".format(hd_distance))
/home/karimimonsefi.1/SSL_VAN/MSD/tester.py:75: UserWarning: test 9/57, len is 14
  warnings.warn("test {}/{}, len is {}".format(idx, len(loader), list_size))
/home/karimimonsefi.1/SSL_VAN/MSD/tester.py:77: UserWarning: 0: 0.9996323585510254,
  warnings.warn("{}: {},".format(i, run_acc.avg[i]))
/home/karimimonsefi.1/SSL_VAN/MSD/tester.py:77: UserWarning: 1: 0.7731292247772217,
  warnings.warn("{}: {},".format(i, run_acc.avg[i]))
/home/karimimonsefi.1/SSL_VAN/MSD/tester.py:77: UserWarning: 2: 0.3761250376701355,
  warnings.warn("{}: {},".format(i, run_acc.avg[i]))
/home/karimimonsefi.1/SSL_VAN/MSD/tester.py:78: UserWarning: , HD95: [[ nan  292.764  311.267  nan  nan  nan  nan  nan  nan  nan  nan  nan
   nan  nan]], time 17.94s
  warnings.warn(", HD95: {}, time {:.2f}s".format(hd95.avg, time.time() - start_time))
/home/karimimonsefi.1/SSL_VAN/MSD/tester.py:26: UserWarning: image_name pancreas_242.nii.gz
  warnings.warn("image_name {}".format(image_name))
/home/karimimonsefi.1/SSL_VAN/MSD/tester.py:63: UserWarning: temp [[ nan  292.764  311.267  nan  nan  nan  nan  nan  nan  nan  nan  nan
   nan  nan]]
  warnings.warn("temp {}".format(temp))
/home/karimimonsefi.1/SSL_VAN/MSD/tester.py:64: UserWarning: hd_distance tensor([[     nan, 280.1539,      nan,      nan,      nan,      nan,      nan,
              nan,      nan,      nan,      nan,      nan,      nan,      nan]],
       dtype=torch.float64)
  warnings.warn("hd_distance {}".format(hd_distance))
/home/karimimonsefi.1/SSL_VAN/MSD/tester.py:75: UserWarning: test 10/57, len is 14
  warnings.warn("test {}/{}, len is {}".format(idx, len(loader), list_size))
/home/karimimonsefi.1/SSL_VAN/MSD/tester.py:77: UserWarning: 0: 0.9996517300605774,
  warnings.warn("{}: {},".format(i, run_acc.avg[i]))
/home/karimimonsefi.1/SSL_VAN/MSD/tester.py:77: UserWarning: 1: 0.7826685309410095,
  warnings.warn("{}: {},".format(i, run_acc.avg[i]))
/home/karimimonsefi.1/SSL_VAN/MSD/tester.py:77: UserWarning: 2: 0.34193184971809387,
  warnings.warn("{}: {},".format(i, run_acc.avg[i]))
/home/karimimonsefi.1/SSL_VAN/MSD/tester.py:78: UserWarning: , HD95: [[ nan  291.617  311.267  nan  nan  nan  nan  nan  nan  nan  nan  nan
   nan  nan]], time 16.44s
  warnings.warn(", HD95: {}, time {:.2f}s".format(hd95.avg, time.time() - start_time))
/home/karimimonsefi.1/SSL_VAN/MSD/tester.py:26: UserWarning: image_name pancreas_046.nii.gz
  warnings.warn("image_name {}".format(image_name))
/home/karimimonsefi.1/SSL_VAN/MSD/tester.py:63: UserWarning: temp [[ nan  291.617  311.267  nan  nan  nan  nan  nan  nan  nan  nan  nan
   nan  nan]]
  warnings.warn("temp {}".format(temp))
/home/karimimonsefi.1/SSL_VAN/MSD/tester.py:64: UserWarning: hd_distance tensor([[     nan, 261.1467, 316.1028,      nan,      nan,      nan,      nan,
              nan,      nan,      nan,      nan,      nan,      nan,      nan]],
       dtype=torch.float64)
  warnings.warn("hd_distance {}".format(hd_distance))
/home/karimimonsefi.1/SSL_VAN/MSD/tester.py:75: UserWarning: test 11/57, len is 14
  warnings.warn("test {}/{}, len is {}".format(idx, len(loader), list_size))
/home/karimimonsefi.1/SSL_VAN/MSD/tester.py:77: UserWarning: 0: 0.9996615052223206,
  warnings.warn("{}: {},".format(i, run_acc.avg[i]))
/home/karimimonsefi.1/SSL_VAN/MSD/tester.py:77: UserWarning: 1: 0.7860283255577087,
  warnings.warn("{}: {},".format(i, run_acc.avg[i]))
/home/karimimonsefi.1/SSL_VAN/MSD/tester.py:77: UserWarning: 2: 0.3751518428325653,
  warnings.warn("{}: {},".format(i, run_acc.avg[i]))
/home/karimimonsefi.1/SSL_VAN/MSD/tester.py:78: UserWarning: , HD95: [[ nan  289.078  311.670  nan  nan  nan  nan  nan  nan  nan  nan  nan
   nan  nan]], time 22.53s
  warnings.warn(", HD95: {}, time {:.2f}s".format(hd95.avg, time.time() - start_time))
/home/karimimonsefi.1/SSL_VAN/MSD/tester.py:26: UserWarning: image_name pancreas_107.nii.gz
  warnings.warn("image_name {}".format(image_name))
/home/karimimonsefi.1/SSL_VAN/MSD/tester.py:63: UserWarning: temp [[ nan  289.078  311.670  nan  nan  nan  nan  nan  nan  nan  nan  nan
   nan  nan]]
  warnings.warn("temp {}".format(temp))
/home/karimimonsefi.1/SSL_VAN/MSD/tester.py:64: UserWarning: hd_distance tensor([[     nan, 257.0892, 300.6665,      nan,      nan,      nan,      nan,
              nan,      nan,      nan,      nan,      nan,      nan,      nan]],
       dtype=torch.float64)
  warnings.warn("hd_distance {}".format(hd_distance))
/home/karimimonsefi.1/SSL_VAN/MSD/tester.py:75: UserWarning: test 12/57, len is 14
  warnings.warn("test {}/{}, len is {}".format(idx, len(loader), list_size))
/home/karimimonsefi.1/SSL_VAN/MSD/tester.py:77: UserWarning: 0: 0.9996473789215088,
  warnings.warn("{}: {},".format(i, run_acc.avg[i]))
/home/karimimonsefi.1/SSL_VAN/MSD/tester.py:77: UserWarning: 1: 0.7814934253692627,
  warnings.warn("{}: {},".format(i, run_acc.avg[i]))
/home/karimimonsefi.1/SSL_VAN/MSD/tester.py:77: UserWarning: 2: 0.40578874945640564,
  warnings.warn("{}: {},".format(i, run_acc.avg[i]))
/home/karimimonsefi.1/SSL_VAN/MSD/tester.py:78: UserWarning: , HD95: [[ nan  286.617  310.824  nan  nan  nan  nan  nan  nan  nan  nan  nan
   nan  nan]], time 16.50s
  warnings.warn(", HD95: {}, time {:.2f}s".format(hd95.avg, time.time() - start_time))
/home/karimimonsefi.1/SSL_VAN/MSD/tester.py:26: UserWarning: image_name pancreas_311.nii.gz
  warnings.warn("image_name {}".format(image_name))
/home/karimimonsefi.1/SSL_VAN/MSD/tester.py:63: UserWarning: temp [[ nan  286.617  310.824  nan  nan  nan  nan  nan  nan  nan  nan  nan
   nan  nan]]
  warnings.warn("temp {}".format(temp))
/home/karimimonsefi.1/SSL_VAN/MSD/tester.py:64: UserWarning: hd_distance tensor([[     nan, 225.6463, 279.6959,      nan,      nan,      nan,      nan,
              nan,      nan,      nan,      nan,      nan,      nan,      nan]],
       dtype=torch.float64)
  warnings.warn("hd_distance {}".format(hd_distance))
/home/karimimonsefi.1/SSL_VAN/MSD/tester.py:75: UserWarning: test 13/57, len is 14
  warnings.warn("test {}/{}, len is {}".format(idx, len(loader), list_size))
/home/karimimonsefi.1/SSL_VAN/MSD/tester.py:77: UserWarning: 0: 0.9996526837348938,
  warnings.warn("{}: {},".format(i, run_acc.avg[i]))
/home/karimimonsefi.1/SSL_VAN/MSD/tester.py:77: UserWarning: 1: 0.7822564840316772,
  warnings.warn("{}: {},".format(i, run_acc.avg[i]))
/home/karimimonsefi.1/SSL_VAN/MSD/tester.py:77: UserWarning: 2: 0.4112226963043213,
  warnings.warn("{}: {},".format(i, run_acc.avg[i]))
/home/karimimonsefi.1/SSL_VAN/MSD/tester.py:78: UserWarning: , HD95: [[ nan  282.262  308.600  nan  nan  nan  nan  nan  nan  nan  nan  nan
   nan  nan]], time 13.60s
  warnings.warn(", HD95: {}, time {:.2f}s".format(hd95.avg, time.time() - start_time))
/home/karimimonsefi.1/SSL_VAN/MSD/tester.py:26: UserWarning: image_name pancreas_228.nii.gz
  warnings.warn("image_name {}".format(image_name))
/home/karimimonsefi.1/SSL_VAN/MSD/tester.py:63: UserWarning: temp [[ nan  282.262  308.600  nan  nan  nan  nan  nan  nan  nan  nan  nan
   nan  nan]]
  warnings.warn("temp {}".format(temp))
/home/karimimonsefi.1/SSL_VAN/MSD/tester.py:64: UserWarning: hd_distance tensor([[     nan, 279.7010, 335.9684,      nan,      nan,      nan,      nan,
              nan,      nan,      nan,      nan,      nan,      nan,      nan]],
       dtype=torch.float64)
  warnings.warn("hd_distance {}".format(hd_distance))
/home/karimimonsefi.1/SSL_VAN/MSD/tester.py:75: UserWarning: test 14/57, len is 14
  warnings.warn("test {}/{}, len is {}".format(idx, len(loader), list_size))
/home/karimimonsefi.1/SSL_VAN/MSD/tester.py:77: UserWarning: 0: 0.9996599555015564,
  warnings.warn("{}: {},".format(i, run_acc.avg[i]))
/home/karimimonsefi.1/SSL_VAN/MSD/tester.py:77: UserWarning: 1: 0.7807246446609497,
  warnings.warn("{}: {},".format(i, run_acc.avg[i]))
/home/karimimonsefi.1/SSL_VAN/MSD/tester.py:77: UserWarning: 2: 0.40125080943107605,
  warnings.warn("{}: {},".format(i, run_acc.avg[i]))
/home/karimimonsefi.1/SSL_VAN/MSD/tester.py:78: UserWarning: , HD95: [[ nan  282.092  310.425  nan  nan  nan  nan  nan  nan  nan  nan  nan
   nan  nan]], time 20.32s
  warnings.warn(", HD95: {}, time {:.2f}s".format(hd95.avg, time.time() - start_time))
/home/karimimonsefi.1/SSL_VAN/MSD/tester.py:26: UserWarning: image_name pancreas_203.nii.gz
  warnings.warn("image_name {}".format(image_name))
/home/karimimonsefi.1/SSL_VAN/MSD/tester.py:63: UserWarning: temp [[ nan  282.092  310.425  nan  nan  nan  nan  nan  nan  nan  nan  nan
   nan  nan]]
  warnings.warn("temp {}".format(temp))
/home/karimimonsefi.1/SSL_VAN/MSD/tester.py:64: UserWarning: hd_distance tensor([[     nan, 223.1524, 259.7430,      nan,      nan,      nan,      nan,
              nan,      nan,      nan,      nan,      nan,      nan,      nan]],
       dtype=torch.float64)
  warnings.warn("hd_distance {}".format(hd_distance))
/home/karimimonsefi.1/SSL_VAN/MSD/tester.py:75: UserWarning: test 15/57, len is 14
  warnings.warn("test {}/{}, len is {}".format(idx, len(loader), list_size))
/home/karimimonsefi.1/SSL_VAN/MSD/tester.py:77: UserWarning: 0: 0.9996587634086609,
  warnings.warn("{}: {},".format(i, run_acc.avg[i]))
/home/karimimonsefi.1/SSL_VAN/MSD/tester.py:77: UserWarning: 1: 0.7840003967285156,
  warnings.warn("{}: {},".format(i, run_acc.avg[i]))
/home/karimimonsefi.1/SSL_VAN/MSD/tester.py:77: UserWarning: 2: 0.4294486343860626,
  warnings.warn("{}: {},".format(i, run_acc.avg[i]))
/home/karimimonsefi.1/SSL_VAN/MSD/tester.py:78: UserWarning: , HD95: [[ nan  278.408  307.257  nan  nan  nan  nan  nan  nan  nan  nan  nan
   nan  nan]], time 14.11s
  warnings.warn(", HD95: {}, time {:.2f}s".format(hd95.avg, time.time() - start_time))
/home/karimimonsefi.1/SSL_VAN/MSD/tester.py:26: UserWarning: image_name pancreas_183.nii.gz
  warnings.warn("image_name {}".format(image_name))
/home/karimimonsefi.1/SSL_VAN/MSD/tester.py:63: UserWarning: temp [[ nan  278.408  307.257  nan  nan  nan  nan  nan  nan  nan  nan  nan
   nan  nan]]
  warnings.warn("temp {}".format(temp))
/home/karimimonsefi.1/SSL_VAN/MSD/tester.py:64: UserWarning: hd_distance tensor([[     nan, 303.8150, 308.4996,      nan,      nan,      nan,      nan,
              nan,      nan,      nan,      nan,      nan,      nan,      nan]],
       dtype=torch.float64)
  warnings.warn("hd_distance {}".format(hd_distance))
/home/karimimonsefi.1/SSL_VAN/MSD/tester.py:75: UserWarning: test 16/57, len is 14
  warnings.warn("test {}/{}, len is {}".format(idx, len(loader), list_size))
/home/karimimonsefi.1/SSL_VAN/MSD/tester.py:77: UserWarning: 0: 0.9996705651283264,
  warnings.warn("{}: {},".format(i, run_acc.avg[i]))
/home/karimimonsefi.1/SSL_VAN/MSD/tester.py:77: UserWarning: 1: 0.7813407778739929,
  warnings.warn("{}: {},".format(i, run_acc.avg[i]))
/home/karimimonsefi.1/SSL_VAN/MSD/tester.py:77: UserWarning: 2: 0.4041869640350342,
  warnings.warn("{}: {},".format(i, run_acc.avg[i]))
/home/karimimonsefi.1/SSL_VAN/MSD/tester.py:78: UserWarning: , HD95: [[ nan  279.902  307.330  nan  nan  nan  nan  nan  nan  nan  nan  nan
   nan  nan]], time 10.17s
  warnings.warn(", HD95: {}, time {:.2f}s".format(hd95.avg, time.time() - start_time))
/home/karimimonsefi.1/SSL_VAN/MSD/tester.py:26: UserWarning: image_name pancreas_277.nii.gz
  warnings.warn("image_name {}".format(image_name))
/home/karimimonsefi.1/SSL_VAN/MSD/tester.py:63: UserWarning: temp [[ nan  279.902  307.330  nan  nan  nan  nan  nan  nan  nan  nan  nan
   nan  nan]]
  warnings.warn("temp {}".format(temp))
/home/karimimonsefi.1/SSL_VAN/MSD/tester.py:64: UserWarning: hd_distance tensor([[347.9440, 331.4386, 364.6062,      nan,      nan,      nan,      nan,
              nan,      nan,      nan,      nan,      nan,      nan,      nan]],
       dtype=torch.float64)
  warnings.warn("hd_distance {}".format(hd_distance))
/home/karimimonsefi.1/SSL_VAN/MSD/tester.py:75: UserWarning: test 17/57, len is 14
  warnings.warn("test {}/{}, len is {}".format(idx, len(loader), list_size))
/home/karimimonsefi.1/SSL_VAN/MSD/tester.py:77: UserWarning: 0: 0.9996803998947144,
  warnings.warn("{}: {},".format(i, run_acc.avg[i]))
/home/karimimonsefi.1/SSL_VAN/MSD/tester.py:77: UserWarning: 1: 0.7851740121841431,
  warnings.warn("{}: {},".format(i, run_acc.avg[i]))
/home/karimimonsefi.1/SSL_VAN/MSD/tester.py:77: UserWarning: 2: 0.4163331389427185,
  warnings.warn("{}: {},".format(i, run_acc.avg[i]))
/home/karimimonsefi.1/SSL_VAN/MSD/tester.py:78: UserWarning: , HD95: [[ nan  282.765  310.512  nan  nan  nan  nan  nan  nan  nan  nan  nan
   nan  nan]], time 32.10s
  warnings.warn(", HD95: {}, time {:.2f}s".format(hd95.avg, time.time() - start_time))
/home/karimimonsefi.1/SSL_VAN/MSD/tester.py:26: UserWarning: image_name pancreas_130.nii.gz
  warnings.warn("image_name {}".format(image_name))
/home/karimimonsefi.1/SSL_VAN/MSD/tester.py:63: UserWarning: temp [[ nan  282.765  310.512  nan  nan  nan  nan  nan  nan  nan  nan  nan
   nan  nan]]
  warnings.warn("temp {}".format(temp))
/home/karimimonsefi.1/SSL_VAN/MSD/tester.py:64: UserWarning: hd_distance tensor([[     nan, 306.1704,      nan,      nan,      nan,      nan,      nan,
              nan,      nan,      nan,      nan,      nan,      nan,      nan]],
       dtype=torch.float64)
  warnings.warn("hd_distance {}".format(hd_distance))
/home/karimimonsefi.1/SSL_VAN/MSD/tester.py:75: UserWarning: test 18/57, len is 14
  warnings.warn("test {}/{}, len is {}".format(idx, len(loader), list_size))
/home/karimimonsefi.1/SSL_VAN/MSD/tester.py:77: UserWarning: 0: 0.9996677041053772,
  warnings.warn("{}: {},".format(i, run_acc.avg[i]))
/home/karimimonsefi.1/SSL_VAN/MSD/tester.py:77: UserWarning: 1: 0.7771790027618408,
  warnings.warn("{}: {},".format(i, run_acc.avg[i]))
/home/karimimonsefi.1/SSL_VAN/MSD/tester.py:77: UserWarning: 2: 0.394420862197876,
  warnings.warn("{}: {},".format(i, run_acc.avg[i]))
/home/karimimonsefi.1/SSL_VAN/MSD/tester.py:78: UserWarning: , HD95: [[ nan  283.997  310.512  nan  nan  nan  nan  nan  nan  nan  nan  nan
   nan  nan]], time 11.95s
  warnings.warn(", HD95: {}, time {:.2f}s".format(hd95.avg, time.time() - start_time))
/home/karimimonsefi.1/SSL_VAN/MSD/tester.py:26: UserWarning: image_name pancreas_197.nii.gz
  warnings.warn("image_name {}".format(image_name))
/home/karimimonsefi.1/SSL_VAN/MSD/tester.py:63: UserWarning: temp [[ nan  283.997  310.512  nan  nan  nan  nan  nan  nan  nan  nan  nan
   nan  nan]]
  warnings.warn("temp {}".format(temp))
/home/karimimonsefi.1/SSL_VAN/MSD/tester.py:64: UserWarning: hd_distance tensor([[     nan, 238.5242, 298.1619,      nan,      nan,      nan,      nan,
              nan,      nan,      nan,      nan,      nan,      nan,      nan]],
       dtype=torch.float64)
  warnings.warn("hd_distance {}".format(hd_distance))
/home/karimimonsefi.1/SSL_VAN/MSD/tester.py:75: UserWarning: test 19/57, len is 14
  warnings.warn("test {}/{}, len is {}".format(idx, len(loader), list_size))
/home/karimimonsefi.1/SSL_VAN/MSD/tester.py:77: UserWarning: 0: 0.9996779561042786,
  warnings.warn("{}: {},".format(i, run_acc.avg[i]))
/home/karimimonsefi.1/SSL_VAN/MSD/tester.py:77: UserWarning: 1: 0.7797358632087708,
  warnings.warn("{}: {},".format(i, run_acc.avg[i]))
/home/karimimonsefi.1/SSL_VAN/MSD/tester.py:77: UserWarning: 2: 0.37559565901756287,
  warnings.warn("{}: {},".format(i, run_acc.avg[i]))
/home/karimimonsefi.1/SSL_VAN/MSD/tester.py:78: UserWarning: , HD95: [[ nan  281.724  309.895  nan  nan  nan  nan  nan  nan  nan  nan  nan
   nan  nan]], time 12.74s
  warnings.warn(", HD95: {}, time {:.2f}s".format(hd95.avg, time.time() - start_time))
/home/karimimonsefi.1/SSL_VAN/MSD/tester.py:26: UserWarning: image_name pancreas_378.nii.gz
  warnings.warn("image_name {}".format(image_name))
/home/karimimonsefi.1/SSL_VAN/MSD/tester.py:63: UserWarning: temp [[ nan  281.724  309.895  nan  nan  nan  nan  nan  nan  nan  nan  nan
   nan  nan]]
  warnings.warn("temp {}".format(temp))
/home/karimimonsefi.1/SSL_VAN/MSD/tester.py:64: UserWarning: hd_distance tensor([[     nan, 236.6349, 289.6791,      nan,      nan,      nan,      nan,
              nan,      nan,      nan,      nan,      nan,      nan,      nan]],
       dtype=torch.float64)
  warnings.warn("hd_distance {}".format(hd_distance))
/home/karimimonsefi.1/SSL_VAN/MSD/tester.py:75: UserWarning: test 20/57, len is 14
  warnings.warn("test {}/{}, len is {}".format(idx, len(loader), list_size))
/home/karimimonsefi.1/SSL_VAN/MSD/tester.py:77: UserWarning: 0: 0.9996840953826904,
  warnings.warn("{}: {},".format(i, run_acc.avg[i]))
/home/karimimonsefi.1/SSL_VAN/MSD/tester.py:77: UserWarning: 1: 0.7855432629585266,
  warnings.warn("{}: {},".format(i, run_acc.avg[i]))
/home/karimimonsefi.1/SSL_VAN/MSD/tester.py:77: UserWarning: 2: 0.365939736366272,
  warnings.warn("{}: {},".format(i, run_acc.avg[i]))
/home/karimimonsefi.1/SSL_VAN/MSD/tester.py:78: UserWarning: , HD95: [[ nan  279.577  308.932  nan  nan  nan  nan  nan  nan  nan  nan  nan
   nan  nan]], time 12.51s
  warnings.warn(", HD95: {}, time {:.2f}s".format(hd95.avg, time.time() - start_time))
/home/karimimonsefi.1/SSL_VAN/MSD/tester.py:26: UserWarning: image_name pancreas_379.nii.gz
  warnings.warn("image_name {}".format(image_name))
/home/karimimonsefi.1/SSL_VAN/MSD/tester.py:63: UserWarning: temp [[ nan  279.577  308.932  nan  nan  nan  nan  nan  nan  nan  nan  nan
   nan  nan]]
  warnings.warn("temp {}".format(temp))
/home/karimimonsefi.1/SSL_VAN/MSD/tester.py:64: UserWarning: hd_distance tensor([[     nan, 360.3280, 390.5234,      nan,      nan,      nan,      nan,
              nan,      nan,      nan,      nan,      nan,      nan,      nan]],
       dtype=torch.float64)
  warnings.warn("hd_distance {}".format(hd_distance))
/home/karimimonsefi.1/SSL_VAN/MSD/tester.py:75: UserWarning: test 21/57, len is 14
  warnings.warn("test {}/{}, len is {}".format(idx, len(loader), list_size))
/home/karimimonsefi.1/SSL_VAN/MSD/tester.py:77: UserWarning: 0: 0.9996947646141052,
  warnings.warn("{}: {},".format(i, run_acc.avg[i]))
/home/karimimonsefi.1/SSL_VAN/MSD/tester.py:77: UserWarning: 1: 0.7906413674354553,
  warnings.warn("{}: {},".format(i, run_acc.avg[i]))
/home/karimimonsefi.1/SSL_VAN/MSD/tester.py:77: UserWarning: 2: 0.38682058453559875,
  warnings.warn("{}: {},".format(i, run_acc.avg[i]))
/home/karimimonsefi.1/SSL_VAN/MSD/tester.py:78: UserWarning: , HD95: [[ nan  283.247  312.641  nan  nan  nan  nan  nan  nan  nan  nan  nan
   nan  nan]], time 24.00s
  warnings.warn(", HD95: {}, time {:.2f}s".format(hd95.avg, time.time() - start_time))
/home/karimimonsefi.1/SSL_VAN/MSD/tester.py:26: UserWarning: image_name pancreas_125.nii.gz
  warnings.warn("image_name {}".format(image_name))
