/var/spool/slurmd/job58464/slurm_script: line 11: cd: SSL_VAN: No such file or directory

----------------------------------------------------------------------------
  cuda:
----------------------------------------------------------------------------
     Versions:
        cuda/10.2
        cuda/11.0
        cuda/11.2
        cuda/11.3
        cuda/11.4
        cuda/11.5
        cuda/11.6
        cuda/11.7
        cuda/11.8
        cuda/12.0

----------------------------------------------------------------------------
  For detailed information about a specific "cuda" package (including how to load the modules) use the module's full name.
  Note that names that have a trailing (E) are extensions provided by other modules.
  For example:

     $ module spider cuda/12.0
----------------------------------------------------------------------------

 


CommandNotFoundError: Your shell has not been properly configured to use 'conda activate'.
To initialize your shell, run

    $ conda init <SHELL_NAME>

Currently supported shells are:
  - bash
  - fish
  - tcsh
  - xonsh
  - zsh
  - powershell

See 'conda init --help' for more information and options.

IMPORTANT: You may need to close and restart your shell after running 'conda init'.


/home/karimimonsefi.1/miniconda3/lib/python3.9/site-packages/mmcv/__init__.py:20: UserWarning: On January 1, 2023, MMCV will release v2.0.0, in which it will remove components related to the training process and add a data transformation module. In addition, it will rename the package names mmcv to mmcv-lite and mmcv-full to mmcv. See https://github.com/open-mmlab/mmcv/blob/master/docs/en/compatibility.md for more details.
  warnings.warn(
/home/karimimonsefi.1/SSL_VAN/BTCV/main.py:101: UserWarning: Found total gpus 2
  warnings.warn("Found total gpus {}".format(args.ngpus_per_node))
/home/karimimonsefi.1/miniconda3/lib/python3.9/site-packages/mmcv/__init__.py:20: UserWarning: On January 1, 2023, MMCV will release v2.0.0, in which it will remove components related to the training process and add a data transformation module. In addition, it will rename the package names mmcv to mmcv-lite and mmcv-full to mmcv. See https://github.com/open-mmlab/mmcv/blob/master/docs/en/compatibility.md for more details.
  warnings.warn(
/home/karimimonsefi.1/miniconda3/lib/python3.9/site-packages/mmcv/__init__.py:20: UserWarning: On January 1, 2023, MMCV will release v2.0.0, in which it will remove components related to the training process and add a data transformation module. In addition, it will rename the package names mmcv to mmcv-lite and mmcv-full to mmcv. See https://github.com/open-mmlab/mmcv/blob/master/docs/en/compatibility.md for more details.
  warnings.warn(
/home/karimimonsefi.1/SSL_VAN/BTCV/main.py:121: UserWarning: 1 gpu 1
  warnings.warn(f"{args.rank} gpu {args.gpu}")
/home/karimimonsefi.1/SSL_VAN/BTCV/main.py:121: UserWarning: 0 gpu 0
  warnings.warn(f"{args.rank} gpu {args.gpu}")
/home/karimimonsefi.1/SSL_VAN/BTCV/main.py:123: UserWarning: Batch size is: 2 epochs 15000
  warnings.warn(f"Batch size is: {args.batch_size} epochs {args.max_epochs}")
/home/karimimonsefi.1/miniconda3/lib/python3.9/site-packages/monai/transforms/post/array.py:176: UserWarning: `to_onehot=True/False` is deprecated, please use `to_onehot=num_classes` instead.
  warnings.warn("`to_onehot=True/False` is deprecated, please use `to_onehot=num_classes` instead.")
/home/karimimonsefi.1/miniconda3/lib/python3.9/site-packages/monai/transforms/post/array.py:176: UserWarning: `to_onehot=True/False` is deprecated, please use `to_onehot=num_classes` instead.
  warnings.warn("`to_onehot=True/False` is deprecated, please use `to_onehot=num_classes` instead.")
/home/karimimonsefi.1/SSL_VAN/BTCV/main.py:166: UserWarning: Total parameters count 56787848
  warnings.warn(f"Total parameters count {pytorch_total_params}")
/home/karimimonsefi.1/SSL_VAN/BTCV/main.py:169: UserWarning: Total args.checkpoint True
  warnings.warn(f"Total args.checkpoint {args.checkpoint}")
/home/karimimonsefi.1/SSL_VAN/BTCV/main.py:176: UserWarning:  Best url model is 64-128-256-512_3-4-6-3_8-8-4-4_vae_inferer_valid_loader_VANV5GL_2__best.pt, final model url is 64-128-256-512_3-4-6-3_8-8-4-4_vae_inferer_valid_loader_VANV5GL_2__final.pt
  warnings.warn(f" Best url model is {args.best_model_url}, final model url is {args.final_model_url}")
/home/karimimonsefi.1/SSL_VAN/BTCV/main.py:166: UserWarning: Total parameters count 56787848
  warnings.warn(f"Total parameters count {pytorch_total_params}")
/home/karimimonsefi.1/SSL_VAN/BTCV/main.py:169: UserWarning: Total args.checkpoint True
  warnings.warn(f"Total args.checkpoint {args.checkpoint}")
/home/karimimonsefi.1/SSL_VAN/BTCV/main.py:176: UserWarning:  Best url model is 64-128-256-512_3-4-6-3_8-8-4-4_vae_inferer_valid_loader_VANV5GL_2__best.pt, final model url is 64-128-256-512_3-4-6-3_8-8-4-4_vae_inferer_valid_loader_VANV5GL_2__final.pt
  warnings.warn(f" Best url model is {args.best_model_url}, final model url is {args.final_model_url}")
/home/karimimonsefi.1/SSL_VAN/BTCV/main.py:202: UserWarning: => loaded checkpoint 'True' (epoch 1515) (bestacc 0.5674665570259094)
  warnings.warn("=> loaded checkpoint '{}' (epoch {}) (bestacc {})".format(
/home/karimimonsefi.1/SSL_VAN/BTCV/main.py:202: UserWarning: => loaded checkpoint 'True' (epoch 1515) (bestacc 0.5674665570259094)
  warnings.warn("=> loaded checkpoint '{}' (epoch {}) (bestacc {})".format(
/home/karimimonsefi.1/SSL_VAN/BTCV/trainer.py:140: UserWarning: Writing Tensorboard logs to ./runs/BTCV_new/test_log
  warnings.warn(f"Writing Tensorboard logs to {args.logdir}")
/home/karimimonsefi.1/SSL_VAN/BTCV/trainer.py:148: UserWarning: 0  Thu Jun  8 18:58:08 2023  Epoch: 1515
  warnings.warn(f"{args.rank}  {time.ctime()}  Epoch: {epoch}")
/home/karimimonsefi.1/SSL_VAN/BTCV/trainer.py:148: UserWarning: 1  Thu Jun  8 18:58:08 2023  Epoch: 1515
  warnings.warn(f"{args.rank}  {time.ctime()}  Epoch: {epoch}")
input_list/dataset_BTCV_List.json
input_list/dataset_BTCV_List.json
[W reducer.cpp:1298] Warning: find_unused_parameters=True was specified in DDP constructor, but did not find any unused parameters in the forward pass. This flag results in an extra traversal of the autograd graph every iteration,  which can adversely affect performance. If your model indeed never has any unused parameters in the forward pass, consider turning this flag off. Note that this warning may be a false positive if your model has flow control causing later iterations to have unused parameters. (function operator())
[W reducer.cpp:1298] Warning: find_unused_parameters=True was specified in DDP constructor, but did not find any unused parameters in the forward pass. This flag results in an extra traversal of the autograd graph every iteration,  which can adversely affect performance. If your model indeed never has any unused parameters in the forward pass, consider turning this flag off. Note that this warning may be a false positive if your model has flow control causing later iterations to have unused parameters. (function operator())
/home/karimimonsefi.1/SSL_VAN/BTCV/trainer.py:54: UserWarning: Epoch 1515/15000 0/6  loss: 0.8671  time 28.12s
  warnings.warn(
/home/karimimonsefi.1/SSL_VAN/BTCV/trainer.py:54: UserWarning: Epoch 1515/15000 1/6  loss: 0.8607  time 0.96s
  warnings.warn(
/home/karimimonsefi.1/SSL_VAN/BTCV/trainer.py:54: UserWarning: Epoch 1515/15000 2/6  loss: 0.8638  time 0.96s
  warnings.warn(
/home/karimimonsefi.1/SSL_VAN/BTCV/trainer.py:54: UserWarning: Epoch 1515/15000 3/6  loss: 0.8674  time 0.96s
  warnings.warn(
/home/karimimonsefi.1/SSL_VAN/BTCV/trainer.py:54: UserWarning: Epoch 1515/15000 4/6  loss: 0.8655  time 0.96s
  warnings.warn(
/home/karimimonsefi.1/SSL_VAN/BTCV/trainer.py:54: UserWarning: Epoch 1515/15000 5/6  loss: 0.8591  time 0.96s
  warnings.warn(
/home/karimimonsefi.1/SSL_VAN/BTCV/trainer.py:154: UserWarning: Final training  1515/14999  loss: 0.8591  time 32.93s
  warnings.warn("Final training  {}/{}  loss: {:.4f}  time {:.2f}s".format(epoch, args.max_epochs - 1,
/home/karimimonsefi.1/SSL_VAN/BTCV/trainer.py:103: UserWarning: Val 1515/15000 0/3  acc 0.593951940536499  time 9.36s
  warnings.warn("Val {}/{} {}/{}  acc {}  time {:.2f}s".format(epoch, args.max_epochs, idx, len(loader),
/home/karimimonsefi.1/SSL_VAN/BTCV/trainer.py:103: UserWarning: Val 1515/15000 1/3  acc 0.5698381662368774  time 4.91s
  warnings.warn("Val {}/{} {}/{}  acc {}  time {:.2f}s".format(epoch, args.max_epochs, idx, len(loader),
/home/karimimonsefi.1/SSL_VAN/BTCV/trainer.py:103: UserWarning: Val 1515/15000 2/3  acc 0.5628783106803894  time 3.10s
  warnings.warn("Val {}/{} {}/{}  acc {}  time {:.2f}s".format(epoch, args.max_epochs, idx, len(loader),
/home/karimimonsefi.1/SSL_VAN/BTCV/trainer.py:178: UserWarning: Final validation  1515/14999  acc: 0.5629  time 17.37s
  warnings.warn("Final validation  {}/{}  acc: {:.4f}  time {:.2f}s".format(epoch, args.max_epochs - 1,
/home/karimimonsefi.1/SSL_VAN/BTCV/trainer.py:118: UserWarning: Saving checkpoint ./runs/BTCV_new/test_log/64-128-256-512_3-4-6-3_8-8-4-4_vae_inferer_valid_loader_VANV5GL_2__final.pt
  warnings.warn(f"Saving checkpoint {filename}")
/home/karimimonsefi.1/SSL_VAN/BTCV/trainer.py:148: UserWarning: 0  Thu Jun  8 18:59:00 2023  Epoch: 1516
  warnings.warn(f"{args.rank}  {time.ctime()}  Epoch: {epoch}")
/home/karimimonsefi.1/SSL_VAN/BTCV/trainer.py:148: UserWarning: 1  Thu Jun  8 18:59:00 2023  Epoch: 1516
  warnings.warn(f"{args.rank}  {time.ctime()}  Epoch: {epoch}")
/home/karimimonsefi.1/SSL_VAN/BTCV/trainer.py:54: UserWarning: Epoch 1516/15000 0/6  loss: 0.8642  time 5.79s
  warnings.warn(
/home/karimimonsefi.1/SSL_VAN/BTCV/trainer.py:54: UserWarning: Epoch 1516/15000 1/6  loss: 0.8520  time 0.96s
  warnings.warn(
/home/karimimonsefi.1/SSL_VAN/BTCV/trainer.py:54: UserWarning: Epoch 1516/15000 2/6  loss: 0.8449  time 0.96s
  warnings.warn(
/home/karimimonsefi.1/SSL_VAN/BTCV/trainer.py:54: UserWarning: Epoch 1516/15000 3/6  loss: 0.8581  time 0.96s
  warnings.warn(
/home/karimimonsefi.1/SSL_VAN/BTCV/trainer.py:54: UserWarning: Epoch 1516/15000 4/6  loss: 0.8732  time 0.96s
  warnings.warn(
/home/karimimonsefi.1/SSL_VAN/BTCV/trainer.py:54: UserWarning: Epoch 1516/15000 5/6  loss: 0.8715  time 0.96s
  warnings.warn(
/home/karimimonsefi.1/SSL_VAN/BTCV/trainer.py:154: UserWarning: Final training  1516/14999  loss: 0.8715  time 10.60s
  warnings.warn("Final training  {}/{}  loss: {:.4f}  time {:.2f}s".format(epoch, args.max_epochs - 1,
/home/karimimonsefi.1/SSL_VAN/BTCV/trainer.py:103: UserWarning: Val 1516/15000 0/3  acc 0.5942617654800415  time 5.85s
  warnings.warn("Val {}/{} {}/{}  acc {}  time {:.2f}s".format(epoch, args.max_epochs, idx, len(loader),
/home/karimimonsefi.1/SSL_VAN/BTCV/trainer.py:103: UserWarning: Val 1516/15000 1/3  acc 0.5661836266517639  time 3.88s
  warnings.warn("Val {}/{} {}/{}  acc {}  time {:.2f}s".format(epoch, args.max_epochs, idx, len(loader),
/home/karimimonsefi.1/SSL_VAN/BTCV/trainer.py:103: UserWarning: Val 1516/15000 2/3  acc 0.561325192451477  time 3.09s
  warnings.warn("Val {}/{} {}/{}  acc {}  time {:.2f}s".format(epoch, args.max_epochs, idx, len(loader),
/home/karimimonsefi.1/SSL_VAN/BTCV/trainer.py:178: UserWarning: Final validation  1516/14999  acc: 0.5613  time 12.83s
  warnings.warn("Final validation  {}/{}  acc: {:.4f}  time {:.2f}s".format(epoch, args.max_epochs - 1,
/home/karimimonsefi.1/SSL_VAN/BTCV/trainer.py:148: UserWarning: 0  Thu Jun  8 18:59:25 2023  Epoch: 1517
  warnings.warn(f"{args.rank}  {time.ctime()}  Epoch: {epoch}")
/home/karimimonsefi.1/SSL_VAN/BTCV/trainer.py:148: UserWarning: 1  Thu Jun  8 18:59:25 2023  Epoch: 1517
  warnings.warn(f"{args.rank}  {time.ctime()}  Epoch: {epoch}")
/home/karimimonsefi.1/SSL_VAN/BTCV/trainer.py:54: UserWarning: Epoch 1517/15000 0/6  loss: 0.8593  time 6.32s
  warnings.warn(
/home/karimimonsefi.1/SSL_VAN/BTCV/trainer.py:54: UserWarning: Epoch 1517/15000 1/6  loss: 0.8841  time 0.95s
  warnings.warn(
/home/karimimonsefi.1/SSL_VAN/BTCV/trainer.py:54: UserWarning: Epoch 1517/15000 2/6  loss: 0.8676  time 0.96s
  warnings.warn(
/home/karimimonsefi.1/SSL_VAN/BTCV/trainer.py:54: UserWarning: Epoch 1517/15000 3/6  loss: 0.8866  time 0.96s
  warnings.warn(
/home/karimimonsefi.1/SSL_VAN/BTCV/trainer.py:54: UserWarning: Epoch 1517/15000 4/6  loss: 0.8921  time 0.96s
  warnings.warn(
/home/karimimonsefi.1/SSL_VAN/BTCV/trainer.py:54: UserWarning: Epoch 1517/15000 5/6  loss: 0.8881  time 0.96s
  warnings.warn(
/home/karimimonsefi.1/SSL_VAN/BTCV/trainer.py:154: UserWarning: Final training  1517/14999  loss: 0.8881  time 11.13s
  warnings.warn("Final training  {}/{}  loss: {:.4f}  time {:.2f}s".format(epoch, args.max_epochs - 1,
/home/karimimonsefi.1/SSL_VAN/BTCV/trainer.py:103: UserWarning: Val 1517/15000 0/3  acc 0.5911998152732849  time 5.89s
  warnings.warn("Val {}/{} {}/{}  acc {}  time {:.2f}s".format(epoch, args.max_epochs, idx, len(loader),
/home/karimimonsefi.1/SSL_VAN/BTCV/trainer.py:103: UserWarning: Val 1517/15000 1/3  acc 0.5611984133720398  time 3.88s
  warnings.warn("Val {}/{} {}/{}  acc {}  time {:.2f}s".format(epoch, args.max_epochs, idx, len(loader),
/home/karimimonsefi.1/SSL_VAN/BTCV/trainer.py:103: UserWarning: Val 1517/15000 2/3  acc 0.5564723014831543  time 3.09s
  warnings.warn("Val {}/{} {}/{}  acc {}  time {:.2f}s".format(epoch, args.max_epochs, idx, len(loader),
/home/karimimonsefi.1/SSL_VAN/BTCV/trainer.py:178: UserWarning: Final validation  1517/14999  acc: 0.5565  time 12.85s
  warnings.warn("Final validation  {}/{}  acc: {:.4f}  time {:.2f}s".format(epoch, args.max_epochs - 1,
/home/karimimonsefi.1/SSL_VAN/BTCV/trainer.py:148: UserWarning: 0  Thu Jun  8 18:59:50 2023  Epoch: 1518
  warnings.warn(f"{args.rank}  {time.ctime()}  Epoch: {epoch}")
/home/karimimonsefi.1/SSL_VAN/BTCV/trainer.py:148: UserWarning: 1  Thu Jun  8 18:59:50 2023  Epoch: 1518
  warnings.warn(f"{args.rank}  {time.ctime()}  Epoch: {epoch}")
/home/karimimonsefi.1/SSL_VAN/BTCV/trainer.py:54: UserWarning: Epoch 1518/15000 0/6  loss: 0.8843  time 6.96s
  warnings.warn(
/home/karimimonsefi.1/SSL_VAN/BTCV/trainer.py:54: UserWarning: Epoch 1518/15000 1/6  loss: 0.8636  time 0.96s
  warnings.warn(
/home/karimimonsefi.1/SSL_VAN/BTCV/trainer.py:54: UserWarning: Epoch 1518/15000 2/6  loss: 0.8706  time 0.96s
  warnings.warn(
/home/karimimonsefi.1/SSL_VAN/BTCV/trainer.py:54: UserWarning: Epoch 1518/15000 3/6  loss: 0.8763  time 0.96s
  warnings.warn(
/home/karimimonsefi.1/SSL_VAN/BTCV/trainer.py:54: UserWarning: Epoch 1518/15000 4/6  loss: 0.8712  time 0.96s
  warnings.warn(
/home/karimimonsefi.1/SSL_VAN/BTCV/trainer.py:54: UserWarning: Epoch 1518/15000 5/6  loss: 0.8844  time 0.96s
  warnings.warn(
/home/karimimonsefi.1/SSL_VAN/BTCV/trainer.py:154: UserWarning: Final training  1518/14999  loss: 0.8844  time 11.77s
  warnings.warn("Final training  {}/{}  loss: {:.4f}  time {:.2f}s".format(epoch, args.max_epochs - 1,
/home/karimimonsefi.1/SSL_VAN/BTCV/trainer.py:103: UserWarning: Val 1518/15000 0/3  acc 0.5922056436538696  time 5.88s
  warnings.warn("Val {}/{} {}/{}  acc {}  time {:.2f}s".format(epoch, args.max_epochs, idx, len(loader),
/home/karimimonsefi.1/SSL_VAN/BTCV/trainer.py:103: UserWarning: Val 1518/15000 1/3  acc 0.5664054155349731  time 3.89s
  warnings.warn("Val {}/{} {}/{}  acc {}  time {:.2f}s".format(epoch, args.max_epochs, idx, len(loader),
/home/karimimonsefi.1/SSL_VAN/BTCV/trainer.py:103: UserWarning: Val 1518/15000 2/3  acc 0.5591904520988464  time 3.10s
  warnings.warn("Val {}/{} {}/{}  acc {}  time {:.2f}s".format(epoch, args.max_epochs, idx, len(loader),
/home/karimimonsefi.1/SSL_VAN/BTCV/trainer.py:178: UserWarning: Final validation  1518/14999  acc: 0.5592  time 12.87s
  warnings.warn("Final validation  {}/{}  acc: {:.4f}  time {:.2f}s".format(epoch, args.max_epochs - 1,
/home/karimimonsefi.1/SSL_VAN/BTCV/trainer.py:148: UserWarning: 0  Thu Jun  8 19:00:16 2023  Epoch: 1519
  warnings.warn(f"{args.rank}  {time.ctime()}  Epoch: {epoch}")
/home/karimimonsefi.1/SSL_VAN/BTCV/trainer.py:148: UserWarning: 1  Thu Jun  8 19:00:16 2023  Epoch: 1519
  warnings.warn(f"{args.rank}  {time.ctime()}  Epoch: {epoch}")
/home/karimimonsefi.1/SSL_VAN/BTCV/trainer.py:54: UserWarning: Epoch 1519/15000 0/6  loss: 0.8721  time 6.64s
  warnings.warn(
/home/karimimonsefi.1/SSL_VAN/BTCV/trainer.py:54: UserWarning: Epoch 1519/15000 1/6  loss: 0.8715  time 0.96s
  warnings.warn(
/home/karimimonsefi.1/SSL_VAN/BTCV/trainer.py:54: UserWarning: Epoch 1519/15000 2/6  loss: 0.8831  time 0.96s
  warnings.warn(
/home/karimimonsefi.1/SSL_VAN/BTCV/trainer.py:54: UserWarning: Epoch 1519/15000 3/6  loss: 0.8826  time 0.96s
  warnings.warn(
/home/karimimonsefi.1/SSL_VAN/BTCV/trainer.py:54: UserWarning: Epoch 1519/15000 4/6  loss: 0.8829  time 0.96s
  warnings.warn(
/home/karimimonsefi.1/SSL_VAN/BTCV/trainer.py:54: UserWarning: Epoch 1519/15000 5/6  loss: 0.8768  time 0.96s
  warnings.warn(
/home/karimimonsefi.1/SSL_VAN/BTCV/trainer.py:154: UserWarning: Final training  1519/14999  loss: 0.8768  time 11.46s
  warnings.warn("Final training  {}/{}  loss: {:.4f}  time {:.2f}s".format(epoch, args.max_epochs - 1,
/home/karimimonsefi.1/SSL_VAN/BTCV/trainer.py:103: UserWarning: Val 1519/15000 0/3  acc 0.5897767543792725  time 5.90s
  warnings.warn("Val {}/{} {}/{}  acc {}  time {:.2f}s".format(epoch, args.max_epochs, idx, len(loader),
/home/karimimonsefi.1/SSL_VAN/BTCV/trainer.py:103: UserWarning: Val 1519/15000 1/3  acc 0.5599938035011292  time 3.88s
  warnings.warn("Val {}/{} {}/{}  acc {}  time {:.2f}s".format(epoch, args.max_epochs, idx, len(loader),
/home/karimimonsefi.1/SSL_VAN/BTCV/trainer.py:103: UserWarning: Val 1519/15000 2/3  acc 0.5566193461418152  time 3.10s
  warnings.warn("Val {}/{} {}/{}  acc {}  time {:.2f}s".format(epoch, args.max_epochs, idx, len(loader),
/home/karimimonsefi.1/SSL_VAN/BTCV/trainer.py:178: UserWarning: Final validation  1519/14999  acc: 0.5566  time 12.88s
  warnings.warn("Final validation  {}/{}  acc: {:.4f}  time {:.2f}s".format(epoch, args.max_epochs - 1,
/home/karimimonsefi.1/SSL_VAN/BTCV/trainer.py:148: UserWarning: 0  Thu Jun  8 19:00:42 2023  Epoch: 1520
  warnings.warn(f"{args.rank}  {time.ctime()}  Epoch: {epoch}")
/home/karimimonsefi.1/SSL_VAN/BTCV/trainer.py:148: UserWarning: 1  Thu Jun  8 19:00:42 2023  Epoch: 1520
  warnings.warn(f"{args.rank}  {time.ctime()}  Epoch: {epoch}")
/home/karimimonsefi.1/SSL_VAN/BTCV/trainer.py:54: UserWarning: Epoch 1520/15000 0/6  loss: 0.8863  time 5.98s
  warnings.warn(
/home/karimimonsefi.1/SSL_VAN/BTCV/trainer.py:54: UserWarning: Epoch 1520/15000 1/6  loss: 0.8931  time 1.15s
  warnings.warn(
/home/karimimonsefi.1/SSL_VAN/BTCV/trainer.py:54: UserWarning: Epoch 1520/15000 2/6  loss: 0.8892  time 0.96s
  warnings.warn(
/home/karimimonsefi.1/SSL_VAN/BTCV/trainer.py:54: UserWarning: Epoch 1520/15000 3/6  loss: 0.8939  time 0.96s
  warnings.warn(
/home/karimimonsefi.1/SSL_VAN/BTCV/trainer.py:54: UserWarning: Epoch 1520/15000 4/6  loss: 0.8842  time 0.96s
  warnings.warn(
/home/karimimonsefi.1/SSL_VAN/BTCV/trainer.py:54: UserWarning: Epoch 1520/15000 5/6  loss: 0.8870  time 0.96s
  warnings.warn(
/home/karimimonsefi.1/SSL_VAN/BTCV/trainer.py:154: UserWarning: Final training  1520/14999  loss: 0.8870  time 10.98s
  warnings.warn("Final training  {}/{}  loss: {:.4f}  time {:.2f}s".format(epoch, args.max_epochs - 1,
/home/karimimonsefi.1/SSL_VAN/BTCV/trainer.py:103: UserWarning: Val 1520/15000 0/3  acc 0.6036324501037598  time 5.83s
  warnings.warn("Val {}/{} {}/{}  acc {}  time {:.2f}s".format(epoch, args.max_epochs, idx, len(loader),
/home/karimimonsefi.1/SSL_VAN/BTCV/trainer.py:103: UserWarning: Val 1520/15000 1/3  acc 0.5708478093147278  time 3.89s
  warnings.warn("Val {}/{} {}/{}  acc {}  time {:.2f}s".format(epoch, args.max_epochs, idx, len(loader),
/home/karimimonsefi.1/SSL_VAN/BTCV/trainer.py:103: UserWarning: Val 1520/15000 2/3  acc 0.5672592520713806  time 3.09s
  warnings.warn("Val {}/{} {}/{}  acc {}  time {:.2f}s".format(epoch, args.max_epochs, idx, len(loader),
/home/karimimonsefi.1/SSL_VAN/BTCV/trainer.py:178: UserWarning: Final validation  1520/14999  acc: 0.5673  time 12.82s
  warnings.warn("Final validation  {}/{}  acc: {:.4f}  time {:.2f}s".format(epoch, args.max_epochs - 1,
/home/karimimonsefi.1/SSL_VAN/BTCV/trainer.py:148: UserWarning: 0  Thu Jun  8 19:01:06 2023  Epoch: 1521
  warnings.warn(f"{args.rank}  {time.ctime()}  Epoch: {epoch}")
/home/karimimonsefi.1/SSL_VAN/BTCV/trainer.py:148: UserWarning: 1  Thu Jun  8 19:01:06 2023  Epoch: 1521
  warnings.warn(f"{args.rank}  {time.ctime()}  Epoch: {epoch}")
/home/karimimonsefi.1/SSL_VAN/BTCV/trainer.py:54: UserWarning: Epoch 1521/15000 0/6  loss: 0.8495  time 7.70s
  warnings.warn(
/home/karimimonsefi.1/SSL_VAN/BTCV/trainer.py:54: UserWarning: Epoch 1521/15000 1/6  loss: 0.8497  time 0.96s
  warnings.warn(
/home/karimimonsefi.1/SSL_VAN/BTCV/trainer.py:54: UserWarning: Epoch 1521/15000 2/6  loss: 0.8828  time 0.96s
  warnings.warn(
/home/karimimonsefi.1/SSL_VAN/BTCV/trainer.py:54: UserWarning: Epoch 1521/15000 3/6  loss: 0.8786  time 0.96s
  warnings.warn(
/home/karimimonsefi.1/SSL_VAN/BTCV/trainer.py:54: UserWarning: Epoch 1521/15000 4/6  loss: 0.8679  time 0.96s
  warnings.warn(
/home/karimimonsefi.1/SSL_VAN/BTCV/trainer.py:54: UserWarning: Epoch 1521/15000 5/6  loss: 0.8656  time 0.96s
  warnings.warn(
/home/karimimonsefi.1/SSL_VAN/BTCV/trainer.py:154: UserWarning: Final training  1521/14999  loss: 0.8656  time 12.51s
  warnings.warn("Final training  {}/{}  loss: {:.4f}  time {:.2f}s".format(epoch, args.max_epochs - 1,
/home/karimimonsefi.1/SSL_VAN/BTCV/trainer.py:103: UserWarning: Val 1521/15000 0/3  acc 0.6023726463317871  time 5.89s
  warnings.warn("Val {}/{} {}/{}  acc {}  time {:.2f}s".format(epoch, args.max_epochs, idx, len(loader),
/home/karimimonsefi.1/SSL_VAN/BTCV/trainer.py:103: UserWarning: Val 1521/15000 1/3  acc 0.5708276629447937  time 3.89s
  warnings.warn("Val {}/{} {}/{}  acc {}  time {:.2f}s".format(epoch, args.max_epochs, idx, len(loader),
/home/karimimonsefi.1/SSL_VAN/BTCV/trainer.py:103: UserWarning: Val 1521/15000 2/3  acc 0.5674419403076172  time 3.10s
  warnings.warn("Val {}/{} {}/{}  acc {}  time {:.2f}s".format(epoch, args.max_epochs, idx, len(loader),
/home/karimimonsefi.1/SSL_VAN/BTCV/trainer.py:178: UserWarning: Final validation  1521/14999  acc: 0.5674  time 12.89s
  warnings.warn("Final validation  {}/{}  acc: {:.4f}  time {:.2f}s".format(epoch, args.max_epochs - 1,
/home/karimimonsefi.1/SSL_VAN/BTCV/trainer.py:148: UserWarning: 0  Thu Jun  8 19:01:33 2023  Epoch: 1522
  warnings.warn(f"{args.rank}  {time.ctime()}  Epoch: {epoch}")
/home/karimimonsefi.1/SSL_VAN/BTCV/trainer.py:148: UserWarning: 1  Thu Jun  8 19:01:33 2023  Epoch: 1522
  warnings.warn(f"{args.rank}  {time.ctime()}  Epoch: {epoch}")
/home/karimimonsefi.1/SSL_VAN/BTCV/trainer.py:54: UserWarning: Epoch 1522/15000 0/6  loss: 0.8941  time 7.86s
  warnings.warn(
/home/karimimonsefi.1/SSL_VAN/BTCV/trainer.py:54: UserWarning: Epoch 1522/15000 1/6  loss: 0.9209  time 0.96s
  warnings.warn(
/home/karimimonsefi.1/SSL_VAN/BTCV/trainer.py:54: UserWarning: Epoch 1522/15000 2/6  loss: 0.8966  time 0.96s
  warnings.warn(
/home/karimimonsefi.1/SSL_VAN/BTCV/trainer.py:54: UserWarning: Epoch 1522/15000 3/6  loss: 0.8823  time 0.96s
  warnings.warn(
/home/karimimonsefi.1/SSL_VAN/BTCV/trainer.py:54: UserWarning: Epoch 1522/15000 4/6  loss: 0.8764  time 0.96s
  warnings.warn(
/home/karimimonsefi.1/SSL_VAN/BTCV/trainer.py:54: UserWarning: Epoch 1522/15000 5/6  loss: 0.8715  time 0.96s
  warnings.warn(
/home/karimimonsefi.1/SSL_VAN/BTCV/trainer.py:154: UserWarning: Final training  1522/14999  loss: 0.8715  time 12.68s
  warnings.warn("Final training  {}/{}  loss: {:.4f}  time {:.2f}s".format(epoch, args.max_epochs - 1,
/home/karimimonsefi.1/SSL_VAN/BTCV/trainer.py:103: UserWarning: Val 1522/15000 0/3  acc 0.6026908159255981  time 5.88s
  warnings.warn("Val {}/{} {}/{}  acc {}  time {:.2f}s".format(epoch, args.max_epochs, idx, len(loader),
/home/karimimonsefi.1/SSL_VAN/BTCV/trainer.py:103: UserWarning: Val 1522/15000 1/3  acc 0.571366548538208  time 3.88s
  warnings.warn("Val {}/{} {}/{}  acc {}  time {:.2f}s".format(epoch, args.max_epochs, idx, len(loader),
/home/karimimonsefi.1/SSL_VAN/BTCV/trainer.py:103: UserWarning: Val 1522/15000 2/3  acc 0.5656915307044983  time 3.10s
  warnings.warn("Val {}/{} {}/{}  acc {}  time {:.2f}s".format(epoch, args.max_epochs, idx, len(loader),
/home/karimimonsefi.1/SSL_VAN/BTCV/trainer.py:178: UserWarning: Final validation  1522/14999  acc: 0.5657  time 12.87s
  warnings.warn("Final validation  {}/{}  acc: {:.4f}  time {:.2f}s".format(epoch, args.max_epochs - 1,
/home/karimimonsefi.1/SSL_VAN/BTCV/trainer.py:148: UserWarning: 0  Thu Jun  8 19:02:00 2023  Epoch: 1523
  warnings.warn(f"{args.rank}  {time.ctime()}  Epoch: {epoch}")
/home/karimimonsefi.1/SSL_VAN/BTCV/trainer.py:148: UserWarning: 1  Thu Jun  8 19:02:00 2023  Epoch: 1523
  warnings.warn(f"{args.rank}  {time.ctime()}  Epoch: {epoch}")
/home/karimimonsefi.1/SSL_VAN/BTCV/trainer.py:54: UserWarning: Epoch 1523/15000 0/6  loss: 0.8403  time 6.09s
  warnings.warn(
/home/karimimonsefi.1/SSL_VAN/BTCV/trainer.py:54: UserWarning: Epoch 1523/15000 1/6  loss: 0.8473  time 0.96s
  warnings.warn(
/home/karimimonsefi.1/SSL_VAN/BTCV/trainer.py:54: UserWarning: Epoch 1523/15000 2/6  loss: 0.8478  time 0.96s
  warnings.warn(
/home/karimimonsefi.1/SSL_VAN/BTCV/trainer.py:54: UserWarning: Epoch 1523/15000 3/6  loss: 0.8501  time 0.96s
  warnings.warn(
/home/karimimonsefi.1/SSL_VAN/BTCV/trainer.py:54: UserWarning: Epoch 1523/15000 4/6  loss: 0.8551  time 0.96s
  warnings.warn(
/home/karimimonsefi.1/SSL_VAN/BTCV/trainer.py:54: UserWarning: Epoch 1523/15000 5/6  loss: 0.8555  time 0.96s
  warnings.warn(
/home/karimimonsefi.1/SSL_VAN/BTCV/trainer.py:154: UserWarning: Final training  1523/14999  loss: 0.8555  time 10.90s
  warnings.warn("Final training  {}/{}  loss: {:.4f}  time {:.2f}s".format(epoch, args.max_epochs - 1,
/home/karimimonsefi.1/SSL_VAN/BTCV/trainer.py:103: UserWarning: Val 1523/15000 0/3  acc 0.6059956550598145  time 5.85s
  warnings.warn("Val {}/{} {}/{}  acc {}  time {:.2f}s".format(epoch, args.max_epochs, idx, len(loader),
/home/karimimonsefi.1/SSL_VAN/BTCV/trainer.py:103: UserWarning: Val 1523/15000 1/3  acc 0.5780200958251953  time 3.88s
  warnings.warn("Val {}/{} {}/{}  acc {}  time {:.2f}s".format(epoch, args.max_epochs, idx, len(loader),
/home/karimimonsefi.1/SSL_VAN/BTCV/trainer.py:103: UserWarning: Val 1523/15000 2/3  acc 0.5711441040039062  time 3.09s
  warnings.warn("Val {}/{} {}/{}  acc {}  time {:.2f}s".format(epoch, args.max_epochs, idx, len(loader),
/home/karimimonsefi.1/SSL_VAN/BTCV/trainer.py:178: UserWarning: Final validation  1523/14999  acc: 0.5711  time 12.83s
  warnings.warn("Final validation  {}/{}  acc: {:.4f}  time {:.2f}s".format(epoch, args.max_epochs - 1,
/home/karimimonsefi.1/SSL_VAN/BTCV/trainer.py:184: UserWarning: new best (0.567467 --> 0.571144). 
  warnings.warn("new best ({:.6f} --> {:.6f}). ".format(val_acc_max, val_avg_acc))
/home/karimimonsefi.1/SSL_VAN/BTCV/trainer.py:196: UserWarning: Copying to best model new best model!!!!
  warnings.warn("Copying to best model new best model!!!!")
/home/karimimonsefi.1/SSL_VAN/BTCV/trainer.py:148: UserWarning: 0  Thu Jun  8 19:02:27 2023  Epoch: 1524
  warnings.warn(f"{args.rank}  {time.ctime()}  Epoch: {epoch}")
/home/karimimonsefi.1/SSL_VAN/BTCV/trainer.py:148: UserWarning: 1  Thu Jun  8 19:02:27 2023  Epoch: 1524
  warnings.warn(f"{args.rank}  {time.ctime()}  Epoch: {epoch}")
/home/karimimonsefi.1/SSL_VAN/BTCV/trainer.py:54: UserWarning: Epoch 1524/15000 0/6  loss: 0.8871  time 7.56s
  warnings.warn(
/home/karimimonsefi.1/SSL_VAN/BTCV/trainer.py:54: UserWarning: Epoch 1524/15000 1/6  loss: 0.8615  time 0.96s
  warnings.warn(
/home/karimimonsefi.1/SSL_VAN/BTCV/trainer.py:54: UserWarning: Epoch 1524/15000 2/6  loss: 0.8596  time 0.96s
  warnings.warn(
/home/karimimonsefi.1/SSL_VAN/BTCV/trainer.py:54: UserWarning: Epoch 1524/15000 3/6  loss: 0.8635  time 0.96s
  warnings.warn(
/home/karimimonsefi.1/SSL_VAN/BTCV/trainer.py:54: UserWarning: Epoch 1524/15000 4/6  loss: 0.8634  time 0.96s
  warnings.warn(
/home/karimimonsefi.1/SSL_VAN/BTCV/trainer.py:54: UserWarning: Epoch 1524/15000 5/6  loss: 0.8593  time 0.96s
  warnings.warn(
/home/karimimonsefi.1/SSL_VAN/BTCV/trainer.py:154: UserWarning: Final training  1524/14999  loss: 0.8593  time 12.37s
  warnings.warn("Final training  {}/{}  loss: {:.4f}  time {:.2f}s".format(epoch, args.max_epochs - 1,
/home/karimimonsefi.1/SSL_VAN/BTCV/trainer.py:103: UserWarning: Val 1524/15000 0/3  acc 0.602365255355835  time 5.88s
  warnings.warn("Val {}/{} {}/{}  acc {}  time {:.2f}s".format(epoch, args.max_epochs, idx, len(loader),
/home/karimimonsefi.1/SSL_VAN/BTCV/trainer.py:103: UserWarning: Val 1524/15000 1/3  acc 0.5719358921051025  time 3.88s
  warnings.warn("Val {}/{} {}/{}  acc {}  time {:.2f}s".format(epoch, args.max_epochs, idx, len(loader),
/home/karimimonsefi.1/SSL_VAN/BTCV/trainer.py:103: UserWarning: Val 1524/15000 2/3  acc 0.5655226707458496  time 3.10s
  warnings.warn("Val {}/{} {}/{}  acc {}  time {:.2f}s".format(epoch, args.max_epochs, idx, len(loader),
/home/karimimonsefi.1/SSL_VAN/BTCV/trainer.py:178: UserWarning: Final validation  1524/14999  acc: 0.5655  time 12.87s
  warnings.warn("Final validation  {}/{}  acc: {:.4f}  time {:.2f}s".format(epoch, args.max_epochs - 1,
/home/karimimonsefi.1/SSL_VAN/BTCV/trainer.py:148: UserWarning: 0  Thu Jun  8 19:02:53 2023  Epoch: 1525
  warnings.warn(f"{args.rank}  {time.ctime()}  Epoch: {epoch}")
/home/karimimonsefi.1/SSL_VAN/BTCV/trainer.py:148: UserWarning: 1  Thu Jun  8 19:02:53 2023  Epoch: 1525
  warnings.warn(f"{args.rank}  {time.ctime()}  Epoch: {epoch}")
/home/karimimonsefi.1/SSL_VAN/BTCV/trainer.py:54: UserWarning: Epoch 1525/15000 0/6  loss: 0.8511  time 6.70s
  warnings.warn(
/home/karimimonsefi.1/SSL_VAN/BTCV/trainer.py:54: UserWarning: Epoch 1525/15000 1/6  loss: 0.8560  time 0.96s
  warnings.warn(
/home/karimimonsefi.1/SSL_VAN/BTCV/trainer.py:54: UserWarning: Epoch 1525/15000 2/6  loss: 0.8656  time 0.96s
  warnings.warn(
/home/karimimonsefi.1/SSL_VAN/BTCV/trainer.py:54: UserWarning: Epoch 1525/15000 3/6  loss: 0.8640  time 0.96s
  warnings.warn(
/home/karimimonsefi.1/SSL_VAN/BTCV/trainer.py:54: UserWarning: Epoch 1525/15000 4/6  loss: 0.8624  time 0.96s
  warnings.warn(
/home/karimimonsefi.1/SSL_VAN/BTCV/trainer.py:54: UserWarning: Epoch 1525/15000 5/6  loss: 0.8567  time 0.96s
  warnings.warn(
/home/karimimonsefi.1/SSL_VAN/BTCV/trainer.py:154: UserWarning: Final training  1525/14999  loss: 0.8567  time 11.51s
  warnings.warn("Final training  {}/{}  loss: {:.4f}  time {:.2f}s".format(epoch, args.max_epochs - 1,
/home/karimimonsefi.1/SSL_VAN/BTCV/trainer.py:103: UserWarning: Val 1525/15000 0/3  acc 0.6082768440246582  time 5.85s
  warnings.warn("Val {}/{} {}/{}  acc {}  time {:.2f}s".format(epoch, args.max_epochs, idx, len(loader),
/home/karimimonsefi.1/SSL_VAN/BTCV/trainer.py:103: UserWarning: Val 1525/15000 1/3  acc 0.5810233354568481  time 3.88s
  warnings.warn("Val {}/{} {}/{}  acc {}  time {:.2f}s".format(epoch, args.max_epochs, idx, len(loader),
/home/karimimonsefi.1/SSL_VAN/BTCV/trainer.py:103: UserWarning: Val 1525/15000 2/3  acc 0.5743439197540283  time 3.10s
  warnings.warn("Val {}/{} {}/{}  acc {}  time {:.2f}s".format(epoch, args.max_epochs, idx, len(loader),
/home/karimimonsefi.1/SSL_VAN/BTCV/trainer.py:178: UserWarning: Final validation  1525/14999  acc: 0.5743  time 12.83s
  warnings.warn("Final validation  {}/{}  acc: {:.4f}  time {:.2f}s".format(epoch, args.max_epochs - 1,
/home/karimimonsefi.1/SSL_VAN/BTCV/trainer.py:184: UserWarning: new best (0.571144 --> 0.574344). 
  warnings.warn("new best ({:.6f} --> {:.6f}). ".format(val_acc_max, val_avg_acc))
/home/karimimonsefi.1/SSL_VAN/BTCV/trainer.py:148: UserWarning: 0  Thu Jun  8 19:03:21 2023  Epoch: 1526
  warnings.warn(f"{args.rank}  {time.ctime()}  Epoch: {epoch}")
/home/karimimonsefi.1/SSL_VAN/BTCV/trainer.py:148: UserWarning: 1  Thu Jun  8 19:03:21 2023  Epoch: 1526
  warnings.warn(f"{args.rank}  {time.ctime()}  Epoch: {epoch}")
/home/karimimonsefi.1/SSL_VAN/BTCV/trainer.py:54: UserWarning: Epoch 1526/15000 0/6  loss: 0.8368  time 5.91s
  warnings.warn(
/home/karimimonsefi.1/SSL_VAN/BTCV/trainer.py:54: UserWarning: Epoch 1526/15000 1/6  loss: 0.8784  time 0.96s
  warnings.warn(
/home/karimimonsefi.1/SSL_VAN/BTCV/trainer.py:54: UserWarning: Epoch 1526/15000 2/6  loss: 0.8722  time 0.96s
  warnings.warn(
/home/karimimonsefi.1/SSL_VAN/BTCV/trainer.py:54: UserWarning: Epoch 1526/15000 3/6  loss: 0.8666  time 0.96s
  warnings.warn(
/home/karimimonsefi.1/SSL_VAN/BTCV/trainer.py:54: UserWarning: Epoch 1526/15000 4/6  loss: 0.8652  time 0.96s
  warnings.warn(
/home/karimimonsefi.1/SSL_VAN/BTCV/trainer.py:54: UserWarning: Epoch 1526/15000 5/6  loss: 0.8602  time 0.96s
  warnings.warn(
/home/karimimonsefi.1/SSL_VAN/BTCV/trainer.py:154: UserWarning: Final training  1526/14999  loss: 0.8602  time 10.72s
  warnings.warn("Final training  {}/{}  loss: {:.4f}  time {:.2f}s".format(epoch, args.max_epochs - 1,
/home/karimimonsefi.1/SSL_VAN/BTCV/trainer.py:103: UserWarning: Val 1526/15000 0/3  acc 0.6063864231109619  time 5.86s
  warnings.warn("Val {}/{} {}/{}  acc {}  time {:.2f}s".format(epoch, args.max_epochs, idx, len(loader),
/home/karimimonsefi.1/SSL_VAN/BTCV/trainer.py:103: UserWarning: Val 1526/15000 1/3  acc 0.577785074710846  time 3.88s
  warnings.warn("Val {}/{} {}/{}  acc {}  time {:.2f}s".format(epoch, args.max_epochs, idx, len(loader),
/home/karimimonsefi.1/SSL_VAN/BTCV/trainer.py:103: UserWarning: Val 1526/15000 2/3  acc 0.5720362067222595  time 3.10s
  warnings.warn("Val {}/{} {}/{}  acc {}  time {:.2f}s".format(epoch, args.max_epochs, idx, len(loader),
/home/karimimonsefi.1/SSL_VAN/BTCV/trainer.py:178: UserWarning: Final validation  1526/14999  acc: 0.5720  time 12.85s
  warnings.warn("Final validation  {}/{}  acc: {:.4f}  time {:.2f}s".format(epoch, args.max_epochs - 1,
/home/karimimonsefi.1/SSL_VAN/BTCV/trainer.py:148: UserWarning: 0  Thu Jun  8 19:03:46 2023  Epoch: 1527
  warnings.warn(f"{args.rank}  {time.ctime()}  Epoch: {epoch}")
/home/karimimonsefi.1/SSL_VAN/BTCV/trainer.py:148: UserWarning: 1  Thu Jun  8 19:03:46 2023  Epoch: 1527
  warnings.warn(f"{args.rank}  {time.ctime()}  Epoch: {epoch}")
