
----------------------------------------------------------------------------
  cuda:
----------------------------------------------------------------------------
     Versions:
        cuda/10.2
        cuda/11.0
        cuda/11.2
        cuda/11.3
        cuda/11.4
        cuda/11.5
        cuda/11.6
        cuda/11.7
        cuda/11.8
        cuda/12.0

----------------------------------------------------------------------------
  For detailed information about a specific "cuda" package (including how to load the modules) use the module's full name.
  Note that names that have a trailing (E) are extensions provided by other modules.
  For example:

     $ module spider cuda/12.0
----------------------------------------------------------------------------

 


CommandNotFoundError: Your shell has not been properly configured to use 'conda activate'.
To initialize your shell, run

    $ conda init <SHELL_NAME>

Currently supported shells are:
  - bash
  - fish
  - tcsh
  - xonsh
  - zsh
  - powershell

See 'conda init --help' for more information and options.

IMPORTANT: You may need to close and restart your shell after running 'conda init'.


/home/karimimonsefi.1/miniconda3/lib/python3.9/site-packages/mmcv/__init__.py:20: UserWarning: On January 1, 2023, MMCV will release v2.0.0, in which it will remove components related to the training process and add a data transformation module. In addition, it will rename the package names mmcv to mmcv-lite and mmcv-full to mmcv. See https://github.com/open-mmlab/mmcv/blob/master/docs/en/compatibility.md for more details.
  warnings.warn(
/home/karimimonsefi.1/SSL_VAN/pretrain/main.py:137: UserWarning: 0 gpu 0
  warnings.warn(f"{args.rank} gpu {args.gpu}")
/home/karimimonsefi.1/SSL_VAN/pretrain/main.py:139: UserWarning: Batch size is: 1 epochs 100
  warnings.warn(f"Batch size is: {args.batch_size} epochs {args.max_epochs}")
/home/karimimonsefi.1/SSL_VAN/commons/model_factory.py:345: UserWarning: embed_dims factory = [96, 192, 384, 768]
  warnings.warn(f'embed_dims factory = {args.embed_dims}')
/home/karimimonsefi.1/SSL_VAN/pretrain/main.py:146: UserWarning: Total parameters count 181658115
  warnings.warn(f"Total parameters count {pytorch_total_params}")
/home/karimimonsefi.1/SSL_VAN/pretrain/main.py:149: UserWarning: Total args.checkpoint True
  warnings.warn(f"Total args.checkpoint {args.checkpoint}")
/home/karimimonsefi.1/SSL_VAN/pretrain/main.py:160: UserWarning:  Best url model is pre_train_96-192-384-768_3-3-24-3_8-8-4-4_vae_inferer_valid_loader_PREVANV4121GL_2_1_500_128_True_5__best.pt, final model url is pre_train_96-192-384-768_3-3-24-3_8-8-4-4_vae_inferer_valid_loader_PREVANV4121GL_2_1_500_128_True_5__final.pt
  warnings.warn(f" Best url model is {args.best_model_url}, final model url is {args.final_model_url}")
/home/karimimonsefi.1/SSL_VAN/pretrain/main.py:169: UserWarning: => loaded checkpoint 'True' (epoch 0) (bestacc 0.0)
  warnings.warn("=> loaded checkpoint '{}' (epoch {}) (bestacc {})".format(
/home/karimimonsefi.1/SSL_VAN/pretrain/training.py:121: UserWarning: Writing Tensorboard logs to ./runs/pre_train_1/test_log
  warnings.warn(f"Writing Tensorboard logs to {args.logdir}")
/home/karimimonsefi.1/SSL_VAN/pretrain/training.py:131: UserWarning: 0  Mon Jul  3 10:25:40 2023  Epoch: 0
  warnings.warn(f"{args.rank}  {time.ctime()}  Epoch: {epoch}")
Dataset 1 LUNA16: OK number of data: 842
Dataset 2 Covid 19: OK number of data: 722
Dataset 3 HNSCC: OK number of data: 954
Dataset 4 TCIA Colon: OK number of data: 1532
Dataset 5 TCIA LIDC: OK number of data: 450
Dataset all training: number of data: 4500
loader is ready
embed_dims = [96, 192]
embed_dims = [96, 192]
embed_dims = [96, 192]
embed_dims = [96, 192]
embed_dims = [96, 192]
embed_dims = [96, 192]
embed_dims = [96, 192]
embed_dims = [96, 192]
embed_dims = [96, 192, 384, 768]
/home/karimimonsefi.1/SSL_VAN/pretrain/training.py:79: UserWarning: Epoch 0/100 0/4500  loss: 6.214627995  time 37.21s
  warnings.warn(
/home/karimimonsefi.1/SSL_VAN/pretrain/training.py:79: UserWarning: Epoch 0/100 1/4500  loss: 6.214634659  time 0.81s
  warnings.warn(
/home/karimimonsefi.1/SSL_VAN/pretrain/training.py:79: UserWarning: Epoch 0/100 2/4500  loss: 6.214633043  time 0.81s
  warnings.warn(
/home/karimimonsefi.1/SSL_VAN/pretrain/training.py:79: UserWarning: Epoch 0/100 3/4500  loss: 6.214630089  time 0.88s
  warnings.warn(
/home/karimimonsefi.1/SSL_VAN/pretrain/training.py:79: UserWarning: Epoch 0/100 4/4500  loss: 6.214629709  time 0.80s
  warnings.warn(
/home/karimimonsefi.1/SSL_VAN/pretrain/training.py:79: UserWarning: Epoch 0/100 5/4500  loss: 6.214627213  time 0.90s
  warnings.warn(
/home/karimimonsefi.1/SSL_VAN/pretrain/training.py:79: UserWarning: Epoch 0/100 6/4500  loss: 6.214625260  time 1.02s
  warnings.warn(
/home/karimimonsefi.1/SSL_VAN/pretrain/training.py:79: UserWarning: Epoch 0/100 7/4500  loss: 6.214624327  time 0.79s
  warnings.warn(
/home/karimimonsefi.1/SSL_VAN/pretrain/training.py:79: UserWarning: Epoch 0/100 8/4500  loss: 6.214623266  time 1.08s
  warnings.warn(
/home/karimimonsefi.1/SSL_VAN/pretrain/training.py:79: UserWarning: Epoch 0/100 9/4500  loss: 6.214622467  time 0.85s
  warnings.warn(
/home/karimimonsefi.1/SSL_VAN/pretrain/training.py:79: UserWarning: Epoch 0/100 10/4500  loss: 6.214621621  time 0.80s
  warnings.warn(
/home/karimimonsefi.1/SSL_VAN/pretrain/training.py:79: UserWarning: Epoch 0/100 11/4500  loss: 6.214620979  time 0.83s
  warnings.warn(
/home/karimimonsefi.1/SSL_VAN/pretrain/training.py:79: UserWarning: Epoch 0/100 12/4500  loss: 6.214620531  time 0.82s
  warnings.warn(
/home/karimimonsefi.1/SSL_VAN/pretrain/training.py:79: UserWarning: Epoch 0/100 13/4500  loss: 6.214619801  time 0.92s
  warnings.warn(
/home/karimimonsefi.1/SSL_VAN/pretrain/training.py:79: UserWarning: Epoch 0/100 14/4500  loss: 6.214619178  time 0.83s
  warnings.warn(
/home/karimimonsefi.1/SSL_VAN/pretrain/training.py:79: UserWarning: Epoch 0/100 15/4500  loss: 6.214618650  time 0.85s
  warnings.warn(
/home/karimimonsefi.1/SSL_VAN/pretrain/training.py:79: UserWarning: Epoch 0/100 16/4500  loss: 6.214618153  time 0.87s
  warnings.warn(
/home/karimimonsefi.1/SSL_VAN/pretrain/training.py:79: UserWarning: Epoch 0/100 17/4500  loss: 6.214617709  time 0.92s
  warnings.warn(
/home/karimimonsefi.1/SSL_VAN/pretrain/training.py:79: UserWarning: Epoch 0/100 18/4500  loss: 6.214617301  time 0.87s
  warnings.warn(
/home/karimimonsefi.1/SSL_VAN/pretrain/training.py:79: UserWarning: Epoch 0/100 19/4500  loss: 6.214616919  time 0.97s
  warnings.warn(
/home/karimimonsefi.1/SSL_VAN/pretrain/training.py:79: UserWarning: Epoch 0/100 20/4500  loss: 6.214616554  time 0.97s
  warnings.warn(
/home/karimimonsefi.1/SSL_VAN/pretrain/training.py:79: UserWarning: Epoch 0/100 21/4500  loss: 6.214616226  time 1.05s
  warnings.warn(
/home/karimimonsefi.1/SSL_VAN/pretrain/training.py:79: UserWarning: Epoch 0/100 22/4500  loss: 6.214615915  time 0.99s
  warnings.warn(
/home/karimimonsefi.1/SSL_VAN/pretrain/training.py:79: UserWarning: Epoch 0/100 23/4500  loss: 6.214615627  time 0.87s
  warnings.warn(
/home/karimimonsefi.1/SSL_VAN/pretrain/training.py:79: UserWarning: Epoch 0/100 24/4500  loss: 6.214615361  time 0.87s
  warnings.warn(
/home/karimimonsefi.1/SSL_VAN/pretrain/training.py:79: UserWarning: Epoch 0/100 25/4500  loss: 6.214615106  time 1.03s
  warnings.warn(
/home/karimimonsefi.1/SSL_VAN/pretrain/training.py:79: UserWarning: Epoch 0/100 26/4500  loss: 6.214614893  time 1.02s
  warnings.warn(
/home/karimimonsefi.1/SSL_VAN/pretrain/training.py:79: UserWarning: Epoch 0/100 27/4500  loss: 6.214614680  time 0.96s
  warnings.warn(
/home/karimimonsefi.1/SSL_VAN/pretrain/training.py:79: UserWarning: Epoch 0/100 28/4500  loss: 6.214614482  time 0.93s
  warnings.warn(
/home/karimimonsefi.1/SSL_VAN/pretrain/training.py:79: UserWarning: Epoch 0/100 29/4500  loss: 6.214614294  time 0.89s
  warnings.warn(
/home/karimimonsefi.1/SSL_VAN/pretrain/training.py:79: UserWarning: Epoch 0/100 30/4500  loss: 6.214614110  time 0.99s
  warnings.warn(
/home/karimimonsefi.1/SSL_VAN/pretrain/training.py:79: UserWarning: Epoch 0/100 31/4500  loss: 6.214613938  time 1.01s
  warnings.warn(
/home/karimimonsefi.1/SSL_VAN/pretrain/training.py:79: UserWarning: Epoch 0/100 32/4500  loss: 6.214613776  time 0.94s
  warnings.warn(
/home/karimimonsefi.1/SSL_VAN/pretrain/training.py:79: UserWarning: Epoch 0/100 33/4500  loss: 6.214613627  time 0.90s
  warnings.warn(
/home/karimimonsefi.1/SSL_VAN/pretrain/training.py:79: UserWarning: Epoch 0/100 34/4500  loss: 6.214613491  time 0.78s
  warnings.warn(
/home/karimimonsefi.1/SSL_VAN/pretrain/training.py:79: UserWarning: Epoch 0/100 35/4500  loss: 6.214613353  time 0.87s
  warnings.warn(
/home/karimimonsefi.1/SSL_VAN/pretrain/training.py:79: UserWarning: Epoch 0/100 36/4500  loss: 6.214613225  time 0.91s
  warnings.warn(
/home/karimimonsefi.1/SSL_VAN/pretrain/training.py:79: UserWarning: Epoch 0/100 37/4500  loss: 6.214613102  time 0.99s
  warnings.warn(
/home/karimimonsefi.1/SSL_VAN/pretrain/training.py:79: UserWarning: Epoch 0/100 38/4500  loss: 6.214612997  time 0.89s
  warnings.warn(
/home/karimimonsefi.1/SSL_VAN/pretrain/training.py:79: UserWarning: Epoch 0/100 39/4500  loss: 6.214612885  time 0.93s
  warnings.warn(
/home/karimimonsefi.1/SSL_VAN/pretrain/training.py:79: UserWarning: Epoch 0/100 40/4500  loss: 6.214612777  time 0.80s
  warnings.warn(
/home/karimimonsefi.1/SSL_VAN/pretrain/training.py:79: UserWarning: Epoch 0/100 41/4500  loss: 6.214612671  time 0.83s
  warnings.warn(
/home/karimimonsefi.1/SSL_VAN/pretrain/training.py:79: UserWarning: Epoch 0/100 42/4500  loss: 6.214612575  time 0.91s
  warnings.warn(
/home/karimimonsefi.1/SSL_VAN/pretrain/training.py:79: UserWarning: Epoch 0/100 43/4500  loss: 6.214612483  time 0.86s
  warnings.warn(
/home/karimimonsefi.1/SSL_VAN/pretrain/training.py:79: UserWarning: Epoch 0/100 44/4500  loss: 6.214612391  time 0.88s
  warnings.warn(
/home/karimimonsefi.1/SSL_VAN/pretrain/training.py:79: UserWarning: Epoch 0/100 45/4500  loss: 6.214612306  time 0.79s
  warnings.warn(
/home/karimimonsefi.1/SSL_VAN/pretrain/training.py:79: UserWarning: Epoch 0/100 46/4500  loss: 6.214612228  time 0.92s
  warnings.warn(
/home/karimimonsefi.1/SSL_VAN/pretrain/training.py:79: UserWarning: Epoch 0/100 47/4500  loss: 6.214612146  time 0.88s
  warnings.warn(
/home/karimimonsefi.1/SSL_VAN/pretrain/training.py:79: UserWarning: Epoch 0/100 48/4500  loss: 6.214612068  time 0.90s
  warnings.warn(
/home/karimimonsefi.1/SSL_VAN/pretrain/training.py:79: UserWarning: Epoch 0/100 49/4500  loss: 6.214611995  time 1.02s
  warnings.warn(
/home/karimimonsefi.1/SSL_VAN/pretrain/training.py:79: UserWarning: Epoch 0/100 50/4500  loss: 6.214611924  time 1.01s
  warnings.warn(
/home/karimimonsefi.1/SSL_VAN/pretrain/training.py:79: UserWarning: Epoch 0/100 51/4500  loss: 6.214611855  time 0.90s
  warnings.warn(
/home/karimimonsefi.1/SSL_VAN/pretrain/training.py:79: UserWarning: Epoch 0/100 52/4500  loss: 6.214611791  time 1.05s
  warnings.warn(
/home/karimimonsefi.1/SSL_VAN/pretrain/training.py:79: UserWarning: Epoch 0/100 53/4500  loss: 6.214611728  time 0.88s
  warnings.warn(
/home/karimimonsefi.1/SSL_VAN/pretrain/training.py:79: UserWarning: Epoch 0/100 54/4500  loss: 6.214611667  time 0.88s
  warnings.warn(
/home/karimimonsefi.1/SSL_VAN/pretrain/training.py:79: UserWarning: Epoch 0/100 55/4500  loss: 6.214611609  time 0.79s
  warnings.warn(
/home/karimimonsefi.1/SSL_VAN/pretrain/training.py:79: UserWarning: Epoch 0/100 56/4500  loss: 6.214611554  time 0.88s
  warnings.warn(
/home/karimimonsefi.1/SSL_VAN/pretrain/training.py:79: UserWarning: Epoch 0/100 57/4500  loss: 6.214611496  time 0.91s
  warnings.warn(
/home/karimimonsefi.1/SSL_VAN/pretrain/training.py:79: UserWarning: Epoch 0/100 58/4500  loss: 6.214611442  time 0.86s
  warnings.warn(
/home/karimimonsefi.1/SSL_VAN/pretrain/training.py:79: UserWarning: Epoch 0/100 59/4500  loss: 6.214611390  time 0.88s
  warnings.warn(
/home/karimimonsefi.1/SSL_VAN/pretrain/training.py:79: UserWarning: Epoch 0/100 60/4500  loss: 6.214611341  time 0.90s
  warnings.warn(
/home/karimimonsefi.1/SSL_VAN/pretrain/training.py:79: UserWarning: Epoch 0/100 61/4500  loss: 6.214611291  time 0.92s
  warnings.warn(
/home/karimimonsefi.1/SSL_VAN/pretrain/training.py:79: UserWarning: Epoch 0/100 62/4500  loss: 6.214611245  time 0.90s
  warnings.warn(
/home/karimimonsefi.1/SSL_VAN/pretrain/training.py:79: UserWarning: Epoch 0/100 63/4500  loss: 6.214611199  time 0.95s
  warnings.warn(
/home/karimimonsefi.1/SSL_VAN/pretrain/training.py:79: UserWarning: Epoch 0/100 64/4500  loss: 6.214611153  time 0.89s
  warnings.warn(
/home/karimimonsefi.1/SSL_VAN/pretrain/training.py:79: UserWarning: Epoch 0/100 65/4500  loss: 6.214611110  time 0.96s
  warnings.warn(
/home/karimimonsefi.1/SSL_VAN/pretrain/training.py:79: UserWarning: Epoch 0/100 66/4500  loss: 6.214611067  time 0.83s
  warnings.warn(
/home/karimimonsefi.1/SSL_VAN/pretrain/training.py:79: UserWarning: Epoch 0/100 67/4500  loss: 6.214611026  time 0.84s
  warnings.warn(
/home/karimimonsefi.1/SSL_VAN/pretrain/training.py:79: UserWarning: Epoch 0/100 68/4500  loss: 6.214610987  time 0.85s
  warnings.warn(
/home/karimimonsefi.1/SSL_VAN/pretrain/training.py:79: UserWarning: Epoch 0/100 69/4500  loss: 6.214610949  time 0.82s
  warnings.warn(
/home/karimimonsefi.1/SSL_VAN/pretrain/training.py:79: UserWarning: Epoch 0/100 70/4500  loss: 6.214610912  time 0.99s
  warnings.warn(
/home/karimimonsefi.1/SSL_VAN/pretrain/training.py:79: UserWarning: Epoch 0/100 71/4500  loss: 6.214610875  time 0.91s
  warnings.warn(
/home/karimimonsefi.1/SSL_VAN/pretrain/training.py:79: UserWarning: Epoch 0/100 72/4500  loss: 6.214610839  time 0.84s
  warnings.warn(
/home/karimimonsefi.1/SSL_VAN/pretrain/training.py:79: UserWarning: Epoch 0/100 73/4500  loss: 6.214610806  time 0.81s
  warnings.warn(
/home/karimimonsefi.1/SSL_VAN/pretrain/training.py:79: UserWarning: Epoch 0/100 74/4500  loss: 6.214610772  time 0.86s
  warnings.warn(
/home/karimimonsefi.1/SSL_VAN/pretrain/training.py:79: UserWarning: Epoch 0/100 75/4500  loss: 6.214610739  time 0.95s
  warnings.warn(
/home/karimimonsefi.1/SSL_VAN/pretrain/training.py:79: UserWarning: Epoch 0/100 76/4500  loss: 6.214610706  time 0.84s
  warnings.warn(
/home/karimimonsefi.1/SSL_VAN/pretrain/training.py:79: UserWarning: Epoch 0/100 77/4500  loss: 6.214610674  time 0.91s
  warnings.warn(
/home/karimimonsefi.1/SSL_VAN/pretrain/training.py:79: UserWarning: Epoch 0/100 78/4500  loss: 6.214610645  time 0.95s
  warnings.warn(
/home/karimimonsefi.1/SSL_VAN/pretrain/training.py:79: UserWarning: Epoch 0/100 79/4500  loss: 6.214610615  time 0.89s
  warnings.warn(
/home/karimimonsefi.1/SSL_VAN/pretrain/training.py:79: UserWarning: Epoch 0/100 80/4500  loss: 6.214610584  time 0.91s
  warnings.warn(
/home/karimimonsefi.1/SSL_VAN/pretrain/training.py:79: UserWarning: Epoch 0/100 81/4500  loss: 6.214610557  time 0.96s
  warnings.warn(
/home/karimimonsefi.1/SSL_VAN/pretrain/training.py:79: UserWarning: Epoch 0/100 82/4500  loss: 6.214610529  time 0.89s
  warnings.warn(
/home/karimimonsefi.1/SSL_VAN/pretrain/training.py:79: UserWarning: Epoch 0/100 83/4500  loss: 6.214610501  time 0.84s
  warnings.warn(
/home/karimimonsefi.1/SSL_VAN/pretrain/training.py:79: UserWarning: Epoch 0/100 84/4500  loss: 6.214610474  time 0.92s
  warnings.warn(
/home/karimimonsefi.1/SSL_VAN/pretrain/training.py:79: UserWarning: Epoch 0/100 85/4500  loss: 6.214610447  time 1.02s
  warnings.warn(
/home/karimimonsefi.1/SSL_VAN/pretrain/training.py:79: UserWarning: Epoch 0/100 86/4500  loss: 6.214610421  time 0.99s
  warnings.warn(
/home/karimimonsefi.1/SSL_VAN/pretrain/training.py:79: UserWarning: Epoch 0/100 87/4500  loss: 6.214610397  time 0.78s
  warnings.warn(
/home/karimimonsefi.1/SSL_VAN/pretrain/training.py:79: UserWarning: Epoch 0/100 88/4500  loss: 6.214610373  time 0.87s
  warnings.warn(
/home/karimimonsefi.1/SSL_VAN/pretrain/training.py:79: UserWarning: Epoch 0/100 89/4500  loss: 6.214610348  time 0.97s
  warnings.warn(
/home/karimimonsefi.1/SSL_VAN/pretrain/training.py:79: UserWarning: Epoch 0/100 90/4500  loss: 6.214610324  time 0.89s
  warnings.warn(
/home/karimimonsefi.1/SSL_VAN/pretrain/training.py:79: UserWarning: Epoch 0/100 91/4500  loss: 6.214610302  time 0.92s
  warnings.warn(
/home/karimimonsefi.1/SSL_VAN/pretrain/training.py:79: UserWarning: Epoch 0/100 92/4500  loss: 6.214610279  time 1.02s
  warnings.warn(
/home/karimimonsefi.1/SSL_VAN/pretrain/training.py:79: UserWarning: Epoch 0/100 93/4500  loss: 6.214610257  time 0.96s
  warnings.warn(
/home/karimimonsefi.1/SSL_VAN/pretrain/training.py:79: UserWarning: Epoch 0/100 94/4500  loss: 6.214610235  time 0.90s
  warnings.warn(
/home/karimimonsefi.1/SSL_VAN/pretrain/training.py:79: UserWarning: Epoch 0/100 95/4500  loss: 6.214610213  time 0.95s
  warnings.warn(
/home/karimimonsefi.1/SSL_VAN/pretrain/training.py:79: UserWarning: Epoch 0/100 96/4500  loss: 6.214610192  time 0.98s
  warnings.warn(
/home/karimimonsefi.1/SSL_VAN/pretrain/training.py:79: UserWarning: Epoch 0/100 97/4500  loss: 6.214610173  time 0.89s
  warnings.warn(
/home/karimimonsefi.1/SSL_VAN/pretrain/training.py:79: UserWarning: Epoch 0/100 98/4500  loss: 6.214610153  time 0.79s
  warnings.warn(
/home/karimimonsefi.1/SSL_VAN/pretrain/training.py:79: UserWarning: Epoch 0/100 99/4500  loss: 6.214610134  time 0.88s
  warnings.warn(
/home/karimimonsefi.1/SSL_VAN/pretrain/training.py:79: UserWarning: Epoch 0/100 100/4500  loss: 6.214610114  time 0.76s
  warnings.warn(
/home/karimimonsefi.1/SSL_VAN/pretrain/training.py:79: UserWarning: Epoch 0/100 101/4500  loss: 6.214610095  time 0.83s
  warnings.warn(
/home/karimimonsefi.1/SSL_VAN/pretrain/training.py:79: UserWarning: Epoch 0/100 102/4500  loss: 6.214610078  time 0.91s
  warnings.warn(
/home/karimimonsefi.1/SSL_VAN/pretrain/training.py:79: UserWarning: Epoch 0/100 103/4500  loss: 6.214610060  time 0.83s
  warnings.warn(
/home/karimimonsefi.1/SSL_VAN/pretrain/training.py:79: UserWarning: Epoch 0/100 104/4500  loss: 6.214610042  time 0.88s
  warnings.warn(
/home/karimimonsefi.1/SSL_VAN/pretrain/training.py:79: UserWarning: Epoch 0/100 105/4500  loss: 6.214610025  time 0.90s
  warnings.warn(
/home/karimimonsefi.1/SSL_VAN/pretrain/training.py:79: UserWarning: Epoch 0/100 106/4500  loss: 6.214610008  time 0.98s
  warnings.warn(
/home/karimimonsefi.1/SSL_VAN/pretrain/training.py:79: UserWarning: Epoch 0/100 107/4500  loss: 6.214609991  time 0.97s
  warnings.warn(
/home/karimimonsefi.1/SSL_VAN/pretrain/training.py:79: UserWarning: Epoch 0/100 108/4500  loss: 6.214609974  time 1.03s
  warnings.warn(
/home/karimimonsefi.1/SSL_VAN/pretrain/training.py:79: UserWarning: Epoch 0/100 109/4500  loss: 6.214609958  time 0.93s
  warnings.warn(
/home/karimimonsefi.1/SSL_VAN/pretrain/training.py:79: UserWarning: Epoch 0/100 110/4500  loss: 6.214609943  time 0.87s
  warnings.warn(
/home/karimimonsefi.1/SSL_VAN/pretrain/training.py:79: UserWarning: Epoch 0/100 111/4500  loss: 6.214609929  time 0.90s
  warnings.warn(
/home/karimimonsefi.1/SSL_VAN/pretrain/training.py:79: UserWarning: Epoch 0/100 112/4500  loss: 6.214609914  time 0.91s
  warnings.warn(
/home/karimimonsefi.1/SSL_VAN/pretrain/training.py:79: UserWarning: Epoch 0/100 113/4500  loss: 6.214609898  time 0.98s
  warnings.warn(
/home/karimimonsefi.1/SSL_VAN/pretrain/training.py:79: UserWarning: Epoch 0/100 114/4500  loss: 6.214609884  time 0.85s
  warnings.warn(
/home/karimimonsefi.1/SSL_VAN/pretrain/training.py:79: UserWarning: Epoch 0/100 115/4500  loss: 6.214609869  time 1.05s
  warnings.warn(
/home/karimimonsefi.1/SSL_VAN/pretrain/training.py:79: UserWarning: Epoch 0/100 116/4500  loss: 6.214609855  time 0.92s
  warnings.warn(
/home/karimimonsefi.1/SSL_VAN/pretrain/training.py:79: UserWarning: Epoch 0/100 117/4500  loss: 6.214609841  time 0.81s
  warnings.warn(
/home/karimimonsefi.1/SSL_VAN/pretrain/training.py:79: UserWarning: Epoch 0/100 118/4500  loss: 6.214609827  time 0.94s
  warnings.warn(
/home/karimimonsefi.1/SSL_VAN/pretrain/training.py:79: UserWarning: Epoch 0/100 119/4500  loss: 6.214609813  time 0.97s
  warnings.warn(
/home/karimimonsefi.1/SSL_VAN/pretrain/training.py:79: UserWarning: Epoch 0/100 120/4500  loss: 6.214609800  time 1.02s
  warnings.warn(
/home/karimimonsefi.1/SSL_VAN/pretrain/training.py:79: UserWarning: Epoch 0/100 121/4500  loss: 6.214609787  time 0.83s
  warnings.warn(
/home/karimimonsefi.1/SSL_VAN/pretrain/training.py:79: UserWarning: Epoch 0/100 122/4500  loss: 6.214609773  time 0.97s
  warnings.warn(
/home/karimimonsefi.1/SSL_VAN/pretrain/training.py:79: UserWarning: Epoch 0/100 123/4500  loss: 6.214609761  time 0.83s
  warnings.warn(
/home/karimimonsefi.1/SSL_VAN/pretrain/training.py:79: UserWarning: Epoch 0/100 124/4500  loss: 6.214609748  time 0.95s
  warnings.warn(
/home/karimimonsefi.1/SSL_VAN/pretrain/training.py:79: UserWarning: Epoch 0/100 125/4500  loss: 6.214609736  time 0.81s
  warnings.warn(
/home/karimimonsefi.1/SSL_VAN/pretrain/training.py:79: UserWarning: Epoch 0/100 126/4500  loss: 6.214609723  time 0.74s
  warnings.warn(
/home/karimimonsefi.1/SSL_VAN/pretrain/training.py:79: UserWarning: Epoch 0/100 127/4500  loss: 6.214609711  time 0.81s
  warnings.warn(
/home/karimimonsefi.1/SSL_VAN/pretrain/training.py:79: UserWarning: Epoch 0/100 128/4500  loss: 6.214609699  time 0.78s
  warnings.warn(
/home/karimimonsefi.1/SSL_VAN/pretrain/training.py:79: UserWarning: Epoch 0/100 129/4500  loss: 6.214609687  time 0.84s
  warnings.warn(
/home/karimimonsefi.1/SSL_VAN/pretrain/training.py:79: UserWarning: Epoch 0/100 130/4500  loss: 6.214609675  time 0.80s
  warnings.warn(
/home/karimimonsefi.1/SSL_VAN/pretrain/training.py:79: UserWarning: Epoch 0/100 131/4500  loss: 6.214609664  time 0.87s
  warnings.warn(
/home/karimimonsefi.1/SSL_VAN/pretrain/training.py:79: UserWarning: Epoch 0/100 132/4500  loss: 6.214609653  time 0.84s
  warnings.warn(
/home/karimimonsefi.1/SSL_VAN/pretrain/training.py:79: UserWarning: Epoch 0/100 133/4500  loss: 6.214609642  time 0.92s
  warnings.warn(
/home/karimimonsefi.1/SSL_VAN/pretrain/training.py:79: UserWarning: Epoch 0/100 134/4500  loss: 6.214609631  time 0.86s
  warnings.warn(
/home/karimimonsefi.1/SSL_VAN/pretrain/training.py:79: UserWarning: Epoch 0/100 135/4500  loss: 6.214609621  time 0.69s
  warnings.warn(
/home/karimimonsefi.1/SSL_VAN/pretrain/training.py:79: UserWarning: Epoch 0/100 136/4500  loss: 6.214609610  time 2.05s
  warnings.warn(
/home/karimimonsefi.1/SSL_VAN/pretrain/training.py:79: UserWarning: Epoch 0/100 137/4500  loss: 6.214609599  time 0.80s
  warnings.warn(
/home/karimimonsefi.1/SSL_VAN/pretrain/training.py:79: UserWarning: Epoch 0/100 138/4500  loss: 6.214609589  time 2.68s
  warnings.warn(
/home/karimimonsefi.1/SSL_VAN/pretrain/training.py:79: UserWarning: Epoch 0/100 139/4500  loss: 6.214609579  time 1.05s
  warnings.warn(
/home/karimimonsefi.1/SSL_VAN/pretrain/training.py:79: UserWarning: Epoch 0/100 140/4500  loss: 6.214609569  time 0.98s
  warnings.warn(
/home/karimimonsefi.1/SSL_VAN/pretrain/training.py:79: UserWarning: Epoch 0/100 141/4500  loss: 6.214609559  time 0.99s
  warnings.warn(
/home/karimimonsefi.1/SSL_VAN/pretrain/training.py:79: UserWarning: Epoch 0/100 142/4500  loss: 6.214609550  time 1.05s
  warnings.warn(
/home/karimimonsefi.1/SSL_VAN/pretrain/training.py:79: UserWarning: Epoch 0/100 143/4500  loss: 6.214609540  time 0.95s
  warnings.warn(
/home/karimimonsefi.1/SSL_VAN/pretrain/training.py:79: UserWarning: Epoch 0/100 144/4500  loss: 6.214609531  time 0.86s
  warnings.warn(
/home/karimimonsefi.1/SSL_VAN/pretrain/training.py:79: UserWarning: Epoch 0/100 145/4500  loss: 6.214609521  time 0.82s
  warnings.warn(
/home/karimimonsefi.1/SSL_VAN/pretrain/training.py:79: UserWarning: Epoch 0/100 146/4500  loss: 6.214609512  time 0.93s
  warnings.warn(
/home/karimimonsefi.1/SSL_VAN/pretrain/training.py:79: UserWarning: Epoch 0/100 147/4500  loss: 6.214609503  time 0.95s
  warnings.warn(
/home/karimimonsefi.1/SSL_VAN/pretrain/training.py:79: UserWarning: Epoch 0/100 148/4500  loss: 6.214609494  time 0.89s
  warnings.warn(
/home/karimimonsefi.1/SSL_VAN/pretrain/training.py:79: UserWarning: Epoch 0/100 149/4500  loss: 6.214609485  time 0.82s
  warnings.warn(
/home/karimimonsefi.1/SSL_VAN/pretrain/training.py:79: UserWarning: Epoch 0/100 150/4500  loss: 6.214609477  time 0.84s
  warnings.warn(
/home/karimimonsefi.1/SSL_VAN/pretrain/training.py:79: UserWarning: Epoch 0/100 151/4500  loss: 6.214609468  time 0.86s
  warnings.warn(
/home/karimimonsefi.1/SSL_VAN/pretrain/training.py:79: UserWarning: Epoch 0/100 152/4500  loss: 6.214609460  time 0.95s
  warnings.warn(
/home/karimimonsefi.1/SSL_VAN/pretrain/training.py:79: UserWarning: Epoch 0/100 153/4500  loss: 6.214609451  time 0.83s
  warnings.warn(
/home/karimimonsefi.1/SSL_VAN/pretrain/training.py:79: UserWarning: Epoch 0/100 154/4500  loss: 6.214609443  time 0.79s
  warnings.warn(
/home/karimimonsefi.1/SSL_VAN/pretrain/training.py:79: UserWarning: Epoch 0/100 155/4500  loss: 6.214609435  time 0.81s
  warnings.warn(
/home/karimimonsefi.1/SSL_VAN/pretrain/training.py:79: UserWarning: Epoch 0/100 156/4500  loss: 6.214609426  time 0.83s
  warnings.warn(
/home/karimimonsefi.1/SSL_VAN/pretrain/training.py:79: UserWarning: Epoch 0/100 157/4500  loss: 6.214609418  time 0.72s
  warnings.warn(
/home/karimimonsefi.1/SSL_VAN/pretrain/training.py:79: UserWarning: Epoch 0/100 158/4500  loss: 6.214609411  time 0.78s
  warnings.warn(
/home/karimimonsefi.1/SSL_VAN/pretrain/training.py:79: UserWarning: Epoch 0/100 159/4500  loss: 6.214609403  time 0.91s
  warnings.warn(
/home/karimimonsefi.1/SSL_VAN/pretrain/training.py:79: UserWarning: Epoch 0/100 160/4500  loss: 6.214609395  time 0.80s
  warnings.warn(
/home/karimimonsefi.1/SSL_VAN/pretrain/training.py:79: UserWarning: Epoch 0/100 161/4500  loss: 6.214609388  time 0.90s
  warnings.warn(
/home/karimimonsefi.1/SSL_VAN/pretrain/training.py:79: UserWarning: Epoch 0/100 162/4500  loss: 6.214609381  time 0.85s
  warnings.warn(
/home/karimimonsefi.1/SSL_VAN/pretrain/training.py:79: UserWarning: Epoch 0/100 163/4500  loss: 6.214609373  time 0.79s
  warnings.warn(
/home/karimimonsefi.1/SSL_VAN/pretrain/training.py:79: UserWarning: Epoch 0/100 164/4500  loss: 6.214609366  time 0.81s
  warnings.warn(
/home/karimimonsefi.1/SSL_VAN/pretrain/training.py:79: UserWarning: Epoch 0/100 165/4500  loss: 6.214609359  time 0.90s
  warnings.warn(
/home/karimimonsefi.1/SSL_VAN/pretrain/training.py:79: UserWarning: Epoch 0/100 166/4500  loss: 6.214609352  time 0.87s
  warnings.warn(
/home/karimimonsefi.1/SSL_VAN/pretrain/training.py:79: UserWarning: Epoch 0/100 167/4500  loss: 6.214609345  time 0.83s
  warnings.warn(
/home/karimimonsefi.1/SSL_VAN/pretrain/training.py:79: UserWarning: Epoch 0/100 168/4500  loss: 6.214609338  time 0.92s
  warnings.warn(
/home/karimimonsefi.1/SSL_VAN/pretrain/training.py:79: UserWarning: Epoch 0/100 169/4500  loss: 6.214609332  time 1.01s
  warnings.warn(
/home/karimimonsefi.1/SSL_VAN/pretrain/training.py:79: UserWarning: Epoch 0/100 170/4500  loss: 6.214609325  time 1.08s
  warnings.warn(
/home/karimimonsefi.1/SSL_VAN/pretrain/training.py:79: UserWarning: Epoch 0/100 171/4500  loss: 6.214609318  time 0.82s
  warnings.warn(
/home/karimimonsefi.1/SSL_VAN/pretrain/training.py:79: UserWarning: Epoch 0/100 172/4500  loss: 6.214609311  time 0.85s
  warnings.warn(
/home/karimimonsefi.1/SSL_VAN/pretrain/training.py:79: UserWarning: Epoch 0/100 173/4500  loss: 6.214609305  time 0.94s
  warnings.warn(
/home/karimimonsefi.1/SSL_VAN/pretrain/training.py:79: UserWarning: Epoch 0/100 174/4500  loss: 6.214609298  time 0.76s
  warnings.warn(
/home/karimimonsefi.1/SSL_VAN/pretrain/training.py:79: UserWarning: Epoch 0/100 175/4500  loss: 6.214609292  time 0.87s
  warnings.warn(
/home/karimimonsefi.1/SSL_VAN/pretrain/training.py:79: UserWarning: Epoch 0/100 176/4500  loss: 6.214609285  time 0.82s
  warnings.warn(
/home/karimimonsefi.1/SSL_VAN/pretrain/training.py:79: UserWarning: Epoch 0/100 177/4500  loss: 6.214609279  time 0.92s
  warnings.warn(
/home/karimimonsefi.1/SSL_VAN/pretrain/training.py:79: UserWarning: Epoch 0/100 178/4500  loss: 6.214609272  time 0.76s
  warnings.warn(
/home/karimimonsefi.1/SSL_VAN/pretrain/training.py:79: UserWarning: Epoch 0/100 179/4500  loss: 6.214609266  time 0.87s
  warnings.warn(
/home/karimimonsefi.1/SSL_VAN/pretrain/training.py:79: UserWarning: Epoch 0/100 180/4500  loss: 6.214609260  time 0.79s
  warnings.warn(
/home/karimimonsefi.1/SSL_VAN/pretrain/training.py:79: UserWarning: Epoch 0/100 181/4500  loss: 6.214609254  time 0.99s
  warnings.warn(
/home/karimimonsefi.1/SSL_VAN/pretrain/training.py:79: UserWarning: Epoch 0/100 182/4500  loss: 6.214609248  time 0.86s
  warnings.warn(
/home/karimimonsefi.1/SSL_VAN/pretrain/training.py:79: UserWarning: Epoch 0/100 183/4500  loss: 6.214609242  time 0.89s
  warnings.warn(
/home/karimimonsefi.1/SSL_VAN/pretrain/training.py:79: UserWarning: Epoch 0/100 184/4500  loss: 6.214609236  time 0.80s
  warnings.warn(
/home/karimimonsefi.1/SSL_VAN/pretrain/training.py:79: UserWarning: Epoch 0/100 185/4500  loss: 6.214609231  time 0.91s
  warnings.warn(
/home/karimimonsefi.1/SSL_VAN/pretrain/training.py:79: UserWarning: Epoch 0/100 186/4500  loss: 6.214609225  time 0.86s
  warnings.warn(
/home/karimimonsefi.1/SSL_VAN/pretrain/training.py:79: UserWarning: Epoch 0/100 187/4500  loss: 6.214609219  time 0.83s
  warnings.warn(
/home/karimimonsefi.1/SSL_VAN/pretrain/training.py:79: UserWarning: Epoch 0/100 188/4500  loss: 6.214609214  time 0.89s
  warnings.warn(
/home/karimimonsefi.1/SSL_VAN/pretrain/training.py:79: UserWarning: Epoch 0/100 189/4500  loss: 6.214609208  time 0.78s
  warnings.warn(
/home/karimimonsefi.1/SSL_VAN/pretrain/training.py:79: UserWarning: Epoch 0/100 190/4500  loss: 6.214609203  time 0.83s
  warnings.warn(
/home/karimimonsefi.1/SSL_VAN/pretrain/training.py:79: UserWarning: Epoch 0/100 191/4500  loss: 6.214609197  time 0.82s
  warnings.warn(
/home/karimimonsefi.1/SSL_VAN/pretrain/training.py:79: UserWarning: Epoch 0/100 192/4500  loss: 6.214609192  time 1.71s
  warnings.warn(
/home/karimimonsefi.1/SSL_VAN/pretrain/training.py:79: UserWarning: Epoch 0/100 193/4500  loss: 6.214609187  time 2.63s
  warnings.warn(
/home/karimimonsefi.1/SSL_VAN/pretrain/training.py:79: UserWarning: Epoch 0/100 194/4500  loss: 6.214609181  time 0.99s
  warnings.warn(
/home/karimimonsefi.1/SSL_VAN/pretrain/training.py:79: UserWarning: Epoch 0/100 195/4500  loss: 6.214609176  time 0.89s
  warnings.warn(
/home/karimimonsefi.1/SSL_VAN/pretrain/training.py:79: UserWarning: Epoch 0/100 196/4500  loss: 6.214609171  time 0.93s
  warnings.warn(
/home/karimimonsefi.1/SSL_VAN/pretrain/training.py:79: UserWarning: Epoch 0/100 197/4500  loss: 6.214609166  time 0.94s
  warnings.warn(
/home/karimimonsefi.1/SSL_VAN/pretrain/training.py:79: UserWarning: Epoch 0/100 198/4500  loss: 6.214609160  time 0.87s
  warnings.warn(
/home/karimimonsefi.1/SSL_VAN/pretrain/training.py:79: UserWarning: Epoch 0/100 199/4500  loss: 6.214609156  time 0.97s
  warnings.warn(
/home/karimimonsefi.1/SSL_VAN/pretrain/training.py:79: UserWarning: Epoch 0/100 200/4500  loss: 6.214609150  time 0.89s
  warnings.warn(
/home/karimimonsefi.1/SSL_VAN/pretrain/training.py:79: UserWarning: Epoch 0/100 201/4500  loss: 6.214609146  time 0.88s
  warnings.warn(
/home/karimimonsefi.1/SSL_VAN/pretrain/training.py:79: UserWarning: Epoch 0/100 202/4500  loss: 6.214609141  time 0.87s
  warnings.warn(
/home/karimimonsefi.1/SSL_VAN/pretrain/training.py:79: UserWarning: Epoch 0/100 203/4500  loss: 6.214609136  time 0.90s
  warnings.warn(
/home/karimimonsefi.1/SSL_VAN/pretrain/training.py:79: UserWarning: Epoch 0/100 204/4500  loss: 6.214609131  time 0.91s
  warnings.warn(
/home/karimimonsefi.1/SSL_VAN/pretrain/training.py:79: UserWarning: Epoch 0/100 205/4500  loss: 6.214609127  time 0.75s
  warnings.warn(
/home/karimimonsefi.1/SSL_VAN/pretrain/training.py:79: UserWarning: Epoch 0/100 206/4500  loss: 6.214609122  time 0.92s
  warnings.warn(
/home/karimimonsefi.1/SSL_VAN/pretrain/training.py:79: UserWarning: Epoch 0/100 207/4500  loss: 6.214609117  time 0.95s
  warnings.warn(
/home/karimimonsefi.1/SSL_VAN/pretrain/training.py:79: UserWarning: Epoch 0/100 208/4500  loss: 6.214609112  time 0.93s
  warnings.warn(
/home/karimimonsefi.1/SSL_VAN/pretrain/training.py:79: UserWarning: Epoch 0/100 209/4500  loss: 6.214609108  time 0.79s
  warnings.warn(
/home/karimimonsefi.1/SSL_VAN/pretrain/training.py:79: UserWarning: Epoch 0/100 210/4500  loss: 6.214609103  time 0.92s
  warnings.warn(
/home/karimimonsefi.1/SSL_VAN/pretrain/training.py:79: UserWarning: Epoch 0/100 211/4500  loss: 6.214609099  time 0.83s
  warnings.warn(
/home/karimimonsefi.1/SSL_VAN/pretrain/training.py:79: UserWarning: Epoch 0/100 212/4500  loss: 6.214609095  time 0.73s
  warnings.warn(
/home/karimimonsefi.1/SSL_VAN/pretrain/training.py:79: UserWarning: Epoch 0/100 213/4500  loss: 6.214609090  time 0.88s
  warnings.warn(
/home/karimimonsefi.1/SSL_VAN/pretrain/training.py:79: UserWarning: Epoch 0/100 214/4500  loss: 6.214609086  time 0.89s
  warnings.warn(
/home/karimimonsefi.1/SSL_VAN/pretrain/training.py:79: UserWarning: Epoch 0/100 215/4500  loss: 6.214609081  time 0.93s
  warnings.warn(
/home/karimimonsefi.1/SSL_VAN/pretrain/training.py:79: UserWarning: Epoch 0/100 216/4500  loss: 6.214609077  time 0.98s
  warnings.warn(
/home/karimimonsefi.1/SSL_VAN/pretrain/training.py:79: UserWarning: Epoch 0/100 217/4500  loss: 6.214609073  time 0.80s
  warnings.warn(
/home/karimimonsefi.1/SSL_VAN/pretrain/training.py:79: UserWarning: Epoch 0/100 218/4500  loss: 6.214609068  time 0.89s
  warnings.warn(
/home/karimimonsefi.1/SSL_VAN/pretrain/training.py:79: UserWarning: Epoch 0/100 219/4500  loss: 6.214609064  time 0.89s
  warnings.warn(
/home/karimimonsefi.1/SSL_VAN/pretrain/training.py:79: UserWarning: Epoch 0/100 220/4500  loss: 6.214609060  time 0.88s
  warnings.warn(
/home/karimimonsefi.1/SSL_VAN/pretrain/training.py:79: UserWarning: Epoch 0/100 221/4500  loss: 6.214609056  time 0.92s
  warnings.warn(
/home/karimimonsefi.1/SSL_VAN/pretrain/training.py:79: UserWarning: Epoch 0/100 222/4500  loss: 6.214609052  time 0.79s
  warnings.warn(
/home/karimimonsefi.1/SSL_VAN/pretrain/training.py:79: UserWarning: Epoch 0/100 223/4500  loss: 6.214609048  time 0.85s
  warnings.warn(
/home/karimimonsefi.1/SSL_VAN/pretrain/training.py:79: UserWarning: Epoch 0/100 224/4500  loss: 6.214609044  time 0.85s
  warnings.warn(
/home/karimimonsefi.1/SSL_VAN/pretrain/training.py:79: UserWarning: Epoch 0/100 225/4500  loss: 6.214609040  time 0.79s
  warnings.warn(
/home/karimimonsefi.1/SSL_VAN/pretrain/training.py:79: UserWarning: Epoch 0/100 226/4500  loss: 6.214609036  time 7.09s
  warnings.warn(
/home/karimimonsefi.1/SSL_VAN/pretrain/training.py:79: UserWarning: Epoch 0/100 227/4500  loss: 6.214609032  time 0.86s
  warnings.warn(
/home/karimimonsefi.1/SSL_VAN/pretrain/training.py:79: UserWarning: Epoch 0/100 228/4500  loss: 6.214609028  time 0.81s
  warnings.warn(
/home/karimimonsefi.1/SSL_VAN/pretrain/training.py:79: UserWarning: Epoch 0/100 229/4500  loss: 6.214609024  time 0.93s
  warnings.warn(
/home/karimimonsefi.1/SSL_VAN/pretrain/training.py:79: UserWarning: Epoch 0/100 230/4500  loss: 6.214609020  time 0.79s
  warnings.warn(
/home/karimimonsefi.1/SSL_VAN/pretrain/training.py:79: UserWarning: Epoch 0/100 231/4500  loss: 6.214609016  time 0.72s
  warnings.warn(
/home/karimimonsefi.1/SSL_VAN/pretrain/training.py:79: UserWarning: Epoch 0/100 232/4500  loss: 6.214609012  time 0.84s
  warnings.warn(
/home/karimimonsefi.1/SSL_VAN/pretrain/training.py:79: UserWarning: Epoch 0/100 233/4500  loss: 6.214609009  time 1.82s
  warnings.warn(
/home/karimimonsefi.1/SSL_VAN/pretrain/training.py:79: UserWarning: Epoch 0/100 234/4500  loss: 6.214609005  time 6.54s
  warnings.warn(
/home/karimimonsefi.1/SSL_VAN/pretrain/training.py:79: UserWarning: Epoch 0/100 235/4500  loss: 6.214609001  time 0.87s
  warnings.warn(
/home/karimimonsefi.1/SSL_VAN/pretrain/training.py:79: UserWarning: Epoch 0/100 236/4500  loss: 6.214608998  time 0.90s
  warnings.warn(
/home/karimimonsefi.1/SSL_VAN/pretrain/training.py:79: UserWarning: Epoch 0/100 237/4500  loss: 6.214608994  time 1.08s
  warnings.warn(
/home/karimimonsefi.1/SSL_VAN/pretrain/training.py:79: UserWarning: Epoch 0/100 238/4500  loss: 6.214608990  time 0.82s
  warnings.warn(
/home/karimimonsefi.1/SSL_VAN/pretrain/training.py:79: UserWarning: Epoch 0/100 239/4500  loss: 6.214608987  time 0.92s
  warnings.warn(
/home/karimimonsefi.1/SSL_VAN/pretrain/training.py:79: UserWarning: Epoch 0/100 240/4500  loss: 6.214608983  time 0.86s
  warnings.warn(
/home/karimimonsefi.1/SSL_VAN/pretrain/training.py:79: UserWarning: Epoch 0/100 241/4500  loss: 6.214608980  time 1.03s
  warnings.warn(
/home/karimimonsefi.1/SSL_VAN/pretrain/training.py:79: UserWarning: Epoch 0/100 242/4500  loss: 6.214608976  time 8.04s
  warnings.warn(
/home/karimimonsefi.1/SSL_VAN/pretrain/training.py:79: UserWarning: Epoch 0/100 243/4500  loss: 6.214608973  time 0.85s
  warnings.warn(
/home/karimimonsefi.1/SSL_VAN/pretrain/training.py:79: UserWarning: Epoch 0/100 244/4500  loss: 6.214608970  time 0.88s
  warnings.warn(
/home/karimimonsefi.1/SSL_VAN/pretrain/training.py:79: UserWarning: Epoch 0/100 245/4500  loss: 6.214608966  time 0.88s
  warnings.warn(
/home/karimimonsefi.1/SSL_VAN/pretrain/training.py:79: UserWarning: Epoch 0/100 246/4500  loss: 6.214608963  time 0.77s
  warnings.warn(
/home/karimimonsefi.1/SSL_VAN/pretrain/training.py:79: UserWarning: Epoch 0/100 247/4500  loss: 6.214608960  time 0.92s
  warnings.warn(
/home/karimimonsefi.1/SSL_VAN/pretrain/training.py:79: UserWarning: Epoch 0/100 248/4500  loss: 6.214608956  time 0.75s
  warnings.warn(
/home/karimimonsefi.1/SSL_VAN/pretrain/training.py:79: UserWarning: Epoch 0/100 249/4500  loss: 6.214608953  time 0.89s
  warnings.warn(
/home/karimimonsefi.1/SSL_VAN/pretrain/training.py:103: UserWarning: Saving checkpoint ./runs/pre_train_1/test_log/pre_train_96-192-384-768_3-3-24-3_8-8-4-4_vae_inferer_valid_loader_PREVANV4121GL_2_1_500_128_True_5__final.pt
  warnings.warn(f"Saving checkpoint {filename}")
/home/karimimonsefi.1/SSL_VAN/pretrain/training.py:79: UserWarning: Epoch 0/100 250/4500  loss: 6.214608950  time 0.94s
  warnings.warn(
/home/karimimonsefi.1/SSL_VAN/pretrain/training.py:79: UserWarning: Epoch 0/100 251/4500  loss: 6.214608947  time 0.76s
  warnings.warn(
/home/karimimonsefi.1/SSL_VAN/pretrain/training.py:79: UserWarning: Epoch 0/100 252/4500  loss: 6.214608944  time 1.03s
  warnings.warn(
/home/karimimonsefi.1/SSL_VAN/pretrain/training.py:79: UserWarning: Epoch 0/100 253/4500  loss: 6.214608941  time 0.82s
  warnings.warn(
/home/karimimonsefi.1/SSL_VAN/pretrain/training.py:79: UserWarning: Epoch 0/100 254/4500  loss: 6.214608938  time 0.93s
  warnings.warn(
/home/karimimonsefi.1/SSL_VAN/pretrain/training.py:79: UserWarning: Epoch 0/100 255/4500  loss: 6.214608935  time 0.83s
  warnings.warn(
/home/karimimonsefi.1/SSL_VAN/pretrain/training.py:79: UserWarning: Epoch 0/100 256/4500  loss: 6.214608931  time 0.80s
  warnings.warn(
/home/karimimonsefi.1/SSL_VAN/pretrain/training.py:79: UserWarning: Epoch 0/100 257/4500  loss: 6.214608928  time 0.79s
  warnings.warn(
/home/karimimonsefi.1/SSL_VAN/pretrain/training.py:79: UserWarning: Epoch 0/100 258/4500  loss: 6.214608925  time 0.91s
  warnings.warn(
/home/karimimonsefi.1/SSL_VAN/pretrain/training.py:79: UserWarning: Epoch 0/100 259/4500  loss: 6.214608922  time 0.79s
  warnings.warn(
/home/karimimonsefi.1/SSL_VAN/pretrain/training.py:79: UserWarning: Epoch 0/100 260/4500  loss: 6.214608919  time 0.74s
  warnings.warn(
/home/karimimonsefi.1/SSL_VAN/pretrain/training.py:79: UserWarning: Epoch 0/100 261/4500  loss: 6.214608916  time 0.98s
  warnings.warn(
/home/karimimonsefi.1/SSL_VAN/pretrain/training.py:79: UserWarning: Epoch 0/100 262/4500  loss: 6.214608913  time 0.82s
  warnings.warn(
/home/karimimonsefi.1/SSL_VAN/pretrain/training.py:79: UserWarning: Epoch 0/100 263/4500  loss: 6.214608910  time 0.87s
  warnings.warn(
/home/karimimonsefi.1/SSL_VAN/pretrain/training.py:79: UserWarning: Epoch 0/100 264/4500  loss: 6.214608907  time 0.87s
  warnings.warn(
/home/karimimonsefi.1/SSL_VAN/pretrain/training.py:79: UserWarning: Epoch 0/100 265/4500  loss: 6.214608904  time 0.79s
  warnings.warn(
/home/karimimonsefi.1/SSL_VAN/pretrain/training.py:79: UserWarning: Epoch 0/100 266/4500  loss: 6.214608902  time 0.94s
  warnings.warn(
/home/karimimonsefi.1/SSL_VAN/pretrain/training.py:79: UserWarning: Epoch 0/100 267/4500  loss: 6.214608899  time 0.84s
  warnings.warn(
/home/karimimonsefi.1/SSL_VAN/pretrain/training.py:79: UserWarning: Epoch 0/100 268/4500  loss: 6.214608896  time 0.85s
  warnings.warn(
/home/karimimonsefi.1/SSL_VAN/pretrain/training.py:79: UserWarning: Epoch 0/100 269/4500  loss: 6.214608893  time 0.83s
  warnings.warn(
/home/karimimonsefi.1/SSL_VAN/pretrain/training.py:79: UserWarning: Epoch 0/100 270/4500  loss: 6.214608891  time 0.81s
  warnings.warn(
/home/karimimonsefi.1/SSL_VAN/pretrain/training.py:79: UserWarning: Epoch 0/100 271/4500  loss: 6.214608888  time 0.80s
  warnings.warn(
/home/karimimonsefi.1/SSL_VAN/pretrain/training.py:79: UserWarning: Epoch 0/100 272/4500  loss: 6.214608885  time 0.82s
  warnings.warn(
/home/karimimonsefi.1/SSL_VAN/pretrain/training.py:79: UserWarning: Epoch 0/100 273/4500  loss: 6.214608883  time 0.85s
  warnings.warn(
/home/karimimonsefi.1/SSL_VAN/pretrain/training.py:79: UserWarning: Epoch 0/100 274/4500  loss: 6.214608880  time 0.80s
  warnings.warn(
/home/karimimonsefi.1/SSL_VAN/pretrain/training.py:79: UserWarning: Epoch 0/100 275/4500  loss: 6.214608877  time 0.97s
  warnings.warn(
/home/karimimonsefi.1/SSL_VAN/pretrain/training.py:79: UserWarning: Epoch 0/100 276/4500  loss: 6.214608875  time 0.80s
  warnings.warn(
/home/karimimonsefi.1/SSL_VAN/pretrain/training.py:79: UserWarning: Epoch 0/100 277/4500  loss: 6.214608872  time 0.89s
  warnings.warn(
/home/karimimonsefi.1/SSL_VAN/pretrain/training.py:79: UserWarning: Epoch 0/100 278/4500  loss: 6.214608869  time 0.83s
  warnings.warn(
/home/karimimonsefi.1/SSL_VAN/pretrain/training.py:79: UserWarning: Epoch 0/100 279/4500  loss: 6.214608867  time 0.88s
  warnings.warn(
/home/karimimonsefi.1/SSL_VAN/pretrain/training.py:79: UserWarning: Epoch 0/100 280/4500  loss: 6.214608864  time 0.81s
  warnings.warn(
/home/karimimonsefi.1/SSL_VAN/pretrain/training.py:79: UserWarning: Epoch 0/100 281/4500  loss: 6.214608861  time 0.89s
  warnings.warn(
/home/karimimonsefi.1/SSL_VAN/pretrain/training.py:79: UserWarning: Epoch 0/100 282/4500  loss: 6.214608859  time 0.70s
  warnings.warn(
/home/karimimonsefi.1/SSL_VAN/pretrain/training.py:79: UserWarning: Epoch 0/100 283/4500  loss: 6.214608856  time 0.78s
  warnings.warn(
/home/karimimonsefi.1/SSL_VAN/pretrain/training.py:79: UserWarning: Epoch 0/100 284/4500  loss: 6.214608854  time 0.86s
  warnings.warn(
/home/karimimonsefi.1/SSL_VAN/pretrain/training.py:79: UserWarning: Epoch 0/100 285/4500  loss: 6.214608851  time 0.96s
  warnings.warn(
/home/karimimonsefi.1/SSL_VAN/pretrain/training.py:79: UserWarning: Epoch 0/100 286/4500  loss: 6.214608849  time 0.97s
  warnings.warn(
/home/karimimonsefi.1/SSL_VAN/pretrain/training.py:79: UserWarning: Epoch 0/100 287/4500  loss: 6.214608846  time 0.92s
  warnings.warn(
/home/karimimonsefi.1/SSL_VAN/pretrain/training.py:79: UserWarning: Epoch 0/100 288/4500  loss: 6.214608844  time 2.93s
  warnings.warn(
/home/karimimonsefi.1/SSL_VAN/pretrain/training.py:79: UserWarning: Epoch 0/100 289/4500  loss: 6.214608841  time 0.94s
  warnings.warn(
/home/karimimonsefi.1/SSL_VAN/pretrain/training.py:79: UserWarning: Epoch 0/100 290/4500  loss: 6.214608839  time 0.82s
  warnings.warn(
/home/karimimonsefi.1/SSL_VAN/pretrain/training.py:79: UserWarning: Epoch 0/100 291/4500  loss: 6.214608837  time 0.81s
  warnings.warn(
/home/karimimonsefi.1/SSL_VAN/pretrain/training.py:79: UserWarning: Epoch 0/100 292/4500  loss: 6.214608834  time 0.96s
  warnings.warn(
/home/karimimonsefi.1/SSL_VAN/pretrain/training.py:79: UserWarning: Epoch 0/100 293/4500  loss: 6.214608832  time 3.06s
  warnings.warn(
/home/karimimonsefi.1/SSL_VAN/pretrain/training.py:79: UserWarning: Epoch 0/100 294/4500  loss: 6.214608829  time 0.95s
  warnings.warn(
/home/karimimonsefi.1/SSL_VAN/pretrain/training.py:79: UserWarning: Epoch 0/100 295/4500  loss: 6.214608827  time 0.95s
  warnings.warn(
/home/karimimonsefi.1/SSL_VAN/pretrain/training.py:79: UserWarning: Epoch 0/100 296/4500  loss: 6.214608825  time 6.68s
  warnings.warn(
/home/karimimonsefi.1/SSL_VAN/pretrain/training.py:79: UserWarning: Epoch 0/100 297/4500  loss: 6.214608822  time 0.87s
  warnings.warn(
/home/karimimonsefi.1/SSL_VAN/pretrain/training.py:79: UserWarning: Epoch 0/100 298/4500  loss: 6.214608820  time 0.86s
  warnings.warn(
/home/karimimonsefi.1/SSL_VAN/pretrain/training.py:79: UserWarning: Epoch 0/100 299/4500  loss: 6.214608818  time 0.88s
  warnings.warn(
/home/karimimonsefi.1/SSL_VAN/pretrain/training.py:79: UserWarning: Epoch 0/100 300/4500  loss: 6.214608815  time 0.89s
  warnings.warn(
/home/karimimonsefi.1/SSL_VAN/pretrain/training.py:79: UserWarning: Epoch 0/100 301/4500  loss: 6.214608813  time 1.33s
  warnings.warn(
/home/karimimonsefi.1/SSL_VAN/pretrain/training.py:79: UserWarning: Epoch 0/100 302/4500  loss: 6.214608811  time 0.98s
  warnings.warn(
/home/karimimonsefi.1/SSL_VAN/pretrain/training.py:79: UserWarning: Epoch 0/100 303/4500  loss: 6.214608809  time 1.06s
  warnings.warn(
/home/karimimonsefi.1/SSL_VAN/pretrain/training.py:79: UserWarning: Epoch 0/100 304/4500  loss: 6.214608807  time 0.79s
  warnings.warn(
/home/karimimonsefi.1/SSL_VAN/pretrain/training.py:79: UserWarning: Epoch 0/100 305/4500  loss: 6.214608804  time 0.88s
  warnings.warn(
/home/karimimonsefi.1/SSL_VAN/pretrain/training.py:79: UserWarning: Epoch 0/100 306/4500  loss: 6.214608802  time 0.94s
  warnings.warn(
/home/karimimonsefi.1/SSL_VAN/pretrain/training.py:79: UserWarning: Epoch 0/100 307/4500  loss: 6.214608800  time 0.83s
  warnings.warn(
/home/karimimonsefi.1/SSL_VAN/pretrain/training.py:79: UserWarning: Epoch 0/100 308/4500  loss: 6.214608798  time 0.76s
  warnings.warn(
/home/karimimonsefi.1/SSL_VAN/pretrain/training.py:79: UserWarning: Epoch 0/100 309/4500  loss: 6.214608796  time 2.22s
  warnings.warn(
/home/karimimonsefi.1/SSL_VAN/pretrain/training.py:79: UserWarning: Epoch 0/100 310/4500  loss: 6.214608793  time 0.91s
  warnings.warn(
/home/karimimonsefi.1/SSL_VAN/pretrain/training.py:79: UserWarning: Epoch 0/100 311/4500  loss: 6.214608791  time 0.89s
  warnings.warn(
/home/karimimonsefi.1/SSL_VAN/pretrain/training.py:79: UserWarning: Epoch 0/100 312/4500  loss: 6.214608789  time 1.02s
  warnings.warn(
/home/karimimonsefi.1/SSL_VAN/pretrain/training.py:79: UserWarning: Epoch 0/100 313/4500  loss: 6.214608787  time 0.79s
  warnings.warn(
/home/karimimonsefi.1/SSL_VAN/pretrain/training.py:79: UserWarning: Epoch 0/100 314/4500  loss: 6.214608785  time 0.79s
  warnings.warn(
/home/karimimonsefi.1/SSL_VAN/pretrain/training.py:79: UserWarning: Epoch 0/100 315/4500  loss: 6.214608783  time 0.85s
  warnings.warn(
/home/karimimonsefi.1/SSL_VAN/pretrain/training.py:79: UserWarning: Epoch 0/100 316/4500  loss: 6.214608781  time 0.73s
  warnings.warn(
/home/karimimonsefi.1/SSL_VAN/pretrain/training.py:79: UserWarning: Epoch 0/100 317/4500  loss: 6.214608779  time 0.88s
  warnings.warn(
/home/karimimonsefi.1/SSL_VAN/pretrain/training.py:79: UserWarning: Epoch 0/100 318/4500  loss: 6.214608777  time 0.86s
  warnings.warn(
/home/karimimonsefi.1/SSL_VAN/pretrain/training.py:79: UserWarning: Epoch 0/100 319/4500  loss: 6.214608775  time 0.86s
  warnings.warn(
/home/karimimonsefi.1/SSL_VAN/pretrain/training.py:79: UserWarning: Epoch 0/100 320/4500  loss: 6.214608773  time 0.83s
  warnings.warn(
/home/karimimonsefi.1/SSL_VAN/pretrain/training.py:79: UserWarning: Epoch 0/100 321/4500  loss: 6.214608771  time 0.88s
  warnings.warn(
/home/karimimonsefi.1/SSL_VAN/pretrain/training.py:79: UserWarning: Epoch 0/100 322/4500  loss: 6.214608769  time 0.90s
  warnings.warn(
/home/karimimonsefi.1/SSL_VAN/pretrain/training.py:79: UserWarning: Epoch 0/100 323/4500  loss: 6.214608767  time 1.03s
  warnings.warn(
/home/karimimonsefi.1/SSL_VAN/pretrain/training.py:79: UserWarning: Epoch 0/100 324/4500  loss: 6.214608765  time 0.80s
  warnings.warn(
/home/karimimonsefi.1/SSL_VAN/pretrain/training.py:79: UserWarning: Epoch 0/100 325/4500  loss: 6.214608763  time 0.90s
  warnings.warn(
/home/karimimonsefi.1/SSL_VAN/pretrain/training.py:79: UserWarning: Epoch 0/100 326/4500  loss: 6.214608762  time 0.92s
  warnings.warn(
/home/karimimonsefi.1/SSL_VAN/pretrain/training.py:79: UserWarning: Epoch 0/100 327/4500  loss: 6.214608760  time 0.81s
  warnings.warn(
/home/karimimonsefi.1/SSL_VAN/pretrain/training.py:79: UserWarning: Epoch 0/100 328/4500  loss: 6.214608758  time 0.85s
  warnings.warn(
/home/karimimonsefi.1/SSL_VAN/pretrain/training.py:79: UserWarning: Epoch 0/100 329/4500  loss: 6.214608756  time 1.04s
  warnings.warn(
/home/karimimonsefi.1/SSL_VAN/pretrain/training.py:79: UserWarning: Epoch 0/100 330/4500  loss: 6.214608754  time 0.83s
  warnings.warn(
/home/karimimonsefi.1/SSL_VAN/pretrain/training.py:79: UserWarning: Epoch 0/100 331/4500  loss: 6.214608752  time 0.78s
  warnings.warn(
/home/karimimonsefi.1/SSL_VAN/pretrain/training.py:79: UserWarning: Epoch 0/100 332/4500  loss: 6.214608750  time 0.84s
  warnings.warn(
/home/karimimonsefi.1/SSL_VAN/pretrain/training.py:79: UserWarning: Epoch 0/100 333/4500  loss: 6.214608748  time 0.86s
  warnings.warn(
/home/karimimonsefi.1/SSL_VAN/pretrain/training.py:79: UserWarning: Epoch 0/100 334/4500  loss: 6.214608746  time 0.84s
  warnings.warn(
/home/karimimonsefi.1/SSL_VAN/pretrain/training.py:79: UserWarning: Epoch 0/100 335/4500  loss: 6.214608745  time 0.72s
  warnings.warn(
/home/karimimonsefi.1/SSL_VAN/pretrain/training.py:79: UserWarning: Epoch 0/100 336/4500  loss: 6.214608743  time 0.81s
  warnings.warn(
/home/karimimonsefi.1/SSL_VAN/pretrain/training.py:79: UserWarning: Epoch 0/100 337/4500  loss: 6.214608741  time 0.81s
  warnings.warn(
/home/karimimonsefi.1/SSL_VAN/pretrain/training.py:79: UserWarning: Epoch 0/100 338/4500  loss: 6.214608739  time 0.82s
  warnings.warn(
/home/karimimonsefi.1/SSL_VAN/pretrain/training.py:79: UserWarning: Epoch 0/100 339/4500  loss: 6.214608738  time 0.84s
  warnings.warn(
/home/karimimonsefi.1/SSL_VAN/pretrain/training.py:79: UserWarning: Epoch 0/100 340/4500  loss: 6.214608736  time 0.91s
  warnings.warn(
/home/karimimonsefi.1/SSL_VAN/pretrain/training.py:79: UserWarning: Epoch 0/100 341/4500  loss: 6.214608734  time 0.83s
  warnings.warn(
/home/karimimonsefi.1/SSL_VAN/pretrain/training.py:79: UserWarning: Epoch 0/100 342/4500  loss: 6.214608732  time 0.85s
  warnings.warn(
/home/karimimonsefi.1/SSL_VAN/pretrain/training.py:79: UserWarning: Epoch 0/100 343/4500  loss: 6.214608730  time 0.93s
  warnings.warn(
/home/karimimonsefi.1/SSL_VAN/pretrain/training.py:79: UserWarning: Epoch 0/100 344/4500  loss: 6.214608729  time 0.90s
  warnings.warn(
/home/karimimonsefi.1/SSL_VAN/pretrain/training.py:79: UserWarning: Epoch 0/100 345/4500  loss: 6.214608727  time 0.98s
  warnings.warn(
/home/karimimonsefi.1/SSL_VAN/pretrain/training.py:79: UserWarning: Epoch 0/100 346/4500  loss: 6.214608725  time 0.92s
  warnings.warn(
/home/karimimonsefi.1/SSL_VAN/pretrain/training.py:79: UserWarning: Epoch 0/100 347/4500  loss: 6.214608724  time 0.82s
  warnings.warn(
/home/karimimonsefi.1/SSL_VAN/pretrain/training.py:79: UserWarning: Epoch 0/100 348/4500  loss: 6.214608722  time 0.90s
  warnings.warn(
/home/karimimonsefi.1/SSL_VAN/pretrain/training.py:79: UserWarning: Epoch 0/100 349/4500  loss: 6.214608720  time 0.98s
  warnings.warn(
/home/karimimonsefi.1/SSL_VAN/pretrain/training.py:79: UserWarning: Epoch 0/100 350/4500  loss: 6.214608718  time 0.76s
  warnings.warn(
/home/karimimonsefi.1/SSL_VAN/pretrain/training.py:79: UserWarning: Epoch 0/100 351/4500  loss: 6.214608717  time 0.75s
  warnings.warn(
/home/karimimonsefi.1/SSL_VAN/pretrain/training.py:79: UserWarning: Epoch 0/100 352/4500  loss: 6.214608715  time 0.89s
  warnings.warn(
/home/karimimonsefi.1/SSL_VAN/pretrain/training.py:79: UserWarning: Epoch 0/100 353/4500  loss: 6.214608714  time 0.88s
  warnings.warn(
/home/karimimonsefi.1/SSL_VAN/pretrain/training.py:79: UserWarning: Epoch 0/100 354/4500  loss: 6.214608712  time 0.94s
  warnings.warn(
/home/karimimonsefi.1/SSL_VAN/pretrain/training.py:79: UserWarning: Epoch 0/100 355/4500  loss: 6.214608710  time 0.85s
  warnings.warn(
/home/karimimonsefi.1/SSL_VAN/pretrain/training.py:79: UserWarning: Epoch 0/100 356/4500  loss: 6.214608709  time 0.85s
  warnings.warn(
/home/karimimonsefi.1/SSL_VAN/pretrain/training.py:79: UserWarning: Epoch 0/100 357/4500  loss: 6.214608707  time 0.94s
  warnings.warn(
/home/karimimonsefi.1/SSL_VAN/pretrain/training.py:79: UserWarning: Epoch 0/100 358/4500  loss: 6.214608705  time 0.95s
  warnings.warn(
/home/karimimonsefi.1/SSL_VAN/pretrain/training.py:79: UserWarning: Epoch 0/100 359/4500  loss: 6.214608704  time 0.82s
  warnings.warn(
/home/karimimonsefi.1/SSL_VAN/pretrain/training.py:79: UserWarning: Epoch 0/100 360/4500  loss: 6.214608702  time 0.90s
  warnings.warn(
/home/karimimonsefi.1/SSL_VAN/pretrain/training.py:79: UserWarning: Epoch 0/100 361/4500  loss: 6.214608701  time 0.86s
  warnings.warn(
/home/karimimonsefi.1/SSL_VAN/pretrain/training.py:79: UserWarning: Epoch 0/100 362/4500  loss: 6.214608699  time 0.91s
  warnings.warn(
/home/karimimonsefi.1/SSL_VAN/pretrain/training.py:79: UserWarning: Epoch 0/100 363/4500  loss: 6.214608697  time 0.79s
  warnings.warn(
/home/karimimonsefi.1/SSL_VAN/pretrain/training.py:79: UserWarning: Epoch 0/100 364/4500  loss: 6.214608696  time 0.91s
  warnings.warn(
/home/karimimonsefi.1/SSL_VAN/pretrain/training.py:79: UserWarning: Epoch 0/100 365/4500  loss: 6.214608694  time 0.82s
  warnings.warn(
/home/karimimonsefi.1/SSL_VAN/pretrain/training.py:79: UserWarning: Epoch 0/100 366/4500  loss: 6.214608693  time 0.75s
  warnings.warn(
/home/karimimonsefi.1/SSL_VAN/pretrain/training.py:79: UserWarning: Epoch 0/100 367/4500  loss: 6.214608691  time 0.75s
  warnings.warn(
/home/karimimonsefi.1/SSL_VAN/pretrain/training.py:79: UserWarning: Epoch 0/100 368/4500  loss: 6.214608690  time 0.80s
  warnings.warn(
/home/karimimonsefi.1/SSL_VAN/pretrain/training.py:79: UserWarning: Epoch 0/100 369/4500  loss: 6.214608688  time 0.88s
  warnings.warn(
/home/karimimonsefi.1/SSL_VAN/pretrain/training.py:79: UserWarning: Epoch 0/100 370/4500  loss: 6.214608687  time 0.83s
  warnings.warn(
/home/karimimonsefi.1/SSL_VAN/pretrain/training.py:79: UserWarning: Epoch 0/100 371/4500  loss: 6.214608685  time 0.91s
  warnings.warn(
/home/karimimonsefi.1/SSL_VAN/pretrain/training.py:79: UserWarning: Epoch 0/100 372/4500  loss: 6.214608683  time 0.85s
  warnings.warn(
/home/karimimonsefi.1/SSL_VAN/pretrain/training.py:79: UserWarning: Epoch 0/100 373/4500  loss: 6.214608682  time 1.01s
  warnings.warn(
/home/karimimonsefi.1/SSL_VAN/pretrain/training.py:79: UserWarning: Epoch 0/100 374/4500  loss: 6.214608680  time 0.97s
  warnings.warn(
/home/karimimonsefi.1/SSL_VAN/pretrain/training.py:79: UserWarning: Epoch 0/100 375/4500  loss: 6.214608679  time 0.83s
  warnings.warn(
/home/karimimonsefi.1/SSL_VAN/pretrain/training.py:79: UserWarning: Epoch 0/100 376/4500  loss: 6.214608678  time 0.86s
  warnings.warn(
/home/karimimonsefi.1/SSL_VAN/pretrain/training.py:79: UserWarning: Epoch 0/100 377/4500  loss: 6.214608676  time 0.81s
  warnings.warn(
/home/karimimonsefi.1/SSL_VAN/pretrain/training.py:79: UserWarning: Epoch 0/100 378/4500  loss: 6.214608675  time 0.83s
  warnings.warn(
/home/karimimonsefi.1/SSL_VAN/pretrain/training.py:79: UserWarning: Epoch 0/100 379/4500  loss: 6.214608673  time 0.86s
  warnings.warn(
/home/karimimonsefi.1/SSL_VAN/pretrain/training.py:79: UserWarning: Epoch 0/100 380/4500  loss: 6.214608672  time 0.86s
  warnings.warn(
/home/karimimonsefi.1/SSL_VAN/pretrain/training.py:79: UserWarning: Epoch 0/100 381/4500  loss: 6.214608670  time 0.93s
  warnings.warn(
/home/karimimonsefi.1/SSL_VAN/pretrain/training.py:79: UserWarning: Epoch 0/100 382/4500  loss: 6.214608669  time 0.93s
  warnings.warn(
/home/karimimonsefi.1/SSL_VAN/pretrain/training.py:79: UserWarning: Epoch 0/100 383/4500  loss: 6.214608668  time 0.90s
  warnings.warn(
/home/karimimonsefi.1/SSL_VAN/pretrain/training.py:79: UserWarning: Epoch 0/100 384/4500  loss: 6.214608666  time 0.91s
  warnings.warn(
/home/karimimonsefi.1/SSL_VAN/pretrain/training.py:79: UserWarning: Epoch 0/100 385/4500  loss: 6.214608665  time 0.95s
  warnings.warn(
/home/karimimonsefi.1/SSL_VAN/pretrain/training.py:79: UserWarning: Epoch 0/100 386/4500  loss: 6.214608663  time 0.85s
  warnings.warn(
/home/karimimonsefi.1/SSL_VAN/pretrain/training.py:79: UserWarning: Epoch 0/100 387/4500  loss: 6.214608662  time 1.02s
  warnings.warn(
/home/karimimonsefi.1/SSL_VAN/pretrain/training.py:79: UserWarning: Epoch 0/100 388/4500  loss: 6.214608661  time 1.04s
  warnings.warn(
/home/karimimonsefi.1/SSL_VAN/pretrain/training.py:79: UserWarning: Epoch 0/100 389/4500  loss: 6.214608659  time 0.85s
  warnings.warn(
/home/karimimonsefi.1/SSL_VAN/pretrain/training.py:79: UserWarning: Epoch 0/100 390/4500  loss: 6.214608658  time 0.86s
  warnings.warn(
/home/karimimonsefi.1/SSL_VAN/pretrain/training.py:79: UserWarning: Epoch 0/100 391/4500  loss: 6.214608657  time 0.85s
  warnings.warn(
/home/karimimonsefi.1/SSL_VAN/pretrain/training.py:79: UserWarning: Epoch 0/100 392/4500  loss: 6.214608655  time 0.95s
  warnings.warn(
/home/karimimonsefi.1/SSL_VAN/pretrain/training.py:79: UserWarning: Epoch 0/100 393/4500  loss: 6.214608654  time 0.88s
  warnings.warn(
/home/karimimonsefi.1/SSL_VAN/pretrain/training.py:79: UserWarning: Epoch 0/100 394/4500  loss: 6.214608653  time 1.03s
  warnings.warn(
/home/karimimonsefi.1/SSL_VAN/pretrain/training.py:79: UserWarning: Epoch 0/100 395/4500  loss: 6.214608651  time 0.95s
  warnings.warn(
/home/karimimonsefi.1/SSL_VAN/pretrain/training.py:79: UserWarning: Epoch 0/100 396/4500  loss: 6.214608650  time 0.95s
  warnings.warn(
/home/karimimonsefi.1/SSL_VAN/pretrain/training.py:79: UserWarning: Epoch 0/100 397/4500  loss: 6.214608649  time 0.84s
  warnings.warn(
/home/karimimonsefi.1/SSL_VAN/pretrain/training.py:79: UserWarning: Epoch 0/100 398/4500  loss: 6.214608647  time 0.96s
  warnings.warn(
/home/karimimonsefi.1/SSL_VAN/pretrain/training.py:79: UserWarning: Epoch 0/100 399/4500  loss: 6.214608646  time 0.84s
  warnings.warn(
/home/karimimonsefi.1/SSL_VAN/pretrain/training.py:79: UserWarning: Epoch 0/100 400/4500  loss: 6.214608645  time 0.92s
  warnings.warn(
/home/karimimonsefi.1/SSL_VAN/pretrain/training.py:79: UserWarning: Epoch 0/100 401/4500  loss: 6.214608643  time 0.80s
  warnings.warn(
/home/karimimonsefi.1/SSL_VAN/pretrain/training.py:79: UserWarning: Epoch 0/100 402/4500  loss: 6.214608642  time 0.88s
  warnings.warn(
/home/karimimonsefi.1/SSL_VAN/pretrain/training.py:79: UserWarning: Epoch 0/100 403/4500  loss: 6.214608641  time 0.91s
  warnings.warn(
/home/karimimonsefi.1/SSL_VAN/pretrain/training.py:79: UserWarning: Epoch 0/100 404/4500  loss: 6.214608640  time 0.90s
  warnings.warn(
/home/karimimonsefi.1/SSL_VAN/pretrain/training.py:79: UserWarning: Epoch 0/100 405/4500  loss: 6.214608638  time 0.80s
  warnings.warn(
/home/karimimonsefi.1/SSL_VAN/pretrain/training.py:79: UserWarning: Epoch 0/100 406/4500  loss: 6.214608637  time 0.90s
  warnings.warn(
/home/karimimonsefi.1/SSL_VAN/pretrain/training.py:79: UserWarning: Epoch 0/100 407/4500  loss: 6.214608636  time 0.91s
  warnings.warn(
/home/karimimonsefi.1/SSL_VAN/pretrain/training.py:79: UserWarning: Epoch 0/100 408/4500  loss: 6.214608635  time 0.90s
  warnings.warn(
