/var/spool/slurmd/job63325/slurm_script: line 11: cd: SSL_VAN: No such file or directory

----------------------------------------------------------------------------
  cuda:
----------------------------------------------------------------------------
     Versions:
        cuda/10.2
        cuda/11.0
        cuda/11.2
        cuda/11.3
        cuda/11.4
        cuda/11.5
        cuda/11.6
        cuda/11.7
        cuda/11.8
        cuda/12.0

----------------------------------------------------------------------------
  For detailed information about a specific "cuda" package (including how to load the modules) use the module's full name.
  Note that names that have a trailing (E) are extensions provided by other modules.
  For example:

     $ module spider cuda/12.0
----------------------------------------------------------------------------

 


CommandNotFoundError: Your shell has not been properly configured to use 'conda activate'.
To initialize your shell, run

    $ conda init <SHELL_NAME>

Currently supported shells are:
  - bash
  - fish
  - tcsh
  - xonsh
  - zsh
  - powershell

See 'conda init --help' for more information and options.

IMPORTANT: You may need to close and restart your shell after running 'conda init'.


/home/karimimonsefi.1/miniconda3/lib/python3.9/site-packages/mmcv/__init__.py:20: UserWarning: On January 1, 2023, MMCV will release v2.0.0, in which it will remove components related to the training process and add a data transformation module. In addition, it will rename the package names mmcv to mmcv-lite and mmcv-full to mmcv. See https://github.com/open-mmlab/mmcv/blob/master/docs/en/compatibility.md for more details.
  warnings.warn(
/home/karimimonsefi.1/SSL_VAN/BTCV/main.py:128: UserWarning: 0 gpu 0
  warnings.warn(f"{args.rank} gpu {args.gpu}")
/home/karimimonsefi.1/SSL_VAN/BTCV/main.py:130: UserWarning: Batch size is: 1 epochs 1
  warnings.warn(f"Batch size is: {args.batch_size} epochs {args.max_epochs}")
/home/karimimonsefi.1/miniconda3/lib/python3.9/site-packages/monai/transforms/post/array.py:176: UserWarning: `to_onehot=True/False` is deprecated, please use `to_onehot=num_classes` instead.
  warnings.warn("`to_onehot=True/False` is deprecated, please use `to_onehot=num_classes` instead.")
/home/karimimonsefi.1/SSL_VAN/BTCV/main.py:164: UserWarning: Total parameters count 62187296
  warnings.warn(f"Total parameters count {pytorch_total_params}")
/home/karimimonsefi.1/SSL_VAN/BTCV/main.py:167: UserWarning: Total args.checkpoint True
  warnings.warn(f"Total args.checkpoint {args.checkpoint}")
/home/karimimonsefi.1/SSL_VAN/commons/util.py:6: UserWarning:  base_url is 64-128-256-512_3-4-6-3_8-8-4-4_vae_inferer_valid_loader_SwinUNETR48
  warnings.warn(f" base_url is {base_url}")
/home/karimimonsefi.1/SSL_VAN/commons/util.py:8: UserWarning:  output_url 1 is ./runs/BTCV_new/test_log/output_True_False
  warnings.warn(f" output_url 1 is {output_url}")
/home/karimimonsefi.1/SSL_VAN/commons/util.py:9: UserWarning:  exists 1 is True
  warnings.warn(f" exists 1 is {os.path.exists(output_url)}")
/home/karimimonsefi.1/SSL_VAN/commons/util.py:13: UserWarning:  output_url 2 is ./runs/BTCV_new/test_log/output_True_False/64-128-256-512_3-4-6-3_8-8-4-4_vae_inferer_valid_loader_SwinUNETR48
  warnings.warn(f" output_url 2 is {output_url}")
/home/karimimonsefi.1/SSL_VAN/commons/util.py:14: UserWarning:  exists 2 is True
  warnings.warn(f" exists 2 is {os.path.exists(output_url)}")
/home/karimimonsefi.1/SSL_VAN/commons/util.py:20: UserWarning:  Best url model is 64-128-256-512_3-4-6-3_8-8-4-4_vae_inferer_valid_loader_SwinUNETR48__best.pt, final model url is 64-128-256-512_3-4-6-3_8-8-4-4_vae_inferer_valid_loader_SwinUNETR48__final.pt
  warnings.warn(f" Best url model is {args.best_model_url}, final model url is {args.final_model_url}")
/home/karimimonsefi.1/SSL_VAN/BTCV/main.py:181: UserWarning: => loaded checkpoint 'True' (epoch 3761) (bestacc 0.8482568264007568)
  warnings.warn("=> loaded checkpoint '{}' (epoch {}) (bestacc {})".format(
input_list/dataset_BTCV_List.json
/home/karimimonsefi.1/SSL_VAN/BTCV/tester.py:37: UserWarning: image_name img0035.nii.gz
  warnings.warn("image_name {}".format(image_name))
/home/karimimonsefi.1/SSL_VAN/BTCV/tester.py:21: UserWarning: image shape(314, 314, 234)
  warnings.warn("image shape{}".format(image.shape))
/home/karimimonsefi.1/SSL_VAN/BTCV/tester.py:25: UserWarning: saved at ./runs/BTCV_new/test_log/output_True_False/64-128-256-512_3-4-6-3_8-8-4-4_vae_inferer_valid_loader_SwinUNETR48/img0035.nii.gz
  warnings.warn("saved at {}".format(url))
/home/karimimonsefi.1/SSL_VAN/BTCV/tester.py:70: UserWarning: acc [ 0.998  0.948  0.938  0.938  1.000  0.706  0.961  0.848  0.934  0.880
  0.777  0.674  0.735  0.661]
  warnings.warn("acc {}".format(np.nan_to_num(acc.cpu().numpy()[0], nan=1.0)))
/home/karimimonsefi.1/SSL_VAN/BTCV/tester.py:91: UserWarning: test 0/6,
 Dice_background: 0.9982972741127014,
 Dice_spleen: 0.9479693174362183,
 Dice_rkid: 0.9384785890579224,
 Dice_lkid: 0.9381319284439087,
 Dice_gall: 1.0,
 Dice_eso: 0.7061762809753418,
 Dice_liver: 0.9608877301216125,
 Dice_sto: 0.8476372957229614,
 Dice_aorta: 0.9341455698013306,
 Dice_IVC: 0.8804836273193359,
 Dice_veins: 0.776758074760437,
 Dice_pancreas: 0.6742589473724365,
 Dice_rad: 0.7353827357292175,
 Dice_lad: 0.6605769395828247
 time 10.98s
  warnings.warn("test {}/{},\n Dice_background: {},\n Dice_spleen: {},\n Dice_rkid: {},\n Dice_lkid: {},\n"
/home/karimimonsefi.1/SSL_VAN/BTCV/tester.py:100: UserWarning: Test 0/6  acc 0.8570846915245056  time 10.98s
  warnings.warn("Test {}/{}  acc {}  time {:.2f}s".format(idx, len(loader),
/home/karimimonsefi.1/SSL_VAN/BTCV/tester.py:37: UserWarning: image_name img0036.nii.gz
  warnings.warn("image_name {}".format(image_name))
/home/karimimonsefi.1/SSL_VAN/BTCV/tester.py:21: UserWarning: image shape(255, 255, 276)
  warnings.warn("image shape{}".format(image.shape))
/home/karimimonsefi.1/SSL_VAN/BTCV/tester.py:25: UserWarning: saved at ./runs/BTCV_new/test_log/output_True_False/64-128-256-512_3-4-6-3_8-8-4-4_vae_inferer_valid_loader_SwinUNETR48/img0036.nii.gz
  warnings.warn("saved at {}".format(url))
/home/karimimonsefi.1/SSL_VAN/BTCV/tester.py:70: UserWarning: acc [ 0.998  0.960  0.965  0.963  0.771  0.854  0.974  0.933  0.911  0.887
  0.707  0.739  0.725  0.687]
  warnings.warn("acc {}".format(np.nan_to_num(acc.cpu().numpy()[0], nan=1.0)))
/home/karimimonsefi.1/SSL_VAN/BTCV/tester.py:91: UserWarning: test 1/6,
 Dice_background: 0.9981406331062317,
 Dice_spleen: 0.953948974609375,
 Dice_rkid: 0.9518680572509766,
 Dice_lkid: 0.9506193399429321,
 Dice_gall: 0.8856613039970398,
 Dice_eso: 0.7800378799438477,
 Dice_liver: 0.9675883650779724,
 Dice_sto: 0.890310525894165,
 Dice_aorta: 0.9224405288696289,
 Dice_IVC: 0.8839772939682007,
 Dice_veins: 0.7417008876800537,
 Dice_pancreas: 0.7064151763916016,
 Dice_rad: 0.7302958965301514,
 Dice_lad: 0.6735442876815796
 time 5.20s
  warnings.warn("test {}/{},\n Dice_background: {},\n Dice_spleen: {},\n Dice_rkid: {},\n Dice_lkid: {},\n"
/home/karimimonsefi.1/SSL_VAN/BTCV/tester.py:100: UserWarning: Test 1/6  acc 0.8597534894943237  time 5.20s
  warnings.warn("Test {}/{}  acc {}  time {:.2f}s".format(idx, len(loader),
/home/karimimonsefi.1/SSL_VAN/BTCV/tester.py:37: UserWarning: image_name img0037.nii.gz
  warnings.warn("image_name {}".format(image_name))
/home/karimimonsefi.1/SSL_VAN/BTCV/tester.py:21: UserWarning: image shape(241, 241, 246)
  warnings.warn("image shape{}".format(image.shape))
/home/karimimonsefi.1/SSL_VAN/BTCV/tester.py:25: UserWarning: saved at ./runs/BTCV_new/test_log/output_True_False/64-128-256-512_3-4-6-3_8-8-4-4_vae_inferer_valid_loader_SwinUNETR48/img0037.nii.gz
  warnings.warn("saved at {}".format(url))
/home/karimimonsefi.1/SSL_VAN/BTCV/tester.py:70: UserWarning: acc [ 0.997  0.954  0.952  0.944  0.891  0.746  0.962  0.484  0.878  0.849
  0.736  0.840  0.716  0.670]
  warnings.warn("acc {}".format(np.nan_to_num(acc.cpu().numpy()[0], nan=1.0)))
/home/karimimonsefi.1/SSL_VAN/BTCV/tester.py:91: UserWarning: test 2/6,
 Dice_background: 0.9977245330810547,
 Dice_spleen: 0.9540244936943054,
 Dice_rkid: 0.9518725872039795,
 Dice_lkid: 0.9483683109283447,
 Dice_gall: 0.8874055743217468,
 Dice_eso: 0.7686242461204529,
 Dice_liver: 0.9657682776451111,
 Dice_sto: 0.7548124194145203,
 Dice_aorta: 0.9075813889503479,
 Dice_IVC: 0.8721656203269958,
 Dice_veins: 0.7398965954780579,
 Dice_pancreas: 0.7508876323699951,
 Dice_rad: 0.7254875302314758,
 Dice_lad: 0.6723384261131287
 time 3.99s
  warnings.warn("test {}/{},\n Dice_background: {},\n Dice_spleen: {},\n Dice_rkid: {},\n Dice_lkid: {},\n"
/home/karimimonsefi.1/SSL_VAN/BTCV/tester.py:100: UserWarning: Test 2/6  acc 0.8497827649116516  time 3.99s
  warnings.warn("Test {}/{}  acc {}  time {:.2f}s".format(idx, len(loader),
/home/karimimonsefi.1/SSL_VAN/BTCV/tester.py:37: UserWarning: image_name img0038.nii.gz
  warnings.warn("image_name {}".format(image_name))
/home/karimimonsefi.1/SSL_VAN/BTCV/tester.py:21: UserWarning: image shape(334, 334, 248)
  warnings.warn("image shape{}".format(image.shape))
/home/karimimonsefi.1/SSL_VAN/BTCV/tester.py:25: UserWarning: saved at ./runs/BTCV_new/test_log/output_True_False/64-128-256-512_3-4-6-3_8-8-4-4_vae_inferer_valid_loader_SwinUNETR48/img0038.nii.gz
  warnings.warn("saved at {}".format(url))
/home/karimimonsefi.1/SSL_VAN/BTCV/tester.py:70: UserWarning: acc [ 0.995  0.938  0.939  0.944  0.528  0.788  0.965  0.556  0.925  0.826
  0.811  0.747  0.682  0.507]
  warnings.warn("acc {}".format(np.nan_to_num(acc.cpu().numpy()[0], nan=1.0)))
/home/karimimonsefi.1/SSL_VAN/BTCV/tester.py:91: UserWarning: test 3/6,
 Dice_background: 0.997126042842865,
 Dice_spleen: 0.9499466419219971,
 Dice_rkid: 0.9487648010253906,
 Dice_lkid: 0.9473933577537537,
 Dice_gall: 0.7974615097045898,
 Dice_eso: 0.7735918760299683,
 Dice_liver: 0.9656532406806946,
 Dice_sto: 0.7050222158432007,
 Dice_aorta: 0.9118596315383911,
 Dice_IVC: 0.860640823841095,
 Dice_veins: 0.757662832736969,
 Dice_pancreas: 0.7499827146530151,
 Dice_rad: 0.7145007848739624,
 Dice_lad: 0.6310211420059204
 time 5.78s
  warnings.warn("test {}/{},\n Dice_background: {},\n Dice_spleen: {},\n Dice_rkid: {},\n Dice_lkid: {},\n"
/home/karimimonsefi.1/SSL_VAN/BTCV/tester.py:100: UserWarning: Test 3/6  acc 0.8364734053611755  time 5.78s
  warnings.warn("Test {}/{}  acc {}  time {:.2f}s".format(idx, len(loader),
/home/karimimonsefi.1/SSL_VAN/BTCV/tester.py:37: UserWarning: image_name img0039.nii.gz
  warnings.warn("image_name {}".format(image_name))
/home/karimimonsefi.1/SSL_VAN/BTCV/tester.py:21: UserWarning: image shape(333, 333, 224)
  warnings.warn("image shape{}".format(image.shape))
/home/karimimonsefi.1/SSL_VAN/BTCV/tester.py:25: UserWarning: saved at ./runs/BTCV_new/test_log/output_True_False/64-128-256-512_3-4-6-3_8-8-4-4_vae_inferer_valid_loader_SwinUNETR48/img0039.nii.gz
  warnings.warn("saved at {}".format(url))
/home/karimimonsefi.1/SSL_VAN/BTCV/tester.py:70: UserWarning: acc [ 0.998  0.948  0.931  0.925  0.814  0.759  0.950  0.889  0.919  0.837
  0.773  0.736  0.690  0.632]
  warnings.warn("acc {}".format(np.nan_to_num(acc.cpu().numpy()[0], nan=1.0)))
/home/karimimonsefi.1/SSL_VAN/BTCV/tester.py:91: UserWarning: test 4/6,
 Dice_background: 0.9973332285881042,
 Dice_spleen: 0.949517548084259,
 Dice_rkid: 0.9453096389770508,
 Dice_lkid: 0.9428946375846863,
 Dice_gall: 0.8008050918579102,
 Dice_eso: 0.7707304358482361,
 Dice_liver: 0.9624701738357544,
 Dice_sto: 0.7417970895767212,
 Dice_aorta: 0.9133361577987671,
 Dice_IVC: 0.8558508157730103,
 Dice_veins: 0.7608287930488586,
 Dice_pancreas: 0.7472195625305176,
 Dice_rad: 0.7095247507095337,
 Dice_lad: 0.6313144564628601
 time 4.65s
  warnings.warn("test {}/{},\n Dice_background: {},\n Dice_spleen: {},\n Dice_rkid: {},\n Dice_lkid: {},\n"
/home/karimimonsefi.1/SSL_VAN/BTCV/tester.py:100: UserWarning: Test 4/6  acc 0.8377809524536133  time 4.65s
  warnings.warn("Test {}/{}  acc {}  time {:.2f}s".format(idx, len(loader),
/home/karimimonsefi.1/SSL_VAN/BTCV/tester.py:37: UserWarning: image_name img0040.nii.gz
  warnings.warn("image_name {}".format(image_name))
/home/karimimonsefi.1/SSL_VAN/BTCV/tester.py:21: UserWarning: image shape(254, 254, 292)
  warnings.warn("image shape{}".format(image.shape))
/home/karimimonsefi.1/SSL_VAN/BTCV/tester.py:25: UserWarning: saved at ./runs/BTCV_new/test_log/output_True_False/64-128-256-512_3-4-6-3_8-8-4-4_vae_inferer_valid_loader_SwinUNETR48/img0040.nii.gz
  warnings.warn("saved at {}".format(url))
/home/karimimonsefi.1/SSL_VAN/BTCV/tester.py:70: UserWarning: acc [ 0.997  0.970  0.957  0.959  0.738  0.771  0.968  0.823  0.841  0.824
  0.822  0.828  0.668  0.798]
  warnings.warn("acc {}".format(np.nan_to_num(acc.cpu().numpy()[0], nan=1.0)))
/home/karimimonsefi.1/SSL_VAN/BTCV/tester.py:91: UserWarning: test 5/6,
 Dice_background: 0.9973434805870056,
 Dice_spleen: 0.9529147744178772,
 Dice_rkid: 0.947260320186615,
 Dice_lkid: 0.945622444152832,
 Dice_gall: 0.790264904499054,
 Dice_eso: 0.7708573341369629,
 Dice_liver: 0.9633908271789551,
 Dice_sto: 0.7552947998046875,
 Dice_aorta: 0.9013609290122986,
 Dice_IVC: 0.8505792021751404,
 Dice_veins: 0.7710098624229431,
 Dice_pancreas: 0.7606549263000488,
 Dice_rad: 0.7026441097259521,
 Dice_lad: 0.6590568423271179
 time 6.34s
  warnings.warn("test {}/{},\n Dice_background: {},\n Dice_spleen: {},\n Dice_rkid: {},\n Dice_lkid: {},\n"
/home/karimimonsefi.1/SSL_VAN/BTCV/tester.py:100: UserWarning: Test 5/6  acc 0.8405895829200745  time 6.34s
  warnings.warn("Test {}/{}  acc {}  time {:.2f}s".format(idx, len(loader),
/home/karimimonsefi.1/SSL_VAN/BTCV/tester.py:103: UserWarning: total time 6.16s
  warnings.warn("total time {:.2f}s".format(total_time / len(loader)))
/home/karimimonsefi.1/SSL_VAN/BTCV/tester.py:133: UserWarning: Final test acc: 0.8406  time 36.94s
  warnings.warn("Final test acc: {:.4f}  time {:.2f}s".format(test_avg_acc, time.time() - epoch_time))
