/var/spool/slurmd/job72509/slurm_script: line 11: cd: SSL_VAN: No such file or directory

----------------------------------------------------------------------------
  cuda:
----------------------------------------------------------------------------
     Versions:
        cuda/10.2
        cuda/11.0
        cuda/11.2
        cuda/11.3
        cuda/11.4
        cuda/11.5
        cuda/11.6
        cuda/11.7
        cuda/11.8
        cuda/12.0

----------------------------------------------------------------------------
  For detailed information about a specific "cuda" package (including how to load the modules) use the module's full name.
  Note that names that have a trailing (E) are extensions provided by other modules.
  For example:

     $ module spider cuda/12.0
----------------------------------------------------------------------------

 


CommandNotFoundError: Your shell has not been properly configured to use 'conda activate'.
To initialize your shell, run

    $ conda init <SHELL_NAME>

Currently supported shells are:
  - bash
  - fish
  - tcsh
  - xonsh
  - zsh
  - powershell

See 'conda init --help' for more information and options.

IMPORTANT: You may need to close and restart your shell after running 'conda init'.


/home/karimimonsefi.1/miniconda3/lib/python3.9/site-packages/mmcv/__init__.py:20: UserWarning: On January 1, 2023, MMCV will release v2.0.0, in which it will remove components related to the training process and add a data transformation module. In addition, it will rename the package names mmcv to mmcv-lite and mmcv-full to mmcv. See https://github.com/open-mmlab/mmcv/blob/master/docs/en/compatibility.md for more details.
  warnings.warn(
/home/karimimonsefi.1/SSL_VAN/MSD/main.py:135: UserWarning: Found total gpus 2
  warnings.warn("Found total gpus {}".format(args.ngpus_per_node))
/home/karimimonsefi.1/miniconda3/lib/python3.9/site-packages/mmcv/__init__.py:20: UserWarning: On January 1, 2023, MMCV will release v2.0.0, in which it will remove components related to the training process and add a data transformation module. In addition, it will rename the package names mmcv to mmcv-lite and mmcv-full to mmcv. See https://github.com/open-mmlab/mmcv/blob/master/docs/en/compatibility.md for more details.
  warnings.warn(
/home/karimimonsefi.1/miniconda3/lib/python3.9/site-packages/mmcv/__init__.py:20: UserWarning: On January 1, 2023, MMCV will release v2.0.0, in which it will remove components related to the training process and add a data transformation module. In addition, it will rename the package names mmcv to mmcv-lite and mmcv-full to mmcv. See https://github.com/open-mmlab/mmcv/blob/master/docs/en/compatibility.md for more details.
  warnings.warn(
/home/karimimonsefi.1/SSL_VAN/MSD/main.py:155: UserWarning: 0 gpu 0
  warnings.warn(f"{args.rank} gpu {args.gpu}")
/home/karimimonsefi.1/SSL_VAN/MSD/main.py:157: UserWarning: Batch size is: 1 epochs 1000 and task is Task08_HepaticVessel
  warnings.warn(f"Batch size is: {args.batch_size} epochs {args.max_epochs} and task is {args.task}")
/home/karimimonsefi.1/SSL_VAN/MSD/main.py:155: UserWarning: 1 gpu 1
  warnings.warn(f"{args.rank} gpu {args.gpu}")
/home/karimimonsefi.1/miniconda3/lib/python3.9/site-packages/monai/transforms/post/array.py:176: UserWarning: `to_onehot=True/False` is deprecated, please use `to_onehot=num_classes` instead.
  warnings.warn("`to_onehot=True/False` is deprecated, please use `to_onehot=num_classes` instead.")
/home/karimimonsefi.1/miniconda3/lib/python3.9/site-packages/monai/transforms/post/array.py:176: UserWarning: `to_onehot=True/False` is deprecated, please use `to_onehot=num_classes` instead.
  warnings.warn("`to_onehot=True/False` is deprecated, please use `to_onehot=num_classes` instead.")
/home/karimimonsefi.1/SSL_VAN/MSD/main.py:190: UserWarning: Total parameters count 74127530
  warnings.warn(f"Total parameters count {pytorch_total_params}")
/home/karimimonsefi.1/SSL_VAN/MSD/main.py:193: UserWarning: Total args.checkpoint True
  warnings.warn(f"Total args.checkpoint {args.checkpoint}")
/home/karimimonsefi.1/SSL_VAN/MSD/main.py:190: UserWarning: Total parameters count 74127530
  warnings.warn(f"Total parameters count {pytorch_total_params}")
/home/karimimonsefi.1/SSL_VAN/MSD/main.py:193: UserWarning: Total args.checkpoint True
  warnings.warn(f"Total args.checkpoint {args.checkpoint}")
/home/karimimonsefi.1/SSL_VAN/commons/util.py:6: UserWarning:  base_url is 64-128-256-512_3-4-6-3_8-8-4-4_vae_inferer_valid_loader_DiNTS_Search_Task08_HepaticVessel
  warnings.warn(f" base_url is {base_url}")
/home/karimimonsefi.1/SSL_VAN/commons/util.py:8: UserWarning:  output_url 1 is ./runs/MSD_new/test_log/output_False_False
  warnings.warn(f" output_url 1 is {output_url}")
/home/karimimonsefi.1/SSL_VAN/commons/util.py:6: UserWarning:  base_url is 64-128-256-512_3-4-6-3_8-8-4-4_vae_inferer_valid_loader_DiNTS_Search_Task08_HepaticVessel
  warnings.warn(f" base_url is {base_url}")
/home/karimimonsefi.1/SSL_VAN/commons/util.py:8: UserWarning:  output_url 1 is ./runs/MSD_new/test_log/output_False_False
  warnings.warn(f" output_url 1 is {output_url}")
/home/karimimonsefi.1/SSL_VAN/commons/util.py:9: UserWarning:  exists 1 is True
  warnings.warn(f" exists 1 is {os.path.exists(output_url)}")
/home/karimimonsefi.1/SSL_VAN/commons/util.py:13: UserWarning:  output_url 2 is ./runs/MSD_new/test_log/output_False_False/64-128-256-512_3-4-6-3_8-8-4-4_vae_inferer_valid_loader_DiNTS_Search_Task08_HepaticVessel
  warnings.warn(f" output_url 2 is {output_url}")
/home/karimimonsefi.1/SSL_VAN/commons/util.py:9: UserWarning:  exists 1 is True
  warnings.warn(f" exists 1 is {os.path.exists(output_url)}")
/home/karimimonsefi.1/SSL_VAN/commons/util.py:13: UserWarning:  output_url 2 is ./runs/MSD_new/test_log/output_False_False/64-128-256-512_3-4-6-3_8-8-4-4_vae_inferer_valid_loader_DiNTS_Search_Task08_HepaticVessel
  warnings.warn(f" output_url 2 is {output_url}")
/home/karimimonsefi.1/SSL_VAN/commons/util.py:14: UserWarning:  exists 2 is True
  warnings.warn(f" exists 2 is {os.path.exists(output_url)}")
/home/karimimonsefi.1/SSL_VAN/commons/util.py:20: UserWarning:  Best url model is 64-128-256-512_3-4-6-3_8-8-4-4_vae_inferer_valid_loader_DiNTS_Search_Task08_HepaticVessel__best.pt, final model url is 64-128-256-512_3-4-6-3_8-8-4-4_vae_inferer_valid_loader_DiNTS_Search_Task08_HepaticVessel__final.pt
  warnings.warn(f" Best url model is {args.best_model_url}, final model url is {args.final_model_url}")
/home/karimimonsefi.1/SSL_VAN/commons/util.py:14: UserWarning:  exists 2 is True
  warnings.warn(f" exists 2 is {os.path.exists(output_url)}")
/home/karimimonsefi.1/SSL_VAN/commons/util.py:20: UserWarning:  Best url model is 64-128-256-512_3-4-6-3_8-8-4-4_vae_inferer_valid_loader_DiNTS_Search_Task08_HepaticVessel__best.pt, final model url is 64-128-256-512_3-4-6-3_8-8-4-4_vae_inferer_valid_loader_DiNTS_Search_Task08_HepaticVessel__final.pt
  warnings.warn(f" Best url model is {args.best_model_url}, final model url is {args.final_model_url}")
/home/karimimonsefi.1/SSL_VAN/MSD/main.py:207: UserWarning: => loaded checkpoint 'True' (epoch 94) (bestacc 0.7015610337257385)
  warnings.warn("=> loaded checkpoint '{}' (epoch {}) (bestacc {})".format(
/home/karimimonsefi.1/SSL_VAN/MSD/main.py:207: UserWarning: => loaded checkpoint 'True' (epoch 94) (bestacc 0.7015610337257385)
  warnings.warn("=> loaded checkpoint '{}' (epoch {}) (bestacc {})".format(
/home/karimimonsefi.1/SSL_VAN/MSD/trainer.py:139: UserWarning: Writing Tensorboard logs to ./runs/MSD_new/test_log
  warnings.warn(f"Writing Tensorboard logs to {args.logdir}")
/home/karimimonsefi.1/SSL_VAN/MSD/trainer.py:147: UserWarning: 0  Sat Aug  5 05:15:08 2023  Epoch: 94
  warnings.warn(f"{args.rank}  {time.ctime()}  Epoch: {epoch}")
/home/karimimonsefi.1/SSL_VAN/MSD/trainer.py:147: UserWarning: 1  Sat Aug  5 05:15:08 2023  Epoch: 94
  warnings.warn(f"{args.rank}  {time.ctime()}  Epoch: {epoch}")
/home/karimimonsefi.1/SSL_VAN/MSD/trainer.py:29: UserWarning: input size torch.Size([6, 1, 96, 96, 96])
  warnings.warn("input size {}".format(data.shape))
/home/karimimonsefi.1/SSL_VAN/MSD/trainer.py:29: UserWarning: input size torch.Size([6, 1, 96, 96, 96])
  warnings.warn("input size {}".format(data.shape))
[W reducer.cpp:1298] Warning: find_unused_parameters=True was specified in DDP constructor, but did not find any unused parameters in the forward pass. This flag results in an extra traversal of the autograd graph every iteration,  which can adversely affect performance. If your model indeed never has any unused parameters in the forward pass, consider turning this flag off. Note that this warning may be a false positive if your model has flow control causing later iterations to have unused parameters. (function operator())
[W reducer.cpp:1298] Warning: find_unused_parameters=True was specified in DDP constructor, but did not find any unused parameters in the forward pass. This flag results in an extra traversal of the autograd graph every iteration,  which can adversely affect performance. If your model indeed never has any unused parameters in the forward pass, consider turning this flag off. Note that this warning may be a false positive if your model has flow control causing later iterations to have unused parameters. (function operator())
/home/karimimonsefi.1/SSL_VAN/MSD/trainer.py:51: UserWarning: Epoch 94/1000 0/121  loss: 0.9167  time 19.05s
  warnings.warn(
/home/karimimonsefi.1/SSL_VAN/MSD/trainer.py:51: UserWarning: Epoch 94/1000 1/121  loss: 0.9310  time 1.30s
  warnings.warn(
/home/karimimonsefi.1/SSL_VAN/MSD/trainer.py:51: UserWarning: Epoch 94/1000 2/121  loss: 0.9356  time 1.30s
  warnings.warn(
/home/karimimonsefi.1/SSL_VAN/MSD/trainer.py:51: UserWarning: Epoch 94/1000 3/121  loss: 0.9272  time 1.30s
  warnings.warn(
/home/karimimonsefi.1/SSL_VAN/MSD/trainer.py:51: UserWarning: Epoch 94/1000 4/121  loss: 0.9227  time 1.39s
  warnings.warn(
/home/karimimonsefi.1/SSL_VAN/MSD/trainer.py:51: UserWarning: Epoch 94/1000 5/121  loss: 0.9201  time 1.30s
  warnings.warn(
/home/karimimonsefi.1/SSL_VAN/MSD/trainer.py:51: UserWarning: Epoch 94/1000 6/121  loss: 0.9207  time 1.31s
  warnings.warn(
/home/karimimonsefi.1/SSL_VAN/MSD/trainer.py:51: UserWarning: Epoch 94/1000 7/121  loss: 0.9190  time 1.47s
  warnings.warn(
/home/karimimonsefi.1/SSL_VAN/MSD/trainer.py:51: UserWarning: Epoch 94/1000 8/121  loss: 0.9185  time 1.32s
  warnings.warn(
/home/karimimonsefi.1/SSL_VAN/MSD/trainer.py:51: UserWarning: Epoch 94/1000 9/121  loss: 0.9178  time 1.30s
  warnings.warn(
/home/karimimonsefi.1/SSL_VAN/MSD/trainer.py:51: UserWarning: Epoch 94/1000 10/121  loss: 0.9282  time 1.31s
  warnings.warn(
/home/karimimonsefi.1/SSL_VAN/MSD/trainer.py:51: UserWarning: Epoch 94/1000 11/121  loss: 0.9286  time 1.34s
  warnings.warn(
/home/karimimonsefi.1/SSL_VAN/MSD/trainer.py:51: UserWarning: Epoch 94/1000 12/121  loss: 0.9289  time 1.34s
  warnings.warn(
/home/karimimonsefi.1/SSL_VAN/MSD/trainer.py:51: UserWarning: Epoch 94/1000 13/121  loss: 0.9284  time 1.31s
  warnings.warn(
/home/karimimonsefi.1/SSL_VAN/MSD/trainer.py:51: UserWarning: Epoch 94/1000 14/121  loss: 0.9318  time 1.31s
  warnings.warn(
/home/karimimonsefi.1/SSL_VAN/MSD/trainer.py:51: UserWarning: Epoch 94/1000 15/121  loss: 0.9315  time 1.33s
  warnings.warn(
/home/karimimonsefi.1/SSL_VAN/MSD/trainer.py:51: UserWarning: Epoch 94/1000 16/121  loss: 0.9321  time 1.31s
  warnings.warn(
/home/karimimonsefi.1/SSL_VAN/MSD/trainer.py:51: UserWarning: Epoch 94/1000 17/121  loss: 0.9308  time 1.31s
  warnings.warn(
/home/karimimonsefi.1/SSL_VAN/MSD/trainer.py:51: UserWarning: Epoch 94/1000 18/121  loss: 0.9309  time 1.30s
  warnings.warn(
/home/karimimonsefi.1/SSL_VAN/MSD/trainer.py:51: UserWarning: Epoch 94/1000 19/121  loss: 0.9305  time 1.32s
  warnings.warn(
/home/karimimonsefi.1/SSL_VAN/MSD/trainer.py:51: UserWarning: Epoch 94/1000 20/121  loss: 0.9302  time 1.31s
  warnings.warn(
/home/karimimonsefi.1/SSL_VAN/MSD/trainer.py:51: UserWarning: Epoch 94/1000 21/121  loss: 0.9284  time 1.31s
  warnings.warn(
/home/karimimonsefi.1/SSL_VAN/MSD/trainer.py:51: UserWarning: Epoch 94/1000 22/121  loss: 0.9281  time 1.31s
  warnings.warn(
/home/karimimonsefi.1/SSL_VAN/MSD/trainer.py:51: UserWarning: Epoch 94/1000 23/121  loss: 0.9272  time 1.31s
  warnings.warn(
/home/karimimonsefi.1/SSL_VAN/MSD/trainer.py:51: UserWarning: Epoch 94/1000 24/121  loss: 0.9269  time 1.32s
  warnings.warn(
/home/karimimonsefi.1/SSL_VAN/MSD/trainer.py:51: UserWarning: Epoch 94/1000 25/121  loss: 0.9263  time 1.32s
  warnings.warn(
/home/karimimonsefi.1/SSL_VAN/MSD/trainer.py:51: UserWarning: Epoch 94/1000 26/121  loss: 0.9265  time 1.31s
  warnings.warn(
/home/karimimonsefi.1/SSL_VAN/MSD/trainer.py:51: UserWarning: Epoch 94/1000 27/121  loss: 0.9268  time 1.31s
  warnings.warn(
/home/karimimonsefi.1/SSL_VAN/MSD/trainer.py:51: UserWarning: Epoch 94/1000 28/121  loss: 0.9333  time 1.31s
  warnings.warn(
/home/karimimonsefi.1/SSL_VAN/MSD/trainer.py:51: UserWarning: Epoch 94/1000 29/121  loss: 0.9329  time 1.31s
  warnings.warn(
/home/karimimonsefi.1/SSL_VAN/MSD/trainer.py:51: UserWarning: Epoch 94/1000 30/121  loss: 0.9320  time 1.31s
  warnings.warn(
/home/karimimonsefi.1/SSL_VAN/MSD/trainer.py:51: UserWarning: Epoch 94/1000 31/121  loss: 0.9318  time 1.31s
  warnings.warn(
/home/karimimonsefi.1/SSL_VAN/MSD/trainer.py:51: UserWarning: Epoch 94/1000 32/121  loss: 0.9314  time 1.31s
  warnings.warn(
/home/karimimonsefi.1/SSL_VAN/MSD/trainer.py:51: UserWarning: Epoch 94/1000 33/121  loss: 0.9309  time 1.32s
  warnings.warn(
/home/karimimonsefi.1/SSL_VAN/MSD/trainer.py:51: UserWarning: Epoch 94/1000 34/121  loss: 0.9316  time 1.31s
  warnings.warn(
/home/karimimonsefi.1/SSL_VAN/MSD/trainer.py:51: UserWarning: Epoch 94/1000 35/121  loss: 0.9312  time 1.32s
  warnings.warn(
/home/karimimonsefi.1/SSL_VAN/MSD/trainer.py:51: UserWarning: Epoch 94/1000 36/121  loss: 0.9311  time 1.32s
  warnings.warn(
/home/karimimonsefi.1/SSL_VAN/MSD/trainer.py:51: UserWarning: Epoch 94/1000 37/121  loss: 0.9310  time 1.32s
  warnings.warn(
/home/karimimonsefi.1/SSL_VAN/MSD/trainer.py:51: UserWarning: Epoch 94/1000 38/121  loss: 0.9309  time 1.32s
  warnings.warn(
/home/karimimonsefi.1/SSL_VAN/MSD/trainer.py:51: UserWarning: Epoch 94/1000 39/121  loss: 0.9308  time 1.32s
  warnings.warn(
/home/karimimonsefi.1/SSL_VAN/MSD/trainer.py:51: UserWarning: Epoch 94/1000 40/121  loss: 0.9303  time 1.32s
  warnings.warn(
/home/karimimonsefi.1/SSL_VAN/MSD/trainer.py:51: UserWarning: Epoch 94/1000 41/121  loss: 0.9306  time 1.31s
  warnings.warn(
/home/karimimonsefi.1/SSL_VAN/MSD/trainer.py:51: UserWarning: Epoch 94/1000 42/121  loss: 0.9313  time 1.32s
  warnings.warn(
/home/karimimonsefi.1/SSL_VAN/MSD/trainer.py:51: UserWarning: Epoch 94/1000 43/121  loss: 0.9310  time 1.31s
  warnings.warn(
/home/karimimonsefi.1/SSL_VAN/MSD/trainer.py:51: UserWarning: Epoch 94/1000 44/121  loss: 0.9308  time 1.31s
  warnings.warn(
/home/karimimonsefi.1/SSL_VAN/MSD/trainer.py:51: UserWarning: Epoch 94/1000 45/121  loss: 0.9328  time 1.32s
  warnings.warn(
/home/karimimonsefi.1/SSL_VAN/MSD/trainer.py:51: UserWarning: Epoch 94/1000 46/121  loss: 0.9326  time 1.31s
  warnings.warn(
/home/karimimonsefi.1/SSL_VAN/MSD/trainer.py:51: UserWarning: Epoch 94/1000 47/121  loss: 0.9331  time 1.31s
  warnings.warn(
/home/karimimonsefi.1/SSL_VAN/MSD/trainer.py:51: UserWarning: Epoch 94/1000 48/121  loss: 0.9327  time 1.32s
  warnings.warn(
/home/karimimonsefi.1/SSL_VAN/MSD/trainer.py:51: UserWarning: Epoch 94/1000 49/121  loss: 0.9324  time 1.32s
  warnings.warn(
/home/karimimonsefi.1/SSL_VAN/MSD/trainer.py:51: UserWarning: Epoch 94/1000 50/121  loss: 0.9322  time 1.31s
  warnings.warn(
/home/karimimonsefi.1/SSL_VAN/MSD/trainer.py:51: UserWarning: Epoch 94/1000 51/121  loss: 0.9324  time 1.34s
  warnings.warn(
/home/karimimonsefi.1/SSL_VAN/MSD/trainer.py:51: UserWarning: Epoch 94/1000 52/121  loss: 0.9324  time 1.33s
  warnings.warn(
/home/karimimonsefi.1/SSL_VAN/MSD/trainer.py:51: UserWarning: Epoch 94/1000 53/121  loss: 0.9322  time 1.32s
  warnings.warn(
/home/karimimonsefi.1/SSL_VAN/MSD/trainer.py:51: UserWarning: Epoch 94/1000 54/121  loss: 0.9321  time 1.32s
  warnings.warn(
/home/karimimonsefi.1/SSL_VAN/MSD/trainer.py:51: UserWarning: Epoch 94/1000 55/121  loss: 0.9317  time 1.31s
  warnings.warn(
/home/karimimonsefi.1/SSL_VAN/MSD/trainer.py:51: UserWarning: Epoch 94/1000 56/121  loss: 0.9322  time 1.33s
  warnings.warn(
/home/karimimonsefi.1/SSL_VAN/MSD/trainer.py:51: UserWarning: Epoch 94/1000 57/121  loss: 0.9321  time 1.32s
  warnings.warn(
/home/karimimonsefi.1/SSL_VAN/MSD/trainer.py:51: UserWarning: Epoch 94/1000 58/121  loss: 0.9319  time 1.32s
  warnings.warn(
