
----------------------------------------------------------------------------
  cuda:
----------------------------------------------------------------------------
     Versions:
        cuda/10.2
        cuda/11.0
        cuda/11.2
        cuda/11.3
        cuda/11.4
        cuda/11.5
        cuda/11.6
        cuda/11.7
        cuda/11.8
        cuda/12.0

----------------------------------------------------------------------------
  For detailed information about a specific "cuda" package (including how to load the modules) use the module's full name.
  Note that names that have a trailing (E) are extensions provided by other modules.
  For example:

     $ module spider cuda/12.0
----------------------------------------------------------------------------

 


CommandNotFoundError: Your shell has not been properly configured to use 'conda activate'.
To initialize your shell, run

    $ conda init <SHELL_NAME>

Currently supported shells are:
  - bash
  - fish
  - tcsh
  - xonsh
  - zsh
  - powershell

See 'conda init --help' for more information and options.

IMPORTANT: You may need to close and restart your shell after running 'conda init'.


/home/karimimonsefi.1/miniconda3/lib/python3.9/site-packages/mmcv/__init__.py:20: UserWarning: On January 1, 2023, MMCV will release v2.0.0, in which it will remove components related to the training process and add a data transformation module. In addition, it will rename the package names mmcv to mmcv-lite and mmcv-full to mmcv. See https://github.com/open-mmlab/mmcv/blob/master/docs/en/compatibility.md for more details.
  warnings.warn(
/home/karimimonsefi.1/SSL_VAN/pretrain/main.py:140: UserWarning: 0 gpu 0
  warnings.warn(f"{args.rank} gpu {args.gpu}")
/home/karimimonsefi.1/SSL_VAN/pretrain/main.py:142: UserWarning: Batch size is: 1 epochs 100
  warnings.warn(f"Batch size is: {args.batch_size} epochs {args.max_epochs}")
/home/karimimonsefi.1/SSL_VAN/commons/model_factory.py:345: UserWarning: embed_dims factory = [96, 192, 384, 768]
  warnings.warn(f'embed_dims factory = {args.embed_dims}')
/home/karimimonsefi.1/SSL_VAN/pretrain/main.py:150: UserWarning: Total parameters count 129913227
  warnings.warn(f"Total parameters count {pytorch_total_params}")
/home/karimimonsefi.1/SSL_VAN/pretrain/main.py:153: UserWarning: Total args.checkpoint True
  warnings.warn(f"Total args.checkpoint {args.checkpoint}")
/home/karimimonsefi.1/SSL_VAN/pretrain/main.py:164: UserWarning:  Best url model is pre_train_96-192-384-768_3-3-24-3_8-8-4-4_vae_inferer_valid_loader_PREVANV412_80_500_128_True_5_pre_version2__best.pt, final model url is pre_train_96-192-384-768_3-3-24-3_8-8-4-4_vae_inferer_valid_loader_PREVANV412_80_500_128_True_5_pre_version2__final.pt
  warnings.warn(f" Best url model is {args.best_model_url}, final model url is {args.final_model_url}")
/home/karimimonsefi.1/SSL_VAN/pretrain/main.py:173: UserWarning: => loaded checkpoint 'True' (epoch 0) (best_loss 2.239145173920193)
  warnings.warn("=> loaded checkpoint '{}' (epoch {}) (best_loss {})".format(
/home/karimimonsefi.1/SSL_VAN/pretrain/training_2.py:124: UserWarning: Writing Tensorboard logs to ./runs/pre_train_1/test_log
  warnings.warn(f"Writing Tensorboard logs to {args.logdir}")
/home/karimimonsefi.1/SSL_VAN/pretrain/training_2.py:134: UserWarning: 0  Tue Jul 25 00:52:20 2023  Epoch: 0
  warnings.warn(f"{args.rank}  {time.ctime()}  Epoch: {epoch}")
Dataset 1 LUNA16: OK number of data: 842
Dataset 2 Covid 19: OK number of data: 722
Dataset 3 HNSCC: OK number of data: 954
Dataset 4 TCIA Colon: OK number of data: 1532
Dataset 5 TCIA LIDC: OK number of data: 450
Dataset all training: number of data: 4500
loader is ready
/home/karimimonsefi.1/SSL_VAN/pretrain/training_2.py:76: UserWarning: Epoch 0/100 0/4500  loss: 1.984282485  time 42.10s
  warnings.warn(
/home/karimimonsefi.1/SSL_VAN/pretrain/training_2.py:76: UserWarning: Epoch 0/100 1/4500  loss: 2.842780472  time 2.82s
  warnings.warn(
/home/karimimonsefi.1/SSL_VAN/pretrain/training_2.py:76: UserWarning: Epoch 0/100 2/4500  loss: 2.867908140  time 2.29s
  warnings.warn(
/home/karimimonsefi.1/SSL_VAN/pretrain/training_2.py:76: UserWarning: Epoch 0/100 3/4500  loss: 2.630034939  time 2.11s
  warnings.warn(
/home/karimimonsefi.1/SSL_VAN/pretrain/training_2.py:76: UserWarning: Epoch 0/100 4/4500  loss: 2.580300362  time 2.21s
  warnings.warn(
/home/karimimonsefi.1/SSL_VAN/pretrain/training_2.py:76: UserWarning: Epoch 0/100 5/4500  loss: 2.173672833  time 2.18s
  warnings.warn(
/home/karimimonsefi.1/SSL_VAN/pretrain/training_2.py:76: UserWarning: Epoch 0/100 6/4500  loss: 1.885758793  time 2.17s
  warnings.warn(
/home/karimimonsefi.1/SSL_VAN/pretrain/training_2.py:76: UserWarning: Epoch 0/100 7/4500  loss: 1.921245988  time 2.20s
  warnings.warn(
/home/karimimonsefi.1/SSL_VAN/pretrain/training_2.py:76: UserWarning: Epoch 0/100 8/4500  loss: 1.934315618  time 2.22s
  warnings.warn(
/home/karimimonsefi.1/SSL_VAN/pretrain/training_2.py:76: UserWarning: Epoch 0/100 9/4500  loss: 1.880816105  time 2.15s
  warnings.warn(
/home/karimimonsefi.1/SSL_VAN/pretrain/training_2.py:76: UserWarning: Epoch 0/100 10/4500  loss: 2.019196502  time 2.06s
  warnings.warn(
/home/karimimonsefi.1/SSL_VAN/pretrain/training_2.py:76: UserWarning: Epoch 0/100 11/4500  loss: 2.236845352  time 2.13s
  warnings.warn(
/home/karimimonsefi.1/SSL_VAN/pretrain/training_2.py:76: UserWarning: Epoch 0/100 12/4500  loss: 2.282407585  time 2.15s
  warnings.warn(
/home/karimimonsefi.1/SSL_VAN/pretrain/training_2.py:76: UserWarning: Epoch 0/100 13/4500  loss: 2.120028814  time 2.12s
  warnings.warn(
/home/karimimonsefi.1/SSL_VAN/pretrain/training_2.py:76: UserWarning: Epoch 0/100 14/4500  loss: 2.029862589  time 2.08s
  warnings.warn(
/home/karimimonsefi.1/SSL_VAN/pretrain/training_2.py:76: UserWarning: Epoch 0/100 15/4500  loss: 2.061077662  time 2.22s
  warnings.warn(
/home/karimimonsefi.1/SSL_VAN/pretrain/training_2.py:76: UserWarning: Epoch 0/100 16/4500  loss: 2.105836705  time 2.14s
  warnings.warn(
/home/karimimonsefi.1/SSL_VAN/pretrain/training_2.py:76: UserWarning: Epoch 0/100 17/4500  loss: 2.119745441  time 2.05s
  warnings.warn(
/home/karimimonsefi.1/SSL_VAN/pretrain/training_2.py:76: UserWarning: Epoch 0/100 18/4500  loss: 2.096199842  time 2.08s
  warnings.warn(
/home/karimimonsefi.1/SSL_VAN/pretrain/training_2.py:76: UserWarning: Epoch 0/100 19/4500  loss: 2.111667807  time 2.18s
  warnings.warn(
/home/karimimonsefi.1/SSL_VAN/pretrain/training_2.py:76: UserWarning: Epoch 0/100 20/4500  loss: 2.067740592  time 2.20s
  warnings.warn(
/home/karimimonsefi.1/SSL_VAN/pretrain/training_2.py:76: UserWarning: Epoch 0/100 21/4500  loss: 2.152027863  time 2.19s
  warnings.warn(
/home/karimimonsefi.1/SSL_VAN/pretrain/training_2.py:76: UserWarning: Epoch 0/100 22/4500  loss: 2.078227927  time 2.13s
  warnings.warn(
/home/karimimonsefi.1/SSL_VAN/pretrain/training_2.py:76: UserWarning: Epoch 0/100 23/4500  loss: 2.064766726  time 2.17s
  warnings.warn(
/home/karimimonsefi.1/SSL_VAN/pretrain/training_2.py:76: UserWarning: Epoch 0/100 24/4500  loss: 2.083529260  time 2.10s
  warnings.warn(
/home/karimimonsefi.1/SSL_VAN/pretrain/training_2.py:76: UserWarning: Epoch 0/100 25/4500  loss: 2.087505079  time 2.09s
  warnings.warn(
/home/karimimonsefi.1/SSL_VAN/pretrain/training_2.py:76: UserWarning: Epoch 0/100 26/4500  loss: 2.061689704  time 2.08s
  warnings.warn(
/home/karimimonsefi.1/SSL_VAN/pretrain/training_2.py:76: UserWarning: Epoch 0/100 27/4500  loss: 2.093867738  time 2.22s
  warnings.warn(
/home/karimimonsefi.1/SSL_VAN/pretrain/training_2.py:76: UserWarning: Epoch 0/100 28/4500  loss: 2.079818355  time 2.15s
  warnings.warn(
/home/karimimonsefi.1/SSL_VAN/pretrain/training_2.py:76: UserWarning: Epoch 0/100 29/4500  loss: 2.041777291  time 2.07s
  warnings.warn(
/home/karimimonsefi.1/SSL_VAN/pretrain/training_2.py:76: UserWarning: Epoch 0/100 30/4500  loss: 1.976257382  time 2.17s
  warnings.warn(
/home/karimimonsefi.1/SSL_VAN/pretrain/training_2.py:76: UserWarning: Epoch 0/100 31/4500  loss: 2.041559071  time 2.17s
  warnings.warn(
/home/karimimonsefi.1/SSL_VAN/pretrain/training_2.py:76: UserWarning: Epoch 0/100 32/4500  loss: 2.030030408  time 2.23s
  warnings.warn(
/home/karimimonsefi.1/SSL_VAN/pretrain/training_2.py:76: UserWarning: Epoch 0/100 33/4500  loss: 2.037941990  time 2.12s
  warnings.warn(
/home/karimimonsefi.1/SSL_VAN/pretrain/training_2.py:76: UserWarning: Epoch 0/100 34/4500  loss: 1.995339870  time 2.16s
  warnings.warn(
/home/karimimonsefi.1/SSL_VAN/pretrain/training_2.py:76: UserWarning: Epoch 0/100 35/4500  loss: 2.057690505  time 2.15s
  warnings.warn(
/home/karimimonsefi.1/SSL_VAN/pretrain/training_2.py:76: UserWarning: Epoch 0/100 36/4500  loss: 2.113999336  time 2.16s
  warnings.warn(
/home/karimimonsefi.1/SSL_VAN/pretrain/training_2.py:76: UserWarning: Epoch 0/100 37/4500  loss: 2.152474633  time 2.33s
  warnings.warn(
/home/karimimonsefi.1/SSL_VAN/pretrain/training_2.py:76: UserWarning: Epoch 0/100 38/4500  loss: 2.213558964  time 2.09s
  warnings.warn(
/home/karimimonsefi.1/SSL_VAN/pretrain/training_2.py:76: UserWarning: Epoch 0/100 39/4500  loss: 2.165825328  time 2.21s
  warnings.warn(
/home/karimimonsefi.1/SSL_VAN/pretrain/training_2.py:76: UserWarning: Epoch 0/100 40/4500  loss: 2.140593801  time 2.23s
  warnings.warn(
/home/karimimonsefi.1/SSL_VAN/pretrain/training_2.py:76: UserWarning: Epoch 0/100 41/4500  loss: 2.154767751  time 2.19s
  warnings.warn(
/home/karimimonsefi.1/SSL_VAN/pretrain/training_2.py:76: UserWarning: Epoch 0/100 42/4500  loss: 2.154223352  time 2.31s
  warnings.warn(
/home/karimimonsefi.1/SSL_VAN/pretrain/training_2.py:76: UserWarning: Epoch 0/100 43/4500  loss: 2.110280154  time 2.32s
  warnings.warn(
/home/karimimonsefi.1/SSL_VAN/pretrain/training_2.py:76: UserWarning: Epoch 0/100 44/4500  loss: 2.139044838  time 2.16s
  warnings.warn(
/home/karimimonsefi.1/SSL_VAN/pretrain/training_2.py:76: UserWarning: Epoch 0/100 45/4500  loss: 2.151532071  time 2.26s
  warnings.warn(
/home/karimimonsefi.1/SSL_VAN/pretrain/training_2.py:76: UserWarning: Epoch 0/100 46/4500  loss: 2.106100914  time 2.10s
  warnings.warn(
/home/karimimonsefi.1/SSL_VAN/pretrain/training_2.py:76: UserWarning: Epoch 0/100 47/4500  loss: 2.092926126  time 2.32s
  warnings.warn(
/home/karimimonsefi.1/SSL_VAN/pretrain/training_2.py:76: UserWarning: Epoch 0/100 48/4500  loss: 2.097009573  time 2.24s
  warnings.warn(
/home/karimimonsefi.1/SSL_VAN/pretrain/training_2.py:76: UserWarning: Epoch 0/100 49/4500  loss: 2.103910365  time 2.38s
  warnings.warn(
/home/karimimonsefi.1/SSL_VAN/pretrain/training_2.py:76: UserWarning: Epoch 0/100 50/4500  loss: 2.106357102  time 2.29s
  warnings.warn(
/home/karimimonsefi.1/SSL_VAN/pretrain/training_2.py:76: UserWarning: Epoch 0/100 51/4500  loss: 2.123182543  time 2.15s
  warnings.warn(
/home/karimimonsefi.1/SSL_VAN/pretrain/training_2.py:76: UserWarning: Epoch 0/100 52/4500  loss: 2.134640067  time 2.25s
  warnings.warn(
/home/karimimonsefi.1/SSL_VAN/pretrain/training_2.py:76: UserWarning: Epoch 0/100 53/4500  loss: 2.164579114  time 2.08s
  warnings.warn(
/home/karimimonsefi.1/SSL_VAN/pretrain/training_2.py:76: UserWarning: Epoch 0/100 54/4500  loss: 2.135441744  time 2.11s
  warnings.warn(
/home/karimimonsefi.1/SSL_VAN/pretrain/training_2.py:76: UserWarning: Epoch 0/100 55/4500  loss: 2.097924225  time 2.05s
  warnings.warn(
/home/karimimonsefi.1/SSL_VAN/pretrain/training_2.py:76: UserWarning: Epoch 0/100 56/4500  loss: 2.099506158  time 2.19s
  warnings.warn(
/home/karimimonsefi.1/SSL_VAN/pretrain/training_2.py:76: UserWarning: Epoch 0/100 57/4500  loss: 2.068140541  time 2.34s
  warnings.warn(
/home/karimimonsefi.1/SSL_VAN/pretrain/training_2.py:76: UserWarning: Epoch 0/100 58/4500  loss: 2.034301017  time 2.30s
  warnings.warn(
/home/karimimonsefi.1/SSL_VAN/pretrain/training_2.py:76: UserWarning: Epoch 0/100 59/4500  loss: 2.020416109  time 2.17s
  warnings.warn(
/home/karimimonsefi.1/SSL_VAN/pretrain/training_2.py:76: UserWarning: Epoch 0/100 60/4500  loss: 2.068069153  time 2.11s
  warnings.warn(
/home/karimimonsefi.1/SSL_VAN/pretrain/training_2.py:76: UserWarning: Epoch 0/100 61/4500  loss: 2.035476617  time 2.13s
  warnings.warn(
/home/karimimonsefi.1/SSL_VAN/pretrain/training_2.py:76: UserWarning: Epoch 0/100 62/4500  loss: 2.034451995  time 2.10s
  warnings.warn(
/home/karimimonsefi.1/SSL_VAN/pretrain/training_2.py:76: UserWarning: Epoch 0/100 63/4500  loss: 2.003684575  time 2.35s
  warnings.warn(
/home/karimimonsefi.1/SSL_VAN/pretrain/training_2.py:76: UserWarning: Epoch 0/100 64/4500  loss: 2.037365226  time 2.12s
  warnings.warn(
/home/karimimonsefi.1/SSL_VAN/pretrain/training_2.py:76: UserWarning: Epoch 0/100 65/4500  loss: 2.068770807  time 2.17s
  warnings.warn(
/home/karimimonsefi.1/SSL_VAN/pretrain/training_2.py:76: UserWarning: Epoch 0/100 66/4500  loss: 2.098585566  time 2.38s
  warnings.warn(
/home/karimimonsefi.1/SSL_VAN/pretrain/training_2.py:76: UserWarning: Epoch 0/100 67/4500  loss: 2.126685718  time 2.14s
  warnings.warn(
/home/karimimonsefi.1/SSL_VAN/pretrain/training_2.py:76: UserWarning: Epoch 0/100 68/4500  loss: 2.138170090  time 2.11s
  warnings.warn(
/home/karimimonsefi.1/SSL_VAN/pretrain/training_2.py:76: UserWarning: Epoch 0/100 69/4500  loss: 2.139842043  time 2.12s
  warnings.warn(
/home/karimimonsefi.1/SSL_VAN/pretrain/training_2.py:76: UserWarning: Epoch 0/100 70/4500  loss: 2.132849351  time 2.06s
  warnings.warn(
/home/karimimonsefi.1/SSL_VAN/pretrain/training_2.py:76: UserWarning: Epoch 0/100 71/4500  loss: 2.133152896  time 2.23s
  warnings.warn(
/home/karimimonsefi.1/SSL_VAN/pretrain/training_2.py:76: UserWarning: Epoch 0/100 72/4500  loss: 2.129879079  time 2.19s
  warnings.warn(
/home/karimimonsefi.1/SSL_VAN/pretrain/training_2.py:76: UserWarning: Epoch 0/100 73/4500  loss: 2.110678225  time 2.10s
  warnings.warn(
/home/karimimonsefi.1/SSL_VAN/pretrain/training_2.py:76: UserWarning: Epoch 0/100 74/4500  loss: 2.105044224  time 2.16s
  warnings.warn(
/home/karimimonsefi.1/SSL_VAN/pretrain/training_2.py:76: UserWarning: Epoch 0/100 75/4500  loss: 2.119017763  time 2.26s
  warnings.warn(
/home/karimimonsefi.1/SSL_VAN/pretrain/training_2.py:76: UserWarning: Epoch 0/100 76/4500  loss: 2.123668560  time 2.18s
  warnings.warn(
/home/karimimonsefi.1/SSL_VAN/pretrain/training_2.py:76: UserWarning: Epoch 0/100 77/4500  loss: 2.114345389  time 2.21s
  warnings.warn(
/home/karimimonsefi.1/SSL_VAN/pretrain/training_2.py:76: UserWarning: Epoch 0/100 78/4500  loss: 2.132846325  time 2.13s
  warnings.warn(
/home/karimimonsefi.1/SSL_VAN/pretrain/training_2.py:76: UserWarning: Epoch 0/100 79/4500  loss: 2.155419211  time 2.20s
  warnings.warn(
/home/karimimonsefi.1/SSL_VAN/pretrain/training_2.py:76: UserWarning: Epoch 0/100 80/4500  loss: 2.191742828  time 2.18s
  warnings.warn(
/home/karimimonsefi.1/SSL_VAN/pretrain/training_2.py:76: UserWarning: Epoch 0/100 81/4500  loss: 2.197213448  time 2.15s
  warnings.warn(
/home/karimimonsefi.1/SSL_VAN/pretrain/training_2.py:76: UserWarning: Epoch 0/100 82/4500  loss: 2.217676959  time 2.13s
  warnings.warn(
/home/karimimonsefi.1/SSL_VAN/pretrain/training_2.py:76: UserWarning: Epoch 0/100 83/4500  loss: 2.223690709  time 2.16s
  warnings.warn(
/home/karimimonsefi.1/SSL_VAN/pretrain/training_2.py:76: UserWarning: Epoch 0/100 84/4500  loss: 2.208753610  time 2.08s
  warnings.warn(
/home/karimimonsefi.1/SSL_VAN/pretrain/training_2.py:76: UserWarning: Epoch 0/100 85/4500  loss: 2.204802324  time 2.18s
  warnings.warn(
/home/karimimonsefi.1/SSL_VAN/pretrain/training_2.py:76: UserWarning: Epoch 0/100 86/4500  loss: 2.208373164  time 2.37s
  warnings.warn(
/home/karimimonsefi.1/SSL_VAN/pretrain/training_2.py:76: UserWarning: Epoch 0/100 87/4500  loss: 2.206562128  time 2.15s
  warnings.warn(
/home/karimimonsefi.1/SSL_VAN/pretrain/training_2.py:76: UserWarning: Epoch 0/100 88/4500  loss: 2.217050864  time 2.26s
  warnings.warn(
/home/karimimonsefi.1/SSL_VAN/pretrain/training_2.py:76: UserWarning: Epoch 0/100 89/4500  loss: 2.204282506  time 2.10s
  warnings.warn(
/home/karimimonsefi.1/SSL_VAN/pretrain/training_2.py:76: UserWarning: Epoch 0/100 90/4500  loss: 2.210063484  time 2.26s
  warnings.warn(
/home/karimimonsefi.1/SSL_VAN/pretrain/training_2.py:76: UserWarning: Epoch 0/100 91/4500  loss: 2.206517711  time 2.28s
  warnings.warn(
/home/karimimonsefi.1/SSL_VAN/pretrain/training_2.py:76: UserWarning: Epoch 0/100 92/4500  loss: 2.221731340  time 2.14s
  warnings.warn(
