/var/spool/slurmd/job60473/slurm_script: line 11: cd: SSL_VAN: No such file or directory

----------------------------------------------------------------------------
  cuda:
----------------------------------------------------------------------------
     Versions:
        cuda/10.2
        cuda/11.0
        cuda/11.2
        cuda/11.3
        cuda/11.4
        cuda/11.5
        cuda/11.6
        cuda/11.7
        cuda/11.8
        cuda/12.0

----------------------------------------------------------------------------
  For detailed information about a specific "cuda" package (including how to load the modules) use the module's full name.
  Note that names that have a trailing (E) are extensions provided by other modules.
  For example:

     $ module spider cuda/12.0
----------------------------------------------------------------------------

 


CommandNotFoundError: Your shell has not been properly configured to use 'conda activate'.
To initialize your shell, run

    $ conda init <SHELL_NAME>

Currently supported shells are:
  - bash
  - fish
  - tcsh
  - xonsh
  - zsh
  - powershell

See 'conda init --help' for more information and options.

IMPORTANT: You may need to close and restart your shell after running 'conda init'.


/home/karimimonsefi.1/miniconda3/envs/ssl_van_seg/lib/python3.9/site-packages/mmcv/__init__.py:20: UserWarning: On January 1, 2023, MMCV will release v2.0.0, in which it will remove components related to the training process and add a data transformation module. In addition, it will rename the package names mmcv to mmcv-lite and mmcv-full to mmcv. See https://github.com/open-mmlab/mmcv/blob/master/docs/en/compatibility.md for more details.
  warnings.warn(
Traceback (most recent call last):
  File "/home/karimimonsefi.1/SSL_VAN/BTCV/main.py", line 16, in <module>
    from BTCV.trainer import run_training
  File "/home/karimimonsefi.1/SSL_VAN/BTCV/trainer.py", line 17, in <module>
    from utils.utils import AverageMeter, distributed_all_gather
  File "/home/karimimonsefi.1/SSL_VAN/BTCV/utils/utils.py", line 2, in <module>
    import scipy.ndimage as ndimage
  File "/home/karimimonsefi.1/miniconda3/envs/ssl_van_seg/lib/python3.9/site-packages/scipy/ndimage/__init__.py", line 154, in <module>
    from ._interpolation import *  # noqa: F401 F403
  File "/home/karimimonsefi.1/miniconda3/envs/ssl_van_seg/lib/python3.9/site-packages/scipy/ndimage/_interpolation.py", line 37, in <module>
    from scipy import special
  File "/home/karimimonsefi.1/miniconda3/envs/ssl_van_seg/lib/python3.9/site-packages/scipy/__init__.py", line 200, in __getattr__
    return _importlib.import_module(f'scipy.{name}')
  File "/home/karimimonsefi.1/miniconda3/envs/ssl_van_seg/lib/python3.9/importlib/__init__.py", line 127, in import_module
    return _bootstrap._gcd_import(name[level:], package, level)
  File "/home/karimimonsefi.1/miniconda3/envs/ssl_van_seg/lib/python3.9/site-packages/scipy/special/__init__.py", line 671, in <module>
    from . import _orthogonal
  File "/home/karimimonsefi.1/miniconda3/envs/ssl_van_seg/lib/python3.9/site-packages/scipy/special/_orthogonal.py", line 81, in <module>
    from scipy import linalg
  File "/home/karimimonsefi.1/miniconda3/envs/ssl_van_seg/lib/python3.9/site-packages/scipy/__init__.py", line 200, in __getattr__
    return _importlib.import_module(f'scipy.{name}')
  File "/home/karimimonsefi.1/miniconda3/envs/ssl_van_seg/lib/python3.9/importlib/__init__.py", line 127, in import_module
    return _bootstrap._gcd_import(name[level:], package, level)
  File "/home/karimimonsefi.1/miniconda3/envs/ssl_van_seg/lib/python3.9/site-packages/scipy/linalg/__init__.py", line 209, in <module>
    from ._matfuncs import *
  File "/home/karimimonsefi.1/miniconda3/envs/ssl_van_seg/lib/python3.9/site-packages/scipy/linalg/_matfuncs.py", line 19, in <module>
    from ._matfuncs_sqrtm import sqrtm
  File "/home/karimimonsefi.1/miniconda3/envs/ssl_van_seg/lib/python3.9/site-packages/scipy/linalg/_matfuncs_sqrtm.py", line 24, in <module>
    from ._matfuncs_sqrtm_triu import within_block_loop
ImportError: /lib64/libstdc++.so.6: version `GLIBCXX_3.4.26' not found (required by /home/karimimonsefi.1/miniconda3/envs/ssl_van_seg/lib/python3.9/site-packages/scipy/linalg/_matfuncs_sqrtm_triu.cpython-39-x86_64-linux-gnu.so)
