/var/spool/slurmd/job61604/slurm_script: line 11: cd: SSL_VAN: No such file or directory

----------------------------------------------------------------------------
  cuda:
----------------------------------------------------------------------------
     Versions:
        cuda/10.2
        cuda/11.0
        cuda/11.2
        cuda/11.3
        cuda/11.4
        cuda/11.5
        cuda/11.6
        cuda/11.7
        cuda/11.8
        cuda/12.0

----------------------------------------------------------------------------
  For detailed information about a specific "cuda" package (including how to load the modules) use the module's full name.
  Note that names that have a trailing (E) are extensions provided by other modules.
  For example:

     $ module spider cuda/12.0
----------------------------------------------------------------------------

 


CommandNotFoundError: Your shell has not been properly configured to use 'conda activate'.
To initialize your shell, run

    $ conda init <SHELL_NAME>

Currently supported shells are:
  - bash
  - fish
  - tcsh
  - xonsh
  - zsh
  - powershell

See 'conda init --help' for more information and options.

IMPORTANT: You may need to close and restart your shell after running 'conda init'.


/home/karimimonsefi.1/miniconda3/lib/python3.9/site-packages/mmcv/__init__.py:20: UserWarning: On January 1, 2023, MMCV will release v2.0.0, in which it will remove components related to the training process and add a data transformation module. In addition, it will rename the package names mmcv to mmcv-lite and mmcv-full to mmcv. See https://github.com/open-mmlab/mmcv/blob/master/docs/en/compatibility.md for more details.
  warnings.warn(
/home/karimimonsefi.1/SSL_VAN/BTCV/main.py:108: UserWarning: Found total gpus 2
  warnings.warn("Found total gpus {}".format(args.ngpus_per_node))
/home/karimimonsefi.1/miniconda3/lib/python3.9/site-packages/mmcv/__init__.py:20: UserWarning: On January 1, 2023, MMCV will release v2.0.0, in which it will remove components related to the training process and add a data transformation module. In addition, it will rename the package names mmcv to mmcv-lite and mmcv-full to mmcv. See https://github.com/open-mmlab/mmcv/blob/master/docs/en/compatibility.md for more details.
  warnings.warn(
/home/karimimonsefi.1/miniconda3/lib/python3.9/site-packages/mmcv/__init__.py:20: UserWarning: On January 1, 2023, MMCV will release v2.0.0, in which it will remove components related to the training process and add a data transformation module. In addition, it will rename the package names mmcv to mmcv-lite and mmcv-full to mmcv. See https://github.com/open-mmlab/mmcv/blob/master/docs/en/compatibility.md for more details.
  warnings.warn(
/home/karimimonsefi.1/SSL_VAN/BTCV/main.py:128: UserWarning: 1 gpu 1
  warnings.warn(f"{args.rank} gpu {args.gpu}")
/home/karimimonsefi.1/SSL_VAN/BTCV/main.py:128: UserWarning: 0 gpu 0
  warnings.warn(f"{args.rank} gpu {args.gpu}")
/home/karimimonsefi.1/SSL_VAN/BTCV/main.py:130: UserWarning: Batch size is: 4 epochs 4000
  warnings.warn(f"Batch size is: {args.batch_size} epochs {args.max_epochs}")
/home/karimimonsefi.1/miniconda3/lib/python3.9/site-packages/monai/transforms/post/array.py:176: UserWarning: `to_onehot=True/False` is deprecated, please use `to_onehot=num_classes` instead.
  warnings.warn("`to_onehot=True/False` is deprecated, please use `to_onehot=num_classes` instead.")
/home/karimimonsefi.1/miniconda3/lib/python3.9/site-packages/monai/transforms/post/array.py:176: UserWarning: `to_onehot=True/False` is deprecated, please use `to_onehot=num_classes` instead.
  warnings.warn("`to_onehot=True/False` is deprecated, please use `to_onehot=num_classes` instead.")
/home/karimimonsefi.1/SSL_VAN/BTCV/main.py:164: UserWarning: Total parameters count 121226346
  warnings.warn(f"Total parameters count {pytorch_total_params}")
/home/karimimonsefi.1/SSL_VAN/BTCV/main.py:167: UserWarning: Total args.checkpoint True
  warnings.warn(f"Total args.checkpoint {args.checkpoint}")
/home/karimimonsefi.1/SSL_VAN/BTCV/main.py:164: UserWarning: Total parameters count 121226346
  warnings.warn(f"Total parameters count {pytorch_total_params}")
/home/karimimonsefi.1/SSL_VAN/BTCV/main.py:167: UserWarning: Total args.checkpoint True
  warnings.warn(f"Total args.checkpoint {args.checkpoint}")
/home/karimimonsefi.1/SSL_VAN/commons/util.py:6: UserWarning:  base_url is 96-192-384-768_3-3-24-3_8-8-4-4_vae_inferer_valid_loader_VANV412
  warnings.warn(f" base_url is {base_url}")
/home/karimimonsefi.1/SSL_VAN/commons/util.py:8: UserWarning:  output_url 1 is ./runs/BTCV_new/test_log/output_False_False
  warnings.warn(f" output_url 1 is {output_url}")
/home/karimimonsefi.1/SSL_VAN/commons/util.py:6: UserWarning:  base_url is 96-192-384-768_3-3-24-3_8-8-4-4_vae_inferer_valid_loader_VANV412
  warnings.warn(f" base_url is {base_url}")
/home/karimimonsefi.1/SSL_VAN/commons/util.py:8: UserWarning:  output_url 1 is ./runs/BTCV_new/test_log/output_False_False
  warnings.warn(f" output_url 1 is {output_url}")
/home/karimimonsefi.1/SSL_VAN/commons/util.py:9: UserWarning:  exists 1 is True
  warnings.warn(f" exists 1 is {os.path.exists(output_url)}")
/home/karimimonsefi.1/SSL_VAN/commons/util.py:13: UserWarning:  output_url 2 is ./runs/BTCV_new/test_log/output_False_False/96-192-384-768_3-3-24-3_8-8-4-4_vae_inferer_valid_loader_VANV412
  warnings.warn(f" output_url 2 is {output_url}")
/home/karimimonsefi.1/SSL_VAN/commons/util.py:9: UserWarning:  exists 1 is True
  warnings.warn(f" exists 1 is {os.path.exists(output_url)}")
/home/karimimonsefi.1/SSL_VAN/commons/util.py:13: UserWarning:  output_url 2 is ./runs/BTCV_new/test_log/output_False_False/96-192-384-768_3-3-24-3_8-8-4-4_vae_inferer_valid_loader_VANV412
  warnings.warn(f" output_url 2 is {output_url}")
/home/karimimonsefi.1/SSL_VAN/commons/util.py:14: UserWarning:  exists 2 is True
  warnings.warn(f" exists 2 is {os.path.exists(output_url)}")
/home/karimimonsefi.1/SSL_VAN/commons/util.py:20: UserWarning:  Best url model is 96-192-384-768_3-3-24-3_8-8-4-4_vae_inferer_valid_loader_VANV412__best.pt, final model url is 96-192-384-768_3-3-24-3_8-8-4-4_vae_inferer_valid_loader_VANV412__final.pt
  warnings.warn(f" Best url model is {args.best_model_url}, final model url is {args.final_model_url}")
/home/karimimonsefi.1/SSL_VAN/commons/util.py:14: UserWarning:  exists 2 is True
  warnings.warn(f" exists 2 is {os.path.exists(output_url)}")
/home/karimimonsefi.1/SSL_VAN/commons/util.py:20: UserWarning:  Best url model is 96-192-384-768_3-3-24-3_8-8-4-4_vae_inferer_valid_loader_VANV412__best.pt, final model url is 96-192-384-768_3-3-24-3_8-8-4-4_vae_inferer_valid_loader_VANV412__final.pt
  warnings.warn(f" Best url model is {args.best_model_url}, final model url is {args.final_model_url}")
/home/karimimonsefi.1/SSL_VAN/BTCV/main.py:181: UserWarning: => loaded checkpoint 'True' (epoch 3355) (bestacc 0.8359384536743164)
  warnings.warn("=> loaded checkpoint '{}' (epoch {}) (bestacc {})".format(
/home/karimimonsefi.1/SSL_VAN/BTCV/main.py:181: UserWarning: => loaded checkpoint 'True' (epoch 3355) (bestacc 0.8359384536743164)
  warnings.warn("=> loaded checkpoint '{}' (epoch {}) (bestacc {})".format(
/home/karimimonsefi.1/SSL_VAN/BTCV/trainer.py:146: UserWarning: Writing Tensorboard logs to ./runs/BTCV_new/test_log
  warnings.warn(f"Writing Tensorboard logs to {args.logdir}")
/home/karimimonsefi.1/SSL_VAN/BTCV/trainer.py:154: UserWarning: 0  Sat Jul  1 19:00:08 2023  Epoch: 3355
  warnings.warn(f"{args.rank}  {time.ctime()}  Epoch: {epoch}")
/home/karimimonsefi.1/SSL_VAN/BTCV/trainer.py:154: UserWarning: 1  Sat Jul  1 19:00:08 2023  Epoch: 3355
  warnings.warn(f"{args.rank}  {time.ctime()}  Epoch: {epoch}")
input_list/dataset_BTCV_List.json
input_list/dataset_BTCV_List.json
[W reducer.cpp:1298] Warning: find_unused_parameters=True was specified in DDP constructor, but did not find any unused parameters in the forward pass. This flag results in an extra traversal of the autograd graph every iteration,  which can adversely affect performance. If your model indeed never has any unused parameters in the forward pass, consider turning this flag off. Note that this warning may be a false positive if your model has flow control causing later iterations to have unused parameters. (function operator())
[W reducer.cpp:1298] Warning: find_unused_parameters=True was specified in DDP constructor, but did not find any unused parameters in the forward pass. This flag results in an extra traversal of the autograd graph every iteration,  which can adversely affect performance. If your model indeed never has any unused parameters in the forward pass, consider turning this flag off. Note that this warning may be a false positive if your model has flow control causing later iterations to have unused parameters. (function operator())
/home/karimimonsefi.1/SSL_VAN/BTCV/trainer.py:58: UserWarning: Epoch 3355/4000 0/3  loss: 0.6173  time 60.75s
  warnings.warn(
/home/karimimonsefi.1/SSL_VAN/BTCV/trainer.py:58: UserWarning: Epoch 3355/4000 1/3  loss: 0.6358  time 3.05s
  warnings.warn(
/home/karimimonsefi.1/SSL_VAN/BTCV/trainer.py:58: UserWarning: Epoch 3355/4000 2/3  loss: 0.6308  time 6.32s
  warnings.warn(
/home/karimimonsefi.1/SSL_VAN/BTCV/trainer.py:160: UserWarning: Final training  3355/3999  loss: 0.6308  time 70.12s
  warnings.warn("Final training  {}/{}  loss: {:.4f}  time {:.2f}s".format(epoch, args.max_epochs - 1,
/home/karimimonsefi.1/miniconda3/lib/python3.9/site-packages/monai/inferers/utils.py:253: UserWarning: Sliding window inference results contain NaN or Inf.
  warnings.warn("Sliding window inference results contain NaN or Inf.")
/home/karimimonsefi.1/miniconda3/lib/python3.9/site-packages/monai/inferers/utils.py:253: UserWarning: Sliding window inference results contain NaN or Inf.
  warnings.warn("Sliding window inference results contain NaN or Inf.")
/home/karimimonsefi.1/SSL_VAN/BTCV/trainer.py:107: UserWarning: Val 3355/4000 0/3  acc [ 0.842]  time 14.39s
  warnings.warn("Val {}/{} {}/{}  acc {}  time {:.2f}s".format(epoch, args.max_epochs, idx, len(loader),
/home/karimimonsefi.1/SSL_VAN/BTCV/trainer.py:109: UserWarning: Val 3355/4000 0/3  acc 0.8421419858932495  time 14.39s
  warnings.warn("Val {}/{} {}/{}  acc {}  time {:.2f}s".format(epoch, args.max_epochs, idx, len(loader),
/home/karimimonsefi.1/SSL_VAN/BTCV/trainer.py:107: UserWarning: Val 3355/4000 1/3  acc [ 0.827]  time 5.68s
  warnings.warn("Val {}/{} {}/{}  acc {}  time {:.2f}s".format(epoch, args.max_epochs, idx, len(loader),
/home/karimimonsefi.1/SSL_VAN/BTCV/trainer.py:109: UserWarning: Val 3355/4000 1/3  acc 0.8274065256118774  time 5.68s
  warnings.warn("Val {}/{} {}/{}  acc {}  time {:.2f}s".format(epoch, args.max_epochs, idx, len(loader),
/home/karimimonsefi.1/SSL_VAN/BTCV/trainer.py:107: UserWarning: Val 3355/4000 2/3  acc [ 0.828]  time 2.32s
  warnings.warn("Val {}/{} {}/{}  acc {}  time {:.2f}s".format(epoch, args.max_epochs, idx, len(loader),
/home/karimimonsefi.1/SSL_VAN/BTCV/trainer.py:109: UserWarning: Val 3355/4000 2/3  acc 0.8279409408569336  time 2.32s
  warnings.warn("Val {}/{} {}/{}  acc {}  time {:.2f}s".format(epoch, args.max_epochs, idx, len(loader),
/home/karimimonsefi.1/SSL_VAN/BTCV/trainer.py:184: UserWarning: Final validation  3355/3999  acc: 0.8279  time 22.39s
  warnings.warn("Final validation  {}/{}  acc: {:.4f}  time {:.2f}s".format(epoch, args.max_epochs - 1,
/home/karimimonsefi.1/SSL_VAN/BTCV/trainer.py:124: UserWarning: Saving checkpoint ./runs/BTCV_new/test_log/96-192-384-768_3-3-24-3_8-8-4-4_vae_inferer_valid_loader_VANV412__final.pt
  warnings.warn(f"Saving checkpoint {filename}")
/home/karimimonsefi.1/SSL_VAN/BTCV/trainer.py:154: UserWarning: 0  Sat Jul  1 19:01:42 2023  Epoch: 3356
  warnings.warn(f"{args.rank}  {time.ctime()}  Epoch: {epoch}")
/home/karimimonsefi.1/SSL_VAN/BTCV/trainer.py:154: UserWarning: 1  Sat Jul  1 19:01:42 2023  Epoch: 3356
  warnings.warn(f"{args.rank}  {time.ctime()}  Epoch: {epoch}")
/home/karimimonsefi.1/SSL_VAN/BTCV/trainer.py:58: UserWarning: Epoch 3356/4000 0/3  loss: 0.7150  time 11.66s
  warnings.warn(
/home/karimimonsefi.1/SSL_VAN/BTCV/trainer.py:58: UserWarning: Epoch 3356/4000 1/3  loss: 0.6418  time 4.71s
  warnings.warn(
/home/karimimonsefi.1/SSL_VAN/BTCV/trainer.py:58: UserWarning: Epoch 3356/4000 2/3  loss: 0.6289  time 2.25s
  warnings.warn(
/home/karimimonsefi.1/SSL_VAN/BTCV/trainer.py:160: UserWarning: Final training  3356/3999  loss: 0.6289  time 18.62s
  warnings.warn("Final training  {}/{}  loss: {:.4f}  time {:.2f}s".format(epoch, args.max_epochs - 1,
/home/karimimonsefi.1/SSL_VAN/BTCV/trainer.py:107: UserWarning: Val 3356/4000 0/3  acc [ 0.832]  time 5.37s
  warnings.warn("Val {}/{} {}/{}  acc {}  time {:.2f}s".format(epoch, args.max_epochs, idx, len(loader),
/home/karimimonsefi.1/SSL_VAN/BTCV/trainer.py:109: UserWarning: Val 3356/4000 0/3  acc 0.8322479724884033  time 5.37s
  warnings.warn("Val {}/{} {}/{}  acc {}  time {:.2f}s".format(epoch, args.max_epochs, idx, len(loader),
/home/karimimonsefi.1/SSL_VAN/BTCV/trainer.py:107: UserWarning: Val 3356/4000 1/3  acc [ 0.817]  time 2.92s
  warnings.warn("Val {}/{} {}/{}  acc {}  time {:.2f}s".format(epoch, args.max_epochs, idx, len(loader),
/home/karimimonsefi.1/SSL_VAN/BTCV/trainer.py:109: UserWarning: Val 3356/4000 1/3  acc 0.8172487020492554  time 2.92s
  warnings.warn("Val {}/{} {}/{}  acc {}  time {:.2f}s".format(epoch, args.max_epochs, idx, len(loader),
/home/karimimonsefi.1/SSL_VAN/BTCV/trainer.py:107: UserWarning: Val 3356/4000 2/3  acc [ 0.815]  time 2.32s
  warnings.warn("Val {}/{} {}/{}  acc {}  time {:.2f}s".format(epoch, args.max_epochs, idx, len(loader),
/home/karimimonsefi.1/SSL_VAN/BTCV/trainer.py:109: UserWarning: Val 3356/4000 2/3  acc 0.8153452277183533  time 2.32s
  warnings.warn("Val {}/{} {}/{}  acc {}  time {:.2f}s".format(epoch, args.max_epochs, idx, len(loader),
/home/karimimonsefi.1/SSL_VAN/BTCV/trainer.py:184: UserWarning: Final validation  3356/3999  acc: 0.8153  time 10.61s
  warnings.warn("Final validation  {}/{}  acc: {:.4f}  time {:.2f}s".format(epoch, args.max_epochs - 1,
/home/karimimonsefi.1/SSL_VAN/BTCV/trainer.py:154: UserWarning: 0  Sat Jul  1 19:02:13 2023  Epoch: 3357
  warnings.warn(f"{args.rank}  {time.ctime()}  Epoch: {epoch}")
/home/karimimonsefi.1/SSL_VAN/BTCV/trainer.py:154: UserWarning: 1  Sat Jul  1 19:02:13 2023  Epoch: 3357
  warnings.warn(f"{args.rank}  {time.ctime()}  Epoch: {epoch}")
/home/karimimonsefi.1/SSL_VAN/BTCV/trainer.py:58: UserWarning: Epoch 3357/4000 0/3  loss: 0.6372  time 12.34s
  warnings.warn(
/home/karimimonsefi.1/SSL_VAN/BTCV/trainer.py:58: UserWarning: Epoch 3357/4000 1/3  loss: 0.6185  time 2.25s
  warnings.warn(
/home/karimimonsefi.1/SSL_VAN/BTCV/trainer.py:58: UserWarning: Epoch 3357/4000 2/3  loss: 0.6159  time 2.25s
  warnings.warn(
/home/karimimonsefi.1/SSL_VAN/BTCV/trainer.py:160: UserWarning: Final training  3357/3999  loss: 0.6159  time 16.85s
  warnings.warn("Final training  {}/{}  loss: {:.4f}  time {:.2f}s".format(epoch, args.max_epochs - 1,
/home/karimimonsefi.1/SSL_VAN/BTCV/trainer.py:107: UserWarning: Val 3357/4000 0/3  acc [ 0.830]  time 5.28s
  warnings.warn("Val {}/{} {}/{}  acc {}  time {:.2f}s".format(epoch, args.max_epochs, idx, len(loader),
/home/karimimonsefi.1/SSL_VAN/BTCV/trainer.py:109: UserWarning: Val 3357/4000 0/3  acc 0.8302596807479858  time 5.28s
  warnings.warn("Val {}/{} {}/{}  acc {}  time {:.2f}s".format(epoch, args.max_epochs, idx, len(loader),
/home/karimimonsefi.1/SSL_VAN/BTCV/trainer.py:107: UserWarning: Val 3357/4000 1/3  acc [ 0.819]  time 2.92s
  warnings.warn("Val {}/{} {}/{}  acc {}  time {:.2f}s".format(epoch, args.max_epochs, idx, len(loader),
/home/karimimonsefi.1/SSL_VAN/BTCV/trainer.py:109: UserWarning: Val 3357/4000 1/3  acc 0.8192448019981384  time 2.92s
  warnings.warn("Val {}/{} {}/{}  acc {}  time {:.2f}s".format(epoch, args.max_epochs, idx, len(loader),
/home/karimimonsefi.1/SSL_VAN/BTCV/trainer.py:107: UserWarning: Val 3357/4000 2/3  acc [ 0.817]  time 2.33s
  warnings.warn("Val {}/{} {}/{}  acc {}  time {:.2f}s".format(epoch, args.max_epochs, idx, len(loader),
/home/karimimonsefi.1/SSL_VAN/BTCV/trainer.py:109: UserWarning: Val 3357/4000 2/3  acc 0.8173959255218506  time 2.33s
  warnings.warn("Val {}/{} {}/{}  acc {}  time {:.2f}s".format(epoch, args.max_epochs, idx, len(loader),
/home/karimimonsefi.1/SSL_VAN/BTCV/trainer.py:184: UserWarning: Final validation  3357/3999  acc: 0.8174  time 10.53s
  warnings.warn("Final validation  {}/{}  acc: {:.4f}  time {:.2f}s".format(epoch, args.max_epochs - 1,
/home/karimimonsefi.1/SSL_VAN/BTCV/trainer.py:154: UserWarning: 0  Sat Jul  1 19:02:43 2023  Epoch: 3358
  warnings.warn(f"{args.rank}  {time.ctime()}  Epoch: {epoch}")
/home/karimimonsefi.1/SSL_VAN/BTCV/trainer.py:154: UserWarning: 1  Sat Jul  1 19:02:43 2023  Epoch: 3358
  warnings.warn(f"{args.rank}  {time.ctime()}  Epoch: {epoch}")
/home/karimimonsefi.1/SSL_VAN/BTCV/trainer.py:58: UserWarning: Epoch 3358/4000 0/3  loss: 0.5367  time 10.85s
  warnings.warn(
/home/karimimonsefi.1/SSL_VAN/BTCV/trainer.py:58: UserWarning: Epoch 3358/4000 1/3  loss: 0.5682  time 2.25s
  warnings.warn(
/home/karimimonsefi.1/SSL_VAN/BTCV/trainer.py:58: UserWarning: Epoch 3358/4000 2/3  loss: 0.5813  time 2.25s
  warnings.warn(
/home/karimimonsefi.1/SSL_VAN/BTCV/trainer.py:160: UserWarning: Final training  3358/3999  loss: 0.5813  time 15.36s
  warnings.warn("Final training  {}/{}  loss: {:.4f}  time {:.2f}s".format(epoch, args.max_epochs - 1,
/home/karimimonsefi.1/SSL_VAN/BTCV/trainer.py:107: UserWarning: Val 3358/4000 0/3  acc [ 0.826]  time 5.26s
  warnings.warn("Val {}/{} {}/{}  acc {}  time {:.2f}s".format(epoch, args.max_epochs, idx, len(loader),
/home/karimimonsefi.1/SSL_VAN/BTCV/trainer.py:109: UserWarning: Val 3358/4000 0/3  acc 0.8264236450195312  time 5.26s
  warnings.warn("Val {}/{} {}/{}  acc {}  time {:.2f}s".format(epoch, args.max_epochs, idx, len(loader),
/home/karimimonsefi.1/SSL_VAN/BTCV/trainer.py:107: UserWarning: Val 3358/4000 1/3  acc [ 0.814]  time 2.92s
  warnings.warn("Val {}/{} {}/{}  acc {}  time {:.2f}s".format(epoch, args.max_epochs, idx, len(loader),
/home/karimimonsefi.1/SSL_VAN/BTCV/trainer.py:109: UserWarning: Val 3358/4000 1/3  acc 0.8138101100921631  time 2.92s
  warnings.warn("Val {}/{} {}/{}  acc {}  time {:.2f}s".format(epoch, args.max_epochs, idx, len(loader),
/home/karimimonsefi.1/SSL_VAN/BTCV/trainer.py:107: UserWarning: Val 3358/4000 2/3  acc [ 0.813]  time 2.33s
  warnings.warn("Val {}/{} {}/{}  acc {}  time {:.2f}s".format(epoch, args.max_epochs, idx, len(loader),
/home/karimimonsefi.1/SSL_VAN/BTCV/trainer.py:109: UserWarning: Val 3358/4000 2/3  acc 0.8125336766242981  time 2.33s
  warnings.warn("Val {}/{} {}/{}  acc {}  time {:.2f}s".format(epoch, args.max_epochs, idx, len(loader),
/home/karimimonsefi.1/SSL_VAN/BTCV/trainer.py:184: UserWarning: Final validation  3358/3999  acc: 0.8125  time 10.51s
  warnings.warn("Final validation  {}/{}  acc: {:.4f}  time {:.2f}s".format(epoch, args.max_epochs - 1,
/home/karimimonsefi.1/SSL_VAN/BTCV/trainer.py:154: UserWarning: 0  Sat Jul  1 19:03:10 2023  Epoch: 3359
  warnings.warn(f"{args.rank}  {time.ctime()}  Epoch: {epoch}")
/home/karimimonsefi.1/SSL_VAN/BTCV/trainer.py:154: UserWarning: 1  Sat Jul  1 19:03:10 2023  Epoch: 3359
  warnings.warn(f"{args.rank}  {time.ctime()}  Epoch: {epoch}")
/home/karimimonsefi.1/SSL_VAN/BTCV/trainer.py:58: UserWarning: Epoch 3359/4000 0/3  loss: 0.6093  time 11.97s
  warnings.warn(
/home/karimimonsefi.1/SSL_VAN/BTCV/trainer.py:58: UserWarning: Epoch 3359/4000 1/3  loss: 0.6572  time 2.25s
  warnings.warn(
/home/karimimonsefi.1/SSL_VAN/BTCV/trainer.py:58: UserWarning: Epoch 3359/4000 2/3  loss: 0.6359  time 2.25s
  warnings.warn(
/home/karimimonsefi.1/SSL_VAN/BTCV/trainer.py:160: UserWarning: Final training  3359/3999  loss: 0.6359  time 16.48s
  warnings.warn("Final training  {}/{}  loss: {:.4f}  time {:.2f}s".format(epoch, args.max_epochs - 1,
