
----------------------------------------------------------------------------
  cuda:
----------------------------------------------------------------------------
     Versions:
        cuda/10.2
        cuda/11.0
        cuda/11.2
        cuda/11.3
        cuda/11.4
        cuda/11.5
        cuda/11.6
        cuda/11.7
        cuda/11.8
        cuda/12.0

----------------------------------------------------------------------------
  For detailed information about a specific "cuda" package (including how to load the modules) use the module's full name.
  Note that names that have a trailing (E) are extensions provided by other modules.
  For example:

     $ module spider cuda/12.0
----------------------------------------------------------------------------

 


CommandNotFoundError: Your shell has not been properly configured to use 'conda activate'.
To initialize your shell, run

    $ conda init <SHELL_NAME>

Currently supported shells are:
  - bash
  - fish
  - tcsh
  - xonsh
  - zsh
  - powershell

See 'conda init --help' for more information and options.

IMPORTANT: You may need to close and restart your shell after running 'conda init'.


/home/karimimonsefi.1/miniconda3/lib/python3.9/site-packages/mmcv/__init__.py:20: UserWarning: On January 1, 2023, MMCV will release v2.0.0, in which it will remove components related to the training process and add a data transformation module. In addition, it will rename the package names mmcv to mmcv-lite and mmcv-full to mmcv. See https://github.com/open-mmlab/mmcv/blob/master/docs/en/compatibility.md for more details.
  warnings.warn(
/home/karimimonsefi.1/SSL_VAN/pretrain/main.py:139: UserWarning: 0 gpu 0
  warnings.warn(f"{args.rank} gpu {args.gpu}")
/home/karimimonsefi.1/SSL_VAN/pretrain/main.py:141: UserWarning: Batch size is: 1 epochs 100
  warnings.warn(f"Batch size is: {args.batch_size} epochs {args.max_epochs}")
/home/karimimonsefi.1/SSL_VAN/commons/model_factory.py:345: UserWarning: embed_dims factory = [64, 128, 256, 512]
  warnings.warn(f'embed_dims factory = {args.embed_dims}')
/home/karimimonsefi.1/SSL_VAN/pretrain/main.py:149: UserWarning: Total parameters count 48597563
  warnings.warn(f"Total parameters count {pytorch_total_params}")
/home/karimimonsefi.1/SSL_VAN/pretrain/main.py:152: UserWarning: Total args.checkpoint True
  warnings.warn(f"Total args.checkpoint {args.checkpoint}")
/home/karimimonsefi.1/SSL_VAN/pretrain/main.py:163: UserWarning:  Best url model is pre_train_64-128-256-512_3-4-6-3_8-8-4-4_vae_inferer_valid_loader_PREVANV412_20_500_128_True_5_pre_version2__best.pt, final model url is pre_train_64-128-256-512_3-4-6-3_8-8-4-4_vae_inferer_valid_loader_PREVANV412_20_500_128_True_5_pre_version2__final.pt
  warnings.warn(f" Best url model is {args.best_model_url}, final model url is {args.final_model_url}")
/home/karimimonsefi.1/SSL_VAN/pretrain/main.py:172: UserWarning: => loaded checkpoint 'True' (epoch -1) (best_loss 2.06769305425124)
  warnings.warn("=> loaded checkpoint '{}' (epoch {}) (best_loss {})".format(
/home/karimimonsefi.1/SSL_VAN/pretrain/training_2.py:124: UserWarning: Writing Tensorboard logs to ./runs/pre_train_1/test_log
  warnings.warn(f"Writing Tensorboard logs to {args.logdir}")
/home/karimimonsefi.1/SSL_VAN/pretrain/training_2.py:134: UserWarning: 0  Sun Jul 16 07:04:02 2023  Epoch: 0
  warnings.warn(f"{args.rank}  {time.ctime()}  Epoch: {epoch}")
Dataset 1 LUNA16: OK number of data: 842
Dataset 2 Covid 19: OK number of data: 722
Dataset 3 HNSCC: OK number of data: 954
Dataset 4 TCIA Colon: OK number of data: 1532
Dataset 5 TCIA LIDC: OK number of data: 450
Dataset all training: number of data: 4500
loader is ready
/home/karimimonsefi.1/SSL_VAN/pretrain/training_2.py:76: UserWarning: Epoch 0/100 0/4500  loss: 2.804281655  time 261.26s
  warnings.warn(
/home/karimimonsefi.1/SSL_VAN/pretrain/training_2.py:76: UserWarning: Epoch 0/100 1/4500  loss: 1.595910361  time 2.15s
  warnings.warn(
/home/karimimonsefi.1/SSL_VAN/pretrain/training_2.py:76: UserWarning: Epoch 0/100 2/4500  loss: 1.695077399  time 0.81s
  warnings.warn(
/home/karimimonsefi.1/SSL_VAN/pretrain/training_2.py:76: UserWarning: Epoch 0/100 3/4500  loss: 1.991383176  time 0.62s
  warnings.warn(
/home/karimimonsefi.1/SSL_VAN/pretrain/training_2.py:76: UserWarning: Epoch 0/100 4/4500  loss: 1.991916789  time 0.90s
  warnings.warn(
/home/karimimonsefi.1/SSL_VAN/pretrain/training_2.py:76: UserWarning: Epoch 0/100 5/4500  loss: 2.026518657  time 0.72s
  warnings.warn(
/home/karimimonsefi.1/SSL_VAN/pretrain/training_2.py:76: UserWarning: Epoch 0/100 6/4500  loss: 1.805122035  time 0.71s
  warnings.warn(
/home/karimimonsefi.1/SSL_VAN/pretrain/training_2.py:76: UserWarning: Epoch 0/100 7/4500  loss: 1.634063804  time 0.84s
  warnings.warn(
/home/karimimonsefi.1/SSL_VAN/pretrain/training_2.py:76: UserWarning: Epoch 0/100 8/4500  loss: 1.699189749  time 0.82s
  warnings.warn(
/home/karimimonsefi.1/SSL_VAN/pretrain/training_2.py:76: UserWarning: Epoch 0/100 9/4500  loss: 1.645007690  time 0.76s
  warnings.warn(
/home/karimimonsefi.1/SSL_VAN/pretrain/training_2.py:76: UserWarning: Epoch 0/100 10/4500  loss: 1.634081968  time 0.76s
  warnings.warn(
/home/karimimonsefi.1/SSL_VAN/pretrain/training_2.py:76: UserWarning: Epoch 0/100 11/4500  loss: 1.646433602  time 0.76s
  warnings.warn(
/home/karimimonsefi.1/SSL_VAN/pretrain/training_2.py:76: UserWarning: Epoch 0/100 12/4500  loss: 1.630470287  time 0.93s
  warnings.warn(
/home/karimimonsefi.1/SSL_VAN/pretrain/training_2.py:76: UserWarning: Epoch 0/100 13/4500  loss: 1.736882195  time 0.68s
  warnings.warn(
/home/karimimonsefi.1/SSL_VAN/pretrain/training_2.py:76: UserWarning: Epoch 0/100 14/4500  loss: 1.889979689  time 0.84s
  warnings.warn(
/home/karimimonsefi.1/SSL_VAN/pretrain/training_2.py:76: UserWarning: Epoch 0/100 15/4500  loss: 1.791533350  time 0.80s
  warnings.warn(
/home/karimimonsefi.1/SSL_VAN/pretrain/training_2.py:76: UserWarning: Epoch 0/100 16/4500  loss: 1.741726525  time 0.83s
  warnings.warn(
/home/karimimonsefi.1/SSL_VAN/pretrain/training_2.py:76: UserWarning: Epoch 0/100 17/4500  loss: 1.645061407  time 0.86s
  warnings.warn(
/home/karimimonsefi.1/SSL_VAN/pretrain/training_2.py:76: UserWarning: Epoch 0/100 18/4500  loss: 1.719716835  time 0.90s
  warnings.warn(
/home/karimimonsefi.1/SSL_VAN/pretrain/training_2.py:76: UserWarning: Epoch 0/100 19/4500  loss: 1.779097222  time 0.84s
  warnings.warn(
/home/karimimonsefi.1/SSL_VAN/pretrain/training_2.py:76: UserWarning: Epoch 0/100 20/4500  loss: 1.810702748  time 0.80s
  warnings.warn(
/home/karimimonsefi.1/SSL_VAN/pretrain/training_2.py:76: UserWarning: Epoch 0/100 21/4500  loss: 1.796095777  time 51.43s
  warnings.warn(
/home/karimimonsefi.1/SSL_VAN/pretrain/training_2.py:76: UserWarning: Epoch 0/100 22/4500  loss: 1.741620030  time 68.81s
  warnings.warn(
/home/karimimonsefi.1/SSL_VAN/pretrain/training_2.py:76: UserWarning: Epoch 0/100 23/4500  loss: 1.764448919  time 0.73s
  warnings.warn(
/home/karimimonsefi.1/SSL_VAN/pretrain/training_2.py:76: UserWarning: Epoch 0/100 24/4500  loss: 1.831883205  time 0.77s
  warnings.warn(
/home/karimimonsefi.1/SSL_VAN/pretrain/training_2.py:76: UserWarning: Epoch 0/100 25/4500  loss: 1.812586699  time 6.38s
  warnings.warn(
/home/karimimonsefi.1/SSL_VAN/pretrain/training_2.py:76: UserWarning: Epoch 0/100 26/4500  loss: 1.815721042  time 0.80s
  warnings.warn(
/home/karimimonsefi.1/SSL_VAN/pretrain/training_2.py:76: UserWarning: Epoch 0/100 27/4500  loss: 1.780273570  time 0.87s
  warnings.warn(
/home/karimimonsefi.1/SSL_VAN/pretrain/training_2.py:76: UserWarning: Epoch 0/100 28/4500  loss: 1.790364998  time 0.79s
  warnings.warn(
/home/karimimonsefi.1/SSL_VAN/pretrain/training_2.py:76: UserWarning: Epoch 0/100 29/4500  loss: 1.856482379  time 0.73s
  warnings.warn(
/home/karimimonsefi.1/SSL_VAN/pretrain/training_2.py:76: UserWarning: Epoch 0/100 30/4500  loss: 1.876061169  time 13.45s
  warnings.warn(
/home/karimimonsefi.1/SSL_VAN/pretrain/training_2.py:76: UserWarning: Epoch 0/100 31/4500  loss: 1.868074184  time 0.80s
  warnings.warn(
/home/karimimonsefi.1/SSL_VAN/pretrain/training_2.py:76: UserWarning: Epoch 0/100 32/4500  loss: 1.856092018  time 0.74s
  warnings.warn(
/home/karimimonsefi.1/SSL_VAN/pretrain/training_2.py:76: UserWarning: Epoch 0/100 33/4500  loss: 1.849755692  time 100.46s
  warnings.warn(
/home/karimimonsefi.1/SSL_VAN/pretrain/training_2.py:76: UserWarning: Epoch 0/100 34/4500  loss: 1.868100187  time 0.77s
  warnings.warn(
/home/karimimonsefi.1/SSL_VAN/pretrain/training_2.py:76: UserWarning: Epoch 0/100 35/4500  loss: 1.880016815  time 0.68s
  warnings.warn(
/home/karimimonsefi.1/SSL_VAN/pretrain/training_2.py:76: UserWarning: Epoch 0/100 36/4500  loss: 1.889329541  time 0.86s
  warnings.warn(
/home/karimimonsefi.1/SSL_VAN/pretrain/training_2.py:76: UserWarning: Epoch 0/100 37/4500  loss: 1.943037276  time 0.76s
  warnings.warn(
/home/karimimonsefi.1/SSL_VAN/pretrain/training_2.py:76: UserWarning: Epoch 0/100 38/4500  loss: 1.911119059  time 0.91s
  warnings.warn(
/home/karimimonsefi.1/SSL_VAN/pretrain/training_2.py:76: UserWarning: Epoch 0/100 39/4500  loss: 1.871768821  time 0.72s
  warnings.warn(
/home/karimimonsefi.1/SSL_VAN/pretrain/training_2.py:76: UserWarning: Epoch 0/100 40/4500  loss: 1.832574816  time 0.72s
  warnings.warn(
/home/karimimonsefi.1/SSL_VAN/pretrain/training_2.py:76: UserWarning: Epoch 0/100 41/4500  loss: 1.848334078  time 0.65s
  warnings.warn(
/home/karimimonsefi.1/SSL_VAN/pretrain/training_2.py:76: UserWarning: Epoch 0/100 42/4500  loss: 1.809877199  time 0.71s
  warnings.warn(
/home/karimimonsefi.1/SSL_VAN/pretrain/training_2.py:76: UserWarning: Epoch 0/100 43/4500  loss: 1.783917216  time 0.85s
  warnings.warn(
/home/karimimonsefi.1/SSL_VAN/pretrain/training_2.py:76: UserWarning: Epoch 0/100 44/4500  loss: 1.747962301  time 0.86s
  warnings.warn(
/home/karimimonsefi.1/SSL_VAN/pretrain/training_2.py:76: UserWarning: Epoch 0/100 45/4500  loss: 1.757227626  time 0.70s
  warnings.warn(
/home/karimimonsefi.1/SSL_VAN/pretrain/training_2.py:76: UserWarning: Epoch 0/100 46/4500  loss: 1.729478184  time 67.68s
  warnings.warn(
/home/karimimonsefi.1/SSL_VAN/pretrain/training_2.py:76: UserWarning: Epoch 0/100 47/4500  loss: 1.694173371  time 0.84s
  warnings.warn(
/home/karimimonsefi.1/SSL_VAN/pretrain/training_2.py:76: UserWarning: Epoch 0/100 48/4500  loss: 1.716590422  time 0.80s
  warnings.warn(
/home/karimimonsefi.1/SSL_VAN/pretrain/training_2.py:76: UserWarning: Epoch 0/100 49/4500  loss: 1.715927570  time 0.94s
  warnings.warn(
/home/karimimonsefi.1/SSL_VAN/pretrain/training_2.py:76: UserWarning: Epoch 0/100 50/4500  loss: 1.737277433  time 59.60s
  warnings.warn(
/home/karimimonsefi.1/SSL_VAN/pretrain/training_2.py:76: UserWarning: Epoch 0/100 51/4500  loss: 1.751962922  time 0.70s
  warnings.warn(
/home/karimimonsefi.1/SSL_VAN/pretrain/training_2.py:76: UserWarning: Epoch 0/100 52/4500  loss: 1.730645223  time 0.74s
  warnings.warn(
/home/karimimonsefi.1/SSL_VAN/pretrain/training_2.py:76: UserWarning: Epoch 0/100 53/4500  loss: 1.729018189  time 0.73s
  warnings.warn(
/home/karimimonsefi.1/SSL_VAN/pretrain/training_2.py:76: UserWarning: Epoch 0/100 54/4500  loss: 1.723905202  time 11.56s
  warnings.warn(
/home/karimimonsefi.1/SSL_VAN/pretrain/training_2.py:76: UserWarning: Epoch 0/100 55/4500  loss: 1.724267082  time 0.74s
  warnings.warn(
/home/karimimonsefi.1/SSL_VAN/pretrain/training_2.py:76: UserWarning: Epoch 0/100 56/4500  loss: 1.771688481  time 0.81s
  warnings.warn(
/home/karimimonsefi.1/SSL_VAN/pretrain/training_2.py:76: UserWarning: Epoch 0/100 57/4500  loss: 1.763215362  time 0.76s
  warnings.warn(
/home/karimimonsefi.1/SSL_VAN/pretrain/training_2.py:76: UserWarning: Epoch 0/100 58/4500  loss: 1.750249554  time 95.59s
  warnings.warn(
/home/karimimonsefi.1/SSL_VAN/pretrain/training_2.py:76: UserWarning: Epoch 0/100 59/4500  loss: 1.726867851  time 0.79s
  warnings.warn(
/home/karimimonsefi.1/SSL_VAN/pretrain/training_2.py:76: UserWarning: Epoch 0/100 60/4500  loss: 1.734209579  time 0.87s
  warnings.warn(
/home/karimimonsefi.1/SSL_VAN/pretrain/training_2.py:76: UserWarning: Epoch 0/100 61/4500  loss: 1.711641185  time 0.77s
  warnings.warn(
/home/karimimonsefi.1/SSL_VAN/pretrain/training_2.py:76: UserWarning: Epoch 0/100 62/4500  loss: 1.720971216  time 10.81s
  warnings.warn(
/home/karimimonsefi.1/SSL_VAN/pretrain/training_2.py:76: UserWarning: Epoch 0/100 63/4500  loss: 1.730797011  time 0.82s
  warnings.warn(
/home/karimimonsefi.1/SSL_VAN/pretrain/training_2.py:76: UserWarning: Epoch 0/100 64/4500  loss: 1.723263137  time 0.68s
  warnings.warn(
/home/karimimonsefi.1/SSL_VAN/pretrain/training_2.py:76: UserWarning: Epoch 0/100 65/4500  loss: 1.748943106  time 0.83s
  warnings.warn(
/home/karimimonsefi.1/SSL_VAN/pretrain/training_2.py:76: UserWarning: Epoch 0/100 66/4500  loss: 1.750905055  time 0.92s
  warnings.warn(
/home/karimimonsefi.1/SSL_VAN/pretrain/training_2.py:76: UserWarning: Epoch 0/100 67/4500  loss: 1.767458541  time 0.70s
  warnings.warn(
/home/karimimonsefi.1/SSL_VAN/pretrain/training_2.py:76: UserWarning: Epoch 0/100 68/4500  loss: 1.761394439  time 71.65s
  warnings.warn(
/home/karimimonsefi.1/SSL_VAN/pretrain/training_2.py:76: UserWarning: Epoch 0/100 69/4500  loss: 1.748254107  time 0.81s
  warnings.warn(
/home/karimimonsefi.1/SSL_VAN/pretrain/training_2.py:76: UserWarning: Epoch 0/100 70/4500  loss: 1.734133732  time 0.75s
  warnings.warn(
/home/karimimonsefi.1/SSL_VAN/pretrain/training_2.py:76: UserWarning: Epoch 0/100 71/4500  loss: 1.744772333  time 0.75s
  warnings.warn(
/home/karimimonsefi.1/SSL_VAN/pretrain/training_2.py:76: UserWarning: Epoch 0/100 72/4500  loss: 1.746331883  time 0.75s
  warnings.warn(
/home/karimimonsefi.1/SSL_VAN/pretrain/training_2.py:76: UserWarning: Epoch 0/100 73/4500  loss: 1.749049654  time 0.83s
  warnings.warn(
/home/karimimonsefi.1/SSL_VAN/pretrain/training_2.py:76: UserWarning: Epoch 0/100 74/4500  loss: 1.781863838  time 0.78s
  warnings.warn(
/home/karimimonsefi.1/SSL_VAN/pretrain/training_2.py:76: UserWarning: Epoch 0/100 75/4500  loss: 1.761065281  time 0.88s
  warnings.warn(
/home/karimimonsefi.1/SSL_VAN/pretrain/training_2.py:76: UserWarning: Epoch 0/100 76/4500  loss: 1.763955435  time 71.68s
  warnings.warn(
/home/karimimonsefi.1/SSL_VAN/pretrain/training_2.py:76: UserWarning: Epoch 0/100 77/4500  loss: 1.764682555  time 0.72s
  warnings.warn(
/home/karimimonsefi.1/SSL_VAN/pretrain/training_2.py:76: UserWarning: Epoch 0/100 78/4500  loss: 1.766814969  time 0.77s
  warnings.warn(
/home/karimimonsefi.1/SSL_VAN/pretrain/training_2.py:76: UserWarning: Epoch 0/100 79/4500  loss: 1.752606331  time 0.73s
  warnings.warn(
/home/karimimonsefi.1/SSL_VAN/pretrain/training_2.py:76: UserWarning: Epoch 0/100 80/4500  loss: 1.752957762  time 0.76s
  warnings.warn(
/home/karimimonsefi.1/SSL_VAN/pretrain/training_2.py:76: UserWarning: Epoch 0/100 81/4500  loss: 1.753476294  time 0.79s
  warnings.warn(
/home/karimimonsefi.1/SSL_VAN/pretrain/training_2.py:76: UserWarning: Epoch 0/100 82/4500  loss: 1.767464777  time 0.77s
  warnings.warn(
/home/karimimonsefi.1/SSL_VAN/pretrain/training_2.py:76: UserWarning: Epoch 0/100 83/4500  loss: 1.784170701  time 0.78s
  warnings.warn(
/home/karimimonsefi.1/SSL_VAN/pretrain/training_2.py:76: UserWarning: Epoch 0/100 84/4500  loss: 1.810281739  time 29.19s
  warnings.warn(
/home/karimimonsefi.1/SSL_VAN/pretrain/training_2.py:76: UserWarning: Epoch 0/100 85/4500  loss: 1.816803007  time 0.75s
  warnings.warn(
/home/karimimonsefi.1/SSL_VAN/pretrain/training_2.py:76: UserWarning: Epoch 0/100 86/4500  loss: 1.828617959  time 0.71s
  warnings.warn(
/home/karimimonsefi.1/SSL_VAN/pretrain/training_2.py:76: UserWarning: Epoch 0/100 87/4500  loss: 1.833911178  time 0.71s
  warnings.warn(
/home/karimimonsefi.1/SSL_VAN/pretrain/training_2.py:76: UserWarning: Epoch 0/100 88/4500  loss: 1.815526220  time 0.70s
  warnings.warn(
/home/karimimonsefi.1/SSL_VAN/pretrain/training_2.py:76: UserWarning: Epoch 0/100 89/4500  loss: 1.820905263  time 0.81s
  warnings.warn(
/home/karimimonsefi.1/SSL_VAN/pretrain/training_2.py:76: UserWarning: Epoch 0/100 90/4500  loss: 1.809215736  time 0.63s
  warnings.warn(
/home/karimimonsefi.1/SSL_VAN/pretrain/training_2.py:76: UserWarning: Epoch 0/100 91/4500  loss: 1.804679321  time 0.83s
  warnings.warn(
/home/karimimonsefi.1/SSL_VAN/pretrain/training_2.py:76: UserWarning: Epoch 0/100 92/4500  loss: 1.803060289  time 57.82s
  warnings.warn(
/home/karimimonsefi.1/SSL_VAN/pretrain/training_2.py:76: UserWarning: Epoch 0/100 93/4500  loss: 1.805773521  time 0.74s
  warnings.warn(
/home/karimimonsefi.1/SSL_VAN/pretrain/training_2.py:76: UserWarning: Epoch 0/100 94/4500  loss: 1.800791511  time 0.82s
  warnings.warn(
/home/karimimonsefi.1/SSL_VAN/pretrain/training_2.py:76: UserWarning: Epoch 0/100 95/4500  loss: 1.809744310  time 0.71s
  warnings.warn(
/home/karimimonsefi.1/SSL_VAN/pretrain/training_2.py:76: UserWarning: Epoch 0/100 96/4500  loss: 1.795484215  time 0.66s
  warnings.warn(
/home/karimimonsefi.1/SSL_VAN/pretrain/training_2.py:76: UserWarning: Epoch 0/100 97/4500  loss: 1.812793308  time 0.76s
  warnings.warn(
/home/karimimonsefi.1/SSL_VAN/pretrain/training_2.py:76: UserWarning: Epoch 0/100 98/4500  loss: 1.826315651  time 0.76s
  warnings.warn(
/home/karimimonsefi.1/SSL_VAN/pretrain/training_2.py:76: UserWarning: Epoch 0/100 99/4500  loss: 1.809953970  time 0.81s
  warnings.warn(
/home/karimimonsefi.1/SSL_VAN/pretrain/training_2.py:80: UserWarning: SAVED => Epoch 0/100 99/4500  loss: 1.809953970, last best: 2.067693054,  time 2.36s
  warnings.warn(
/home/karimimonsefi.1/SSL_VAN/pretrain/training_2.py:107: UserWarning: Saving checkpoint ./runs/pre_train_1/test_log/pre_train_64-128-256-512_3-4-6-3_8-8-4-4_vae_inferer_valid_loader_PREVANV412_20_500_128_True_5_pre_version2__final.pt
  warnings.warn(f"Saving checkpoint {filename}")
/home/karimimonsefi.1/SSL_VAN/pretrain/training_2.py:76: UserWarning: Epoch 0/100 100/4500  loss: 1.815021445  time 0.85s
  warnings.warn(
/home/karimimonsefi.1/SSL_VAN/pretrain/training_2.py:76: UserWarning: Epoch 0/100 101/4500  loss: 1.820619720  time 0.75s
  warnings.warn(
/home/karimimonsefi.1/SSL_VAN/pretrain/training_2.py:76: UserWarning: Epoch 0/100 102/4500  loss: 1.819333732  time 0.72s
  warnings.warn(
/home/karimimonsefi.1/SSL_VAN/pretrain/training_2.py:76: UserWarning: Epoch 0/100 103/4500  loss: 1.825878049  time 0.92s
  warnings.warn(
/home/karimimonsefi.1/SSL_VAN/pretrain/training_2.py:76: UserWarning: Epoch 0/100 104/4500  loss: 1.843569076  time 0.92s
  warnings.warn(
/home/karimimonsefi.1/SSL_VAN/pretrain/training_2.py:76: UserWarning: Epoch 0/100 105/4500  loss: 1.828305092  time 0.85s
  warnings.warn(
/home/karimimonsefi.1/SSL_VAN/pretrain/training_2.py:76: UserWarning: Epoch 0/100 106/4500  loss: 1.828030081  time 0.77s
  warnings.warn(
/home/karimimonsefi.1/SSL_VAN/pretrain/training_2.py:76: UserWarning: Epoch 0/100 107/4500  loss: 1.827448843  time 0.73s
  warnings.warn(
/home/karimimonsefi.1/SSL_VAN/pretrain/training_2.py:76: UserWarning: Epoch 0/100 108/4500  loss: 1.832063577  time 17.65s
  warnings.warn(
/home/karimimonsefi.1/SSL_VAN/pretrain/training_2.py:76: UserWarning: Epoch 0/100 109/4500  loss: 1.817424111  time 0.80s
  warnings.warn(
/home/karimimonsefi.1/SSL_VAN/pretrain/training_2.py:76: UserWarning: Epoch 0/100 110/4500  loss: 1.816113856  time 0.92s
  warnings.warn(
/home/karimimonsefi.1/SSL_VAN/pretrain/training_2.py:76: UserWarning: Epoch 0/100 111/4500  loss: 1.817697226  time 0.81s
  warnings.warn(
/home/karimimonsefi.1/SSL_VAN/pretrain/training_2.py:76: UserWarning: Epoch 0/100 112/4500  loss: 1.826667047  time 0.74s
  warnings.warn(
/home/karimimonsefi.1/SSL_VAN/pretrain/training_2.py:76: UserWarning: Epoch 0/100 113/4500  loss: 1.819999864  time 0.70s
  warnings.warn(
/home/karimimonsefi.1/SSL_VAN/pretrain/training_2.py:76: UserWarning: Epoch 0/100 114/4500  loss: 1.829315478  time 0.83s
  warnings.warn(
/home/karimimonsefi.1/SSL_VAN/pretrain/training_2.py:76: UserWarning: Epoch 0/100 115/4500  loss: 1.827068196  time 16.55s
  warnings.warn(
/home/karimimonsefi.1/SSL_VAN/pretrain/training_2.py:76: UserWarning: Epoch 0/100 116/4500  loss: 1.839246900  time 92.13s
  warnings.warn(
/home/karimimonsefi.1/SSL_VAN/pretrain/training_2.py:76: UserWarning: Epoch 0/100 117/4500  loss: 1.842338278  time 12.82s
  warnings.warn(
/home/karimimonsefi.1/SSL_VAN/pretrain/training_2.py:76: UserWarning: Epoch 0/100 118/4500  loss: 1.834007861  time 0.76s
  warnings.warn(
/home/karimimonsefi.1/SSL_VAN/pretrain/training_2.py:76: UserWarning: Epoch 0/100 119/4500  loss: 1.848809909  time 0.77s
  warnings.warn(
/home/karimimonsefi.1/SSL_VAN/pretrain/training_2.py:76: UserWarning: Epoch 0/100 120/4500  loss: 1.867020815  time 0.80s
  warnings.warn(
/home/karimimonsefi.1/SSL_VAN/pretrain/training_2.py:76: UserWarning: Epoch 0/100 121/4500  loss: 1.892560094  time 0.73s
  warnings.warn(
/home/karimimonsefi.1/SSL_VAN/pretrain/training_2.py:76: UserWarning: Epoch 0/100 122/4500  loss: 1.896203696  time 0.75s
  warnings.warn(
/home/karimimonsefi.1/SSL_VAN/pretrain/training_2.py:76: UserWarning: Epoch 0/100 123/4500  loss: 1.896551070  time 2.31s
  warnings.warn(
/home/karimimonsefi.1/SSL_VAN/pretrain/training_2.py:76: UserWarning: Epoch 0/100 124/4500  loss: 1.905911407  time 117.17s
  warnings.warn(
/home/karimimonsefi.1/SSL_VAN/pretrain/training_2.py:76: UserWarning: Epoch 0/100 125/4500  loss: 1.915155322  time 0.78s
  warnings.warn(
/home/karimimonsefi.1/SSL_VAN/pretrain/training_2.py:76: UserWarning: Epoch 0/100 126/4500  loss: 1.914808085  time 0.79s
  warnings.warn(
/home/karimimonsefi.1/SSL_VAN/pretrain/training_2.py:76: UserWarning: Epoch 0/100 127/4500  loss: 1.910246299  time 4.45s
  warnings.warn(
/home/karimimonsefi.1/SSL_VAN/pretrain/training_2.py:76: UserWarning: Epoch 0/100 128/4500  loss: 1.918352325  time 0.82s
  warnings.warn(
/home/karimimonsefi.1/SSL_VAN/pretrain/training_2.py:76: UserWarning: Epoch 0/100 129/4500  loss: 1.912673970  time 0.76s
  warnings.warn(
/home/karimimonsefi.1/SSL_VAN/pretrain/training_2.py:76: UserWarning: Epoch 0/100 130/4500  loss: 1.908978169  time 0.74s
  warnings.warn(
/home/karimimonsefi.1/SSL_VAN/pretrain/training_2.py:76: UserWarning: Epoch 0/100 131/4500  loss: 1.905832732  time 0.88s
  warnings.warn(
/home/karimimonsefi.1/SSL_VAN/pretrain/training_2.py:76: UserWarning: Epoch 0/100 132/4500  loss: 1.906013572  time 0.92s
  warnings.warn(
/home/karimimonsefi.1/SSL_VAN/pretrain/training_2.py:76: UserWarning: Epoch 0/100 133/4500  loss: 1.922076297  time 0.80s
  warnings.warn(
/home/karimimonsefi.1/SSL_VAN/pretrain/training_2.py:76: UserWarning: Epoch 0/100 134/4500  loss: 1.925043690  time 0.82s
  warnings.warn(
/home/karimimonsefi.1/SSL_VAN/pretrain/training_2.py:76: UserWarning: Epoch 0/100 135/4500  loss: 1.916771109  time 0.86s
  warnings.warn(
/home/karimimonsefi.1/SSL_VAN/pretrain/training_2.py:76: UserWarning: Epoch 0/100 136/4500  loss: 1.917860272  time 0.78s
  warnings.warn(
/home/karimimonsefi.1/SSL_VAN/pretrain/training_2.py:76: UserWarning: Epoch 0/100 137/4500  loss: 1.912234782  time 0.77s
  warnings.warn(
/home/karimimonsefi.1/SSL_VAN/pretrain/training_2.py:76: UserWarning: Epoch 0/100 138/4500  loss: 1.918989998  time 0.82s
  warnings.warn(
/home/karimimonsefi.1/SSL_VAN/pretrain/training_2.py:76: UserWarning: Epoch 0/100 139/4500  loss: 1.923203075  time 0.85s
  warnings.warn(
/home/karimimonsefi.1/SSL_VAN/pretrain/training_2.py:76: UserWarning: Epoch 0/100 140/4500  loss: 1.921101327  time 0.78s
  warnings.warn(
/home/karimimonsefi.1/SSL_VAN/pretrain/training_2.py:76: UserWarning: Epoch 0/100 141/4500  loss: 1.921998363  time 21.21s
  warnings.warn(
/home/karimimonsefi.1/SSL_VAN/pretrain/training_2.py:76: UserWarning: Epoch 0/100 142/4500  loss: 1.912039575  time 0.91s
  warnings.warn(
/home/karimimonsefi.1/SSL_VAN/pretrain/training_2.py:76: UserWarning: Epoch 0/100 143/4500  loss: 1.923248735  time 8.44s
  warnings.warn(
/home/karimimonsefi.1/SSL_VAN/pretrain/training_2.py:76: UserWarning: Epoch 0/100 144/4500  loss: 1.941801648  time 0.87s
  warnings.warn(
/home/karimimonsefi.1/SSL_VAN/pretrain/training_2.py:76: UserWarning: Epoch 0/100 145/4500  loss: 1.930854972  time 0.84s
  warnings.warn(
/home/karimimonsefi.1/SSL_VAN/pretrain/training_2.py:76: UserWarning: Epoch 0/100 146/4500  loss: 1.938758186  time 0.76s
  warnings.warn(
/home/karimimonsefi.1/SSL_VAN/pretrain/training_2.py:76: UserWarning: Epoch 0/100 147/4500  loss: 1.930813390  time 55.14s
  warnings.warn(
/home/karimimonsefi.1/SSL_VAN/pretrain/training_2.py:76: UserWarning: Epoch 0/100 148/4500  loss: 1.931354470  time 0.76s
  warnings.warn(
/home/karimimonsefi.1/SSL_VAN/pretrain/training_2.py:76: UserWarning: Epoch 0/100 149/4500  loss: 1.941635074  time 0.85s
  warnings.warn(
/home/karimimonsefi.1/SSL_VAN/pretrain/training_2.py:76: UserWarning: Epoch 0/100 150/4500  loss: 1.941838763  time 0.75s
  warnings.warn(
/home/karimimonsefi.1/SSL_VAN/pretrain/training_2.py:76: UserWarning: Epoch 0/100 151/4500  loss: 1.944437332  time 35.78s
  warnings.warn(
/home/karimimonsefi.1/SSL_VAN/pretrain/training_2.py:76: UserWarning: Epoch 0/100 152/4500  loss: 1.943532938  time 0.72s
  warnings.warn(
/home/karimimonsefi.1/SSL_VAN/pretrain/training_2.py:76: UserWarning: Epoch 0/100 153/4500  loss: 1.940044510  time 0.70s
  warnings.warn(
/home/karimimonsefi.1/SSL_VAN/pretrain/training_2.py:76: UserWarning: Epoch 0/100 154/4500  loss: 1.958358572  time 0.84s
  warnings.warn(
/home/karimimonsefi.1/SSL_VAN/pretrain/training_2.py:76: UserWarning: Epoch 0/100 155/4500  loss: 1.951694279  time 0.76s
  warnings.warn(
/home/karimimonsefi.1/SSL_VAN/pretrain/training_2.py:76: UserWarning: Epoch 0/100 156/4500  loss: 1.960245905  time 0.79s
  warnings.warn(
/home/karimimonsefi.1/SSL_VAN/pretrain/training_2.py:76: UserWarning: Epoch 0/100 157/4500  loss: 1.969530691  time 0.69s
  warnings.warn(
/home/karimimonsefi.1/SSL_VAN/pretrain/training_2.py:76: UserWarning: Epoch 0/100 158/4500  loss: 1.958120964  time 0.75s
  warnings.warn(
/home/karimimonsefi.1/SSL_VAN/pretrain/training_2.py:76: UserWarning: Epoch 0/100 159/4500  loss: 1.960716216  time 8.10s
  warnings.warn(
/home/karimimonsefi.1/SSL_VAN/pretrain/training_2.py:76: UserWarning: Epoch 0/100 160/4500  loss: 1.952919941  time 0.74s
  warnings.warn(
/home/karimimonsefi.1/SSL_VAN/pretrain/training_2.py:76: UserWarning: Epoch 0/100 161/4500  loss: 1.969355442  time 0.63s
  warnings.warn(
/home/karimimonsefi.1/SSL_VAN/pretrain/training_2.py:76: UserWarning: Epoch 0/100 162/4500  loss: 1.964009463  time 0.71s
  warnings.warn(
/home/karimimonsefi.1/SSL_VAN/pretrain/training_2.py:76: UserWarning: Epoch 0/100 163/4500  loss: 1.952050987  time 0.80s
  warnings.warn(
/home/karimimonsefi.1/SSL_VAN/pretrain/training_2.py:76: UserWarning: Epoch 0/100 164/4500  loss: 1.941317791  time 0.86s
  warnings.warn(
/home/karimimonsefi.1/SSL_VAN/pretrain/training_2.py:76: UserWarning: Epoch 0/100 165/4500  loss: 1.941921751  time 36.77s
  warnings.warn(
/home/karimimonsefi.1/SSL_VAN/pretrain/training_2.py:76: UserWarning: Epoch 0/100 166/4500  loss: 1.964764741  time 0.83s
  warnings.warn(
/home/karimimonsefi.1/SSL_VAN/pretrain/training_2.py:76: UserWarning: Epoch 0/100 167/4500  loss: 1.963941990  time 42.97s
  warnings.warn(
/home/karimimonsefi.1/SSL_VAN/pretrain/training_2.py:76: UserWarning: Epoch 0/100 168/4500  loss: 1.971408567  time 0.92s
  warnings.warn(
/home/karimimonsefi.1/SSL_VAN/pretrain/training_2.py:76: UserWarning: Epoch 0/100 169/4500  loss: 1.970514923  time 0.79s
  warnings.warn(
/home/karimimonsefi.1/SSL_VAN/pretrain/training_2.py:76: UserWarning: Epoch 0/100 170/4500  loss: 1.973095352  time 0.76s
  warnings.warn(
/home/karimimonsefi.1/SSL_VAN/pretrain/training_2.py:76: UserWarning: Epoch 0/100 171/4500  loss: 1.963962762  time 7.16s
  warnings.warn(
/home/karimimonsefi.1/SSL_VAN/pretrain/training_2.py:76: UserWarning: Epoch 0/100 172/4500  loss: 1.963802130  time 0.94s
  warnings.warn(
/home/karimimonsefi.1/SSL_VAN/pretrain/training_2.py:76: UserWarning: Epoch 0/100 173/4500  loss: 1.971625966  time 37.13s
  warnings.warn(
/home/karimimonsefi.1/SSL_VAN/pretrain/training_2.py:76: UserWarning: Epoch 0/100 174/4500  loss: 1.966530915  time 0.88s
  warnings.warn(
/home/karimimonsefi.1/SSL_VAN/pretrain/training_2.py:76: UserWarning: Epoch 0/100 175/4500  loss: 1.961671619  time 0.79s
  warnings.warn(
/home/karimimonsefi.1/SSL_VAN/pretrain/training_2.py:76: UserWarning: Epoch 0/100 176/4500  loss: 1.965468453  time 0.75s
  warnings.warn(
/home/karimimonsefi.1/SSL_VAN/pretrain/training_2.py:76: UserWarning: Epoch 0/100 177/4500  loss: 1.964358871  time 0.77s
  warnings.warn(
/home/karimimonsefi.1/SSL_VAN/pretrain/training_2.py:76: UserWarning: Epoch 0/100 178/4500  loss: 1.959162097  time 0.94s
  warnings.warn(
/home/karimimonsefi.1/SSL_VAN/pretrain/training_2.py:76: UserWarning: Epoch 0/100 179/4500  loss: 1.955744515  time 1.34s
  warnings.warn(
/home/karimimonsefi.1/SSL_VAN/pretrain/training_2.py:76: UserWarning: Epoch 0/100 180/4500  loss: 1.945584168  time 0.80s
  warnings.warn(
/home/karimimonsefi.1/SSL_VAN/pretrain/training_2.py:76: UserWarning: Epoch 0/100 181/4500  loss: 1.943829816  time 8.97s
  warnings.warn(
/home/karimimonsefi.1/SSL_VAN/pretrain/training_2.py:76: UserWarning: Epoch 0/100 182/4500  loss: 1.955725772  time 0.70s
  warnings.warn(
/home/karimimonsefi.1/SSL_VAN/pretrain/training_2.py:76: UserWarning: Epoch 0/100 183/4500  loss: 1.951067172  time 0.77s
  warnings.warn(
/home/karimimonsefi.1/SSL_VAN/pretrain/training_2.py:76: UserWarning: Epoch 0/100 184/4500  loss: 1.940801144  time 6.25s
  warnings.warn(
/home/karimimonsefi.1/SSL_VAN/pretrain/training_2.py:76: UserWarning: Epoch 0/100 185/4500  loss: 1.941339995  time 0.79s
  warnings.warn(
/home/karimimonsefi.1/SSL_VAN/pretrain/training_2.py:76: UserWarning: Epoch 0/100 186/4500  loss: 1.935068013  time 0.86s
  warnings.warn(
/home/karimimonsefi.1/SSL_VAN/pretrain/training_2.py:76: UserWarning: Epoch 0/100 187/4500  loss: 1.941462636  time 0.80s
  warnings.warn(
/home/karimimonsefi.1/SSL_VAN/pretrain/training_2.py:76: UserWarning: Epoch 0/100 188/4500  loss: 1.945987509  time 0.78s
  warnings.warn(
/home/karimimonsefi.1/SSL_VAN/pretrain/training_2.py:76: UserWarning: Epoch 0/100 189/4500  loss: 1.941177406  time 15.88s
  warnings.warn(
/home/karimimonsefi.1/SSL_VAN/pretrain/training_2.py:76: UserWarning: Epoch 0/100 190/4500  loss: 1.933823940  time 0.86s
  warnings.warn(
/home/karimimonsefi.1/SSL_VAN/pretrain/training_2.py:76: UserWarning: Epoch 0/100 191/4500  loss: 1.941376742  time 0.80s
  warnings.warn(
/home/karimimonsefi.1/SSL_VAN/pretrain/training_2.py:76: UserWarning: Epoch 0/100 192/4500  loss: 1.942486775  time 0.83s
  warnings.warn(
/home/karimimonsefi.1/SSL_VAN/pretrain/training_2.py:76: UserWarning: Epoch 0/100 193/4500  loss: 1.957288282  time 0.79s
  warnings.warn(
/home/karimimonsefi.1/SSL_VAN/pretrain/training_2.py:76: UserWarning: Epoch 0/100 194/4500  loss: 1.961156644  time 0.90s
  warnings.warn(
/home/karimimonsefi.1/SSL_VAN/pretrain/training_2.py:76: UserWarning: Epoch 0/100 195/4500  loss: 1.952877571  time 0.84s
  warnings.warn(
/home/karimimonsefi.1/SSL_VAN/pretrain/training_2.py:76: UserWarning: Epoch 0/100 196/4500  loss: 1.953245742  time 0.85s
  warnings.warn(
/home/karimimonsefi.1/SSL_VAN/pretrain/training_2.py:76: UserWarning: Epoch 0/100 197/4500  loss: 1.971912027  time 30.67s
  warnings.warn(
/home/karimimonsefi.1/SSL_VAN/pretrain/training_2.py:76: UserWarning: Epoch 0/100 198/4500  loss: 1.977884604  time 0.94s
  warnings.warn(
/home/karimimonsefi.1/SSL_VAN/pretrain/training_2.py:76: UserWarning: Epoch 0/100 199/4500  loss: 1.979782164  time 0.85s
  warnings.warn(
/home/karimimonsefi.1/SSL_VAN/pretrain/training_2.py:80: UserWarning: SAVED => Epoch 0/100 199/4500  loss: 1.979782164, last best: 1.809953970,  time 0.85s
  warnings.warn(
/home/karimimonsefi.1/SSL_VAN/pretrain/training_2.py:107: UserWarning: Saving checkpoint ./runs/pre_train_1/test_log/pre_train_64-128-256-512_3-4-6-3_8-8-4-4_vae_inferer_valid_loader_PREVANV412_20_500_128_True_5_pre_version2__final.pt
  warnings.warn(f"Saving checkpoint {filename}")
/home/karimimonsefi.1/SSL_VAN/pretrain/training_2.py:76: UserWarning: Epoch 0/100 200/4500  loss: 1.987618749  time 0.90s
  warnings.warn(
/home/karimimonsefi.1/SSL_VAN/pretrain/training_2.py:76: UserWarning: Epoch 0/100 201/4500  loss: 1.984874098  time 0.84s
  warnings.warn(
/home/karimimonsefi.1/SSL_VAN/pretrain/training_2.py:76: UserWarning: Epoch 0/100 202/4500  loss: 1.986175007  time 0.77s
  warnings.warn(
/home/karimimonsefi.1/SSL_VAN/pretrain/training_2.py:76: UserWarning: Epoch 0/100 203/4500  loss: 1.989139642  time 0.74s
  warnings.warn(
/home/karimimonsefi.1/SSL_VAN/pretrain/training_2.py:76: UserWarning: Epoch 0/100 204/4500  loss: 1.980393824  time 0.88s
  warnings.warn(
/home/karimimonsefi.1/SSL_VAN/pretrain/training_2.py:76: UserWarning: Epoch 0/100 205/4500  loss: 1.989322328  time 0.90s
  warnings.warn(
/home/karimimonsefi.1/SSL_VAN/pretrain/training_2.py:76: UserWarning: Epoch 0/100 206/4500  loss: 1.991887847  time 0.79s
  warnings.warn(
/home/karimimonsefi.1/SSL_VAN/pretrain/training_2.py:76: UserWarning: Epoch 0/100 207/4500  loss: 1.987084580  time 0.83s
  warnings.warn(
/home/karimimonsefi.1/SSL_VAN/pretrain/training_2.py:76: UserWarning: Epoch 0/100 208/4500  loss: 1.984230134  time 0.91s
  warnings.warn(
/home/karimimonsefi.1/SSL_VAN/pretrain/training_2.py:76: UserWarning: Epoch 0/100 209/4500  loss: 1.993945818  time 0.81s
  warnings.warn(
/home/karimimonsefi.1/SSL_VAN/pretrain/training_2.py:76: UserWarning: Epoch 0/100 210/4500  loss: 1.995382519  time 0.77s
  warnings.warn(
/home/karimimonsefi.1/SSL_VAN/pretrain/training_2.py:76: UserWarning: Epoch 0/100 211/4500  loss: 1.996163501  time 0.75s
  warnings.warn(
/home/karimimonsefi.1/SSL_VAN/pretrain/training_2.py:76: UserWarning: Epoch 0/100 212/4500  loss: 1.992047740  time 0.90s
  warnings.warn(
/home/karimimonsefi.1/SSL_VAN/pretrain/training_2.py:76: UserWarning: Epoch 0/100 213/4500  loss: 1.987192204  time 0.72s
  warnings.warn(
/home/karimimonsefi.1/SSL_VAN/pretrain/training_2.py:76: UserWarning: Epoch 0/100 214/4500  loss: 1.980802738  time 30.58s
  warnings.warn(
/home/karimimonsefi.1/SSL_VAN/pretrain/training_2.py:76: UserWarning: Epoch 0/100 215/4500  loss: 1.974601887  time 0.72s
  warnings.warn(
/home/karimimonsefi.1/SSL_VAN/pretrain/training_2.py:76: UserWarning: Epoch 0/100 216/4500  loss: 1.975481059  time 0.70s
  warnings.warn(
/home/karimimonsefi.1/SSL_VAN/pretrain/training_2.py:76: UserWarning: Epoch 0/100 217/4500  loss: 1.971647935  time 0.80s
  warnings.warn(
/home/karimimonsefi.1/SSL_VAN/pretrain/training_2.py:76: UserWarning: Epoch 0/100 218/4500  loss: 1.977986631  time 0.75s
  warnings.warn(
/home/karimimonsefi.1/SSL_VAN/pretrain/training_2.py:76: UserWarning: Epoch 0/100 219/4500  loss: 1.975432197  time 20.32s
  warnings.warn(
/home/karimimonsefi.1/SSL_VAN/pretrain/training_2.py:76: UserWarning: Epoch 0/100 220/4500  loss: 1.978159951  time 0.77s
  warnings.warn(
/home/karimimonsefi.1/SSL_VAN/pretrain/training_2.py:76: UserWarning: Epoch 0/100 221/4500  loss: 1.970014937  time 0.96s
  warnings.warn(
/home/karimimonsefi.1/SSL_VAN/pretrain/training_2.py:76: UserWarning: Epoch 0/100 222/4500  loss: 1.962549491  time 0.74s
  warnings.warn(
/home/karimimonsefi.1/SSL_VAN/pretrain/training_2.py:76: UserWarning: Epoch 0/100 223/4500  loss: 1.967090209  time 0.71s
  warnings.warn(
/home/karimimonsefi.1/SSL_VAN/pretrain/training_2.py:76: UserWarning: Epoch 0/100 224/4500  loss: 1.970205107  time 0.85s
  warnings.warn(
/home/karimimonsefi.1/SSL_VAN/pretrain/training_2.py:76: UserWarning: Epoch 0/100 225/4500  loss: 1.965539203  time 0.77s
  warnings.warn(
/home/karimimonsefi.1/SSL_VAN/pretrain/training_2.py:76: UserWarning: Epoch 0/100 226/4500  loss: 1.970687129  time 0.73s
  warnings.warn(
/home/karimimonsefi.1/SSL_VAN/pretrain/training_2.py:76: UserWarning: Epoch 0/100 227/4500  loss: 1.968755021  time 25.07s
  warnings.warn(
/home/karimimonsefi.1/SSL_VAN/pretrain/training_2.py:76: UserWarning: Epoch 0/100 228/4500  loss: 1.961108332  time 0.69s
  warnings.warn(
/home/karimimonsefi.1/SSL_VAN/pretrain/training_2.py:76: UserWarning: Epoch 0/100 229/4500  loss: 1.963763126  time 0.78s
  warnings.warn(
/home/karimimonsefi.1/SSL_VAN/pretrain/training_2.py:76: UserWarning: Epoch 0/100 230/4500  loss: 1.962998108  time 0.86s
  warnings.warn(
/home/karimimonsefi.1/SSL_VAN/pretrain/training_2.py:76: UserWarning: Epoch 0/100 231/4500  loss: 1.972114869  time 0.89s
  warnings.warn(
/home/karimimonsefi.1/SSL_VAN/pretrain/training_2.py:76: UserWarning: Epoch 0/100 232/4500  loss: 1.965497170  time 0.90s
  warnings.warn(
/home/karimimonsefi.1/SSL_VAN/pretrain/training_2.py:76: UserWarning: Epoch 0/100 233/4500  loss: 1.970806332  time 0.70s
  warnings.warn(
/home/karimimonsefi.1/SSL_VAN/pretrain/training_2.py:76: UserWarning: Epoch 0/100 234/4500  loss: 1.970268779  time 0.76s
  warnings.warn(
/home/karimimonsefi.1/SSL_VAN/pretrain/training_2.py:76: UserWarning: Epoch 0/100 235/4500  loss: 1.966938134  time 2.18s
  warnings.warn(
/home/karimimonsefi.1/SSL_VAN/pretrain/training_2.py:76: UserWarning: Epoch 0/100 236/4500  loss: 1.979488322  time 0.74s
  warnings.warn(
/home/karimimonsefi.1/SSL_VAN/pretrain/training_2.py:76: UserWarning: Epoch 0/100 237/4500  loss: 1.978444604  time 0.81s
  warnings.warn(
/home/karimimonsefi.1/SSL_VAN/pretrain/training_2.py:76: UserWarning: Epoch 0/100 238/4500  loss: 1.976234796  time 0.71s
  warnings.warn(
/home/karimimonsefi.1/SSL_VAN/pretrain/training_2.py:76: UserWarning: Epoch 0/100 239/4500  loss: 1.970793830  time 0.79s
  warnings.warn(
/home/karimimonsefi.1/SSL_VAN/pretrain/training_2.py:76: UserWarning: Epoch 0/100 240/4500  loss: 1.971595061  time 0.83s
  warnings.warn(
/home/karimimonsefi.1/SSL_VAN/pretrain/training_2.py:76: UserWarning: Epoch 0/100 241/4500  loss: 1.969372630  time 10.55s
  warnings.warn(
/home/karimimonsefi.1/SSL_VAN/pretrain/training_2.py:76: UserWarning: Epoch 0/100 242/4500  loss: 1.967660449  time 0.77s
  warnings.warn(
/home/karimimonsefi.1/SSL_VAN/pretrain/training_2.py:76: UserWarning: Epoch 0/100 243/4500  loss: 1.969161439  time 44.00s
  warnings.warn(
/home/karimimonsefi.1/SSL_VAN/pretrain/training_2.py:76: UserWarning: Epoch 0/100 244/4500  loss: 1.971071743  time 0.93s
  warnings.warn(
/home/karimimonsefi.1/SSL_VAN/pretrain/training_2.py:76: UserWarning: Epoch 0/100 245/4500  loss: 1.964474229  time 0.76s
  warnings.warn(
/home/karimimonsefi.1/SSL_VAN/pretrain/training_2.py:76: UserWarning: Epoch 0/100 246/4500  loss: 1.981179990  time 0.80s
  warnings.warn(
/home/karimimonsefi.1/SSL_VAN/pretrain/training_2.py:76: UserWarning: Epoch 0/100 247/4500  loss: 1.982422814  time 0.87s
  warnings.warn(
/home/karimimonsefi.1/SSL_VAN/pretrain/training_2.py:76: UserWarning: Epoch 0/100 248/4500  loss: 1.975894102  time 0.81s
  warnings.warn(
/home/karimimonsefi.1/SSL_VAN/pretrain/training_2.py:76: UserWarning: Epoch 0/100 249/4500  loss: 1.977257686  time 0.73s
  warnings.warn(
/home/karimimonsefi.1/SSL_VAN/pretrain/training_2.py:76: UserWarning: Epoch 0/100 250/4500  loss: 1.974809467  time 0.74s
  warnings.warn(
/home/karimimonsefi.1/SSL_VAN/pretrain/training_2.py:76: UserWarning: Epoch 0/100 251/4500  loss: 1.973896474  time 46.77s
  warnings.warn(
/home/karimimonsefi.1/SSL_VAN/pretrain/training_2.py:76: UserWarning: Epoch 0/100 252/4500  loss: 1.997725376  time 0.86s
  warnings.warn(
/home/karimimonsefi.1/SSL_VAN/pretrain/training_2.py:76: UserWarning: Epoch 0/100 253/4500  loss: 2.007347168  time 0.79s
  warnings.warn(
/home/karimimonsefi.1/SSL_VAN/pretrain/training_2.py:76: UserWarning: Epoch 0/100 254/4500  loss: 2.012793338  time 0.79s
  warnings.warn(
/home/karimimonsefi.1/SSL_VAN/pretrain/training_2.py:76: UserWarning: Epoch 0/100 255/4500  loss: 2.015982404  time 0.70s
  warnings.warn(
/home/karimimonsefi.1/SSL_VAN/pretrain/training_2.py:76: UserWarning: Epoch 0/100 256/4500  loss: 2.014772101  time 0.92s
  warnings.warn(
/home/karimimonsefi.1/SSL_VAN/pretrain/training_2.py:76: UserWarning: Epoch 0/100 257/4500  loss: 2.011377970  time 0.84s
  warnings.warn(
/home/karimimonsefi.1/SSL_VAN/pretrain/training_2.py:76: UserWarning: Epoch 0/100 258/4500  loss: 2.014698566  time 0.86s
  warnings.warn(
/home/karimimonsefi.1/SSL_VAN/pretrain/training_2.py:76: UserWarning: Epoch 0/100 259/4500  loss: 2.008965455  time 85.32s
  warnings.warn(
/home/karimimonsefi.1/SSL_VAN/pretrain/training_2.py:76: UserWarning: Epoch 0/100 260/4500  loss: 2.008558044  time 0.83s
  warnings.warn(
/home/karimimonsefi.1/SSL_VAN/pretrain/training_2.py:76: UserWarning: Epoch 0/100 261/4500  loss: 2.009282951  time 0.74s
  warnings.warn(
/home/karimimonsefi.1/SSL_VAN/pretrain/training_2.py:76: UserWarning: Epoch 0/100 262/4500  loss: 2.002523184  time 0.69s
  warnings.warn(
/home/karimimonsefi.1/SSL_VAN/pretrain/training_2.py:76: UserWarning: Epoch 0/100 263/4500  loss: 1.996181908  time 0.91s
  warnings.warn(
/home/karimimonsefi.1/SSL_VAN/pretrain/training_2.py:76: UserWarning: Epoch 0/100 264/4500  loss: 2.000436440  time 0.74s
  warnings.warn(
/home/karimimonsefi.1/SSL_VAN/pretrain/training_2.py:76: UserWarning: Epoch 0/100 265/4500  loss: 2.004958318  time 0.89s
  warnings.warn(
/home/karimimonsefi.1/SSL_VAN/pretrain/training_2.py:76: UserWarning: Epoch 0/100 266/4500  loss: 2.013705036  time 0.79s
  warnings.warn(
/home/karimimonsefi.1/SSL_VAN/pretrain/training_2.py:76: UserWarning: Epoch 0/100 267/4500  loss: 2.011606611  time 0.79s
  warnings.warn(
/home/karimimonsefi.1/SSL_VAN/pretrain/training_2.py:76: UserWarning: Epoch 0/100 268/4500  loss: 2.008470514  time 0.82s
  warnings.warn(
/home/karimimonsefi.1/SSL_VAN/pretrain/training_2.py:76: UserWarning: Epoch 0/100 269/4500  loss: 2.002115044  time 0.82s
  warnings.warn(
/home/karimimonsefi.1/SSL_VAN/pretrain/training_2.py:76: UserWarning: Epoch 0/100 270/4500  loss: 2.009367190  time 0.83s
  warnings.warn(
/home/karimimonsefi.1/SSL_VAN/pretrain/training_2.py:76: UserWarning: Epoch 0/100 271/4500  loss: 2.009885635  time 0.76s
  warnings.warn(
/home/karimimonsefi.1/SSL_VAN/pretrain/training_2.py:76: UserWarning: Epoch 0/100 272/4500  loss: 2.005701050  time 0.77s
  warnings.warn(
/home/karimimonsefi.1/SSL_VAN/pretrain/training_2.py:76: UserWarning: Epoch 0/100 273/4500  loss: 2.008164104  time 0.82s
  warnings.warn(
/home/karimimonsefi.1/SSL_VAN/pretrain/training_2.py:76: UserWarning: Epoch 0/100 274/4500  loss: 2.002775359  time 0.70s
  warnings.warn(
/home/karimimonsefi.1/SSL_VAN/pretrain/training_2.py:76: UserWarning: Epoch 0/100 275/4500  loss: 2.004291650  time 0.75s
  warnings.warn(
/home/karimimonsefi.1/SSL_VAN/pretrain/training_2.py:76: UserWarning: Epoch 0/100 276/4500  loss: 1.997769471  time 51.46s
  warnings.warn(
/home/karimimonsefi.1/SSL_VAN/pretrain/training_2.py:76: UserWarning: Epoch 0/100 277/4500  loss: 2.004732727  time 0.83s
  warnings.warn(
/home/karimimonsefi.1/SSL_VAN/pretrain/training_2.py:76: UserWarning: Epoch 0/100 278/4500  loss: 1.998457693  time 0.77s
  warnings.warn(
/home/karimimonsefi.1/SSL_VAN/pretrain/training_2.py:76: UserWarning: Epoch 0/100 279/4500  loss: 1.993994800  time 0.81s
  warnings.warn(
/home/karimimonsefi.1/SSL_VAN/pretrain/training_2.py:76: UserWarning: Epoch 0/100 280/4500  loss: 1.992738756  time 1.52s
  warnings.warn(
/home/karimimonsefi.1/SSL_VAN/pretrain/training_2.py:76: UserWarning: Epoch 0/100 281/4500  loss: 1.995185744  time 0.82s
  warnings.warn(
/home/karimimonsefi.1/SSL_VAN/pretrain/training_2.py:76: UserWarning: Epoch 0/100 282/4500  loss: 1.994017950  time 0.76s
  warnings.warn(
/home/karimimonsefi.1/SSL_VAN/pretrain/training_2.py:76: UserWarning: Epoch 0/100 283/4500  loss: 1.988146092  time 0.81s
  warnings.warn(
/home/karimimonsefi.1/SSL_VAN/pretrain/training_2.py:76: UserWarning: Epoch 0/100 284/4500  loss: 1.988332744  time 4.60s
  warnings.warn(
/home/karimimonsefi.1/SSL_VAN/pretrain/training_2.py:76: UserWarning: Epoch 0/100 285/4500  loss: 1.989761784  time 0.71s
  warnings.warn(
/home/karimimonsefi.1/SSL_VAN/pretrain/training_2.py:76: UserWarning: Epoch 0/100 286/4500  loss: 1.990094798  time 0.73s
  warnings.warn(
/home/karimimonsefi.1/SSL_VAN/pretrain/training_2.py:76: UserWarning: Epoch 0/100 287/4500  loss: 1.988065723  time 0.62s
  warnings.warn(
/home/karimimonsefi.1/SSL_VAN/pretrain/training_2.py:76: UserWarning: Epoch 0/100 288/4500  loss: 1.983477198  time 99.47s
  warnings.warn(
/home/karimimonsefi.1/SSL_VAN/pretrain/training_2.py:76: UserWarning: Epoch 0/100 289/4500  loss: 1.987989052  time 1.00s
  warnings.warn(
/home/karimimonsefi.1/SSL_VAN/pretrain/training_2.py:76: UserWarning: Epoch 0/100 290/4500  loss: 1.996459290  time 0.92s
  warnings.warn(
/home/karimimonsefi.1/SSL_VAN/pretrain/training_2.py:76: UserWarning: Epoch 0/100 291/4500  loss: 1.989701927  time 0.77s
  warnings.warn(
/home/karimimonsefi.1/SSL_VAN/pretrain/training_2.py:76: UserWarning: Epoch 0/100 292/4500  loss: 1.997180532  time 0.82s
  warnings.warn(
/home/karimimonsefi.1/SSL_VAN/pretrain/training_2.py:76: UserWarning: Epoch 0/100 293/4500  loss: 2.002933567  time 0.88s
  warnings.warn(
/home/karimimonsefi.1/SSL_VAN/pretrain/training_2.py:76: UserWarning: Epoch 0/100 294/4500  loss: 1.998491264  time 0.89s
  warnings.warn(
/home/karimimonsefi.1/SSL_VAN/pretrain/training_2.py:76: UserWarning: Epoch 0/100 295/4500  loss: 1.998907230  time 0.76s
  warnings.warn(
/home/karimimonsefi.1/SSL_VAN/pretrain/training_2.py:76: UserWarning: Epoch 0/100 296/4500  loss: 2.004195927  time 1.68s
  warnings.warn(
/home/karimimonsefi.1/SSL_VAN/pretrain/training_2.py:76: UserWarning: Epoch 0/100 297/4500  loss: 2.004345773  time 0.67s
  warnings.warn(
/home/karimimonsefi.1/SSL_VAN/pretrain/training_2.py:76: UserWarning: Epoch 0/100 298/4500  loss: 2.006067091  time 0.80s
  warnings.warn(
/home/karimimonsefi.1/SSL_VAN/pretrain/training_2.py:76: UserWarning: Epoch 0/100 299/4500  loss: 2.005789003  time 0.75s
  warnings.warn(
/home/karimimonsefi.1/SSL_VAN/pretrain/training_2.py:80: UserWarning: SAVED => Epoch 0/100 299/4500  loss: 2.005789003, last best: 1.979782164,  time 0.75s
  warnings.warn(
/home/karimimonsefi.1/SSL_VAN/pretrain/training_2.py:107: UserWarning: Saving checkpoint ./runs/pre_train_1/test_log/pre_train_64-128-256-512_3-4-6-3_8-8-4-4_vae_inferer_valid_loader_PREVANV412_20_500_128_True_5_pre_version2__final.pt
  warnings.warn(f"Saving checkpoint {filename}")
/home/karimimonsefi.1/SSL_VAN/pretrain/training_2.py:76: UserWarning: Epoch 0/100 300/4500  loss: 2.000250309  time 0.80s
  warnings.warn(
/home/karimimonsefi.1/SSL_VAN/pretrain/training_2.py:76: UserWarning: Epoch 0/100 301/4500  loss: 1.999597534  time 0.87s
  warnings.warn(
/home/karimimonsefi.1/SSL_VAN/pretrain/training_2.py:76: UserWarning: Epoch 0/100 302/4500  loss: 1.994917381  time 0.71s
  warnings.warn(
/home/karimimonsefi.1/SSL_VAN/pretrain/training_2.py:76: UserWarning: Epoch 0/100 303/4500  loss: 1.990509185  time 0.69s
  warnings.warn(
/home/karimimonsefi.1/SSL_VAN/pretrain/training_2.py:76: UserWarning: Epoch 0/100 304/4500  loss: 1.990784592  time 96.28s
  warnings.warn(
/home/karimimonsefi.1/SSL_VAN/pretrain/training_2.py:76: UserWarning: Epoch 0/100 305/4500  loss: 2.001495530  time 0.78s
  warnings.warn(
/home/karimimonsefi.1/SSL_VAN/pretrain/training_2.py:76: UserWarning: Epoch 0/100 306/4500  loss: 2.002830361  time 0.90s
  warnings.warn(
/home/karimimonsefi.1/SSL_VAN/pretrain/training_2.py:76: UserWarning: Epoch 0/100 307/4500  loss: 1.997877942  time 0.74s
  warnings.warn(
/home/karimimonsefi.1/SSL_VAN/pretrain/training_2.py:76: UserWarning: Epoch 0/100 308/4500  loss: 1.996193404  time 0.80s
  warnings.warn(
/home/karimimonsefi.1/SSL_VAN/pretrain/training_2.py:76: UserWarning: Epoch 0/100 309/4500  loss: 1.997086449  time 0.99s
  warnings.warn(
/home/karimimonsefi.1/SSL_VAN/pretrain/training_2.py:76: UserWarning: Epoch 0/100 310/4500  loss: 1.994615811  time 0.87s
  warnings.warn(
/home/karimimonsefi.1/SSL_VAN/pretrain/training_2.py:76: UserWarning: Epoch 0/100 311/4500  loss: 1.993498911  time 0.90s
  warnings.warn(
/home/karimimonsefi.1/SSL_VAN/pretrain/training_2.py:76: UserWarning: Epoch 0/100 312/4500  loss: 1.992512953  time 39.44s
  warnings.warn(
/home/karimimonsefi.1/SSL_VAN/pretrain/training_2.py:76: UserWarning: Epoch 0/100 313/4500  loss: 1.988126431  time 28.72s
  warnings.warn(
/home/karimimonsefi.1/SSL_VAN/pretrain/training_2.py:76: UserWarning: Epoch 0/100 314/4500  loss: 1.991760068  time 0.75s
  warnings.warn(
/home/karimimonsefi.1/SSL_VAN/pretrain/training_2.py:76: UserWarning: Epoch 0/100 315/4500  loss: 1.996152043  time 0.67s
  warnings.warn(
/home/karimimonsefi.1/SSL_VAN/pretrain/training_2.py:76: UserWarning: Epoch 0/100 316/4500  loss: 1.992495744  time 0.88s
  warnings.warn(
/home/karimimonsefi.1/SSL_VAN/pretrain/training_2.py:76: UserWarning: Epoch 0/100 317/4500  loss: 1.987729837  time 0.63s
  warnings.warn(
/home/karimimonsefi.1/SSL_VAN/pretrain/training_2.py:76: UserWarning: Epoch 0/100 318/4500  loss: 1.987475953  time 0.79s
  warnings.warn(
/home/karimimonsefi.1/SSL_VAN/pretrain/training_2.py:76: UserWarning: Epoch 0/100 319/4500  loss: 1.986447786  time 0.77s
  warnings.warn(
/home/karimimonsefi.1/SSL_VAN/pretrain/training_2.py:76: UserWarning: Epoch 0/100 320/4500  loss: 1.985517689  time 0.87s
  warnings.warn(
/home/karimimonsefi.1/SSL_VAN/pretrain/training_2.py:76: UserWarning: Epoch 0/100 321/4500  loss: 1.987743470  time 205.75s
  warnings.warn(
/home/karimimonsefi.1/SSL_VAN/pretrain/training_2.py:76: UserWarning: Epoch 0/100 322/4500  loss: 1.985038248  time 0.78s
  warnings.warn(
/home/karimimonsefi.1/SSL_VAN/pretrain/training_2.py:76: UserWarning: Epoch 0/100 323/4500  loss: 1.986490647  time 0.81s
  warnings.warn(
/home/karimimonsefi.1/SSL_VAN/pretrain/training_2.py:76: UserWarning: Epoch 0/100 324/4500  loss: 1.983288039  time 0.83s
  warnings.warn(
/home/karimimonsefi.1/SSL_VAN/pretrain/training_2.py:76: UserWarning: Epoch 0/100 325/4500  loss: 1.983420424  time 0.78s
  warnings.warn(
/home/karimimonsefi.1/SSL_VAN/pretrain/training_2.py:76: UserWarning: Epoch 0/100 326/4500  loss: 1.983478980  time 0.90s
  warnings.warn(
/home/karimimonsefi.1/SSL_VAN/pretrain/training_2.py:76: UserWarning: Epoch 0/100 327/4500  loss: 1.987444674  time 0.77s
  warnings.warn(
/home/karimimonsefi.1/SSL_VAN/pretrain/training_2.py:76: UserWarning: Epoch 0/100 328/4500  loss: 1.987223377  time 0.82s
  warnings.warn(
/home/karimimonsefi.1/SSL_VAN/pretrain/training_2.py:76: UserWarning: Epoch 0/100 329/4500  loss: 1.983767319  time 0.82s
  warnings.warn(
/home/karimimonsefi.1/SSL_VAN/pretrain/training_2.py:76: UserWarning: Epoch 0/100 330/4500  loss: 1.990641242  time 0.84s
  warnings.warn(
/home/karimimonsefi.1/SSL_VAN/pretrain/training_2.py:76: UserWarning: Epoch 0/100 331/4500  loss: 1.988203008  time 0.78s
  warnings.warn(
/home/karimimonsefi.1/SSL_VAN/pretrain/training_2.py:76: UserWarning: Epoch 0/100 332/4500  loss: 1.985456046  time 0.79s
  warnings.warn(
/home/karimimonsefi.1/SSL_VAN/pretrain/training_2.py:76: UserWarning: Epoch 0/100 333/4500  loss: 1.986499670  time 0.77s
  warnings.warn(
/home/karimimonsefi.1/SSL_VAN/pretrain/training_2.py:76: UserWarning: Epoch 0/100 334/4500  loss: 1.987766660  time 0.72s
  warnings.warn(
/home/karimimonsefi.1/SSL_VAN/pretrain/training_2.py:76: UserWarning: Epoch 0/100 335/4500  loss: 1.987224781  time 0.92s
  warnings.warn(
/home/karimimonsefi.1/SSL_VAN/pretrain/training_2.py:76: UserWarning: Epoch 0/100 336/4500  loss: 1.986823127  time 0.79s
  warnings.warn(
/home/karimimonsefi.1/SSL_VAN/pretrain/training_2.py:76: UserWarning: Epoch 0/100 337/4500  loss: 1.987474343  time 0.72s
  warnings.warn(
/home/karimimonsefi.1/SSL_VAN/pretrain/training_2.py:76: UserWarning: Epoch 0/100 338/4500  loss: 1.994835113  time 0.87s
  warnings.warn(
/home/karimimonsefi.1/SSL_VAN/pretrain/training_2.py:76: UserWarning: Epoch 0/100 339/4500  loss: 1.996347642  time 4.93s
  warnings.warn(
/home/karimimonsefi.1/SSL_VAN/pretrain/training_2.py:76: UserWarning: Epoch 0/100 340/4500  loss: 1.992300908  time 0.73s
  warnings.warn(
/home/karimimonsefi.1/SSL_VAN/pretrain/training_2.py:76: UserWarning: Epoch 0/100 341/4500  loss: 1.990157822  time 0.84s
  warnings.warn(
/home/karimimonsefi.1/SSL_VAN/pretrain/training_2.py:76: UserWarning: Epoch 0/100 342/4500  loss: 1.989710824  time 3.46s
  warnings.warn(
/home/karimimonsefi.1/SSL_VAN/pretrain/training_2.py:76: UserWarning: Epoch 0/100 343/4500  loss: 1.991225839  time 87.42s
  warnings.warn(
/home/karimimonsefi.1/SSL_VAN/pretrain/training_2.py:76: UserWarning: Epoch 0/100 344/4500  loss: 1.993309101  time 0.74s
  warnings.warn(
/home/karimimonsefi.1/SSL_VAN/pretrain/training_2.py:76: UserWarning: Epoch 0/100 345/4500  loss: 1.996585254  time 0.77s
  warnings.warn(
/home/karimimonsefi.1/SSL_VAN/pretrain/training_2.py:76: UserWarning: Epoch 0/100 346/4500  loss: 1.993407144  time 0.80s
  warnings.warn(
/home/karimimonsefi.1/SSL_VAN/pretrain/training_2.py:76: UserWarning: Epoch 0/100 347/4500  loss: 1.996290151  time 0.84s
  warnings.warn(
/home/karimimonsefi.1/SSL_VAN/pretrain/training_2.py:76: UserWarning: Epoch 0/100 348/4500  loss: 1.994535370  time 0.77s
  warnings.warn(
/home/karimimonsefi.1/SSL_VAN/pretrain/training_2.py:76: UserWarning: Epoch 0/100 349/4500  loss: 1.994580949  time 0.77s
  warnings.warn(
/home/karimimonsefi.1/SSL_VAN/pretrain/training_2.py:76: UserWarning: Epoch 0/100 350/4500  loss: 1.994880867  time 0.79s
  warnings.warn(
/home/karimimonsefi.1/SSL_VAN/pretrain/training_2.py:76: UserWarning: Epoch 0/100 351/4500  loss: 1.990152518  time 0.84s
  warnings.warn(
/home/karimimonsefi.1/SSL_VAN/pretrain/training_2.py:76: UserWarning: Epoch 0/100 352/4500  loss: 1.986375884  time 35.65s
  warnings.warn(
/home/karimimonsefi.1/SSL_VAN/pretrain/training_2.py:76: UserWarning: Epoch 0/100 353/4500  loss: 1.987488445  time 38.30s
  warnings.warn(
/home/karimimonsefi.1/SSL_VAN/pretrain/training_2.py:76: UserWarning: Epoch 0/100 354/4500  loss: 1.989151861  time 0.69s
  warnings.warn(
/home/karimimonsefi.1/SSL_VAN/pretrain/training_2.py:76: UserWarning: Epoch 0/100 355/4500  loss: 1.984666520  time 0.80s
  warnings.warn(
/home/karimimonsefi.1/SSL_VAN/pretrain/training_2.py:76: UserWarning: Epoch 0/100 356/4500  loss: 1.982557232  time 0.78s
  warnings.warn(
/home/karimimonsefi.1/SSL_VAN/pretrain/training_2.py:76: UserWarning: Epoch 0/100 357/4500  loss: 1.985271620  time 0.81s
  warnings.warn(
/home/karimimonsefi.1/SSL_VAN/pretrain/training_2.py:76: UserWarning: Epoch 0/100 358/4500  loss: 1.988460664  time 0.66s
  warnings.warn(
/home/karimimonsefi.1/SSL_VAN/pretrain/training_2.py:76: UserWarning: Epoch 0/100 359/4500  loss: 1.986482583  time 0.92s
  warnings.warn(
/home/karimimonsefi.1/SSL_VAN/pretrain/training_2.py:76: UserWarning: Epoch 0/100 360/4500  loss: 1.985541198  time 0.74s
  warnings.warn(
/home/karimimonsefi.1/SSL_VAN/pretrain/training_2.py:76: UserWarning: Epoch 0/100 361/4500  loss: 1.983972962  time 88.42s
  warnings.warn(
/home/karimimonsefi.1/SSL_VAN/pretrain/training_2.py:76: UserWarning: Epoch 0/100 362/4500  loss: 1.986914020  time 0.89s
  warnings.warn(
/home/karimimonsefi.1/SSL_VAN/pretrain/training_2.py:76: UserWarning: Epoch 0/100 363/4500  loss: 1.985620560  time 0.80s
  warnings.warn(
/home/karimimonsefi.1/SSL_VAN/pretrain/training_2.py:76: UserWarning: Epoch 0/100 364/4500  loss: 1.984201952  time 0.78s
  warnings.warn(
/home/karimimonsefi.1/SSL_VAN/pretrain/training_2.py:76: UserWarning: Epoch 0/100 365/4500  loss: 1.979514762  time 0.86s
  warnings.warn(
/home/karimimonsefi.1/SSL_VAN/pretrain/training_2.py:76: UserWarning: Epoch 0/100 366/4500  loss: 1.979925784  time 0.86s
  warnings.warn(
/home/karimimonsefi.1/SSL_VAN/pretrain/training_2.py:76: UserWarning: Epoch 0/100 367/4500  loss: 1.975458288  time 0.90s
  warnings.warn(
/home/karimimonsefi.1/SSL_VAN/pretrain/training_2.py:76: UserWarning: Epoch 0/100 368/4500  loss: 1.977117402  time 0.85s
  warnings.warn(
/home/karimimonsefi.1/SSL_VAN/pretrain/training_2.py:76: UserWarning: Epoch 0/100 369/4500  loss: 1.977061862  time 10.91s
  warnings.warn(
/home/karimimonsefi.1/SSL_VAN/pretrain/training_2.py:76: UserWarning: Epoch 0/100 370/4500  loss: 1.977297023  time 0.80s
  warnings.warn(
/home/karimimonsefi.1/SSL_VAN/pretrain/training_2.py:76: UserWarning: Epoch 0/100 371/4500  loss: 1.981572831  time 0.85s
  warnings.warn(
/home/karimimonsefi.1/SSL_VAN/pretrain/training_2.py:76: UserWarning: Epoch 0/100 372/4500  loss: 1.980465899  time 0.81s
  warnings.warn(
/home/karimimonsefi.1/SSL_VAN/pretrain/training_2.py:76: UserWarning: Epoch 0/100 373/4500  loss: 1.977900781  time 0.90s
  warnings.warn(
/home/karimimonsefi.1/SSL_VAN/pretrain/training_2.py:76: UserWarning: Epoch 0/100 374/4500  loss: 1.974322476  time 22.72s
  warnings.warn(
/home/karimimonsefi.1/SSL_VAN/pretrain/training_2.py:76: UserWarning: Epoch 0/100 375/4500  loss: 1.970345431  time 0.81s
  warnings.warn(
/home/karimimonsefi.1/SSL_VAN/pretrain/training_2.py:76: UserWarning: Epoch 0/100 376/4500  loss: 1.969903827  time 0.79s
  warnings.warn(
/home/karimimonsefi.1/SSL_VAN/pretrain/training_2.py:76: UserWarning: Epoch 0/100 377/4500  loss: 1.967204955  time 37.20s
  warnings.warn(
/home/karimimonsefi.1/SSL_VAN/pretrain/training_2.py:76: UserWarning: Epoch 0/100 378/4500  loss: 1.962919799  time 0.75s
  warnings.warn(
/home/karimimonsefi.1/SSL_VAN/pretrain/training_2.py:76: UserWarning: Epoch 0/100 379/4500  loss: 1.962527918  time 0.72s
  warnings.warn(
/home/karimimonsefi.1/SSL_VAN/pretrain/training_2.py:76: UserWarning: Epoch 0/100 380/4500  loss: 1.963995463  time 0.82s
  warnings.warn(
/home/karimimonsefi.1/SSL_VAN/pretrain/training_2.py:76: UserWarning: Epoch 0/100 381/4500  loss: 1.962976288  time 15.48s
  warnings.warn(
/home/karimimonsefi.1/SSL_VAN/pretrain/training_2.py:76: UserWarning: Epoch 0/100 382/4500  loss: 1.960744970  time 44.92s
  warnings.warn(
/home/karimimonsefi.1/SSL_VAN/pretrain/training_2.py:76: UserWarning: Epoch 0/100 383/4500  loss: 1.959810688  time 0.81s
  warnings.warn(
/home/karimimonsefi.1/SSL_VAN/pretrain/training_2.py:76: UserWarning: Epoch 0/100 384/4500  loss: 1.963275094  time 0.79s
  warnings.warn(
/home/karimimonsefi.1/SSL_VAN/pretrain/training_2.py:76: UserWarning: Epoch 0/100 385/4500  loss: 1.966247871  time 0.66s
  warnings.warn(
/home/karimimonsefi.1/SSL_VAN/pretrain/training_2.py:76: UserWarning: Epoch 0/100 386/4500  loss: 1.963721008  time 0.75s
  warnings.warn(
/home/karimimonsefi.1/SSL_VAN/pretrain/training_2.py:76: UserWarning: Epoch 0/100 387/4500  loss: 1.968516998  time 0.73s
  warnings.warn(
/home/karimimonsefi.1/SSL_VAN/pretrain/training_2.py:76: UserWarning: Epoch 0/100 388/4500  loss: 1.969851111  time 0.80s
  warnings.warn(
/home/karimimonsefi.1/SSL_VAN/pretrain/training_2.py:76: UserWarning: Epoch 0/100 389/4500  loss: 1.981457945  time 16.59s
  warnings.warn(
/home/karimimonsefi.1/SSL_VAN/pretrain/training_2.py:76: UserWarning: Epoch 0/100 390/4500  loss: 1.990904200  time 0.94s
  warnings.warn(
/home/karimimonsefi.1/SSL_VAN/pretrain/training_2.py:76: UserWarning: Epoch 0/100 391/4500  loss: 1.989657047  time 0.73s
  warnings.warn(
/home/karimimonsefi.1/SSL_VAN/pretrain/training_2.py:76: UserWarning: Epoch 0/100 392/4500  loss: 1.989911625  time 0.85s
  warnings.warn(
/home/karimimonsefi.1/SSL_VAN/pretrain/training_2.py:76: UserWarning: Epoch 0/100 393/4500  loss: 1.993828810  time 0.78s
  warnings.warn(
/home/karimimonsefi.1/SSL_VAN/pretrain/training_2.py:76: UserWarning: Epoch 0/100 394/4500  loss: 1.995615392  time 0.80s
  warnings.warn(
/home/karimimonsefi.1/SSL_VAN/pretrain/training_2.py:76: UserWarning: Epoch 0/100 395/4500  loss: 1.995256545  time 0.77s
  warnings.warn(
/home/karimimonsefi.1/SSL_VAN/pretrain/training_2.py:76: UserWarning: Epoch 0/100 396/4500  loss: 1.994376992  time 0.86s
  warnings.warn(
/home/karimimonsefi.1/SSL_VAN/pretrain/training_2.py:76: UserWarning: Epoch 0/100 397/4500  loss: 1.993106856  time 8.80s
  warnings.warn(
/home/karimimonsefi.1/SSL_VAN/pretrain/training_2.py:76: UserWarning: Epoch 0/100 398/4500  loss: 1.995019266  time 88.42s
  warnings.warn(
/home/karimimonsefi.1/SSL_VAN/pretrain/training_2.py:76: UserWarning: Epoch 0/100 399/4500  loss: 1.996236064  time 0.82s
  warnings.warn(
/home/karimimonsefi.1/SSL_VAN/pretrain/training_2.py:80: UserWarning: SAVED => Epoch 0/100 399/4500  loss: 1.996236064, last best: 2.005789003,  time 0.82s
  warnings.warn(
/home/karimimonsefi.1/SSL_VAN/pretrain/training_2.py:107: UserWarning: Saving checkpoint ./runs/pre_train_1/test_log/pre_train_64-128-256-512_3-4-6-3_8-8-4-4_vae_inferer_valid_loader_PREVANV412_20_500_128_True_5_pre_version2__final.pt
  warnings.warn(f"Saving checkpoint {filename}")
/home/karimimonsefi.1/SSL_VAN/pretrain/training_2.py:76: UserWarning: Epoch 0/100 400/4500  loss: 1.997115541  time 0.87s
  warnings.warn(
/home/karimimonsefi.1/SSL_VAN/pretrain/training_2.py:76: UserWarning: Epoch 0/100 401/4500  loss: 1.994166438  time 0.90s
  warnings.warn(
/home/karimimonsefi.1/SSL_VAN/pretrain/training_2.py:76: UserWarning: Epoch 0/100 402/4500  loss: 1.993399932  time 0.76s
  warnings.warn(
/home/karimimonsefi.1/SSL_VAN/pretrain/training_2.py:76: UserWarning: Epoch 0/100 403/4500  loss: 1.989873005  time 0.89s
  warnings.warn(
/home/karimimonsefi.1/SSL_VAN/pretrain/training_2.py:76: UserWarning: Epoch 0/100 404/4500  loss: 1.988651365  time 0.90s
  warnings.warn(
/home/karimimonsefi.1/SSL_VAN/pretrain/training_2.py:76: UserWarning: Epoch 0/100 405/4500  loss: 1.991580849  time 0.70s
  warnings.warn(
/home/karimimonsefi.1/SSL_VAN/pretrain/training_2.py:76: UserWarning: Epoch 0/100 406/4500  loss: 1.989365963  time 86.34s
  warnings.warn(
/home/karimimonsefi.1/SSL_VAN/pretrain/training_2.py:76: UserWarning: Epoch 0/100 407/4500  loss: 1.987570513  time 0.86s
  warnings.warn(
/home/karimimonsefi.1/SSL_VAN/pretrain/training_2.py:76: UserWarning: Epoch 0/100 408/4500  loss: 1.984932140  time 0.83s
  warnings.warn(
/home/karimimonsefi.1/SSL_VAN/pretrain/training_2.py:76: UserWarning: Epoch 0/100 409/4500  loss: 1.982973796  time 0.78s
  warnings.warn(
/home/karimimonsefi.1/SSL_VAN/pretrain/training_2.py:76: UserWarning: Epoch 0/100 410/4500  loss: 1.982167273  time 0.77s
  warnings.warn(
/home/karimimonsefi.1/SSL_VAN/pretrain/training_2.py:76: UserWarning: Epoch 0/100 411/4500  loss: 1.981039230  time 0.82s
  warnings.warn(
/home/karimimonsefi.1/SSL_VAN/pretrain/training_2.py:76: UserWarning: Epoch 0/100 412/4500  loss: 1.981643890  time 0.87s
  warnings.warn(
/home/karimimonsefi.1/SSL_VAN/pretrain/training_2.py:76: UserWarning: Epoch 0/100 413/4500  loss: 1.979882852  time 0.77s
  warnings.warn(
/home/karimimonsefi.1/SSL_VAN/pretrain/training_2.py:76: UserWarning: Epoch 0/100 414/4500  loss: 1.976336473  time 59.28s
  warnings.warn(
/home/karimimonsefi.1/SSL_VAN/pretrain/training_2.py:76: UserWarning: Epoch 0/100 415/4500  loss: 1.981830037  time 0.80s
  warnings.warn(
/home/karimimonsefi.1/SSL_VAN/pretrain/training_2.py:76: UserWarning: Epoch 0/100 416/4500  loss: 1.985431404  time 0.74s
  warnings.warn(
/home/karimimonsefi.1/SSL_VAN/pretrain/training_2.py:76: UserWarning: Epoch 0/100 417/4500  loss: 1.987617161  time 0.77s
  warnings.warn(
/home/karimimonsefi.1/SSL_VAN/pretrain/training_2.py:76: UserWarning: Epoch 0/100 418/4500  loss: 1.986932564  time 0.77s
  warnings.warn(
/home/karimimonsefi.1/SSL_VAN/pretrain/training_2.py:76: UserWarning: Epoch 0/100 419/4500  loss: 1.987564033  time 0.82s
  warnings.warn(
/home/karimimonsefi.1/SSL_VAN/pretrain/training_2.py:76: UserWarning: Epoch 0/100 420/4500  loss: 1.986228239  time 0.81s
  warnings.warn(
/home/karimimonsefi.1/SSL_VAN/pretrain/training_2.py:76: UserWarning: Epoch 0/100 421/4500  loss: 1.983108506  time 1.98s
  warnings.warn(
/home/karimimonsefi.1/SSL_VAN/pretrain/training_2.py:76: UserWarning: Epoch 0/100 422/4500  loss: 1.987208921  time 19.18s
  warnings.warn(
/home/karimimonsefi.1/SSL_VAN/pretrain/training_2.py:76: UserWarning: Epoch 0/100 423/4500  loss: 1.982884788  time 0.80s
  warnings.warn(
/home/karimimonsefi.1/SSL_VAN/pretrain/training_2.py:76: UserWarning: Epoch 0/100 424/4500  loss: 1.983365798  time 0.84s
  warnings.warn(
/home/karimimonsefi.1/SSL_VAN/pretrain/training_2.py:76: UserWarning: Epoch 0/100 425/4500  loss: 1.982948577  time 31.64s
  warnings.warn(
/home/karimimonsefi.1/SSL_VAN/pretrain/training_2.py:76: UserWarning: Epoch 0/100 426/4500  loss: 1.980567553  time 0.87s
  warnings.warn(
/home/karimimonsefi.1/SSL_VAN/pretrain/training_2.py:76: UserWarning: Epoch 0/100 427/4500  loss: 1.989427559  time 0.84s
  warnings.warn(
/home/karimimonsefi.1/SSL_VAN/pretrain/training_2.py:76: UserWarning: Epoch 0/100 428/4500  loss: 1.988562166  time 0.77s
  warnings.warn(
/home/karimimonsefi.1/SSL_VAN/pretrain/training_2.py:76: UserWarning: Epoch 0/100 429/4500  loss: 1.989704126  time 0.64s
  warnings.warn(
/home/karimimonsefi.1/SSL_VAN/pretrain/training_2.py:76: UserWarning: Epoch 0/100 430/4500  loss: 1.990446672  time 1.04s
  warnings.warn(
/home/karimimonsefi.1/SSL_VAN/pretrain/training_2.py:76: UserWarning: Epoch 0/100 431/4500  loss: 1.987611966  time 0.83s
  warnings.warn(
/home/karimimonsefi.1/SSL_VAN/pretrain/training_2.py:76: UserWarning: Epoch 0/100 432/4500  loss: 1.983396352  time 0.90s
  warnings.warn(
/home/karimimonsefi.1/SSL_VAN/pretrain/training_2.py:76: UserWarning: Epoch 0/100 433/4500  loss: 1.980908210  time 69.85s
  warnings.warn(
/home/karimimonsefi.1/SSL_VAN/pretrain/training_2.py:76: UserWarning: Epoch 0/100 434/4500  loss: 1.976778809  time 0.79s
  warnings.warn(
/home/karimimonsefi.1/SSL_VAN/pretrain/training_2.py:76: UserWarning: Epoch 0/100 435/4500  loss: 1.979254304  time 0.87s
  warnings.warn(
/home/karimimonsefi.1/SSL_VAN/pretrain/training_2.py:76: UserWarning: Epoch 0/100 436/4500  loss: 1.976573249  time 0.77s
  warnings.warn(
/home/karimimonsefi.1/SSL_VAN/pretrain/training_2.py:76: UserWarning: Epoch 0/100 437/4500  loss: 1.978402414  time 0.80s
  warnings.warn(
/home/karimimonsefi.1/SSL_VAN/pretrain/training_2.py:76: UserWarning: Epoch 0/100 438/4500  loss: 1.983155999  time 0.78s
  warnings.warn(
/home/karimimonsefi.1/SSL_VAN/pretrain/training_2.py:76: UserWarning: Epoch 0/100 439/4500  loss: 1.987773419  time 0.79s
  warnings.warn(
/home/karimimonsefi.1/SSL_VAN/pretrain/training_2.py:76: UserWarning: Epoch 0/100 440/4500  loss: 1.989423249  time 0.78s
  warnings.warn(
/home/karimimonsefi.1/SSL_VAN/pretrain/training_2.py:76: UserWarning: Epoch 0/100 441/4500  loss: 1.987991533  time 23.29s
  warnings.warn(
/home/karimimonsefi.1/SSL_VAN/pretrain/training_2.py:76: UserWarning: Epoch 0/100 442/4500  loss: 1.992966153  time 0.77s
  warnings.warn(
/home/karimimonsefi.1/SSL_VAN/pretrain/training_2.py:76: UserWarning: Epoch 0/100 443/4500  loss: 1.994761854  time 0.75s
  warnings.warn(
/home/karimimonsefi.1/SSL_VAN/pretrain/training_2.py:76: UserWarning: Epoch 0/100 444/4500  loss: 1.993377294  time 0.86s
  warnings.warn(
/home/karimimonsefi.1/SSL_VAN/pretrain/training_2.py:76: UserWarning: Epoch 0/100 445/4500  loss: 1.989685952  time 0.74s
  warnings.warn(
/home/karimimonsefi.1/SSL_VAN/pretrain/training_2.py:76: UserWarning: Epoch 0/100 446/4500  loss: 1.987396454  time 7.91s
  warnings.warn(
/home/karimimonsefi.1/SSL_VAN/pretrain/training_2.py:76: UserWarning: Epoch 0/100 447/4500  loss: 1.989086035  time 0.69s
  warnings.warn(
/home/karimimonsefi.1/SSL_VAN/pretrain/training_2.py:76: UserWarning: Epoch 0/100 448/4500  loss: 1.992525885  time 0.75s
  warnings.warn(
/home/karimimonsefi.1/SSL_VAN/pretrain/training_2.py:76: UserWarning: Epoch 0/100 449/4500  loss: 1.991528522  time 7.92s
  warnings.warn(
/home/karimimonsefi.1/SSL_VAN/pretrain/training_2.py:76: UserWarning: Epoch 0/100 450/4500  loss: 1.990235531  time 71.42s
  warnings.warn(
/home/karimimonsefi.1/SSL_VAN/pretrain/training_2.py:76: UserWarning: Epoch 0/100 451/4500  loss: 1.987330388  time 0.92s
  warnings.warn(
/home/karimimonsefi.1/SSL_VAN/pretrain/training_2.py:76: UserWarning: Epoch 0/100 452/4500  loss: 1.984838079  time 0.81s
  warnings.warn(
/home/karimimonsefi.1/SSL_VAN/pretrain/training_2.py:76: UserWarning: Epoch 0/100 453/4500  loss: 1.987279259  time 0.89s
  warnings.warn(
/home/karimimonsefi.1/SSL_VAN/pretrain/training_2.py:76: UserWarning: Epoch 0/100 454/4500  loss: 1.988501253  time 0.70s
  warnings.warn(
/home/karimimonsefi.1/SSL_VAN/pretrain/training_2.py:76: UserWarning: Epoch 0/100 455/4500  loss: 1.988834219  time 0.74s
  warnings.warn(
/home/karimimonsefi.1/SSL_VAN/pretrain/training_2.py:76: UserWarning: Epoch 0/100 456/4500  loss: 1.989032572  time 0.73s
  warnings.warn(
/home/karimimonsefi.1/SSL_VAN/pretrain/training_2.py:76: UserWarning: Epoch 0/100 457/4500  loss: 1.994234381  time 0.77s
  warnings.warn(
/home/karimimonsefi.1/SSL_VAN/pretrain/training_2.py:76: UserWarning: Epoch 0/100 458/4500  loss: 1.996652785  time 45.22s
  warnings.warn(
/home/karimimonsefi.1/SSL_VAN/pretrain/training_2.py:76: UserWarning: Epoch 0/100 459/4500  loss: 1.993582980  time 0.85s
  warnings.warn(
/home/karimimonsefi.1/SSL_VAN/pretrain/training_2.py:76: UserWarning: Epoch 0/100 460/4500  loss: 1.989634433  time 1.00s
  warnings.warn(
/home/karimimonsefi.1/SSL_VAN/pretrain/training_2.py:76: UserWarning: Epoch 0/100 461/4500  loss: 1.993774927  time 0.71s
  warnings.warn(
/home/karimimonsefi.1/SSL_VAN/pretrain/training_2.py:76: UserWarning: Epoch 0/100 462/4500  loss: 1.992583389  time 0.75s
  warnings.warn(
/home/karimimonsefi.1/SSL_VAN/pretrain/training_2.py:76: UserWarning: Epoch 0/100 463/4500  loss: 1.992206724  time 0.76s
  warnings.warn(
/home/karimimonsefi.1/SSL_VAN/pretrain/training_2.py:76: UserWarning: Epoch 0/100 464/4500  loss: 1.991388016  time 0.68s
  warnings.warn(
/home/karimimonsefi.1/SSL_VAN/pretrain/training_2.py:76: UserWarning: Epoch 0/100 465/4500  loss: 1.992207766  time 8.28s
  warnings.warn(
/home/karimimonsefi.1/SSL_VAN/pretrain/training_2.py:76: UserWarning: Epoch 0/100 466/4500  loss: 1.995754828  time 18.52s
  warnings.warn(
/home/karimimonsefi.1/SSL_VAN/pretrain/training_2.py:76: UserWarning: Epoch 0/100 467/4500  loss: 1.996264297  time 0.77s
  warnings.warn(
/home/karimimonsefi.1/SSL_VAN/pretrain/training_2.py:76: UserWarning: Epoch 0/100 468/4500  loss: 1.992896401  time 0.75s
  warnings.warn(
/home/karimimonsefi.1/SSL_VAN/pretrain/training_2.py:76: UserWarning: Epoch 0/100 469/4500  loss: 1.996626646  time 0.75s
  warnings.warn(
/home/karimimonsefi.1/SSL_VAN/pretrain/training_2.py:76: UserWarning: Epoch 0/100 470/4500  loss: 1.992720147  time 0.81s
  warnings.warn(
/home/karimimonsefi.1/SSL_VAN/pretrain/training_2.py:76: UserWarning: Epoch 0/100 471/4500  loss: 1.992635261  time 0.76s
  warnings.warn(
/home/karimimonsefi.1/SSL_VAN/pretrain/training_2.py:76: UserWarning: Epoch 0/100 472/4500  loss: 1.995070775  time 0.84s
  warnings.warn(
/home/karimimonsefi.1/SSL_VAN/pretrain/training_2.py:76: UserWarning: Epoch 0/100 473/4500  loss: 1.995554558  time 0.71s
  warnings.warn(
/home/karimimonsefi.1/SSL_VAN/pretrain/training_2.py:76: UserWarning: Epoch 0/100 474/4500  loss: 1.992440210  time 71.44s
  warnings.warn(
/home/karimimonsefi.1/SSL_VAN/pretrain/training_2.py:76: UserWarning: Epoch 0/100 475/4500  loss: 1.989081690  time 0.86s
  warnings.warn(
/home/karimimonsefi.1/SSL_VAN/pretrain/training_2.py:76: UserWarning: Epoch 0/100 476/4500  loss: 1.987954901  time 0.80s
  warnings.warn(
/home/karimimonsefi.1/SSL_VAN/pretrain/training_2.py:76: UserWarning: Epoch 0/100 477/4500  loss: 1.986338576  time 0.71s
  warnings.warn(
/home/karimimonsefi.1/SSL_VAN/pretrain/training_2.py:76: UserWarning: Epoch 0/100 478/4500  loss: 1.988382639  time 0.71s
  warnings.warn(
/home/karimimonsefi.1/SSL_VAN/pretrain/training_2.py:76: UserWarning: Epoch 0/100 479/4500  loss: 1.989346636  time 0.76s
  warnings.warn(
/home/karimimonsefi.1/SSL_VAN/pretrain/training_2.py:76: UserWarning: Epoch 0/100 480/4500  loss: 1.990766225  time 0.82s
  warnings.warn(
/home/karimimonsefi.1/SSL_VAN/pretrain/training_2.py:76: UserWarning: Epoch 0/100 481/4500  loss: 1.988809168  time 0.75s
  warnings.warn(
/home/karimimonsefi.1/SSL_VAN/pretrain/training_2.py:76: UserWarning: Epoch 0/100 482/4500  loss: 1.989267350  time 0.79s
  warnings.warn(
/home/karimimonsefi.1/SSL_VAN/pretrain/training_2.py:76: UserWarning: Epoch 0/100 483/4500  loss: 1.994983013  time 0.81s
  warnings.warn(
/home/karimimonsefi.1/SSL_VAN/pretrain/training_2.py:76: UserWarning: Epoch 0/100 484/4500  loss: 1.991578584  time 0.70s
  warnings.warn(
/home/karimimonsefi.1/SSL_VAN/pretrain/training_2.py:76: UserWarning: Epoch 0/100 485/4500  loss: 1.992501443  time 1.86s
  warnings.warn(
/home/karimimonsefi.1/SSL_VAN/pretrain/training_2.py:76: UserWarning: Epoch 0/100 486/4500  loss: 1.994303246  time 0.74s
  warnings.warn(
/home/karimimonsefi.1/SSL_VAN/pretrain/training_2.py:76: UserWarning: Epoch 0/100 487/4500  loss: 1.991552128  time 0.69s
  warnings.warn(
/home/karimimonsefi.1/SSL_VAN/pretrain/training_2.py:76: UserWarning: Epoch 0/100 488/4500  loss: 1.991911665  time 6.20s
  warnings.warn(
/home/karimimonsefi.1/SSL_VAN/pretrain/training_2.py:76: UserWarning: Epoch 0/100 489/4500  loss: 1.994371056  time 0.81s
  warnings.warn(
/home/karimimonsefi.1/SSL_VAN/pretrain/training_2.py:76: UserWarning: Epoch 0/100 490/4500  loss: 2.000935552  time 0.83s
  warnings.warn(
/home/karimimonsefi.1/SSL_VAN/pretrain/training_2.py:76: UserWarning: Epoch 0/100 491/4500  loss: 2.004491365  time 0.80s
  warnings.warn(
/home/karimimonsefi.1/SSL_VAN/pretrain/training_2.py:76: UserWarning: Epoch 0/100 492/4500  loss: 2.001621612  time 38.77s
  warnings.warn(
/home/karimimonsefi.1/SSL_VAN/pretrain/training_2.py:76: UserWarning: Epoch 0/100 493/4500  loss: 2.001635508  time 0.66s
  warnings.warn(
/home/karimimonsefi.1/SSL_VAN/pretrain/training_2.py:76: UserWarning: Epoch 0/100 494/4500  loss: 2.001883017  time 14.82s
  warnings.warn(
/home/karimimonsefi.1/SSL_VAN/pretrain/training_2.py:76: UserWarning: Epoch 0/100 495/4500  loss: 2.005844132  time 0.75s
  warnings.warn(
/home/karimimonsefi.1/SSL_VAN/pretrain/training_2.py:76: UserWarning: Epoch 0/100 496/4500  loss: 2.009128945  time 0.84s
  warnings.warn(
/home/karimimonsefi.1/SSL_VAN/pretrain/training_2.py:76: UserWarning: Epoch 0/100 497/4500  loss: 2.012364770  time 0.65s
  warnings.warn(
/home/karimimonsefi.1/SSL_VAN/pretrain/training_2.py:76: UserWarning: Epoch 0/100 498/4500  loss: 2.012005656  time 0.83s
  warnings.warn(
/home/karimimonsefi.1/SSL_VAN/pretrain/training_2.py:76: UserWarning: Epoch 0/100 499/4500  loss: 2.012472078  time 0.66s
  warnings.warn(
/home/karimimonsefi.1/SSL_VAN/pretrain/training_2.py:80: UserWarning: SAVED => Epoch 0/100 499/4500  loss: 2.012472078, last best: 1.996236064,  time 0.66s
  warnings.warn(
/home/karimimonsefi.1/SSL_VAN/pretrain/training_2.py:107: UserWarning: Saving checkpoint ./runs/pre_train_1/test_log/pre_train_64-128-256-512_3-4-6-3_8-8-4-4_vae_inferer_valid_loader_PREVANV412_20_500_128_True_5_pre_version2__final.pt
  warnings.warn(f"Saving checkpoint {filename}")
/home/karimimonsefi.1/SSL_VAN/pretrain/training_2.py:76: UserWarning: Epoch 0/100 500/4500  loss: 2.015172817  time 0.83s
  warnings.warn(
/home/karimimonsefi.1/SSL_VAN/pretrain/training_2.py:76: UserWarning: Epoch 0/100 501/4500  loss: 2.016363204  time 6.88s
  warnings.warn(
/home/karimimonsefi.1/SSL_VAN/pretrain/training_2.py:76: UserWarning: Epoch 0/100 502/4500  loss: 2.014152263  time 16.98s
  warnings.warn(
/home/karimimonsefi.1/SSL_VAN/pretrain/training_2.py:76: UserWarning: Epoch 0/100 503/4500  loss: 2.013489410  time 0.77s
  warnings.warn(
/home/karimimonsefi.1/SSL_VAN/pretrain/training_2.py:76: UserWarning: Epoch 0/100 504/4500  loss: 2.014201890  time 2.67s
  warnings.warn(
/home/karimimonsefi.1/SSL_VAN/pretrain/training_2.py:76: UserWarning: Epoch 0/100 505/4500  loss: 2.014877245  time 9.38s
  warnings.warn(
/home/karimimonsefi.1/SSL_VAN/pretrain/training_2.py:76: UserWarning: Epoch 0/100 506/4500  loss: 2.016937842  time 4.65s
  warnings.warn(
/home/karimimonsefi.1/SSL_VAN/pretrain/training_2.py:76: UserWarning: Epoch 0/100 507/4500  loss: 2.017253295  time 12.20s
  warnings.warn(
/home/karimimonsefi.1/SSL_VAN/pretrain/training_2.py:76: UserWarning: Epoch 0/100 508/4500  loss: 2.016914746  time 30.28s
  warnings.warn(
/home/karimimonsefi.1/SSL_VAN/pretrain/training_2.py:76: UserWarning: Epoch 0/100 509/4500  loss: 2.013671630  time 0.84s
  warnings.warn(
/home/karimimonsefi.1/SSL_VAN/pretrain/training_2.py:76: UserWarning: Epoch 0/100 510/4500  loss: 2.015266865  time 0.77s
  warnings.warn(
/home/karimimonsefi.1/SSL_VAN/pretrain/training_2.py:76: UserWarning: Epoch 0/100 511/4500  loss: 2.014286567  time 0.71s
  warnings.warn(
/home/karimimonsefi.1/SSL_VAN/pretrain/training_2.py:76: UserWarning: Epoch 0/100 512/4500  loss: 2.016611329  time 0.88s
  warnings.warn(
/home/karimimonsefi.1/SSL_VAN/pretrain/training_2.py:76: UserWarning: Epoch 0/100 513/4500  loss: 2.017852424  time 3.20s
  warnings.warn(
/home/karimimonsefi.1/SSL_VAN/pretrain/training_2.py:76: UserWarning: Epoch 0/100 514/4500  loss: 2.021148448  time 0.73s
  warnings.warn(
/home/karimimonsefi.1/SSL_VAN/pretrain/training_2.py:76: UserWarning: Epoch 0/100 515/4500  loss: 2.020052764  time 0.78s
  warnings.warn(
/home/karimimonsefi.1/SSL_VAN/pretrain/training_2.py:76: UserWarning: Epoch 0/100 516/4500  loss: 2.016856245  time 0.87s
  warnings.warn(
/home/karimimonsefi.1/SSL_VAN/pretrain/training_2.py:76: UserWarning: Epoch 0/100 517/4500  loss: 2.014659264  time 0.69s
  warnings.warn(
/home/karimimonsefi.1/SSL_VAN/pretrain/training_2.py:76: UserWarning: Epoch 0/100 518/4500  loss: 2.016815205  time 0.83s
  warnings.warn(
/home/karimimonsefi.1/SSL_VAN/pretrain/training_2.py:76: UserWarning: Epoch 0/100 519/4500  loss: 2.016802896  time 0.80s
  warnings.warn(
/home/karimimonsefi.1/SSL_VAN/pretrain/training_2.py:76: UserWarning: Epoch 0/100 520/4500  loss: 2.013369161  time 0.74s
  warnings.warn(
/home/karimimonsefi.1/SSL_VAN/pretrain/training_2.py:76: UserWarning: Epoch 0/100 521/4500  loss: 2.014938654  time 0.85s
  warnings.warn(
/home/karimimonsefi.1/SSL_VAN/pretrain/training_2.py:76: UserWarning: Epoch 0/100 522/4500  loss: 2.016053012  time 0.72s
  warnings.warn(
/home/karimimonsefi.1/SSL_VAN/pretrain/training_2.py:76: UserWarning: Epoch 0/100 523/4500  loss: 2.017200529  time 0.87s
  warnings.warn(
/home/karimimonsefi.1/SSL_VAN/pretrain/training_2.py:76: UserWarning: Epoch 0/100 524/4500  loss: 2.019209135  time 0.72s
  warnings.warn(
/home/karimimonsefi.1/SSL_VAN/pretrain/training_2.py:76: UserWarning: Epoch 0/100 525/4500  loss: 2.021241709  time 20.60s
  warnings.warn(
/home/karimimonsefi.1/SSL_VAN/pretrain/training_2.py:76: UserWarning: Epoch 0/100 526/4500  loss: 2.021133024  time 0.74s
  warnings.warn(
/home/karimimonsefi.1/SSL_VAN/pretrain/training_2.py:76: UserWarning: Epoch 0/100 527/4500  loss: 2.022474231  time 1.34s
  warnings.warn(
/home/karimimonsefi.1/SSL_VAN/pretrain/training_2.py:76: UserWarning: Epoch 0/100 528/4500  loss: 2.020286131  time 80.81s
  warnings.warn(
/home/karimimonsefi.1/SSL_VAN/pretrain/training_2.py:76: UserWarning: Epoch 0/100 529/4500  loss: 2.018784759  time 0.85s
  warnings.warn(
/home/karimimonsefi.1/SSL_VAN/pretrain/training_2.py:76: UserWarning: Epoch 0/100 530/4500  loss: 2.015627794  time 0.84s
  warnings.warn(
/home/karimimonsefi.1/SSL_VAN/pretrain/training_2.py:76: UserWarning: Epoch 0/100 531/4500  loss: 2.014987668  time 0.71s
  warnings.warn(
/home/karimimonsefi.1/SSL_VAN/pretrain/training_2.py:76: UserWarning: Epoch 0/100 532/4500  loss: 2.014587739  time 0.77s
  warnings.warn(
/home/karimimonsefi.1/SSL_VAN/pretrain/training_2.py:76: UserWarning: Epoch 0/100 533/4500  loss: 2.022110602  time 0.88s
  warnings.warn(
/home/karimimonsefi.1/SSL_VAN/pretrain/training_2.py:76: UserWarning: Epoch 0/100 534/4500  loss: 2.024325203  time 0.72s
  warnings.warn(
/home/karimimonsefi.1/SSL_VAN/pretrain/training_2.py:76: UserWarning: Epoch 0/100 535/4500  loss: 2.024946753  time 0.69s
  warnings.warn(
/home/karimimonsefi.1/SSL_VAN/pretrain/training_2.py:76: UserWarning: Epoch 0/100 536/4500  loss: 2.023372860  time 0.73s
  warnings.warn(
/home/karimimonsefi.1/SSL_VAN/pretrain/training_2.py:76: UserWarning: Epoch 0/100 537/4500  loss: 2.023620060  time 0.88s
  warnings.warn(
/home/karimimonsefi.1/SSL_VAN/pretrain/training_2.py:76: UserWarning: Epoch 0/100 538/4500  loss: 2.024207665  time 0.80s
  warnings.warn(
/home/karimimonsefi.1/SSL_VAN/pretrain/training_2.py:76: UserWarning: Epoch 0/100 539/4500  loss: 2.030191624  time 0.74s
  warnings.warn(
/home/karimimonsefi.1/SSL_VAN/pretrain/training_2.py:76: UserWarning: Epoch 0/100 540/4500  loss: 2.033756846  time 0.87s
  warnings.warn(
/home/karimimonsefi.1/SSL_VAN/pretrain/training_2.py:76: UserWarning: Epoch 0/100 541/4500  loss: 2.033146210  time 0.87s
  warnings.warn(
/home/karimimonsefi.1/SSL_VAN/pretrain/training_2.py:76: UserWarning: Epoch 0/100 542/4500  loss: 2.036986727  time 0.78s
  warnings.warn(
/home/karimimonsefi.1/SSL_VAN/pretrain/training_2.py:76: UserWarning: Epoch 0/100 543/4500  loss: 2.037322249  time 0.79s
  warnings.warn(
/home/karimimonsefi.1/SSL_VAN/pretrain/training_2.py:76: UserWarning: Epoch 0/100 544/4500  loss: 2.036138891  time 0.99s
  warnings.warn(
/home/karimimonsefi.1/SSL_VAN/pretrain/training_2.py:76: UserWarning: Epoch 0/100 545/4500  loss: 2.037159656  time 0.89s
  warnings.warn(
/home/karimimonsefi.1/SSL_VAN/pretrain/training_2.py:76: UserWarning: Epoch 0/100 546/4500  loss: 2.035051779  time 0.89s
  warnings.warn(
/home/karimimonsefi.1/SSL_VAN/pretrain/training_2.py:76: UserWarning: Epoch 0/100 547/4500  loss: 2.036476376  time 0.79s
  warnings.warn(
/home/karimimonsefi.1/SSL_VAN/pretrain/training_2.py:76: UserWarning: Epoch 0/100 548/4500  loss: 2.037800098  time 41.88s
  warnings.warn(
/home/karimimonsefi.1/SSL_VAN/pretrain/training_2.py:76: UserWarning: Epoch 0/100 549/4500  loss: 2.037133929  time 0.83s
  warnings.warn(
/home/karimimonsefi.1/SSL_VAN/pretrain/training_2.py:76: UserWarning: Epoch 0/100 550/4500  loss: 2.033974192  time 0.74s
  warnings.warn(
/home/karimimonsefi.1/SSL_VAN/pretrain/training_2.py:76: UserWarning: Epoch 0/100 551/4500  loss: 2.032816708  time 0.76s
  warnings.warn(
/home/karimimonsefi.1/SSL_VAN/pretrain/training_2.py:76: UserWarning: Epoch 0/100 552/4500  loss: 2.031033924  time 87.41s
  warnings.warn(
/home/karimimonsefi.1/SSL_VAN/pretrain/training_2.py:76: UserWarning: Epoch 0/100 553/4500  loss: 2.030850983  time 0.85s
  warnings.warn(
/home/karimimonsefi.1/SSL_VAN/pretrain/training_2.py:76: UserWarning: Epoch 0/100 554/4500  loss: 2.031613269  time 0.71s
  warnings.warn(
/home/karimimonsefi.1/SSL_VAN/pretrain/training_2.py:76: UserWarning: Epoch 0/100 555/4500  loss: 2.032984547  time 0.86s
  warnings.warn(
/home/karimimonsefi.1/SSL_VAN/pretrain/training_2.py:76: UserWarning: Epoch 0/100 556/4500  loss: 2.035133630  time 0.80s
  warnings.warn(
/home/karimimonsefi.1/SSL_VAN/pretrain/training_2.py:76: UserWarning: Epoch 0/100 557/4500  loss: 2.032868548  time 0.89s
  warnings.warn(
/home/karimimonsefi.1/SSL_VAN/pretrain/training_2.py:76: UserWarning: Epoch 0/100 558/4500  loss: 2.030124940  time 0.81s
  warnings.warn(
/home/karimimonsefi.1/SSL_VAN/pretrain/training_2.py:76: UserWarning: Epoch 0/100 559/4500  loss: 2.028348234  time 0.80s
  warnings.warn(
/home/karimimonsefi.1/SSL_VAN/pretrain/training_2.py:76: UserWarning: Epoch 0/100 560/4500  loss: 2.026286607  time 0.89s
  warnings.warn(
/home/karimimonsefi.1/SSL_VAN/pretrain/training_2.py:76: UserWarning: Epoch 0/100 561/4500  loss: 2.027307479  time 0.68s
  warnings.warn(
/home/karimimonsefi.1/SSL_VAN/pretrain/training_2.py:76: UserWarning: Epoch 0/100 562/4500  loss: 2.027433044  time 0.77s
  warnings.warn(
/home/karimimonsefi.1/SSL_VAN/pretrain/training_2.py:76: UserWarning: Epoch 0/100 563/4500  loss: 2.025148437  time 0.89s
  warnings.warn(
/home/karimimonsefi.1/SSL_VAN/pretrain/training_2.py:76: UserWarning: Epoch 0/100 564/4500  loss: 2.025309008  time 0.82s
  warnings.warn(
/home/karimimonsefi.1/SSL_VAN/pretrain/training_2.py:76: UserWarning: Epoch 0/100 565/4500  loss: 2.025991957  time 0.75s
  warnings.warn(
/home/karimimonsefi.1/SSL_VAN/pretrain/training_2.py:76: UserWarning: Epoch 0/100 566/4500  loss: 2.023049897  time 0.75s
  warnings.warn(
/home/karimimonsefi.1/SSL_VAN/pretrain/training_2.py:76: UserWarning: Epoch 0/100 567/4500  loss: 2.019874465  time 0.75s
  warnings.warn(
/home/karimimonsefi.1/SSL_VAN/pretrain/training_2.py:76: UserWarning: Epoch 0/100 568/4500  loss: 2.020376688  time 0.79s
  warnings.warn(
/home/karimimonsefi.1/SSL_VAN/pretrain/training_2.py:76: UserWarning: Epoch 0/100 569/4500  loss: 2.022570507  time 0.75s
  warnings.warn(
/home/karimimonsefi.1/SSL_VAN/pretrain/training_2.py:76: UserWarning: Epoch 0/100 570/4500  loss: 2.021925591  time 0.81s
  warnings.warn(
/home/karimimonsefi.1/SSL_VAN/pretrain/training_2.py:76: UserWarning: Epoch 0/100 571/4500  loss: 2.023176816  time 0.85s
  warnings.warn(
/home/karimimonsefi.1/SSL_VAN/pretrain/training_2.py:76: UserWarning: Epoch 0/100 572/4500  loss: 2.022489500  time 5.35s
  warnings.warn(
