/var/spool/slurmd/job61532/slurm_script: line 11: cd: SSL_VAN: No such file or directory

----------------------------------------------------------------------------
  cuda:
----------------------------------------------------------------------------
     Versions:
        cuda/10.2
        cuda/11.0
        cuda/11.2
        cuda/11.3
        cuda/11.4
        cuda/11.5
        cuda/11.6
        cuda/11.7
        cuda/11.8
        cuda/12.0

----------------------------------------------------------------------------
  For detailed information about a specific "cuda" package (including how to load the modules) use the module's full name.
  Note that names that have a trailing (E) are extensions provided by other modules.
  For example:

     $ module spider cuda/12.0
----------------------------------------------------------------------------

 


CommandNotFoundError: Your shell has not been properly configured to use 'conda activate'.
To initialize your shell, run

    $ conda init <SHELL_NAME>

Currently supported shells are:
  - bash
  - fish
  - tcsh
  - xonsh
  - zsh
  - powershell

See 'conda init --help' for more information and options.

IMPORTANT: You may need to close and restart your shell after running 'conda init'.


/home/karimimonsefi.1/miniconda3/lib/python3.9/site-packages/mmcv/__init__.py:20: UserWarning: On January 1, 2023, MMCV will release v2.0.0, in which it will remove components related to the training process and add a data transformation module. In addition, it will rename the package names mmcv to mmcv-lite and mmcv-full to mmcv. See https://github.com/open-mmlab/mmcv/blob/master/docs/en/compatibility.md for more details.
  warnings.warn(
/home/karimimonsefi.1/SSL_VAN/BTCV/main.py:108: UserWarning: Found total gpus 2
  warnings.warn("Found total gpus {}".format(args.ngpus_per_node))
/home/karimimonsefi.1/miniconda3/lib/python3.9/site-packages/mmcv/__init__.py:20: UserWarning: On January 1, 2023, MMCV will release v2.0.0, in which it will remove components related to the training process and add a data transformation module. In addition, it will rename the package names mmcv to mmcv-lite and mmcv-full to mmcv. See https://github.com/open-mmlab/mmcv/blob/master/docs/en/compatibility.md for more details.
  warnings.warn(
/home/karimimonsefi.1/miniconda3/lib/python3.9/site-packages/mmcv/__init__.py:20: UserWarning: On January 1, 2023, MMCV will release v2.0.0, in which it will remove components related to the training process and add a data transformation module. In addition, it will rename the package names mmcv to mmcv-lite and mmcv-full to mmcv. See https://github.com/open-mmlab/mmcv/blob/master/docs/en/compatibility.md for more details.
  warnings.warn(
/home/karimimonsefi.1/SSL_VAN/BTCV/main.py:128: UserWarning: 0 gpu 0
  warnings.warn(f"{args.rank} gpu {args.gpu}")
/home/karimimonsefi.1/SSL_VAN/BTCV/main.py:130: UserWarning: Batch size is: 4 epochs 4000
  warnings.warn(f"Batch size is: {args.batch_size} epochs {args.max_epochs}")
/home/karimimonsefi.1/SSL_VAN/BTCV/main.py:128: UserWarning: 1 gpu 1
  warnings.warn(f"{args.rank} gpu {args.gpu}")
/home/karimimonsefi.1/miniconda3/lib/python3.9/site-packages/monai/transforms/post/array.py:176: UserWarning: `to_onehot=True/False` is deprecated, please use `to_onehot=num_classes` instead.
  warnings.warn("`to_onehot=True/False` is deprecated, please use `to_onehot=num_classes` instead.")
/home/karimimonsefi.1/miniconda3/lib/python3.9/site-packages/monai/transforms/post/array.py:176: UserWarning: `to_onehot=True/False` is deprecated, please use `to_onehot=num_classes` instead.
  warnings.warn("`to_onehot=True/False` is deprecated, please use `to_onehot=num_classes` instead.")
/home/karimimonsefi.1/SSL_VAN/BTCV/main.py:164: UserWarning: Total parameters count 121226346
  warnings.warn(f"Total parameters count {pytorch_total_params}")
/home/karimimonsefi.1/SSL_VAN/BTCV/main.py:167: UserWarning: Total args.checkpoint True
  warnings.warn(f"Total args.checkpoint {args.checkpoint}")
/home/karimimonsefi.1/SSL_VAN/BTCV/main.py:164: UserWarning: Total parameters count 121226346
  warnings.warn(f"Total parameters count {pytorch_total_params}")
/home/karimimonsefi.1/SSL_VAN/BTCV/main.py:167: UserWarning: Total args.checkpoint True
  warnings.warn(f"Total args.checkpoint {args.checkpoint}")
/home/karimimonsefi.1/SSL_VAN/commons/util.py:6: UserWarning:  base_url is 96-192-384-768_3-3-24-3_8-8-4-4_vae_inferer_valid_loader_VANV412
  warnings.warn(f" base_url is {base_url}")
/home/karimimonsefi.1/SSL_VAN/commons/util.py:8: UserWarning:  output_url 1 is ./runs/BTCV_new/test_log/output_False_False
  warnings.warn(f" output_url 1 is {output_url}")
/home/karimimonsefi.1/SSL_VAN/commons/util.py:6: UserWarning:  base_url is 96-192-384-768_3-3-24-3_8-8-4-4_vae_inferer_valid_loader_VANV412
  warnings.warn(f" base_url is {base_url}")
/home/karimimonsefi.1/SSL_VAN/commons/util.py:8: UserWarning:  output_url 1 is ./runs/BTCV_new/test_log/output_False_False
  warnings.warn(f" output_url 1 is {output_url}")
/home/karimimonsefi.1/SSL_VAN/commons/util.py:9: UserWarning:  exists 1 is True
  warnings.warn(f" exists 1 is {os.path.exists(output_url)}")
/home/karimimonsefi.1/SSL_VAN/commons/util.py:13: UserWarning:  output_url 2 is ./runs/BTCV_new/test_log/output_False_False/96-192-384-768_3-3-24-3_8-8-4-4_vae_inferer_valid_loader_VANV412
  warnings.warn(f" output_url 2 is {output_url}")
/home/karimimonsefi.1/SSL_VAN/commons/util.py:9: UserWarning:  exists 1 is True
  warnings.warn(f" exists 1 is {os.path.exists(output_url)}")
/home/karimimonsefi.1/SSL_VAN/commons/util.py:13: UserWarning:  output_url 2 is ./runs/BTCV_new/test_log/output_False_False/96-192-384-768_3-3-24-3_8-8-4-4_vae_inferer_valid_loader_VANV412
  warnings.warn(f" output_url 2 is {output_url}")
/home/karimimonsefi.1/SSL_VAN/commons/util.py:14: UserWarning:  exists 2 is True
  warnings.warn(f" exists 2 is {os.path.exists(output_url)}")
/home/karimimonsefi.1/SSL_VAN/commons/util.py:20: UserWarning:  Best url model is 96-192-384-768_3-3-24-3_8-8-4-4_vae_inferer_valid_loader_VANV412__best.pt, final model url is 96-192-384-768_3-3-24-3_8-8-4-4_vae_inferer_valid_loader_VANV412__final.pt
  warnings.warn(f" Best url model is {args.best_model_url}, final model url is {args.final_model_url}")
/home/karimimonsefi.1/SSL_VAN/commons/util.py:14: UserWarning:  exists 2 is True
  warnings.warn(f" exists 2 is {os.path.exists(output_url)}")
/home/karimimonsefi.1/SSL_VAN/commons/util.py:20: UserWarning:  Best url model is 96-192-384-768_3-3-24-3_8-8-4-4_vae_inferer_valid_loader_VANV412__best.pt, final model url is 96-192-384-768_3-3-24-3_8-8-4-4_vae_inferer_valid_loader_VANV412__final.pt
  warnings.warn(f" Best url model is {args.best_model_url}, final model url is {args.final_model_url}")
/home/karimimonsefi.1/SSL_VAN/BTCV/main.py:181: UserWarning: => loaded checkpoint 'True' (epoch 1519) (bestacc 0.6092754602432251)
  warnings.warn("=> loaded checkpoint '{}' (epoch {}) (bestacc {})".format(
/home/karimimonsefi.1/SSL_VAN/BTCV/main.py:181: UserWarning: => loaded checkpoint 'True' (epoch 1519) (bestacc 0.6092754602432251)
  warnings.warn("=> loaded checkpoint '{}' (epoch {}) (bestacc {})".format(
/home/karimimonsefi.1/SSL_VAN/BTCV/trainer.py:146: UserWarning: Writing Tensorboard logs to ./runs/BTCV_new/test_log
  warnings.warn(f"Writing Tensorboard logs to {args.logdir}")
/home/karimimonsefi.1/SSL_VAN/BTCV/trainer.py:154: UserWarning: 0  Fri Jun 30 22:49:16 2023  Epoch: 1519
  warnings.warn(f"{args.rank}  {time.ctime()}  Epoch: {epoch}")
/home/karimimonsefi.1/SSL_VAN/BTCV/trainer.py:154: UserWarning: 1  Fri Jun 30 22:49:16 2023  Epoch: 1519
  warnings.warn(f"{args.rank}  {time.ctime()}  Epoch: {epoch}")
input_list/dataset_BTCV_List.json
input_list/dataset_BTCV_List.json
[W reducer.cpp:1298] Warning: find_unused_parameters=True was specified in DDP constructor, but did not find any unused parameters in the forward pass. This flag results in an extra traversal of the autograd graph every iteration,  which can adversely affect performance. If your model indeed never has any unused parameters in the forward pass, consider turning this flag off. Note that this warning may be a false positive if your model has flow control causing later iterations to have unused parameters. (function operator())
[W reducer.cpp:1298] Warning: find_unused_parameters=True was specified in DDP constructor, but did not find any unused parameters in the forward pass. This flag results in an extra traversal of the autograd graph every iteration,  which can adversely affect performance. If your model indeed never has any unused parameters in the forward pass, consider turning this flag off. Note that this warning may be a false positive if your model has flow control causing later iterations to have unused parameters. (function operator())
/home/karimimonsefi.1/SSL_VAN/BTCV/trainer.py:58: UserWarning: Epoch 1519/4000 0/3  loss: 0.7725  time 54.87s
  warnings.warn(
/home/karimimonsefi.1/SSL_VAN/BTCV/trainer.py:58: UserWarning: Epoch 1519/4000 1/3  loss: 0.7791  time 2.83s
  warnings.warn(
/home/karimimonsefi.1/SSL_VAN/BTCV/trainer.py:58: UserWarning: Epoch 1519/4000 2/3  loss: 0.7704  time 4.46s
  warnings.warn(
/home/karimimonsefi.1/SSL_VAN/BTCV/trainer.py:160: UserWarning: Final training  1519/3999  loss: 0.7704  time 62.17s
  warnings.warn("Final training  {}/{}  loss: {:.4f}  time {:.2f}s".format(epoch, args.max_epochs - 1,
/home/karimimonsefi.1/SSL_VAN/BTCV/trainer.py:107: UserWarning: Val 1519/4000 0/3  acc [ 0.602]  time 11.87s
  warnings.warn("Val {}/{} {}/{}  acc {}  time {:.2f}s".format(epoch, args.max_epochs, idx, len(loader),
/home/karimimonsefi.1/SSL_VAN/BTCV/trainer.py:109: UserWarning: Val 1519/4000 0/3  acc 0.6024144887924194  time 11.87s
  warnings.warn("Val {}/{} {}/{}  acc {}  time {:.2f}s".format(epoch, args.max_epochs, idx, len(loader),
/home/karimimonsefi.1/SSL_VAN/BTCV/trainer.py:107: UserWarning: Val 1519/4000 1/3  acc [ 0.605]  time 5.67s
  warnings.warn("Val {}/{} {}/{}  acc {}  time {:.2f}s".format(epoch, args.max_epochs, idx, len(loader),
/home/karimimonsefi.1/SSL_VAN/BTCV/trainer.py:109: UserWarning: Val 1519/4000 1/3  acc 0.6053310036659241  time 5.67s
  warnings.warn("Val {}/{} {}/{}  acc {}  time {:.2f}s".format(epoch, args.max_epochs, idx, len(loader),
/home/karimimonsefi.1/SSL_VAN/BTCV/trainer.py:107: UserWarning: Val 1519/4000 2/3  acc [ 0.607]  time 2.32s
  warnings.warn("Val {}/{} {}/{}  acc {}  time {:.2f}s".format(epoch, args.max_epochs, idx, len(loader),
/home/karimimonsefi.1/SSL_VAN/BTCV/trainer.py:109: UserWarning: Val 1519/4000 2/3  acc 0.6074474453926086  time 2.32s
  warnings.warn("Val {}/{} {}/{}  acc {}  time {:.2f}s".format(epoch, args.max_epochs, idx, len(loader),
/home/karimimonsefi.1/SSL_VAN/BTCV/trainer.py:184: UserWarning: Final validation  1519/3999  acc: 0.6074  time 19.87s
  warnings.warn("Final validation  {}/{}  acc: {:.4f}  time {:.2f}s".format(epoch, args.max_epochs - 1,
/home/karimimonsefi.1/SSL_VAN/BTCV/trainer.py:124: UserWarning: Saving checkpoint ./runs/BTCV_new/test_log/96-192-384-768_3-3-24-3_8-8-4-4_vae_inferer_valid_loader_VANV412__final.pt
  warnings.warn(f"Saving checkpoint {filename}")
/home/karimimonsefi.1/SSL_VAN/BTCV/trainer.py:154: UserWarning: 0  Fri Jun 30 22:50:40 2023  Epoch: 1520
  warnings.warn(f"{args.rank}  {time.ctime()}  Epoch: {epoch}")
/home/karimimonsefi.1/SSL_VAN/BTCV/trainer.py:154: UserWarning: 1  Fri Jun 30 22:50:40 2023  Epoch: 1520
  warnings.warn(f"{args.rank}  {time.ctime()}  Epoch: {epoch}")
/home/karimimonsefi.1/SSL_VAN/BTCV/trainer.py:58: UserWarning: Epoch 1520/4000 0/3  loss: 0.7840  time 13.20s
  warnings.warn(
/home/karimimonsefi.1/SSL_VAN/BTCV/trainer.py:58: UserWarning: Epoch 1520/4000 1/3  loss: 0.7846  time 4.69s
  warnings.warn(
/home/karimimonsefi.1/SSL_VAN/BTCV/trainer.py:58: UserWarning: Epoch 1520/4000 2/3  loss: 0.7775  time 2.26s
  warnings.warn(
/home/karimimonsefi.1/SSL_VAN/BTCV/trainer.py:160: UserWarning: Final training  1520/3999  loss: 0.7775  time 20.16s
  warnings.warn("Final training  {}/{}  loss: {:.4f}  time {:.2f}s".format(epoch, args.max_epochs - 1,
/home/karimimonsefi.1/SSL_VAN/BTCV/trainer.py:154: UserWarning: 1  Fri Jun 30 22:51:00 2023  Epoch: 1521
  warnings.warn(f"{args.rank}  {time.ctime()}  Epoch: {epoch}")
/home/karimimonsefi.1/SSL_VAN/BTCV/trainer.py:154: UserWarning: 0  Fri Jun 30 22:51:00 2023  Epoch: 1521
  warnings.warn(f"{args.rank}  {time.ctime()}  Epoch: {epoch}")
/home/karimimonsefi.1/SSL_VAN/BTCV/trainer.py:58: UserWarning: Epoch 1521/4000 0/3  loss: 0.7440  time 13.35s
  warnings.warn(
/home/karimimonsefi.1/SSL_VAN/BTCV/trainer.py:58: UserWarning: Epoch 1521/4000 1/3  loss: 0.7844  time 2.27s
  warnings.warn(
/home/karimimonsefi.1/SSL_VAN/BTCV/trainer.py:58: UserWarning: Epoch 1521/4000 2/3  loss: 0.7699  time 2.26s
  warnings.warn(
/home/karimimonsefi.1/SSL_VAN/BTCV/trainer.py:160: UserWarning: Final training  1521/3999  loss: 0.7699  time 17.88s
  warnings.warn("Final training  {}/{}  loss: {:.4f}  time {:.2f}s".format(epoch, args.max_epochs - 1,
/home/karimimonsefi.1/SSL_VAN/BTCV/trainer.py:154: UserWarning: 0  Fri Jun 30 22:51:18 2023  Epoch: 1522
  warnings.warn(f"{args.rank}  {time.ctime()}  Epoch: {epoch}")
/home/karimimonsefi.1/SSL_VAN/BTCV/trainer.py:154: UserWarning: 1  Fri Jun 30 22:51:18 2023  Epoch: 1522
  warnings.warn(f"{args.rank}  {time.ctime()}  Epoch: {epoch}")
/home/karimimonsefi.1/SSL_VAN/BTCV/trainer.py:58: UserWarning: Epoch 1522/4000 0/3  loss: 0.8522  time 12.77s
  warnings.warn(
/home/karimimonsefi.1/SSL_VAN/BTCV/trainer.py:58: UserWarning: Epoch 1522/4000 1/3  loss: 0.8238  time 2.26s
  warnings.warn(
/home/karimimonsefi.1/SSL_VAN/BTCV/trainer.py:58: UserWarning: Epoch 1522/4000 2/3  loss: 0.8029  time 2.26s
  warnings.warn(
/home/karimimonsefi.1/SSL_VAN/BTCV/trainer.py:160: UserWarning: Final training  1522/3999  loss: 0.8029  time 17.30s
  warnings.warn("Final training  {}/{}  loss: {:.4f}  time {:.2f}s".format(epoch, args.max_epochs - 1,
/home/karimimonsefi.1/SSL_VAN/BTCV/trainer.py:154: UserWarning: 1  Fri Jun 30 22:51:35 2023  Epoch: 1523
  warnings.warn(f"{args.rank}  {time.ctime()}  Epoch: {epoch}")
/home/karimimonsefi.1/SSL_VAN/BTCV/trainer.py:154: UserWarning: 0  Fri Jun 30 22:51:35 2023  Epoch: 1523
  warnings.warn(f"{args.rank}  {time.ctime()}  Epoch: {epoch}")
/home/karimimonsefi.1/SSL_VAN/BTCV/trainer.py:58: UserWarning: Epoch 1523/4000 0/3  loss: 0.7560  time 11.13s
  warnings.warn(
/home/karimimonsefi.1/SSL_VAN/BTCV/trainer.py:58: UserWarning: Epoch 1523/4000 1/3  loss: 0.7501  time 2.27s
  warnings.warn(
/home/karimimonsefi.1/SSL_VAN/BTCV/trainer.py:58: UserWarning: Epoch 1523/4000 2/3  loss: 0.7617  time 2.26s
  warnings.warn(
/home/karimimonsefi.1/SSL_VAN/BTCV/trainer.py:160: UserWarning: Final training  1523/3999  loss: 0.7617  time 15.67s
  warnings.warn("Final training  {}/{}  loss: {:.4f}  time {:.2f}s".format(epoch, args.max_epochs - 1,
/home/karimimonsefi.1/SSL_VAN/BTCV/trainer.py:154: UserWarning: 1  Fri Jun 30 22:51:51 2023  Epoch: 1524
  warnings.warn(f"{args.rank}  {time.ctime()}  Epoch: {epoch}")
/home/karimimonsefi.1/SSL_VAN/BTCV/trainer.py:154: UserWarning: 0  Fri Jun 30 22:51:51 2023  Epoch: 1524
  warnings.warn(f"{args.rank}  {time.ctime()}  Epoch: {epoch}")
/home/karimimonsefi.1/SSL_VAN/BTCV/trainer.py:58: UserWarning: Epoch 1524/4000 0/3  loss: 0.7813  time 12.27s
  warnings.warn(
/home/karimimonsefi.1/SSL_VAN/BTCV/trainer.py:58: UserWarning: Epoch 1524/4000 1/3  loss: 0.7863  time 2.26s
  warnings.warn(
/home/karimimonsefi.1/SSL_VAN/BTCV/trainer.py:58: UserWarning: Epoch 1524/4000 2/3  loss: 0.7895  time 2.26s
  warnings.warn(
/home/karimimonsefi.1/SSL_VAN/BTCV/trainer.py:160: UserWarning: Final training  1524/3999  loss: 0.7895  time 16.81s
  warnings.warn("Final training  {}/{}  loss: {:.4f}  time {:.2f}s".format(epoch, args.max_epochs - 1,
/home/karimimonsefi.1/SSL_VAN/BTCV/trainer.py:107: UserWarning: Val 1524/4000 0/3  acc [ 0.602]  time 5.34s
  warnings.warn("Val {}/{} {}/{}  acc {}  time {:.2f}s".format(epoch, args.max_epochs, idx, len(loader),
/home/karimimonsefi.1/SSL_VAN/BTCV/trainer.py:109: UserWarning: Val 1524/4000 0/3  acc 0.6015439033508301  time 5.34s
  warnings.warn("Val {}/{} {}/{}  acc {}  time {:.2f}s".format(epoch, args.max_epochs, idx, len(loader),
/home/karimimonsefi.1/SSL_VAN/BTCV/trainer.py:107: UserWarning: Val 1524/4000 1/3  acc [ 0.604]  time 2.91s
  warnings.warn("Val {}/{} {}/{}  acc {}  time {:.2f}s".format(epoch, args.max_epochs, idx, len(loader),
/home/karimimonsefi.1/SSL_VAN/BTCV/trainer.py:109: UserWarning: Val 1524/4000 1/3  acc 0.6039401888847351  time 2.91s
  warnings.warn("Val {}/{} {}/{}  acc {}  time {:.2f}s".format(epoch, args.max_epochs, idx, len(loader),
/home/karimimonsefi.1/SSL_VAN/BTCV/trainer.py:107: UserWarning: Val 1524/4000 2/3  acc [ 0.608]  time 2.32s
  warnings.warn("Val {}/{} {}/{}  acc {}  time {:.2f}s".format(epoch, args.max_epochs, idx, len(loader),
/home/karimimonsefi.1/SSL_VAN/BTCV/trainer.py:109: UserWarning: Val 1524/4000 2/3  acc 0.6082295775413513  time 2.32s
  warnings.warn("Val {}/{} {}/{}  acc {}  time {:.2f}s".format(epoch, args.max_epochs, idx, len(loader),
/home/karimimonsefi.1/SSL_VAN/BTCV/trainer.py:184: UserWarning: Final validation  1524/3999  acc: 0.6082  time 10.57s
  warnings.warn("Final validation  {}/{}  acc: {:.4f}  time {:.2f}s".format(epoch, args.max_epochs - 1,
/home/karimimonsefi.1/SSL_VAN/BTCV/trainer.py:154: UserWarning: 0  Fri Jun 30 22:52:21 2023  Epoch: 1525
  warnings.warn(f"{args.rank}  {time.ctime()}  Epoch: {epoch}")
/home/karimimonsefi.1/SSL_VAN/BTCV/trainer.py:154: UserWarning: 1  Fri Jun 30 22:52:21 2023  Epoch: 1525
  warnings.warn(f"{args.rank}  {time.ctime()}  Epoch: {epoch}")
/home/karimimonsefi.1/SSL_VAN/BTCV/trainer.py:58: UserWarning: Epoch 1525/4000 0/3  loss: 0.7518  time 12.42s
  warnings.warn(
/home/karimimonsefi.1/SSL_VAN/BTCV/trainer.py:58: UserWarning: Epoch 1525/4000 1/3  loss: 0.7717  time 2.26s
  warnings.warn(
/home/karimimonsefi.1/SSL_VAN/BTCV/trainer.py:58: UserWarning: Epoch 1525/4000 2/3  loss: 0.7801  time 2.26s
  warnings.warn(
/home/karimimonsefi.1/SSL_VAN/BTCV/trainer.py:160: UserWarning: Final training  1525/3999  loss: 0.7801  time 16.95s
  warnings.warn("Final training  {}/{}  loss: {:.4f}  time {:.2f}s".format(epoch, args.max_epochs - 1,
/home/karimimonsefi.1/SSL_VAN/BTCV/trainer.py:154: UserWarning: 1  Fri Jun 30 22:52:38 2023  Epoch: 1526
  warnings.warn(f"{args.rank}  {time.ctime()}  Epoch: {epoch}")
/home/karimimonsefi.1/SSL_VAN/BTCV/trainer.py:154: UserWarning: 0  Fri Jun 30 22:52:38 2023  Epoch: 1526
  warnings.warn(f"{args.rank}  {time.ctime()}  Epoch: {epoch}")
/home/karimimonsefi.1/SSL_VAN/BTCV/trainer.py:58: UserWarning: Epoch 1526/4000 0/3  loss: 0.7963  time 11.93s
  warnings.warn(
/home/karimimonsefi.1/SSL_VAN/BTCV/trainer.py:58: UserWarning: Epoch 1526/4000 1/3  loss: 0.7709  time 2.26s
  warnings.warn(
/home/karimimonsefi.1/SSL_VAN/BTCV/trainer.py:58: UserWarning: Epoch 1526/4000 2/3  loss: 0.7687  time 2.26s
  warnings.warn(
/home/karimimonsefi.1/SSL_VAN/BTCV/trainer.py:160: UserWarning: Final training  1526/3999  loss: 0.7687  time 16.47s
  warnings.warn("Final training  {}/{}  loss: {:.4f}  time {:.2f}s".format(epoch, args.max_epochs - 1,
/home/karimimonsefi.1/SSL_VAN/BTCV/trainer.py:154: UserWarning: 1  Fri Jun 30 22:52:54 2023  Epoch: 1527
  warnings.warn(f"{args.rank}  {time.ctime()}  Epoch: {epoch}")
/home/karimimonsefi.1/SSL_VAN/BTCV/trainer.py:154: UserWarning: 0  Fri Jun 30 22:52:54 2023  Epoch: 1527
  warnings.warn(f"{args.rank}  {time.ctime()}  Epoch: {epoch}")
/home/karimimonsefi.1/SSL_VAN/BTCV/trainer.py:58: UserWarning: Epoch 1527/4000 0/3  loss: 0.7869  time 12.03s
  warnings.warn(
/home/karimimonsefi.1/SSL_VAN/BTCV/trainer.py:58: UserWarning: Epoch 1527/4000 1/3  loss: 0.7652  time 2.26s
  warnings.warn(
/home/karimimonsefi.1/SSL_VAN/BTCV/trainer.py:58: UserWarning: Epoch 1527/4000 2/3  loss: 0.7673  time 2.26s
  warnings.warn(
/home/karimimonsefi.1/SSL_VAN/BTCV/trainer.py:160: UserWarning: Final training  1527/3999  loss: 0.7673  time 16.56s
  warnings.warn("Final training  {}/{}  loss: {:.4f}  time {:.2f}s".format(epoch, args.max_epochs - 1,
/home/karimimonsefi.1/SSL_VAN/BTCV/trainer.py:154: UserWarning: 1  Fri Jun 30 22:53:11 2023  Epoch: 1528
  warnings.warn(f"{args.rank}  {time.ctime()}  Epoch: {epoch}")
/home/karimimonsefi.1/SSL_VAN/BTCV/trainer.py:154: UserWarning: 0  Fri Jun 30 22:53:11 2023  Epoch: 1528
  warnings.warn(f"{args.rank}  {time.ctime()}  Epoch: {epoch}")
/home/karimimonsefi.1/SSL_VAN/BTCV/trainer.py:58: UserWarning: Epoch 1528/4000 0/3  loss: 0.8986  time 13.30s
  warnings.warn(
/home/karimimonsefi.1/SSL_VAN/BTCV/trainer.py:58: UserWarning: Epoch 1528/4000 1/3  loss: 0.8318  time 2.26s
  warnings.warn(
/home/karimimonsefi.1/SSL_VAN/BTCV/trainer.py:58: UserWarning: Epoch 1528/4000 2/3  loss: 0.8066  time 2.26s
  warnings.warn(
/home/karimimonsefi.1/SSL_VAN/BTCV/trainer.py:160: UserWarning: Final training  1528/3999  loss: 0.8066  time 17.83s
  warnings.warn("Final training  {}/{}  loss: {:.4f}  time {:.2f}s".format(epoch, args.max_epochs - 1,
/home/karimimonsefi.1/SSL_VAN/BTCV/trainer.py:154: UserWarning: 1  Fri Jun 30 22:53:29 2023  Epoch: 1529
  warnings.warn(f"{args.rank}  {time.ctime()}  Epoch: {epoch}")
/home/karimimonsefi.1/SSL_VAN/BTCV/trainer.py:154: UserWarning: 0  Fri Jun 30 22:53:29 2023  Epoch: 1529
  warnings.warn(f"{args.rank}  {time.ctime()}  Epoch: {epoch}")
/home/karimimonsefi.1/SSL_VAN/BTCV/trainer.py:58: UserWarning: Epoch 1529/4000 0/3  loss: 0.7848  time 13.32s
  warnings.warn(
/home/karimimonsefi.1/SSL_VAN/BTCV/trainer.py:58: UserWarning: Epoch 1529/4000 1/3  loss: 0.7676  time 2.26s
  warnings.warn(
/home/karimimonsefi.1/SSL_VAN/BTCV/trainer.py:58: UserWarning: Epoch 1529/4000 2/3  loss: 0.7851  time 2.26s
  warnings.warn(
/home/karimimonsefi.1/SSL_VAN/BTCV/trainer.py:160: UserWarning: Final training  1529/3999  loss: 0.7851  time 17.84s
  warnings.warn("Final training  {}/{}  loss: {:.4f}  time {:.2f}s".format(epoch, args.max_epochs - 1,
/home/karimimonsefi.1/SSL_VAN/BTCV/trainer.py:107: UserWarning: Val 1529/4000 0/3  acc [ 0.579]  time 5.23s
  warnings.warn("Val {}/{} {}/{}  acc {}  time {:.2f}s".format(epoch, args.max_epochs, idx, len(loader),
/home/karimimonsefi.1/SSL_VAN/BTCV/trainer.py:109: UserWarning: Val 1529/4000 0/3  acc 0.5792760848999023  time 5.23s
  warnings.warn("Val {}/{} {}/{}  acc {}  time {:.2f}s".format(epoch, args.max_epochs, idx, len(loader),
/home/karimimonsefi.1/SSL_VAN/BTCV/trainer.py:107: UserWarning: Val 1529/4000 1/3  acc [ 0.589]  time 2.91s
  warnings.warn("Val {}/{} {}/{}  acc {}  time {:.2f}s".format(epoch, args.max_epochs, idx, len(loader),
/home/karimimonsefi.1/SSL_VAN/BTCV/trainer.py:109: UserWarning: Val 1529/4000 1/3  acc 0.5894870162010193  time 2.91s
  warnings.warn("Val {}/{} {}/{}  acc {}  time {:.2f}s".format(epoch, args.max_epochs, idx, len(loader),
/home/karimimonsefi.1/SSL_VAN/BTCV/trainer.py:107: UserWarning: Val 1529/4000 2/3  acc [ 0.592]  time 2.33s
  warnings.warn("Val {}/{} {}/{}  acc {}  time {:.2f}s".format(epoch, args.max_epochs, idx, len(loader),
/home/karimimonsefi.1/SSL_VAN/BTCV/trainer.py:109: UserWarning: Val 1529/4000 2/3  acc 0.5917279124259949  time 2.33s
  warnings.warn("Val {}/{} {}/{}  acc {}  time {:.2f}s".format(epoch, args.max_epochs, idx, len(loader),
/home/karimimonsefi.1/SSL_VAN/BTCV/trainer.py:184: UserWarning: Final validation  1529/3999  acc: 0.5917  time 10.47s
  warnings.warn("Final validation  {}/{}  acc: {:.4f}  time {:.2f}s".format(epoch, args.max_epochs - 1,
/home/karimimonsefi.1/SSL_VAN/BTCV/trainer.py:154: UserWarning: 0  Fri Jun 30 22:53:59 2023  Epoch: 1530
  warnings.warn(f"{args.rank}  {time.ctime()}  Epoch: {epoch}")
/home/karimimonsefi.1/SSL_VAN/BTCV/trainer.py:154: UserWarning: 1  Fri Jun 30 22:53:59 2023  Epoch: 1530
  warnings.warn(f"{args.rank}  {time.ctime()}  Epoch: {epoch}")
/home/karimimonsefi.1/SSL_VAN/BTCV/trainer.py:58: UserWarning: Epoch 1530/4000 0/3  loss: 0.7868  time 12.75s
  warnings.warn(
/home/karimimonsefi.1/SSL_VAN/BTCV/trainer.py:58: UserWarning: Epoch 1530/4000 1/3  loss: 0.7916  time 2.25s
  warnings.warn(
/home/karimimonsefi.1/SSL_VAN/BTCV/trainer.py:58: UserWarning: Epoch 1530/4000 2/3  loss: 0.7741  time 2.26s
  warnings.warn(
/home/karimimonsefi.1/SSL_VAN/BTCV/trainer.py:160: UserWarning: Final training  1530/3999  loss: 0.7741  time 17.27s
  warnings.warn("Final training  {}/{}  loss: {:.4f}  time {:.2f}s".format(epoch, args.max_epochs - 1,
/home/karimimonsefi.1/SSL_VAN/BTCV/trainer.py:154: UserWarning: 0  Fri Jun 30 22:54:16 2023  Epoch: 1531
  warnings.warn(f"{args.rank}  {time.ctime()}  Epoch: {epoch}")
/home/karimimonsefi.1/SSL_VAN/BTCV/trainer.py:154: UserWarning: 1  Fri Jun 30 22:54:16 2023  Epoch: 1531
  warnings.warn(f"{args.rank}  {time.ctime()}  Epoch: {epoch}")
/home/karimimonsefi.1/SSL_VAN/BTCV/trainer.py:58: UserWarning: Epoch 1531/4000 0/3  loss: 0.7447  time 12.44s
  warnings.warn(
/home/karimimonsefi.1/SSL_VAN/BTCV/trainer.py:58: UserWarning: Epoch 1531/4000 1/3  loss: 0.7541  time 2.25s
  warnings.warn(
/home/karimimonsefi.1/SSL_VAN/BTCV/trainer.py:58: UserWarning: Epoch 1531/4000 2/3  loss: 0.7629  time 2.26s
  warnings.warn(
/home/karimimonsefi.1/SSL_VAN/BTCV/trainer.py:160: UserWarning: Final training  1531/3999  loss: 0.7629  time 16.96s
  warnings.warn("Final training  {}/{}  loss: {:.4f}  time {:.2f}s".format(epoch, args.max_epochs - 1,
/home/karimimonsefi.1/SSL_VAN/BTCV/trainer.py:154: UserWarning: 1  Fri Jun 30 22:54:33 2023  Epoch: 1532
  warnings.warn(f"{args.rank}  {time.ctime()}  Epoch: {epoch}")
/home/karimimonsefi.1/SSL_VAN/BTCV/trainer.py:154: UserWarning: 0  Fri Jun 30 22:54:33 2023  Epoch: 1532
  warnings.warn(f"{args.rank}  {time.ctime()}  Epoch: {epoch}")
/home/karimimonsefi.1/SSL_VAN/BTCV/trainer.py:58: UserWarning: Epoch 1532/4000 0/3  loss: 0.7553  time 13.09s
  warnings.warn(
/home/karimimonsefi.1/SSL_VAN/BTCV/trainer.py:58: UserWarning: Epoch 1532/4000 1/3  loss: 0.7601  time 2.26s
  warnings.warn(
/home/karimimonsefi.1/SSL_VAN/BTCV/trainer.py:58: UserWarning: Epoch 1532/4000 2/3  loss: 0.7615  time 2.26s
  warnings.warn(
/home/karimimonsefi.1/SSL_VAN/BTCV/trainer.py:160: UserWarning: Final training  1532/3999  loss: 0.7615  time 17.61s
  warnings.warn("Final training  {}/{}  loss: {:.4f}  time {:.2f}s".format(epoch, args.max_epochs - 1,
/home/karimimonsefi.1/SSL_VAN/BTCV/trainer.py:154: UserWarning: 1  Fri Jun 30 22:54:51 2023  Epoch: 1533
  warnings.warn(f"{args.rank}  {time.ctime()}  Epoch: {epoch}")
/home/karimimonsefi.1/SSL_VAN/BTCV/trainer.py:154: UserWarning: 0  Fri Jun 30 22:54:51 2023  Epoch: 1533
  warnings.warn(f"{args.rank}  {time.ctime()}  Epoch: {epoch}")
/home/karimimonsefi.1/SSL_VAN/BTCV/trainer.py:58: UserWarning: Epoch 1533/4000 0/3  loss: 0.7466  time 11.83s
  warnings.warn(
/home/karimimonsefi.1/SSL_VAN/BTCV/trainer.py:58: UserWarning: Epoch 1533/4000 1/3  loss: 0.7420  time 2.26s
  warnings.warn(
/home/karimimonsefi.1/SSL_VAN/BTCV/trainer.py:58: UserWarning: Epoch 1533/4000 2/3  loss: 0.7506  time 2.26s
  warnings.warn(
/home/karimimonsefi.1/SSL_VAN/BTCV/trainer.py:160: UserWarning: Final training  1533/3999  loss: 0.7506  time 16.35s
  warnings.warn("Final training  {}/{}  loss: {:.4f}  time {:.2f}s".format(epoch, args.max_epochs - 1,
/home/karimimonsefi.1/SSL_VAN/BTCV/trainer.py:154: UserWarning: 1  Fri Jun 30 22:55:07 2023  Epoch: 1534
  warnings.warn(f"{args.rank}  {time.ctime()}  Epoch: {epoch}")
/home/karimimonsefi.1/SSL_VAN/BTCV/trainer.py:154: UserWarning: 0  Fri Jun 30 22:55:07 2023  Epoch: 1534
  warnings.warn(f"{args.rank}  {time.ctime()}  Epoch: {epoch}")
/home/karimimonsefi.1/SSL_VAN/BTCV/trainer.py:58: UserWarning: Epoch 1534/4000 0/3  loss: 0.7717  time 14.60s
  warnings.warn(
/home/karimimonsefi.1/SSL_VAN/BTCV/trainer.py:58: UserWarning: Epoch 1534/4000 1/3  loss: 0.7775  time 2.26s
  warnings.warn(
/home/karimimonsefi.1/SSL_VAN/BTCV/trainer.py:58: UserWarning: Epoch 1534/4000 2/3  loss: 0.7769  time 2.25s
  warnings.warn(
/home/karimimonsefi.1/SSL_VAN/BTCV/trainer.py:160: UserWarning: Final training  1534/3999  loss: 0.7769  time 19.11s
  warnings.warn("Final training  {}/{}  loss: {:.4f}  time {:.2f}s".format(epoch, args.max_epochs - 1,
/home/karimimonsefi.1/SSL_VAN/BTCV/trainer.py:107: UserWarning: Val 1534/4000 0/3  acc [ 0.605]  time 5.26s
  warnings.warn("Val {}/{} {}/{}  acc {}  time {:.2f}s".format(epoch, args.max_epochs, idx, len(loader),
/home/karimimonsefi.1/SSL_VAN/BTCV/trainer.py:109: UserWarning: Val 1534/4000 0/3  acc 0.6054072976112366  time 5.26s
  warnings.warn("Val {}/{} {}/{}  acc {}  time {:.2f}s".format(epoch, args.max_epochs, idx, len(loader),
/home/karimimonsefi.1/SSL_VAN/BTCV/trainer.py:107: UserWarning: Val 1534/4000 1/3  acc [ 0.604]  time 2.91s
  warnings.warn("Val {}/{} {}/{}  acc {}  time {:.2f}s".format(epoch, args.max_epochs, idx, len(loader),
/home/karimimonsefi.1/SSL_VAN/BTCV/trainer.py:109: UserWarning: Val 1534/4000 1/3  acc 0.6036004424095154  time 2.91s
  warnings.warn("Val {}/{} {}/{}  acc {}  time {:.2f}s".format(epoch, args.max_epochs, idx, len(loader),
/home/karimimonsefi.1/SSL_VAN/BTCV/trainer.py:107: UserWarning: Val 1534/4000 2/3  acc [ 0.607]  time 2.33s
  warnings.warn("Val {}/{} {}/{}  acc {}  time {:.2f}s".format(epoch, args.max_epochs, idx, len(loader),
/home/karimimonsefi.1/SSL_VAN/BTCV/trainer.py:109: UserWarning: Val 1534/4000 2/3  acc 0.6074549555778503  time 2.33s
  warnings.warn("Val {}/{} {}/{}  acc {}  time {:.2f}s".format(epoch, args.max_epochs, idx, len(loader),
/home/karimimonsefi.1/SSL_VAN/BTCV/trainer.py:184: UserWarning: Final validation  1534/3999  acc: 0.6075  time 10.49s
  warnings.warn("Final validation  {}/{}  acc: {:.4f}  time {:.2f}s".format(epoch, args.max_epochs - 1,
/home/karimimonsefi.1/SSL_VAN/BTCV/trainer.py:154: UserWarning: 0  Fri Jun 30 22:55:39 2023  Epoch: 1535
  warnings.warn(f"{args.rank}  {time.ctime()}  Epoch: {epoch}")
/home/karimimonsefi.1/SSL_VAN/BTCV/trainer.py:154: UserWarning: 1  Fri Jun 30 22:55:39 2023  Epoch: 1535
  warnings.warn(f"{args.rank}  {time.ctime()}  Epoch: {epoch}")
/home/karimimonsefi.1/SSL_VAN/BTCV/trainer.py:58: UserWarning: Epoch 1535/4000 0/3  loss: 0.7498  time 11.20s
  warnings.warn(
/home/karimimonsefi.1/SSL_VAN/BTCV/trainer.py:58: UserWarning: Epoch 1535/4000 1/3  loss: 0.7636  time 2.26s
  warnings.warn(
/home/karimimonsefi.1/SSL_VAN/BTCV/trainer.py:58: UserWarning: Epoch 1535/4000 2/3  loss: 0.7712  time 2.26s
  warnings.warn(
/home/karimimonsefi.1/SSL_VAN/BTCV/trainer.py:160: UserWarning: Final training  1535/3999  loss: 0.7712  time 15.73s
  warnings.warn("Final training  {}/{}  loss: {:.4f}  time {:.2f}s".format(epoch, args.max_epochs - 1,
/home/karimimonsefi.1/SSL_VAN/BTCV/trainer.py:154: UserWarning: 1  Fri Jun 30 22:55:55 2023  Epoch: 1536
  warnings.warn(f"{args.rank}  {time.ctime()}  Epoch: {epoch}")
/home/karimimonsefi.1/SSL_VAN/BTCV/trainer.py:154: UserWarning: 0  Fri Jun 30 22:55:55 2023  Epoch: 1536
  warnings.warn(f"{args.rank}  {time.ctime()}  Epoch: {epoch}")
/home/karimimonsefi.1/SSL_VAN/BTCV/trainer.py:58: UserWarning: Epoch 1536/4000 0/3  loss: 0.7622  time 13.07s
  warnings.warn(
/home/karimimonsefi.1/SSL_VAN/BTCV/trainer.py:58: UserWarning: Epoch 1536/4000 1/3  loss: 0.7644  time 2.26s
  warnings.warn(
/home/karimimonsefi.1/SSL_VAN/BTCV/trainer.py:58: UserWarning: Epoch 1536/4000 2/3  loss: 0.7592  time 2.26s
  warnings.warn(
/home/karimimonsefi.1/SSL_VAN/BTCV/trainer.py:160: UserWarning: Final training  1536/3999  loss: 0.7592  time 17.59s
  warnings.warn("Final training  {}/{}  loss: {:.4f}  time {:.2f}s".format(epoch, args.max_epochs - 1,
/home/karimimonsefi.1/SSL_VAN/BTCV/trainer.py:154: UserWarning: 1  Fri Jun 30 22:56:12 2023  Epoch: 1537
  warnings.warn(f"{args.rank}  {time.ctime()}  Epoch: {epoch}")
/home/karimimonsefi.1/SSL_VAN/BTCV/trainer.py:154: UserWarning: 0  Fri Jun 30 22:56:12 2023  Epoch: 1537
  warnings.warn(f"{args.rank}  {time.ctime()}  Epoch: {epoch}")
/home/karimimonsefi.1/SSL_VAN/BTCV/trainer.py:58: UserWarning: Epoch 1537/4000 0/3  loss: 0.8107  time 14.03s
  warnings.warn(
/home/karimimonsefi.1/SSL_VAN/BTCV/trainer.py:58: UserWarning: Epoch 1537/4000 1/3  loss: 0.7995  time 2.26s
  warnings.warn(
/home/karimimonsefi.1/SSL_VAN/BTCV/trainer.py:58: UserWarning: Epoch 1537/4000 2/3  loss: 0.7701  time 2.26s
  warnings.warn(
/home/karimimonsefi.1/SSL_VAN/BTCV/trainer.py:160: UserWarning: Final training  1537/3999  loss: 0.7701  time 18.55s
  warnings.warn("Final training  {}/{}  loss: {:.4f}  time {:.2f}s".format(epoch, args.max_epochs - 1,
/home/karimimonsefi.1/SSL_VAN/BTCV/trainer.py:154: UserWarning: 1  Fri Jun 30 22:56:31 2023  Epoch: 1538
  warnings.warn(f"{args.rank}  {time.ctime()}  Epoch: {epoch}")
/home/karimimonsefi.1/SSL_VAN/BTCV/trainer.py:154: UserWarning: 0  Fri Jun 30 22:56:31 2023  Epoch: 1538
  warnings.warn(f"{args.rank}  {time.ctime()}  Epoch: {epoch}")
/home/karimimonsefi.1/SSL_VAN/BTCV/trainer.py:58: UserWarning: Epoch 1538/4000 0/3  loss: 0.7818  time 11.13s
  warnings.warn(
/home/karimimonsefi.1/SSL_VAN/BTCV/trainer.py:58: UserWarning: Epoch 1538/4000 1/3  loss: 0.7744  time 2.26s
  warnings.warn(
/home/karimimonsefi.1/SSL_VAN/BTCV/trainer.py:58: UserWarning: Epoch 1538/4000 2/3  loss: 0.7599  time 2.26s
  warnings.warn(
/home/karimimonsefi.1/SSL_VAN/BTCV/trainer.py:160: UserWarning: Final training  1538/3999  loss: 0.7599  time 15.65s
  warnings.warn("Final training  {}/{}  loss: {:.4f}  time {:.2f}s".format(epoch, args.max_epochs - 1,
/home/karimimonsefi.1/SSL_VAN/BTCV/trainer.py:154: UserWarning: 0  Fri Jun 30 22:56:47 2023  Epoch: 1539
  warnings.warn(f"{args.rank}  {time.ctime()}  Epoch: {epoch}")
/home/karimimonsefi.1/SSL_VAN/BTCV/trainer.py:154: UserWarning: 1  Fri Jun 30 22:56:47 2023  Epoch: 1539
  warnings.warn(f"{args.rank}  {time.ctime()}  Epoch: {epoch}")
/home/karimimonsefi.1/SSL_VAN/BTCV/trainer.py:58: UserWarning: Epoch 1539/4000 0/3  loss: 0.7640  time 11.45s
  warnings.warn(
/home/karimimonsefi.1/SSL_VAN/BTCV/trainer.py:58: UserWarning: Epoch 1539/4000 1/3  loss: 0.7662  time 2.26s
  warnings.warn(
/home/karimimonsefi.1/SSL_VAN/BTCV/trainer.py:58: UserWarning: Epoch 1539/4000 2/3  loss: 0.7536  time 2.25s
  warnings.warn(
/home/karimimonsefi.1/SSL_VAN/BTCV/trainer.py:160: UserWarning: Final training  1539/3999  loss: 0.7536  time 15.97s
  warnings.warn("Final training  {}/{}  loss: {:.4f}  time {:.2f}s".format(epoch, args.max_epochs - 1,
/home/karimimonsefi.1/SSL_VAN/BTCV/trainer.py:107: UserWarning: Val 1539/4000 0/3  acc [ 0.600]  time 5.21s
  warnings.warn("Val {}/{} {}/{}  acc {}  time {:.2f}s".format(epoch, args.max_epochs, idx, len(loader),
/home/karimimonsefi.1/SSL_VAN/BTCV/trainer.py:109: UserWarning: Val 1539/4000 0/3  acc 0.599863588809967  time 5.21s
  warnings.warn("Val {}/{} {}/{}  acc {}  time {:.2f}s".format(epoch, args.max_epochs, idx, len(loader),
/home/karimimonsefi.1/SSL_VAN/BTCV/trainer.py:107: UserWarning: Val 1539/4000 1/3  acc [ 0.601]  time 2.91s
  warnings.warn("Val {}/{} {}/{}  acc {}  time {:.2f}s".format(epoch, args.max_epochs, idx, len(loader),
/home/karimimonsefi.1/SSL_VAN/BTCV/trainer.py:109: UserWarning: Val 1539/4000 1/3  acc 0.6013138294219971  time 2.91s
  warnings.warn("Val {}/{} {}/{}  acc {}  time {:.2f}s".format(epoch, args.max_epochs, idx, len(loader),
/home/karimimonsefi.1/SSL_VAN/BTCV/trainer.py:107: UserWarning: Val 1539/4000 2/3  acc [ 0.604]  time 2.32s
  warnings.warn("Val {}/{} {}/{}  acc {}  time {:.2f}s".format(epoch, args.max_epochs, idx, len(loader),
/home/karimimonsefi.1/SSL_VAN/BTCV/trainer.py:109: UserWarning: Val 1539/4000 2/3  acc 0.6043338179588318  time 2.33s
  warnings.warn("Val {}/{} {}/{}  acc {}  time {:.2f}s".format(epoch, args.max_epochs, idx, len(loader),
/home/karimimonsefi.1/SSL_VAN/BTCV/trainer.py:184: UserWarning: Final validation  1539/3999  acc: 0.6043  time 10.44s
  warnings.warn("Final validation  {}/{}  acc: {:.4f}  time {:.2f}s".format(epoch, args.max_epochs - 1,
/home/karimimonsefi.1/SSL_VAN/BTCV/trainer.py:154: UserWarning: 0  Fri Jun 30 22:57:15 2023  Epoch: 1540
  warnings.warn(f"{args.rank}  {time.ctime()}  Epoch: {epoch}")
/home/karimimonsefi.1/SSL_VAN/BTCV/trainer.py:154: UserWarning: 1  Fri Jun 30 22:57:15 2023  Epoch: 1540
  warnings.warn(f"{args.rank}  {time.ctime()}  Epoch: {epoch}")
/home/karimimonsefi.1/SSL_VAN/BTCV/trainer.py:58: UserWarning: Epoch 1540/4000 0/3  loss: 0.7279  time 12.29s
  warnings.warn(
/home/karimimonsefi.1/SSL_VAN/BTCV/trainer.py:58: UserWarning: Epoch 1540/4000 1/3  loss: 0.7601  time 2.26s
  warnings.warn(
/home/karimimonsefi.1/SSL_VAN/BTCV/trainer.py:58: UserWarning: Epoch 1540/4000 2/3  loss: 0.7545  time 2.26s
  warnings.warn(
/home/karimimonsefi.1/SSL_VAN/BTCV/trainer.py:160: UserWarning: Final training  1540/3999  loss: 0.7545  time 16.81s
  warnings.warn("Final training  {}/{}  loss: {:.4f}  time {:.2f}s".format(epoch, args.max_epochs - 1,
/home/karimimonsefi.1/SSL_VAN/BTCV/trainer.py:154: UserWarning: 1  Fri Jun 30 22:57:32 2023  Epoch: 1541
  warnings.warn(f"{args.rank}  {time.ctime()}  Epoch: {epoch}")
/home/karimimonsefi.1/SSL_VAN/BTCV/trainer.py:154: UserWarning: 0  Fri Jun 30 22:57:32 2023  Epoch: 1541
  warnings.warn(f"{args.rank}  {time.ctime()}  Epoch: {epoch}")
/home/karimimonsefi.1/SSL_VAN/BTCV/trainer.py:58: UserWarning: Epoch 1541/4000 0/3  loss: 0.7059  time 10.47s
  warnings.warn(
/home/karimimonsefi.1/SSL_VAN/BTCV/trainer.py:58: UserWarning: Epoch 1541/4000 1/3  loss: 0.7555  time 2.26s
  warnings.warn(
/home/karimimonsefi.1/SSL_VAN/BTCV/trainer.py:58: UserWarning: Epoch 1541/4000 2/3  loss: 0.7604  time 2.25s
  warnings.warn(
/home/karimimonsefi.1/SSL_VAN/BTCV/trainer.py:160: UserWarning: Final training  1541/3999  loss: 0.7604  time 14.99s
  warnings.warn("Final training  {}/{}  loss: {:.4f}  time {:.2f}s".format(epoch, args.max_epochs - 1,
/home/karimimonsefi.1/SSL_VAN/BTCV/trainer.py:154: UserWarning: 1  Fri Jun 30 22:57:47 2023  Epoch: 1542
  warnings.warn(f"{args.rank}  {time.ctime()}  Epoch: {epoch}")
/home/karimimonsefi.1/SSL_VAN/BTCV/trainer.py:154: UserWarning: 0  Fri Jun 30 22:57:47 2023  Epoch: 1542
  warnings.warn(f"{args.rank}  {time.ctime()}  Epoch: {epoch}")
/home/karimimonsefi.1/SSL_VAN/BTCV/trainer.py:58: UserWarning: Epoch 1542/4000 0/3  loss: 0.7955  time 12.06s
  warnings.warn(
/home/karimimonsefi.1/SSL_VAN/BTCV/trainer.py:58: UserWarning: Epoch 1542/4000 1/3  loss: 0.7711  time 2.25s
  warnings.warn(
/home/karimimonsefi.1/SSL_VAN/BTCV/trainer.py:58: UserWarning: Epoch 1542/4000 2/3  loss: 0.7588  time 2.25s
  warnings.warn(
/home/karimimonsefi.1/SSL_VAN/BTCV/trainer.py:160: UserWarning: Final training  1542/3999  loss: 0.7588  time 16.58s
  warnings.warn("Final training  {}/{}  loss: {:.4f}  time {:.2f}s".format(epoch, args.max_epochs - 1,
/home/karimimonsefi.1/SSL_VAN/BTCV/trainer.py:154: UserWarning: 1  Fri Jun 30 22:58:04 2023  Epoch: 1543
  warnings.warn(f"{args.rank}  {time.ctime()}  Epoch: {epoch}")
/home/karimimonsefi.1/SSL_VAN/BTCV/trainer.py:154: UserWarning: 0  Fri Jun 30 22:58:04 2023  Epoch: 1543
  warnings.warn(f"{args.rank}  {time.ctime()}  Epoch: {epoch}")
/home/karimimonsefi.1/SSL_VAN/BTCV/trainer.py:58: UserWarning: Epoch 1543/4000 0/3  loss: 0.7716  time 13.34s
  warnings.warn(
/home/karimimonsefi.1/SSL_VAN/BTCV/trainer.py:58: UserWarning: Epoch 1543/4000 1/3  loss: 0.7558  time 2.26s
  warnings.warn(
/home/karimimonsefi.1/SSL_VAN/BTCV/trainer.py:58: UserWarning: Epoch 1543/4000 2/3  loss: 0.7624  time 2.25s
  warnings.warn(
/home/karimimonsefi.1/SSL_VAN/BTCV/trainer.py:160: UserWarning: Final training  1543/3999  loss: 0.7624  time 17.86s
  warnings.warn("Final training  {}/{}  loss: {:.4f}  time {:.2f}s".format(epoch, args.max_epochs - 1,
/home/karimimonsefi.1/SSL_VAN/BTCV/trainer.py:154: UserWarning: 1  Fri Jun 30 22:58:22 2023  Epoch: 1544
  warnings.warn(f"{args.rank}  {time.ctime()}  Epoch: {epoch}")
/home/karimimonsefi.1/SSL_VAN/BTCV/trainer.py:154: UserWarning: 0  Fri Jun 30 22:58:22 2023  Epoch: 1544
  warnings.warn(f"{args.rank}  {time.ctime()}  Epoch: {epoch}")
/home/karimimonsefi.1/SSL_VAN/BTCV/trainer.py:58: UserWarning: Epoch 1544/4000 0/3  loss: 0.7332  time 11.04s
  warnings.warn(
/home/karimimonsefi.1/SSL_VAN/BTCV/trainer.py:58: UserWarning: Epoch 1544/4000 1/3  loss: 0.7620  time 2.25s
  warnings.warn(
/home/karimimonsefi.1/SSL_VAN/BTCV/trainer.py:58: UserWarning: Epoch 1544/4000 2/3  loss: 0.7649  time 2.26s
  warnings.warn(
/home/karimimonsefi.1/SSL_VAN/BTCV/trainer.py:160: UserWarning: Final training  1544/3999  loss: 0.7649  time 15.56s
  warnings.warn("Final training  {}/{}  loss: {:.4f}  time {:.2f}s".format(epoch, args.max_epochs - 1,
/home/karimimonsefi.1/SSL_VAN/BTCV/trainer.py:107: UserWarning: Val 1544/4000 0/3  acc [ 0.623]  time 5.23s
  warnings.warn("Val {}/{} {}/{}  acc {}  time {:.2f}s".format(epoch, args.max_epochs, idx, len(loader),
/home/karimimonsefi.1/SSL_VAN/BTCV/trainer.py:109: UserWarning: Val 1544/4000 0/3  acc 0.6233049631118774  time 5.24s
  warnings.warn("Val {}/{} {}/{}  acc {}  time {:.2f}s".format(epoch, args.max_epochs, idx, len(loader),
/home/karimimonsefi.1/SSL_VAN/BTCV/trainer.py:107: UserWarning: Val 1544/4000 1/3  acc [ 0.631]  time 2.90s
  warnings.warn("Val {}/{} {}/{}  acc {}  time {:.2f}s".format(epoch, args.max_epochs, idx, len(loader),
/home/karimimonsefi.1/SSL_VAN/BTCV/trainer.py:109: UserWarning: Val 1544/4000 1/3  acc 0.6305270791053772  time 2.90s
  warnings.warn("Val {}/{} {}/{}  acc {}  time {:.2f}s".format(epoch, args.max_epochs, idx, len(loader),
/home/karimimonsefi.1/SSL_VAN/BTCV/trainer.py:107: UserWarning: Val 1544/4000 2/3  acc [ 0.638]  time 2.33s
  warnings.warn("Val {}/{} {}/{}  acc {}  time {:.2f}s".format(epoch, args.max_epochs, idx, len(loader),
/home/karimimonsefi.1/SSL_VAN/BTCV/trainer.py:109: UserWarning: Val 1544/4000 2/3  acc 0.637818455696106  time 2.33s
  warnings.warn("Val {}/{} {}/{}  acc {}  time {:.2f}s".format(epoch, args.max_epochs, idx, len(loader),
/home/karimimonsefi.1/SSL_VAN/BTCV/trainer.py:184: UserWarning: Final validation  1544/3999  acc: 0.6378  time 10.47s
  warnings.warn("Final validation  {}/{}  acc: {:.4f}  time {:.2f}s".format(epoch, args.max_epochs - 1,
/home/karimimonsefi.1/SSL_VAN/BTCV/trainer.py:190: UserWarning: new best (0.609275 --> 0.637818). 
  warnings.warn("new best ({:.6f} --> {:.6f}). ".format(val_acc_max, val_avg_acc))
/home/karimimonsefi.1/SSL_VAN/BTCV/trainer.py:202: UserWarning: Copying to best model new best model!!!!
  warnings.warn("Copying to best model new best model!!!!")
/home/karimimonsefi.1/SSL_VAN/BTCV/trainer.py:154: UserWarning: 0  Fri Jun 30 22:58:54 2023  Epoch: 1545
  warnings.warn(f"{args.rank}  {time.ctime()}  Epoch: {epoch}")
/home/karimimonsefi.1/SSL_VAN/BTCV/trainer.py:154: UserWarning: 1  Fri Jun 30 22:58:54 2023  Epoch: 1545
  warnings.warn(f"{args.rank}  {time.ctime()}  Epoch: {epoch}")
/home/karimimonsefi.1/SSL_VAN/BTCV/trainer.py:58: UserWarning: Epoch 1545/4000 0/3  loss: 0.7117  time 11.51s
  warnings.warn(
/home/karimimonsefi.1/SSL_VAN/BTCV/trainer.py:58: UserWarning: Epoch 1545/4000 1/3  loss: 0.7319  time 2.25s
  warnings.warn(
/home/karimimonsefi.1/SSL_VAN/BTCV/trainer.py:58: UserWarning: Epoch 1545/4000 2/3  loss: 0.7401  time 2.26s
  warnings.warn(
/home/karimimonsefi.1/SSL_VAN/BTCV/trainer.py:160: UserWarning: Final training  1545/3999  loss: 0.7401  time 16.03s
  warnings.warn("Final training  {}/{}  loss: {:.4f}  time {:.2f}s".format(epoch, args.max_epochs - 1,
/home/karimimonsefi.1/SSL_VAN/BTCV/trainer.py:154: UserWarning: 1  Fri Jun 30 22:59:10 2023  Epoch: 1546
  warnings.warn(f"{args.rank}  {time.ctime()}  Epoch: {epoch}")
/home/karimimonsefi.1/SSL_VAN/BTCV/trainer.py:154: UserWarning: 0  Fri Jun 30 22:59:10 2023  Epoch: 1546
  warnings.warn(f"{args.rank}  {time.ctime()}  Epoch: {epoch}")
/home/karimimonsefi.1/SSL_VAN/BTCV/trainer.py:58: UserWarning: Epoch 1546/4000 0/3  loss: 0.7854  time 13.73s
  warnings.warn(
/home/karimimonsefi.1/SSL_VAN/BTCV/trainer.py:58: UserWarning: Epoch 1546/4000 1/3  loss: 0.7607  time 2.25s
  warnings.warn(
/home/karimimonsefi.1/SSL_VAN/BTCV/trainer.py:58: UserWarning: Epoch 1546/4000 2/3  loss: 0.7553  time 2.25s
  warnings.warn(
/home/karimimonsefi.1/SSL_VAN/BTCV/trainer.py:160: UserWarning: Final training  1546/3999  loss: 0.7553  time 18.24s
  warnings.warn("Final training  {}/{}  loss: {:.4f}  time {:.2f}s".format(epoch, args.max_epochs - 1,
/home/karimimonsefi.1/SSL_VAN/BTCV/trainer.py:154: UserWarning: 1  Fri Jun 30 22:59:28 2023  Epoch: 1547
  warnings.warn(f"{args.rank}  {time.ctime()}  Epoch: {epoch}")
/home/karimimonsefi.1/SSL_VAN/BTCV/trainer.py:154: UserWarning: 0  Fri Jun 30 22:59:28 2023  Epoch: 1547
  warnings.warn(f"{args.rank}  {time.ctime()}  Epoch: {epoch}")
/home/karimimonsefi.1/SSL_VAN/BTCV/trainer.py:58: UserWarning: Epoch 1547/4000 0/3  loss: 0.7529  time 13.81s
  warnings.warn(
/home/karimimonsefi.1/SSL_VAN/BTCV/trainer.py:58: UserWarning: Epoch 1547/4000 1/3  loss: 0.7761  time 2.25s
  warnings.warn(
/home/karimimonsefi.1/SSL_VAN/BTCV/trainer.py:58: UserWarning: Epoch 1547/4000 2/3  loss: 0.7623  time 2.25s
  warnings.warn(
/home/karimimonsefi.1/SSL_VAN/BTCV/trainer.py:160: UserWarning: Final training  1547/3999  loss: 0.7623  time 18.32s
  warnings.warn("Final training  {}/{}  loss: {:.4f}  time {:.2f}s".format(epoch, args.max_epochs - 1,
/home/karimimonsefi.1/SSL_VAN/BTCV/trainer.py:154: UserWarning: 1  Fri Jun 30 22:59:47 2023  Epoch: 1548
  warnings.warn(f"{args.rank}  {time.ctime()}  Epoch: {epoch}")
/home/karimimonsefi.1/SSL_VAN/BTCV/trainer.py:154: UserWarning: 0  Fri Jun 30 22:59:47 2023  Epoch: 1548
  warnings.warn(f"{args.rank}  {time.ctime()}  Epoch: {epoch}")
/home/karimimonsefi.1/SSL_VAN/BTCV/trainer.py:58: UserWarning: Epoch 1548/4000 0/3  loss: 0.7398  time 13.17s
  warnings.warn(
/home/karimimonsefi.1/SSL_VAN/BTCV/trainer.py:58: UserWarning: Epoch 1548/4000 1/3  loss: 0.7299  time 2.25s
  warnings.warn(
/home/karimimonsefi.1/SSL_VAN/BTCV/trainer.py:58: UserWarning: Epoch 1548/4000 2/3  loss: 0.7558  time 2.25s
  warnings.warn(
/home/karimimonsefi.1/SSL_VAN/BTCV/trainer.py:160: UserWarning: Final training  1548/3999  loss: 0.7558  time 17.68s
  warnings.warn("Final training  {}/{}  loss: {:.4f}  time {:.2f}s".format(epoch, args.max_epochs - 1,
/home/karimimonsefi.1/SSL_VAN/BTCV/trainer.py:154: UserWarning: 1  Fri Jun 30 23:00:04 2023  Epoch: 1549
  warnings.warn(f"{args.rank}  {time.ctime()}  Epoch: {epoch}")
/home/karimimonsefi.1/SSL_VAN/BTCV/trainer.py:154: UserWarning: 0  Fri Jun 30 23:00:04 2023  Epoch: 1549
  warnings.warn(f"{args.rank}  {time.ctime()}  Epoch: {epoch}")
/home/karimimonsefi.1/SSL_VAN/BTCV/trainer.py:58: UserWarning: Epoch 1549/4000 0/3  loss: 0.7659  time 11.67s
  warnings.warn(
/home/karimimonsefi.1/SSL_VAN/BTCV/trainer.py:58: UserWarning: Epoch 1549/4000 1/3  loss: 0.7506  time 2.25s
  warnings.warn(
/home/karimimonsefi.1/SSL_VAN/BTCV/trainer.py:58: UserWarning: Epoch 1549/4000 2/3  loss: 0.7455  time 2.25s
  warnings.warn(
/home/karimimonsefi.1/SSL_VAN/BTCV/trainer.py:160: UserWarning: Final training  1549/3999  loss: 0.7455  time 16.18s
  warnings.warn("Final training  {}/{}  loss: {:.4f}  time {:.2f}s".format(epoch, args.max_epochs - 1,
/home/karimimonsefi.1/SSL_VAN/BTCV/trainer.py:107: UserWarning: Val 1549/4000 0/3  acc [ 0.631]  time 5.46s
  warnings.warn("Val {}/{} {}/{}  acc {}  time {:.2f}s".format(epoch, args.max_epochs, idx, len(loader),
/home/karimimonsefi.1/SSL_VAN/BTCV/trainer.py:109: UserWarning: Val 1549/4000 0/3  acc 0.6307421326637268  time 5.46s
  warnings.warn("Val {}/{} {}/{}  acc {}  time {:.2f}s".format(epoch, args.max_epochs, idx, len(loader),
/home/karimimonsefi.1/SSL_VAN/BTCV/trainer.py:107: UserWarning: Val 1549/4000 1/3  acc [ 0.636]  time 2.90s
  warnings.warn("Val {}/{} {}/{}  acc {}  time {:.2f}s".format(epoch, args.max_epochs, idx, len(loader),
/home/karimimonsefi.1/SSL_VAN/BTCV/trainer.py:109: UserWarning: Val 1549/4000 1/3  acc 0.6357120871543884  time 2.90s
  warnings.warn("Val {}/{} {}/{}  acc {}  time {:.2f}s".format(epoch, args.max_epochs, idx, len(loader),
/home/karimimonsefi.1/SSL_VAN/BTCV/trainer.py:107: UserWarning: Val 1549/4000 2/3  acc [ 0.643]  time 2.33s
  warnings.warn("Val {}/{} {}/{}  acc {}  time {:.2f}s".format(epoch, args.max_epochs, idx, len(loader),
/home/karimimonsefi.1/SSL_VAN/BTCV/trainer.py:109: UserWarning: Val 1549/4000 2/3  acc 0.6434621214866638  time 2.33s
  warnings.warn("Val {}/{} {}/{}  acc {}  time {:.2f}s".format(epoch, args.max_epochs, idx, len(loader),
/home/karimimonsefi.1/SSL_VAN/BTCV/trainer.py:184: UserWarning: Final validation  1549/3999  acc: 0.6435  time 10.69s
  warnings.warn("Final validation  {}/{}  acc: {:.4f}  time {:.2f}s".format(epoch, args.max_epochs - 1,
/home/karimimonsefi.1/SSL_VAN/BTCV/trainer.py:190: UserWarning: new best (0.637818 --> 0.643462). 
  warnings.warn("new best ({:.6f} --> {:.6f}). ".format(val_acc_max, val_avg_acc))
/home/karimimonsefi.1/SSL_VAN/BTCV/trainer.py:154: UserWarning: 0  Fri Jun 30 23:00:38 2023  Epoch: 1550
  warnings.warn(f"{args.rank}  {time.ctime()}  Epoch: {epoch}")
/home/karimimonsefi.1/SSL_VAN/BTCV/trainer.py:154: UserWarning: 1  Fri Jun 30 23:00:38 2023  Epoch: 1550
  warnings.warn(f"{args.rank}  {time.ctime()}  Epoch: {epoch}")
/home/karimimonsefi.1/SSL_VAN/BTCV/trainer.py:58: UserWarning: Epoch 1550/4000 0/3  loss: 0.7264  time 11.54s
  warnings.warn(
/home/karimimonsefi.1/SSL_VAN/BTCV/trainer.py:58: UserWarning: Epoch 1550/4000 1/3  loss: 0.7286  time 2.25s
  warnings.warn(
/home/karimimonsefi.1/SSL_VAN/BTCV/trainer.py:58: UserWarning: Epoch 1550/4000 2/3  loss: 0.7460  time 2.26s
  warnings.warn(
/home/karimimonsefi.1/SSL_VAN/BTCV/trainer.py:160: UserWarning: Final training  1550/3999  loss: 0.7460  time 16.05s
  warnings.warn("Final training  {}/{}  loss: {:.4f}  time {:.2f}s".format(epoch, args.max_epochs - 1,
/home/karimimonsefi.1/SSL_VAN/BTCV/trainer.py:154: UserWarning: 1  Fri Jun 30 23:00:54 2023  Epoch: 1551
  warnings.warn(f"{args.rank}  {time.ctime()}  Epoch: {epoch}")
/home/karimimonsefi.1/SSL_VAN/BTCV/trainer.py:154: UserWarning: 0  Fri Jun 30 23:00:54 2023  Epoch: 1551
  warnings.warn(f"{args.rank}  {time.ctime()}  Epoch: {epoch}")
/home/karimimonsefi.1/SSL_VAN/BTCV/trainer.py:58: UserWarning: Epoch 1551/4000 0/3  loss: 0.7812  time 11.87s
  warnings.warn(
/home/karimimonsefi.1/SSL_VAN/BTCV/trainer.py:58: UserWarning: Epoch 1551/4000 1/3  loss: 0.7708  time 2.26s
  warnings.warn(
/home/karimimonsefi.1/SSL_VAN/BTCV/trainer.py:58: UserWarning: Epoch 1551/4000 2/3  loss: 0.7741  time 2.26s
  warnings.warn(
/home/karimimonsefi.1/SSL_VAN/BTCV/trainer.py:160: UserWarning: Final training  1551/3999  loss: 0.7741  time 16.39s
  warnings.warn("Final training  {}/{}  loss: {:.4f}  time {:.2f}s".format(epoch, args.max_epochs - 1,
/home/karimimonsefi.1/SSL_VAN/BTCV/trainer.py:154: UserWarning: 1  Fri Jun 30 23:01:10 2023  Epoch: 1552
  warnings.warn(f"{args.rank}  {time.ctime()}  Epoch: {epoch}")
/home/karimimonsefi.1/SSL_VAN/BTCV/trainer.py:154: UserWarning: 0  Fri Jun 30 23:01:10 2023  Epoch: 1552
  warnings.warn(f"{args.rank}  {time.ctime()}  Epoch: {epoch}")
/home/karimimonsefi.1/SSL_VAN/BTCV/trainer.py:58: UserWarning: Epoch 1552/4000 0/3  loss: 0.7353  time 12.84s
  warnings.warn(
/home/karimimonsefi.1/SSL_VAN/BTCV/trainer.py:58: UserWarning: Epoch 1552/4000 1/3  loss: 0.7369  time 2.26s
  warnings.warn(
/home/karimimonsefi.1/SSL_VAN/BTCV/trainer.py:58: UserWarning: Epoch 1552/4000 2/3  loss: 0.7512  time 2.25s
  warnings.warn(
/home/karimimonsefi.1/SSL_VAN/BTCV/trainer.py:160: UserWarning: Final training  1552/3999  loss: 0.7512  time 17.35s
  warnings.warn("Final training  {}/{}  loss: {:.4f}  time {:.2f}s".format(epoch, args.max_epochs - 1,
/home/karimimonsefi.1/SSL_VAN/BTCV/trainer.py:154: UserWarning: 1  Fri Jun 30 23:01:28 2023  Epoch: 1553
  warnings.warn(f"{args.rank}  {time.ctime()}  Epoch: {epoch}")
/home/karimimonsefi.1/SSL_VAN/BTCV/trainer.py:154: UserWarning: 0  Fri Jun 30 23:01:28 2023  Epoch: 1553
  warnings.warn(f"{args.rank}  {time.ctime()}  Epoch: {epoch}")
/home/karimimonsefi.1/SSL_VAN/BTCV/trainer.py:58: UserWarning: Epoch 1553/4000 0/3  loss: 0.7353  time 10.71s
  warnings.warn(
/home/karimimonsefi.1/SSL_VAN/BTCV/trainer.py:58: UserWarning: Epoch 1553/4000 1/3  loss: 0.7474  time 2.26s
  warnings.warn(
/home/karimimonsefi.1/SSL_VAN/BTCV/trainer.py:58: UserWarning: Epoch 1553/4000 2/3  loss: 0.7561  time 2.25s
  warnings.warn(
/home/karimimonsefi.1/SSL_VAN/BTCV/trainer.py:160: UserWarning: Final training  1553/3999  loss: 0.7561  time 15.23s
  warnings.warn("Final training  {}/{}  loss: {:.4f}  time {:.2f}s".format(epoch, args.max_epochs - 1,
/home/karimimonsefi.1/SSL_VAN/BTCV/trainer.py:154: UserWarning: 1  Fri Jun 30 23:01:43 2023  Epoch: 1554
  warnings.warn(f"{args.rank}  {time.ctime()}  Epoch: {epoch}")
/home/karimimonsefi.1/SSL_VAN/BTCV/trainer.py:154: UserWarning: 0  Fri Jun 30 23:01:43 2023  Epoch: 1554
  warnings.warn(f"{args.rank}  {time.ctime()}  Epoch: {epoch}")
/home/karimimonsefi.1/SSL_VAN/BTCV/trainer.py:58: UserWarning: Epoch 1554/4000 0/3  loss: 0.7308  time 10.66s
  warnings.warn(
/home/karimimonsefi.1/SSL_VAN/BTCV/trainer.py:58: UserWarning: Epoch 1554/4000 1/3  loss: 0.7419  time 3.24s
  warnings.warn(
/home/karimimonsefi.1/SSL_VAN/BTCV/trainer.py:58: UserWarning: Epoch 1554/4000 2/3  loss: 0.7372  time 2.26s
  warnings.warn(
/home/karimimonsefi.1/SSL_VAN/BTCV/trainer.py:160: UserWarning: Final training  1554/3999  loss: 0.7372  time 16.16s
  warnings.warn("Final training  {}/{}  loss: {:.4f}  time {:.2f}s".format(epoch, args.max_epochs - 1,
/home/karimimonsefi.1/SSL_VAN/BTCV/trainer.py:107: UserWarning: Val 1554/4000 0/3  acc [ 0.632]  time 5.25s
  warnings.warn("Val {}/{} {}/{}  acc {}  time {:.2f}s".format(epoch, args.max_epochs, idx, len(loader),
/home/karimimonsefi.1/SSL_VAN/BTCV/trainer.py:109: UserWarning: Val 1554/4000 0/3  acc 0.6318773031234741  time 5.25s
  warnings.warn("Val {}/{} {}/{}  acc {}  time {:.2f}s".format(epoch, args.max_epochs, idx, len(loader),
/home/karimimonsefi.1/SSL_VAN/BTCV/trainer.py:107: UserWarning: Val 1554/4000 1/3  acc [ 0.638]  time 2.91s
  warnings.warn("Val {}/{} {}/{}  acc {}  time {:.2f}s".format(epoch, args.max_epochs, idx, len(loader),
/home/karimimonsefi.1/SSL_VAN/BTCV/trainer.py:109: UserWarning: Val 1554/4000 1/3  acc 0.6384620666503906  time 2.91s
  warnings.warn("Val {}/{} {}/{}  acc {}  time {:.2f}s".format(epoch, args.max_epochs, idx, len(loader),
/home/karimimonsefi.1/SSL_VAN/BTCV/trainer.py:107: UserWarning: Val 1554/4000 2/3  acc [ 0.642]  time 2.32s
  warnings.warn("Val {}/{} {}/{}  acc {}  time {:.2f}s".format(epoch, args.max_epochs, idx, len(loader),
/home/karimimonsefi.1/SSL_VAN/BTCV/trainer.py:109: UserWarning: Val 1554/4000 2/3  acc 0.6422515511512756  time 2.32s
  warnings.warn("Val {}/{} {}/{}  acc {}  time {:.2f}s".format(epoch, args.max_epochs, idx, len(loader),
/home/karimimonsefi.1/SSL_VAN/BTCV/trainer.py:184: UserWarning: Final validation  1554/3999  acc: 0.6423  time 10.49s
  warnings.warn("Final validation  {}/{}  acc: {:.4f}  time {:.2f}s".format(epoch, args.max_epochs - 1,
/home/karimimonsefi.1/SSL_VAN/BTCV/trainer.py:154: UserWarning: 0  Fri Jun 30 23:02:12 2023  Epoch: 1555
  warnings.warn(f"{args.rank}  {time.ctime()}  Epoch: {epoch}")
/home/karimimonsefi.1/SSL_VAN/BTCV/trainer.py:154: UserWarning: 1  Fri Jun 30 23:02:12 2023  Epoch: 1555
  warnings.warn(f"{args.rank}  {time.ctime()}  Epoch: {epoch}")
/home/karimimonsefi.1/SSL_VAN/BTCV/trainer.py:58: UserWarning: Epoch 1555/4000 0/3  loss: 0.7324  time 11.82s
  warnings.warn(
/home/karimimonsefi.1/SSL_VAN/BTCV/trainer.py:58: UserWarning: Epoch 1555/4000 1/3  loss: 0.7170  time 2.26s
  warnings.warn(
/home/karimimonsefi.1/SSL_VAN/BTCV/trainer.py:58: UserWarning: Epoch 1555/4000 2/3  loss: 0.7351  time 2.26s
  warnings.warn(
/home/karimimonsefi.1/SSL_VAN/BTCV/trainer.py:160: UserWarning: Final training  1555/3999  loss: 0.7351  time 16.34s
  warnings.warn("Final training  {}/{}  loss: {:.4f}  time {:.2f}s".format(epoch, args.max_epochs - 1,
/home/karimimonsefi.1/SSL_VAN/BTCV/trainer.py:154: UserWarning: 1  Fri Jun 30 23:02:28 2023  Epoch: 1556
  warnings.warn(f"{args.rank}  {time.ctime()}  Epoch: {epoch}")
/home/karimimonsefi.1/SSL_VAN/BTCV/trainer.py:154: UserWarning: 0  Fri Jun 30 23:02:28 2023  Epoch: 1556
  warnings.warn(f"{args.rank}  {time.ctime()}  Epoch: {epoch}")
/home/karimimonsefi.1/SSL_VAN/BTCV/trainer.py:58: UserWarning: Epoch 1556/4000 0/3  loss: 0.7499  time 11.26s
  warnings.warn(
/home/karimimonsefi.1/SSL_VAN/BTCV/trainer.py:58: UserWarning: Epoch 1556/4000 1/3  loss: 0.7506  time 2.26s
  warnings.warn(
/home/karimimonsefi.1/SSL_VAN/BTCV/trainer.py:58: UserWarning: Epoch 1556/4000 2/3  loss: 0.7380  time 2.26s
  warnings.warn(
/home/karimimonsefi.1/SSL_VAN/BTCV/trainer.py:160: UserWarning: Final training  1556/3999  loss: 0.7380  time 15.78s
  warnings.warn("Final training  {}/{}  loss: {:.4f}  time {:.2f}s".format(epoch, args.max_epochs - 1,
/home/karimimonsefi.1/SSL_VAN/BTCV/trainer.py:154: UserWarning: 1  Fri Jun 30 23:02:44 2023  Epoch: 1557
  warnings.warn(f"{args.rank}  {time.ctime()}  Epoch: {epoch}")
/home/karimimonsefi.1/SSL_VAN/BTCV/trainer.py:154: UserWarning: 0  Fri Jun 30 23:02:44 2023  Epoch: 1557
  warnings.warn(f"{args.rank}  {time.ctime()}  Epoch: {epoch}")
/home/karimimonsefi.1/SSL_VAN/BTCV/trainer.py:58: UserWarning: Epoch 1557/4000 0/3  loss: 0.7306  time 10.99s
  warnings.warn(
/home/karimimonsefi.1/SSL_VAN/BTCV/trainer.py:58: UserWarning: Epoch 1557/4000 1/3  loss: 0.7451  time 2.26s
  warnings.warn(
/home/karimimonsefi.1/SSL_VAN/BTCV/trainer.py:58: UserWarning: Epoch 1557/4000 2/3  loss: 0.7404  time 2.26s
  warnings.warn(
/home/karimimonsefi.1/SSL_VAN/BTCV/trainer.py:160: UserWarning: Final training  1557/3999  loss: 0.7404  time 15.51s
  warnings.warn("Final training  {}/{}  loss: {:.4f}  time {:.2f}s".format(epoch, args.max_epochs - 1,
/home/karimimonsefi.1/SSL_VAN/BTCV/trainer.py:154: UserWarning: 1  Fri Jun 30 23:02:59 2023  Epoch: 1558
  warnings.warn(f"{args.rank}  {time.ctime()}  Epoch: {epoch}")
/home/karimimonsefi.1/SSL_VAN/BTCV/trainer.py:154: UserWarning: 0  Fri Jun 30 23:02:59 2023  Epoch: 1558
  warnings.warn(f"{args.rank}  {time.ctime()}  Epoch: {epoch}")
/home/karimimonsefi.1/SSL_VAN/BTCV/trainer.py:58: UserWarning: Epoch 1558/4000 0/3  loss: 0.7512  time 13.56s
  warnings.warn(
/home/karimimonsefi.1/SSL_VAN/BTCV/trainer.py:58: UserWarning: Epoch 1558/4000 1/3  loss: 0.7399  time 2.26s
  warnings.warn(
/home/karimimonsefi.1/SSL_VAN/BTCV/trainer.py:58: UserWarning: Epoch 1558/4000 2/3  loss: 0.7461  time 2.26s
  warnings.warn(
/home/karimimonsefi.1/SSL_VAN/BTCV/trainer.py:160: UserWarning: Final training  1558/3999  loss: 0.7461  time 18.08s
  warnings.warn("Final training  {}/{}  loss: {:.4f}  time {:.2f}s".format(epoch, args.max_epochs - 1,
/home/karimimonsefi.1/SSL_VAN/BTCV/trainer.py:154: UserWarning: 1  Fri Jun 30 23:03:17 2023  Epoch: 1559
  warnings.warn(f"{args.rank}  {time.ctime()}  Epoch: {epoch}")
/home/karimimonsefi.1/SSL_VAN/BTCV/trainer.py:154: UserWarning: 0  Fri Jun 30 23:03:17 2023  Epoch: 1559
  warnings.warn(f"{args.rank}  {time.ctime()}  Epoch: {epoch}")
/home/karimimonsefi.1/SSL_VAN/BTCV/trainer.py:58: UserWarning: Epoch 1559/4000 0/3  loss: 0.7155  time 11.12s
  warnings.warn(
/home/karimimonsefi.1/SSL_VAN/BTCV/trainer.py:58: UserWarning: Epoch 1559/4000 1/3  loss: 0.7412  time 2.25s
  warnings.warn(
/home/karimimonsefi.1/SSL_VAN/BTCV/trainer.py:58: UserWarning: Epoch 1559/4000 2/3  loss: 0.7572  time 2.25s
  warnings.warn(
/home/karimimonsefi.1/SSL_VAN/BTCV/trainer.py:160: UserWarning: Final training  1559/3999  loss: 0.7572  time 15.64s
  warnings.warn("Final training  {}/{}  loss: {:.4f}  time {:.2f}s".format(epoch, args.max_epochs - 1,
/home/karimimonsefi.1/SSL_VAN/BTCV/trainer.py:107: UserWarning: Val 1559/4000 0/3  acc [ 0.656]  time 5.29s
  warnings.warn("Val {}/{} {}/{}  acc {}  time {:.2f}s".format(epoch, args.max_epochs, idx, len(loader),
/home/karimimonsefi.1/SSL_VAN/BTCV/trainer.py:109: UserWarning: Val 1559/4000 0/3  acc 0.6557497382164001  time 5.29s
  warnings.warn("Val {}/{} {}/{}  acc {}  time {:.2f}s".format(epoch, args.max_epochs, idx, len(loader),
/home/karimimonsefi.1/SSL_VAN/BTCV/trainer.py:107: UserWarning: Val 1559/4000 1/3  acc [ 0.657]  time 2.90s
  warnings.warn("Val {}/{} {}/{}  acc {}  time {:.2f}s".format(epoch, args.max_epochs, idx, len(loader),
/home/karimimonsefi.1/SSL_VAN/BTCV/trainer.py:109: UserWarning: Val 1559/4000 1/3  acc 0.6574137210845947  time 2.90s
  warnings.warn("Val {}/{} {}/{}  acc {}  time {:.2f}s".format(epoch, args.max_epochs, idx, len(loader),
/home/karimimonsefi.1/SSL_VAN/BTCV/trainer.py:107: UserWarning: Val 1559/4000 2/3  acc [ 0.657]  time 2.32s
  warnings.warn("Val {}/{} {}/{}  acc {}  time {:.2f}s".format(epoch, args.max_epochs, idx, len(loader),
/home/karimimonsefi.1/SSL_VAN/BTCV/trainer.py:109: UserWarning: Val 1559/4000 2/3  acc 0.6568810343742371  time 2.32s
  warnings.warn("Val {}/{} {}/{}  acc {}  time {:.2f}s".format(epoch, args.max_epochs, idx, len(loader),
/home/karimimonsefi.1/SSL_VAN/BTCV/trainer.py:184: UserWarning: Final validation  1559/3999  acc: 0.6569  time 10.52s
  warnings.warn("Final validation  {}/{}  acc: {:.4f}  time {:.2f}s".format(epoch, args.max_epochs - 1,
/home/karimimonsefi.1/SSL_VAN/BTCV/trainer.py:190: UserWarning: new best (0.643462 --> 0.656881). 
  warnings.warn("new best ({:.6f} --> {:.6f}). ".format(val_acc_max, val_avg_acc))
/home/karimimonsefi.1/SSL_VAN/BTCV/trainer.py:154: UserWarning: 0  Fri Jun 30 23:03:50 2023  Epoch: 1560
  warnings.warn(f"{args.rank}  {time.ctime()}  Epoch: {epoch}")
/home/karimimonsefi.1/SSL_VAN/BTCV/trainer.py:154: UserWarning: 1  Fri Jun 30 23:03:50 2023  Epoch: 1560
  warnings.warn(f"{args.rank}  {time.ctime()}  Epoch: {epoch}")
/home/karimimonsefi.1/SSL_VAN/BTCV/trainer.py:58: UserWarning: Epoch 1560/4000 0/3  loss: 0.7196  time 12.24s
  warnings.warn(
/home/karimimonsefi.1/SSL_VAN/BTCV/trainer.py:58: UserWarning: Epoch 1560/4000 1/3  loss: 0.7313  time 2.26s
  warnings.warn(
/home/karimimonsefi.1/SSL_VAN/BTCV/trainer.py:58: UserWarning: Epoch 1560/4000 2/3  loss: 0.7436  time 2.26s
  warnings.warn(
/home/karimimonsefi.1/SSL_VAN/BTCV/trainer.py:160: UserWarning: Final training  1560/3999  loss: 0.7436  time 16.76s
  warnings.warn("Final training  {}/{}  loss: {:.4f}  time {:.2f}s".format(epoch, args.max_epochs - 1,
/home/karimimonsefi.1/SSL_VAN/BTCV/trainer.py:154: UserWarning: 1  Fri Jun 30 23:04:07 2023  Epoch: 1561
  warnings.warn(f"{args.rank}  {time.ctime()}  Epoch: {epoch}")
/home/karimimonsefi.1/SSL_VAN/BTCV/trainer.py:154: UserWarning: 0  Fri Jun 30 23:04:07 2023  Epoch: 1561
  warnings.warn(f"{args.rank}  {time.ctime()}  Epoch: {epoch}")
/home/karimimonsefi.1/SSL_VAN/BTCV/trainer.py:58: UserWarning: Epoch 1561/4000 0/3  loss: 0.7562  time 11.78s
  warnings.warn(
/home/karimimonsefi.1/SSL_VAN/BTCV/trainer.py:58: UserWarning: Epoch 1561/4000 1/3  loss: 0.7530  time 2.26s
  warnings.warn(
/home/karimimonsefi.1/SSL_VAN/BTCV/trainer.py:58: UserWarning: Epoch 1561/4000 2/3  loss: 0.7515  time 2.26s
  warnings.warn(
/home/karimimonsefi.1/SSL_VAN/BTCV/trainer.py:160: UserWarning: Final training  1561/3999  loss: 0.7515  time 16.30s
  warnings.warn("Final training  {}/{}  loss: {:.4f}  time {:.2f}s".format(epoch, args.max_epochs - 1,
/home/karimimonsefi.1/SSL_VAN/BTCV/trainer.py:154: UserWarning: 1  Fri Jun 30 23:04:23 2023  Epoch: 1562
  warnings.warn(f"{args.rank}  {time.ctime()}  Epoch: {epoch}")
/home/karimimonsefi.1/SSL_VAN/BTCV/trainer.py:154: UserWarning: 0  Fri Jun 30 23:04:23 2023  Epoch: 1562
  warnings.warn(f"{args.rank}  {time.ctime()}  Epoch: {epoch}")
/home/karimimonsefi.1/SSL_VAN/BTCV/trainer.py:58: UserWarning: Epoch 1562/4000 0/3  loss: 0.7501  time 11.36s
  warnings.warn(
/home/karimimonsefi.1/SSL_VAN/BTCV/trainer.py:58: UserWarning: Epoch 1562/4000 1/3  loss: 0.7619  time 2.26s
  warnings.warn(
/home/karimimonsefi.1/SSL_VAN/BTCV/trainer.py:58: UserWarning: Epoch 1562/4000 2/3  loss: 0.7558  time 2.26s
  warnings.warn(
/home/karimimonsefi.1/SSL_VAN/BTCV/trainer.py:160: UserWarning: Final training  1562/3999  loss: 0.7558  time 15.89s
  warnings.warn("Final training  {}/{}  loss: {:.4f}  time {:.2f}s".format(epoch, args.max_epochs - 1,
/home/karimimonsefi.1/SSL_VAN/BTCV/trainer.py:154: UserWarning: 1  Fri Jun 30 23:04:39 2023  Epoch: 1563
  warnings.warn(f"{args.rank}  {time.ctime()}  Epoch: {epoch}")
/home/karimimonsefi.1/SSL_VAN/BTCV/trainer.py:154: UserWarning: 0  Fri Jun 30 23:04:39 2023  Epoch: 1563
  warnings.warn(f"{args.rank}  {time.ctime()}  Epoch: {epoch}")
/home/karimimonsefi.1/SSL_VAN/BTCV/trainer.py:58: UserWarning: Epoch 1563/4000 0/3  loss: 0.7651  time 11.12s
  warnings.warn(
/home/karimimonsefi.1/SSL_VAN/BTCV/trainer.py:58: UserWarning: Epoch 1563/4000 1/3  loss: 0.7574  time 2.26s
  warnings.warn(
/home/karimimonsefi.1/SSL_VAN/BTCV/trainer.py:58: UserWarning: Epoch 1563/4000 2/3  loss: 0.7658  time 2.26s
  warnings.warn(
/home/karimimonsefi.1/SSL_VAN/BTCV/trainer.py:160: UserWarning: Final training  1563/3999  loss: 0.7658  time 15.64s
  warnings.warn("Final training  {}/{}  loss: {:.4f}  time {:.2f}s".format(epoch, args.max_epochs - 1,
/home/karimimonsefi.1/SSL_VAN/BTCV/trainer.py:154: UserWarning: 1  Fri Jun 30 23:04:55 2023  Epoch: 1564
  warnings.warn(f"{args.rank}  {time.ctime()}  Epoch: {epoch}")
/home/karimimonsefi.1/SSL_VAN/BTCV/trainer.py:154: UserWarning: 0  Fri Jun 30 23:04:55 2023  Epoch: 1564
  warnings.warn(f"{args.rank}  {time.ctime()}  Epoch: {epoch}")
/home/karimimonsefi.1/SSL_VAN/BTCV/trainer.py:58: UserWarning: Epoch 1564/4000 0/3  loss: 0.7847  time 12.14s
  warnings.warn(
/home/karimimonsefi.1/SSL_VAN/BTCV/trainer.py:58: UserWarning: Epoch 1564/4000 1/3  loss: 0.7455  time 2.26s
  warnings.warn(
/home/karimimonsefi.1/SSL_VAN/BTCV/trainer.py:58: UserWarning: Epoch 1564/4000 2/3  loss: 0.7467  time 2.26s
  warnings.warn(
/home/karimimonsefi.1/SSL_VAN/BTCV/trainer.py:160: UserWarning: Final training  1564/3999  loss: 0.7467  time 16.66s
  warnings.warn("Final training  {}/{}  loss: {:.4f}  time {:.2f}s".format(epoch, args.max_epochs - 1,
/home/karimimonsefi.1/SSL_VAN/BTCV/trainer.py:107: UserWarning: Val 1564/4000 0/3  acc [ 0.655]  time 5.25s
  warnings.warn("Val {}/{} {}/{}  acc {}  time {:.2f}s".format(epoch, args.max_epochs, idx, len(loader),
/home/karimimonsefi.1/SSL_VAN/BTCV/trainer.py:109: UserWarning: Val 1564/4000 0/3  acc 0.6550154089927673  time 5.25s
  warnings.warn("Val {}/{} {}/{}  acc {}  time {:.2f}s".format(epoch, args.max_epochs, idx, len(loader),
/home/karimimonsefi.1/SSL_VAN/BTCV/trainer.py:107: UserWarning: Val 1564/4000 1/3  acc [ 0.658]  time 2.91s
  warnings.warn("Val {}/{} {}/{}  acc {}  time {:.2f}s".format(epoch, args.max_epochs, idx, len(loader),
/home/karimimonsefi.1/SSL_VAN/BTCV/trainer.py:109: UserWarning: Val 1564/4000 1/3  acc 0.6580069065093994  time 2.91s
  warnings.warn("Val {}/{} {}/{}  acc {}  time {:.2f}s".format(epoch, args.max_epochs, idx, len(loader),
/home/karimimonsefi.1/SSL_VAN/BTCV/trainer.py:107: UserWarning: Val 1564/4000 2/3  acc [ 0.661]  time 2.33s
  warnings.warn("Val {}/{} {}/{}  acc {}  time {:.2f}s".format(epoch, args.max_epochs, idx, len(loader),
/home/karimimonsefi.1/SSL_VAN/BTCV/trainer.py:109: UserWarning: Val 1564/4000 2/3  acc 0.6606877446174622  time 2.33s
  warnings.warn("Val {}/{} {}/{}  acc {}  time {:.2f}s".format(epoch, args.max_epochs, idx, len(loader),
/home/karimimonsefi.1/SSL_VAN/BTCV/trainer.py:184: UserWarning: Final validation  1564/3999  acc: 0.6607  time 10.48s
  warnings.warn("Final validation  {}/{}  acc: {:.4f}  time {:.2f}s".format(epoch, args.max_epochs - 1,
/home/karimimonsefi.1/SSL_VAN/BTCV/trainer.py:190: UserWarning: new best (0.656881 --> 0.660688). 
  warnings.warn("new best ({:.6f} --> {:.6f}). ".format(val_acc_max, val_avg_acc))
/home/karimimonsefi.1/SSL_VAN/BTCV/trainer.py:154: UserWarning: 0  Fri Jun 30 23:05:29 2023  Epoch: 1565
  warnings.warn(f"{args.rank}  {time.ctime()}  Epoch: {epoch}")
/home/karimimonsefi.1/SSL_VAN/BTCV/trainer.py:154: UserWarning: 1  Fri Jun 30 23:05:29 2023  Epoch: 1565
  warnings.warn(f"{args.rank}  {time.ctime()}  Epoch: {epoch}")
/home/karimimonsefi.1/SSL_VAN/BTCV/trainer.py:58: UserWarning: Epoch 1565/4000 0/3  loss: 0.7260  time 12.29s
  warnings.warn(
/home/karimimonsefi.1/SSL_VAN/BTCV/trainer.py:58: UserWarning: Epoch 1565/4000 1/3  loss: 0.7403  time 2.26s
  warnings.warn(
/home/karimimonsefi.1/SSL_VAN/BTCV/trainer.py:58: UserWarning: Epoch 1565/4000 2/3  loss: 0.7322  time 2.25s
  warnings.warn(
/home/karimimonsefi.1/SSL_VAN/BTCV/trainer.py:160: UserWarning: Final training  1565/3999  loss: 0.7322  time 16.81s
  warnings.warn("Final training  {}/{}  loss: {:.4f}  time {:.2f}s".format(epoch, args.max_epochs - 1,
/home/karimimonsefi.1/SSL_VAN/BTCV/trainer.py:154: UserWarning: 1  Fri Jun 30 23:05:46 2023  Epoch: 1566
  warnings.warn(f"{args.rank}  {time.ctime()}  Epoch: {epoch}")
/home/karimimonsefi.1/SSL_VAN/BTCV/trainer.py:154: UserWarning: 0  Fri Jun 30 23:05:46 2023  Epoch: 1566
  warnings.warn(f"{args.rank}  {time.ctime()}  Epoch: {epoch}")
/home/karimimonsefi.1/SSL_VAN/BTCV/trainer.py:58: UserWarning: Epoch 1566/4000 0/3  loss: 0.7563  time 11.63s
  warnings.warn(
/home/karimimonsefi.1/SSL_VAN/BTCV/trainer.py:58: UserWarning: Epoch 1566/4000 1/3  loss: 0.7408  time 2.25s
  warnings.warn(
/home/karimimonsefi.1/SSL_VAN/BTCV/trainer.py:58: UserWarning: Epoch 1566/4000 2/3  loss: 0.7380  time 2.26s
  warnings.warn(
/home/karimimonsefi.1/SSL_VAN/BTCV/trainer.py:160: UserWarning: Final training  1566/3999  loss: 0.7380  time 16.15s
  warnings.warn("Final training  {}/{}  loss: {:.4f}  time {:.2f}s".format(epoch, args.max_epochs - 1,
/home/karimimonsefi.1/SSL_VAN/BTCV/trainer.py:154: UserWarning: 1  Fri Jun 30 23:06:02 2023  Epoch: 1567
  warnings.warn(f"{args.rank}  {time.ctime()}  Epoch: {epoch}")
/home/karimimonsefi.1/SSL_VAN/BTCV/trainer.py:154: UserWarning: 0  Fri Jun 30 23:06:02 2023  Epoch: 1567
  warnings.warn(f"{args.rank}  {time.ctime()}  Epoch: {epoch}")
/home/karimimonsefi.1/SSL_VAN/BTCV/trainer.py:58: UserWarning: Epoch 1567/4000 0/3  loss: 0.7636  time 11.46s
  warnings.warn(
/home/karimimonsefi.1/SSL_VAN/BTCV/trainer.py:58: UserWarning: Epoch 1567/4000 1/3  loss: 0.7697  time 2.26s
  warnings.warn(
/home/karimimonsefi.1/SSL_VAN/BTCV/trainer.py:58: UserWarning: Epoch 1567/4000 2/3  loss: 0.7555  time 2.26s
  warnings.warn(
/home/karimimonsefi.1/SSL_VAN/BTCV/trainer.py:160: UserWarning: Final training  1567/3999  loss: 0.7555  time 15.98s
  warnings.warn("Final training  {}/{}  loss: {:.4f}  time {:.2f}s".format(epoch, args.max_epochs - 1,
/home/karimimonsefi.1/SSL_VAN/BTCV/trainer.py:154: UserWarning: 1  Fri Jun 30 23:06:18 2023  Epoch: 1568
  warnings.warn(f"{args.rank}  {time.ctime()}  Epoch: {epoch}")
/home/karimimonsefi.1/SSL_VAN/BTCV/trainer.py:154: UserWarning: 0  Fri Jun 30 23:06:18 2023  Epoch: 1568
  warnings.warn(f"{args.rank}  {time.ctime()}  Epoch: {epoch}")
/home/karimimonsefi.1/SSL_VAN/BTCV/trainer.py:58: UserWarning: Epoch 1568/4000 0/3  loss: 0.7131  time 11.89s
  warnings.warn(
/home/karimimonsefi.1/SSL_VAN/BTCV/trainer.py:58: UserWarning: Epoch 1568/4000 1/3  loss: 0.7392  time 2.25s
  warnings.warn(
/home/karimimonsefi.1/SSL_VAN/BTCV/trainer.py:58: UserWarning: Epoch 1568/4000 2/3  loss: 0.7388  time 2.26s
  warnings.warn(
/home/karimimonsefi.1/SSL_VAN/BTCV/trainer.py:160: UserWarning: Final training  1568/3999  loss: 0.7388  time 16.41s
  warnings.warn("Final training  {}/{}  loss: {:.4f}  time {:.2f}s".format(epoch, args.max_epochs - 1,
/home/karimimonsefi.1/SSL_VAN/BTCV/trainer.py:154: UserWarning: 0  Fri Jun 30 23:06:34 2023  Epoch: 1569
  warnings.warn(f"{args.rank}  {time.ctime()}  Epoch: {epoch}")
/home/karimimonsefi.1/SSL_VAN/BTCV/trainer.py:154: UserWarning: 1  Fri Jun 30 23:06:34 2023  Epoch: 1569
  warnings.warn(f"{args.rank}  {time.ctime()}  Epoch: {epoch}")
/home/karimimonsefi.1/SSL_VAN/BTCV/trainer.py:58: UserWarning: Epoch 1569/4000 0/3  loss: 0.7398  time 11.99s
  warnings.warn(
/home/karimimonsefi.1/SSL_VAN/BTCV/trainer.py:58: UserWarning: Epoch 1569/4000 1/3  loss: 0.7215  time 2.26s
  warnings.warn(
/home/karimimonsefi.1/SSL_VAN/BTCV/trainer.py:58: UserWarning: Epoch 1569/4000 2/3  loss: 0.7259  time 2.26s
  warnings.warn(
/home/karimimonsefi.1/SSL_VAN/BTCV/trainer.py:160: UserWarning: Final training  1569/3999  loss: 0.7259  time 16.51s
  warnings.warn("Final training  {}/{}  loss: {:.4f}  time {:.2f}s".format(epoch, args.max_epochs - 1,
/home/karimimonsefi.1/SSL_VAN/BTCV/trainer.py:107: UserWarning: Val 1569/4000 0/3  acc [ 0.658]  time 5.30s
  warnings.warn("Val {}/{} {}/{}  acc {}  time {:.2f}s".format(epoch, args.max_epochs, idx, len(loader),
/home/karimimonsefi.1/SSL_VAN/BTCV/trainer.py:109: UserWarning: Val 1569/4000 0/3  acc 0.658294677734375  time 5.30s
  warnings.warn("Val {}/{} {}/{}  acc {}  time {:.2f}s".format(epoch, args.max_epochs, idx, len(loader),
/home/karimimonsefi.1/SSL_VAN/BTCV/trainer.py:107: UserWarning: Val 1569/4000 1/3  acc [ 0.660]  time 2.91s
  warnings.warn("Val {}/{} {}/{}  acc {}  time {:.2f}s".format(epoch, args.max_epochs, idx, len(loader),
/home/karimimonsefi.1/SSL_VAN/BTCV/trainer.py:109: UserWarning: Val 1569/4000 1/3  acc 0.6604701280593872  time 2.91s
  warnings.warn("Val {}/{} {}/{}  acc {}  time {:.2f}s".format(epoch, args.max_epochs, idx, len(loader),
/home/karimimonsefi.1/SSL_VAN/BTCV/trainer.py:107: UserWarning: Val 1569/4000 2/3  acc [ 0.657]  time 2.32s
  warnings.warn("Val {}/{} {}/{}  acc {}  time {:.2f}s".format(epoch, args.max_epochs, idx, len(loader),
/home/karimimonsefi.1/SSL_VAN/BTCV/trainer.py:109: UserWarning: Val 1569/4000 2/3  acc 0.6567177772521973  time 2.32s
  warnings.warn("Val {}/{} {}/{}  acc {}  time {:.2f}s".format(epoch, args.max_epochs, idx, len(loader),
/home/karimimonsefi.1/SSL_VAN/BTCV/trainer.py:184: UserWarning: Final validation  1569/3999  acc: 0.6567  time 10.53s
  warnings.warn("Final validation  {}/{}  acc: {:.4f}  time {:.2f}s".format(epoch, args.max_epochs - 1,
/home/karimimonsefi.1/SSL_VAN/BTCV/trainer.py:154: UserWarning: 0  Fri Jun 30 23:07:04 2023  Epoch: 1570
  warnings.warn(f"{args.rank}  {time.ctime()}  Epoch: {epoch}")
/home/karimimonsefi.1/SSL_VAN/BTCV/trainer.py:154: UserWarning: 1  Fri Jun 30 23:07:04 2023  Epoch: 1570
  warnings.warn(f"{args.rank}  {time.ctime()}  Epoch: {epoch}")
/home/karimimonsefi.1/SSL_VAN/BTCV/trainer.py:58: UserWarning: Epoch 1570/4000 0/3  loss: 0.7476  time 13.29s
  warnings.warn(
/home/karimimonsefi.1/SSL_VAN/BTCV/trainer.py:58: UserWarning: Epoch 1570/4000 1/3  loss: 0.7482  time 2.26s
  warnings.warn(
/home/karimimonsefi.1/SSL_VAN/BTCV/trainer.py:58: UserWarning: Epoch 1570/4000 2/3  loss: 0.7534  time 2.26s
  warnings.warn(
/home/karimimonsefi.1/SSL_VAN/BTCV/trainer.py:160: UserWarning: Final training  1570/3999  loss: 0.7534  time 17.81s
  warnings.warn("Final training  {}/{}  loss: {:.4f}  time {:.2f}s".format(epoch, args.max_epochs - 1,
/home/karimimonsefi.1/SSL_VAN/BTCV/trainer.py:154: UserWarning: 1  Fri Jun 30 23:07:21 2023  Epoch: 1571
  warnings.warn(f"{args.rank}  {time.ctime()}  Epoch: {epoch}")
/home/karimimonsefi.1/SSL_VAN/BTCV/trainer.py:154: UserWarning: 0  Fri Jun 30 23:07:21 2023  Epoch: 1571
  warnings.warn(f"{args.rank}  {time.ctime()}  Epoch: {epoch}")
/home/karimimonsefi.1/SSL_VAN/BTCV/trainer.py:58: UserWarning: Epoch 1571/4000 0/3  loss: 0.7437  time 11.42s
  warnings.warn(
/home/karimimonsefi.1/SSL_VAN/BTCV/trainer.py:58: UserWarning: Epoch 1571/4000 1/3  loss: 0.7670  time 2.25s
  warnings.warn(
/home/karimimonsefi.1/SSL_VAN/BTCV/trainer.py:58: UserWarning: Epoch 1571/4000 2/3  loss: 0.7628  time 2.26s
  warnings.warn(
/home/karimimonsefi.1/SSL_VAN/BTCV/trainer.py:160: UserWarning: Final training  1571/3999  loss: 0.7628  time 15.94s
  warnings.warn("Final training  {}/{}  loss: {:.4f}  time {:.2f}s".format(epoch, args.max_epochs - 1,
/home/karimimonsefi.1/SSL_VAN/BTCV/trainer.py:154: UserWarning: 1  Fri Jun 30 23:07:37 2023  Epoch: 1572
  warnings.warn(f"{args.rank}  {time.ctime()}  Epoch: {epoch}")
/home/karimimonsefi.1/SSL_VAN/BTCV/trainer.py:154: UserWarning: 0  Fri Jun 30 23:07:37 2023  Epoch: 1572
  warnings.warn(f"{args.rank}  {time.ctime()}  Epoch: {epoch}")
/home/karimimonsefi.1/SSL_VAN/BTCV/trainer.py:58: UserWarning: Epoch 1572/4000 0/3  loss: 0.7416  time 10.97s
  warnings.warn(
/home/karimimonsefi.1/SSL_VAN/BTCV/trainer.py:58: UserWarning: Epoch 1572/4000 1/3  loss: 0.7420  time 2.44s
  warnings.warn(
/home/karimimonsefi.1/SSL_VAN/BTCV/trainer.py:58: UserWarning: Epoch 1572/4000 2/3  loss: 0.7484  time 2.26s
  warnings.warn(
/home/karimimonsefi.1/SSL_VAN/BTCV/trainer.py:160: UserWarning: Final training  1572/3999  loss: 0.7484  time 15.68s
  warnings.warn("Final training  {}/{}  loss: {:.4f}  time {:.2f}s".format(epoch, args.max_epochs - 1,
/home/karimimonsefi.1/SSL_VAN/BTCV/trainer.py:154: UserWarning: 1  Fri Jun 30 23:07:53 2023  Epoch: 1573
  warnings.warn(f"{args.rank}  {time.ctime()}  Epoch: {epoch}")
/home/karimimonsefi.1/SSL_VAN/BTCV/trainer.py:154: UserWarning: 0  Fri Jun 30 23:07:53 2023  Epoch: 1573
  warnings.warn(f"{args.rank}  {time.ctime()}  Epoch: {epoch}")
/home/karimimonsefi.1/SSL_VAN/BTCV/trainer.py:58: UserWarning: Epoch 1573/4000 0/3  loss: 0.7391  time 11.46s
  warnings.warn(
/home/karimimonsefi.1/SSL_VAN/BTCV/trainer.py:58: UserWarning: Epoch 1573/4000 1/3  loss: 0.7183  time 2.26s
  warnings.warn(
/home/karimimonsefi.1/SSL_VAN/BTCV/trainer.py:58: UserWarning: Epoch 1573/4000 2/3  loss: 0.7327  time 2.26s
  warnings.warn(
/home/karimimonsefi.1/SSL_VAN/BTCV/trainer.py:160: UserWarning: Final training  1573/3999  loss: 0.7327  time 15.98s
  warnings.warn("Final training  {}/{}  loss: {:.4f}  time {:.2f}s".format(epoch, args.max_epochs - 1,
/home/karimimonsefi.1/SSL_VAN/BTCV/trainer.py:154: UserWarning: 1  Fri Jun 30 23:08:09 2023  Epoch: 1574
  warnings.warn(f"{args.rank}  {time.ctime()}  Epoch: {epoch}")
/home/karimimonsefi.1/SSL_VAN/BTCV/trainer.py:154: UserWarning: 0  Fri Jun 30 23:08:09 2023  Epoch: 1574
  warnings.warn(f"{args.rank}  {time.ctime()}  Epoch: {epoch}")
/home/karimimonsefi.1/SSL_VAN/BTCV/trainer.py:58: UserWarning: Epoch 1574/4000 0/3  loss: 0.7227  time 11.71s
  warnings.warn(
/home/karimimonsefi.1/SSL_VAN/BTCV/trainer.py:58: UserWarning: Epoch 1574/4000 1/3  loss: 0.7494  time 2.26s
  warnings.warn(
/home/karimimonsefi.1/SSL_VAN/BTCV/trainer.py:58: UserWarning: Epoch 1574/4000 2/3  loss: 0.7591  time 2.26s
  warnings.warn(
/home/karimimonsefi.1/SSL_VAN/BTCV/trainer.py:160: UserWarning: Final training  1574/3999  loss: 0.7591  time 16.23s
  warnings.warn("Final training  {}/{}  loss: {:.4f}  time {:.2f}s".format(epoch, args.max_epochs - 1,
/home/karimimonsefi.1/SSL_VAN/BTCV/trainer.py:107: UserWarning: Val 1574/4000 0/3  acc [ 0.650]  time 5.22s
  warnings.warn("Val {}/{} {}/{}  acc {}  time {:.2f}s".format(epoch, args.max_epochs, idx, len(loader),
/home/karimimonsefi.1/SSL_VAN/BTCV/trainer.py:109: UserWarning: Val 1574/4000 0/3  acc 0.6498841643333435  time 5.22s
  warnings.warn("Val {}/{} {}/{}  acc {}  time {:.2f}s".format(epoch, args.max_epochs, idx, len(loader),
