/var/spool/slurmd/job59511/slurm_script: line 11: cd: SSL_VAN: No such file or directory

----------------------------------------------------------------------------
  cuda:
----------------------------------------------------------------------------
     Versions:
        cuda/10.2
        cuda/11.0
        cuda/11.2
        cuda/11.3
        cuda/11.4
        cuda/11.5
        cuda/11.6
        cuda/11.7
        cuda/11.8
        cuda/12.0

----------------------------------------------------------------------------
  For detailed information about a specific "cuda" package (including how to load the modules) use the module's full name.
  Note that names that have a trailing (E) are extensions provided by other modules.
  For example:

     $ module spider cuda/12.0
----------------------------------------------------------------------------

 


CommandNotFoundError: Your shell has not been properly configured to use 'conda activate'.
To initialize your shell, run

    $ conda init <SHELL_NAME>

Currently supported shells are:
  - bash
  - fish
  - tcsh
  - xonsh
  - zsh
  - powershell

See 'conda init --help' for more information and options.

IMPORTANT: You may need to close and restart your shell after running 'conda init'.


/home/karimimonsefi.1/miniconda3/lib/python3.9/site-packages/mmcv/__init__.py:20: UserWarning: On January 1, 2023, MMCV will release v2.0.0, in which it will remove components related to the training process and add a data transformation module. In addition, it will rename the package names mmcv to mmcv-lite and mmcv-full to mmcv. See https://github.com/open-mmlab/mmcv/blob/master/docs/en/compatibility.md for more details.
  warnings.warn(
/home/karimimonsefi.1/SSL_VAN/BRATS21/main.py:105: UserWarning: Found total gpus 2
  warnings.warn("Found total gpus {}".format(args.ngpus_per_node))
/home/karimimonsefi.1/miniconda3/lib/python3.9/site-packages/mmcv/__init__.py:20: UserWarning: On January 1, 2023, MMCV will release v2.0.0, in which it will remove components related to the training process and add a data transformation module. In addition, it will rename the package names mmcv to mmcv-lite and mmcv-full to mmcv. See https://github.com/open-mmlab/mmcv/blob/master/docs/en/compatibility.md for more details.
  warnings.warn(
/home/karimimonsefi.1/miniconda3/lib/python3.9/site-packages/mmcv/__init__.py:20: UserWarning: On January 1, 2023, MMCV will release v2.0.0, in which it will remove components related to the training process and add a data transformation module. In addition, it will rename the package names mmcv to mmcv-lite and mmcv-full to mmcv. See https://github.com/open-mmlab/mmcv/blob/master/docs/en/compatibility.md for more details.
  warnings.warn(
/home/karimimonsefi.1/miniconda3/lib/python3.9/site-packages/monai/transforms/post/dictionary.py:196: UserWarning: `threshold_values=True/False` is deprecated, please use `threshold=value` instead.
  warnings.warn("`threshold_values=True/False` is deprecated, please use `threshold=value` instead.")
/home/karimimonsefi.1/miniconda3/lib/python3.9/site-packages/monai/transforms/post/dictionary.py:196: UserWarning: `threshold_values=True/False` is deprecated, please use `threshold=value` instead.
  warnings.warn("`threshold_values=True/False` is deprecated, please use `threshold=value` instead.")
/home/karimimonsefi.1/SSL_VAN/BRATS21/main.py:126: UserWarning: 1 gpu 1
  warnings.warn(f"{args.rank} gpu {args.gpu}")
/home/karimimonsefi.1/SSL_VAN/BRATS21/main.py:126: UserWarning: 0 gpu 0
  warnings.warn(f"{args.rank} gpu {args.gpu}")
/home/karimimonsefi.1/SSL_VAN/BRATS21/main.py:128: UserWarning: Batch size is: 1 epochs 1200
  warnings.warn(f"Batch size is: {args.batch_size} epochs {args.max_epochs}")
/home/karimimonsefi.1/SSL_VAN/BRATS21/main.py:158: UserWarning: Total parameters count 320837937
  warnings.warn(f"Total parameters count {pytorch_total_params}")
/home/karimimonsefi.1/SSL_VAN/BRATS21/main.py:161: UserWarning: Total args.checkpoint True
  warnings.warn(f"Total args.checkpoint {args.checkpoint}")
/home/karimimonsefi.1/SSL_VAN/BRATS21/main.py:169: UserWarning:  Best url model is 96-192-384-768_6-6-90-6_8-8-4-4_vae_inferer_valid_loader_VANV4GL_2_fold-0__best.pt, final model url is 96-192-384-768_6-6-90-6_8-8-4-4_vae_inferer_valid_loader_VANV4GL_2_fold-0__final.pt
  warnings.warn(f" Best url model is {args.best_model_url}, final model url is {args.final_model_url}")
/home/karimimonsefi.1/SSL_VAN/BRATS21/main.py:158: UserWarning: Total parameters count 320837937
  warnings.warn(f"Total parameters count {pytorch_total_params}")
/home/karimimonsefi.1/SSL_VAN/BRATS21/main.py:161: UserWarning: Total args.checkpoint True
  warnings.warn(f"Total args.checkpoint {args.checkpoint}")
/home/karimimonsefi.1/SSL_VAN/BRATS21/main.py:169: UserWarning:  Best url model is 96-192-384-768_6-6-90-6_8-8-4-4_vae_inferer_valid_loader_VANV4GL_2_fold-0__best.pt, final model url is 96-192-384-768_6-6-90-6_8-8-4-4_vae_inferer_valid_loader_VANV4GL_2_fold-0__final.pt
  warnings.warn(f" Best url model is {args.best_model_url}, final model url is {args.final_model_url}")
/home/karimimonsefi.1/SSL_VAN/BRATS21/main.py:195: UserWarning: => loaded checkpoint 'True' (epoch 169) (bestacc 0.3757156431674957)
  warnings.warn("=> loaded checkpoint '{}' (epoch {}) (bestacc {})".format(
/home/karimimonsefi.1/SSL_VAN/BRATS21/main.py:195: UserWarning: => loaded checkpoint 'True' (epoch 169) (bestacc 0.3757156431674957)
  warnings.warn("=> loaded checkpoint '{}' (epoch {}) (bestacc {})".format(
/home/karimimonsefi.1/SSL_VAN/BRATS21/trainer.py:164: UserWarning: Writing Tensorboard logs to ./runs/BraTS21_new/test_log
  warnings.warn(f"Writing Tensorboard logs to {args.logdir}")
/home/karimimonsefi.1/SSL_VAN/BRATS21/trainer.py:172: UserWarning: 0  Sat Jun 17 00:16:56 2023  Epoch: 169
  warnings.warn(f"{args.rank}  {time.ctime()}  Epoch: {epoch}")
/home/karimimonsefi.1/SSL_VAN/BRATS21/trainer.py:172: UserWarning: 1  Sat Jun 17 00:16:56 2023  Epoch: 169
  warnings.warn(f"{args.rank}  {time.ctime()}  Epoch: {epoch}")
[W reducer.cpp:1298] Warning: find_unused_parameters=True was specified in DDP constructor, but did not find any unused parameters in the forward pass. This flag results in an extra traversal of the autograd graph every iteration,  which can adversely affect performance. If your model indeed never has any unused parameters in the forward pass, consider turning this flag off. Note that this warning may be a false positive if your model has flow control causing later iterations to have unused parameters. (function operator())
[W reducer.cpp:1298] Warning: find_unused_parameters=True was specified in DDP constructor, but did not find any unused parameters in the forward pass. This flag results in an extra traversal of the autograd graph every iteration,  which can adversely affect performance. If your model indeed never has any unused parameters in the forward pass, consider turning this flag off. Note that this warning may be a false positive if your model has flow control causing later iterations to have unused parameters. (function operator())
/home/karimimonsefi.1/SSL_VAN/BRATS21/trainer.py:74: UserWarning: Epoch 169/1200 0/500  loss: 0.7428  time 29.32s
  warnings.warn(
/home/karimimonsefi.1/SSL_VAN/BRATS21/trainer.py:74: UserWarning: Epoch 169/1200 1/500  loss: 0.7038  time 1.81s
  warnings.warn(
/home/karimimonsefi.1/SSL_VAN/BRATS21/trainer.py:74: UserWarning: Epoch 169/1200 2/500  loss: 0.6266  time 1.74s
  warnings.warn(
/home/karimimonsefi.1/SSL_VAN/BRATS21/trainer.py:74: UserWarning: Epoch 169/1200 3/500  loss: 0.6529  time 1.74s
  warnings.warn(
/home/karimimonsefi.1/SSL_VAN/BRATS21/trainer.py:74: UserWarning: Epoch 169/1200 4/500  loss: 0.6220  time 1.76s
  warnings.warn(
/home/karimimonsefi.1/SSL_VAN/BRATS21/trainer.py:74: UserWarning: Epoch 169/1200 5/500  loss: 0.6512  time 1.77s
  warnings.warn(
/home/karimimonsefi.1/SSL_VAN/BRATS21/trainer.py:74: UserWarning: Epoch 169/1200 6/500  loss: 0.6263  time 1.75s
  warnings.warn(
/home/karimimonsefi.1/SSL_VAN/BRATS21/trainer.py:74: UserWarning: Epoch 169/1200 7/500  loss: 0.6525  time 1.73s
  warnings.warn(
/home/karimimonsefi.1/SSL_VAN/BRATS21/trainer.py:74: UserWarning: Epoch 169/1200 8/500  loss: 0.6457  time 1.76s
  warnings.warn(
/home/karimimonsefi.1/SSL_VAN/BRATS21/trainer.py:74: UserWarning: Epoch 169/1200 9/500  loss: 0.6427  time 1.75s
  warnings.warn(
/home/karimimonsefi.1/SSL_VAN/BRATS21/trainer.py:74: UserWarning: Epoch 169/1200 10/500  loss: 0.6565  time 1.74s
  warnings.warn(
/home/karimimonsefi.1/SSL_VAN/BRATS21/trainer.py:74: UserWarning: Epoch 169/1200 11/500  loss: 0.6383  time 1.74s
  warnings.warn(
/home/karimimonsefi.1/SSL_VAN/BRATS21/trainer.py:74: UserWarning: Epoch 169/1200 12/500  loss: 0.6315  time 1.73s
  warnings.warn(
/home/karimimonsefi.1/SSL_VAN/BRATS21/trainer.py:74: UserWarning: Epoch 169/1200 13/500  loss: 0.6309  time 1.71s
  warnings.warn(
/home/karimimonsefi.1/SSL_VAN/BRATS21/trainer.py:74: UserWarning: Epoch 169/1200 14/500  loss: 0.6403  time 1.72s
  warnings.warn(
/home/karimimonsefi.1/SSL_VAN/BRATS21/trainer.py:74: UserWarning: Epoch 169/1200 15/500  loss: 0.6463  time 1.72s
  warnings.warn(
/home/karimimonsefi.1/SSL_VAN/BRATS21/trainer.py:74: UserWarning: Epoch 169/1200 16/500  loss: 0.6368  time 1.86s
  warnings.warn(
/home/karimimonsefi.1/SSL_VAN/BRATS21/trainer.py:74: UserWarning: Epoch 169/1200 17/500  loss: 0.6341  time 1.73s
  warnings.warn(
/home/karimimonsefi.1/SSL_VAN/BRATS21/trainer.py:74: UserWarning: Epoch 169/1200 18/500  loss: 0.6366  time 1.74s
  warnings.warn(
/home/karimimonsefi.1/SSL_VAN/BRATS21/trainer.py:74: UserWarning: Epoch 169/1200 19/500  loss: 0.6309  time 1.74s
  warnings.warn(
/home/karimimonsefi.1/SSL_VAN/BRATS21/trainer.py:74: UserWarning: Epoch 169/1200 20/500  loss: 0.6314  time 1.73s
  warnings.warn(
/home/karimimonsefi.1/SSL_VAN/BRATS21/trainer.py:74: UserWarning: Epoch 169/1200 21/500  loss: 0.6265  time 1.74s
  warnings.warn(
/home/karimimonsefi.1/SSL_VAN/BRATS21/trainer.py:74: UserWarning: Epoch 169/1200 22/500  loss: 0.6246  time 1.73s
  warnings.warn(
/home/karimimonsefi.1/SSL_VAN/BRATS21/trainer.py:74: UserWarning: Epoch 169/1200 23/500  loss: 0.6177  time 1.73s
  warnings.warn(
/home/karimimonsefi.1/SSL_VAN/BRATS21/trainer.py:74: UserWarning: Epoch 169/1200 24/500  loss: 0.6209  time 1.73s
  warnings.warn(
/home/karimimonsefi.1/SSL_VAN/BRATS21/trainer.py:74: UserWarning: Epoch 169/1200 25/500  loss: 0.6208  time 1.71s
  warnings.warn(
/home/karimimonsefi.1/SSL_VAN/BRATS21/trainer.py:74: UserWarning: Epoch 169/1200 26/500  loss: 0.6252  time 1.73s
  warnings.warn(
/home/karimimonsefi.1/SSL_VAN/BRATS21/trainer.py:74: UserWarning: Epoch 169/1200 27/500  loss: 0.6232  time 1.72s
  warnings.warn(
/home/karimimonsefi.1/SSL_VAN/BRATS21/trainer.py:74: UserWarning: Epoch 169/1200 28/500  loss: 0.6233  time 1.72s
  warnings.warn(
/home/karimimonsefi.1/SSL_VAN/BRATS21/trainer.py:74: UserWarning: Epoch 169/1200 29/500  loss: 0.6195  time 1.72s
  warnings.warn(
/home/karimimonsefi.1/SSL_VAN/BRATS21/trainer.py:74: UserWarning: Epoch 169/1200 30/500  loss: 0.6189  time 1.73s
  warnings.warn(
/home/karimimonsefi.1/SSL_VAN/BRATS21/trainer.py:74: UserWarning: Epoch 169/1200 31/500  loss: 0.6217  time 1.73s
  warnings.warn(
/home/karimimonsefi.1/SSL_VAN/BRATS21/trainer.py:74: UserWarning: Epoch 169/1200 32/500  loss: 0.6171  time 1.73s
  warnings.warn(
/home/karimimonsefi.1/SSL_VAN/BRATS21/trainer.py:74: UserWarning: Epoch 169/1200 33/500  loss: 0.6157  time 1.74s
  warnings.warn(
/home/karimimonsefi.1/SSL_VAN/BRATS21/trainer.py:74: UserWarning: Epoch 169/1200 34/500  loss: 0.6146  time 1.72s
  warnings.warn(
/home/karimimonsefi.1/SSL_VAN/BRATS21/trainer.py:74: UserWarning: Epoch 169/1200 35/500  loss: 0.6172  time 1.73s
  warnings.warn(
/home/karimimonsefi.1/SSL_VAN/BRATS21/trainer.py:74: UserWarning: Epoch 169/1200 36/500  loss: 0.6183  time 1.74s
  warnings.warn(
/home/karimimonsefi.1/SSL_VAN/BRATS21/trainer.py:74: UserWarning: Epoch 169/1200 37/500  loss: 0.6177  time 1.74s
  warnings.warn(
/home/karimimonsefi.1/SSL_VAN/BRATS21/trainer.py:74: UserWarning: Epoch 169/1200 38/500  loss: 0.6183  time 1.74s
  warnings.warn(
/home/karimimonsefi.1/SSL_VAN/BRATS21/trainer.py:74: UserWarning: Epoch 169/1200 39/500  loss: 0.6131  time 1.74s
  warnings.warn(
/home/karimimonsefi.1/SSL_VAN/BRATS21/trainer.py:74: UserWarning: Epoch 169/1200 40/500  loss: 0.6120  time 1.74s
  warnings.warn(
/home/karimimonsefi.1/SSL_VAN/BRATS21/trainer.py:74: UserWarning: Epoch 169/1200 41/500  loss: 0.6087  time 1.72s
  warnings.warn(
/home/karimimonsefi.1/SSL_VAN/BRATS21/trainer.py:74: UserWarning: Epoch 169/1200 42/500  loss: 0.6060  time 1.73s
  warnings.warn(
/home/karimimonsefi.1/SSL_VAN/BRATS21/trainer.py:74: UserWarning: Epoch 169/1200 43/500  loss: 0.6069  time 1.73s
  warnings.warn(
/home/karimimonsefi.1/SSL_VAN/BRATS21/trainer.py:74: UserWarning: Epoch 169/1200 44/500  loss: 0.6036  time 1.73s
  warnings.warn(
/home/karimimonsefi.1/SSL_VAN/BRATS21/trainer.py:74: UserWarning: Epoch 169/1200 45/500  loss: 0.6042  time 1.88s
  warnings.warn(
/home/karimimonsefi.1/SSL_VAN/BRATS21/trainer.py:74: UserWarning: Epoch 169/1200 46/500  loss: 0.6053  time 1.73s
  warnings.warn(
/home/karimimonsefi.1/SSL_VAN/BRATS21/trainer.py:74: UserWarning: Epoch 169/1200 47/500  loss: 0.6034  time 1.74s
  warnings.warn(
/home/karimimonsefi.1/SSL_VAN/BRATS21/trainer.py:74: UserWarning: Epoch 169/1200 48/500  loss: 0.6029  time 1.73s
  warnings.warn(
/home/karimimonsefi.1/SSL_VAN/BRATS21/trainer.py:74: UserWarning: Epoch 169/1200 49/500  loss: 0.6026  time 1.72s
  warnings.warn(
/home/karimimonsefi.1/SSL_VAN/BRATS21/trainer.py:74: UserWarning: Epoch 169/1200 50/500  loss: 0.5995  time 1.72s
  warnings.warn(
/home/karimimonsefi.1/SSL_VAN/BRATS21/trainer.py:74: UserWarning: Epoch 169/1200 51/500  loss: 0.6021  time 1.73s
  warnings.warn(
/home/karimimonsefi.1/SSL_VAN/BRATS21/trainer.py:74: UserWarning: Epoch 169/1200 52/500  loss: 0.6021  time 1.74s
  warnings.warn(
/home/karimimonsefi.1/SSL_VAN/BRATS21/trainer.py:74: UserWarning: Epoch 169/1200 53/500  loss: 0.6032  time 1.74s
  warnings.warn(
/home/karimimonsefi.1/SSL_VAN/BRATS21/trainer.py:74: UserWarning: Epoch 169/1200 54/500  loss: 0.6036  time 1.73s
  warnings.warn(
/home/karimimonsefi.1/SSL_VAN/BRATS21/trainer.py:74: UserWarning: Epoch 169/1200 55/500  loss: 0.6045  time 1.73s
  warnings.warn(
/home/karimimonsefi.1/SSL_VAN/BRATS21/trainer.py:74: UserWarning: Epoch 169/1200 56/500  loss: 0.6067  time 1.72s
  warnings.warn(
/home/karimimonsefi.1/SSL_VAN/BRATS21/trainer.py:74: UserWarning: Epoch 169/1200 57/500  loss: 0.6060  time 1.73s
  warnings.warn(
/home/karimimonsefi.1/SSL_VAN/BRATS21/trainer.py:74: UserWarning: Epoch 169/1200 58/500  loss: 0.6027  time 1.74s
  warnings.warn(
/home/karimimonsefi.1/SSL_VAN/BRATS21/trainer.py:74: UserWarning: Epoch 169/1200 59/500  loss: 0.6055  time 1.73s
  warnings.warn(
/home/karimimonsefi.1/SSL_VAN/BRATS21/trainer.py:74: UserWarning: Epoch 169/1200 60/500  loss: 0.6034  time 1.74s
  warnings.warn(
/home/karimimonsefi.1/SSL_VAN/BRATS21/trainer.py:74: UserWarning: Epoch 169/1200 61/500  loss: 0.6032  time 1.73s
  warnings.warn(
/home/karimimonsefi.1/SSL_VAN/BRATS21/trainer.py:74: UserWarning: Epoch 169/1200 62/500  loss: 0.6044  time 1.73s
  warnings.warn(
/home/karimimonsefi.1/SSL_VAN/BRATS21/trainer.py:74: UserWarning: Epoch 169/1200 63/500  loss: 0.6025  time 1.73s
  warnings.warn(
/home/karimimonsefi.1/SSL_VAN/BRATS21/trainer.py:74: UserWarning: Epoch 169/1200 64/500  loss: 0.6028  time 1.72s
  warnings.warn(
/home/karimimonsefi.1/SSL_VAN/BRATS21/trainer.py:74: UserWarning: Epoch 169/1200 65/500  loss: 0.6035  time 1.72s
  warnings.warn(
/home/karimimonsefi.1/SSL_VAN/BRATS21/trainer.py:74: UserWarning: Epoch 169/1200 66/500  loss: 0.6043  time 1.72s
  warnings.warn(
/home/karimimonsefi.1/SSL_VAN/BRATS21/trainer.py:74: UserWarning: Epoch 169/1200 67/500  loss: 0.6033  time 1.73s
  warnings.warn(
/home/karimimonsefi.1/SSL_VAN/BRATS21/trainer.py:74: UserWarning: Epoch 169/1200 68/500  loss: 0.6039  time 1.73s
  warnings.warn(
/home/karimimonsefi.1/SSL_VAN/BRATS21/trainer.py:74: UserWarning: Epoch 169/1200 69/500  loss: 0.6045  time 1.73s
  warnings.warn(
/home/karimimonsefi.1/SSL_VAN/BRATS21/trainer.py:74: UserWarning: Epoch 169/1200 70/500  loss: 0.6047  time 1.73s
  warnings.warn(
/home/karimimonsefi.1/SSL_VAN/BRATS21/trainer.py:74: UserWarning: Epoch 169/1200 71/500  loss: 0.6042  time 1.74s
  warnings.warn(
/home/karimimonsefi.1/SSL_VAN/BRATS21/trainer.py:74: UserWarning: Epoch 169/1200 72/500  loss: 0.6034  time 1.74s
  warnings.warn(
/home/karimimonsefi.1/SSL_VAN/BRATS21/trainer.py:74: UserWarning: Epoch 169/1200 73/500  loss: 0.6036  time 1.73s
  warnings.warn(
/home/karimimonsefi.1/SSL_VAN/BRATS21/trainer.py:74: UserWarning: Epoch 169/1200 74/500  loss: 0.6027  time 1.72s
  warnings.warn(
/home/karimimonsefi.1/SSL_VAN/BRATS21/trainer.py:74: UserWarning: Epoch 169/1200 75/500  loss: 0.6028  time 1.73s
  warnings.warn(
/home/karimimonsefi.1/SSL_VAN/BRATS21/trainer.py:74: UserWarning: Epoch 169/1200 76/500  loss: 0.6030  time 1.88s
  warnings.warn(
/home/karimimonsefi.1/SSL_VAN/BRATS21/trainer.py:74: UserWarning: Epoch 169/1200 77/500  loss: 0.6021  time 1.74s
  warnings.warn(
/home/karimimonsefi.1/SSL_VAN/BRATS21/trainer.py:74: UserWarning: Epoch 169/1200 78/500  loss: 0.6029  time 1.74s
  warnings.warn(
/home/karimimonsefi.1/SSL_VAN/BRATS21/trainer.py:74: UserWarning: Epoch 169/1200 79/500  loss: 0.6043  time 1.74s
  warnings.warn(
/home/karimimonsefi.1/SSL_VAN/BRATS21/trainer.py:74: UserWarning: Epoch 169/1200 80/500  loss: 0.6037  time 1.73s
  warnings.warn(
/home/karimimonsefi.1/SSL_VAN/BRATS21/trainer.py:74: UserWarning: Epoch 169/1200 81/500  loss: 0.6043  time 1.74s
  warnings.warn(
/home/karimimonsefi.1/SSL_VAN/BRATS21/trainer.py:74: UserWarning: Epoch 169/1200 82/500  loss: 0.6053  time 1.73s
  warnings.warn(
/home/karimimonsefi.1/SSL_VAN/BRATS21/trainer.py:74: UserWarning: Epoch 169/1200 83/500  loss: 0.6044  time 1.73s
  warnings.warn(
/home/karimimonsefi.1/SSL_VAN/BRATS21/trainer.py:74: UserWarning: Epoch 169/1200 84/500  loss: 0.6022  time 1.72s
  warnings.warn(
/home/karimimonsefi.1/SSL_VAN/BRATS21/trainer.py:74: UserWarning: Epoch 169/1200 85/500  loss: 0.6032  time 1.74s
  warnings.warn(
/home/karimimonsefi.1/SSL_VAN/BRATS21/trainer.py:74: UserWarning: Epoch 169/1200 86/500  loss: 0.6024  time 1.73s
  warnings.warn(
/home/karimimonsefi.1/SSL_VAN/BRATS21/trainer.py:74: UserWarning: Epoch 169/1200 87/500  loss: 0.6045  time 1.73s
  warnings.warn(
/home/karimimonsefi.1/SSL_VAN/BRATS21/trainer.py:74: UserWarning: Epoch 169/1200 88/500  loss: 0.6056  time 1.73s
  warnings.warn(
/home/karimimonsefi.1/SSL_VAN/BRATS21/trainer.py:74: UserWarning: Epoch 169/1200 89/500  loss: 0.6056  time 1.73s
  warnings.warn(
/home/karimimonsefi.1/SSL_VAN/BRATS21/trainer.py:74: UserWarning: Epoch 169/1200 90/500  loss: 0.6056  time 1.74s
  warnings.warn(
/home/karimimonsefi.1/SSL_VAN/BRATS21/trainer.py:74: UserWarning: Epoch 169/1200 91/500  loss: 0.6055  time 1.74s
  warnings.warn(
/home/karimimonsefi.1/SSL_VAN/BRATS21/trainer.py:74: UserWarning: Epoch 169/1200 92/500  loss: 0.6039  time 1.74s
  warnings.warn(
/home/karimimonsefi.1/SSL_VAN/BRATS21/trainer.py:74: UserWarning: Epoch 169/1200 93/500  loss: 0.6033  time 1.74s
  warnings.warn(
/home/karimimonsefi.1/SSL_VAN/BRATS21/trainer.py:74: UserWarning: Epoch 169/1200 94/500  loss: 0.6027  time 1.73s
  warnings.warn(
/home/karimimonsefi.1/SSL_VAN/BRATS21/trainer.py:74: UserWarning: Epoch 169/1200 95/500  loss: 0.6012  time 1.74s
  warnings.warn(
/home/karimimonsefi.1/SSL_VAN/BRATS21/trainer.py:74: UserWarning: Epoch 169/1200 96/500  loss: 0.6005  time 1.74s
  warnings.warn(
/home/karimimonsefi.1/SSL_VAN/BRATS21/trainer.py:74: UserWarning: Epoch 169/1200 97/500  loss: 0.6023  time 1.73s
  warnings.warn(
/home/karimimonsefi.1/SSL_VAN/BRATS21/trainer.py:74: UserWarning: Epoch 169/1200 98/500  loss: 0.6009  time 1.73s
  warnings.warn(
/home/karimimonsefi.1/SSL_VAN/BRATS21/trainer.py:74: UserWarning: Epoch 169/1200 99/500  loss: 0.6010  time 1.73s
  warnings.warn(
/home/karimimonsefi.1/SSL_VAN/BRATS21/trainer.py:74: UserWarning: Epoch 169/1200 100/500  loss: 0.6030  time 1.75s
  warnings.warn(
/home/karimimonsefi.1/SSL_VAN/BRATS21/trainer.py:74: UserWarning: Epoch 169/1200 101/500  loss: 0.6029  time 1.73s
  warnings.warn(
/home/karimimonsefi.1/SSL_VAN/BRATS21/trainer.py:74: UserWarning: Epoch 169/1200 102/500  loss: 0.6030  time 1.73s
  warnings.warn(
/home/karimimonsefi.1/SSL_VAN/BRATS21/trainer.py:74: UserWarning: Epoch 169/1200 103/500  loss: 0.6027  time 1.73s
  warnings.warn(
/home/karimimonsefi.1/SSL_VAN/BRATS21/trainer.py:74: UserWarning: Epoch 169/1200 104/500  loss: 0.6030  time 1.73s
  warnings.warn(
/home/karimimonsefi.1/SSL_VAN/BRATS21/trainer.py:74: UserWarning: Epoch 169/1200 105/500  loss: 0.6035  time 1.73s
  warnings.warn(
/home/karimimonsefi.1/SSL_VAN/BRATS21/trainer.py:74: UserWarning: Epoch 169/1200 106/500  loss: 0.6026  time 1.86s
  warnings.warn(
/home/karimimonsefi.1/SSL_VAN/BRATS21/trainer.py:74: UserWarning: Epoch 169/1200 107/500  loss: 0.6042  time 1.73s
  warnings.warn(
/home/karimimonsefi.1/SSL_VAN/BRATS21/trainer.py:74: UserWarning: Epoch 169/1200 108/500  loss: 0.6054  time 1.73s
  warnings.warn(
/home/karimimonsefi.1/SSL_VAN/BRATS21/trainer.py:74: UserWarning: Epoch 169/1200 109/500  loss: 0.6057  time 1.73s
  warnings.warn(
/home/karimimonsefi.1/SSL_VAN/BRATS21/trainer.py:74: UserWarning: Epoch 169/1200 110/500  loss: 0.6058  time 1.72s
  warnings.warn(
/home/karimimonsefi.1/SSL_VAN/BRATS21/trainer.py:74: UserWarning: Epoch 169/1200 111/500  loss: 0.6056  time 1.73s
  warnings.warn(
/home/karimimonsefi.1/SSL_VAN/BRATS21/trainer.py:74: UserWarning: Epoch 169/1200 112/500  loss: 0.6056  time 1.73s
  warnings.warn(
/home/karimimonsefi.1/SSL_VAN/BRATS21/trainer.py:74: UserWarning: Epoch 169/1200 113/500  loss: 0.6055  time 1.72s
  warnings.warn(
/home/karimimonsefi.1/SSL_VAN/BRATS21/trainer.py:74: UserWarning: Epoch 169/1200 114/500  loss: 0.6054  time 1.73s
  warnings.warn(
/home/karimimonsefi.1/SSL_VAN/BRATS21/trainer.py:74: UserWarning: Epoch 169/1200 115/500  loss: 0.6055  time 1.74s
  warnings.warn(
/home/karimimonsefi.1/SSL_VAN/BRATS21/trainer.py:74: UserWarning: Epoch 169/1200 116/500  loss: 0.6079  time 1.74s
  warnings.warn(
/home/karimimonsefi.1/SSL_VAN/BRATS21/trainer.py:74: UserWarning: Epoch 169/1200 117/500  loss: 0.6068  time 1.73s
  warnings.warn(
/home/karimimonsefi.1/SSL_VAN/BRATS21/trainer.py:74: UserWarning: Epoch 169/1200 118/500  loss: 0.6061  time 1.73s
  warnings.warn(
/home/karimimonsefi.1/SSL_VAN/BRATS21/trainer.py:74: UserWarning: Epoch 169/1200 119/500  loss: 0.6068  time 1.72s
  warnings.warn(
/home/karimimonsefi.1/SSL_VAN/BRATS21/trainer.py:74: UserWarning: Epoch 169/1200 120/500  loss: 0.6058  time 1.74s
  warnings.warn(
/home/karimimonsefi.1/SSL_VAN/BRATS21/trainer.py:74: UserWarning: Epoch 169/1200 121/500  loss: 0.6076  time 1.74s
  warnings.warn(
/home/karimimonsefi.1/SSL_VAN/BRATS21/trainer.py:74: UserWarning: Epoch 169/1200 122/500  loss: 0.6068  time 1.74s
  warnings.warn(
/home/karimimonsefi.1/SSL_VAN/BRATS21/trainer.py:74: UserWarning: Epoch 169/1200 123/500  loss: 0.6058  time 1.74s
  warnings.warn(
/home/karimimonsefi.1/SSL_VAN/BRATS21/trainer.py:74: UserWarning: Epoch 169/1200 124/500  loss: 0.6066  time 1.73s
  warnings.warn(
/home/karimimonsefi.1/SSL_VAN/BRATS21/trainer.py:74: UserWarning: Epoch 169/1200 125/500  loss: 0.6083  time 1.72s
  warnings.warn(
/home/karimimonsefi.1/SSL_VAN/BRATS21/trainer.py:74: UserWarning: Epoch 169/1200 126/500  loss: 0.6087  time 1.73s
  warnings.warn(
/home/karimimonsefi.1/SSL_VAN/BRATS21/trainer.py:74: UserWarning: Epoch 169/1200 127/500  loss: 0.6084  time 1.72s
  warnings.warn(
/home/karimimonsefi.1/SSL_VAN/BRATS21/trainer.py:74: UserWarning: Epoch 169/1200 128/500  loss: 0.6073  time 1.73s
  warnings.warn(
/home/karimimonsefi.1/SSL_VAN/BRATS21/trainer.py:74: UserWarning: Epoch 169/1200 129/500  loss: 0.6068  time 1.73s
  warnings.warn(
/home/karimimonsefi.1/SSL_VAN/BRATS21/trainer.py:74: UserWarning: Epoch 169/1200 130/500  loss: 0.6064  time 1.73s
  warnings.warn(
/home/karimimonsefi.1/SSL_VAN/BRATS21/trainer.py:74: UserWarning: Epoch 169/1200 131/500  loss: 0.6066  time 1.73s
  warnings.warn(
/home/karimimonsefi.1/SSL_VAN/BRATS21/trainer.py:74: UserWarning: Epoch 169/1200 132/500  loss: 0.6066  time 1.72s
  warnings.warn(
/home/karimimonsefi.1/SSL_VAN/BRATS21/trainer.py:74: UserWarning: Epoch 169/1200 133/500  loss: 0.6064  time 1.73s
  warnings.warn(
/home/karimimonsefi.1/SSL_VAN/BRATS21/trainer.py:74: UserWarning: Epoch 169/1200 134/500  loss: 0.6057  time 1.73s
  warnings.warn(
/home/karimimonsefi.1/SSL_VAN/BRATS21/trainer.py:74: UserWarning: Epoch 169/1200 135/500  loss: 0.6052  time 1.84s
  warnings.warn(
/home/karimimonsefi.1/SSL_VAN/BRATS21/trainer.py:74: UserWarning: Epoch 169/1200 136/500  loss: 0.6046  time 1.88s
  warnings.warn(
/home/karimimonsefi.1/SSL_VAN/BRATS21/trainer.py:74: UserWarning: Epoch 169/1200 137/500  loss: 0.6038  time 1.74s
  warnings.warn(
/home/karimimonsefi.1/SSL_VAN/BRATS21/trainer.py:74: UserWarning: Epoch 169/1200 138/500  loss: 0.6038  time 1.74s
  warnings.warn(
/home/karimimonsefi.1/SSL_VAN/BRATS21/trainer.py:74: UserWarning: Epoch 169/1200 139/500  loss: 0.6040  time 1.73s
  warnings.warn(
/home/karimimonsefi.1/SSL_VAN/BRATS21/trainer.py:74: UserWarning: Epoch 169/1200 140/500  loss: 0.6051  time 1.74s
  warnings.warn(
/home/karimimonsefi.1/SSL_VAN/BRATS21/trainer.py:74: UserWarning: Epoch 169/1200 141/500  loss: 0.6045  time 1.72s
  warnings.warn(
/home/karimimonsefi.1/SSL_VAN/BRATS21/trainer.py:74: UserWarning: Epoch 169/1200 142/500  loss: 0.6042  time 1.72s
  warnings.warn(
/home/karimimonsefi.1/SSL_VAN/BRATS21/trainer.py:74: UserWarning: Epoch 169/1200 143/500  loss: 0.6046  time 1.73s
  warnings.warn(
/home/karimimonsefi.1/SSL_VAN/BRATS21/trainer.py:74: UserWarning: Epoch 169/1200 144/500  loss: 0.6048  time 1.73s
  warnings.warn(
/home/karimimonsefi.1/SSL_VAN/BRATS21/trainer.py:74: UserWarning: Epoch 169/1200 145/500  loss: 0.6037  time 1.73s
  warnings.warn(
/home/karimimonsefi.1/SSL_VAN/BRATS21/trainer.py:74: UserWarning: Epoch 169/1200 146/500  loss: 0.6032  time 1.73s
  warnings.warn(
/home/karimimonsefi.1/SSL_VAN/BRATS21/trainer.py:74: UserWarning: Epoch 169/1200 147/500  loss: 0.6039  time 1.72s
  warnings.warn(
/home/karimimonsefi.1/SSL_VAN/BRATS21/trainer.py:74: UserWarning: Epoch 169/1200 148/500  loss: 0.6044  time 1.73s
  warnings.warn(
/home/karimimonsefi.1/SSL_VAN/BRATS21/trainer.py:74: UserWarning: Epoch 169/1200 149/500  loss: 0.6048  time 1.73s
  warnings.warn(
/home/karimimonsefi.1/SSL_VAN/BRATS21/trainer.py:74: UserWarning: Epoch 169/1200 150/500  loss: 0.6042  time 1.74s
  warnings.warn(
/home/karimimonsefi.1/SSL_VAN/BRATS21/trainer.py:74: UserWarning: Epoch 169/1200 151/500  loss: 0.6033  time 1.73s
  warnings.warn(
/home/karimimonsefi.1/SSL_VAN/BRATS21/trainer.py:74: UserWarning: Epoch 169/1200 152/500  loss: 0.6037  time 1.73s
  warnings.warn(
/home/karimimonsefi.1/SSL_VAN/BRATS21/trainer.py:74: UserWarning: Epoch 169/1200 153/500  loss: 0.6035  time 1.73s
  warnings.warn(
/home/karimimonsefi.1/SSL_VAN/BRATS21/trainer.py:74: UserWarning: Epoch 169/1200 154/500  loss: 0.6038  time 1.72s
  warnings.warn(
/home/karimimonsefi.1/SSL_VAN/BRATS21/trainer.py:74: UserWarning: Epoch 169/1200 155/500  loss: 0.6035  time 1.74s
  warnings.warn(
/home/karimimonsefi.1/SSL_VAN/BRATS21/trainer.py:74: UserWarning: Epoch 169/1200 156/500  loss: 0.6032  time 1.74s
  warnings.warn(
/home/karimimonsefi.1/SSL_VAN/BRATS21/trainer.py:74: UserWarning: Epoch 169/1200 157/500  loss: 0.6021  time 1.74s
  warnings.warn(
/home/karimimonsefi.1/SSL_VAN/BRATS21/trainer.py:74: UserWarning: Epoch 169/1200 158/500  loss: 0.6028  time 1.73s
  warnings.warn(
/home/karimimonsefi.1/SSL_VAN/BRATS21/trainer.py:74: UserWarning: Epoch 169/1200 159/500  loss: 0.6033  time 1.73s
  warnings.warn(
/home/karimimonsefi.1/SSL_VAN/BRATS21/trainer.py:74: UserWarning: Epoch 169/1200 160/500  loss: 0.6042  time 1.72s
  warnings.warn(
/home/karimimonsefi.1/SSL_VAN/BRATS21/trainer.py:74: UserWarning: Epoch 169/1200 161/500  loss: 0.6047  time 1.73s
  warnings.warn(
/home/karimimonsefi.1/SSL_VAN/BRATS21/trainer.py:74: UserWarning: Epoch 169/1200 162/500  loss: 0.6051  time 1.74s
  warnings.warn(
/home/karimimonsefi.1/SSL_VAN/BRATS21/trainer.py:74: UserWarning: Epoch 169/1200 163/500  loss: 0.6056  time 1.74s
  warnings.warn(
/home/karimimonsefi.1/SSL_VAN/BRATS21/trainer.py:74: UserWarning: Epoch 169/1200 164/500  loss: 0.6070  time 1.74s
  warnings.warn(
/home/karimimonsefi.1/SSL_VAN/BRATS21/trainer.py:74: UserWarning: Epoch 169/1200 165/500  loss: 0.6074  time 1.73s
  warnings.warn(
/home/karimimonsefi.1/SSL_VAN/BRATS21/trainer.py:74: UserWarning: Epoch 169/1200 166/500  loss: 0.6074  time 1.85s
  warnings.warn(
/home/karimimonsefi.1/SSL_VAN/BRATS21/trainer.py:74: UserWarning: Epoch 169/1200 167/500  loss: 0.6073  time 1.73s
  warnings.warn(
/home/karimimonsefi.1/SSL_VAN/BRATS21/trainer.py:74: UserWarning: Epoch 169/1200 168/500  loss: 0.6081  time 1.73s
  warnings.warn(
/home/karimimonsefi.1/SSL_VAN/BRATS21/trainer.py:74: UserWarning: Epoch 169/1200 169/500  loss: 0.6082  time 1.74s
  warnings.warn(
/home/karimimonsefi.1/SSL_VAN/BRATS21/trainer.py:74: UserWarning: Epoch 169/1200 170/500  loss: 0.6080  time 1.74s
  warnings.warn(
/home/karimimonsefi.1/SSL_VAN/BRATS21/trainer.py:74: UserWarning: Epoch 169/1200 171/500  loss: 0.6085  time 1.73s
  warnings.warn(
/home/karimimonsefi.1/SSL_VAN/BRATS21/trainer.py:74: UserWarning: Epoch 169/1200 172/500  loss: 0.6081  time 1.74s
  warnings.warn(
/home/karimimonsefi.1/SSL_VAN/BRATS21/trainer.py:74: UserWarning: Epoch 169/1200 173/500  loss: 0.6093  time 1.74s
  warnings.warn(
/home/karimimonsefi.1/SSL_VAN/BRATS21/trainer.py:74: UserWarning: Epoch 169/1200 174/500  loss: 0.6104  time 1.73s
  warnings.warn(
/home/karimimonsefi.1/SSL_VAN/BRATS21/trainer.py:74: UserWarning: Epoch 169/1200 175/500  loss: 0.6090  time 1.73s
  warnings.warn(
/home/karimimonsefi.1/SSL_VAN/BRATS21/trainer.py:74: UserWarning: Epoch 169/1200 176/500  loss: 0.6097  time 1.74s
  warnings.warn(
/home/karimimonsefi.1/SSL_VAN/BRATS21/trainer.py:74: UserWarning: Epoch 169/1200 177/500  loss: 0.6110  time 1.74s
  warnings.warn(
/home/karimimonsefi.1/SSL_VAN/BRATS21/trainer.py:74: UserWarning: Epoch 169/1200 178/500  loss: 0.6109  time 1.73s
  warnings.warn(
/home/karimimonsefi.1/SSL_VAN/BRATS21/trainer.py:74: UserWarning: Epoch 169/1200 179/500  loss: 0.6099  time 1.73s
  warnings.warn(
/home/karimimonsefi.1/SSL_VAN/BRATS21/trainer.py:74: UserWarning: Epoch 169/1200 180/500  loss: 0.6099  time 1.73s
  warnings.warn(
/home/karimimonsefi.1/SSL_VAN/BRATS21/trainer.py:74: UserWarning: Epoch 169/1200 181/500  loss: 0.6107  time 1.72s
  warnings.warn(
/home/karimimonsefi.1/SSL_VAN/BRATS21/trainer.py:74: UserWarning: Epoch 169/1200 182/500  loss: 0.6112  time 1.72s
  warnings.warn(
/home/karimimonsefi.1/SSL_VAN/BRATS21/trainer.py:74: UserWarning: Epoch 169/1200 183/500  loss: 0.6115  time 1.73s
  warnings.warn(
/home/karimimonsefi.1/SSL_VAN/BRATS21/trainer.py:74: UserWarning: Epoch 169/1200 184/500  loss: 0.6114  time 1.73s
  warnings.warn(
/home/karimimonsefi.1/SSL_VAN/BRATS21/trainer.py:74: UserWarning: Epoch 169/1200 185/500  loss: 0.6110  time 1.74s
  warnings.warn(
/home/karimimonsefi.1/SSL_VAN/BRATS21/trainer.py:74: UserWarning: Epoch 169/1200 186/500  loss: 0.6111  time 1.73s
  warnings.warn(
/home/karimimonsefi.1/SSL_VAN/BRATS21/trainer.py:74: UserWarning: Epoch 169/1200 187/500  loss: 0.6110  time 1.74s
  warnings.warn(
/home/karimimonsefi.1/SSL_VAN/BRATS21/trainer.py:74: UserWarning: Epoch 169/1200 188/500  loss: 0.6100  time 1.73s
  warnings.warn(
/home/karimimonsefi.1/SSL_VAN/BRATS21/trainer.py:74: UserWarning: Epoch 169/1200 189/500  loss: 0.6093  time 1.73s
  warnings.warn(
/home/karimimonsefi.1/SSL_VAN/BRATS21/trainer.py:74: UserWarning: Epoch 169/1200 190/500  loss: 0.6091  time 1.74s
  warnings.warn(
/home/karimimonsefi.1/SSL_VAN/BRATS21/trainer.py:74: UserWarning: Epoch 169/1200 191/500  loss: 0.6095  time 1.73s
  warnings.warn(
/home/karimimonsefi.1/SSL_VAN/BRATS21/trainer.py:74: UserWarning: Epoch 169/1200 192/500  loss: 0.6099  time 1.73s
  warnings.warn(
/home/karimimonsefi.1/SSL_VAN/BRATS21/trainer.py:74: UserWarning: Epoch 169/1200 193/500  loss: 0.6105  time 1.74s
  warnings.warn(
/home/karimimonsefi.1/SSL_VAN/BRATS21/trainer.py:74: UserWarning: Epoch 169/1200 194/500  loss: 0.6115  time 1.72s
  warnings.warn(
/home/karimimonsefi.1/SSL_VAN/BRATS21/trainer.py:74: UserWarning: Epoch 169/1200 195/500  loss: 0.6123  time 1.73s
  warnings.warn(
/home/karimimonsefi.1/SSL_VAN/BRATS21/trainer.py:74: UserWarning: Epoch 169/1200 196/500  loss: 0.6127  time 1.76s
  warnings.warn(
/home/karimimonsefi.1/SSL_VAN/BRATS21/trainer.py:74: UserWarning: Epoch 169/1200 197/500  loss: 0.6126  time 1.75s
  warnings.warn(
/home/karimimonsefi.1/SSL_VAN/BRATS21/trainer.py:74: UserWarning: Epoch 169/1200 198/500  loss: 0.6135  time 1.82s
  warnings.warn(
/home/karimimonsefi.1/SSL_VAN/BRATS21/trainer.py:74: UserWarning: Epoch 169/1200 199/500  loss: 0.6137  time 1.73s
  warnings.warn(
/home/karimimonsefi.1/SSL_VAN/BRATS21/trainer.py:74: UserWarning: Epoch 169/1200 200/500  loss: 0.6143  time 1.73s
  warnings.warn(
/home/karimimonsefi.1/SSL_VAN/BRATS21/trainer.py:74: UserWarning: Epoch 169/1200 201/500  loss: 0.6145  time 1.73s
  warnings.warn(
/home/karimimonsefi.1/SSL_VAN/BRATS21/trainer.py:74: UserWarning: Epoch 169/1200 202/500  loss: 0.6148  time 1.72s
  warnings.warn(
/home/karimimonsefi.1/SSL_VAN/BRATS21/trainer.py:74: UserWarning: Epoch 169/1200 203/500  loss: 0.6151  time 1.72s
  warnings.warn(
/home/karimimonsefi.1/SSL_VAN/BRATS21/trainer.py:74: UserWarning: Epoch 169/1200 204/500  loss: 0.6145  time 1.73s
  warnings.warn(
/home/karimimonsefi.1/SSL_VAN/BRATS21/trainer.py:74: UserWarning: Epoch 169/1200 205/500  loss: 0.6148  time 1.74s
  warnings.warn(
/home/karimimonsefi.1/SSL_VAN/BRATS21/trainer.py:74: UserWarning: Epoch 169/1200 206/500  loss: 0.6148  time 1.73s
  warnings.warn(
/home/karimimonsefi.1/SSL_VAN/BRATS21/trainer.py:74: UserWarning: Epoch 169/1200 207/500  loss: 0.6150  time 1.73s
  warnings.warn(
/home/karimimonsefi.1/SSL_VAN/BRATS21/trainer.py:74: UserWarning: Epoch 169/1200 208/500  loss: 0.6152  time 1.74s
  warnings.warn(
/home/karimimonsefi.1/SSL_VAN/BRATS21/trainer.py:74: UserWarning: Epoch 169/1200 209/500  loss: 0.6162  time 1.74s
  warnings.warn(
/home/karimimonsefi.1/SSL_VAN/BRATS21/trainer.py:74: UserWarning: Epoch 169/1200 210/500  loss: 0.6161  time 1.73s
  warnings.warn(
/home/karimimonsefi.1/SSL_VAN/BRATS21/trainer.py:74: UserWarning: Epoch 169/1200 211/500  loss: 0.6161  time 1.73s
  warnings.warn(
/home/karimimonsefi.1/SSL_VAN/BRATS21/trainer.py:74: UserWarning: Epoch 169/1200 212/500  loss: 0.6156  time 1.74s
  warnings.warn(
/home/karimimonsefi.1/SSL_VAN/BRATS21/trainer.py:74: UserWarning: Epoch 169/1200 213/500  loss: 0.6154  time 1.74s
  warnings.warn(
/home/karimimonsefi.1/SSL_VAN/BRATS21/trainer.py:74: UserWarning: Epoch 169/1200 214/500  loss: 0.6146  time 1.73s
  warnings.warn(
/home/karimimonsefi.1/SSL_VAN/BRATS21/trainer.py:74: UserWarning: Epoch 169/1200 215/500  loss: 0.6155  time 1.73s
  warnings.warn(
/home/karimimonsefi.1/SSL_VAN/BRATS21/trainer.py:74: UserWarning: Epoch 169/1200 216/500  loss: 0.6156  time 1.73s
  warnings.warn(
/home/karimimonsefi.1/SSL_VAN/BRATS21/trainer.py:74: UserWarning: Epoch 169/1200 217/500  loss: 0.6156  time 1.72s
  warnings.warn(
/home/karimimonsefi.1/SSL_VAN/BRATS21/trainer.py:74: UserWarning: Epoch 169/1200 218/500  loss: 0.6150  time 1.73s
  warnings.warn(
/home/karimimonsefi.1/SSL_VAN/BRATS21/trainer.py:74: UserWarning: Epoch 169/1200 219/500  loss: 0.6138  time 1.73s
  warnings.warn(
/home/karimimonsefi.1/SSL_VAN/BRATS21/trainer.py:74: UserWarning: Epoch 169/1200 220/500  loss: 0.6129  time 1.74s
  warnings.warn(
/home/karimimonsefi.1/SSL_VAN/BRATS21/trainer.py:74: UserWarning: Epoch 169/1200 221/500  loss: 0.6131  time 1.72s
  warnings.warn(
/home/karimimonsefi.1/SSL_VAN/BRATS21/trainer.py:74: UserWarning: Epoch 169/1200 222/500  loss: 0.6129  time 1.73s
  warnings.warn(
/home/karimimonsefi.1/SSL_VAN/BRATS21/trainer.py:74: UserWarning: Epoch 169/1200 223/500  loss: 0.6128  time 1.75s
  warnings.warn(
/home/karimimonsefi.1/SSL_VAN/BRATS21/trainer.py:74: UserWarning: Epoch 169/1200 224/500  loss: 0.6130  time 1.74s
  warnings.warn(
/home/karimimonsefi.1/SSL_VAN/BRATS21/trainer.py:74: UserWarning: Epoch 169/1200 225/500  loss: 0.6133  time 1.75s
  warnings.warn(
/home/karimimonsefi.1/SSL_VAN/BRATS21/trainer.py:74: UserWarning: Epoch 169/1200 226/500  loss: 0.6132  time 1.74s
  warnings.warn(
/home/karimimonsefi.1/SSL_VAN/BRATS21/trainer.py:74: UserWarning: Epoch 169/1200 227/500  loss: 0.6129  time 1.87s
  warnings.warn(
/home/karimimonsefi.1/SSL_VAN/BRATS21/trainer.py:74: UserWarning: Epoch 169/1200 228/500  loss: 0.6126  time 1.73s
  warnings.warn(
/home/karimimonsefi.1/SSL_VAN/BRATS21/trainer.py:74: UserWarning: Epoch 169/1200 229/500  loss: 0.6124  time 1.72s
  warnings.warn(
/home/karimimonsefi.1/SSL_VAN/BRATS21/trainer.py:74: UserWarning: Epoch 169/1200 230/500  loss: 0.6124  time 1.73s
  warnings.warn(
/home/karimimonsefi.1/SSL_VAN/BRATS21/trainer.py:74: UserWarning: Epoch 169/1200 231/500  loss: 0.6118  time 1.73s
  warnings.warn(
/home/karimimonsefi.1/SSL_VAN/BRATS21/trainer.py:74: UserWarning: Epoch 169/1200 232/500  loss: 0.6117  time 1.74s
  warnings.warn(
/home/karimimonsefi.1/SSL_VAN/BRATS21/trainer.py:74: UserWarning: Epoch 169/1200 233/500  loss: 0.6122  time 1.72s
  warnings.warn(
/home/karimimonsefi.1/SSL_VAN/BRATS21/trainer.py:74: UserWarning: Epoch 169/1200 234/500  loss: 0.6125  time 1.75s
  warnings.warn(
/home/karimimonsefi.1/SSL_VAN/BRATS21/trainer.py:74: UserWarning: Epoch 169/1200 235/500  loss: 0.6122  time 1.74s
  warnings.warn(
/home/karimimonsefi.1/SSL_VAN/BRATS21/trainer.py:74: UserWarning: Epoch 169/1200 236/500  loss: 0.6127  time 1.74s
  warnings.warn(
/home/karimimonsefi.1/SSL_VAN/BRATS21/trainer.py:74: UserWarning: Epoch 169/1200 237/500  loss: 0.6120  time 1.74s
  warnings.warn(
/home/karimimonsefi.1/SSL_VAN/BRATS21/trainer.py:74: UserWarning: Epoch 169/1200 238/500  loss: 0.6115  time 1.75s
  warnings.warn(
/home/karimimonsefi.1/SSL_VAN/BRATS21/trainer.py:74: UserWarning: Epoch 169/1200 239/500  loss: 0.6114  time 1.74s
  warnings.warn(
/home/karimimonsefi.1/SSL_VAN/BRATS21/trainer.py:74: UserWarning: Epoch 169/1200 240/500  loss: 0.6120  time 1.75s
  warnings.warn(
/home/karimimonsefi.1/SSL_VAN/BRATS21/trainer.py:74: UserWarning: Epoch 169/1200 241/500  loss: 0.6124  time 1.74s
  warnings.warn(
/home/karimimonsefi.1/SSL_VAN/BRATS21/trainer.py:74: UserWarning: Epoch 169/1200 242/500  loss: 0.6122  time 1.73s
  warnings.warn(
/home/karimimonsefi.1/SSL_VAN/BRATS21/trainer.py:74: UserWarning: Epoch 169/1200 243/500  loss: 0.6122  time 1.73s
  warnings.warn(
/home/karimimonsefi.1/SSL_VAN/BRATS21/trainer.py:74: UserWarning: Epoch 169/1200 244/500  loss: 0.6126  time 1.72s
  warnings.warn(
/home/karimimonsefi.1/SSL_VAN/BRATS21/trainer.py:74: UserWarning: Epoch 169/1200 245/500  loss: 0.6127  time 1.73s
  warnings.warn(
/home/karimimonsefi.1/SSL_VAN/BRATS21/trainer.py:74: UserWarning: Epoch 169/1200 246/500  loss: 0.6120  time 1.74s
  warnings.warn(
/home/karimimonsefi.1/SSL_VAN/BRATS21/trainer.py:74: UserWarning: Epoch 169/1200 247/500  loss: 0.6113  time 1.73s
  warnings.warn(
/home/karimimonsefi.1/SSL_VAN/BRATS21/trainer.py:74: UserWarning: Epoch 169/1200 248/500  loss: 0.6107  time 1.75s
  warnings.warn(
/home/karimimonsefi.1/SSL_VAN/BRATS21/trainer.py:74: UserWarning: Epoch 169/1200 249/500  loss: 0.6106  time 1.74s
  warnings.warn(
/home/karimimonsefi.1/SSL_VAN/BRATS21/trainer.py:74: UserWarning: Epoch 169/1200 250/500  loss: 0.6111  time 1.75s
  warnings.warn(
/home/karimimonsefi.1/SSL_VAN/BRATS21/trainer.py:74: UserWarning: Epoch 169/1200 251/500  loss: 0.6112  time 1.74s
  warnings.warn(
/home/karimimonsefi.1/SSL_VAN/BRATS21/trainer.py:74: UserWarning: Epoch 169/1200 252/500  loss: 0.6109  time 1.75s
  warnings.warn(
/home/karimimonsefi.1/SSL_VAN/BRATS21/trainer.py:74: UserWarning: Epoch 169/1200 253/500  loss: 0.6117  time 1.74s
  warnings.warn(
/home/karimimonsefi.1/SSL_VAN/BRATS21/trainer.py:74: UserWarning: Epoch 169/1200 254/500  loss: 0.6117  time 1.74s
  warnings.warn(
/home/karimimonsefi.1/SSL_VAN/BRATS21/trainer.py:74: UserWarning: Epoch 169/1200 255/500  loss: 0.6120  time 1.74s
  warnings.warn(
/home/karimimonsefi.1/SSL_VAN/BRATS21/trainer.py:74: UserWarning: Epoch 169/1200 256/500  loss: 0.6114  time 1.86s
  warnings.warn(
/home/karimimonsefi.1/SSL_VAN/BRATS21/trainer.py:74: UserWarning: Epoch 169/1200 257/500  loss: 0.6116  time 1.86s
  warnings.warn(
/home/karimimonsefi.1/SSL_VAN/BRATS21/trainer.py:74: UserWarning: Epoch 169/1200 258/500  loss: 0.6118  time 1.76s
  warnings.warn(
/home/karimimonsefi.1/SSL_VAN/BRATS21/trainer.py:74: UserWarning: Epoch 169/1200 259/500  loss: 0.6115  time 1.73s
  warnings.warn(
/home/karimimonsefi.1/SSL_VAN/BRATS21/trainer.py:74: UserWarning: Epoch 169/1200 260/500  loss: 0.6120  time 1.74s
  warnings.warn(
/home/karimimonsefi.1/SSL_VAN/BRATS21/trainer.py:74: UserWarning: Epoch 169/1200 261/500  loss: 0.6115  time 1.73s
  warnings.warn(
/home/karimimonsefi.1/SSL_VAN/BRATS21/trainer.py:74: UserWarning: Epoch 169/1200 262/500  loss: 0.6116  time 1.72s
  warnings.warn(
/home/karimimonsefi.1/SSL_VAN/BRATS21/trainer.py:74: UserWarning: Epoch 169/1200 263/500  loss: 0.6115  time 1.77s
  warnings.warn(
/home/karimimonsefi.1/SSL_VAN/BRATS21/trainer.py:74: UserWarning: Epoch 169/1200 264/500  loss: 0.6114  time 1.74s
  warnings.warn(
/home/karimimonsefi.1/SSL_VAN/BRATS21/trainer.py:74: UserWarning: Epoch 169/1200 265/500  loss: 0.6113  time 1.75s
  warnings.warn(
/home/karimimonsefi.1/SSL_VAN/BRATS21/trainer.py:74: UserWarning: Epoch 169/1200 266/500  loss: 0.6117  time 1.74s
  warnings.warn(
/home/karimimonsefi.1/SSL_VAN/BRATS21/trainer.py:74: UserWarning: Epoch 169/1200 267/500  loss: 0.6122  time 1.74s
  warnings.warn(
/home/karimimonsefi.1/SSL_VAN/BRATS21/trainer.py:74: UserWarning: Epoch 169/1200 268/500  loss: 0.6119  time 1.73s
  warnings.warn(
/home/karimimonsefi.1/SSL_VAN/BRATS21/trainer.py:74: UserWarning: Epoch 169/1200 269/500  loss: 0.6120  time 1.74s
  warnings.warn(
/home/karimimonsefi.1/SSL_VAN/BRATS21/trainer.py:74: UserWarning: Epoch 169/1200 270/500  loss: 0.6118  time 1.73s
  warnings.warn(
/home/karimimonsefi.1/SSL_VAN/BRATS21/trainer.py:74: UserWarning: Epoch 169/1200 271/500  loss: 0.6121  time 1.74s
  warnings.warn(
/home/karimimonsefi.1/SSL_VAN/BRATS21/trainer.py:74: UserWarning: Epoch 169/1200 272/500  loss: 0.6119  time 1.74s
  warnings.warn(
/home/karimimonsefi.1/SSL_VAN/BRATS21/trainer.py:74: UserWarning: Epoch 169/1200 273/500  loss: 0.6122  time 1.75s
  warnings.warn(
/home/karimimonsefi.1/SSL_VAN/BRATS21/trainer.py:74: UserWarning: Epoch 169/1200 274/500  loss: 0.6125  time 1.75s
  warnings.warn(
/home/karimimonsefi.1/SSL_VAN/BRATS21/trainer.py:74: UserWarning: Epoch 169/1200 275/500  loss: 0.6128  time 1.73s
  warnings.warn(
/home/karimimonsefi.1/SSL_VAN/BRATS21/trainer.py:74: UserWarning: Epoch 169/1200 276/500  loss: 0.6127  time 1.75s
  warnings.warn(
/home/karimimonsefi.1/SSL_VAN/BRATS21/trainer.py:74: UserWarning: Epoch 169/1200 277/500  loss: 0.6134  time 1.74s
  warnings.warn(
/home/karimimonsefi.1/SSL_VAN/BRATS21/trainer.py:74: UserWarning: Epoch 169/1200 278/500  loss: 0.6128  time 1.73s
  warnings.warn(
/home/karimimonsefi.1/SSL_VAN/BRATS21/trainer.py:74: UserWarning: Epoch 169/1200 279/500  loss: 0.6132  time 1.80s
  warnings.warn(
/home/karimimonsefi.1/SSL_VAN/BRATS21/trainer.py:74: UserWarning: Epoch 169/1200 280/500  loss: 0.6129  time 1.75s
  warnings.warn(
/home/karimimonsefi.1/SSL_VAN/BRATS21/trainer.py:74: UserWarning: Epoch 169/1200 281/500  loss: 0.6128  time 1.75s
  warnings.warn(
/home/karimimonsefi.1/SSL_VAN/BRATS21/trainer.py:74: UserWarning: Epoch 169/1200 282/500  loss: 0.6125  time 1.73s
  warnings.warn(
/home/karimimonsefi.1/SSL_VAN/BRATS21/trainer.py:74: UserWarning: Epoch 169/1200 283/500  loss: 0.6119  time 1.75s
  warnings.warn(
/home/karimimonsefi.1/SSL_VAN/BRATS21/trainer.py:74: UserWarning: Epoch 169/1200 284/500  loss: 0.6117  time 1.73s
  warnings.warn(
/home/karimimonsefi.1/SSL_VAN/BRATS21/trainer.py:74: UserWarning: Epoch 169/1200 285/500  loss: 0.6118  time 1.73s
  warnings.warn(
/home/karimimonsefi.1/SSL_VAN/BRATS21/trainer.py:74: UserWarning: Epoch 169/1200 286/500  loss: 0.6116  time 1.87s
  warnings.warn(
/home/karimimonsefi.1/SSL_VAN/BRATS21/trainer.py:74: UserWarning: Epoch 169/1200 287/500  loss: 0.6116  time 1.74s
  warnings.warn(
/home/karimimonsefi.1/SSL_VAN/BRATS21/trainer.py:74: UserWarning: Epoch 169/1200 288/500  loss: 0.6116  time 1.75s
  warnings.warn(
/home/karimimonsefi.1/SSL_VAN/BRATS21/trainer.py:74: UserWarning: Epoch 169/1200 289/500  loss: 0.6117  time 1.86s
  warnings.warn(
/home/karimimonsefi.1/SSL_VAN/BRATS21/trainer.py:74: UserWarning: Epoch 169/1200 290/500  loss: 0.6110  time 1.74s
  warnings.warn(
/home/karimimonsefi.1/SSL_VAN/BRATS21/trainer.py:74: UserWarning: Epoch 169/1200 291/500  loss: 0.6107  time 1.73s
  warnings.warn(
/home/karimimonsefi.1/SSL_VAN/BRATS21/trainer.py:74: UserWarning: Epoch 169/1200 292/500  loss: 0.6110  time 1.75s
  warnings.warn(
/home/karimimonsefi.1/SSL_VAN/BRATS21/trainer.py:74: UserWarning: Epoch 169/1200 293/500  loss: 0.6110  time 1.73s
  warnings.warn(
/home/karimimonsefi.1/SSL_VAN/BRATS21/trainer.py:74: UserWarning: Epoch 169/1200 294/500  loss: 0.6108  time 1.72s
  warnings.warn(
/home/karimimonsefi.1/SSL_VAN/BRATS21/trainer.py:74: UserWarning: Epoch 169/1200 295/500  loss: 0.6105  time 1.79s
  warnings.warn(
/home/karimimonsefi.1/SSL_VAN/BRATS21/trainer.py:74: UserWarning: Epoch 169/1200 296/500  loss: 0.6103  time 1.74s
  warnings.warn(
/home/karimimonsefi.1/SSL_VAN/BRATS21/trainer.py:74: UserWarning: Epoch 169/1200 297/500  loss: 0.6101  time 1.73s
  warnings.warn(
/home/karimimonsefi.1/SSL_VAN/BRATS21/trainer.py:74: UserWarning: Epoch 169/1200 298/500  loss: 0.6099  time 1.73s
  warnings.warn(
/home/karimimonsefi.1/SSL_VAN/BRATS21/trainer.py:74: UserWarning: Epoch 169/1200 299/500  loss: 0.6109  time 1.73s
  warnings.warn(
/home/karimimonsefi.1/SSL_VAN/BRATS21/trainer.py:74: UserWarning: Epoch 169/1200 300/500  loss: 0.6107  time 1.77s
  warnings.warn(
/home/karimimonsefi.1/SSL_VAN/BRATS21/trainer.py:74: UserWarning: Epoch 169/1200 301/500  loss: 0.6107  time 1.73s
  warnings.warn(
/home/karimimonsefi.1/SSL_VAN/BRATS21/trainer.py:74: UserWarning: Epoch 169/1200 302/500  loss: 0.6105  time 1.73s
  warnings.warn(
/home/karimimonsefi.1/SSL_VAN/BRATS21/trainer.py:74: UserWarning: Epoch 169/1200 303/500  loss: 0.6106  time 1.76s
  warnings.warn(
/home/karimimonsefi.1/SSL_VAN/BRATS21/trainer.py:74: UserWarning: Epoch 169/1200 304/500  loss: 0.6110  time 1.74s
  warnings.warn(
/home/karimimonsefi.1/SSL_VAN/BRATS21/trainer.py:74: UserWarning: Epoch 169/1200 305/500  loss: 0.6108  time 1.74s
  warnings.warn(
/home/karimimonsefi.1/SSL_VAN/BRATS21/trainer.py:74: UserWarning: Epoch 169/1200 306/500  loss: 0.6106  time 1.73s
  warnings.warn(
/home/karimimonsefi.1/SSL_VAN/BRATS21/trainer.py:74: UserWarning: Epoch 169/1200 307/500  loss: 0.6106  time 1.74s
  warnings.warn(
/home/karimimonsefi.1/SSL_VAN/BRATS21/trainer.py:74: UserWarning: Epoch 169/1200 308/500  loss: 0.6107  time 1.77s
  warnings.warn(
/home/karimimonsefi.1/SSL_VAN/BRATS21/trainer.py:74: UserWarning: Epoch 169/1200 309/500  loss: 0.6107  time 1.74s
  warnings.warn(
/home/karimimonsefi.1/SSL_VAN/BRATS21/trainer.py:74: UserWarning: Epoch 169/1200 310/500  loss: 0.6109  time 1.73s
  warnings.warn(
/home/karimimonsefi.1/SSL_VAN/BRATS21/trainer.py:74: UserWarning: Epoch 169/1200 311/500  loss: 0.6110  time 1.74s
  warnings.warn(
/home/karimimonsefi.1/SSL_VAN/BRATS21/trainer.py:74: UserWarning: Epoch 169/1200 312/500  loss: 0.6113  time 1.77s
  warnings.warn(
/home/karimimonsefi.1/SSL_VAN/BRATS21/trainer.py:74: UserWarning: Epoch 169/1200 313/500  loss: 0.6114  time 1.74s
  warnings.warn(
/home/karimimonsefi.1/SSL_VAN/BRATS21/trainer.py:74: UserWarning: Epoch 169/1200 314/500  loss: 0.6115  time 1.73s
  warnings.warn(
/home/karimimonsefi.1/SSL_VAN/BRATS21/trainer.py:74: UserWarning: Epoch 169/1200 315/500  loss: 0.6108  time 1.74s
  warnings.warn(
/home/karimimonsefi.1/SSL_VAN/BRATS21/trainer.py:74: UserWarning: Epoch 169/1200 316/500  loss: 0.6107  time 1.85s
  warnings.warn(
/home/karimimonsefi.1/SSL_VAN/BRATS21/trainer.py:74: UserWarning: Epoch 169/1200 317/500  loss: 0.6104  time 1.74s
  warnings.warn(
/home/karimimonsefi.1/SSL_VAN/BRATS21/trainer.py:74: UserWarning: Epoch 169/1200 318/500  loss: 0.6101  time 1.74s
  warnings.warn(
/home/karimimonsefi.1/SSL_VAN/BRATS21/trainer.py:74: UserWarning: Epoch 169/1200 319/500  loss: 0.6097  time 1.86s
  warnings.warn(
/home/karimimonsefi.1/SSL_VAN/BRATS21/trainer.py:74: UserWarning: Epoch 169/1200 320/500  loss: 0.6101  time 1.73s
  warnings.warn(
/home/karimimonsefi.1/SSL_VAN/BRATS21/trainer.py:74: UserWarning: Epoch 169/1200 321/500  loss: 0.6103  time 1.73s
  warnings.warn(
/home/karimimonsefi.1/SSL_VAN/BRATS21/trainer.py:74: UserWarning: Epoch 169/1200 322/500  loss: 0.6105  time 1.74s
  warnings.warn(
/home/karimimonsefi.1/SSL_VAN/BRATS21/trainer.py:74: UserWarning: Epoch 169/1200 323/500  loss: 0.6109  time 1.73s
  warnings.warn(
/home/karimimonsefi.1/SSL_VAN/BRATS21/trainer.py:74: UserWarning: Epoch 169/1200 324/500  loss: 0.6110  time 1.74s
  warnings.warn(
/home/karimimonsefi.1/SSL_VAN/BRATS21/trainer.py:74: UserWarning: Epoch 169/1200 325/500  loss: 0.6110  time 1.74s
  warnings.warn(
/home/karimimonsefi.1/SSL_VAN/BRATS21/trainer.py:74: UserWarning: Epoch 169/1200 326/500  loss: 0.6107  time 1.76s
  warnings.warn(
/home/karimimonsefi.1/SSL_VAN/BRATS21/trainer.py:74: UserWarning: Epoch 169/1200 327/500  loss: 0.6110  time 1.74s
  warnings.warn(
/home/karimimonsefi.1/SSL_VAN/BRATS21/trainer.py:74: UserWarning: Epoch 169/1200 328/500  loss: 0.6107  time 1.74s
  warnings.warn(
/home/karimimonsefi.1/SSL_VAN/BRATS21/trainer.py:74: UserWarning: Epoch 169/1200 329/500  loss: 0.6108  time 1.73s
  warnings.warn(
/home/karimimonsefi.1/SSL_VAN/BRATS21/trainer.py:74: UserWarning: Epoch 169/1200 330/500  loss: 0.6107  time 1.75s
  warnings.warn(
/home/karimimonsefi.1/SSL_VAN/BRATS21/trainer.py:74: UserWarning: Epoch 169/1200 331/500  loss: 0.6102  time 1.74s
  warnings.warn(
/home/karimimonsefi.1/SSL_VAN/BRATS21/trainer.py:74: UserWarning: Epoch 169/1200 332/500  loss: 0.6101  time 1.76s
  warnings.warn(
/home/karimimonsefi.1/SSL_VAN/BRATS21/trainer.py:74: UserWarning: Epoch 169/1200 333/500  loss: 0.6101  time 1.75s
  warnings.warn(
/home/karimimonsefi.1/SSL_VAN/BRATS21/trainer.py:74: UserWarning: Epoch 169/1200 334/500  loss: 0.6097  time 1.72s
  warnings.warn(
/home/karimimonsefi.1/SSL_VAN/BRATS21/trainer.py:74: UserWarning: Epoch 169/1200 335/500  loss: 0.6100  time 1.74s
  warnings.warn(
/home/karimimonsefi.1/SSL_VAN/BRATS21/trainer.py:74: UserWarning: Epoch 169/1200 336/500  loss: 0.6103  time 1.76s
  warnings.warn(
/home/karimimonsefi.1/SSL_VAN/BRATS21/trainer.py:74: UserWarning: Epoch 169/1200 337/500  loss: 0.6099  time 1.75s
  warnings.warn(
/home/karimimonsefi.1/SSL_VAN/BRATS21/trainer.py:74: UserWarning: Epoch 169/1200 338/500  loss: 0.6099  time 1.74s
  warnings.warn(
/home/karimimonsefi.1/SSL_VAN/BRATS21/trainer.py:74: UserWarning: Epoch 169/1200 339/500  loss: 0.6096  time 1.72s
  warnings.warn(
/home/karimimonsefi.1/SSL_VAN/BRATS21/trainer.py:74: UserWarning: Epoch 169/1200 340/500  loss: 0.6098  time 1.46s
  warnings.warn(
/home/karimimonsefi.1/SSL_VAN/BRATS21/trainer.py:74: UserWarning: Epoch 169/1200 341/500  loss: 0.6096  time 1.75s
  warnings.warn(
/home/karimimonsefi.1/SSL_VAN/BRATS21/trainer.py:74: UserWarning: Epoch 169/1200 342/500  loss: 0.6098  time 1.73s
  warnings.warn(
/home/karimimonsefi.1/SSL_VAN/BRATS21/trainer.py:74: UserWarning: Epoch 169/1200 343/500  loss: 0.6092  time 1.73s
  warnings.warn(
/home/karimimonsefi.1/SSL_VAN/BRATS21/trainer.py:74: UserWarning: Epoch 169/1200 344/500  loss: 0.6098  time 1.75s
  warnings.warn(
/home/karimimonsefi.1/SSL_VAN/BRATS21/trainer.py:74: UserWarning: Epoch 169/1200 345/500  loss: 0.6101  time 1.74s
  warnings.warn(
/home/karimimonsefi.1/SSL_VAN/BRATS21/trainer.py:74: UserWarning: Epoch 169/1200 346/500  loss: 0.6095  time 1.73s
  warnings.warn(
