/var/spool/slurmd/job71976/slurm_script: line 11: cd: SSL_VAN: No such file or directory

----------------------------------------------------------------------------
  cuda:
----------------------------------------------------------------------------
     Versions:
        cuda/10.2
        cuda/11.0
        cuda/11.2
        cuda/11.3
        cuda/11.4
        cuda/11.5
        cuda/11.6
        cuda/11.7
        cuda/11.8
        cuda/12.0

----------------------------------------------------------------------------
  For detailed information about a specific "cuda" package (including how to load the modules) use the module's full name.
  Note that names that have a trailing (E) are extensions provided by other modules.
  For example:

     $ module spider cuda/12.0
----------------------------------------------------------------------------

 


CommandNotFoundError: Your shell has not been properly configured to use 'conda activate'.
To initialize your shell, run

    $ conda init <SHELL_NAME>

Currently supported shells are:
  - bash
  - fish
  - tcsh
  - xonsh
  - zsh
  - powershell

See 'conda init --help' for more information and options.

IMPORTANT: You may need to close and restart your shell after running 'conda init'.


/home/karimimonsefi.1/miniconda3/lib/python3.9/site-packages/mmcv/__init__.py:20: UserWarning: On January 1, 2023, MMCV will release v2.0.0, in which it will remove components related to the training process and add a data transformation module. In addition, it will rename the package names mmcv to mmcv-lite and mmcv-full to mmcv. See https://github.com/open-mmlab/mmcv/blob/master/docs/en/compatibility.md for more details.
  warnings.warn(
/home/karimimonsefi.1/SSL_VAN/MSD/main.py:134: UserWarning: Found total gpus 2
  warnings.warn("Found total gpus {}".format(args.ngpus_per_node))
/home/karimimonsefi.1/miniconda3/lib/python3.9/site-packages/mmcv/__init__.py:20: UserWarning: On January 1, 2023, MMCV will release v2.0.0, in which it will remove components related to the training process and add a data transformation module. In addition, it will rename the package names mmcv to mmcv-lite and mmcv-full to mmcv. See https://github.com/open-mmlab/mmcv/blob/master/docs/en/compatibility.md for more details.
  warnings.warn(
/home/karimimonsefi.1/miniconda3/lib/python3.9/site-packages/mmcv/__init__.py:20: UserWarning: On January 1, 2023, MMCV will release v2.0.0, in which it will remove components related to the training process and add a data transformation module. In addition, it will rename the package names mmcv to mmcv-lite and mmcv-full to mmcv. See https://github.com/open-mmlab/mmcv/blob/master/docs/en/compatibility.md for more details.
  warnings.warn(
/home/karimimonsefi.1/SSL_VAN/MSD/main.py:154: UserWarning: 0 gpu 0
  warnings.warn(f"{args.rank} gpu {args.gpu}")
/home/karimimonsefi.1/SSL_VAN/MSD/main.py:156: UserWarning: Batch size is: 1 epochs 2500 and task is Task06_Lung
  warnings.warn(f"Batch size is: {args.batch_size} epochs {args.max_epochs} and task is {args.task}")
/home/karimimonsefi.1/SSL_VAN/MSD/main.py:154: UserWarning: 1 gpu 1
  warnings.warn(f"{args.rank} gpu {args.gpu}")
/home/karimimonsefi.1/miniconda3/lib/python3.9/site-packages/monai/transforms/post/array.py:176: UserWarning: `to_onehot=True/False` is deprecated, please use `to_onehot=num_classes` instead.
  warnings.warn("`to_onehot=True/False` is deprecated, please use `to_onehot=num_classes` instead.")
/home/karimimonsefi.1/miniconda3/lib/python3.9/site-packages/monai/transforms/post/array.py:176: UserWarning: `to_onehot=True/False` is deprecated, please use `to_onehot=num_classes` instead.
  warnings.warn("`to_onehot=True/False` is deprecated, please use `to_onehot=num_classes` instead.")
/home/karimimonsefi.1/SSL_VAN/MSD/main.py:198: UserWarning: Total parameters count 74127530
  warnings.warn(f"Total parameters count {pytorch_total_params}")
/home/karimimonsefi.1/SSL_VAN/MSD/main.py:201: UserWarning: Total args.checkpoint True
  warnings.warn(f"Total args.checkpoint {args.checkpoint}")
/home/karimimonsefi.1/SSL_VAN/MSD/main.py:198: UserWarning: Total parameters count 74127530
  warnings.warn(f"Total parameters count {pytorch_total_params}")
/home/karimimonsefi.1/SSL_VAN/MSD/main.py:201: UserWarning: Total args.checkpoint True
  warnings.warn(f"Total args.checkpoint {args.checkpoint}")
/home/karimimonsefi.1/SSL_VAN/commons/util.py:6: UserWarning:  base_url is 64-128-256-512_3-4-6-3_8-8-4-4_vae_inferer_valid_loader_DiNTS_Search_Task06_Lung
  warnings.warn(f" base_url is {base_url}")
/home/karimimonsefi.1/SSL_VAN/commons/util.py:8: UserWarning:  output_url 1 is ./runs/MSD_new/test_log/output_False_False
  warnings.warn(f" output_url 1 is {output_url}")
/home/karimimonsefi.1/SSL_VAN/commons/util.py:6: UserWarning:  base_url is 64-128-256-512_3-4-6-3_8-8-4-4_vae_inferer_valid_loader_DiNTS_Search_Task06_Lung
  warnings.warn(f" base_url is {base_url}")
/home/karimimonsefi.1/SSL_VAN/commons/util.py:8: UserWarning:  output_url 1 is ./runs/MSD_new/test_log/output_False_False
  warnings.warn(f" output_url 1 is {output_url}")
/home/karimimonsefi.1/SSL_VAN/commons/util.py:9: UserWarning:  exists 1 is True
  warnings.warn(f" exists 1 is {os.path.exists(output_url)}")
/home/karimimonsefi.1/SSL_VAN/commons/util.py:9: UserWarning:  exists 1 is True
  warnings.warn(f" exists 1 is {os.path.exists(output_url)}")
/home/karimimonsefi.1/SSL_VAN/commons/util.py:13: UserWarning:  output_url 2 is ./runs/MSD_new/test_log/output_False_False/64-128-256-512_3-4-6-3_8-8-4-4_vae_inferer_valid_loader_DiNTS_Search_Task06_Lung
  warnings.warn(f" output_url 2 is {output_url}")
/home/karimimonsefi.1/SSL_VAN/commons/util.py:13: UserWarning:  output_url 2 is ./runs/MSD_new/test_log/output_False_False/64-128-256-512_3-4-6-3_8-8-4-4_vae_inferer_valid_loader_DiNTS_Search_Task06_Lung
  warnings.warn(f" output_url 2 is {output_url}")
/home/karimimonsefi.1/SSL_VAN/commons/util.py:14: UserWarning:  exists 2 is True
  warnings.warn(f" exists 2 is {os.path.exists(output_url)}")
/home/karimimonsefi.1/SSL_VAN/commons/util.py:14: UserWarning:  exists 2 is True
  warnings.warn(f" exists 2 is {os.path.exists(output_url)}")
/home/karimimonsefi.1/SSL_VAN/commons/util.py:20: UserWarning:  Best url model is 64-128-256-512_3-4-6-3_8-8-4-4_vae_inferer_valid_loader_DiNTS_Search_Task06_Lung__best.pt, final model url is 64-128-256-512_3-4-6-3_8-8-4-4_vae_inferer_valid_loader_DiNTS_Search_Task06_Lung__final.pt
  warnings.warn(f" Best url model is {args.best_model_url}, final model url is {args.final_model_url}")
/home/karimimonsefi.1/SSL_VAN/commons/util.py:20: UserWarning:  Best url model is 64-128-256-512_3-4-6-3_8-8-4-4_vae_inferer_valid_loader_DiNTS_Search_Task06_Lung__best.pt, final model url is 64-128-256-512_3-4-6-3_8-8-4-4_vae_inferer_valid_loader_DiNTS_Search_Task06_Lung__final.pt
  warnings.warn(f" Best url model is {args.best_model_url}, final model url is {args.final_model_url}")
/home/karimimonsefi.1/SSL_VAN/MSD/main.py:215: UserWarning: => loaded checkpoint 'True' (epoch 699) (bestacc 0.7499850988388062)
  warnings.warn("=> loaded checkpoint '{}' (epoch {}) (bestacc {})".format(
/home/karimimonsefi.1/SSL_VAN/MSD/main.py:215: UserWarning: => loaded checkpoint 'True' (epoch 699) (bestacc 0.7499850988388062)
  warnings.warn("=> loaded checkpoint '{}' (epoch {}) (bestacc {})".format(
/home/karimimonsefi.1/SSL_VAN/MSD/trainer.py:139: UserWarning: Writing Tensorboard logs to ./runs/MSD_new/test_log
  warnings.warn(f"Writing Tensorboard logs to {args.logdir}")
/home/karimimonsefi.1/SSL_VAN/MSD/trainer.py:147: UserWarning: 0  Tue Aug  1 08:07:25 2023  Epoch: 699
  warnings.warn(f"{args.rank}  {time.ctime()}  Epoch: {epoch}")
/home/karimimonsefi.1/SSL_VAN/MSD/trainer.py:147: UserWarning: 1  Tue Aug  1 08:07:25 2023  Epoch: 699
  warnings.warn(f"{args.rank}  {time.ctime()}  Epoch: {epoch}")
/home/karimimonsefi.1/SSL_VAN/MSD/trainer.py:29: UserWarning: input size torch.Size([6, 1, 96, 96, 96])
  warnings.warn("input size {}".format(data.shape))
/home/karimimonsefi.1/SSL_VAN/MSD/trainer.py:29: UserWarning: input size torch.Size([6, 1, 96, 96, 96])
  warnings.warn("input size {}".format(data.shape))
[W reducer.cpp:1298] Warning: find_unused_parameters=True was specified in DDP constructor, but did not find any unused parameters in the forward pass. This flag results in an extra traversal of the autograd graph every iteration,  which can adversely affect performance. If your model indeed never has any unused parameters in the forward pass, consider turning this flag off. Note that this warning may be a false positive if your model has flow control causing later iterations to have unused parameters. (function operator())
[W reducer.cpp:1298] Warning: find_unused_parameters=True was specified in DDP constructor, but did not find any unused parameters in the forward pass. This flag results in an extra traversal of the autograd graph every iteration,  which can adversely affect performance. If your model indeed never has any unused parameters in the forward pass, consider turning this flag off. Note that this warning may be a false positive if your model has flow control causing later iterations to have unused parameters. (function operator())
/home/karimimonsefi.1/SSL_VAN/MSD/trainer.py:51: UserWarning: Epoch 699/2500 0/25  loss: 0.9028  time 29.58s
  warnings.warn(
/home/karimimonsefi.1/SSL_VAN/MSD/trainer.py:51: UserWarning: Epoch 699/2500 1/25  loss: 0.9053  time 1.30s
  warnings.warn(
/home/karimimonsefi.1/SSL_VAN/MSD/trainer.py:51: UserWarning: Epoch 699/2500 2/25  loss: 0.9037  time 1.30s
  warnings.warn(
/home/karimimonsefi.1/SSL_VAN/MSD/trainer.py:51: UserWarning: Epoch 699/2500 3/25  loss: 0.9051  time 1.30s
  warnings.warn(
/home/karimimonsefi.1/SSL_VAN/MSD/trainer.py:51: UserWarning: Epoch 699/2500 4/25  loss: 0.9070  time 1.29s
  warnings.warn(
/home/karimimonsefi.1/SSL_VAN/MSD/trainer.py:51: UserWarning: Epoch 699/2500 5/25  loss: 0.9071  time 1.30s
  warnings.warn(
/home/karimimonsefi.1/SSL_VAN/MSD/trainer.py:51: UserWarning: Epoch 699/2500 6/25  loss: 0.9048  time 1.39s
  warnings.warn(
/home/karimimonsefi.1/SSL_VAN/MSD/trainer.py:51: UserWarning: Epoch 699/2500 7/25  loss: 0.9033  time 1.31s
  warnings.warn(
/home/karimimonsefi.1/SSL_VAN/MSD/trainer.py:51: UserWarning: Epoch 699/2500 8/25  loss: 0.9027  time 1.31s
  warnings.warn(
/home/karimimonsefi.1/SSL_VAN/MSD/trainer.py:51: UserWarning: Epoch 699/2500 9/25  loss: 0.9013  time 1.41s
  warnings.warn(
/home/karimimonsefi.1/SSL_VAN/MSD/trainer.py:51: UserWarning: Epoch 699/2500 10/25  loss: 0.9010  time 1.31s
  warnings.warn(
/home/karimimonsefi.1/SSL_VAN/MSD/trainer.py:51: UserWarning: Epoch 699/2500 11/25  loss: 0.9018  time 1.30s
  warnings.warn(
/home/karimimonsefi.1/SSL_VAN/MSD/trainer.py:51: UserWarning: Epoch 699/2500 12/25  loss: 0.9020  time 1.30s
  warnings.warn(
/home/karimimonsefi.1/SSL_VAN/MSD/trainer.py:51: UserWarning: Epoch 699/2500 13/25  loss: 0.9020  time 1.30s
  warnings.warn(
/home/karimimonsefi.1/SSL_VAN/MSD/trainer.py:51: UserWarning: Epoch 699/2500 14/25  loss: 0.9019  time 1.30s
  warnings.warn(
/home/karimimonsefi.1/SSL_VAN/MSD/trainer.py:51: UserWarning: Epoch 699/2500 15/25  loss: 0.9021  time 1.30s
  warnings.warn(
/home/karimimonsefi.1/SSL_VAN/MSD/trainer.py:51: UserWarning: Epoch 699/2500 16/25  loss: 0.9018  time 1.30s
  warnings.warn(
/home/karimimonsefi.1/SSL_VAN/MSD/trainer.py:51: UserWarning: Epoch 699/2500 17/25  loss: 0.9011  time 1.30s
  warnings.warn(
/home/karimimonsefi.1/SSL_VAN/MSD/trainer.py:51: UserWarning: Epoch 699/2500 18/25  loss: 0.9023  time 1.31s
  warnings.warn(
/home/karimimonsefi.1/SSL_VAN/MSD/trainer.py:51: UserWarning: Epoch 699/2500 19/25  loss: 0.9037  time 1.31s
  warnings.warn(
/home/karimimonsefi.1/SSL_VAN/MSD/trainer.py:51: UserWarning: Epoch 699/2500 20/25  loss: 0.9046  time 1.30s
  warnings.warn(
/home/karimimonsefi.1/SSL_VAN/MSD/trainer.py:51: UserWarning: Epoch 699/2500 21/25  loss: 0.9047  time 1.30s
  warnings.warn(
/home/karimimonsefi.1/SSL_VAN/MSD/trainer.py:51: UserWarning: Epoch 699/2500 22/25  loss: 0.9040  time 1.31s
  warnings.warn(
/home/karimimonsefi.1/SSL_VAN/MSD/trainer.py:51: UserWarning: Epoch 699/2500 23/25  loss: 0.9041  time 1.30s
  warnings.warn(
/home/karimimonsefi.1/SSL_VAN/MSD/trainer.py:51: UserWarning: Epoch 699/2500 24/25  loss: 0.9044  time 1.30s
  warnings.warn(
/home/karimimonsefi.1/SSL_VAN/MSD/trainer.py:153: UserWarning: Final training  699/2499  loss: 0.9044  time 61.06s
  warnings.warn("Final training  {}/{}  loss: {:.4f}  time {:.2f}s".format(epoch, args.max_epochs - 1,
/home/karimimonsefi.1/SSL_VAN/MSD/trainer.py:100: UserWarning: Val 699/2500 0/7  acc [ 0.890]  time 27.03s
  warnings.warn("Val {}/{} {}/{}  acc {}  time {:.2f}s".format(epoch, args.max_epochs, idx, len(loader),
/home/karimimonsefi.1/SSL_VAN/MSD/trainer.py:102: UserWarning: Val 699/2500 0/7  acc 0.8895190954208374  time 27.03s
  warnings.warn("Val {}/{} {}/{}  acc {}  time {:.2f}s".format(epoch, args.max_epochs, idx, len(loader),
/home/karimimonsefi.1/SSL_VAN/MSD/trainer.py:100: UserWarning: Val 699/2500 1/7  acc [ 0.788]  time 19.84s
  warnings.warn("Val {}/{} {}/{}  acc {}  time {:.2f}s".format(epoch, args.max_epochs, idx, len(loader),
/home/karimimonsefi.1/SSL_VAN/MSD/trainer.py:102: UserWarning: Val 699/2500 1/7  acc 0.7877442836761475  time 19.84s
  warnings.warn("Val {}/{} {}/{}  acc {}  time {:.2f}s".format(epoch, args.max_epochs, idx, len(loader),
/home/karimimonsefi.1/SSL_VAN/MSD/trainer.py:100: UserWarning: Val 699/2500 2/7  acc [ 0.731]  time 17.29s
  warnings.warn("Val {}/{} {}/{}  acc {}  time {:.2f}s".format(epoch, args.max_epochs, idx, len(loader),
/home/karimimonsefi.1/SSL_VAN/MSD/trainer.py:102: UserWarning: Val 699/2500 2/7  acc 0.730786144733429  time 17.29s
  warnings.warn("Val {}/{} {}/{}  acc {}  time {:.2f}s".format(epoch, args.max_epochs, idx, len(loader),
/home/karimimonsefi.1/SSL_VAN/MSD/trainer.py:100: UserWarning: Val 699/2500 3/7  acc [ 0.715]  time 20.55s
  warnings.warn("Val {}/{} {}/{}  acc {}  time {:.2f}s".format(epoch, args.max_epochs, idx, len(loader),
/home/karimimonsefi.1/SSL_VAN/MSD/trainer.py:102: UserWarning: Val 699/2500 3/7  acc 0.7150026559829712  time 20.56s
  warnings.warn("Val {}/{} {}/{}  acc {}  time {:.2f}s".format(epoch, args.max_epochs, idx, len(loader),
/home/karimimonsefi.1/SSL_VAN/MSD/trainer.py:100: UserWarning: Val 699/2500 4/7  acc [ 0.706]  time 15.42s
  warnings.warn("Val {}/{} {}/{}  acc {}  time {:.2f}s".format(epoch, args.max_epochs, idx, len(loader),
/home/karimimonsefi.1/SSL_VAN/MSD/trainer.py:102: UserWarning: Val 699/2500 4/7  acc 0.7055514454841614  time 15.42s
  warnings.warn("Val {}/{} {}/{}  acc {}  time {:.2f}s".format(epoch, args.max_epochs, idx, len(loader),
/home/karimimonsefi.1/SSL_VAN/MSD/trainer.py:100: UserWarning: Val 699/2500 5/7  acc [ 0.709]  time 17.20s
  warnings.warn("Val {}/{} {}/{}  acc {}  time {:.2f}s".format(epoch, args.max_epochs, idx, len(loader),
/home/karimimonsefi.1/SSL_VAN/MSD/trainer.py:102: UserWarning: Val 699/2500 5/7  acc 0.7094693779945374  time 17.21s
  warnings.warn("Val {}/{} {}/{}  acc {}  time {:.2f}s".format(epoch, args.max_epochs, idx, len(loader),
/home/karimimonsefi.1/SSL_VAN/MSD/trainer.py:100: UserWarning: Val 699/2500 6/7  acc [ 0.721]  time 19.65s
  warnings.warn("Val {}/{} {}/{}  acc {}  time {:.2f}s".format(epoch, args.max_epochs, idx, len(loader),
/home/karimimonsefi.1/SSL_VAN/MSD/trainer.py:102: UserWarning: Val 699/2500 6/7  acc 0.7214823365211487  time 19.65s
  warnings.warn("Val {}/{} {}/{}  acc {}  time {:.2f}s".format(epoch, args.max_epochs, idx, len(loader),
/home/karimimonsefi.1/SSL_VAN/MSD/trainer.py:177: UserWarning: Final validation  699/2499  acc: 0.7215  time 137.11s
  warnings.warn("Final validation  {}/{}  acc: {:.4f}  time {:.2f}s".format(epoch, args.max_epochs - 1,
/home/karimimonsefi.1/SSL_VAN/MSD/trainer.py:117: UserWarning: Saving checkpoint ./runs/MSD_new/test_log/64-128-256-512_3-4-6-3_8-8-4-4_vae_inferer_valid_loader_DiNTS_Search_Task06_Lung__final.pt
  warnings.warn(f"Saving checkpoint {filename}")
/home/karimimonsefi.1/SSL_VAN/MSD/trainer.py:147: UserWarning: 0  Tue Aug  1 08:10:48 2023  Epoch: 700
  warnings.warn(f"{args.rank}  {time.ctime()}  Epoch: {epoch}")
/home/karimimonsefi.1/SSL_VAN/MSD/trainer.py:147: UserWarning: 1  Tue Aug  1 08:10:48 2023  Epoch: 700
  warnings.warn(f"{args.rank}  {time.ctime()}  Epoch: {epoch}")
/home/karimimonsefi.1/SSL_VAN/MSD/trainer.py:51: UserWarning: Epoch 700/2500 0/25  loss: 0.8991  time 11.46s
  warnings.warn(
/home/karimimonsefi.1/SSL_VAN/MSD/trainer.py:51: UserWarning: Epoch 700/2500 1/25  loss: 0.9043  time 1.32s
  warnings.warn(
/home/karimimonsefi.1/SSL_VAN/MSD/trainer.py:51: UserWarning: Epoch 700/2500 2/25  loss: 0.9033  time 1.32s
  warnings.warn(
/home/karimimonsefi.1/SSL_VAN/MSD/trainer.py:51: UserWarning: Epoch 700/2500 3/25  loss: 0.9051  time 1.33s
  warnings.warn(
/home/karimimonsefi.1/SSL_VAN/MSD/trainer.py:51: UserWarning: Epoch 700/2500 4/25  loss: 0.9107  time 1.33s
  warnings.warn(
/home/karimimonsefi.1/SSL_VAN/MSD/trainer.py:51: UserWarning: Epoch 700/2500 5/25  loss: 0.9111  time 1.32s
  warnings.warn(
/home/karimimonsefi.1/SSL_VAN/MSD/trainer.py:51: UserWarning: Epoch 700/2500 6/25  loss: 0.9106  time 1.32s
  warnings.warn(
/home/karimimonsefi.1/SSL_VAN/MSD/trainer.py:51: UserWarning: Epoch 700/2500 7/25  loss: 0.9100  time 1.33s
  warnings.warn(
/home/karimimonsefi.1/SSL_VAN/MSD/trainer.py:51: UserWarning: Epoch 700/2500 8/25  loss: 0.9101  time 1.32s
  warnings.warn(
/home/karimimonsefi.1/SSL_VAN/MSD/trainer.py:51: UserWarning: Epoch 700/2500 9/25  loss: 0.9096  time 8.37s
  warnings.warn(
/home/karimimonsefi.1/SSL_VAN/MSD/trainer.py:51: UserWarning: Epoch 700/2500 10/25  loss: 0.9151  time 1.31s
  warnings.warn(
/home/karimimonsefi.1/SSL_VAN/MSD/trainer.py:51: UserWarning: Epoch 700/2500 11/25  loss: 0.9142  time 1.31s
  warnings.warn(
/home/karimimonsefi.1/SSL_VAN/MSD/trainer.py:51: UserWarning: Epoch 700/2500 12/25  loss: 0.9147  time 1.31s
  warnings.warn(
/home/karimimonsefi.1/SSL_VAN/MSD/trainer.py:51: UserWarning: Epoch 700/2500 13/25  loss: 0.9139  time 1.32s
  warnings.warn(
/home/karimimonsefi.1/SSL_VAN/MSD/trainer.py:51: UserWarning: Epoch 700/2500 14/25  loss: 0.9141  time 1.32s
  warnings.warn(
/home/karimimonsefi.1/SSL_VAN/MSD/trainer.py:51: UserWarning: Epoch 700/2500 15/25  loss: 0.9139  time 1.31s
  warnings.warn(
/home/karimimonsefi.1/SSL_VAN/MSD/trainer.py:51: UserWarning: Epoch 700/2500 16/25  loss: 0.9126  time 1.31s
  warnings.warn(
/home/karimimonsefi.1/SSL_VAN/MSD/trainer.py:51: UserWarning: Epoch 700/2500 17/25  loss: 0.9121  time 4.57s
  warnings.warn(
/home/karimimonsefi.1/SSL_VAN/MSD/trainer.py:51: UserWarning: Epoch 700/2500 18/25  loss: 0.9114  time 1.32s
  warnings.warn(
/home/karimimonsefi.1/SSL_VAN/MSD/trainer.py:51: UserWarning: Epoch 700/2500 19/25  loss: 0.9111  time 1.31s
  warnings.warn(
/home/karimimonsefi.1/SSL_VAN/MSD/trainer.py:51: UserWarning: Epoch 700/2500 20/25  loss: 0.9107  time 1.31s
  warnings.warn(
/home/karimimonsefi.1/SSL_VAN/MSD/trainer.py:51: UserWarning: Epoch 700/2500 21/25  loss: 0.9104  time 1.31s
  warnings.warn(
/home/karimimonsefi.1/SSL_VAN/MSD/trainer.py:51: UserWarning: Epoch 700/2500 22/25  loss: 0.9102  time 1.31s
  warnings.warn(
/home/karimimonsefi.1/SSL_VAN/MSD/trainer.py:51: UserWarning: Epoch 700/2500 23/25  loss: 0.9099  time 1.31s
  warnings.warn(
/home/karimimonsefi.1/SSL_VAN/MSD/trainer.py:51: UserWarning: Epoch 700/2500 24/25  loss: 0.9097  time 1.31s
  warnings.warn(
/home/karimimonsefi.1/SSL_VAN/MSD/trainer.py:153: UserWarning: Final training  700/2499  loss: 0.9097  time 53.42s
  warnings.warn("Final training  {}/{}  loss: {:.4f}  time {:.2f}s".format(epoch, args.max_epochs - 1,
/home/karimimonsefi.1/SSL_VAN/MSD/trainer.py:147: UserWarning: 0  Tue Aug  1 08:11:41 2023  Epoch: 701
  warnings.warn(f"{args.rank}  {time.ctime()}  Epoch: {epoch}")
/home/karimimonsefi.1/SSL_VAN/MSD/trainer.py:147: UserWarning: 1  Tue Aug  1 08:11:41 2023  Epoch: 701
  warnings.warn(f"{args.rank}  {time.ctime()}  Epoch: {epoch}")
/home/karimimonsefi.1/SSL_VAN/MSD/trainer.py:51: UserWarning: Epoch 701/2500 0/25  loss: 0.9147  time 9.51s
  warnings.warn(
/home/karimimonsefi.1/SSL_VAN/MSD/trainer.py:51: UserWarning: Epoch 701/2500 1/25  loss: 0.9143  time 7.66s
  warnings.warn(
/home/karimimonsefi.1/SSL_VAN/MSD/trainer.py:51: UserWarning: Epoch 701/2500 2/25  loss: 0.9083  time 1.31s
  warnings.warn(
/home/karimimonsefi.1/SSL_VAN/MSD/trainer.py:51: UserWarning: Epoch 701/2500 3/25  loss: 0.9047  time 1.31s
  warnings.warn(
/home/karimimonsefi.1/SSL_VAN/MSD/trainer.py:51: UserWarning: Epoch 701/2500 4/25  loss: 0.9039  time 1.31s
  warnings.warn(
/home/karimimonsefi.1/SSL_VAN/MSD/trainer.py:51: UserWarning: Epoch 701/2500 5/25  loss: 0.9025  time 1.31s
  warnings.warn(
/home/karimimonsefi.1/SSL_VAN/MSD/trainer.py:51: UserWarning: Epoch 701/2500 6/25  loss: 0.9004  time 1.32s
  warnings.warn(
/home/karimimonsefi.1/SSL_VAN/MSD/trainer.py:51: UserWarning: Epoch 701/2500 7/25  loss: 0.9006  time 1.36s
  warnings.warn(
/home/karimimonsefi.1/SSL_VAN/MSD/trainer.py:51: UserWarning: Epoch 701/2500 8/25  loss: 0.9020  time 1.32s
  warnings.warn(
/home/karimimonsefi.1/SSL_VAN/MSD/trainer.py:51: UserWarning: Epoch 701/2500 9/25  loss: 0.9018  time 1.31s
  warnings.warn(
/home/karimimonsefi.1/SSL_VAN/MSD/trainer.py:51: UserWarning: Epoch 701/2500 10/25  loss: 0.9024  time 1.32s
  warnings.warn(
/home/karimimonsefi.1/SSL_VAN/MSD/trainer.py:51: UserWarning: Epoch 701/2500 11/25  loss: 0.9020  time 1.34s
  warnings.warn(
/home/karimimonsefi.1/SSL_VAN/MSD/trainer.py:51: UserWarning: Epoch 701/2500 12/25  loss: 0.9033  time 1.32s
  warnings.warn(
/home/karimimonsefi.1/SSL_VAN/MSD/trainer.py:51: UserWarning: Epoch 701/2500 13/25  loss: 0.9037  time 1.31s
  warnings.warn(
/home/karimimonsefi.1/SSL_VAN/MSD/trainer.py:51: UserWarning: Epoch 701/2500 14/25  loss: 0.9026  time 1.31s
  warnings.warn(
/home/karimimonsefi.1/SSL_VAN/MSD/trainer.py:51: UserWarning: Epoch 701/2500 15/25  loss: 0.9027  time 1.31s
  warnings.warn(
/home/karimimonsefi.1/SSL_VAN/MSD/trainer.py:51: UserWarning: Epoch 701/2500 16/25  loss: 0.9026  time 1.31s
  warnings.warn(
/home/karimimonsefi.1/SSL_VAN/MSD/trainer.py:51: UserWarning: Epoch 701/2500 17/25  loss: 0.9024  time 1.31s
  warnings.warn(
/home/karimimonsefi.1/SSL_VAN/MSD/trainer.py:51: UserWarning: Epoch 701/2500 18/25  loss: 0.9030  time 1.31s
  warnings.warn(
/home/karimimonsefi.1/SSL_VAN/MSD/trainer.py:51: UserWarning: Epoch 701/2500 19/25  loss: 0.9035  time 1.31s
  warnings.warn(
/home/karimimonsefi.1/SSL_VAN/MSD/trainer.py:51: UserWarning: Epoch 701/2500 20/25  loss: 0.9038  time 1.32s
  warnings.warn(
/home/karimimonsefi.1/SSL_VAN/MSD/trainer.py:51: UserWarning: Epoch 701/2500 21/25  loss: 0.9042  time 1.31s
  warnings.warn(
/home/karimimonsefi.1/SSL_VAN/MSD/trainer.py:51: UserWarning: Epoch 701/2500 22/25  loss: 0.9048  time 1.31s
  warnings.warn(
/home/karimimonsefi.1/SSL_VAN/MSD/trainer.py:51: UserWarning: Epoch 701/2500 23/25  loss: 0.9051  time 1.32s
  warnings.warn(
/home/karimimonsefi.1/SSL_VAN/MSD/trainer.py:51: UserWarning: Epoch 701/2500 24/25  loss: 0.9051  time 1.32s
  warnings.warn(
/home/karimimonsefi.1/SSL_VAN/MSD/trainer.py:153: UserWarning: Final training  701/2499  loss: 0.9051  time 47.49s
  warnings.warn("Final training  {}/{}  loss: {:.4f}  time {:.2f}s".format(epoch, args.max_epochs - 1,
/home/karimimonsefi.1/SSL_VAN/MSD/trainer.py:147: UserWarning: 0  Tue Aug  1 08:12:29 2023  Epoch: 702
  warnings.warn(f"{args.rank}  {time.ctime()}  Epoch: {epoch}")
/home/karimimonsefi.1/SSL_VAN/MSD/trainer.py:147: UserWarning: 1  Tue Aug  1 08:12:29 2023  Epoch: 702
  warnings.warn(f"{args.rank}  {time.ctime()}  Epoch: {epoch}")
/home/karimimonsefi.1/SSL_VAN/MSD/trainer.py:51: UserWarning: Epoch 702/2500 0/25  loss: 0.8977  time 13.85s
  warnings.warn(
/home/karimimonsefi.1/SSL_VAN/MSD/trainer.py:51: UserWarning: Epoch 702/2500 1/25  loss: 0.8970  time 1.33s
  warnings.warn(
/home/karimimonsefi.1/SSL_VAN/MSD/trainer.py:51: UserWarning: Epoch 702/2500 2/25  loss: 0.9001  time 1.31s
  warnings.warn(
/home/karimimonsefi.1/SSL_VAN/MSD/trainer.py:51: UserWarning: Epoch 702/2500 3/25  loss: 0.9001  time 1.31s
  warnings.warn(
/home/karimimonsefi.1/SSL_VAN/MSD/trainer.py:51: UserWarning: Epoch 702/2500 4/25  loss: 0.9048  time 1.32s
  warnings.warn(
/home/karimimonsefi.1/SSL_VAN/MSD/trainer.py:51: UserWarning: Epoch 702/2500 5/25  loss: 0.9077  time 1.32s
  warnings.warn(
/home/karimimonsefi.1/SSL_VAN/MSD/trainer.py:51: UserWarning: Epoch 702/2500 6/25  loss: 0.9072  time 1.33s
  warnings.warn(
/home/karimimonsefi.1/SSL_VAN/MSD/trainer.py:51: UserWarning: Epoch 702/2500 7/25  loss: 0.9054  time 1.32s
  warnings.warn(
/home/karimimonsefi.1/SSL_VAN/MSD/trainer.py:51: UserWarning: Epoch 702/2500 8/25  loss: 0.9046  time 1.32s
  warnings.warn(
/home/karimimonsefi.1/SSL_VAN/MSD/trainer.py:51: UserWarning: Epoch 702/2500 9/25  loss: 0.9057  time 1.33s
  warnings.warn(
/home/karimimonsefi.1/SSL_VAN/MSD/trainer.py:51: UserWarning: Epoch 702/2500 10/25  loss: 0.9042  time 1.32s
  warnings.warn(
/home/karimimonsefi.1/SSL_VAN/MSD/trainer.py:51: UserWarning: Epoch 702/2500 11/25  loss: 0.9036  time 1.37s
  warnings.warn(
/home/karimimonsefi.1/SSL_VAN/MSD/trainer.py:51: UserWarning: Epoch 702/2500 12/25  loss: 0.9024  time 1.32s
  warnings.warn(
/home/karimimonsefi.1/SSL_VAN/MSD/trainer.py:51: UserWarning: Epoch 702/2500 13/25  loss: 0.9032  time 1.31s
  warnings.warn(
/home/karimimonsefi.1/SSL_VAN/MSD/trainer.py:51: UserWarning: Epoch 702/2500 14/25  loss: 0.9042  time 1.31s
  warnings.warn(
/home/karimimonsefi.1/SSL_VAN/MSD/trainer.py:51: UserWarning: Epoch 702/2500 15/25  loss: 0.9053  time 1.32s
  warnings.warn(
/home/karimimonsefi.1/SSL_VAN/MSD/trainer.py:51: UserWarning: Epoch 702/2500 16/25  loss: 0.9044  time 1.31s
  warnings.warn(
/home/karimimonsefi.1/SSL_VAN/MSD/trainer.py:51: UserWarning: Epoch 702/2500 17/25  loss: 0.9043  time 1.33s
  warnings.warn(
/home/karimimonsefi.1/SSL_VAN/MSD/trainer.py:51: UserWarning: Epoch 702/2500 18/25  loss: 0.9058  time 1.31s
  warnings.warn(
/home/karimimonsefi.1/SSL_VAN/MSD/trainer.py:51: UserWarning: Epoch 702/2500 19/25  loss: 0.9053  time 1.32s
  warnings.warn(
/home/karimimonsefi.1/SSL_VAN/MSD/trainer.py:51: UserWarning: Epoch 702/2500 20/25  loss: 0.9055  time 1.31s
  warnings.warn(
/home/karimimonsefi.1/SSL_VAN/MSD/trainer.py:51: UserWarning: Epoch 702/2500 21/25  loss: 0.9051  time 1.39s
  warnings.warn(
/home/karimimonsefi.1/SSL_VAN/MSD/trainer.py:51: UserWarning: Epoch 702/2500 22/25  loss: 0.9057  time 1.32s
  warnings.warn(
/home/karimimonsefi.1/SSL_VAN/MSD/trainer.py:51: UserWarning: Epoch 702/2500 23/25  loss: 0.9060  time 1.31s
  warnings.warn(
/home/karimimonsefi.1/SSL_VAN/MSD/trainer.py:51: UserWarning: Epoch 702/2500 24/25  loss: 0.9056  time 1.32s
  warnings.warn(
/home/karimimonsefi.1/SSL_VAN/MSD/trainer.py:153: UserWarning: Final training  702/2499  loss: 0.9056  time 45.64s
  warnings.warn("Final training  {}/{}  loss: {:.4f}  time {:.2f}s".format(epoch, args.max_epochs - 1,
/home/karimimonsefi.1/SSL_VAN/MSD/trainer.py:147: UserWarning: 0  Tue Aug  1 08:13:14 2023  Epoch: 703
  warnings.warn(f"{args.rank}  {time.ctime()}  Epoch: {epoch}")
/home/karimimonsefi.1/SSL_VAN/MSD/trainer.py:147: UserWarning: 1  Tue Aug  1 08:13:14 2023  Epoch: 703
  warnings.warn(f"{args.rank}  {time.ctime()}  Epoch: {epoch}")
/home/karimimonsefi.1/SSL_VAN/MSD/trainer.py:51: UserWarning: Epoch 703/2500 0/25  loss: 0.9102  time 12.16s
  warnings.warn(
/home/karimimonsefi.1/SSL_VAN/MSD/trainer.py:51: UserWarning: Epoch 703/2500 1/25  loss: 0.9072  time 1.31s
  warnings.warn(
/home/karimimonsefi.1/SSL_VAN/MSD/trainer.py:51: UserWarning: Epoch 703/2500 2/25  loss: 0.9084  time 5.67s
  warnings.warn(
/home/karimimonsefi.1/SSL_VAN/MSD/trainer.py:51: UserWarning: Epoch 703/2500 3/25  loss: 0.9055  time 1.31s
  warnings.warn(
/home/karimimonsefi.1/SSL_VAN/MSD/trainer.py:51: UserWarning: Epoch 703/2500 4/25  loss: 0.9037  time 1.31s
  warnings.warn(
/home/karimimonsefi.1/SSL_VAN/MSD/trainer.py:51: UserWarning: Epoch 703/2500 5/25  loss: 0.9046  time 1.31s
  warnings.warn(
/home/karimimonsefi.1/SSL_VAN/MSD/trainer.py:51: UserWarning: Epoch 703/2500 6/25  loss: 0.9053  time 1.32s
  warnings.warn(
/home/karimimonsefi.1/SSL_VAN/MSD/trainer.py:51: UserWarning: Epoch 703/2500 7/25  loss: 0.9059  time 1.32s
  warnings.warn(
/home/karimimonsefi.1/SSL_VAN/MSD/trainer.py:51: UserWarning: Epoch 703/2500 8/25  loss: 0.9060  time 1.32s
  warnings.warn(
/home/karimimonsefi.1/SSL_VAN/MSD/trainer.py:51: UserWarning: Epoch 703/2500 9/25  loss: 0.9063  time 1.31s
  warnings.warn(
/home/karimimonsefi.1/SSL_VAN/MSD/trainer.py:51: UserWarning: Epoch 703/2500 10/25  loss: 0.9061  time 1.33s
  warnings.warn(
/home/karimimonsefi.1/SSL_VAN/MSD/trainer.py:51: UserWarning: Epoch 703/2500 11/25  loss: 0.9046  time 1.31s
  warnings.warn(
/home/karimimonsefi.1/SSL_VAN/MSD/trainer.py:51: UserWarning: Epoch 703/2500 12/25  loss: 0.9044  time 1.31s
  warnings.warn(
/home/karimimonsefi.1/SSL_VAN/MSD/trainer.py:51: UserWarning: Epoch 703/2500 13/25  loss: 0.9042  time 1.31s
  warnings.warn(
/home/karimimonsefi.1/SSL_VAN/MSD/trainer.py:51: UserWarning: Epoch 703/2500 14/25  loss: 0.9037  time 1.31s
  warnings.warn(
/home/karimimonsefi.1/SSL_VAN/MSD/trainer.py:51: UserWarning: Epoch 703/2500 15/25  loss: 0.9041  time 1.31s
  warnings.warn(
/home/karimimonsefi.1/SSL_VAN/MSD/trainer.py:51: UserWarning: Epoch 703/2500 16/25  loss: 0.9045  time 1.31s
  warnings.warn(
/home/karimimonsefi.1/SSL_VAN/MSD/trainer.py:51: UserWarning: Epoch 703/2500 17/25  loss: 0.9045  time 1.31s
  warnings.warn(
/home/karimimonsefi.1/SSL_VAN/MSD/trainer.py:51: UserWarning: Epoch 703/2500 18/25  loss: 0.9046  time 1.31s
  warnings.warn(
/home/karimimonsefi.1/SSL_VAN/MSD/trainer.py:51: UserWarning: Epoch 703/2500 19/25  loss: 0.9047  time 1.31s
  warnings.warn(
/home/karimimonsefi.1/SSL_VAN/MSD/trainer.py:51: UserWarning: Epoch 703/2500 20/25  loss: 0.9058  time 1.32s
  warnings.warn(
/home/karimimonsefi.1/SSL_VAN/MSD/trainer.py:51: UserWarning: Epoch 703/2500 21/25  loss: 0.9057  time 1.31s
  warnings.warn(
/home/karimimonsefi.1/SSL_VAN/MSD/trainer.py:51: UserWarning: Epoch 703/2500 22/25  loss: 0.9054  time 1.31s
  warnings.warn(
/home/karimimonsefi.1/SSL_VAN/MSD/trainer.py:51: UserWarning: Epoch 703/2500 23/25  loss: 0.9053  time 1.31s
  warnings.warn(
/home/karimimonsefi.1/SSL_VAN/MSD/trainer.py:51: UserWarning: Epoch 703/2500 24/25  loss: 0.9057  time 1.32s
  warnings.warn(
/home/karimimonsefi.1/SSL_VAN/MSD/trainer.py:153: UserWarning: Final training  703/2499  loss: 0.9057  time 48.05s
  warnings.warn("Final training  {}/{}  loss: {:.4f}  time {:.2f}s".format(epoch, args.max_epochs - 1,
/home/karimimonsefi.1/SSL_VAN/MSD/trainer.py:147: UserWarning: 0  Tue Aug  1 08:14:03 2023  Epoch: 704
  warnings.warn(f"{args.rank}  {time.ctime()}  Epoch: {epoch}")
/home/karimimonsefi.1/SSL_VAN/MSD/trainer.py:147: UserWarning: 1  Tue Aug  1 08:14:03 2023  Epoch: 704
  warnings.warn(f"{args.rank}  {time.ctime()}  Epoch: {epoch}")
/home/karimimonsefi.1/SSL_VAN/MSD/trainer.py:51: UserWarning: Epoch 704/2500 0/25  loss: 0.9201  time 9.96s
  warnings.warn(
/home/karimimonsefi.1/SSL_VAN/MSD/trainer.py:51: UserWarning: Epoch 704/2500 1/25  loss: 0.9124  time 1.32s
  warnings.warn(
/home/karimimonsefi.1/SSL_VAN/MSD/trainer.py:51: UserWarning: Epoch 704/2500 2/25  loss: 0.9056  time 1.32s
  warnings.warn(
/home/karimimonsefi.1/SSL_VAN/MSD/trainer.py:51: UserWarning: Epoch 704/2500 3/25  loss: 0.9049  time 1.32s
  warnings.warn(
/home/karimimonsefi.1/SSL_VAN/MSD/trainer.py:51: UserWarning: Epoch 704/2500 4/25  loss: 0.9079  time 3.35s
  warnings.warn(
/home/karimimonsefi.1/SSL_VAN/MSD/trainer.py:51: UserWarning: Epoch 704/2500 5/25  loss: 0.9071  time 1.32s
  warnings.warn(
/home/karimimonsefi.1/SSL_VAN/MSD/trainer.py:51: UserWarning: Epoch 704/2500 6/25  loss: 0.9074  time 1.33s
  warnings.warn(
/home/karimimonsefi.1/SSL_VAN/MSD/trainer.py:51: UserWarning: Epoch 704/2500 7/25  loss: 0.9093  time 1.33s
  warnings.warn(
/home/karimimonsefi.1/SSL_VAN/MSD/trainer.py:51: UserWarning: Epoch 704/2500 8/25  loss: 0.9082  time 1.32s
  warnings.warn(
/home/karimimonsefi.1/SSL_VAN/MSD/trainer.py:51: UserWarning: Epoch 704/2500 9/25  loss: 0.9080  time 1.32s
  warnings.warn(
/home/karimimonsefi.1/SSL_VAN/MSD/trainer.py:51: UserWarning: Epoch 704/2500 10/25  loss: 0.9055  time 1.32s
  warnings.warn(
/home/karimimonsefi.1/SSL_VAN/MSD/trainer.py:51: UserWarning: Epoch 704/2500 11/25  loss: 0.9057  time 1.31s
  warnings.warn(
/home/karimimonsefi.1/SSL_VAN/MSD/trainer.py:51: UserWarning: Epoch 704/2500 12/25  loss: 0.9054  time 1.31s
  warnings.warn(
/home/karimimonsefi.1/SSL_VAN/MSD/trainer.py:51: UserWarning: Epoch 704/2500 13/25  loss: 0.9056  time 2.66s
  warnings.warn(
/home/karimimonsefi.1/SSL_VAN/MSD/trainer.py:51: UserWarning: Epoch 704/2500 14/25  loss: 0.9052  time 1.31s
  warnings.warn(
/home/karimimonsefi.1/SSL_VAN/MSD/trainer.py:51: UserWarning: Epoch 704/2500 15/25  loss: 0.9056  time 1.31s
  warnings.warn(
/home/karimimonsefi.1/SSL_VAN/MSD/trainer.py:51: UserWarning: Epoch 704/2500 16/25  loss: 0.9053  time 1.31s
  warnings.warn(
/home/karimimonsefi.1/SSL_VAN/MSD/trainer.py:51: UserWarning: Epoch 704/2500 17/25  loss: 0.9053  time 1.32s
  warnings.warn(
/home/karimimonsefi.1/SSL_VAN/MSD/trainer.py:51: UserWarning: Epoch 704/2500 18/25  loss: 0.9054  time 1.32s
  warnings.warn(
/home/karimimonsefi.1/SSL_VAN/MSD/trainer.py:51: UserWarning: Epoch 704/2500 19/25  loss: 0.9057  time 1.31s
  warnings.warn(
/home/karimimonsefi.1/SSL_VAN/MSD/trainer.py:51: UserWarning: Epoch 704/2500 20/25  loss: 0.9056  time 1.31s
  warnings.warn(
/home/karimimonsefi.1/SSL_VAN/MSD/trainer.py:51: UserWarning: Epoch 704/2500 21/25  loss: 0.9058  time 1.32s
  warnings.warn(
/home/karimimonsefi.1/SSL_VAN/MSD/trainer.py:51: UserWarning: Epoch 704/2500 22/25  loss: 0.9054  time 1.31s
  warnings.warn(
/home/karimimonsefi.1/SSL_VAN/MSD/trainer.py:51: UserWarning: Epoch 704/2500 23/25  loss: 0.9049  time 1.32s
  warnings.warn(
/home/karimimonsefi.1/SSL_VAN/MSD/trainer.py:51: UserWarning: Epoch 704/2500 24/25  loss: 0.9059  time 1.32s
  warnings.warn(
/home/karimimonsefi.1/SSL_VAN/MSD/trainer.py:153: UserWarning: Final training  704/2499  loss: 0.9059  time 44.98s
  warnings.warn("Final training  {}/{}  loss: {:.4f}  time {:.2f}s".format(epoch, args.max_epochs - 1,
/home/karimimonsefi.1/SSL_VAN/MSD/trainer.py:147: UserWarning: 0  Tue Aug  1 08:14:47 2023  Epoch: 705
  warnings.warn(f"{args.rank}  {time.ctime()}  Epoch: {epoch}")
/home/karimimonsefi.1/SSL_VAN/MSD/trainer.py:147: UserWarning: 1  Tue Aug  1 08:14:47 2023  Epoch: 705
  warnings.warn(f"{args.rank}  {time.ctime()}  Epoch: {epoch}")
/home/karimimonsefi.1/SSL_VAN/MSD/trainer.py:51: UserWarning: Epoch 705/2500 0/25  loss: 0.9080  time 11.26s
  warnings.warn(
/home/karimimonsefi.1/SSL_VAN/MSD/trainer.py:51: UserWarning: Epoch 705/2500 1/25  loss: 0.9110  time 7.96s
  warnings.warn(
/home/karimimonsefi.1/SSL_VAN/MSD/trainer.py:51: UserWarning: Epoch 705/2500 2/25  loss: 0.9089  time 1.32s
  warnings.warn(
/home/karimimonsefi.1/SSL_VAN/MSD/trainer.py:51: UserWarning: Epoch 705/2500 3/25  loss: 0.9072  time 1.31s
  warnings.warn(
/home/karimimonsefi.1/SSL_VAN/MSD/trainer.py:51: UserWarning: Epoch 705/2500 4/25  loss: 0.9047  time 1.31s
  warnings.warn(
/home/karimimonsefi.1/SSL_VAN/MSD/trainer.py:51: UserWarning: Epoch 705/2500 5/25  loss: 0.9067  time 1.32s
  warnings.warn(
/home/karimimonsefi.1/SSL_VAN/MSD/trainer.py:51: UserWarning: Epoch 705/2500 6/25  loss: 0.9059  time 1.31s
  warnings.warn(
/home/karimimonsefi.1/SSL_VAN/MSD/trainer.py:51: UserWarning: Epoch 705/2500 7/25  loss: 0.9059  time 1.32s
  warnings.warn(
/home/karimimonsefi.1/SSL_VAN/MSD/trainer.py:51: UserWarning: Epoch 705/2500 8/25  loss: 0.9070  time 1.31s
  warnings.warn(
/home/karimimonsefi.1/SSL_VAN/MSD/trainer.py:51: UserWarning: Epoch 705/2500 9/25  loss: 0.9100  time 1.33s
  warnings.warn(
/home/karimimonsefi.1/SSL_VAN/MSD/trainer.py:51: UserWarning: Epoch 705/2500 10/25  loss: 0.9104  time 1.32s
  warnings.warn(
/home/karimimonsefi.1/SSL_VAN/MSD/trainer.py:51: UserWarning: Epoch 705/2500 11/25  loss: 0.9114  time 1.31s
  warnings.warn(
/home/karimimonsefi.1/SSL_VAN/MSD/trainer.py:51: UserWarning: Epoch 705/2500 12/25  loss: 0.9099  time 1.31s
  warnings.warn(
/home/karimimonsefi.1/SSL_VAN/MSD/trainer.py:51: UserWarning: Epoch 705/2500 13/25  loss: 0.9092  time 1.31s
  warnings.warn(
/home/karimimonsefi.1/SSL_VAN/MSD/trainer.py:51: UserWarning: Epoch 705/2500 14/25  loss: 0.9086  time 1.31s
  warnings.warn(
/home/karimimonsefi.1/SSL_VAN/MSD/trainer.py:51: UserWarning: Epoch 705/2500 15/25  loss: 0.9083  time 1.31s
  warnings.warn(
/home/karimimonsefi.1/SSL_VAN/MSD/trainer.py:51: UserWarning: Epoch 705/2500 16/25  loss: 0.9100  time 1.31s
  warnings.warn(
/home/karimimonsefi.1/SSL_VAN/MSD/trainer.py:51: UserWarning: Epoch 705/2500 17/25  loss: 0.9096  time 1.32s
  warnings.warn(
/home/karimimonsefi.1/SSL_VAN/MSD/trainer.py:51: UserWarning: Epoch 705/2500 18/25  loss: 0.9096  time 1.32s
  warnings.warn(
/home/karimimonsefi.1/SSL_VAN/MSD/trainer.py:51: UserWarning: Epoch 705/2500 19/25  loss: 0.9091  time 1.31s
  warnings.warn(
/home/karimimonsefi.1/SSL_VAN/MSD/trainer.py:51: UserWarning: Epoch 705/2500 20/25  loss: 0.9094  time 1.31s
  warnings.warn(
/home/karimimonsefi.1/SSL_VAN/MSD/trainer.py:51: UserWarning: Epoch 705/2500 21/25  loss: 0.9089  time 1.31s
  warnings.warn(
/home/karimimonsefi.1/SSL_VAN/MSD/trainer.py:51: UserWarning: Epoch 705/2500 22/25  loss: 0.9089  time 1.31s
  warnings.warn(
/home/karimimonsefi.1/SSL_VAN/MSD/trainer.py:51: UserWarning: Epoch 705/2500 23/25  loss: 0.9089  time 1.31s
  warnings.warn(
/home/karimimonsefi.1/SSL_VAN/MSD/trainer.py:51: UserWarning: Epoch 705/2500 24/25  loss: 0.9087  time 1.32s
  warnings.warn(
/home/karimimonsefi.1/SSL_VAN/MSD/trainer.py:153: UserWarning: Final training  705/2499  loss: 0.9087  time 49.46s
  warnings.warn("Final training  {}/{}  loss: {:.4f}  time {:.2f}s".format(epoch, args.max_epochs - 1,
/home/karimimonsefi.1/SSL_VAN/MSD/trainer.py:147: UserWarning: 0  Tue Aug  1 08:15:37 2023  Epoch: 706
  warnings.warn(f"{args.rank}  {time.ctime()}  Epoch: {epoch}")
/home/karimimonsefi.1/SSL_VAN/MSD/trainer.py:147: UserWarning: 1  Tue Aug  1 08:15:37 2023  Epoch: 706
  warnings.warn(f"{args.rank}  {time.ctime()}  Epoch: {epoch}")
/home/karimimonsefi.1/SSL_VAN/MSD/trainer.py:51: UserWarning: Epoch 706/2500 0/25  loss: 0.9024  time 12.49s
  warnings.warn(
/home/karimimonsefi.1/SSL_VAN/MSD/trainer.py:51: UserWarning: Epoch 706/2500 1/25  loss: 0.9049  time 1.32s
  warnings.warn(
/home/karimimonsefi.1/SSL_VAN/MSD/trainer.py:51: UserWarning: Epoch 706/2500 2/25  loss: 0.9100  time 1.32s
  warnings.warn(
/home/karimimonsefi.1/SSL_VAN/MSD/trainer.py:51: UserWarning: Epoch 706/2500 3/25  loss: 0.9138  time 1.92s
  warnings.warn(
/home/karimimonsefi.1/SSL_VAN/MSD/trainer.py:51: UserWarning: Epoch 706/2500 4/25  loss: 0.9123  time 1.31s
  warnings.warn(
/home/karimimonsefi.1/SSL_VAN/MSD/trainer.py:51: UserWarning: Epoch 706/2500 5/25  loss: 0.9107  time 1.31s
  warnings.warn(
/home/karimimonsefi.1/SSL_VAN/MSD/trainer.py:51: UserWarning: Epoch 706/2500 6/25  loss: 0.9122  time 1.32s
  warnings.warn(
/home/karimimonsefi.1/SSL_VAN/MSD/trainer.py:51: UserWarning: Epoch 706/2500 7/25  loss: 0.9122  time 1.31s
  warnings.warn(
/home/karimimonsefi.1/SSL_VAN/MSD/trainer.py:51: UserWarning: Epoch 706/2500 8/25  loss: 0.9102  time 1.33s
  warnings.warn(
/home/karimimonsefi.1/SSL_VAN/MSD/trainer.py:51: UserWarning: Epoch 706/2500 9/25  loss: 0.9096  time 1.32s
  warnings.warn(
/home/karimimonsefi.1/SSL_VAN/MSD/trainer.py:51: UserWarning: Epoch 706/2500 10/25  loss: 0.9082  time 2.31s
  warnings.warn(
/home/karimimonsefi.1/SSL_VAN/MSD/trainer.py:51: UserWarning: Epoch 706/2500 11/25  loss: 0.9088  time 1.32s
  warnings.warn(
/home/karimimonsefi.1/SSL_VAN/MSD/trainer.py:51: UserWarning: Epoch 706/2500 12/25  loss: 0.9088  time 1.31s
  warnings.warn(
/home/karimimonsefi.1/SSL_VAN/MSD/trainer.py:51: UserWarning: Epoch 706/2500 13/25  loss: 0.9081  time 1.31s
  warnings.warn(
/home/karimimonsefi.1/SSL_VAN/MSD/trainer.py:51: UserWarning: Epoch 706/2500 14/25  loss: 0.9072  time 1.31s
  warnings.warn(
/home/karimimonsefi.1/SSL_VAN/MSD/trainer.py:51: UserWarning: Epoch 706/2500 15/25  loss: 0.9075  time 1.31s
  warnings.warn(
/home/karimimonsefi.1/SSL_VAN/MSD/trainer.py:51: UserWarning: Epoch 706/2500 16/25  loss: 0.9068  time 1.31s
  warnings.warn(
/home/karimimonsefi.1/SSL_VAN/MSD/trainer.py:51: UserWarning: Epoch 706/2500 17/25  loss: 0.9065  time 1.31s
  warnings.warn(
/home/karimimonsefi.1/SSL_VAN/MSD/trainer.py:51: UserWarning: Epoch 706/2500 18/25  loss: 0.9076  time 1.31s
  warnings.warn(
/home/karimimonsefi.1/SSL_VAN/MSD/trainer.py:51: UserWarning: Epoch 706/2500 19/25  loss: 0.9071  time 1.31s
  warnings.warn(
/home/karimimonsefi.1/SSL_VAN/MSD/trainer.py:51: UserWarning: Epoch 706/2500 20/25  loss: 0.9067  time 1.31s
  warnings.warn(
/home/karimimonsefi.1/SSL_VAN/MSD/trainer.py:51: UserWarning: Epoch 706/2500 21/25  loss: 0.9069  time 1.32s
  warnings.warn(
/home/karimimonsefi.1/SSL_VAN/MSD/trainer.py:51: UserWarning: Epoch 706/2500 22/25  loss: 0.9067  time 1.32s
  warnings.warn(
/home/karimimonsefi.1/SSL_VAN/MSD/trainer.py:51: UserWarning: Epoch 706/2500 23/25  loss: 0.9069  time 1.32s
  warnings.warn(
/home/karimimonsefi.1/SSL_VAN/MSD/trainer.py:51: UserWarning: Epoch 706/2500 24/25  loss: 0.9066  time 1.31s
  warnings.warn(
/home/karimimonsefi.1/SSL_VAN/MSD/trainer.py:153: UserWarning: Final training  706/2499  loss: 0.9066  time 45.68s
  warnings.warn("Final training  {}/{}  loss: {:.4f}  time {:.2f}s".format(epoch, args.max_epochs - 1,
/home/karimimonsefi.1/SSL_VAN/MSD/trainer.py:147: UserWarning: 1  Tue Aug  1 08:16:23 2023  Epoch: 707
  warnings.warn(f"{args.rank}  {time.ctime()}  Epoch: {epoch}")
/home/karimimonsefi.1/SSL_VAN/MSD/trainer.py:147: UserWarning: 0  Tue Aug  1 08:16:23 2023  Epoch: 707
  warnings.warn(f"{args.rank}  {time.ctime()}  Epoch: {epoch}")
/home/karimimonsefi.1/SSL_VAN/MSD/trainer.py:51: UserWarning: Epoch 707/2500 0/25  loss: 0.9084  time 12.55s
  warnings.warn(
/home/karimimonsefi.1/SSL_VAN/MSD/trainer.py:51: UserWarning: Epoch 707/2500 1/25  loss: 0.9043  time 1.32s
  warnings.warn(
/home/karimimonsefi.1/SSL_VAN/MSD/trainer.py:51: UserWarning: Epoch 707/2500 2/25  loss: 0.9005  time 1.32s
  warnings.warn(
/home/karimimonsefi.1/SSL_VAN/MSD/trainer.py:51: UserWarning: Epoch 707/2500 3/25  loss: 0.9006  time 1.32s
  warnings.warn(
/home/karimimonsefi.1/SSL_VAN/MSD/trainer.py:51: UserWarning: Epoch 707/2500 4/25  loss: 0.9017  time 1.32s
  warnings.warn(
/home/karimimonsefi.1/SSL_VAN/MSD/trainer.py:51: UserWarning: Epoch 707/2500 5/25  loss: 0.9007  time 1.32s
  warnings.warn(
/home/karimimonsefi.1/SSL_VAN/MSD/trainer.py:51: UserWarning: Epoch 707/2500 6/25  loss: 0.9027  time 1.32s
  warnings.warn(
/home/karimimonsefi.1/SSL_VAN/MSD/trainer.py:51: UserWarning: Epoch 707/2500 7/25  loss: 0.9057  time 1.33s
  warnings.warn(
/home/karimimonsefi.1/SSL_VAN/MSD/trainer.py:51: UserWarning: Epoch 707/2500 8/25  loss: 0.9080  time 1.33s
  warnings.warn(
/home/karimimonsefi.1/SSL_VAN/MSD/trainer.py:51: UserWarning: Epoch 707/2500 9/25  loss: 0.9075  time 1.33s
  warnings.warn(
/home/karimimonsefi.1/SSL_VAN/MSD/trainer.py:51: UserWarning: Epoch 707/2500 10/25  loss: 0.9072  time 1.31s
  warnings.warn(
/home/karimimonsefi.1/SSL_VAN/MSD/trainer.py:51: UserWarning: Epoch 707/2500 11/25  loss: 0.9067  time 1.32s
  warnings.warn(
/home/karimimonsefi.1/SSL_VAN/MSD/trainer.py:51: UserWarning: Epoch 707/2500 12/25  loss: 0.9070  time 1.31s
  warnings.warn(
/home/karimimonsefi.1/SSL_VAN/MSD/trainer.py:51: UserWarning: Epoch 707/2500 13/25  loss: 0.9059  time 1.31s
  warnings.warn(
/home/karimimonsefi.1/SSL_VAN/MSD/trainer.py:51: UserWarning: Epoch 707/2500 14/25  loss: 0.9053  time 1.32s
  warnings.warn(
/home/karimimonsefi.1/SSL_VAN/MSD/trainer.py:51: UserWarning: Epoch 707/2500 15/25  loss: 0.9059  time 1.33s
  warnings.warn(
/home/karimimonsefi.1/SSL_VAN/MSD/trainer.py:51: UserWarning: Epoch 707/2500 16/25  loss: 0.9052  time 1.31s
  warnings.warn(
/home/karimimonsefi.1/SSL_VAN/MSD/trainer.py:51: UserWarning: Epoch 707/2500 17/25  loss: 0.9053  time 1.31s
  warnings.warn(
/home/karimimonsefi.1/SSL_VAN/MSD/trainer.py:51: UserWarning: Epoch 707/2500 18/25  loss: 0.9051  time 1.31s
  warnings.warn(
/home/karimimonsefi.1/SSL_VAN/MSD/trainer.py:51: UserWarning: Epoch 707/2500 19/25  loss: 0.9051  time 1.31s
  warnings.warn(
/home/karimimonsefi.1/SSL_VAN/MSD/trainer.py:51: UserWarning: Epoch 707/2500 20/25  loss: 0.9054  time 1.32s
  warnings.warn(
/home/karimimonsefi.1/SSL_VAN/MSD/trainer.py:51: UserWarning: Epoch 707/2500 21/25  loss: 0.9050  time 1.31s
  warnings.warn(
/home/karimimonsefi.1/SSL_VAN/MSD/trainer.py:51: UserWarning: Epoch 707/2500 22/25  loss: 0.9049  time 1.31s
  warnings.warn(
/home/karimimonsefi.1/SSL_VAN/MSD/trainer.py:51: UserWarning: Epoch 707/2500 23/25  loss: 0.9045  time 1.31s
  warnings.warn(
/home/karimimonsefi.1/SSL_VAN/MSD/trainer.py:51: UserWarning: Epoch 707/2500 24/25  loss: 0.9042  time 1.31s
  warnings.warn(
/home/karimimonsefi.1/SSL_VAN/MSD/trainer.py:153: UserWarning: Final training  707/2499  loss: 0.9042  time 44.17s
  warnings.warn("Final training  {}/{}  loss: {:.4f}  time {:.2f}s".format(epoch, args.max_epochs - 1,
/home/karimimonsefi.1/SSL_VAN/MSD/trainer.py:147: UserWarning: 0  Tue Aug  1 08:17:07 2023  Epoch: 708
  warnings.warn(f"{args.rank}  {time.ctime()}  Epoch: {epoch}")
/home/karimimonsefi.1/SSL_VAN/MSD/trainer.py:147: UserWarning: 1  Tue Aug  1 08:17:07 2023  Epoch: 708
  warnings.warn(f"{args.rank}  {time.ctime()}  Epoch: {epoch}")
/home/karimimonsefi.1/SSL_VAN/MSD/trainer.py:51: UserWarning: Epoch 708/2500 0/25  loss: 0.9084  time 9.25s
  warnings.warn(
/home/karimimonsefi.1/SSL_VAN/MSD/trainer.py:51: UserWarning: Epoch 708/2500 1/25  loss: 0.9047  time 2.30s
  warnings.warn(
/home/karimimonsefi.1/SSL_VAN/MSD/trainer.py:51: UserWarning: Epoch 708/2500 2/25  loss: 0.9100  time 1.32s
  warnings.warn(
/home/karimimonsefi.1/SSL_VAN/MSD/trainer.py:51: UserWarning: Epoch 708/2500 3/25  loss: 0.9065  time 1.46s
  warnings.warn(
/home/karimimonsefi.1/SSL_VAN/MSD/trainer.py:51: UserWarning: Epoch 708/2500 4/25  loss: 0.9041  time 1.35s
  warnings.warn(
/home/karimimonsefi.1/SSL_VAN/MSD/trainer.py:51: UserWarning: Epoch 708/2500 5/25  loss: 0.9047  time 1.32s
  warnings.warn(
/home/karimimonsefi.1/SSL_VAN/MSD/trainer.py:51: UserWarning: Epoch 708/2500 6/25  loss: 0.9057  time 1.32s
  warnings.warn(
/home/karimimonsefi.1/SSL_VAN/MSD/trainer.py:51: UserWarning: Epoch 708/2500 7/25  loss: 0.9039  time 1.57s
  warnings.warn(
/home/karimimonsefi.1/SSL_VAN/MSD/trainer.py:51: UserWarning: Epoch 708/2500 8/25  loss: 0.9031  time 1.32s
  warnings.warn(
/home/karimimonsefi.1/SSL_VAN/MSD/trainer.py:51: UserWarning: Epoch 708/2500 9/25  loss: 0.9035  time 1.33s
  warnings.warn(
/home/karimimonsefi.1/SSL_VAN/MSD/trainer.py:51: UserWarning: Epoch 708/2500 10/25  loss: 0.9029  time 1.32s
  warnings.warn(
/home/karimimonsefi.1/SSL_VAN/MSD/trainer.py:51: UserWarning: Epoch 708/2500 11/25  loss: 0.9035  time 1.31s
  warnings.warn(
/home/karimimonsefi.1/SSL_VAN/MSD/trainer.py:51: UserWarning: Epoch 708/2500 12/25  loss: 0.9037  time 1.32s
  warnings.warn(
/home/karimimonsefi.1/SSL_VAN/MSD/trainer.py:51: UserWarning: Epoch 708/2500 13/25  loss: 0.9028  time 1.35s
  warnings.warn(
/home/karimimonsefi.1/SSL_VAN/MSD/trainer.py:51: UserWarning: Epoch 708/2500 14/25  loss: 0.9025  time 1.34s
  warnings.warn(
/home/karimimonsefi.1/SSL_VAN/MSD/trainer.py:51: UserWarning: Epoch 708/2500 15/25  loss: 0.9034  time 1.31s
  warnings.warn(
/home/karimimonsefi.1/SSL_VAN/MSD/trainer.py:51: UserWarning: Epoch 708/2500 16/25  loss: 0.9030  time 1.31s
  warnings.warn(
/home/karimimonsefi.1/SSL_VAN/MSD/trainer.py:51: UserWarning: Epoch 708/2500 17/25  loss: 0.9030  time 1.32s
  warnings.warn(
/home/karimimonsefi.1/SSL_VAN/MSD/trainer.py:51: UserWarning: Epoch 708/2500 18/25  loss: 0.9031  time 1.31s
  warnings.warn(
/home/karimimonsefi.1/SSL_VAN/MSD/trainer.py:51: UserWarning: Epoch 708/2500 19/25  loss: 0.9031  time 1.34s
  warnings.warn(
/home/karimimonsefi.1/SSL_VAN/MSD/trainer.py:51: UserWarning: Epoch 708/2500 20/25  loss: 0.9032  time 1.31s
  warnings.warn(
/home/karimimonsefi.1/SSL_VAN/MSD/trainer.py:51: UserWarning: Epoch 708/2500 21/25  loss: 0.9031  time 1.31s
  warnings.warn(
/home/karimimonsefi.1/SSL_VAN/MSD/trainer.py:51: UserWarning: Epoch 708/2500 22/25  loss: 0.9043  time 1.31s
  warnings.warn(
/home/karimimonsefi.1/SSL_VAN/MSD/trainer.py:51: UserWarning: Epoch 708/2500 23/25  loss: 0.9046  time 1.31s
  warnings.warn(
/home/karimimonsefi.1/SSL_VAN/MSD/trainer.py:51: UserWarning: Epoch 708/2500 24/25  loss: 0.9037  time 1.32s
  warnings.warn(
/home/karimimonsefi.1/SSL_VAN/MSD/trainer.py:153: UserWarning: Final training  708/2499  loss: 0.9037  time 42.37s
  warnings.warn("Final training  {}/{}  loss: {:.4f}  time {:.2f}s".format(epoch, args.max_epochs - 1,
/home/karimimonsefi.1/SSL_VAN/MSD/trainer.py:147: UserWarning: 0  Tue Aug  1 08:17:49 2023  Epoch: 709
  warnings.warn(f"{args.rank}  {time.ctime()}  Epoch: {epoch}")
/home/karimimonsefi.1/SSL_VAN/MSD/trainer.py:147: UserWarning: 1  Tue Aug  1 08:17:49 2023  Epoch: 709
  warnings.warn(f"{args.rank}  {time.ctime()}  Epoch: {epoch}")
/home/karimimonsefi.1/SSL_VAN/MSD/trainer.py:51: UserWarning: Epoch 709/2500 0/25  loss: 0.9005  time 9.24s
  warnings.warn(
/home/karimimonsefi.1/SSL_VAN/MSD/trainer.py:51: UserWarning: Epoch 709/2500 1/25  loss: 0.9078  time 1.75s
  warnings.warn(
/home/karimimonsefi.1/SSL_VAN/MSD/trainer.py:51: UserWarning: Epoch 709/2500 2/25  loss: 0.9054  time 3.41s
  warnings.warn(
/home/karimimonsefi.1/SSL_VAN/MSD/trainer.py:51: UserWarning: Epoch 709/2500 3/25  loss: 0.9062  time 1.32s
  warnings.warn(
/home/karimimonsefi.1/SSL_VAN/MSD/trainer.py:51: UserWarning: Epoch 709/2500 4/25  loss: 0.9034  time 1.32s
  warnings.warn(
/home/karimimonsefi.1/SSL_VAN/MSD/trainer.py:51: UserWarning: Epoch 709/2500 5/25  loss: 0.9067  time 1.32s
  warnings.warn(
/home/karimimonsefi.1/SSL_VAN/MSD/trainer.py:51: UserWarning: Epoch 709/2500 6/25  loss: 0.9065  time 1.32s
  warnings.warn(
/home/karimimonsefi.1/SSL_VAN/MSD/trainer.py:51: UserWarning: Epoch 709/2500 7/25  loss: 0.9055  time 1.32s
  warnings.warn(
/home/karimimonsefi.1/SSL_VAN/MSD/trainer.py:51: UserWarning: Epoch 709/2500 8/25  loss: 0.9058  time 1.32s
  warnings.warn(
/home/karimimonsefi.1/SSL_VAN/MSD/trainer.py:51: UserWarning: Epoch 709/2500 9/25  loss: 0.9057  time 1.35s
  warnings.warn(
/home/karimimonsefi.1/SSL_VAN/MSD/trainer.py:51: UserWarning: Epoch 709/2500 10/25  loss: 0.9049  time 1.66s
  warnings.warn(
/home/karimimonsefi.1/SSL_VAN/MSD/trainer.py:51: UserWarning: Epoch 709/2500 11/25  loss: 0.9055  time 1.32s
  warnings.warn(
/home/karimimonsefi.1/SSL_VAN/MSD/trainer.py:51: UserWarning: Epoch 709/2500 12/25  loss: 0.9056  time 5.05s
  warnings.warn(
/home/karimimonsefi.1/SSL_VAN/MSD/trainer.py:51: UserWarning: Epoch 709/2500 13/25  loss: 0.9048  time 1.31s
  warnings.warn(
/home/karimimonsefi.1/SSL_VAN/MSD/trainer.py:51: UserWarning: Epoch 709/2500 14/25  loss: 0.9038  time 1.31s
  warnings.warn(
/home/karimimonsefi.1/SSL_VAN/MSD/trainer.py:51: UserWarning: Epoch 709/2500 15/25  loss: 0.9031  time 1.31s
  warnings.warn(
/home/karimimonsefi.1/SSL_VAN/MSD/trainer.py:51: UserWarning: Epoch 709/2500 16/25  loss: 0.9030  time 1.31s
  warnings.warn(
/home/karimimonsefi.1/SSL_VAN/MSD/trainer.py:51: UserWarning: Epoch 709/2500 17/25  loss: 0.9026  time 1.32s
  warnings.warn(
/home/karimimonsefi.1/SSL_VAN/MSD/trainer.py:51: UserWarning: Epoch 709/2500 18/25  loss: 0.9021  time 1.31s
  warnings.warn(
/home/karimimonsefi.1/SSL_VAN/MSD/trainer.py:51: UserWarning: Epoch 709/2500 19/25  loss: 0.9028  time 1.35s
  warnings.warn(
/home/karimimonsefi.1/SSL_VAN/MSD/trainer.py:51: UserWarning: Epoch 709/2500 20/25  loss: 0.9031  time 1.32s
  warnings.warn(
/home/karimimonsefi.1/SSL_VAN/MSD/trainer.py:51: UserWarning: Epoch 709/2500 21/25  loss: 0.9026  time 1.31s
  warnings.warn(
/home/karimimonsefi.1/SSL_VAN/MSD/trainer.py:51: UserWarning: Epoch 709/2500 22/25  loss: 0.9031  time 1.31s
  warnings.warn(
/home/karimimonsefi.1/SSL_VAN/MSD/trainer.py:51: UserWarning: Epoch 709/2500 23/25  loss: 0.9033  time 1.31s
  warnings.warn(
/home/karimimonsefi.1/SSL_VAN/MSD/trainer.py:51: UserWarning: Epoch 709/2500 24/25  loss: 0.9045  time 1.31s
  warnings.warn(
/home/karimimonsefi.1/SSL_VAN/MSD/trainer.py:153: UserWarning: Final training  709/2499  loss: 0.9045  time 47.51s
  warnings.warn("Final training  {}/{}  loss: {:.4f}  time {:.2f}s".format(epoch, args.max_epochs - 1,
/home/karimimonsefi.1/SSL_VAN/MSD/trainer.py:100: UserWarning: Val 709/2500 0/7  acc [ 0.883]  time 25.39s
  warnings.warn("Val {}/{} {}/{}  acc {}  time {:.2f}s".format(epoch, args.max_epochs, idx, len(loader),
/home/karimimonsefi.1/SSL_VAN/MSD/trainer.py:102: UserWarning: Val 709/2500 0/7  acc 0.8827747106552124  time 25.39s
  warnings.warn("Val {}/{} {}/{}  acc {}  time {:.2f}s".format(epoch, args.max_epochs, idx, len(loader),
/home/karimimonsefi.1/SSL_VAN/MSD/trainer.py:100: UserWarning: Val 709/2500 1/7  acc [ 0.725]  time 19.65s
  warnings.warn("Val {}/{} {}/{}  acc {}  time {:.2f}s".format(epoch, args.max_epochs, idx, len(loader),
/home/karimimonsefi.1/SSL_VAN/MSD/trainer.py:102: UserWarning: Val 709/2500 1/7  acc 0.7247559428215027  time 19.65s
  warnings.warn("Val {}/{} {}/{}  acc {}  time {:.2f}s".format(epoch, args.max_epochs, idx, len(loader),
/home/karimimonsefi.1/SSL_VAN/MSD/trainer.py:100: UserWarning: Val 709/2500 2/7  acc [ 0.700]  time 16.87s
  warnings.warn("Val {}/{} {}/{}  acc {}  time {:.2f}s".format(epoch, args.max_epochs, idx, len(loader),
/home/karimimonsefi.1/SSL_VAN/MSD/trainer.py:102: UserWarning: Val 709/2500 2/7  acc 0.700279712677002  time 16.87s
  warnings.warn("Val {}/{} {}/{}  acc {}  time {:.2f}s".format(epoch, args.max_epochs, idx, len(loader),
/home/karimimonsefi.1/SSL_VAN/MSD/trainer.py:100: UserWarning: Val 709/2500 3/7  acc [ 0.687]  time 20.60s
  warnings.warn("Val {}/{} {}/{}  acc {}  time {:.2f}s".format(epoch, args.max_epochs, idx, len(loader),
/home/karimimonsefi.1/SSL_VAN/MSD/trainer.py:102: UserWarning: Val 709/2500 3/7  acc 0.6874018907546997  time 20.61s
  warnings.warn("Val {}/{} {}/{}  acc {}  time {:.2f}s".format(epoch, args.max_epochs, idx, len(loader),
/home/karimimonsefi.1/SSL_VAN/MSD/trainer.py:100: UserWarning: Val 709/2500 4/7  acc [ 0.676]  time 15.47s
  warnings.warn("Val {}/{} {}/{}  acc {}  time {:.2f}s".format(epoch, args.max_epochs, idx, len(loader),
/home/karimimonsefi.1/SSL_VAN/MSD/trainer.py:102: UserWarning: Val 709/2500 4/7  acc 0.6758972406387329  time 15.47s
  warnings.warn("Val {}/{} {}/{}  acc {}  time {:.2f}s".format(epoch, args.max_epochs, idx, len(loader),
/home/karimimonsefi.1/SSL_VAN/MSD/trainer.py:100: UserWarning: Val 709/2500 5/7  acc [ 0.684]  time 16.75s
  warnings.warn("Val {}/{} {}/{}  acc {}  time {:.2f}s".format(epoch, args.max_epochs, idx, len(loader),
/home/karimimonsefi.1/SSL_VAN/MSD/trainer.py:102: UserWarning: Val 709/2500 5/7  acc 0.6835298538208008  time 16.75s
  warnings.warn("Val {}/{} {}/{}  acc {}  time {:.2f}s".format(epoch, args.max_epochs, idx, len(loader),
/home/karimimonsefi.1/SSL_VAN/MSD/trainer.py:100: UserWarning: Val 709/2500 6/7  acc [ 0.697]  time 19.66s
  warnings.warn("Val {}/{} {}/{}  acc {}  time {:.2f}s".format(epoch, args.max_epochs, idx, len(loader),
/home/karimimonsefi.1/SSL_VAN/MSD/trainer.py:102: UserWarning: Val 709/2500 6/7  acc 0.6974906325340271  time 19.66s
  warnings.warn("Val {}/{} {}/{}  acc {}  time {:.2f}s".format(epoch, args.max_epochs, idx, len(loader),
/home/karimimonsefi.1/SSL_VAN/MSD/trainer.py:177: UserWarning: Final validation  709/2499  acc: 0.6975  time 134.52s
  warnings.warn("Final validation  {}/{}  acc: {:.4f}  time {:.2f}s".format(epoch, args.max_epochs - 1,
/home/karimimonsefi.1/SSL_VAN/MSD/trainer.py:147: UserWarning: 0  Tue Aug  1 08:20:53 2023  Epoch: 710
  warnings.warn(f"{args.rank}  {time.ctime()}  Epoch: {epoch}")
/home/karimimonsefi.1/SSL_VAN/MSD/trainer.py:147: UserWarning: 1  Tue Aug  1 08:20:53 2023  Epoch: 710
  warnings.warn(f"{args.rank}  {time.ctime()}  Epoch: {epoch}")
/home/karimimonsefi.1/SSL_VAN/MSD/trainer.py:51: UserWarning: Epoch 710/2500 0/25  loss: 0.9069  time 10.85s
  warnings.warn(
/home/karimimonsefi.1/SSL_VAN/MSD/trainer.py:51: UserWarning: Epoch 710/2500 1/25  loss: 0.9018  time 1.32s
  warnings.warn(
/home/karimimonsefi.1/SSL_VAN/MSD/trainer.py:51: UserWarning: Epoch 710/2500 2/25  loss: 0.9126  time 1.33s
  warnings.warn(
/home/karimimonsefi.1/SSL_VAN/MSD/trainer.py:51: UserWarning: Epoch 710/2500 3/25  loss: 0.9133  time 1.32s
  warnings.warn(
/home/karimimonsefi.1/SSL_VAN/MSD/trainer.py:51: UserWarning: Epoch 710/2500 4/25  loss: 0.9142  time 2.57s
  warnings.warn(
/home/karimimonsefi.1/SSL_VAN/MSD/trainer.py:51: UserWarning: Epoch 710/2500 5/25  loss: 0.9151  time 1.32s
  warnings.warn(
/home/karimimonsefi.1/SSL_VAN/MSD/trainer.py:51: UserWarning: Epoch 710/2500 6/25  loss: 0.9135  time 1.44s
  warnings.warn(
/home/karimimonsefi.1/SSL_VAN/MSD/trainer.py:51: UserWarning: Epoch 710/2500 7/25  loss: 0.9133  time 1.32s
  warnings.warn(
/home/karimimonsefi.1/SSL_VAN/MSD/trainer.py:51: UserWarning: Epoch 710/2500 8/25  loss: 0.9122  time 1.44s
  warnings.warn(
/home/karimimonsefi.1/SSL_VAN/MSD/trainer.py:51: UserWarning: Epoch 710/2500 9/25  loss: 0.9102  time 5.67s
  warnings.warn(
/home/karimimonsefi.1/SSL_VAN/MSD/trainer.py:51: UserWarning: Epoch 710/2500 10/25  loss: 0.9104  time 1.32s
  warnings.warn(
/home/karimimonsefi.1/SSL_VAN/MSD/trainer.py:51: UserWarning: Epoch 710/2500 11/25  loss: 0.9104  time 1.31s
  warnings.warn(
/home/karimimonsefi.1/SSL_VAN/MSD/trainer.py:51: UserWarning: Epoch 710/2500 12/25  loss: 0.9093  time 1.31s
  warnings.warn(
/home/karimimonsefi.1/SSL_VAN/MSD/trainer.py:51: UserWarning: Epoch 710/2500 13/25  loss: 0.9089  time 1.33s
  warnings.warn(
/home/karimimonsefi.1/SSL_VAN/MSD/trainer.py:51: UserWarning: Epoch 710/2500 14/25  loss: 0.9087  time 1.32s
  warnings.warn(
/home/karimimonsefi.1/SSL_VAN/MSD/trainer.py:51: UserWarning: Epoch 710/2500 15/25  loss: 0.9086  time 1.31s
  warnings.warn(
/home/karimimonsefi.1/SSL_VAN/MSD/trainer.py:51: UserWarning: Epoch 710/2500 16/25  loss: 0.9089  time 1.32s
  warnings.warn(
/home/karimimonsefi.1/SSL_VAN/MSD/trainer.py:51: UserWarning: Epoch 710/2500 17/25  loss: 0.9092  time 1.32s
  warnings.warn(
/home/karimimonsefi.1/SSL_VAN/MSD/trainer.py:51: UserWarning: Epoch 710/2500 18/25  loss: 0.9102  time 1.31s
  warnings.warn(
/home/karimimonsefi.1/SSL_VAN/MSD/trainer.py:51: UserWarning: Epoch 710/2500 19/25  loss: 0.9101  time 1.31s
  warnings.warn(
/home/karimimonsefi.1/SSL_VAN/MSD/trainer.py:51: UserWarning: Epoch 710/2500 20/25  loss: 0.9100  time 1.31s
  warnings.warn(
/home/karimimonsefi.1/SSL_VAN/MSD/trainer.py:51: UserWarning: Epoch 710/2500 21/25  loss: 0.9100  time 1.31s
  warnings.warn(
/home/karimimonsefi.1/SSL_VAN/MSD/trainer.py:51: UserWarning: Epoch 710/2500 22/25  loss: 0.9099  time 1.32s
  warnings.warn(
/home/karimimonsefi.1/SSL_VAN/MSD/trainer.py:51: UserWarning: Epoch 710/2500 23/25  loss: 0.9096  time 1.32s
  warnings.warn(
/home/karimimonsefi.1/SSL_VAN/MSD/trainer.py:51: UserWarning: Epoch 710/2500 24/25  loss: 0.9092  time 1.31s
  warnings.warn(
/home/karimimonsefi.1/SSL_VAN/MSD/trainer.py:153: UserWarning: Final training  710/2499  loss: 0.9092  time 48.34s
  warnings.warn("Final training  {}/{}  loss: {:.4f}  time {:.2f}s".format(epoch, args.max_epochs - 1,
/home/karimimonsefi.1/SSL_VAN/MSD/trainer.py:147: UserWarning: 0  Tue Aug  1 08:21:41 2023  Epoch: 711
  warnings.warn(f"{args.rank}  {time.ctime()}  Epoch: {epoch}")
/home/karimimonsefi.1/SSL_VAN/MSD/trainer.py:147: UserWarning: 1  Tue Aug  1 08:21:41 2023  Epoch: 711
  warnings.warn(f"{args.rank}  {time.ctime()}  Epoch: {epoch}")
/home/karimimonsefi.1/SSL_VAN/MSD/trainer.py:51: UserWarning: Epoch 711/2500 0/25  loss: 0.8970  time 13.83s
  warnings.warn(
/home/karimimonsefi.1/SSL_VAN/MSD/trainer.py:51: UserWarning: Epoch 711/2500 1/25  loss: 0.9017  time 5.79s
  warnings.warn(
/home/karimimonsefi.1/SSL_VAN/MSD/trainer.py:51: UserWarning: Epoch 711/2500 2/25  loss: 0.9063  time 1.31s
  warnings.warn(
/home/karimimonsefi.1/SSL_VAN/MSD/trainer.py:51: UserWarning: Epoch 711/2500 3/25  loss: 0.9045  time 1.31s
  warnings.warn(
/home/karimimonsefi.1/SSL_VAN/MSD/trainer.py:51: UserWarning: Epoch 711/2500 4/25  loss: 0.9019  time 1.31s
  warnings.warn(
/home/karimimonsefi.1/SSL_VAN/MSD/trainer.py:51: UserWarning: Epoch 711/2500 5/25  loss: 0.9063  time 1.32s
  warnings.warn(
/home/karimimonsefi.1/SSL_VAN/MSD/trainer.py:51: UserWarning: Epoch 711/2500 6/25  loss: 0.9050  time 1.33s
  warnings.warn(
/home/karimimonsefi.1/SSL_VAN/MSD/trainer.py:51: UserWarning: Epoch 711/2500 7/25  loss: 0.9042  time 1.31s
  warnings.warn(
/home/karimimonsefi.1/SSL_VAN/MSD/trainer.py:51: UserWarning: Epoch 711/2500 8/25  loss: 0.9054  time 1.31s
  warnings.warn(
/home/karimimonsefi.1/SSL_VAN/MSD/trainer.py:51: UserWarning: Epoch 711/2500 9/25  loss: 0.9045  time 1.32s
  warnings.warn(
/home/karimimonsefi.1/SSL_VAN/MSD/trainer.py:51: UserWarning: Epoch 711/2500 10/25  loss: 0.9037  time 1.32s
  warnings.warn(
/home/karimimonsefi.1/SSL_VAN/MSD/trainer.py:51: UserWarning: Epoch 711/2500 11/25  loss: 0.9035  time 1.31s
  warnings.warn(
/home/karimimonsefi.1/SSL_VAN/MSD/trainer.py:51: UserWarning: Epoch 711/2500 12/25  loss: 0.9041  time 1.32s
  warnings.warn(
/home/karimimonsefi.1/SSL_VAN/MSD/trainer.py:51: UserWarning: Epoch 711/2500 13/25  loss: 0.9054  time 1.31s
  warnings.warn(
/home/karimimonsefi.1/SSL_VAN/MSD/trainer.py:51: UserWarning: Epoch 711/2500 14/25  loss: 0.9051  time 1.31s
  warnings.warn(
/home/karimimonsefi.1/SSL_VAN/MSD/trainer.py:51: UserWarning: Epoch 711/2500 15/25  loss: 0.9053  time 1.31s
  warnings.warn(
/home/karimimonsefi.1/SSL_VAN/MSD/trainer.py:51: UserWarning: Epoch 711/2500 16/25  loss: 0.9065  time 1.31s
  warnings.warn(
/home/karimimonsefi.1/SSL_VAN/MSD/trainer.py:51: UserWarning: Epoch 711/2500 17/25  loss: 0.9057  time 1.31s
  warnings.warn(
/home/karimimonsefi.1/SSL_VAN/MSD/trainer.py:51: UserWarning: Epoch 711/2500 18/25  loss: 0.9056  time 1.31s
  warnings.warn(
/home/karimimonsefi.1/SSL_VAN/MSD/trainer.py:51: UserWarning: Epoch 711/2500 19/25  loss: 0.9055  time 1.31s
  warnings.warn(
/home/karimimonsefi.1/SSL_VAN/MSD/trainer.py:51: UserWarning: Epoch 711/2500 20/25  loss: 0.9067  time 1.31s
  warnings.warn(
/home/karimimonsefi.1/SSL_VAN/MSD/trainer.py:51: UserWarning: Epoch 711/2500 21/25  loss: 0.9067  time 1.31s
  warnings.warn(
/home/karimimonsefi.1/SSL_VAN/MSD/trainer.py:51: UserWarning: Epoch 711/2500 22/25  loss: 0.9069  time 1.31s
  warnings.warn(
/home/karimimonsefi.1/SSL_VAN/MSD/trainer.py:51: UserWarning: Epoch 711/2500 23/25  loss: 0.9067  time 1.31s
  warnings.warn(
/home/karimimonsefi.1/SSL_VAN/MSD/trainer.py:51: UserWarning: Epoch 711/2500 24/25  loss: 0.9063  time 1.32s
  warnings.warn(
/home/karimimonsefi.1/SSL_VAN/MSD/trainer.py:153: UserWarning: Final training  711/2499  loss: 0.9063  time 49.84s
  warnings.warn("Final training  {}/{}  loss: {:.4f}  time {:.2f}s".format(epoch, args.max_epochs - 1,
/home/karimimonsefi.1/SSL_VAN/MSD/trainer.py:147: UserWarning: 0  Tue Aug  1 08:22:31 2023  Epoch: 712
  warnings.warn(f"{args.rank}  {time.ctime()}  Epoch: {epoch}")
/home/karimimonsefi.1/SSL_VAN/MSD/trainer.py:147: UserWarning: 1  Tue Aug  1 08:22:31 2023  Epoch: 712
  warnings.warn(f"{args.rank}  {time.ctime()}  Epoch: {epoch}")
/home/karimimonsefi.1/SSL_VAN/MSD/trainer.py:51: UserWarning: Epoch 712/2500 0/25  loss: 0.9087  time 9.88s
  warnings.warn(
/home/karimimonsefi.1/SSL_VAN/MSD/trainer.py:51: UserWarning: Epoch 712/2500 1/25  loss: 0.9108  time 2.34s
  warnings.warn(
/home/karimimonsefi.1/SSL_VAN/MSD/trainer.py:51: UserWarning: Epoch 712/2500 2/25  loss: 0.9084  time 1.31s
  warnings.warn(
/home/karimimonsefi.1/SSL_VAN/MSD/trainer.py:51: UserWarning: Epoch 712/2500 3/25  loss: 0.9057  time 1.32s
  warnings.warn(
/home/karimimonsefi.1/SSL_VAN/MSD/trainer.py:51: UserWarning: Epoch 712/2500 4/25  loss: 0.9038  time 1.34s
  warnings.warn(
/home/karimimonsefi.1/SSL_VAN/MSD/trainer.py:51: UserWarning: Epoch 712/2500 5/25  loss: 0.9033  time 1.32s
  warnings.warn(
/home/karimimonsefi.1/SSL_VAN/MSD/trainer.py:51: UserWarning: Epoch 712/2500 6/25  loss: 0.9022  time 1.32s
  warnings.warn(
/home/karimimonsefi.1/SSL_VAN/MSD/trainer.py:51: UserWarning: Epoch 712/2500 7/25  loss: 0.9032  time 1.32s
  warnings.warn(
/home/karimimonsefi.1/SSL_VAN/MSD/trainer.py:51: UserWarning: Epoch 712/2500 8/25  loss: 0.9014  time 1.32s
  warnings.warn(
/home/karimimonsefi.1/SSL_VAN/MSD/trainer.py:51: UserWarning: Epoch 712/2500 9/25  loss: 0.9010  time 3.35s
  warnings.warn(
/home/karimimonsefi.1/SSL_VAN/MSD/trainer.py:51: UserWarning: Epoch 712/2500 10/25  loss: 0.9022  time 1.34s
  warnings.warn(
/home/karimimonsefi.1/SSL_VAN/MSD/trainer.py:51: UserWarning: Epoch 712/2500 11/25  loss: 0.9021  time 1.32s
  warnings.warn(
/home/karimimonsefi.1/SSL_VAN/MSD/trainer.py:51: UserWarning: Epoch 712/2500 12/25  loss: 0.9016  time 1.32s
  warnings.warn(
/home/karimimonsefi.1/SSL_VAN/MSD/trainer.py:51: UserWarning: Epoch 712/2500 13/25  loss: 0.9012  time 1.31s
  warnings.warn(
/home/karimimonsefi.1/SSL_VAN/MSD/trainer.py:51: UserWarning: Epoch 712/2500 14/25  loss: 0.9022  time 1.32s
  warnings.warn(
/home/karimimonsefi.1/SSL_VAN/MSD/trainer.py:51: UserWarning: Epoch 712/2500 15/25  loss: 0.9027  time 1.31s
  warnings.warn(
/home/karimimonsefi.1/SSL_VAN/MSD/trainer.py:51: UserWarning: Epoch 712/2500 16/25  loss: 0.9043  time 1.32s
  warnings.warn(
/home/karimimonsefi.1/SSL_VAN/MSD/trainer.py:51: UserWarning: Epoch 712/2500 17/25  loss: 0.9038  time 1.32s
  warnings.warn(
/home/karimimonsefi.1/SSL_VAN/MSD/trainer.py:51: UserWarning: Epoch 712/2500 18/25  loss: 0.9035  time 1.31s
  warnings.warn(
/home/karimimonsefi.1/SSL_VAN/MSD/trainer.py:51: UserWarning: Epoch 712/2500 19/25  loss: 0.9038  time 1.32s
  warnings.warn(
/home/karimimonsefi.1/SSL_VAN/MSD/trainer.py:51: UserWarning: Epoch 712/2500 20/25  loss: 0.9046  time 1.32s
  warnings.warn(
/home/karimimonsefi.1/SSL_VAN/MSD/trainer.py:51: UserWarning: Epoch 712/2500 21/25  loss: 0.9046  time 1.32s
  warnings.warn(
/home/karimimonsefi.1/SSL_VAN/MSD/trainer.py:51: UserWarning: Epoch 712/2500 22/25  loss: 0.9047  time 1.32s
  warnings.warn(
/home/karimimonsefi.1/SSL_VAN/MSD/trainer.py:51: UserWarning: Epoch 712/2500 23/25  loss: 0.9043  time 1.32s
  warnings.warn(
/home/karimimonsefi.1/SSL_VAN/MSD/trainer.py:51: UserWarning: Epoch 712/2500 24/25  loss: 0.9035  time 1.31s
  warnings.warn(
/home/karimimonsefi.1/SSL_VAN/MSD/trainer.py:153: UserWarning: Final training  712/2499  loss: 0.9035  time 44.60s
  warnings.warn("Final training  {}/{}  loss: {:.4f}  time {:.2f}s".format(epoch, args.max_epochs - 1,
/home/karimimonsefi.1/SSL_VAN/MSD/trainer.py:147: UserWarning: 0  Tue Aug  1 08:23:15 2023  Epoch: 713
  warnings.warn(f"{args.rank}  {time.ctime()}  Epoch: {epoch}")
/home/karimimonsefi.1/SSL_VAN/MSD/trainer.py:147: UserWarning: 1  Tue Aug  1 08:23:15 2023  Epoch: 713
  warnings.warn(f"{args.rank}  {time.ctime()}  Epoch: {epoch}")
/home/karimimonsefi.1/SSL_VAN/MSD/trainer.py:51: UserWarning: Epoch 713/2500 0/25  loss: 0.9020  time 7.03s
  warnings.warn(
/home/karimimonsefi.1/SSL_VAN/MSD/trainer.py:51: UserWarning: Epoch 713/2500 1/25  loss: 0.8978  time 9.97s
  warnings.warn(
/home/karimimonsefi.1/SSL_VAN/MSD/trainer.py:51: UserWarning: Epoch 713/2500 2/25  loss: 0.9065  time 1.34s
  warnings.warn(
/home/karimimonsefi.1/SSL_VAN/MSD/trainer.py:51: UserWarning: Epoch 713/2500 3/25  loss: 0.9086  time 1.32s
  warnings.warn(
/home/karimimonsefi.1/SSL_VAN/MSD/trainer.py:51: UserWarning: Epoch 713/2500 4/25  loss: 0.9069  time 1.31s
  warnings.warn(
/home/karimimonsefi.1/SSL_VAN/MSD/trainer.py:51: UserWarning: Epoch 713/2500 5/25  loss: 0.9066  time 1.32s
  warnings.warn(
/home/karimimonsefi.1/SSL_VAN/MSD/trainer.py:51: UserWarning: Epoch 713/2500 6/25  loss: 0.9079  time 1.32s
  warnings.warn(
/home/karimimonsefi.1/SSL_VAN/MSD/trainer.py:51: UserWarning: Epoch 713/2500 7/25  loss: 0.9061  time 1.33s
  warnings.warn(
/home/karimimonsefi.1/SSL_VAN/MSD/trainer.py:51: UserWarning: Epoch 713/2500 8/25  loss: 0.9063  time 1.32s
  warnings.warn(
/home/karimimonsefi.1/SSL_VAN/MSD/trainer.py:51: UserWarning: Epoch 713/2500 9/25  loss: 0.9072  time 1.33s
  warnings.warn(
/home/karimimonsefi.1/SSL_VAN/MSD/trainer.py:51: UserWarning: Epoch 713/2500 10/25  loss: 0.9060  time 1.32s
  warnings.warn(
/home/karimimonsefi.1/SSL_VAN/MSD/trainer.py:51: UserWarning: Epoch 713/2500 11/25  loss: 0.9068  time 1.31s
  warnings.warn(
/home/karimimonsefi.1/SSL_VAN/MSD/trainer.py:51: UserWarning: Epoch 713/2500 12/25  loss: 0.9070  time 1.31s
  warnings.warn(
/home/karimimonsefi.1/SSL_VAN/MSD/trainer.py:51: UserWarning: Epoch 713/2500 13/25  loss: 0.9073  time 1.31s
  warnings.warn(
/home/karimimonsefi.1/SSL_VAN/MSD/trainer.py:51: UserWarning: Epoch 713/2500 14/25  loss: 0.9060  time 1.32s
  warnings.warn(
/home/karimimonsefi.1/SSL_VAN/MSD/trainer.py:51: UserWarning: Epoch 713/2500 15/25  loss: 0.9051  time 1.31s
  warnings.warn(
/home/karimimonsefi.1/SSL_VAN/MSD/trainer.py:51: UserWarning: Epoch 713/2500 16/25  loss: 0.9043  time 1.32s
  warnings.warn(
/home/karimimonsefi.1/SSL_VAN/MSD/trainer.py:51: UserWarning: Epoch 713/2500 17/25  loss: 0.9039  time 1.32s
  warnings.warn(
/home/karimimonsefi.1/SSL_VAN/MSD/trainer.py:51: UserWarning: Epoch 713/2500 18/25  loss: 0.9033  time 1.31s
  warnings.warn(
/home/karimimonsefi.1/SSL_VAN/MSD/trainer.py:51: UserWarning: Epoch 713/2500 19/25  loss: 0.9035  time 1.32s
  warnings.warn(
/home/karimimonsefi.1/SSL_VAN/MSD/trainer.py:51: UserWarning: Epoch 713/2500 20/25  loss: 0.9028  time 1.31s
  warnings.warn(
/home/karimimonsefi.1/SSL_VAN/MSD/trainer.py:51: UserWarning: Epoch 713/2500 21/25  loss: 0.9030  time 1.31s
  warnings.warn(
/home/karimimonsefi.1/SSL_VAN/MSD/trainer.py:51: UserWarning: Epoch 713/2500 22/25  loss: 0.9027  time 1.32s
  warnings.warn(
/home/karimimonsefi.1/SSL_VAN/MSD/trainer.py:51: UserWarning: Epoch 713/2500 23/25  loss: 0.9026  time 1.31s
  warnings.warn(
/home/karimimonsefi.1/SSL_VAN/MSD/trainer.py:51: UserWarning: Epoch 713/2500 24/25  loss: 0.9031  time 1.32s
  warnings.warn(
/home/karimimonsefi.1/SSL_VAN/MSD/trainer.py:153: UserWarning: Final training  713/2499  loss: 0.9031  time 47.30s
  warnings.warn("Final training  {}/{}  loss: {:.4f}  time {:.2f}s".format(epoch, args.max_epochs - 1,
/home/karimimonsefi.1/SSL_VAN/MSD/trainer.py:147: UserWarning: 0  Tue Aug  1 08:24:03 2023  Epoch: 714
  warnings.warn(f"{args.rank}  {time.ctime()}  Epoch: {epoch}")
/home/karimimonsefi.1/SSL_VAN/MSD/trainer.py:147: UserWarning: 1  Tue Aug  1 08:24:03 2023  Epoch: 714
  warnings.warn(f"{args.rank}  {time.ctime()}  Epoch: {epoch}")
/home/karimimonsefi.1/SSL_VAN/MSD/trainer.py:51: UserWarning: Epoch 714/2500 0/25  loss: 0.9093  time 9.99s
  warnings.warn(
/home/karimimonsefi.1/SSL_VAN/MSD/trainer.py:51: UserWarning: Epoch 714/2500 1/25  loss: 0.9074  time 1.32s
  warnings.warn(
/home/karimimonsefi.1/SSL_VAN/MSD/trainer.py:51: UserWarning: Epoch 714/2500 2/25  loss: 0.9120  time 1.92s
  warnings.warn(
/home/karimimonsefi.1/SSL_VAN/MSD/trainer.py:51: UserWarning: Epoch 714/2500 3/25  loss: 0.9078  time 3.90s
  warnings.warn(
/home/karimimonsefi.1/SSL_VAN/MSD/trainer.py:51: UserWarning: Epoch 714/2500 4/25  loss: 0.9074  time 1.32s
  warnings.warn(
/home/karimimonsefi.1/SSL_VAN/MSD/trainer.py:51: UserWarning: Epoch 714/2500 5/25  loss: 0.9026  time 1.32s
  warnings.warn(
/home/karimimonsefi.1/SSL_VAN/MSD/trainer.py:51: UserWarning: Epoch 714/2500 6/25  loss: 0.9025  time 1.32s
  warnings.warn(
/home/karimimonsefi.1/SSL_VAN/MSD/trainer.py:51: UserWarning: Epoch 714/2500 7/25  loss: 0.9024  time 1.31s
  warnings.warn(
/home/karimimonsefi.1/SSL_VAN/MSD/trainer.py:51: UserWarning: Epoch 714/2500 8/25  loss: 0.9023  time 1.32s
  warnings.warn(
/home/karimimonsefi.1/SSL_VAN/MSD/trainer.py:51: UserWarning: Epoch 714/2500 9/25  loss: 0.9015  time 3.73s
  warnings.warn(
/home/karimimonsefi.1/SSL_VAN/MSD/trainer.py:51: UserWarning: Epoch 714/2500 10/25  loss: 0.9023  time 1.31s
  warnings.warn(
/home/karimimonsefi.1/SSL_VAN/MSD/trainer.py:51: UserWarning: Epoch 714/2500 11/25  loss: 0.9028  time 1.31s
  warnings.warn(
/home/karimimonsefi.1/SSL_VAN/MSD/trainer.py:51: UserWarning: Epoch 714/2500 12/25  loss: 0.9034  time 1.31s
  warnings.warn(
/home/karimimonsefi.1/SSL_VAN/MSD/trainer.py:51: UserWarning: Epoch 714/2500 13/25  loss: 0.9026  time 1.31s
  warnings.warn(
/home/karimimonsefi.1/SSL_VAN/MSD/trainer.py:51: UserWarning: Epoch 714/2500 14/25  loss: 0.9026  time 1.31s
  warnings.warn(
/home/karimimonsefi.1/SSL_VAN/MSD/trainer.py:51: UserWarning: Epoch 714/2500 15/25  loss: 0.9021  time 1.31s
  warnings.warn(
/home/karimimonsefi.1/SSL_VAN/MSD/trainer.py:51: UserWarning: Epoch 714/2500 16/25  loss: 0.9023  time 1.31s
  warnings.warn(
/home/karimimonsefi.1/SSL_VAN/MSD/trainer.py:51: UserWarning: Epoch 714/2500 17/25  loss: 0.9028  time 1.31s
  warnings.warn(
/home/karimimonsefi.1/SSL_VAN/MSD/trainer.py:51: UserWarning: Epoch 714/2500 18/25  loss: 0.9025  time 1.31s
  warnings.warn(
/home/karimimonsefi.1/SSL_VAN/MSD/trainer.py:51: UserWarning: Epoch 714/2500 19/25  loss: 0.9019  time 1.31s
  warnings.warn(
/home/karimimonsefi.1/SSL_VAN/MSD/trainer.py:51: UserWarning: Epoch 714/2500 20/25  loss: 0.9022  time 1.31s
  warnings.warn(
/home/karimimonsefi.1/SSL_VAN/MSD/trainer.py:51: UserWarning: Epoch 714/2500 21/25  loss: 0.9016  time 1.31s
  warnings.warn(
/home/karimimonsefi.1/SSL_VAN/MSD/trainer.py:51: UserWarning: Epoch 714/2500 22/25  loss: 0.9012  time 1.31s
  warnings.warn(
/home/karimimonsefi.1/SSL_VAN/MSD/trainer.py:51: UserWarning: Epoch 714/2500 23/25  loss: 0.9007  time 1.31s
  warnings.warn(
/home/karimimonsefi.1/SSL_VAN/MSD/trainer.py:51: UserWarning: Epoch 714/2500 24/25  loss: 0.9004  time 1.32s
  warnings.warn(
/home/karimimonsefi.1/SSL_VAN/MSD/trainer.py:153: UserWarning: Final training  714/2499  loss: 0.9004  time 47.13s
  warnings.warn("Final training  {}/{}  loss: {:.4f}  time {:.2f}s".format(epoch, args.max_epochs - 1,
/home/karimimonsefi.1/SSL_VAN/MSD/trainer.py:147: UserWarning: 0  Tue Aug  1 08:24:50 2023  Epoch: 715
  warnings.warn(f"{args.rank}  {time.ctime()}  Epoch: {epoch}")
/home/karimimonsefi.1/SSL_VAN/MSD/trainer.py:147: UserWarning: 1  Tue Aug  1 08:24:50 2023  Epoch: 715
  warnings.warn(f"{args.rank}  {time.ctime()}  Epoch: {epoch}")
/home/karimimonsefi.1/SSL_VAN/MSD/trainer.py:51: UserWarning: Epoch 715/2500 0/25  loss: 0.8952  time 9.17s
  warnings.warn(
/home/karimimonsefi.1/SSL_VAN/MSD/trainer.py:51: UserWarning: Epoch 715/2500 1/25  loss: 0.8926  time 10.34s
  warnings.warn(
/home/karimimonsefi.1/SSL_VAN/MSD/trainer.py:51: UserWarning: Epoch 715/2500 2/25  loss: 0.8933  time 1.30s
  warnings.warn(
/home/karimimonsefi.1/SSL_VAN/MSD/trainer.py:51: UserWarning: Epoch 715/2500 3/25  loss: 0.8951  time 1.31s
  warnings.warn(
/home/karimimonsefi.1/SSL_VAN/MSD/trainer.py:51: UserWarning: Epoch 715/2500 4/25  loss: 0.9000  time 1.31s
  warnings.warn(
/home/karimimonsefi.1/SSL_VAN/MSD/trainer.py:51: UserWarning: Epoch 715/2500 5/25  loss: 0.8994  time 1.31s
  warnings.warn(
/home/karimimonsefi.1/SSL_VAN/MSD/trainer.py:51: UserWarning: Epoch 715/2500 6/25  loss: 0.8999  time 1.31s
  warnings.warn(
/home/karimimonsefi.1/SSL_VAN/MSD/trainer.py:51: UserWarning: Epoch 715/2500 7/25  loss: 0.9011  time 1.35s
  warnings.warn(
/home/karimimonsefi.1/SSL_VAN/MSD/trainer.py:51: UserWarning: Epoch 715/2500 8/25  loss: 0.9010  time 1.31s
  warnings.warn(
/home/karimimonsefi.1/SSL_VAN/MSD/trainer.py:51: UserWarning: Epoch 715/2500 9/25  loss: 0.9015  time 1.31s
  warnings.warn(
/home/karimimonsefi.1/SSL_VAN/MSD/trainer.py:51: UserWarning: Epoch 715/2500 10/25  loss: 0.9033  time 1.32s
  warnings.warn(
/home/karimimonsefi.1/SSL_VAN/MSD/trainer.py:51: UserWarning: Epoch 715/2500 11/25  loss: 0.9031  time 1.33s
  warnings.warn(
/home/karimimonsefi.1/SSL_VAN/MSD/trainer.py:51: UserWarning: Epoch 715/2500 12/25  loss: 0.9031  time 1.31s
  warnings.warn(
/home/karimimonsefi.1/SSL_VAN/MSD/trainer.py:51: UserWarning: Epoch 715/2500 13/25  loss: 0.9034  time 1.32s
  warnings.warn(
/home/karimimonsefi.1/SSL_VAN/MSD/trainer.py:51: UserWarning: Epoch 715/2500 14/25  loss: 0.9038  time 1.31s
  warnings.warn(
/home/karimimonsefi.1/SSL_VAN/MSD/trainer.py:51: UserWarning: Epoch 715/2500 15/25  loss: 0.9045  time 1.31s
  warnings.warn(
/home/karimimonsefi.1/SSL_VAN/MSD/trainer.py:51: UserWarning: Epoch 715/2500 16/25  loss: 0.9047  time 1.31s
  warnings.warn(
/home/karimimonsefi.1/SSL_VAN/MSD/trainer.py:51: UserWarning: Epoch 715/2500 17/25  loss: 0.9032  time 1.31s
  warnings.warn(
/home/karimimonsefi.1/SSL_VAN/MSD/trainer.py:51: UserWarning: Epoch 715/2500 18/25  loss: 0.9031  time 1.31s
  warnings.warn(
/home/karimimonsefi.1/SSL_VAN/MSD/trainer.py:51: UserWarning: Epoch 715/2500 19/25  loss: 0.9035  time 1.31s
  warnings.warn(
/home/karimimonsefi.1/SSL_VAN/MSD/trainer.py:51: UserWarning: Epoch 715/2500 20/25  loss: 0.9036  time 1.31s
  warnings.warn(
/home/karimimonsefi.1/SSL_VAN/MSD/trainer.py:51: UserWarning: Epoch 715/2500 21/25  loss: 0.9035  time 1.31s
  warnings.warn(
/home/karimimonsefi.1/SSL_VAN/MSD/trainer.py:51: UserWarning: Epoch 715/2500 22/25  loss: 0.9039  time 1.31s
  warnings.warn(
/home/karimimonsefi.1/SSL_VAN/MSD/trainer.py:51: UserWarning: Epoch 715/2500 23/25  loss: 0.9043  time 1.31s
  warnings.warn(
/home/karimimonsefi.1/SSL_VAN/MSD/trainer.py:51: UserWarning: Epoch 715/2500 24/25  loss: 0.9040  time 1.31s
  warnings.warn(
/home/karimimonsefi.1/SSL_VAN/MSD/trainer.py:153: UserWarning: Final training  715/2499  loss: 0.9040  time 49.73s
  warnings.warn("Final training  {}/{}  loss: {:.4f}  time {:.2f}s".format(epoch, args.max_epochs - 1,
/home/karimimonsefi.1/SSL_VAN/MSD/trainer.py:147: UserWarning: 1  Tue Aug  1 08:25:40 2023  Epoch: 716
  warnings.warn(f"{args.rank}  {time.ctime()}  Epoch: {epoch}")
/home/karimimonsefi.1/SSL_VAN/MSD/trainer.py:147: UserWarning: 0  Tue Aug  1 08:25:40 2023  Epoch: 716
  warnings.warn(f"{args.rank}  {time.ctime()}  Epoch: {epoch}")
/home/karimimonsefi.1/SSL_VAN/MSD/trainer.py:51: UserWarning: Epoch 716/2500 0/25  loss: 0.9027  time 13.67s
  warnings.warn(
/home/karimimonsefi.1/SSL_VAN/MSD/trainer.py:51: UserWarning: Epoch 716/2500 1/25  loss: 0.9069  time 1.31s
  warnings.warn(
/home/karimimonsefi.1/SSL_VAN/MSD/trainer.py:51: UserWarning: Epoch 716/2500 2/25  loss: 0.9064  time 1.35s
  warnings.warn(
/home/karimimonsefi.1/SSL_VAN/MSD/trainer.py:51: UserWarning: Epoch 716/2500 3/25  loss: 0.9062  time 1.31s
  warnings.warn(
/home/karimimonsefi.1/SSL_VAN/MSD/trainer.py:51: UserWarning: Epoch 716/2500 4/25  loss: 0.9065  time 1.31s
  warnings.warn(
/home/karimimonsefi.1/SSL_VAN/MSD/trainer.py:51: UserWarning: Epoch 716/2500 5/25  loss: 0.9073  time 1.31s
  warnings.warn(
/home/karimimonsefi.1/SSL_VAN/MSD/trainer.py:51: UserWarning: Epoch 716/2500 6/25  loss: 0.9059  time 1.32s
  warnings.warn(
/home/karimimonsefi.1/SSL_VAN/MSD/trainer.py:51: UserWarning: Epoch 716/2500 7/25  loss: 0.9051  time 1.32s
  warnings.warn(
/home/karimimonsefi.1/SSL_VAN/MSD/trainer.py:51: UserWarning: Epoch 716/2500 8/25  loss: 0.9057  time 1.32s
  warnings.warn(
/home/karimimonsefi.1/SSL_VAN/MSD/trainer.py:51: UserWarning: Epoch 716/2500 9/25  loss: 0.9050  time 1.31s
  warnings.warn(
/home/karimimonsefi.1/SSL_VAN/MSD/trainer.py:51: UserWarning: Epoch 716/2500 10/25  loss: 0.9052  time 1.31s
  warnings.warn(
/home/karimimonsefi.1/SSL_VAN/MSD/trainer.py:51: UserWarning: Epoch 716/2500 11/25  loss: 0.9044  time 1.32s
  warnings.warn(
/home/karimimonsefi.1/SSL_VAN/MSD/trainer.py:51: UserWarning: Epoch 716/2500 12/25  loss: 0.9038  time 1.32s
  warnings.warn(
/home/karimimonsefi.1/SSL_VAN/MSD/trainer.py:51: UserWarning: Epoch 716/2500 13/25  loss: 0.9036  time 1.32s
  warnings.warn(
/home/karimimonsefi.1/SSL_VAN/MSD/trainer.py:51: UserWarning: Epoch 716/2500 14/25  loss: 0.9030  time 1.33s
  warnings.warn(
/home/karimimonsefi.1/SSL_VAN/MSD/trainer.py:51: UserWarning: Epoch 716/2500 15/25  loss: 0.9029  time 1.31s
  warnings.warn(
/home/karimimonsefi.1/SSL_VAN/MSD/trainer.py:51: UserWarning: Epoch 716/2500 16/25  loss: 0.9030  time 1.32s
  warnings.warn(
/home/karimimonsefi.1/SSL_VAN/MSD/trainer.py:51: UserWarning: Epoch 716/2500 17/25  loss: 0.9026  time 1.32s
  warnings.warn(
/home/karimimonsefi.1/SSL_VAN/MSD/trainer.py:51: UserWarning: Epoch 716/2500 18/25  loss: 0.9035  time 1.31s
  warnings.warn(
