/var/spool/slurmd/job73090/slurm_script: line 11: cd: SSL_VAN: No such file or directory

----------------------------------------------------------------------------
  cuda:
----------------------------------------------------------------------------
     Versions:
        cuda/10.2
        cuda/11.0
        cuda/11.2
        cuda/11.3
        cuda/11.4
        cuda/11.5
        cuda/11.6
        cuda/11.7
        cuda/11.8
        cuda/12.0

----------------------------------------------------------------------------
  For detailed information about a specific "cuda" package (including how to load the modules) use the module's full name.
  Note that names that have a trailing (E) are extensions provided by other modules.
  For example:

     $ module spider cuda/12.0
----------------------------------------------------------------------------

 


CommandNotFoundError: Your shell has not been properly configured to use 'conda activate'.
To initialize your shell, run

    $ conda init <SHELL_NAME>

Currently supported shells are:
  - bash
  - fish
  - tcsh
  - xonsh
  - zsh
  - powershell

See 'conda init --help' for more information and options.

IMPORTANT: You may need to close and restart your shell after running 'conda init'.


/home/karimimonsefi.1/miniconda3/lib/python3.9/site-packages/mmcv/__init__.py:20: UserWarning: On January 1, 2023, MMCV will release v2.0.0, in which it will remove components related to the training process and add a data transformation module. In addition, it will rename the package names mmcv to mmcv-lite and mmcv-full to mmcv. See https://github.com/open-mmlab/mmcv/blob/master/docs/en/compatibility.md for more details.
  warnings.warn(
/home/karimimonsefi.1/SSL_VAN/MSD/main.py:135: UserWarning: Found total gpus 2
  warnings.warn("Found total gpus {}".format(args.ngpus_per_node))
/home/karimimonsefi.1/miniconda3/lib/python3.9/site-packages/mmcv/__init__.py:20: UserWarning: On January 1, 2023, MMCV will release v2.0.0, in which it will remove components related to the training process and add a data transformation module. In addition, it will rename the package names mmcv to mmcv-lite and mmcv-full to mmcv. See https://github.com/open-mmlab/mmcv/blob/master/docs/en/compatibility.md for more details.
  warnings.warn(
/home/karimimonsefi.1/miniconda3/lib/python3.9/site-packages/mmcv/__init__.py:20: UserWarning: On January 1, 2023, MMCV will release v2.0.0, in which it will remove components related to the training process and add a data transformation module. In addition, it will rename the package names mmcv to mmcv-lite and mmcv-full to mmcv. See https://github.com/open-mmlab/mmcv/blob/master/docs/en/compatibility.md for more details.
  warnings.warn(
/home/karimimonsefi.1/SSL_VAN/MSD/main.py:155: UserWarning: 1 gpu 1
  warnings.warn(f"{args.rank} gpu {args.gpu}")
/home/karimimonsefi.1/SSL_VAN/MSD/main.py:155: UserWarning: 0 gpu 0
  warnings.warn(f"{args.rank} gpu {args.gpu}")
/home/karimimonsefi.1/SSL_VAN/MSD/main.py:157: UserWarning: Batch size is: 1 epochs 1000 and task is Task08_HepaticVessel
  warnings.warn(f"Batch size is: {args.batch_size} epochs {args.max_epochs} and task is {args.task}")
/home/karimimonsefi.1/SSL_VAN/commons/models/van_v4_122gl.py:11: UserWarning: embed_dims GL = [64, 128, 256, 512]
  warnings.warn(f'embed_dims GL = {embed_dims}')
/home/karimimonsefi.1/SSL_VAN/commons/models/van_v4_122gl.py:11: UserWarning: embed_dims GL = [64, 128, 256, 512]
  warnings.warn(f'embed_dims GL = {embed_dims}')
/home/karimimonsefi.1/miniconda3/lib/python3.9/site-packages/monai/transforms/post/array.py:176: UserWarning: `to_onehot=True/False` is deprecated, please use `to_onehot=num_classes` instead.
  warnings.warn("`to_onehot=True/False` is deprecated, please use `to_onehot=num_classes` instead.")
/home/karimimonsefi.1/miniconda3/lib/python3.9/site-packages/monai/transforms/post/array.py:176: UserWarning: `to_onehot=True/False` is deprecated, please use `to_onehot=num_classes` instead.
  warnings.warn("`to_onehot=True/False` is deprecated, please use `to_onehot=num_classes` instead.")
/home/karimimonsefi.1/SSL_VAN/MSD/main.py:190: UserWarning: Total parameters count 67579560
  warnings.warn(f"Total parameters count {pytorch_total_params}")
/home/karimimonsefi.1/SSL_VAN/MSD/main.py:193: UserWarning: Total args.checkpoint True
  warnings.warn(f"Total args.checkpoint {args.checkpoint}")
/home/karimimonsefi.1/SSL_VAN/MSD/main.py:190: UserWarning: Total parameters count 67579560
  warnings.warn(f"Total parameters count {pytorch_total_params}")
/home/karimimonsefi.1/SSL_VAN/MSD/main.py:193: UserWarning: Total args.checkpoint True
  warnings.warn(f"Total args.checkpoint {args.checkpoint}")
/home/karimimonsefi.1/SSL_VAN/commons/util.py:6: UserWarning:  base_url is 64-128-256-512_3-4-6-3_8-8-4-4_vae_inferer_valid_loader_VANV4122GL_Task08_HepaticVessel
  warnings.warn(f" base_url is {base_url}")
/home/karimimonsefi.1/SSL_VAN/commons/util.py:8: UserWarning:  output_url 1 is ./runs/MSD_new/test_log/output_False_False
  warnings.warn(f" output_url 1 is {output_url}")
/home/karimimonsefi.1/SSL_VAN/commons/util.py:6: UserWarning:  base_url is 64-128-256-512_3-4-6-3_8-8-4-4_vae_inferer_valid_loader_VANV4122GL_Task08_HepaticVessel
  warnings.warn(f" base_url is {base_url}")
/home/karimimonsefi.1/SSL_VAN/commons/util.py:9: UserWarning:  exists 1 is True
  warnings.warn(f" exists 1 is {os.path.exists(output_url)}")
/home/karimimonsefi.1/SSL_VAN/commons/util.py:8: UserWarning:  output_url 1 is ./runs/MSD_new/test_log/output_False_False
  warnings.warn(f" output_url 1 is {output_url}")
/home/karimimonsefi.1/SSL_VAN/commons/util.py:13: UserWarning:  output_url 2 is ./runs/MSD_new/test_log/output_False_False/64-128-256-512_3-4-6-3_8-8-4-4_vae_inferer_valid_loader_VANV4122GL_Task08_HepaticVessel
  warnings.warn(f" output_url 2 is {output_url}")
/home/karimimonsefi.1/SSL_VAN/commons/util.py:9: UserWarning:  exists 1 is True
  warnings.warn(f" exists 1 is {os.path.exists(output_url)}")
/home/karimimonsefi.1/SSL_VAN/commons/util.py:13: UserWarning:  output_url 2 is ./runs/MSD_new/test_log/output_False_False/64-128-256-512_3-4-6-3_8-8-4-4_vae_inferer_valid_loader_VANV4122GL_Task08_HepaticVessel
  warnings.warn(f" output_url 2 is {output_url}")
/home/karimimonsefi.1/SSL_VAN/commons/util.py:14: UserWarning:  exists 2 is True
  warnings.warn(f" exists 2 is {os.path.exists(output_url)}")
/home/karimimonsefi.1/SSL_VAN/commons/util.py:20: UserWarning:  Best url model is 64-128-256-512_3-4-6-3_8-8-4-4_vae_inferer_valid_loader_VANV4122GL_Task08_HepaticVessel__best.pt, final model url is 64-128-256-512_3-4-6-3_8-8-4-4_vae_inferer_valid_loader_VANV4122GL_Task08_HepaticVessel__final.pt
  warnings.warn(f" Best url model is {args.best_model_url}, final model url is {args.final_model_url}")
/home/karimimonsefi.1/SSL_VAN/commons/util.py:14: UserWarning:  exists 2 is True
  warnings.warn(f" exists 2 is {os.path.exists(output_url)}")
/home/karimimonsefi.1/SSL_VAN/commons/util.py:20: UserWarning:  Best url model is 64-128-256-512_3-4-6-3_8-8-4-4_vae_inferer_valid_loader_VANV4122GL_Task08_HepaticVessel__best.pt, final model url is 64-128-256-512_3-4-6-3_8-8-4-4_vae_inferer_valid_loader_VANV4122GL_Task08_HepaticVessel__final.pt
  warnings.warn(f" Best url model is {args.best_model_url}, final model url is {args.final_model_url}")
/home/karimimonsefi.1/SSL_VAN/MSD/main.py:207: UserWarning: => loaded checkpoint 'True' (epoch 46) (bestacc 0.4540694057941437)
  warnings.warn("=> loaded checkpoint '{}' (epoch {}) (bestacc {})".format(
/home/karimimonsefi.1/SSL_VAN/MSD/main.py:207: UserWarning: => loaded checkpoint 'True' (epoch 46) (bestacc 0.4540694057941437)
  warnings.warn("=> loaded checkpoint '{}' (epoch {}) (bestacc {})".format(
/home/karimimonsefi.1/SSL_VAN/MSD/trainer.py:139: UserWarning: Writing Tensorboard logs to ./runs/MSD_new/test_log
  warnings.warn(f"Writing Tensorboard logs to {args.logdir}")
/home/karimimonsefi.1/SSL_VAN/MSD/trainer.py:147: UserWarning: 0  Wed Aug  9 13:00:39 2023  Epoch: 46
  warnings.warn(f"{args.rank}  {time.ctime()}  Epoch: {epoch}")
/home/karimimonsefi.1/SSL_VAN/MSD/trainer.py:147: UserWarning: 1  Wed Aug  9 13:00:39 2023  Epoch: 46
  warnings.warn(f"{args.rank}  {time.ctime()}  Epoch: {epoch}")
/home/karimimonsefi.1/SSL_VAN/MSD/trainer.py:29: UserWarning: input size torch.Size([6, 1, 96, 96, 96])
  warnings.warn("input size {}".format(data.shape))
/home/karimimonsefi.1/SSL_VAN/MSD/trainer.py:29: UserWarning: input size torch.Size([6, 1, 96, 96, 96])
  warnings.warn("input size {}".format(data.shape))
[W reducer.cpp:1298] Warning: find_unused_parameters=True was specified in DDP constructor, but did not find any unused parameters in the forward pass. This flag results in an extra traversal of the autograd graph every iteration,  which can adversely affect performance. If your model indeed never has any unused parameters in the forward pass, consider turning this flag off. Note that this warning may be a false positive if your model has flow control causing later iterations to have unused parameters. (function operator())
[W reducer.cpp:1298] Warning: find_unused_parameters=True was specified in DDP constructor, but did not find any unused parameters in the forward pass. This flag results in an extra traversal of the autograd graph every iteration,  which can adversely affect performance. If your model indeed never has any unused parameters in the forward pass, consider turning this flag off. Note that this warning may be a false positive if your model has flow control causing later iterations to have unused parameters. (function operator())
/home/karimimonsefi.1/SSL_VAN/MSD/trainer.py:51: UserWarning: Epoch 46/1000 0/121  loss: 3.0454  time 42.68s
  warnings.warn(
/home/karimimonsefi.1/SSL_VAN/MSD/trainer.py:51: UserWarning: Epoch 46/1000 1/121  loss: 3.0539  time 1.00s
  warnings.warn(
/home/karimimonsefi.1/SSL_VAN/MSD/trainer.py:51: UserWarning: Epoch 46/1000 2/121  loss: 3.0517  time 1.15s
  warnings.warn(
/home/karimimonsefi.1/SSL_VAN/MSD/trainer.py:51: UserWarning: Epoch 46/1000 3/121  loss: 3.0511  time 1.02s
  warnings.warn(
/home/karimimonsefi.1/SSL_VAN/MSD/trainer.py:51: UserWarning: Epoch 46/1000 4/121  loss: 3.0496  time 1.01s
  warnings.warn(
/home/karimimonsefi.1/SSL_VAN/MSD/trainer.py:51: UserWarning: Epoch 46/1000 5/121  loss: 3.0480  time 1.00s
  warnings.warn(
/home/karimimonsefi.1/SSL_VAN/MSD/trainer.py:51: UserWarning: Epoch 46/1000 6/121  loss: 3.0487  time 1.11s
  warnings.warn(
/home/karimimonsefi.1/SSL_VAN/MSD/trainer.py:51: UserWarning: Epoch 46/1000 7/121  loss: 3.0471  time 1.03s
  warnings.warn(
/home/karimimonsefi.1/SSL_VAN/MSD/trainer.py:51: UserWarning: Epoch 46/1000 8/121  loss: 3.0458  time 1.05s
  warnings.warn(
/home/karimimonsefi.1/SSL_VAN/MSD/trainer.py:51: UserWarning: Epoch 46/1000 9/121  loss: 3.0479  time 1.03s
  warnings.warn(
/home/karimimonsefi.1/SSL_VAN/MSD/trainer.py:51: UserWarning: Epoch 46/1000 10/121  loss: 3.0486  time 1.02s
  warnings.warn(
/home/karimimonsefi.1/SSL_VAN/MSD/trainer.py:51: UserWarning: Epoch 46/1000 11/121  loss: 3.0485  time 1.05s
  warnings.warn(
/home/karimimonsefi.1/SSL_VAN/MSD/trainer.py:51: UserWarning: Epoch 46/1000 12/121  loss: 3.0489  time 1.01s
  warnings.warn(
/home/karimimonsefi.1/SSL_VAN/MSD/trainer.py:51: UserWarning: Epoch 46/1000 13/121  loss: 3.0490  time 1.01s
  warnings.warn(
/home/karimimonsefi.1/SSL_VAN/MSD/trainer.py:51: UserWarning: Epoch 46/1000 14/121  loss: 3.0477  time 1.06s
  warnings.warn(
/home/karimimonsefi.1/SSL_VAN/MSD/trainer.py:51: UserWarning: Epoch 46/1000 15/121  loss: 3.0472  time 1.02s
  warnings.warn(
/home/karimimonsefi.1/SSL_VAN/MSD/trainer.py:51: UserWarning: Epoch 46/1000 16/121  loss: 3.0464  time 1.02s
  warnings.warn(
/home/karimimonsefi.1/SSL_VAN/MSD/trainer.py:51: UserWarning: Epoch 46/1000 17/121  loss: 3.0465  time 1.08s
  warnings.warn(
/home/karimimonsefi.1/SSL_VAN/MSD/trainer.py:51: UserWarning: Epoch 46/1000 18/121  loss: 3.0459  time 1.01s
  warnings.warn(
/home/karimimonsefi.1/SSL_VAN/MSD/trainer.py:51: UserWarning: Epoch 46/1000 19/121  loss: 3.0452  time 1.03s
  warnings.warn(
/home/karimimonsefi.1/SSL_VAN/MSD/trainer.py:51: UserWarning: Epoch 46/1000 20/121  loss: 3.0445  time 1.03s
  warnings.warn(
/home/karimimonsefi.1/SSL_VAN/MSD/trainer.py:51: UserWarning: Epoch 46/1000 21/121  loss: 3.0439  time 1.09s
  warnings.warn(
/home/karimimonsefi.1/SSL_VAN/MSD/trainer.py:51: UserWarning: Epoch 46/1000 22/121  loss: 3.0433  time 1.05s
  warnings.warn(
/home/karimimonsefi.1/SSL_VAN/MSD/trainer.py:51: UserWarning: Epoch 46/1000 23/121  loss: 3.0425  time 1.03s
  warnings.warn(
/home/karimimonsefi.1/SSL_VAN/MSD/trainer.py:51: UserWarning: Epoch 46/1000 24/121  loss: 3.0417  time 1.06s
  warnings.warn(
/home/karimimonsefi.1/SSL_VAN/MSD/trainer.py:51: UserWarning: Epoch 46/1000 25/121  loss: 3.0413  time 1.00s
  warnings.warn(
/home/karimimonsefi.1/SSL_VAN/MSD/trainer.py:51: UserWarning: Epoch 46/1000 26/121  loss: 3.0402  time 1.03s
  warnings.warn(
/home/karimimonsefi.1/SSL_VAN/MSD/trainer.py:51: UserWarning: Epoch 46/1000 27/121  loss: 3.0392  time 1.08s
  warnings.warn(
/home/karimimonsefi.1/SSL_VAN/MSD/trainer.py:51: UserWarning: Epoch 46/1000 28/121  loss: 3.0384  time 1.01s
  warnings.warn(
/home/karimimonsefi.1/SSL_VAN/MSD/trainer.py:51: UserWarning: Epoch 46/1000 29/121  loss: 3.0377  time 1.02s
  warnings.warn(
/home/karimimonsefi.1/SSL_VAN/MSD/trainer.py:51: UserWarning: Epoch 46/1000 30/121  loss: 3.0363  time 1.03s
  warnings.warn(
/home/karimimonsefi.1/SSL_VAN/MSD/trainer.py:51: UserWarning: Epoch 46/1000 31/121  loss: 3.0350  time 1.05s
  warnings.warn(
/home/karimimonsefi.1/SSL_VAN/MSD/trainer.py:51: UserWarning: Epoch 46/1000 32/121  loss: 3.0343  time 1.03s
  warnings.warn(
/home/karimimonsefi.1/SSL_VAN/MSD/trainer.py:51: UserWarning: Epoch 46/1000 33/121  loss: 3.0333  time 1.00s
  warnings.warn(
/home/karimimonsefi.1/SSL_VAN/MSD/trainer.py:51: UserWarning: Epoch 46/1000 34/121  loss: 3.0329  time 1.01s
  warnings.warn(
/home/karimimonsefi.1/SSL_VAN/MSD/trainer.py:51: UserWarning: Epoch 46/1000 35/121  loss: 3.0328  time 1.08s
  warnings.warn(
/home/karimimonsefi.1/SSL_VAN/MSD/trainer.py:51: UserWarning: Epoch 46/1000 36/121  loss: 3.0323  time 1.02s
  warnings.warn(
/home/karimimonsefi.1/SSL_VAN/MSD/trainer.py:51: UserWarning: Epoch 46/1000 37/121  loss: 3.0315  time 1.01s
  warnings.warn(
/home/karimimonsefi.1/SSL_VAN/MSD/trainer.py:51: UserWarning: Epoch 46/1000 38/121  loss: 3.0307  time 1.07s
  warnings.warn(
/home/karimimonsefi.1/SSL_VAN/MSD/trainer.py:51: UserWarning: Epoch 46/1000 39/121  loss: 3.0297  time 1.04s
  warnings.warn(
/home/karimimonsefi.1/SSL_VAN/MSD/trainer.py:51: UserWarning: Epoch 46/1000 40/121  loss: 3.0293  time 1.13s
  warnings.warn(
/home/karimimonsefi.1/SSL_VAN/MSD/trainer.py:51: UserWarning: Epoch 46/1000 41/121  loss: 3.0282  time 1.02s
  warnings.warn(
/home/karimimonsefi.1/SSL_VAN/MSD/trainer.py:51: UserWarning: Epoch 46/1000 42/121  loss: 3.0277  time 1.01s
  warnings.warn(
/home/karimimonsefi.1/SSL_VAN/MSD/trainer.py:51: UserWarning: Epoch 46/1000 43/121  loss: 3.0272  time 1.00s
  warnings.warn(
/home/karimimonsefi.1/SSL_VAN/MSD/trainer.py:51: UserWarning: Epoch 46/1000 44/121  loss: 3.0263  time 1.01s
  warnings.warn(
/home/karimimonsefi.1/SSL_VAN/MSD/trainer.py:51: UserWarning: Epoch 46/1000 45/121  loss: 3.0257  time 1.01s
  warnings.warn(
/home/karimimonsefi.1/SSL_VAN/MSD/trainer.py:51: UserWarning: Epoch 46/1000 46/121  loss: 3.0252  time 1.03s
  warnings.warn(
/home/karimimonsefi.1/SSL_VAN/MSD/trainer.py:51: UserWarning: Epoch 46/1000 47/121  loss: 3.0248  time 1.03s
  warnings.warn(
/home/karimimonsefi.1/SSL_VAN/MSD/trainer.py:51: UserWarning: Epoch 46/1000 48/121  loss: 3.0238  time 1.03s
  warnings.warn(
/home/karimimonsefi.1/SSL_VAN/MSD/trainer.py:51: UserWarning: Epoch 46/1000 49/121  loss: 3.0232  time 1.01s
  warnings.warn(
/home/karimimonsefi.1/SSL_VAN/MSD/trainer.py:51: UserWarning: Epoch 46/1000 50/121  loss: 3.0229  time 1.02s
  warnings.warn(
/home/karimimonsefi.1/SSL_VAN/MSD/trainer.py:51: UserWarning: Epoch 46/1000 51/121  loss: 3.0217  time 1.00s
  warnings.warn(
/home/karimimonsefi.1/SSL_VAN/MSD/trainer.py:51: UserWarning: Epoch 46/1000 52/121  loss: 3.0208  time 1.01s
  warnings.warn(
/home/karimimonsefi.1/SSL_VAN/MSD/trainer.py:51: UserWarning: Epoch 46/1000 53/121  loss: 3.0205  time 1.07s
  warnings.warn(
/home/karimimonsefi.1/SSL_VAN/MSD/trainer.py:51: UserWarning: Epoch 46/1000 54/121  loss: 3.0197  time 1.01s
  warnings.warn(
/home/karimimonsefi.1/SSL_VAN/MSD/trainer.py:51: UserWarning: Epoch 46/1000 55/121  loss: 3.0193  time 1.03s
  warnings.warn(
/home/karimimonsefi.1/SSL_VAN/MSD/trainer.py:51: UserWarning: Epoch 46/1000 56/121  loss: 3.0189  time 1.17s
  warnings.warn(
/home/karimimonsefi.1/SSL_VAN/MSD/trainer.py:51: UserWarning: Epoch 46/1000 57/121  loss: 3.0185  time 1.01s
  warnings.warn(
/home/karimimonsefi.1/SSL_VAN/MSD/trainer.py:51: UserWarning: Epoch 46/1000 58/121  loss: 3.0181  time 1.05s
  warnings.warn(
/home/karimimonsefi.1/SSL_VAN/MSD/trainer.py:51: UserWarning: Epoch 46/1000 59/121  loss: 3.0175  time 1.00s
  warnings.warn(
/home/karimimonsefi.1/SSL_VAN/MSD/trainer.py:51: UserWarning: Epoch 46/1000 60/121  loss: 3.0170  time 1.02s
  warnings.warn(
/home/karimimonsefi.1/SSL_VAN/MSD/trainer.py:51: UserWarning: Epoch 46/1000 61/121  loss: 3.0165  time 1.12s
  warnings.warn(
/home/karimimonsefi.1/SSL_VAN/MSD/trainer.py:51: UserWarning: Epoch 46/1000 62/121  loss: 3.0160  time 1.01s
  warnings.warn(
/home/karimimonsefi.1/SSL_VAN/MSD/trainer.py:51: UserWarning: Epoch 46/1000 63/121  loss: 3.0154  time 1.00s
  warnings.warn(
/home/karimimonsefi.1/SSL_VAN/MSD/trainer.py:51: UserWarning: Epoch 46/1000 64/121  loss: 3.0148  time 1.03s
  warnings.warn(
/home/karimimonsefi.1/SSL_VAN/MSD/trainer.py:51: UserWarning: Epoch 46/1000 65/121  loss: 3.0144  time 1.00s
  warnings.warn(
/home/karimimonsefi.1/SSL_VAN/MSD/trainer.py:51: UserWarning: Epoch 46/1000 66/121  loss: 3.0137  time 1.05s
  warnings.warn(
/home/karimimonsefi.1/SSL_VAN/MSD/trainer.py:51: UserWarning: Epoch 46/1000 67/121  loss: 3.0131  time 1.09s
  warnings.warn(
/home/karimimonsefi.1/SSL_VAN/MSD/trainer.py:51: UserWarning: Epoch 46/1000 68/121  loss: 3.0126  time 1.03s
  warnings.warn(
/home/karimimonsefi.1/SSL_VAN/MSD/trainer.py:51: UserWarning: Epoch 46/1000 69/121  loss: 3.0120  time 1.01s
  warnings.warn(
/home/karimimonsefi.1/SSL_VAN/MSD/trainer.py:51: UserWarning: Epoch 46/1000 70/121  loss: 3.0114  time 1.06s
  warnings.warn(
/home/karimimonsefi.1/SSL_VAN/MSD/trainer.py:51: UserWarning: Epoch 46/1000 71/121  loss: 3.0109  time 1.02s
  warnings.warn(
/home/karimimonsefi.1/SSL_VAN/MSD/trainer.py:51: UserWarning: Epoch 46/1000 72/121  loss: 3.0108  time 1.01s
  warnings.warn(
/home/karimimonsefi.1/SSL_VAN/MSD/trainer.py:51: UserWarning: Epoch 46/1000 73/121  loss: 3.0102  time 0.99s
  warnings.warn(
/home/karimimonsefi.1/SSL_VAN/MSD/trainer.py:51: UserWarning: Epoch 46/1000 74/121  loss: 3.0097  time 1.03s
  warnings.warn(
/home/karimimonsefi.1/SSL_VAN/MSD/trainer.py:51: UserWarning: Epoch 46/1000 75/121  loss: 3.0091  time 1.05s
  warnings.warn(
/home/karimimonsefi.1/SSL_VAN/MSD/trainer.py:51: UserWarning: Epoch 46/1000 76/121  loss: 3.0086  time 1.09s
  warnings.warn(
/home/karimimonsefi.1/SSL_VAN/MSD/trainer.py:51: UserWarning: Epoch 46/1000 77/121  loss: 3.0080  time 1.08s
  warnings.warn(
/home/karimimonsefi.1/SSL_VAN/MSD/trainer.py:51: UserWarning: Epoch 46/1000 78/121  loss: 3.0075  time 1.07s
  warnings.warn(
/home/karimimonsefi.1/SSL_VAN/MSD/trainer.py:51: UserWarning: Epoch 46/1000 79/121  loss: 3.0069  time 1.07s
  warnings.warn(
/home/karimimonsefi.1/SSL_VAN/MSD/trainer.py:51: UserWarning: Epoch 46/1000 80/121  loss: 3.0064  time 1.08s
  warnings.warn(
/home/karimimonsefi.1/SSL_VAN/MSD/trainer.py:51: UserWarning: Epoch 46/1000 81/121  loss: 3.0057  time 1.06s
  warnings.warn(
/home/karimimonsefi.1/SSL_VAN/MSD/trainer.py:51: UserWarning: Epoch 46/1000 82/121  loss: 3.0051  time 1.04s
  warnings.warn(
/home/karimimonsefi.1/SSL_VAN/MSD/trainer.py:51: UserWarning: Epoch 46/1000 83/121  loss: 3.0044  time 1.01s
  warnings.warn(
/home/karimimonsefi.1/SSL_VAN/MSD/trainer.py:51: UserWarning: Epoch 46/1000 84/121  loss: 3.0037  time 1.00s
  warnings.warn(
/home/karimimonsefi.1/SSL_VAN/MSD/trainer.py:51: UserWarning: Epoch 46/1000 85/121  loss: 3.0029  time 1.03s
  warnings.warn(
/home/karimimonsefi.1/SSL_VAN/MSD/trainer.py:51: UserWarning: Epoch 46/1000 86/121  loss: 3.0021  time 1.03s
  warnings.warn(
/home/karimimonsefi.1/SSL_VAN/MSD/trainer.py:51: UserWarning: Epoch 46/1000 87/121  loss: 3.0016  time 2.55s
  warnings.warn(
/home/karimimonsefi.1/SSL_VAN/MSD/trainer.py:51: UserWarning: Epoch 46/1000 88/121  loss: 3.0012  time 1.00s
  warnings.warn(
/home/karimimonsefi.1/SSL_VAN/MSD/trainer.py:51: UserWarning: Epoch 46/1000 89/121  loss: 3.0007  time 1.05s
  warnings.warn(
/home/karimimonsefi.1/SSL_VAN/MSD/trainer.py:51: UserWarning: Epoch 46/1000 90/121  loss: 3.0000  time 1.02s
  warnings.warn(
/home/karimimonsefi.1/SSL_VAN/MSD/trainer.py:51: UserWarning: Epoch 46/1000 91/121  loss: 2.9994  time 1.00s
  warnings.warn(
/home/karimimonsefi.1/SSL_VAN/MSD/trainer.py:51: UserWarning: Epoch 46/1000 92/121  loss: 2.9989  time 1.05s
  warnings.warn(
/home/karimimonsefi.1/SSL_VAN/MSD/trainer.py:51: UserWarning: Epoch 46/1000 93/121  loss: 2.9983  time 1.01s
  warnings.warn(
/home/karimimonsefi.1/SSL_VAN/MSD/trainer.py:51: UserWarning: Epoch 46/1000 94/121  loss: 2.9978  time 1.05s
  warnings.warn(
/home/karimimonsefi.1/SSL_VAN/MSD/trainer.py:51: UserWarning: Epoch 46/1000 95/121  loss: 2.9974  time 1.04s
  warnings.warn(
/home/karimimonsefi.1/SSL_VAN/MSD/trainer.py:51: UserWarning: Epoch 46/1000 96/121  loss: 2.9968  time 1.07s
  warnings.warn(
/home/karimimonsefi.1/SSL_VAN/MSD/trainer.py:51: UserWarning: Epoch 46/1000 97/121  loss: 2.9964  time 1.02s
  warnings.warn(
/home/karimimonsefi.1/SSL_VAN/MSD/trainer.py:51: UserWarning: Epoch 46/1000 98/121  loss: 2.9957  time 1.03s
  warnings.warn(
/home/karimimonsefi.1/SSL_VAN/MSD/trainer.py:51: UserWarning: Epoch 46/1000 99/121  loss: 2.9953  time 1.06s
  warnings.warn(
/home/karimimonsefi.1/SSL_VAN/MSD/trainer.py:51: UserWarning: Epoch 46/1000 100/121  loss: 2.9948  time 1.00s
  warnings.warn(
/home/karimimonsefi.1/SSL_VAN/MSD/trainer.py:51: UserWarning: Epoch 46/1000 101/121  loss: 2.9943  time 1.06s
  warnings.warn(
/home/karimimonsefi.1/SSL_VAN/MSD/trainer.py:51: UserWarning: Epoch 46/1000 102/121  loss: 2.9939  time 1.04s
  warnings.warn(
/home/karimimonsefi.1/SSL_VAN/MSD/trainer.py:51: UserWarning: Epoch 46/1000 103/121  loss: 2.9934  time 1.05s
  warnings.warn(
/home/karimimonsefi.1/SSL_VAN/MSD/trainer.py:51: UserWarning: Epoch 46/1000 104/121  loss: 2.9925  time 1.00s
  warnings.warn(
/home/karimimonsefi.1/SSL_VAN/MSD/trainer.py:51: UserWarning: Epoch 46/1000 105/121  loss: 2.9920  time 1.00s
  warnings.warn(
/home/karimimonsefi.1/SSL_VAN/MSD/trainer.py:51: UserWarning: Epoch 46/1000 106/121  loss: 2.9914  time 0.99s
  warnings.warn(
/home/karimimonsefi.1/SSL_VAN/MSD/trainer.py:51: UserWarning: Epoch 46/1000 107/121  loss: 2.9909  time 0.99s
  warnings.warn(
/home/karimimonsefi.1/SSL_VAN/MSD/trainer.py:51: UserWarning: Epoch 46/1000 108/121  loss: 2.9905  time 0.99s
  warnings.warn(
/home/karimimonsefi.1/SSL_VAN/MSD/trainer.py:51: UserWarning: Epoch 46/1000 109/121  loss: 2.9900  time 1.00s
  warnings.warn(
/home/karimimonsefi.1/SSL_VAN/MSD/trainer.py:51: UserWarning: Epoch 46/1000 110/121  loss: 2.9895  time 0.99s
  warnings.warn(
/home/karimimonsefi.1/SSL_VAN/MSD/trainer.py:51: UserWarning: Epoch 46/1000 111/121  loss: 2.9890  time 0.99s
  warnings.warn(
/home/karimimonsefi.1/SSL_VAN/MSD/trainer.py:51: UserWarning: Epoch 46/1000 112/121  loss: 2.9885  time 0.99s
  warnings.warn(
/home/karimimonsefi.1/SSL_VAN/MSD/trainer.py:51: UserWarning: Epoch 46/1000 113/121  loss: 2.9879  time 0.99s
  warnings.warn(
/home/karimimonsefi.1/SSL_VAN/MSD/trainer.py:51: UserWarning: Epoch 46/1000 114/121  loss: 2.9874  time 0.99s
  warnings.warn(
/home/karimimonsefi.1/SSL_VAN/MSD/trainer.py:51: UserWarning: Epoch 46/1000 115/121  loss: 2.9869  time 0.99s
  warnings.warn(
/home/karimimonsefi.1/SSL_VAN/MSD/trainer.py:51: UserWarning: Epoch 46/1000 116/121  loss: 2.9864  time 0.99s
  warnings.warn(
/home/karimimonsefi.1/SSL_VAN/MSD/trainer.py:51: UserWarning: Epoch 46/1000 117/121  loss: 2.9859  time 0.99s
  warnings.warn(
/home/karimimonsefi.1/SSL_VAN/MSD/trainer.py:51: UserWarning: Epoch 46/1000 118/121  loss: 2.9853  time 1.08s
  warnings.warn(
/home/karimimonsefi.1/SSL_VAN/MSD/trainer.py:51: UserWarning: Epoch 46/1000 119/121  loss: 2.9848  time 0.99s
  warnings.warn(
/home/karimimonsefi.1/SSL_VAN/MSD/trainer.py:51: UserWarning: Epoch 46/1000 120/121  loss: 2.9842  time 0.99s
  warnings.warn(
/home/karimimonsefi.1/SSL_VAN/MSD/trainer.py:153: UserWarning: Final training  46/999  loss: 2.9842  time 168.39s
  warnings.warn("Final training  {}/{}  loss: {:.4f}  time {:.2f}s".format(epoch, args.max_epochs - 1,
/home/karimimonsefi.1/SSL_VAN/MSD/trainer.py:100: UserWarning: Val 46/1000 0/31  acc [ 0.328]  time 16.39s
  warnings.warn("Val {}/{} {}/{}  acc {}  time {:.2f}s".format(epoch, args.max_epochs, idx, len(loader),
/home/karimimonsefi.1/SSL_VAN/MSD/trainer.py:102: UserWarning: Val 46/1000 0/31  acc 0.3279998302459717  time 16.39s
  warnings.warn("Val {}/{} {}/{}  acc {}  time {:.2f}s".format(epoch, args.max_epochs, idx, len(loader),
/home/karimimonsefi.1/SSL_VAN/MSD/trainer.py:100: UserWarning: Val 46/1000 1/31  acc [ 0.325]  time 12.15s
  warnings.warn("Val {}/{} {}/{}  acc {}  time {:.2f}s".format(epoch, args.max_epochs, idx, len(loader),
/home/karimimonsefi.1/SSL_VAN/MSD/trainer.py:102: UserWarning: Val 46/1000 1/31  acc 0.32542142271995544  time 12.15s
  warnings.warn("Val {}/{} {}/{}  acc {}  time {:.2f}s".format(epoch, args.max_epochs, idx, len(loader),
/home/karimimonsefi.1/SSL_VAN/MSD/trainer.py:100: UserWarning: Val 46/1000 2/31  acc [ 0.337]  time 13.77s
  warnings.warn("Val {}/{} {}/{}  acc {}  time {:.2f}s".format(epoch, args.max_epochs, idx, len(loader),
/home/karimimonsefi.1/SSL_VAN/MSD/trainer.py:102: UserWarning: Val 46/1000 2/31  acc 0.3372020721435547  time 13.77s
  warnings.warn("Val {}/{} {}/{}  acc {}  time {:.2f}s".format(epoch, args.max_epochs, idx, len(loader),
/home/karimimonsefi.1/SSL_VAN/MSD/trainer.py:100: UserWarning: Val 46/1000 3/31  acc [ 0.342]  time 5.56s
  warnings.warn("Val {}/{} {}/{}  acc {}  time {:.2f}s".format(epoch, args.max_epochs, idx, len(loader),
/home/karimimonsefi.1/SSL_VAN/MSD/trainer.py:102: UserWarning: Val 46/1000 3/31  acc 0.3415881395339966  time 5.56s
  warnings.warn("Val {}/{} {}/{}  acc {}  time {:.2f}s".format(epoch, args.max_epochs, idx, len(loader),
/home/karimimonsefi.1/SSL_VAN/MSD/trainer.py:100: UserWarning: Val 46/1000 4/31  acc [ 0.344]  time 11.30s
  warnings.warn("Val {}/{} {}/{}  acc {}  time {:.2f}s".format(epoch, args.max_epochs, idx, len(loader),
/home/karimimonsefi.1/SSL_VAN/MSD/trainer.py:102: UserWarning: Val 46/1000 4/31  acc 0.3443419337272644  time 11.30s
  warnings.warn("Val {}/{} {}/{}  acc {}  time {:.2f}s".format(epoch, args.max_epochs, idx, len(loader),
/home/karimimonsefi.1/SSL_VAN/MSD/trainer.py:100: UserWarning: Val 46/1000 5/31  acc [ 0.344]  time 8.87s
  warnings.warn("Val {}/{} {}/{}  acc {}  time {:.2f}s".format(epoch, args.max_epochs, idx, len(loader),
/home/karimimonsefi.1/SSL_VAN/MSD/trainer.py:102: UserWarning: Val 46/1000 5/31  acc 0.3439497947692871  time 8.87s
  warnings.warn("Val {}/{} {}/{}  acc {}  time {:.2f}s".format(epoch, args.max_epochs, idx, len(loader),
/home/karimimonsefi.1/SSL_VAN/MSD/trainer.py:100: UserWarning: Val 46/1000 6/31  acc [ 0.343]  time 17.12s
  warnings.warn("Val {}/{} {}/{}  acc {}  time {:.2f}s".format(epoch, args.max_epochs, idx, len(loader),
/home/karimimonsefi.1/SSL_VAN/MSD/trainer.py:102: UserWarning: Val 46/1000 6/31  acc 0.34255251288414  time 17.12s
  warnings.warn("Val {}/{} {}/{}  acc {}  time {:.2f}s".format(epoch, args.max_epochs, idx, len(loader),
/home/karimimonsefi.1/SSL_VAN/MSD/trainer.py:100: UserWarning: Val 46/1000 7/31  acc [ 0.341]  time 8.87s
  warnings.warn("Val {}/{} {}/{}  acc {}  time {:.2f}s".format(epoch, args.max_epochs, idx, len(loader),
/home/karimimonsefi.1/SSL_VAN/MSD/trainer.py:102: UserWarning: Val 46/1000 7/31  acc 0.3414020538330078  time 8.87s
  warnings.warn("Val {}/{} {}/{}  acc {}  time {:.2f}s".format(epoch, args.max_epochs, idx, len(loader),
/home/karimimonsefi.1/SSL_VAN/MSD/trainer.py:100: UserWarning: Val 46/1000 8/31  acc [ 0.345]  time 8.87s
  warnings.warn("Val {}/{} {}/{}  acc {}  time {:.2f}s".format(epoch, args.max_epochs, idx, len(loader),
/home/karimimonsefi.1/SSL_VAN/MSD/trainer.py:102: UserWarning: Val 46/1000 8/31  acc 0.3448109030723572  time 8.88s
  warnings.warn("Val {}/{} {}/{}  acc {}  time {:.2f}s".format(epoch, args.max_epochs, idx, len(loader),
/home/karimimonsefi.1/SSL_VAN/MSD/trainer.py:100: UserWarning: Val 46/1000 9/31  acc [ 0.344]  time 11.09s
  warnings.warn("Val {}/{} {}/{}  acc {}  time {:.2f}s".format(epoch, args.max_epochs, idx, len(loader),
/home/karimimonsefi.1/SSL_VAN/MSD/trainer.py:102: UserWarning: Val 46/1000 9/31  acc 0.3437466621398926  time 11.09s
  warnings.warn("Val {}/{} {}/{}  acc {}  time {:.2f}s".format(epoch, args.max_epochs, idx, len(loader),
/home/karimimonsefi.1/SSL_VAN/MSD/trainer.py:100: UserWarning: Val 46/1000 10/31  acc [ 0.342]  time 9.42s
  warnings.warn("Val {}/{} {}/{}  acc {}  time {:.2f}s".format(epoch, args.max_epochs, idx, len(loader),
/home/karimimonsefi.1/SSL_VAN/MSD/trainer.py:102: UserWarning: Val 46/1000 10/31  acc 0.34236985445022583  time 9.42s
  warnings.warn("Val {}/{} {}/{}  acc {}  time {:.2f}s".format(epoch, args.max_epochs, idx, len(loader),
/home/karimimonsefi.1/SSL_VAN/MSD/trainer.py:100: UserWarning: Val 46/1000 11/31  acc [ 0.343]  time 9.16s
  warnings.warn("Val {}/{} {}/{}  acc {}  time {:.2f}s".format(epoch, args.max_epochs, idx, len(loader),
/home/karimimonsefi.1/SSL_VAN/MSD/trainer.py:102: UserWarning: Val 46/1000 11/31  acc 0.343179315328598  time 9.16s
  warnings.warn("Val {}/{} {}/{}  acc {}  time {:.2f}s".format(epoch, args.max_epochs, idx, len(loader),
/home/karimimonsefi.1/SSL_VAN/MSD/trainer.py:100: UserWarning: Val 46/1000 12/31  acc [ 0.342]  time 11.04s
  warnings.warn("Val {}/{} {}/{}  acc {}  time {:.2f}s".format(epoch, args.max_epochs, idx, len(loader),
/home/karimimonsefi.1/SSL_VAN/MSD/trainer.py:102: UserWarning: Val 46/1000 12/31  acc 0.3421846628189087  time 11.04s
  warnings.warn("Val {}/{} {}/{}  acc {}  time {:.2f}s".format(epoch, args.max_epochs, idx, len(loader),
/home/karimimonsefi.1/SSL_VAN/MSD/trainer.py:100: UserWarning: Val 46/1000 13/31  acc [ 0.343]  time 7.28s
  warnings.warn("Val {}/{} {}/{}  acc {}  time {:.2f}s".format(epoch, args.max_epochs, idx, len(loader),
/home/karimimonsefi.1/SSL_VAN/MSD/trainer.py:102: UserWarning: Val 46/1000 13/31  acc 0.3431653380393982  time 7.28s
  warnings.warn("Val {}/{} {}/{}  acc {}  time {:.2f}s".format(epoch, args.max_epochs, idx, len(loader),
/home/karimimonsefi.1/SSL_VAN/MSD/trainer.py:100: UserWarning: Val 46/1000 14/31  acc [ 0.343]  time 11.53s
  warnings.warn("Val {}/{} {}/{}  acc {}  time {:.2f}s".format(epoch, args.max_epochs, idx, len(loader),
/home/karimimonsefi.1/SSL_VAN/MSD/trainer.py:102: UserWarning: Val 46/1000 14/31  acc 0.3430981934070587  time 11.53s
  warnings.warn("Val {}/{} {}/{}  acc {}  time {:.2f}s".format(epoch, args.max_epochs, idx, len(loader),
/home/karimimonsefi.1/SSL_VAN/MSD/trainer.py:100: UserWarning: Val 46/1000 15/31  acc [ 0.342]  time 8.84s
  warnings.warn("Val {}/{} {}/{}  acc {}  time {:.2f}s".format(epoch, args.max_epochs, idx, len(loader),
/home/karimimonsefi.1/SSL_VAN/MSD/trainer.py:102: UserWarning: Val 46/1000 15/31  acc 0.34206992387771606  time 8.84s
  warnings.warn("Val {}/{} {}/{}  acc {}  time {:.2f}s".format(epoch, args.max_epochs, idx, len(loader),
/home/karimimonsefi.1/SSL_VAN/MSD/trainer.py:100: UserWarning: Val 46/1000 16/31  acc [ 0.342]  time 12.04s
  warnings.warn("Val {}/{} {}/{}  acc {}  time {:.2f}s".format(epoch, args.max_epochs, idx, len(loader),
/home/karimimonsefi.1/SSL_VAN/MSD/trainer.py:102: UserWarning: Val 46/1000 16/31  acc 0.3418448269367218  time 12.04s
  warnings.warn("Val {}/{} {}/{}  acc {}  time {:.2f}s".format(epoch, args.max_epochs, idx, len(loader),
/home/karimimonsefi.1/SSL_VAN/MSD/trainer.py:100: UserWarning: Val 46/1000 17/31  acc [ 0.345]  time 5.42s
  warnings.warn("Val {}/{} {}/{}  acc {}  time {:.2f}s".format(epoch, args.max_epochs, idx, len(loader),
/home/karimimonsefi.1/SSL_VAN/MSD/trainer.py:102: UserWarning: Val 46/1000 17/31  acc 0.3450862467288971  time 5.42s
  warnings.warn("Val {}/{} {}/{}  acc {}  time {:.2f}s".format(epoch, args.max_epochs, idx, len(loader),
/home/karimimonsefi.1/SSL_VAN/MSD/trainer.py:100: UserWarning: Val 46/1000 18/31  acc [ 0.345]  time 14.19s
  warnings.warn("Val {}/{} {}/{}  acc {}  time {:.2f}s".format(epoch, args.max_epochs, idx, len(loader),
/home/karimimonsefi.1/SSL_VAN/MSD/trainer.py:102: UserWarning: Val 46/1000 18/31  acc 0.34458979964256287  time 14.20s
  warnings.warn("Val {}/{} {}/{}  acc {}  time {:.2f}s".format(epoch, args.max_epochs, idx, len(loader),
/home/karimimonsefi.1/SSL_VAN/MSD/trainer.py:100: UserWarning: Val 46/1000 19/31  acc [ 0.346]  time 11.20s
  warnings.warn("Val {}/{} {}/{}  acc {}  time {:.2f}s".format(epoch, args.max_epochs, idx, len(loader),
/home/karimimonsefi.1/SSL_VAN/MSD/trainer.py:102: UserWarning: Val 46/1000 19/31  acc 0.3464885354042053  time 11.20s
  warnings.warn("Val {}/{} {}/{}  acc {}  time {:.2f}s".format(epoch, args.max_epochs, idx, len(loader),
/home/karimimonsefi.1/SSL_VAN/MSD/trainer.py:100: UserWarning: Val 46/1000 20/31  acc [ 0.349]  time 7.10s
  warnings.warn("Val {}/{} {}/{}  acc {}  time {:.2f}s".format(epoch, args.max_epochs, idx, len(loader),
/home/karimimonsefi.1/SSL_VAN/MSD/trainer.py:102: UserWarning: Val 46/1000 20/31  acc 0.34921324253082275  time 7.10s
  warnings.warn("Val {}/{} {}/{}  acc {}  time {:.2f}s".format(epoch, args.max_epochs, idx, len(loader),
/home/karimimonsefi.1/SSL_VAN/MSD/trainer.py:100: UserWarning: Val 46/1000 21/31  acc [ 0.348]  time 11.52s
  warnings.warn("Val {}/{} {}/{}  acc {}  time {:.2f}s".format(epoch, args.max_epochs, idx, len(loader),
/home/karimimonsefi.1/SSL_VAN/MSD/trainer.py:102: UserWarning: Val 46/1000 21/31  acc 0.3483526408672333  time 11.52s
  warnings.warn("Val {}/{} {}/{}  acc {}  time {:.2f}s".format(epoch, args.max_epochs, idx, len(loader),
/home/karimimonsefi.1/SSL_VAN/MSD/trainer.py:100: UserWarning: Val 46/1000 22/31  acc [ 0.350]  time 11.04s
  warnings.warn("Val {}/{} {}/{}  acc {}  time {:.2f}s".format(epoch, args.max_epochs, idx, len(loader),
/home/karimimonsefi.1/SSL_VAN/MSD/trainer.py:102: UserWarning: Val 46/1000 22/31  acc 0.34971779584884644  time 11.04s
  warnings.warn("Val {}/{} {}/{}  acc {}  time {:.2f}s".format(epoch, args.max_epochs, idx, len(loader),
/home/karimimonsefi.1/SSL_VAN/MSD/trainer.py:100: UserWarning: Val 46/1000 23/31  acc [ 0.349]  time 8.96s
  warnings.warn("Val {}/{} {}/{}  acc {}  time {:.2f}s".format(epoch, args.max_epochs, idx, len(loader),
/home/karimimonsefi.1/SSL_VAN/MSD/trainer.py:102: UserWarning: Val 46/1000 23/31  acc 0.34942248463630676  time 8.96s
  warnings.warn("Val {}/{} {}/{}  acc {}  time {:.2f}s".format(epoch, args.max_epochs, idx, len(loader),
/home/karimimonsefi.1/SSL_VAN/MSD/trainer.py:100: UserWarning: Val 46/1000 24/31  acc [ 0.349]  time 7.08s
  warnings.warn("Val {}/{} {}/{}  acc {}  time {:.2f}s".format(epoch, args.max_epochs, idx, len(loader),
/home/karimimonsefi.1/SSL_VAN/MSD/trainer.py:102: UserWarning: Val 46/1000 24/31  acc 0.34891369938850403  time 7.08s
  warnings.warn("Val {}/{} {}/{}  acc {}  time {:.2f}s".format(epoch, args.max_epochs, idx, len(loader),
/home/karimimonsefi.1/SSL_VAN/MSD/trainer.py:100: UserWarning: Val 46/1000 25/31  acc [ 0.348]  time 11.22s
  warnings.warn("Val {}/{} {}/{}  acc {}  time {:.2f}s".format(epoch, args.max_epochs, idx, len(loader),
/home/karimimonsefi.1/SSL_VAN/MSD/trainer.py:102: UserWarning: Val 46/1000 25/31  acc 0.3481236696243286  time 11.22s
  warnings.warn("Val {}/{} {}/{}  acc {}  time {:.2f}s".format(epoch, args.max_epochs, idx, len(loader),
/home/karimimonsefi.1/SSL_VAN/MSD/trainer.py:100: UserWarning: Val 46/1000 26/31  acc [ 0.350]  time 11.24s
  warnings.warn("Val {}/{} {}/{}  acc {}  time {:.2f}s".format(epoch, args.max_epochs, idx, len(loader),
/home/karimimonsefi.1/SSL_VAN/MSD/trainer.py:102: UserWarning: Val 46/1000 26/31  acc 0.3497297167778015  time 11.24s
  warnings.warn("Val {}/{} {}/{}  acc {}  time {:.2f}s".format(epoch, args.max_epochs, idx, len(loader),
/home/karimimonsefi.1/SSL_VAN/MSD/trainer.py:100: UserWarning: Val 46/1000 27/31  acc [ 0.349]  time 5.56s
  warnings.warn("Val {}/{} {}/{}  acc {}  time {:.2f}s".format(epoch, args.max_epochs, idx, len(loader),
/home/karimimonsefi.1/SSL_VAN/MSD/trainer.py:102: UserWarning: Val 46/1000 27/31  acc 0.34863805770874023  time 5.56s
  warnings.warn("Val {}/{} {}/{}  acc {}  time {:.2f}s".format(epoch, args.max_epochs, idx, len(loader),
/home/karimimonsefi.1/SSL_VAN/MSD/trainer.py:100: UserWarning: Val 46/1000 28/31  acc [ 0.348]  time 16.53s
  warnings.warn("Val {}/{} {}/{}  acc {}  time {:.2f}s".format(epoch, args.max_epochs, idx, len(loader),
/home/karimimonsefi.1/SSL_VAN/MSD/trainer.py:102: UserWarning: Val 46/1000 28/31  acc 0.34805363416671753  time 16.53s
  warnings.warn("Val {}/{} {}/{}  acc {}  time {:.2f}s".format(epoch, args.max_epochs, idx, len(loader),
/home/karimimonsefi.1/SSL_VAN/MSD/trainer.py:100: UserWarning: Val 46/1000 29/31  acc [ 0.348]  time 7.06s
  warnings.warn("Val {}/{} {}/{}  acc {}  time {:.2f}s".format(epoch, args.max_epochs, idx, len(loader),
/home/karimimonsefi.1/SSL_VAN/MSD/trainer.py:102: UserWarning: Val 46/1000 29/31  acc 0.3476938307285309  time 7.06s
  warnings.warn("Val {}/{} {}/{}  acc {}  time {:.2f}s".format(epoch, args.max_epochs, idx, len(loader),
/home/karimimonsefi.1/SSL_VAN/MSD/trainer.py:100: UserWarning: Val 46/1000 30/31  acc [ 0.347]  time 7.27s
  warnings.warn("Val {}/{} {}/{}  acc {}  time {:.2f}s".format(epoch, args.max_epochs, idx, len(loader),
/home/karimimonsefi.1/SSL_VAN/MSD/trainer.py:102: UserWarning: Val 46/1000 30/31  acc 0.3472731411457062  time 7.27s
  warnings.warn("Val {}/{} {}/{}  acc {}  time {:.2f}s".format(epoch, args.max_epochs, idx, len(loader),
/home/karimimonsefi.1/SSL_VAN/MSD/trainer.py:177: UserWarning: Final validation  46/999  acc: 0.3473  time 318.83s
  warnings.warn("Final validation  {}/{}  acc: {:.4f}  time {:.2f}s".format(epoch, args.max_epochs - 1,
/home/karimimonsefi.1/SSL_VAN/MSD/trainer.py:117: UserWarning: Saving checkpoint ./runs/MSD_new/test_log/64-128-256-512_3-4-6-3_8-8-4-4_vae_inferer_valid_loader_VANV4122GL_Task08_HepaticVessel__final.pt
  warnings.warn(f"Saving checkpoint {filename}")
/home/karimimonsefi.1/SSL_VAN/MSD/trainer.py:147: UserWarning: 1  Wed Aug  9 13:08:48 2023  Epoch: 47
  warnings.warn(f"{args.rank}  {time.ctime()}  Epoch: {epoch}")
/home/karimimonsefi.1/SSL_VAN/MSD/trainer.py:147: UserWarning: 0  Wed Aug  9 13:08:49 2023  Epoch: 47
  warnings.warn(f"{args.rank}  {time.ctime()}  Epoch: {epoch}")
/home/karimimonsefi.1/SSL_VAN/MSD/trainer.py:51: UserWarning: Epoch 47/1000 0/121  loss: 2.9255  time 10.52s
  warnings.warn(
/home/karimimonsefi.1/SSL_VAN/MSD/trainer.py:51: UserWarning: Epoch 47/1000 1/121  loss: 2.9208  time 1.09s
  warnings.warn(
/home/karimimonsefi.1/SSL_VAN/MSD/trainer.py:51: UserWarning: Epoch 47/1000 2/121  loss: 2.9205  time 1.06s
  warnings.warn(
/home/karimimonsefi.1/SSL_VAN/MSD/trainer.py:51: UserWarning: Epoch 47/1000 3/121  loss: 2.9165  time 1.06s
  warnings.warn(
/home/karimimonsefi.1/SSL_VAN/MSD/trainer.py:51: UserWarning: Epoch 47/1000 4/121  loss: 2.9181  time 1.04s
  warnings.warn(
/home/karimimonsefi.1/SSL_VAN/MSD/trainer.py:51: UserWarning: Epoch 47/1000 5/121  loss: 2.9168  time 1.00s
  warnings.warn(
/home/karimimonsefi.1/SSL_VAN/MSD/trainer.py:51: UserWarning: Epoch 47/1000 6/121  loss: 2.9166  time 1.01s
  warnings.warn(
/home/karimimonsefi.1/SSL_VAN/MSD/trainer.py:51: UserWarning: Epoch 47/1000 7/121  loss: 2.9164  time 1.03s
  warnings.warn(
/home/karimimonsefi.1/SSL_VAN/MSD/trainer.py:51: UserWarning: Epoch 47/1000 8/121  loss: 2.9164  time 1.03s
  warnings.warn(
