/var/spool/slurmd/job59421/slurm_script: line 11: cd: SSL_VAN: No such file or directory

----------------------------------------------------------------------------
  cuda:
----------------------------------------------------------------------------
     Versions:
        cuda/10.2
        cuda/11.0
        cuda/11.2
        cuda/11.3
        cuda/11.4
        cuda/11.5
        cuda/11.6
        cuda/11.7
        cuda/11.8
        cuda/12.0

----------------------------------------------------------------------------
  For detailed information about a specific "cuda" package (including how to load the modules) use the module's full name.
  Note that names that have a trailing (E) are extensions provided by other modules.
  For example:

     $ module spider cuda/12.0
----------------------------------------------------------------------------

 


CommandNotFoundError: Your shell has not been properly configured to use 'conda activate'.
To initialize your shell, run

    $ conda init <SHELL_NAME>

Currently supported shells are:
  - bash
  - fish
  - tcsh
  - xonsh
  - zsh
  - powershell

See 'conda init --help' for more information and options.

IMPORTANT: You may need to close and restart your shell after running 'conda init'.


/home/karimimonsefi.1/miniconda3/lib/python3.9/site-packages/mmcv/__init__.py:20: UserWarning: On January 1, 2023, MMCV will release v2.0.0, in which it will remove components related to the training process and add a data transformation module. In addition, it will rename the package names mmcv to mmcv-lite and mmcv-full to mmcv. See https://github.com/open-mmlab/mmcv/blob/master/docs/en/compatibility.md for more details.
  warnings.warn(
/home/karimimonsefi.1/SSL_VAN/BTCV/main.py:101: UserWarning: Found total gpus 2
  warnings.warn("Found total gpus {}".format(args.ngpus_per_node))
/home/karimimonsefi.1/miniconda3/lib/python3.9/site-packages/mmcv/__init__.py:20: UserWarning: On January 1, 2023, MMCV will release v2.0.0, in which it will remove components related to the training process and add a data transformation module. In addition, it will rename the package names mmcv to mmcv-lite and mmcv-full to mmcv. See https://github.com/open-mmlab/mmcv/blob/master/docs/en/compatibility.md for more details.
  warnings.warn(
/home/karimimonsefi.1/miniconda3/lib/python3.9/site-packages/mmcv/__init__.py:20: UserWarning: On January 1, 2023, MMCV will release v2.0.0, in which it will remove components related to the training process and add a data transformation module. In addition, it will rename the package names mmcv to mmcv-lite and mmcv-full to mmcv. See https://github.com/open-mmlab/mmcv/blob/master/docs/en/compatibility.md for more details.
  warnings.warn(
/home/karimimonsefi.1/SSL_VAN/BTCV/main.py:121: UserWarning: 0 gpu 0
  warnings.warn(f"{args.rank} gpu {args.gpu}")
/home/karimimonsefi.1/SSL_VAN/BTCV/main.py:123: UserWarning: Batch size is: 1 epochs 15000
  warnings.warn(f"Batch size is: {args.batch_size} epochs {args.max_epochs}")
/home/karimimonsefi.1/SSL_VAN/BTCV/main.py:121: UserWarning: 1 gpu 1
  warnings.warn(f"{args.rank} gpu {args.gpu}")
/home/karimimonsefi.1/miniconda3/lib/python3.9/site-packages/monai/transforms/post/array.py:176: UserWarning: `to_onehot=True/False` is deprecated, please use `to_onehot=num_classes` instead.
  warnings.warn("`to_onehot=True/False` is deprecated, please use `to_onehot=num_classes` instead.")
/home/karimimonsefi.1/miniconda3/lib/python3.9/site-packages/monai/transforms/post/array.py:176: UserWarning: `to_onehot=True/False` is deprecated, please use `to_onehot=num_classes` instead.
  warnings.warn("`to_onehot=True/False` is deprecated, please use `to_onehot=num_classes` instead.")
/home/karimimonsefi.1/SSL_VAN/BTCV/main.py:166: UserWarning: Total parameters count 321976106
  warnings.warn(f"Total parameters count {pytorch_total_params}")
/home/karimimonsefi.1/SSL_VAN/BTCV/main.py:169: UserWarning: Total args.checkpoint True
  warnings.warn(f"Total args.checkpoint {args.checkpoint}")
/home/karimimonsefi.1/SSL_VAN/BTCV/main.py:176: UserWarning:  Best url model is 96-192-384-768_6-6-90-6_8-8-4-4_vae_inferer_valid_loader_VANV6GL_2__best.pt, final model url is 96-192-384-768_6-6-90-6_8-8-4-4_vae_inferer_valid_loader_VANV6GL_2__final.pt
  warnings.warn(f" Best url model is {args.best_model_url}, final model url is {args.final_model_url}")
/home/karimimonsefi.1/SSL_VAN/BTCV/main.py:166: UserWarning: Total parameters count 321976106
  warnings.warn(f"Total parameters count {pytorch_total_params}")
/home/karimimonsefi.1/SSL_VAN/BTCV/main.py:169: UserWarning: Total args.checkpoint True
  warnings.warn(f"Total args.checkpoint {args.checkpoint}")
/home/karimimonsefi.1/SSL_VAN/BTCV/main.py:176: UserWarning:  Best url model is 96-192-384-768_6-6-90-6_8-8-4-4_vae_inferer_valid_loader_VANV6GL_2__best.pt, final model url is 96-192-384-768_6-6-90-6_8-8-4-4_vae_inferer_valid_loader_VANV6GL_2__final.pt
  warnings.warn(f" Best url model is {args.best_model_url}, final model url is {args.final_model_url}")
/home/karimimonsefi.1/SSL_VAN/BTCV/main.py:202: UserWarning: => loaded checkpoint 'True' (epoch 260) (bestacc 0.15338134765625)
  warnings.warn("=> loaded checkpoint '{}' (epoch {}) (bestacc {})".format(
/home/karimimonsefi.1/SSL_VAN/BTCV/main.py:202: UserWarning: => loaded checkpoint 'True' (epoch 260) (bestacc 0.15338134765625)
  warnings.warn("=> loaded checkpoint '{}' (epoch {}) (bestacc {})".format(
/home/karimimonsefi.1/SSL_VAN/BTCV/trainer.py:142: UserWarning: Writing Tensorboard logs to ./runs/BTCV_new/test_log
  warnings.warn(f"Writing Tensorboard logs to {args.logdir}")
/home/karimimonsefi.1/SSL_VAN/BTCV/trainer.py:150: UserWarning: 0  Thu Jun 15 22:29:07 2023  Epoch: 260
  warnings.warn(f"{args.rank}  {time.ctime()}  Epoch: {epoch}")
/home/karimimonsefi.1/SSL_VAN/BTCV/trainer.py:150: UserWarning: 1  Thu Jun 15 22:29:07 2023  Epoch: 260
  warnings.warn(f"{args.rank}  {time.ctime()}  Epoch: {epoch}")
input_list/dataset_BTCV_List.json
input_list/dataset_BTCV_List.json
[W reducer.cpp:1298] Warning: find_unused_parameters=True was specified in DDP constructor, but did not find any unused parameters in the forward pass. This flag results in an extra traversal of the autograd graph every iteration,  which can adversely affect performance. If your model indeed never has any unused parameters in the forward pass, consider turning this flag off. Note that this warning may be a false positive if your model has flow control causing later iterations to have unused parameters. (function operator())
[W reducer.cpp:1298] Warning: find_unused_parameters=True was specified in DDP constructor, but did not find any unused parameters in the forward pass. This flag results in an extra traversal of the autograd graph every iteration,  which can adversely affect performance. If your model indeed never has any unused parameters in the forward pass, consider turning this flag off. Note that this warning may be a false positive if your model has flow control causing later iterations to have unused parameters. (function operator())
/home/karimimonsefi.1/SSL_VAN/BTCV/trainer.py:54: UserWarning: Epoch 260/15000 0/12  loss: 1.6961  time 58.36s
  warnings.warn(
/home/karimimonsefi.1/SSL_VAN/BTCV/trainer.py:54: UserWarning: Epoch 260/15000 1/12  loss: 1.6395  time 1.95s
  warnings.warn(
/home/karimimonsefi.1/SSL_VAN/BTCV/trainer.py:54: UserWarning: Epoch 260/15000 2/12  loss: 1.6676  time 1.87s
  warnings.warn(
/home/karimimonsefi.1/SSL_VAN/BTCV/trainer.py:54: UserWarning: Epoch 260/15000 3/12  loss: 1.6894  time 1.87s
  warnings.warn(
/home/karimimonsefi.1/SSL_VAN/BTCV/trainer.py:54: UserWarning: Epoch 260/15000 4/12  loss: 1.7302  time 1.87s
  warnings.warn(
/home/karimimonsefi.1/SSL_VAN/BTCV/trainer.py:54: UserWarning: Epoch 260/15000 5/12  loss: 1.7562  time 1.88s
  warnings.warn(
/home/karimimonsefi.1/SSL_VAN/BTCV/trainer.py:54: UserWarning: Epoch 260/15000 6/12  loss: 1.7705  time 1.88s
  warnings.warn(
/home/karimimonsefi.1/SSL_VAN/BTCV/trainer.py:54: UserWarning: Epoch 260/15000 7/12  loss: 1.7674  time 1.87s
  warnings.warn(
/home/karimimonsefi.1/SSL_VAN/BTCV/trainer.py:54: UserWarning: Epoch 260/15000 8/12  loss: 1.7709  time 1.86s
  warnings.warn(
/home/karimimonsefi.1/SSL_VAN/BTCV/trainer.py:54: UserWarning: Epoch 260/15000 9/12  loss: 1.7752  time 1.88s
  warnings.warn(
/home/karimimonsefi.1/SSL_VAN/BTCV/trainer.py:54: UserWarning: Epoch 260/15000 10/12  loss: 1.7776  time 1.89s
  warnings.warn(
/home/karimimonsefi.1/SSL_VAN/BTCV/trainer.py:54: UserWarning: Epoch 260/15000 11/12  loss: 1.7679  time 1.87s
  warnings.warn(
/home/karimimonsefi.1/SSL_VAN/BTCV/trainer.py:156: UserWarning: Final training  260/14999  loss: 1.7679  time 79.07s
  warnings.warn("Final training  {}/{}  loss: {:.4f}  time {:.2f}s".format(epoch, args.max_epochs - 1,
/home/karimimonsefi.1/miniconda3/lib/python3.9/site-packages/monai/inferers/utils.py:253: UserWarning: Sliding window inference results contain NaN or Inf.
  warnings.warn("Sliding window inference results contain NaN or Inf.")
/home/karimimonsefi.1/miniconda3/lib/python3.9/site-packages/monai/inferers/utils.py:253: UserWarning: Sliding window inference results contain NaN or Inf.
  warnings.warn("Sliding window inference results contain NaN or Inf.")
/home/karimimonsefi.1/SSL_VAN/BTCV/trainer.py:103: UserWarning: Val 260/15000 0/3  acc [ 0.072]  time 11.91s
  warnings.warn("Val {}/{} {}/{}  acc {}  time {:.2f}s".format(epoch, args.max_epochs, idx, len(loader),
/home/karimimonsefi.1/SSL_VAN/BTCV/trainer.py:105: UserWarning: Val 260/15000 0/3  acc 0.07228866219520569  time 11.91s
  warnings.warn("Val {}/{} {}/{}  acc {}  time {:.2f}s".format(epoch, args.max_epochs, idx, len(loader),
/home/karimimonsefi.1/SSL_VAN/BTCV/trainer.py:103: UserWarning: Val 260/15000 1/3  acc [ 0.071]  time 10.32s
  warnings.warn("Val {}/{} {}/{}  acc {}  time {:.2f}s".format(epoch, args.max_epochs, idx, len(loader),
/home/karimimonsefi.1/SSL_VAN/BTCV/trainer.py:105: UserWarning: Val 260/15000 1/3  acc 0.07093209773302078  time 10.33s
  warnings.warn("Val {}/{} {}/{}  acc {}  time {:.2f}s".format(epoch, args.max_epochs, idx, len(loader),
/home/karimimonsefi.1/SSL_VAN/BTCV/trainer.py:103: UserWarning: Val 260/15000 2/3  acc [ 0.071]  time 7.18s
  warnings.warn("Val {}/{} {}/{}  acc {}  time {:.2f}s".format(epoch, args.max_epochs, idx, len(loader),
/home/karimimonsefi.1/SSL_VAN/BTCV/trainer.py:105: UserWarning: Val 260/15000 2/3  acc 0.07059755176305771  time 7.18s
  warnings.warn("Val {}/{} {}/{}  acc {}  time {:.2f}s".format(epoch, args.max_epochs, idx, len(loader),
/home/karimimonsefi.1/SSL_VAN/BTCV/trainer.py:180: UserWarning: Final validation  260/14999  acc: 0.0706  time 29.44s
  warnings.warn("Final validation  {}/{}  acc: {:.4f}  time {:.2f}s".format(epoch, args.max_epochs - 1,
/home/karimimonsefi.1/SSL_VAN/BTCV/trainer.py:120: UserWarning: Saving checkpoint ./runs/BTCV_new/test_log/96-192-384-768_6-6-90-6_8-8-4-4_vae_inferer_valid_loader_VANV6GL_2__final.pt
  warnings.warn(f"Saving checkpoint {filename}")
/home/karimimonsefi.1/SSL_VAN/BTCV/trainer.py:150: UserWarning: 0  Thu Jun 15 22:33:02 2023  Epoch: 261
  warnings.warn(f"{args.rank}  {time.ctime()}  Epoch: {epoch}")
/home/karimimonsefi.1/SSL_VAN/BTCV/trainer.py:150: UserWarning: 1  Thu Jun 15 22:33:02 2023  Epoch: 261
  warnings.warn(f"{args.rank}  {time.ctime()}  Epoch: {epoch}")
/home/karimimonsefi.1/SSL_VAN/BTCV/trainer.py:54: UserWarning: Epoch 261/15000 0/12  loss: 1.9342  time 5.55s
  warnings.warn(
/home/karimimonsefi.1/SSL_VAN/BTCV/trainer.py:54: UserWarning: Epoch 261/15000 1/12  loss: 1.8514  time 1.86s
  warnings.warn(
/home/karimimonsefi.1/SSL_VAN/BTCV/trainer.py:54: UserWarning: Epoch 261/15000 2/12  loss: 1.8828  time 1.86s
  warnings.warn(
/home/karimimonsefi.1/SSL_VAN/BTCV/trainer.py:54: UserWarning: Epoch 261/15000 3/12  loss: 1.8351  time 1.86s
  warnings.warn(
/home/karimimonsefi.1/SSL_VAN/BTCV/trainer.py:54: UserWarning: Epoch 261/15000 4/12  loss: 1.7992  time 1.84s
  warnings.warn(
/home/karimimonsefi.1/SSL_VAN/BTCV/trainer.py:54: UserWarning: Epoch 261/15000 5/12  loss: 1.7891  time 1.86s
  warnings.warn(
/home/karimimonsefi.1/SSL_VAN/BTCV/trainer.py:54: UserWarning: Epoch 261/15000 6/12  loss: 1.7947  time 1.84s
  warnings.warn(
/home/karimimonsefi.1/SSL_VAN/BTCV/trainer.py:54: UserWarning: Epoch 261/15000 7/12  loss: 1.7763  time 1.84s
  warnings.warn(
/home/karimimonsefi.1/SSL_VAN/BTCV/trainer.py:54: UserWarning: Epoch 261/15000 8/12  loss: 1.7659  time 1.84s
  warnings.warn(
/home/karimimonsefi.1/SSL_VAN/BTCV/trainer.py:54: UserWarning: Epoch 261/15000 9/12  loss: 1.7587  time 1.85s
  warnings.warn(
/home/karimimonsefi.1/SSL_VAN/BTCV/trainer.py:54: UserWarning: Epoch 261/15000 10/12  loss: 1.7606  time 1.84s
  warnings.warn(
/home/karimimonsefi.1/SSL_VAN/BTCV/trainer.py:54: UserWarning: Epoch 261/15000 11/12  loss: 1.7709  time 1.85s
  warnings.warn(
/home/karimimonsefi.1/SSL_VAN/BTCV/trainer.py:156: UserWarning: Final training  261/14999  loss: 1.7709  time 25.95s
  warnings.warn("Final training  {}/{}  loss: {:.4f}  time {:.2f}s".format(epoch, args.max_epochs - 1,
/home/karimimonsefi.1/SSL_VAN/BTCV/trainer.py:103: UserWarning: Val 261/15000 0/3  acc [ 0.072]  time 9.31s
  warnings.warn("Val {}/{} {}/{}  acc {}  time {:.2f}s".format(epoch, args.max_epochs, idx, len(loader),
/home/karimimonsefi.1/SSL_VAN/BTCV/trainer.py:105: UserWarning: Val 261/15000 0/3  acc 0.07228866219520569  time 9.31s
  warnings.warn("Val {}/{} {}/{}  acc {}  time {:.2f}s".format(epoch, args.max_epochs, idx, len(loader),
/home/karimimonsefi.1/SSL_VAN/BTCV/trainer.py:103: UserWarning: Val 261/15000 1/3  acc [ 0.071]  time 9.01s
  warnings.warn("Val {}/{} {}/{}  acc {}  time {:.2f}s".format(epoch, args.max_epochs, idx, len(loader),
/home/karimimonsefi.1/SSL_VAN/BTCV/trainer.py:105: UserWarning: Val 261/15000 1/3  acc 0.07093209773302078  time 9.01s
  warnings.warn("Val {}/{} {}/{}  acc {}  time {:.2f}s".format(epoch, args.max_epochs, idx, len(loader),
/home/karimimonsefi.1/SSL_VAN/BTCV/trainer.py:103: UserWarning: Val 261/15000 2/3  acc [ 0.071]  time 7.20s
  warnings.warn("Val {}/{} {}/{}  acc {}  time {:.2f}s".format(epoch, args.max_epochs, idx, len(loader),
/home/karimimonsefi.1/SSL_VAN/BTCV/trainer.py:105: UserWarning: Val 261/15000 2/3  acc 0.07059755176305771  time 7.20s
  warnings.warn("Val {}/{} {}/{}  acc {}  time {:.2f}s".format(epoch, args.max_epochs, idx, len(loader),
/home/karimimonsefi.1/SSL_VAN/BTCV/trainer.py:180: UserWarning: Final validation  261/14999  acc: 0.0706  time 25.54s
  warnings.warn("Final validation  {}/{}  acc: {:.4f}  time {:.2f}s".format(epoch, args.max_epochs - 1,
/home/karimimonsefi.1/SSL_VAN/BTCV/trainer.py:150: UserWarning: 0  Thu Jun 15 22:36:37 2023  Epoch: 262
  warnings.warn(f"{args.rank}  {time.ctime()}  Epoch: {epoch}")
/home/karimimonsefi.1/SSL_VAN/BTCV/trainer.py:150: UserWarning: 1  Thu Jun 15 22:36:37 2023  Epoch: 262
  warnings.warn(f"{args.rank}  {time.ctime()}  Epoch: {epoch}")
/home/karimimonsefi.1/SSL_VAN/BTCV/trainer.py:54: UserWarning: Epoch 262/15000 0/12  loss: 1.7660  time 4.67s
  warnings.warn(
/home/karimimonsefi.1/SSL_VAN/BTCV/trainer.py:54: UserWarning: Epoch 262/15000 1/12  loss: 1.8318  time 1.94s
  warnings.warn(
/home/karimimonsefi.1/SSL_VAN/BTCV/trainer.py:54: UserWarning: Epoch 262/15000 2/12  loss: 1.8405  time 1.85s
  warnings.warn(
/home/karimimonsefi.1/SSL_VAN/BTCV/trainer.py:54: UserWarning: Epoch 262/15000 3/12  loss: 1.8162  time 1.85s
  warnings.warn(
/home/karimimonsefi.1/SSL_VAN/BTCV/trainer.py:54: UserWarning: Epoch 262/15000 4/12  loss: 1.7781  time 1.84s
  warnings.warn(
/home/karimimonsefi.1/SSL_VAN/BTCV/trainer.py:54: UserWarning: Epoch 262/15000 5/12  loss: 1.7848  time 1.85s
  warnings.warn(
/home/karimimonsefi.1/SSL_VAN/BTCV/trainer.py:54: UserWarning: Epoch 262/15000 6/12  loss: 1.7956  time 1.85s
  warnings.warn(
/home/karimimonsefi.1/SSL_VAN/BTCV/trainer.py:54: UserWarning: Epoch 262/15000 7/12  loss: 1.7902  time 1.86s
  warnings.warn(
/home/karimimonsefi.1/SSL_VAN/BTCV/trainer.py:54: UserWarning: Epoch 262/15000 8/12  loss: 1.7799  time 1.87s
  warnings.warn(
/home/karimimonsefi.1/SSL_VAN/BTCV/trainer.py:54: UserWarning: Epoch 262/15000 9/12  loss: 1.7754  time 1.87s
  warnings.warn(
/home/karimimonsefi.1/SSL_VAN/BTCV/trainer.py:54: UserWarning: Epoch 262/15000 10/12  loss: 1.7748  time 1.85s
  warnings.warn(
/home/karimimonsefi.1/SSL_VAN/BTCV/trainer.py:54: UserWarning: Epoch 262/15000 11/12  loss: 1.7763  time 1.84s
  warnings.warn(
/home/karimimonsefi.1/SSL_VAN/BTCV/trainer.py:156: UserWarning: Final training  262/14999  loss: 1.7763  time 25.19s
  warnings.warn("Final training  {}/{}  loss: {:.4f}  time {:.2f}s".format(epoch, args.max_epochs - 1,
/home/karimimonsefi.1/SSL_VAN/BTCV/trainer.py:103: UserWarning: Val 262/15000 0/3  acc [ 0.072]  time 9.30s
  warnings.warn("Val {}/{} {}/{}  acc {}  time {:.2f}s".format(epoch, args.max_epochs, idx, len(loader),
/home/karimimonsefi.1/SSL_VAN/BTCV/trainer.py:105: UserWarning: Val 262/15000 0/3  acc 0.07231955230236053  time 9.65s
  warnings.warn("Val {}/{} {}/{}  acc {}  time {:.2f}s".format(epoch, args.max_epochs, idx, len(loader),
/home/karimimonsefi.1/SSL_VAN/BTCV/trainer.py:103: UserWarning: Val 262/15000 1/3  acc [ 0.072]  time 8.68s
  warnings.warn("Val {}/{} {}/{}  acc {}  time {:.2f}s".format(epoch, args.max_epochs, idx, len(loader),
/home/karimimonsefi.1/SSL_VAN/BTCV/trainer.py:105: UserWarning: Val 262/15000 1/3  acc 0.07161352783441544  time 8.69s
  warnings.warn("Val {}/{} {}/{}  acc {}  time {:.2f}s".format(epoch, args.max_epochs, idx, len(loader),
/home/karimimonsefi.1/SSL_VAN/BTCV/trainer.py:103: UserWarning: Val 262/15000 2/3  acc [ 0.071]  time 7.20s
  warnings.warn("Val {}/{} {}/{}  acc {}  time {:.2f}s".format(epoch, args.max_epochs, idx, len(loader),
/home/karimimonsefi.1/SSL_VAN/BTCV/trainer.py:105: UserWarning: Val 262/15000 2/3  acc 0.0710381343960762  time 7.20s
  warnings.warn("Val {}/{} {}/{}  acc {}  time {:.2f}s".format(epoch, args.max_epochs, idx, len(loader),
/home/karimimonsefi.1/SSL_VAN/BTCV/trainer.py:180: UserWarning: Final validation  262/14999  acc: 0.0710  time 25.55s
  warnings.warn("Final validation  {}/{}  acc: {:.4f}  time {:.2f}s".format(epoch, args.max_epochs - 1,
/home/karimimonsefi.1/SSL_VAN/BTCV/trainer.py:150: UserWarning: 0  Thu Jun 15 22:41:02 2023  Epoch: 263
  warnings.warn(f"{args.rank}  {time.ctime()}  Epoch: {epoch}")
/home/karimimonsefi.1/SSL_VAN/BTCV/trainer.py:150: UserWarning: 1  Thu Jun 15 22:41:02 2023  Epoch: 263
  warnings.warn(f"{args.rank}  {time.ctime()}  Epoch: {epoch}")
/home/karimimonsefi.1/SSL_VAN/BTCV/trainer.py:54: UserWarning: Epoch 263/15000 0/12  loss: 1.8251  time 6.56s
  warnings.warn(
/home/karimimonsefi.1/SSL_VAN/BTCV/trainer.py:54: UserWarning: Epoch 263/15000 1/12  loss: 1.7683  time 1.89s
  warnings.warn(
/home/karimimonsefi.1/SSL_VAN/BTCV/trainer.py:54: UserWarning: Epoch 263/15000 2/12  loss: 1.7714  time 1.84s
  warnings.warn(
/home/karimimonsefi.1/SSL_VAN/BTCV/trainer.py:54: UserWarning: Epoch 263/15000 3/12  loss: 1.7530  time 1.95s
  warnings.warn(
/home/karimimonsefi.1/SSL_VAN/BTCV/trainer.py:54: UserWarning: Epoch 263/15000 4/12  loss: 1.7680  time 1.84s
  warnings.warn(
/home/karimimonsefi.1/SSL_VAN/BTCV/trainer.py:54: UserWarning: Epoch 263/15000 5/12  loss: 1.7341  time 1.84s
  warnings.warn(
/home/karimimonsefi.1/SSL_VAN/BTCV/trainer.py:54: UserWarning: Epoch 263/15000 6/12  loss: 1.7676  time 1.84s
  warnings.warn(
/home/karimimonsefi.1/SSL_VAN/BTCV/trainer.py:54: UserWarning: Epoch 263/15000 7/12  loss: 1.7693  time 1.86s
  warnings.warn(
/home/karimimonsefi.1/SSL_VAN/BTCV/trainer.py:54: UserWarning: Epoch 263/15000 8/12  loss: 1.7597  time 1.84s
  warnings.warn(
/home/karimimonsefi.1/SSL_VAN/BTCV/trainer.py:54: UserWarning: Epoch 263/15000 9/12  loss: 1.7633  time 1.84s
  warnings.warn(
/home/karimimonsefi.1/SSL_VAN/BTCV/trainer.py:54: UserWarning: Epoch 263/15000 10/12  loss: 1.7504  time 1.85s
  warnings.warn(
/home/karimimonsefi.1/SSL_VAN/BTCV/trainer.py:54: UserWarning: Epoch 263/15000 11/12  loss: 1.7500  time 1.84s
  warnings.warn(
/home/karimimonsefi.1/SSL_VAN/BTCV/trainer.py:156: UserWarning: Final training  263/14999  loss: 1.7500  time 27.04s
  warnings.warn("Final training  {}/{}  loss: {:.4f}  time {:.2f}s".format(epoch, args.max_epochs - 1,
/home/karimimonsefi.1/SSL_VAN/BTCV/trainer.py:103: UserWarning: Val 263/15000 0/3  acc [ 0.072]  time 9.31s
  warnings.warn("Val {}/{} {}/{}  acc {}  time {:.2f}s".format(epoch, args.max_epochs, idx, len(loader),
/home/karimimonsefi.1/SSL_VAN/BTCV/trainer.py:105: UserWarning: Val 263/15000 0/3  acc 0.07227250933647156  time 9.31s
  warnings.warn("Val {}/{} {}/{}  acc {}  time {:.2f}s".format(epoch, args.max_epochs, idx, len(loader),
/home/karimimonsefi.1/SSL_VAN/BTCV/trainer.py:103: UserWarning: Val 263/15000 1/3  acc [ 0.073]  time 9.03s
  warnings.warn("Val {}/{} {}/{}  acc {}  time {:.2f}s".format(epoch, args.max_epochs, idx, len(loader),
/home/karimimonsefi.1/SSL_VAN/BTCV/trainer.py:105: UserWarning: Val 263/15000 1/3  acc 0.07301335036754608  time 9.03s
  warnings.warn("Val {}/{} {}/{}  acc {}  time {:.2f}s".format(epoch, args.max_epochs, idx, len(loader),
/home/karimimonsefi.1/SSL_VAN/BTCV/trainer.py:103: UserWarning: Val 263/15000 2/3  acc [ 0.072]  time 7.20s
  warnings.warn("Val {}/{} {}/{}  acc {}  time {:.2f}s".format(epoch, args.max_epochs, idx, len(loader),
/home/karimimonsefi.1/SSL_VAN/BTCV/trainer.py:105: UserWarning: Val 263/15000 2/3  acc 0.07198455184698105  time 7.20s
  warnings.warn("Val {}/{} {}/{}  acc {}  time {:.2f}s".format(epoch, args.max_epochs, idx, len(loader),
/home/karimimonsefi.1/SSL_VAN/BTCV/trainer.py:180: UserWarning: Final validation  263/14999  acc: 0.0720  time 25.55s
  warnings.warn("Final validation  {}/{}  acc: {:.4f}  time {:.2f}s".format(epoch, args.max_epochs - 1,
/home/karimimonsefi.1/SSL_VAN/BTCV/trainer.py:150: UserWarning: 0  Thu Jun 15 22:45:07 2023  Epoch: 264
  warnings.warn(f"{args.rank}  {time.ctime()}  Epoch: {epoch}")
/home/karimimonsefi.1/SSL_VAN/BTCV/trainer.py:150: UserWarning: 1  Thu Jun 15 22:45:07 2023  Epoch: 264
  warnings.warn(f"{args.rank}  {time.ctime()}  Epoch: {epoch}")
/home/karimimonsefi.1/SSL_VAN/BTCV/trainer.py:54: UserWarning: Epoch 264/15000 0/12  loss: 1.8852  time 5.26s
  warnings.warn(
/home/karimimonsefi.1/SSL_VAN/BTCV/trainer.py:54: UserWarning: Epoch 264/15000 1/12  loss: 1.7805  time 1.86s
  warnings.warn(
/home/karimimonsefi.1/SSL_VAN/BTCV/trainer.py:54: UserWarning: Epoch 264/15000 2/12  loss: 1.7704  time 1.85s
  warnings.warn(
/home/karimimonsefi.1/SSL_VAN/BTCV/trainer.py:54: UserWarning: Epoch 264/15000 3/12  loss: 1.7633  time 1.85s
  warnings.warn(
/home/karimimonsefi.1/SSL_VAN/BTCV/trainer.py:54: UserWarning: Epoch 264/15000 4/12  loss: 1.7531  time 1.84s
  warnings.warn(
/home/karimimonsefi.1/SSL_VAN/BTCV/trainer.py:54: UserWarning: Epoch 264/15000 5/12  loss: 1.7495  time 1.85s
  warnings.warn(
/home/karimimonsefi.1/SSL_VAN/BTCV/trainer.py:54: UserWarning: Epoch 264/15000 6/12  loss: 1.7497  time 1.85s
  warnings.warn(
/home/karimimonsefi.1/SSL_VAN/BTCV/trainer.py:54: UserWarning: Epoch 264/15000 7/12  loss: 1.7418  time 1.84s
  warnings.warn(
/home/karimimonsefi.1/SSL_VAN/BTCV/trainer.py:54: UserWarning: Epoch 264/15000 8/12  loss: 1.7291  time 1.86s
  warnings.warn(
/home/karimimonsefi.1/SSL_VAN/BTCV/trainer.py:54: UserWarning: Epoch 264/15000 9/12  loss: 1.7241  time 1.85s
  warnings.warn(
/home/karimimonsefi.1/SSL_VAN/BTCV/trainer.py:54: UserWarning: Epoch 264/15000 10/12  loss: 1.7206  time 1.84s
  warnings.warn(
/home/karimimonsefi.1/SSL_VAN/BTCV/trainer.py:54: UserWarning: Epoch 264/15000 11/12  loss: 1.7221  time 1.84s
  warnings.warn(
/home/karimimonsefi.1/SSL_VAN/BTCV/trainer.py:156: UserWarning: Final training  264/14999  loss: 1.7221  time 25.63s
  warnings.warn("Final training  {}/{}  loss: {:.4f}  time {:.2f}s".format(epoch, args.max_epochs - 1,
/home/karimimonsefi.1/SSL_VAN/BTCV/trainer.py:103: UserWarning: Val 264/15000 0/3  acc [ 0.073]  time 9.34s
  warnings.warn("Val {}/{} {}/{}  acc {}  time {:.2f}s".format(epoch, args.max_epochs, idx, len(loader),
/home/karimimonsefi.1/SSL_VAN/BTCV/trainer.py:105: UserWarning: Val 264/15000 0/3  acc 0.07311877608299255  time 10.82s
  warnings.warn("Val {}/{} {}/{}  acc {}  time {:.2f}s".format(epoch, args.max_epochs, idx, len(loader),
/home/karimimonsefi.1/SSL_VAN/BTCV/trainer.py:103: UserWarning: Val 264/15000 1/3  acc [ 0.073]  time 7.53s
  warnings.warn("Val {}/{} {}/{}  acc {}  time {:.2f}s".format(epoch, args.max_epochs, idx, len(loader),
/home/karimimonsefi.1/SSL_VAN/BTCV/trainer.py:105: UserWarning: Val 264/15000 1/3  acc 0.07322659343481064  time 7.53s
  warnings.warn("Val {}/{} {}/{}  acc {}  time {:.2f}s".format(epoch, args.max_epochs, idx, len(loader),
/home/karimimonsefi.1/SSL_VAN/BTCV/trainer.py:103: UserWarning: Val 264/15000 2/3  acc [ 0.076]  time 7.20s
  warnings.warn("Val {}/{} {}/{}  acc {}  time {:.2f}s".format(epoch, args.max_epochs, idx, len(loader),
/home/karimimonsefi.1/SSL_VAN/BTCV/trainer.py:105: UserWarning: Val 264/15000 2/3  acc 0.07568380981683731  time 7.20s
  warnings.warn("Val {}/{} {}/{}  acc {}  time {:.2f}s".format(epoch, args.max_epochs, idx, len(loader),
/home/karimimonsefi.1/SSL_VAN/BTCV/trainer.py:180: UserWarning: Final validation  264/14999  acc: 0.0757  time 25.57s
  warnings.warn("Final validation  {}/{}  acc: {:.4f}  time {:.2f}s".format(epoch, args.max_epochs - 1,
/home/karimimonsefi.1/SSL_VAN/BTCV/trainer.py:150: UserWarning: 0  Thu Jun 15 22:48:03 2023  Epoch: 265
  warnings.warn(f"{args.rank}  {time.ctime()}  Epoch: {epoch}")
/home/karimimonsefi.1/SSL_VAN/BTCV/trainer.py:150: UserWarning: 1  Thu Jun 15 22:48:03 2023  Epoch: 265
  warnings.warn(f"{args.rank}  {time.ctime()}  Epoch: {epoch}")
/home/karimimonsefi.1/SSL_VAN/BTCV/trainer.py:54: UserWarning: Epoch 265/15000 0/12  loss: 1.6153  time 4.55s
  warnings.warn(
/home/karimimonsefi.1/SSL_VAN/BTCV/trainer.py:54: UserWarning: Epoch 265/15000 1/12  loss: 1.6783  time 2.34s
  warnings.warn(
/home/karimimonsefi.1/SSL_VAN/BTCV/trainer.py:54: UserWarning: Epoch 265/15000 2/12  loss: 1.6861  time 1.90s
  warnings.warn(
/home/karimimonsefi.1/SSL_VAN/BTCV/trainer.py:54: UserWarning: Epoch 265/15000 3/12  loss: 1.6550  time 1.88s
  warnings.warn(
/home/karimimonsefi.1/SSL_VAN/BTCV/trainer.py:54: UserWarning: Epoch 265/15000 4/12  loss: 1.6815  time 1.87s
  warnings.warn(
/home/karimimonsefi.1/SSL_VAN/BTCV/trainer.py:54: UserWarning: Epoch 265/15000 5/12  loss: 1.6809  time 1.87s
  warnings.warn(
/home/karimimonsefi.1/SSL_VAN/BTCV/trainer.py:54: UserWarning: Epoch 265/15000 6/12  loss: 1.6942  time 1.88s
  warnings.warn(
/home/karimimonsefi.1/SSL_VAN/BTCV/trainer.py:54: UserWarning: Epoch 265/15000 7/12  loss: 1.7019  time 1.87s
  warnings.warn(
/home/karimimonsefi.1/SSL_VAN/BTCV/trainer.py:54: UserWarning: Epoch 265/15000 8/12  loss: 1.7192  time 1.86s
  warnings.warn(
/home/karimimonsefi.1/SSL_VAN/BTCV/trainer.py:54: UserWarning: Epoch 265/15000 9/12  loss: 1.7187  time 1.84s
  warnings.warn(
/home/karimimonsefi.1/SSL_VAN/BTCV/trainer.py:54: UserWarning: Epoch 265/15000 10/12  loss: 1.7251  time 1.86s
  warnings.warn(
/home/karimimonsefi.1/SSL_VAN/BTCV/trainer.py:54: UserWarning: Epoch 265/15000 11/12  loss: 1.7340  time 1.85s
  warnings.warn(
/home/karimimonsefi.1/SSL_VAN/BTCV/trainer.py:156: UserWarning: Final training  265/14999  loss: 1.7340  time 25.62s
  warnings.warn("Final training  {}/{}  loss: {:.4f}  time {:.2f}s".format(epoch, args.max_epochs - 1,
/home/karimimonsefi.1/SSL_VAN/BTCV/trainer.py:103: UserWarning: Val 265/15000 0/3  acc [ 0.072]  time 9.40s
  warnings.warn("Val {}/{} {}/{}  acc {}  time {:.2f}s".format(epoch, args.max_epochs, idx, len(loader),
/home/karimimonsefi.1/SSL_VAN/BTCV/trainer.py:105: UserWarning: Val 265/15000 0/3  acc 0.07226549088954926  time 10.48s
  warnings.warn("Val {}/{} {}/{}  acc {}  time {:.2f}s".format(epoch, args.max_epochs, idx, len(loader),
/home/karimimonsefi.1/SSL_VAN/BTCV/trainer.py:103: UserWarning: Val 265/15000 1/3  acc [ 0.076]  time 7.94s
  warnings.warn("Val {}/{} {}/{}  acc {}  time {:.2f}s".format(epoch, args.max_epochs, idx, len(loader),
/home/karimimonsefi.1/SSL_VAN/BTCV/trainer.py:105: UserWarning: Val 265/15000 1/3  acc 0.07589636743068695  time 7.94s
  warnings.warn("Val {}/{} {}/{}  acc {}  time {:.2f}s".format(epoch, args.max_epochs, idx, len(loader),
/home/karimimonsefi.1/SSL_VAN/BTCV/trainer.py:103: UserWarning: Val 265/15000 2/3  acc [ 0.074]  time 7.21s
  warnings.warn("Val {}/{} {}/{}  acc {}  time {:.2f}s".format(epoch, args.max_epochs, idx, len(loader),
/home/karimimonsefi.1/SSL_VAN/BTCV/trainer.py:105: UserWarning: Val 265/15000 2/3  acc 0.0738968774676323  time 7.21s
  warnings.warn("Val {}/{} {}/{}  acc {}  time {:.2f}s".format(epoch, args.max_epochs, idx, len(loader),
/home/karimimonsefi.1/SSL_VAN/BTCV/trainer.py:180: UserWarning: Final validation  265/14999  acc: 0.0739  time 25.65s
  warnings.warn("Final validation  {}/{}  acc: {:.4f}  time {:.2f}s".format(epoch, args.max_epochs - 1,
/home/karimimonsefi.1/SSL_VAN/BTCV/trainer.py:150: UserWarning: 0  Thu Jun 15 22:52:27 2023  Epoch: 266
  warnings.warn(f"{args.rank}  {time.ctime()}  Epoch: {epoch}")
/home/karimimonsefi.1/SSL_VAN/BTCV/trainer.py:150: UserWarning: 1  Thu Jun 15 22:52:27 2023  Epoch: 266
  warnings.warn(f"{args.rank}  {time.ctime()}  Epoch: {epoch}")
/home/karimimonsefi.1/SSL_VAN/BTCV/trainer.py:54: UserWarning: Epoch 266/15000 0/12  loss: 1.6558  time 5.28s
  warnings.warn(
/home/karimimonsefi.1/SSL_VAN/BTCV/trainer.py:54: UserWarning: Epoch 266/15000 1/12  loss: 1.7147  time 1.84s
  warnings.warn(
/home/karimimonsefi.1/SSL_VAN/BTCV/trainer.py:54: UserWarning: Epoch 266/15000 2/12  loss: 1.6929  time 1.84s
  warnings.warn(
/home/karimimonsefi.1/SSL_VAN/BTCV/trainer.py:54: UserWarning: Epoch 266/15000 3/12  loss: 1.7176  time 1.84s
  warnings.warn(
/home/karimimonsefi.1/SSL_VAN/BTCV/trainer.py:54: UserWarning: Epoch 266/15000 4/12  loss: 1.7035  time 1.84s
  warnings.warn(
/home/karimimonsefi.1/SSL_VAN/BTCV/trainer.py:54: UserWarning: Epoch 266/15000 5/12  loss: 1.7364  time 1.84s
  warnings.warn(
/home/karimimonsefi.1/SSL_VAN/BTCV/trainer.py:54: UserWarning: Epoch 266/15000 6/12  loss: 1.7339  time 1.84s
  warnings.warn(
/home/karimimonsefi.1/SSL_VAN/BTCV/trainer.py:54: UserWarning: Epoch 266/15000 7/12  loss: 1.7315  time 1.84s
  warnings.warn(
/home/karimimonsefi.1/SSL_VAN/BTCV/trainer.py:54: UserWarning: Epoch 266/15000 8/12  loss: 1.7299  time 1.85s
  warnings.warn(
/home/karimimonsefi.1/SSL_VAN/BTCV/trainer.py:54: UserWarning: Epoch 266/15000 9/12  loss: 1.7207  time 1.84s
  warnings.warn(
/home/karimimonsefi.1/SSL_VAN/BTCV/trainer.py:54: UserWarning: Epoch 266/15000 10/12  loss: 1.7167  time 1.85s
  warnings.warn(
/home/karimimonsefi.1/SSL_VAN/BTCV/trainer.py:54: UserWarning: Epoch 266/15000 11/12  loss: 1.7207  time 1.85s
  warnings.warn(
/home/karimimonsefi.1/SSL_VAN/BTCV/trainer.py:156: UserWarning: Final training  266/14999  loss: 1.7207  time 25.61s
  warnings.warn("Final training  {}/{}  loss: {:.4f}  time {:.2f}s".format(epoch, args.max_epochs - 1,
/home/karimimonsefi.1/SSL_VAN/BTCV/trainer.py:103: UserWarning: Val 266/15000 0/3  acc [ 0.078]  time 9.29s
  warnings.warn("Val {}/{} {}/{}  acc {}  time {:.2f}s".format(epoch, args.max_epochs, idx, len(loader),
/home/karimimonsefi.1/SSL_VAN/BTCV/trainer.py:105: UserWarning: Val 266/15000 0/3  acc 0.07802054286003113  time 9.29s
  warnings.warn("Val {}/{} {}/{}  acc {}  time {:.2f}s".format(epoch, args.max_epochs, idx, len(loader),
/home/karimimonsefi.1/SSL_VAN/BTCV/trainer.py:103: UserWarning: Val 266/15000 1/3  acc [ 0.086]  time 9.01s
  warnings.warn("Val {}/{} {}/{}  acc {}  time {:.2f}s".format(epoch, args.max_epochs, idx, len(loader),
/home/karimimonsefi.1/SSL_VAN/BTCV/trainer.py:105: UserWarning: Val 266/15000 1/3  acc 0.08586553484201431  time 9.02s
  warnings.warn("Val {}/{} {}/{}  acc {}  time {:.2f}s".format(epoch, args.max_epochs, idx, len(loader),
/home/karimimonsefi.1/SSL_VAN/BTCV/trainer.py:103: UserWarning: Val 266/15000 2/3  acc [ 0.081]  time 7.20s
  warnings.warn("Val {}/{} {}/{}  acc {}  time {:.2f}s".format(epoch, args.max_epochs, idx, len(loader),
/home/karimimonsefi.1/SSL_VAN/BTCV/trainer.py:105: UserWarning: Val 266/15000 2/3  acc 0.08055940270423889  time 7.20s
  warnings.warn("Val {}/{} {}/{}  acc {}  time {:.2f}s".format(epoch, args.max_epochs, idx, len(loader),
/home/karimimonsefi.1/SSL_VAN/BTCV/trainer.py:180: UserWarning: Final validation  266/14999  acc: 0.0806  time 25.52s
  warnings.warn("Final validation  {}/{}  acc: {:.4f}  time {:.2f}s".format(epoch, args.max_epochs - 1,
