/var/spool/slurmd/job73620/slurm_script: line 11: cd: SSL_VAN: No such file or directory

----------------------------------------------------------------------------
  cuda:
----------------------------------------------------------------------------
     Versions:
        cuda/10.2
        cuda/11.0
        cuda/11.2
        cuda/11.3
        cuda/11.4
        cuda/11.5
        cuda/11.6
        cuda/11.7
        cuda/11.8
        cuda/12.0

----------------------------------------------------------------------------
  For detailed information about a specific "cuda" package (including how to load the modules) use the module's full name.
  Note that names that have a trailing (E) are extensions provided by other modules.
  For example:

     $ module spider cuda/12.0
----------------------------------------------------------------------------

 


CommandNotFoundError: Your shell has not been properly configured to use 'conda activate'.
To initialize your shell, run

    $ conda init <SHELL_NAME>

Currently supported shells are:
  - bash
  - fish
  - tcsh
  - xonsh
  - zsh
  - powershell

See 'conda init --help' for more information and options.

IMPORTANT: You may need to close and restart your shell after running 'conda init'.


/home/karimimonsefi.1/miniconda3/lib/python3.9/site-packages/mmcv/__init__.py:20: UserWarning: On January 1, 2023, MMCV will release v2.0.0, in which it will remove components related to the training process and add a data transformation module. In addition, it will rename the package names mmcv to mmcv-lite and mmcv-full to mmcv. See https://github.com/open-mmlab/mmcv/blob/master/docs/en/compatibility.md for more details.
  warnings.warn(
/home/karimimonsefi.1/SSL_VAN/MSD/main.py:155: UserWarning: 0 gpu 0
  warnings.warn(f"{args.rank} gpu {args.gpu}")
/home/karimimonsefi.1/SSL_VAN/MSD/main.py:157: UserWarning: Batch size is: 1 epochs 10 and task is Task07_Pancreas
  warnings.warn(f"Batch size is: {args.batch_size} epochs {args.max_epochs} and task is {args.task}")
/home/karimimonsefi.1/miniconda3/lib/python3.9/site-packages/monai/transforms/post/array.py:176: UserWarning: `to_onehot=True/False` is deprecated, please use `to_onehot=num_classes` instead.
  warnings.warn("`to_onehot=True/False` is deprecated, please use `to_onehot=num_classes` instead.")
/home/karimimonsefi.1/SSL_VAN/MSD/main.py:190: UserWarning: Total parameters count 40256426
  warnings.warn(f"Total parameters count {pytorch_total_params}")
/home/karimimonsefi.1/SSL_VAN/MSD/main.py:193: UserWarning: Total args.checkpoint True
  warnings.warn(f"Total args.checkpoint {args.checkpoint}")
/home/karimimonsefi.1/SSL_VAN/commons/util.py:6: UserWarning:  base_url is 64-128-256-512_3-4-6-3_8-8-4-4_vae_inferer_valid_loader_VANV412_Task07_Pancreas
  warnings.warn(f" base_url is {base_url}")
/home/karimimonsefi.1/SSL_VAN/commons/util.py:8: UserWarning:  output_url 1 is ./runs/MSD_new/test_log/output_True_False
  warnings.warn(f" output_url 1 is {output_url}")
/home/karimimonsefi.1/SSL_VAN/commons/util.py:9: UserWarning:  exists 1 is True
  warnings.warn(f" exists 1 is {os.path.exists(output_url)}")
/home/karimimonsefi.1/SSL_VAN/commons/util.py:13: UserWarning:  output_url 2 is ./runs/MSD_new/test_log/output_True_False/64-128-256-512_3-4-6-3_8-8-4-4_vae_inferer_valid_loader_VANV412_Task07_Pancreas
  warnings.warn(f" output_url 2 is {output_url}")
/home/karimimonsefi.1/SSL_VAN/commons/util.py:14: UserWarning:  exists 2 is False
  warnings.warn(f" exists 2 is {os.path.exists(output_url)}")
/home/karimimonsefi.1/SSL_VAN/commons/util.py:20: UserWarning:  Best url model is 64-128-256-512_3-4-6-3_8-8-4-4_vae_inferer_valid_loader_VANV412_Task07_Pancreas__best.pt, final model url is 64-128-256-512_3-4-6-3_8-8-4-4_vae_inferer_valid_loader_VANV412_Task07_Pancreas__final.pt
  warnings.warn(f" Best url model is {args.best_model_url}, final model url is {args.final_model_url}")
/home/karimimonsefi.1/SSL_VAN/MSD/main.py:207: UserWarning: => loaded checkpoint 'True' (epoch 793) (bestacc 0.8360190391540527)
  warnings.warn("=> loaded checkpoint '{}' (epoch {}) (bestacc {})".format(
/home/karimimonsefi.1/SSL_VAN/MSD/tester.py:26: UserWarning: image_name pancreas_227.nii.gz
  warnings.warn("image_name {}".format(image_name))
/home/karimimonsefi.1/miniconda3/lib/python3.9/site-packages/monai/inferers/utils.py:253: UserWarning: Sliding window inference results contain NaN or Inf.
  warnings.warn("Sliding window inference results contain NaN or Inf.")
/home/karimimonsefi.1/miniconda3/lib/python3.9/site-packages/monai/metrics/hausdorff_distance.py:166: UserWarning: the ground truth of class 0 is all 0, this may result in nan/inf distance.
  warnings.warn(f"the ground truth of class {c} is all 0, this may result in nan/inf distance.")
/home/karimimonsefi.1/miniconda3/lib/python3.9/site-packages/numpy/lib/function_base.py:4573: RuntimeWarning: invalid value encountered in subtract
  diff_b_a = subtract(b, a)
/home/karimimonsefi.1/miniconda3/lib/python3.9/site-packages/monai/metrics/hausdorff_distance.py:166: UserWarning: the ground truth of class 2 is all 0, this may result in nan/inf distance.
  warnings.warn(f"the ground truth of class {c} is all 0, this may result in nan/inf distance.")
/home/karimimonsefi.1/miniconda3/lib/python3.9/site-packages/monai/metrics/hausdorff_distance.py:166: UserWarning: the ground truth of class 3 is all 0, this may result in nan/inf distance.
  warnings.warn(f"the ground truth of class {c} is all 0, this may result in nan/inf distance.")
/home/karimimonsefi.1/miniconda3/lib/python3.9/site-packages/monai/metrics/hausdorff_distance.py:168: UserWarning: the prediction of class 3 is all 0, this may result in nan/inf distance.
  warnings.warn(f"the prediction of class {c} is all 0, this may result in nan/inf distance.")
/home/karimimonsefi.1/miniconda3/lib/python3.9/site-packages/monai/metrics/hausdorff_distance.py:166: UserWarning: the ground truth of class 4 is all 0, this may result in nan/inf distance.
  warnings.warn(f"the ground truth of class {c} is all 0, this may result in nan/inf distance.")
/home/karimimonsefi.1/miniconda3/lib/python3.9/site-packages/monai/metrics/hausdorff_distance.py:168: UserWarning: the prediction of class 4 is all 0, this may result in nan/inf distance.
  warnings.warn(f"the prediction of class {c} is all 0, this may result in nan/inf distance.")
/home/karimimonsefi.1/miniconda3/lib/python3.9/site-packages/monai/metrics/hausdorff_distance.py:166: UserWarning: the ground truth of class 5 is all 0, this may result in nan/inf distance.
  warnings.warn(f"the ground truth of class {c} is all 0, this may result in nan/inf distance.")
/home/karimimonsefi.1/miniconda3/lib/python3.9/site-packages/monai/metrics/hausdorff_distance.py:168: UserWarning: the prediction of class 5 is all 0, this may result in nan/inf distance.
  warnings.warn(f"the prediction of class {c} is all 0, this may result in nan/inf distance.")
/home/karimimonsefi.1/miniconda3/lib/python3.9/site-packages/monai/metrics/hausdorff_distance.py:166: UserWarning: the ground truth of class 6 is all 0, this may result in nan/inf distance.
  warnings.warn(f"the ground truth of class {c} is all 0, this may result in nan/inf distance.")
/home/karimimonsefi.1/miniconda3/lib/python3.9/site-packages/monai/metrics/hausdorff_distance.py:168: UserWarning: the prediction of class 6 is all 0, this may result in nan/inf distance.
  warnings.warn(f"the prediction of class {c} is all 0, this may result in nan/inf distance.")
/home/karimimonsefi.1/miniconda3/lib/python3.9/site-packages/monai/metrics/hausdorff_distance.py:166: UserWarning: the ground truth of class 7 is all 0, this may result in nan/inf distance.
  warnings.warn(f"the ground truth of class {c} is all 0, this may result in nan/inf distance.")
/home/karimimonsefi.1/miniconda3/lib/python3.9/site-packages/monai/metrics/hausdorff_distance.py:168: UserWarning: the prediction of class 7 is all 0, this may result in nan/inf distance.
  warnings.warn(f"the prediction of class {c} is all 0, this may result in nan/inf distance.")
/home/karimimonsefi.1/miniconda3/lib/python3.9/site-packages/monai/metrics/hausdorff_distance.py:166: UserWarning: the ground truth of class 8 is all 0, this may result in nan/inf distance.
  warnings.warn(f"the ground truth of class {c} is all 0, this may result in nan/inf distance.")
/home/karimimonsefi.1/miniconda3/lib/python3.9/site-packages/monai/metrics/hausdorff_distance.py:168: UserWarning: the prediction of class 8 is all 0, this may result in nan/inf distance.
  warnings.warn(f"the prediction of class {c} is all 0, this may result in nan/inf distance.")
/home/karimimonsefi.1/miniconda3/lib/python3.9/site-packages/monai/metrics/hausdorff_distance.py:166: UserWarning: the ground truth of class 9 is all 0, this may result in nan/inf distance.
  warnings.warn(f"the ground truth of class {c} is all 0, this may result in nan/inf distance.")
/home/karimimonsefi.1/miniconda3/lib/python3.9/site-packages/monai/metrics/hausdorff_distance.py:168: UserWarning: the prediction of class 9 is all 0, this may result in nan/inf distance.
  warnings.warn(f"the prediction of class {c} is all 0, this may result in nan/inf distance.")
/home/karimimonsefi.1/miniconda3/lib/python3.9/site-packages/monai/metrics/hausdorff_distance.py:166: UserWarning: the ground truth of class 10 is all 0, this may result in nan/inf distance.
  warnings.warn(f"the ground truth of class {c} is all 0, this may result in nan/inf distance.")
/home/karimimonsefi.1/miniconda3/lib/python3.9/site-packages/monai/metrics/hausdorff_distance.py:168: UserWarning: the prediction of class 10 is all 0, this may result in nan/inf distance.
  warnings.warn(f"the prediction of class {c} is all 0, this may result in nan/inf distance.")
/home/karimimonsefi.1/miniconda3/lib/python3.9/site-packages/monai/metrics/hausdorff_distance.py:166: UserWarning: the ground truth of class 11 is all 0, this may result in nan/inf distance.
  warnings.warn(f"the ground truth of class {c} is all 0, this may result in nan/inf distance.")
/home/karimimonsefi.1/miniconda3/lib/python3.9/site-packages/monai/metrics/hausdorff_distance.py:168: UserWarning: the prediction of class 11 is all 0, this may result in nan/inf distance.
  warnings.warn(f"the prediction of class {c} is all 0, this may result in nan/inf distance.")
/home/karimimonsefi.1/miniconda3/lib/python3.9/site-packages/monai/metrics/hausdorff_distance.py:166: UserWarning: the ground truth of class 12 is all 0, this may result in nan/inf distance.
  warnings.warn(f"the ground truth of class {c} is all 0, this may result in nan/inf distance.")
/home/karimimonsefi.1/miniconda3/lib/python3.9/site-packages/monai/metrics/hausdorff_distance.py:168: UserWarning: the prediction of class 12 is all 0, this may result in nan/inf distance.
  warnings.warn(f"the prediction of class {c} is all 0, this may result in nan/inf distance.")
/home/karimimonsefi.1/miniconda3/lib/python3.9/site-packages/monai/metrics/hausdorff_distance.py:166: UserWarning: the ground truth of class 13 is all 0, this may result in nan/inf distance.
  warnings.warn(f"the ground truth of class {c} is all 0, this may result in nan/inf distance.")
/home/karimimonsefi.1/miniconda3/lib/python3.9/site-packages/monai/metrics/hausdorff_distance.py:168: UserWarning: the prediction of class 13 is all 0, this may result in nan/inf distance.
  warnings.warn(f"the prediction of class {c} is all 0, this may result in nan/inf distance.")
/home/karimimonsefi.1/SSL_VAN/MSD/tester.py:63: UserWarning: temp 0
  warnings.warn("temp {}".format(temp))
/home/karimimonsefi.1/SSL_VAN/MSD/tester.py:64: UserWarning: hd_distance tensor([[     nan, 141.4991,      nan,      nan,      nan,      nan,      nan,
              nan,      nan,      nan,      nan,      nan,      nan,      nan]],
       dtype=torch.float64)
  warnings.warn("hd_distance {}".format(hd_distance))
/home/karimimonsefi.1/SSL_VAN/MSD/tester.py:75: UserWarning: test 0/57, len is 14
  warnings.warn("test {}/{}, len is {}".format(idx, len(loader), list_size))
/home/karimimonsefi.1/SSL_VAN/MSD/tester.py:77: UserWarning: 0: 0.9999005198478699,
  warnings.warn("{}: {},".format(i, run_acc.avg[i]))
/home/karimimonsefi.1/SSL_VAN/MSD/tester.py:77: UserWarning: 1: 0.9004490971565247,
  warnings.warn("{}: {},".format(i, run_acc.avg[i]))
/home/karimimonsefi.1/SSL_VAN/MSD/tester.py:77: UserWarning: 2: 0.7874687910079956,
  warnings.warn("{}: {},".format(i, run_acc.avg[i]))
/home/karimimonsefi.1/SSL_VAN/MSD/tester.py:77: UserWarning: 3: 1.0,
  warnings.warn("{}: {},".format(i, run_acc.avg[i]))
/home/karimimonsefi.1/SSL_VAN/MSD/tester.py:77: UserWarning: 4: 1.0,
  warnings.warn("{}: {},".format(i, run_acc.avg[i]))
/home/karimimonsefi.1/SSL_VAN/MSD/tester.py:77: UserWarning: 5: 1.0,
  warnings.warn("{}: {},".format(i, run_acc.avg[i]))
/home/karimimonsefi.1/SSL_VAN/MSD/tester.py:77: UserWarning: 6: 1.0,
  warnings.warn("{}: {},".format(i, run_acc.avg[i]))
/home/karimimonsefi.1/SSL_VAN/MSD/tester.py:77: UserWarning: 7: 1.0,
  warnings.warn("{}: {},".format(i, run_acc.avg[i]))
/home/karimimonsefi.1/SSL_VAN/MSD/tester.py:77: UserWarning: 8: 1.0,
  warnings.warn("{}: {},".format(i, run_acc.avg[i]))
/home/karimimonsefi.1/SSL_VAN/MSD/tester.py:77: UserWarning: 9: 1.0,
  warnings.warn("{}: {},".format(i, run_acc.avg[i]))
/home/karimimonsefi.1/SSL_VAN/MSD/tester.py:77: UserWarning: 10: 1.0,
  warnings.warn("{}: {},".format(i, run_acc.avg[i]))
/home/karimimonsefi.1/SSL_VAN/MSD/tester.py:77: UserWarning: 11: 1.0,
  warnings.warn("{}: {},".format(i, run_acc.avg[i]))
/home/karimimonsefi.1/SSL_VAN/MSD/tester.py:77: UserWarning: 12: 1.0,
  warnings.warn("{}: {},".format(i, run_acc.avg[i]))
/home/karimimonsefi.1/SSL_VAN/MSD/tester.py:77: UserWarning: 13: 1.0,
  warnings.warn("{}: {},".format(i, run_acc.avg[i]))
/home/karimimonsefi.1/SSL_VAN/MSD/tester.py:78: UserWarning: , HD95: [[ nan  141.499  nan  nan  nan  nan  nan  nan  nan  nan  nan  nan  nan
   nan]], time 30.32s
  warnings.warn(", HD95: {}, time {:.2f}s".format(hd95.avg, time.time() - start_time))
/home/karimimonsefi.1/SSL_VAN/MSD/tester.py:26: UserWarning: image_name pancreas_328.nii.gz
  warnings.warn("image_name {}".format(image_name))
/home/karimimonsefi.1/SSL_VAN/MSD/tester.py:63: UserWarning: temp [[ nan  141.499  nan  nan  nan  nan  nan  nan  nan  nan  nan  nan  nan
   nan]]
  warnings.warn("temp {}".format(temp))
/home/karimimonsefi.1/SSL_VAN/MSD/tester.py:64: UserWarning: hd_distance tensor([[     nan, 153.0595,      nan,      nan,      nan,      nan,      nan,
              nan,      nan,      nan,      nan,      nan,      nan,      nan]],
       dtype=torch.float64)
  warnings.warn("hd_distance {}".format(hd_distance))
/home/karimimonsefi.1/SSL_VAN/MSD/tester.py:75: UserWarning: test 1/57, len is 14
  warnings.warn("test {}/{}, len is {}".format(idx, len(loader), list_size))
/home/karimimonsefi.1/SSL_VAN/MSD/tester.py:77: UserWarning: 0: 0.9998831748962402,
  warnings.warn("{}: {},".format(i, run_acc.avg[i]))
/home/karimimonsefi.1/SSL_VAN/MSD/tester.py:77: UserWarning: 1: 0.8842267990112305,
  warnings.warn("{}: {},".format(i, run_acc.avg[i]))
/home/karimimonsefi.1/SSL_VAN/MSD/tester.py:77: UserWarning: 2: 0.7864714860916138,
  warnings.warn("{}: {},".format(i, run_acc.avg[i]))
/home/karimimonsefi.1/SSL_VAN/MSD/tester.py:78: UserWarning: , HD95: [[ nan  147.279  nan  nan  nan  nan  nan  nan  nan  nan  nan  nan  nan
   nan]], time 11.91s
  warnings.warn(", HD95: {}, time {:.2f}s".format(hd95.avg, time.time() - start_time))
/home/karimimonsefi.1/SSL_VAN/MSD/tester.py:26: UserWarning: image_name pancreas_050.nii.gz
  warnings.warn("image_name {}".format(image_name))
/home/karimimonsefi.1/SSL_VAN/MSD/tester.py:63: UserWarning: temp [[ nan  147.279  nan  nan  nan  nan  nan  nan  nan  nan  nan  nan  nan
   nan]]
  warnings.warn("temp {}".format(temp))
/home/karimimonsefi.1/SSL_VAN/MSD/tester.py:64: UserWarning: hd_distance tensor([[     nan, 165.6696,  25.5147,      nan,      nan,      nan,      nan,
              nan,      nan,      nan,      nan,      nan,      nan,      nan]],
       dtype=torch.float64)
  warnings.warn("hd_distance {}".format(hd_distance))
/home/karimimonsefi.1/SSL_VAN/MSD/tester.py:75: UserWarning: test 2/57, len is 14
  warnings.warn("test {}/{}, len is {}".format(idx, len(loader), list_size))
/home/karimimonsefi.1/SSL_VAN/MSD/tester.py:77: UserWarning: 0: 0.9998390674591064,
  warnings.warn("{}: {},".format(i, run_acc.avg[i]))
/home/karimimonsefi.1/SSL_VAN/MSD/tester.py:77: UserWarning: 1: 0.8282108902931213,
  warnings.warn("{}: {},".format(i, run_acc.avg[i]))
/home/karimimonsefi.1/SSL_VAN/MSD/tester.py:77: UserWarning: 2: 0.7536231875419617,
  warnings.warn("{}: {},".format(i, run_acc.avg[i]))
/home/karimimonsefi.1/SSL_VAN/MSD/tester.py:78: UserWarning: , HD95: [[ nan  153.409  nan  nan  nan  nan  nan  nan  nan  nan  nan  nan  nan
   nan]], time 5.26s
  warnings.warn(", HD95: {}, time {:.2f}s".format(hd95.avg, time.time() - start_time))
/home/karimimonsefi.1/SSL_VAN/MSD/tester.py:26: UserWarning: image_name pancreas_321.nii.gz
  warnings.warn("image_name {}".format(image_name))
/home/karimimonsefi.1/SSL_VAN/MSD/tester.py:63: UserWarning: temp [[ nan  153.409  nan  nan  nan  nan  nan  nan  nan  nan  nan  nan  nan
   nan]]
  warnings.warn("temp {}".format(temp))
/home/karimimonsefi.1/SSL_VAN/MSD/tester.py:64: UserWarning: hd_distance tensor([[     nan, 136.0037,  20.6349,      nan,      nan,      nan,      nan,
              nan,      nan,      nan,      nan,      nan,      nan,      nan]],
       dtype=torch.float64)
  warnings.warn("hd_distance {}".format(hd_distance))
/home/karimimonsefi.1/SSL_VAN/MSD/tester.py:75: UserWarning: test 3/57, len is 14
  warnings.warn("test {}/{}, len is {}".format(idx, len(loader), list_size))
/home/karimimonsefi.1/SSL_VAN/MSD/tester.py:77: UserWarning: 0: 0.99982750415802,
  warnings.warn("{}: {},".format(i, run_acc.avg[i]))
/home/karimimonsefi.1/SSL_VAN/MSD/tester.py:77: UserWarning: 1: 0.825685441493988,
  warnings.warn("{}: {},".format(i, run_acc.avg[i]))
/home/karimimonsefi.1/SSL_VAN/MSD/tester.py:77: UserWarning: 2: 0.5814160704612732,
  warnings.warn("{}: {},".format(i, run_acc.avg[i]))
/home/karimimonsefi.1/SSL_VAN/MSD/tester.py:78: UserWarning: , HD95: [[ nan  149.058  nan  nan  nan  nan  nan  nan  nan  nan  nan  nan  nan
   nan]], time 13.40s
  warnings.warn(", HD95: {}, time {:.2f}s".format(hd95.avg, time.time() - start_time))
/home/karimimonsefi.1/SSL_VAN/MSD/tester.py:26: UserWarning: image_name pancreas_421.nii.gz
  warnings.warn("image_name {}".format(image_name))
/home/karimimonsefi.1/SSL_VAN/MSD/tester.py:63: UserWarning: temp [[ nan  149.058  nan  nan  nan  nan  nan  nan  nan  nan  nan  nan  nan
   nan]]
  warnings.warn("temp {}".format(temp))
/home/karimimonsefi.1/SSL_VAN/MSD/tester.py:64: UserWarning: hd_distance tensor([[365.4005, 158.5899,  26.9258,      nan,      nan,      nan,      nan,
              nan,      nan,      nan,      nan,      nan,      nan,      nan]],
       dtype=torch.float64)
  warnings.warn("hd_distance {}".format(hd_distance))
/home/karimimonsefi.1/SSL_VAN/MSD/tester.py:75: UserWarning: test 4/57, len is 14
  warnings.warn("test {}/{}, len is {}".format(idx, len(loader), list_size))
/home/karimimonsefi.1/SSL_VAN/MSD/tester.py:77: UserWarning: 0: 0.9998294711112976,
  warnings.warn("{}: {},".format(i, run_acc.avg[i]))
/home/karimimonsefi.1/SSL_VAN/MSD/tester.py:77: UserWarning: 1: 0.8353840112686157,
  warnings.warn("{}: {},".format(i, run_acc.avg[i]))
/home/karimimonsefi.1/SSL_VAN/MSD/tester.py:77: UserWarning: 2: 0.637362003326416,
  warnings.warn("{}: {},".format(i, run_acc.avg[i]))
/home/karimimonsefi.1/SSL_VAN/MSD/tester.py:78: UserWarning: , HD95: [[ nan  150.964  nan  nan  nan  nan  nan  nan  nan  nan  nan  nan  nan
   nan]], time 21.98s
  warnings.warn(", HD95: {}, time {:.2f}s".format(hd95.avg, time.time() - start_time))
/home/karimimonsefi.1/SSL_VAN/MSD/tester.py:26: UserWarning: image_name pancreas_127.nii.gz
  warnings.warn("image_name {}".format(image_name))
/home/karimimonsefi.1/SSL_VAN/MSD/tester.py:63: UserWarning: temp [[ nan  150.964  nan  nan  nan  nan  nan  nan  nan  nan  nan  nan  nan
   nan]]
  warnings.warn("temp {}".format(temp))
/home/karimimonsefi.1/SSL_VAN/MSD/tester.py:64: UserWarning: hd_distance tensor([[337.3971, 147.3239,      nan,      nan,      nan,      nan,      nan,
              nan,      nan,      nan,      nan,      nan,      nan,      nan]],
       dtype=torch.float64)
  warnings.warn("hd_distance {}".format(hd_distance))
/home/karimimonsefi.1/SSL_VAN/MSD/tester.py:75: UserWarning: test 5/57, len is 14
  warnings.warn("test {}/{}, len is {}".format(idx, len(loader), list_size))
/home/karimimonsefi.1/SSL_VAN/MSD/tester.py:77: UserWarning: 0: 0.999791145324707,
  warnings.warn("{}: {},".format(i, run_acc.avg[i]))
/home/karimimonsefi.1/SSL_VAN/MSD/tester.py:77: UserWarning: 1: 0.8357453942298889,
  warnings.warn("{}: {},".format(i, run_acc.avg[i]))
/home/karimimonsefi.1/SSL_VAN/MSD/tester.py:77: UserWarning: 2: 0.6516948342323303,
  warnings.warn("{}: {},".format(i, run_acc.avg[i]))
/home/karimimonsefi.1/SSL_VAN/MSD/tester.py:78: UserWarning: , HD95: [[ nan  150.358  nan  nan  nan  nan  nan  nan  nan  nan  nan  nan  nan
   nan]], time 24.33s
  warnings.warn(", HD95: {}, time {:.2f}s".format(hd95.avg, time.time() - start_time))
/home/karimimonsefi.1/SSL_VAN/MSD/tester.py:26: UserWarning: image_name pancreas_409.nii.gz
  warnings.warn("image_name {}".format(image_name))
/home/karimimonsefi.1/SSL_VAN/MSD/tester.py:63: UserWarning: temp [[ nan  150.358  nan  nan  nan  nan  nan  nan  nan  nan  nan  nan  nan
   nan]]
  warnings.warn("temp {}".format(temp))
/home/karimimonsefi.1/SSL_VAN/MSD/tester.py:64: UserWarning: hd_distance tensor([[     nan, 331.6017,  41.8262,      nan,      nan,      nan,      nan,
              nan,      nan,      nan,      nan,      nan,      nan,      nan]],
       dtype=torch.float64)
  warnings.warn("hd_distance {}".format(hd_distance))
/home/karimimonsefi.1/SSL_VAN/MSD/tester.py:75: UserWarning: test 6/57, len is 14
  warnings.warn("test {}/{}, len is {}".format(idx, len(loader), list_size))
/home/karimimonsefi.1/SSL_VAN/MSD/tester.py:77: UserWarning: 0: 0.9996635317802429,
  warnings.warn("{}: {},".format(i, run_acc.avg[i]))
/home/karimimonsefi.1/SSL_VAN/MSD/tester.py:77: UserWarning: 1: 0.8156716227531433,
  warnings.warn("{}: {},".format(i, run_acc.avg[i]))
/home/karimimonsefi.1/SSL_VAN/MSD/tester.py:77: UserWarning: 2: 0.5586199760437012,
  warnings.warn("{}: {},".format(i, run_acc.avg[i]))
/home/karimimonsefi.1/SSL_VAN/MSD/tester.py:78: UserWarning: , HD95: [[ nan  176.250  nan  nan  nan  nan  nan  nan  nan  nan  nan  nan  nan
   nan]], time 19.31s
  warnings.warn(", HD95: {}, time {:.2f}s".format(hd95.avg, time.time() - start_time))
/home/karimimonsefi.1/SSL_VAN/MSD/tester.py:26: UserWarning: image_name pancreas_305.nii.gz
  warnings.warn("image_name {}".format(image_name))
/home/karimimonsefi.1/SSL_VAN/MSD/tester.py:63: UserWarning: temp [[ nan  176.250  nan  nan  nan  nan  nan  nan  nan  nan  nan  nan  nan
   nan]]
  warnings.warn("temp {}".format(temp))
/home/karimimonsefi.1/SSL_VAN/MSD/tester.py:64: UserWarning: hd_distance tensor([[283.7358, 141.6401,      nan,      nan,      nan,      nan,      nan,
              nan,      nan,      nan,      nan,      nan,      nan,      nan]],
       dtype=torch.float64)
  warnings.warn("hd_distance {}".format(hd_distance))
/home/karimimonsefi.1/SSL_VAN/MSD/tester.py:75: UserWarning: test 7/57, len is 14
  warnings.warn("test {}/{}, len is {}".format(idx, len(loader), list_size))
/home/karimimonsefi.1/SSL_VAN/MSD/tester.py:77: UserWarning: 0: 0.9996755123138428,
  warnings.warn("{}: {},".format(i, run_acc.avg[i]))
/home/karimimonsefi.1/SSL_VAN/MSD/tester.py:77: UserWarning: 1: 0.8108927011489868,
  warnings.warn("{}: {},".format(i, run_acc.avg[i]))
/home/karimimonsefi.1/SSL_VAN/MSD/tester.py:77: UserWarning: 2: 0.5822098255157471,
  warnings.warn("{}: {},".format(i, run_acc.avg[i]))
/home/karimimonsefi.1/SSL_VAN/MSD/tester.py:78: UserWarning: , HD95: [[ nan  171.923  nan  nan  nan  nan  nan  nan  nan  nan  nan  nan  nan
   nan]], time 9.35s
  warnings.warn(", HD95: {}, time {:.2f}s".format(hd95.avg, time.time() - start_time))
/home/karimimonsefi.1/SSL_VAN/MSD/tester.py:26: UserWarning: image_name pancreas_029.nii.gz
  warnings.warn("image_name {}".format(image_name))
/home/karimimonsefi.1/SSL_VAN/MSD/tester.py:63: UserWarning: temp [[ nan  171.923  nan  nan  nan  nan  nan  nan  nan  nan  nan  nan  nan
   nan]]
  warnings.warn("temp {}".format(temp))
/home/karimimonsefi.1/SSL_VAN/MSD/tester.py:64: UserWarning: hd_distance tensor([[274.9273, 178.9918,  83.9782,      nan,      nan,      nan,      nan,
              nan,      nan,      nan,      nan,      nan,      nan,      nan]],
       dtype=torch.float64)
  warnings.warn("hd_distance {}".format(hd_distance))
/home/karimimonsefi.1/SSL_VAN/MSD/tester.py:75: UserWarning: test 8/57, len is 14
  warnings.warn("test {}/{}, len is {}".format(idx, len(loader), list_size))
/home/karimimonsefi.1/SSL_VAN/MSD/tester.py:77: UserWarning: 0: 0.9996379017829895,
  warnings.warn("{}: {},".format(i, run_acc.avg[i]))
/home/karimimonsefi.1/SSL_VAN/MSD/tester.py:77: UserWarning: 1: 0.8122171759605408,
  warnings.warn("{}: {},".format(i, run_acc.avg[i]))
/home/karimimonsefi.1/SSL_VAN/MSD/tester.py:77: UserWarning: 2: 0.6093233227729797,
  warnings.warn("{}: {},".format(i, run_acc.avg[i]))
/home/karimimonsefi.1/SSL_VAN/MSD/tester.py:78: UserWarning: , HD95: [[ nan  172.709  nan  nan  nan  nan  nan  nan  nan  nan  nan  nan  nan
   nan]], time 13.46s
  warnings.warn(", HD95: {}, time {:.2f}s".format(hd95.avg, time.time() - start_time))
/home/karimimonsefi.1/SSL_VAN/MSD/tester.py:26: UserWarning: image_name pancreas_336.nii.gz
  warnings.warn("image_name {}".format(image_name))
/home/karimimonsefi.1/SSL_VAN/MSD/tester.py:63: UserWarning: temp [[ nan  172.709  nan  nan  nan  nan  nan  nan  nan  nan  nan  nan  nan
   nan]]
  warnings.warn("temp {}".format(temp))
/home/karimimonsefi.1/SSL_VAN/MSD/tester.py:64: UserWarning: hd_distance tensor([[345.1985, 126.7889, 106.7427,      nan,      nan,      nan,      nan,
              nan,      nan,      nan,      nan,      nan,      nan,      nan]],
       dtype=torch.float64)
  warnings.warn("hd_distance {}".format(hd_distance))
/home/karimimonsefi.1/SSL_VAN/MSD/tester.py:75: UserWarning: test 9/57, len is 14
  warnings.warn("test {}/{}, len is {}".format(idx, len(loader), list_size))
/home/karimimonsefi.1/SSL_VAN/MSD/tester.py:77: UserWarning: 0: 0.9996541142463684,
  warnings.warn("{}: {},".format(i, run_acc.avg[i]))
/home/karimimonsefi.1/SSL_VAN/MSD/tester.py:77: UserWarning: 1: 0.8169199228286743,
  warnings.warn("{}: {},".format(i, run_acc.avg[i]))
/home/karimimonsefi.1/SSL_VAN/MSD/tester.py:77: UserWarning: 2: 0.6310818195343018,
  warnings.warn("{}: {},".format(i, run_acc.avg[i]))
/home/karimimonsefi.1/SSL_VAN/MSD/tester.py:78: UserWarning: , HD95: [[ nan  168.117  nan  nan  nan  nan  nan  nan  nan  nan  nan  nan  nan
   nan]], time 14.26s
  warnings.warn(", HD95: {}, time {:.2f}s".format(hd95.avg, time.time() - start_time))
/home/karimimonsefi.1/SSL_VAN/MSD/tester.py:26: UserWarning: image_name pancreas_242.nii.gz
  warnings.warn("image_name {}".format(image_name))
/home/karimimonsefi.1/SSL_VAN/MSD/tester.py:63: UserWarning: temp [[ nan  168.117  nan  nan  nan  nan  nan  nan  nan  nan  nan  nan  nan
   nan]]
  warnings.warn("temp {}".format(temp))
/home/karimimonsefi.1/SSL_VAN/MSD/tester.py:64: UserWarning: hd_distance tensor([[     nan, 155.1299, 131.9098,      nan,      nan,      nan,      nan,
              nan,      nan,      nan,      nan,      nan,      nan,      nan]],
       dtype=torch.float64)
  warnings.warn("hd_distance {}".format(hd_distance))
/home/karimimonsefi.1/SSL_VAN/MSD/tester.py:75: UserWarning: test 10/57, len is 14
  warnings.warn("test {}/{}, len is {}".format(idx, len(loader), list_size))
/home/karimimonsefi.1/SSL_VAN/MSD/tester.py:77: UserWarning: 0: 0.9996713399887085,
  warnings.warn("{}: {},".format(i, run_acc.avg[i]))
/home/karimimonsefi.1/SSL_VAN/MSD/tester.py:77: UserWarning: 1: 0.8227212429046631,
  warnings.warn("{}: {},".format(i, run_acc.avg[i]))
/home/karimimonsefi.1/SSL_VAN/MSD/tester.py:77: UserWarning: 2: 0.6417157649993896,
  warnings.warn("{}: {},".format(i, run_acc.avg[i]))
/home/karimimonsefi.1/SSL_VAN/MSD/tester.py:78: UserWarning: , HD95: [[ nan  166.936  nan  nan  nan  nan  nan  nan  nan  nan  nan  nan  nan
   nan]], time 11.95s
  warnings.warn(", HD95: {}, time {:.2f}s".format(hd95.avg, time.time() - start_time))
/home/karimimonsefi.1/SSL_VAN/MSD/tester.py:26: UserWarning: image_name pancreas_046.nii.gz
  warnings.warn("image_name {}".format(image_name))
/home/karimimonsefi.1/SSL_VAN/MSD/tester.py:63: UserWarning: temp [[ nan  166.936  nan  nan  nan  nan  nan  nan  nan  nan  nan  nan  nan
   nan]]
  warnings.warn("temp {}".format(temp))
/home/karimimonsefi.1/SSL_VAN/MSD/tester.py:64: UserWarning: hd_distance tensor([[     nan, 129.9602,  38.1379,      nan,      nan,      nan,      nan,
              nan,      nan,      nan,      nan,      nan,      nan,      nan]],
       dtype=torch.float64)
  warnings.warn("hd_distance {}".format(hd_distance))
/home/karimimonsefi.1/SSL_VAN/MSD/tester.py:75: UserWarning: test 11/57, len is 14
  warnings.warn("test {}/{}, len is {}".format(idx, len(loader), list_size))
/home/karimimonsefi.1/SSL_VAN/MSD/tester.py:77: UserWarning: 0: 0.9996810555458069,
  warnings.warn("{}: {},".format(i, run_acc.avg[i]))
/home/karimimonsefi.1/SSL_VAN/MSD/tester.py:77: UserWarning: 1: 0.8238361477851868,
  warnings.warn("{}: {},".format(i, run_acc.avg[i]))
/home/karimimonsefi.1/SSL_VAN/MSD/tester.py:77: UserWarning: 2: 0.6485193371772766,
  warnings.warn("{}: {},".format(i, run_acc.avg[i]))
/home/karimimonsefi.1/SSL_VAN/MSD/tester.py:78: UserWarning: , HD95: [[ nan  163.855  nan  nan  nan  nan  nan  nan  nan  nan  nan  nan  nan
   nan]], time 8.53s
  warnings.warn(", HD95: {}, time {:.2f}s".format(hd95.avg, time.time() - start_time))
/home/karimimonsefi.1/SSL_VAN/MSD/tester.py:26: UserWarning: image_name pancreas_107.nii.gz
  warnings.warn("image_name {}".format(image_name))
/home/karimimonsefi.1/SSL_VAN/MSD/tester.py:63: UserWarning: temp [[ nan  163.855  nan  nan  nan  nan  nan  nan  nan  nan  nan  nan  nan
   nan]]
  warnings.warn("temp {}".format(temp))
/home/karimimonsefi.1/SSL_VAN/MSD/tester.py:64: UserWarning: hd_distance tensor([[320.3639, 145.7665,      nan,      nan,      nan,      nan,      nan,
              nan,      nan,      nan,      nan,      nan,      nan,      nan]],
       dtype=torch.float64)
  warnings.warn("hd_distance {}".format(hd_distance))
/home/karimimonsefi.1/SSL_VAN/MSD/tester.py:75: UserWarning: test 12/57, len is 14
  warnings.warn("test {}/{}, len is {}".format(idx, len(loader), list_size))
/home/karimimonsefi.1/SSL_VAN/MSD/tester.py:77: UserWarning: 0: 0.9996843934059143,
  warnings.warn("{}: {},".format(i, run_acc.avg[i]))
/home/karimimonsefi.1/SSL_VAN/MSD/tester.py:77: UserWarning: 1: 0.824761152267456,
  warnings.warn("{}: {},".format(i, run_acc.avg[i]))
/home/karimimonsefi.1/SSL_VAN/MSD/tester.py:77: UserWarning: 2: 0.6611000895500183,
  warnings.warn("{}: {},".format(i, run_acc.avg[i]))
/home/karimimonsefi.1/SSL_VAN/MSD/tester.py:78: UserWarning: , HD95: [[ nan  162.463  nan  nan  nan  nan  nan  nan  nan  nan  nan  nan  nan
   nan]], time 13.31s
  warnings.warn(", HD95: {}, time {:.2f}s".format(hd95.avg, time.time() - start_time))
/home/karimimonsefi.1/SSL_VAN/MSD/tester.py:26: UserWarning: image_name pancreas_311.nii.gz
  warnings.warn("image_name {}".format(image_name))
/home/karimimonsefi.1/SSL_VAN/MSD/tester.py:63: UserWarning: temp [[ nan  162.463  nan  nan  nan  nan  nan  nan  nan  nan  nan  nan  nan
   nan]]
  warnings.warn("temp {}".format(temp))
/home/karimimonsefi.1/SSL_VAN/MSD/tester.py:64: UserWarning: hd_distance tensor([[     nan, 122.9858,      nan,      nan,      nan,      nan,      nan,
              nan,      nan,      nan,      nan,      nan,      nan,      nan]],
       dtype=torch.float64)
  warnings.warn("hd_distance {}".format(hd_distance))
/home/karimimonsefi.1/SSL_VAN/MSD/tester.py:75: UserWarning: test 13/57, len is 14
  warnings.warn("test {}/{}, len is {}".format(idx, len(loader), list_size))
/home/karimimonsefi.1/SSL_VAN/MSD/tester.py:77: UserWarning: 0: 0.9996857047080994,
  warnings.warn("{}: {},".format(i, run_acc.avg[i]))
/home/karimimonsefi.1/SSL_VAN/MSD/tester.py:77: UserWarning: 1: 0.8232792019844055,
  warnings.warn("{}: {},".format(i, run_acc.avg[i]))
/home/karimimonsefi.1/SSL_VAN/MSD/tester.py:77: UserWarning: 2: 0.6643833518028259,
  warnings.warn("{}: {},".format(i, run_acc.avg[i]))
/home/karimimonsefi.1/SSL_VAN/MSD/tester.py:78: UserWarning: , HD95: [[ nan  159.644  nan  nan  nan  nan  nan  nan  nan  nan  nan  nan  nan
   nan]], time 6.61s
  warnings.warn(", HD95: {}, time {:.2f}s".format(hd95.avg, time.time() - start_time))
/home/karimimonsefi.1/SSL_VAN/MSD/tester.py:26: UserWarning: image_name pancreas_228.nii.gz
  warnings.warn("image_name {}".format(image_name))
/home/karimimonsefi.1/SSL_VAN/MSD/tester.py:63: UserWarning: temp [[ nan  159.644  nan  nan  nan  nan  nan  nan  nan  nan  nan  nan  nan
   nan]]
  warnings.warn("temp {}".format(temp))
/home/karimimonsefi.1/SSL_VAN/MSD/tester.py:64: UserWarning: hd_distance tensor([[     nan, 111.0772, 119.0733,      nan,      nan,      nan,      nan,
              nan,      nan,      nan,      nan,      nan,      nan,      nan]],
       dtype=torch.float64)
  warnings.warn("hd_distance {}".format(hd_distance))
/home/karimimonsefi.1/SSL_VAN/MSD/tester.py:75: UserWarning: test 14/57, len is 14
  warnings.warn("test {}/{}, len is {}".format(idx, len(loader), list_size))
/home/karimimonsefi.1/SSL_VAN/MSD/tester.py:77: UserWarning: 0: 0.999686598777771,
  warnings.warn("{}: {},".format(i, run_acc.avg[i]))
/home/karimimonsefi.1/SSL_VAN/MSD/tester.py:77: UserWarning: 1: 0.8169628381729126,
  warnings.warn("{}: {},".format(i, run_acc.avg[i]))
/home/karimimonsefi.1/SSL_VAN/MSD/tester.py:77: UserWarning: 2: 0.6492986679077148,
  warnings.warn("{}: {},".format(i, run_acc.avg[i]))
/home/karimimonsefi.1/SSL_VAN/MSD/tester.py:78: UserWarning: , HD95: [[ nan  156.406  nan  nan  nan  nan  nan  nan  nan  nan  nan  nan  nan
   nan]], time 11.26s
  warnings.warn(", HD95: {}, time {:.2f}s".format(hd95.avg, time.time() - start_time))
/home/karimimonsefi.1/SSL_VAN/MSD/tester.py:26: UserWarning: image_name pancreas_203.nii.gz
  warnings.warn("image_name {}".format(image_name))
/home/karimimonsefi.1/SSL_VAN/MSD/tester.py:63: UserWarning: temp [[ nan  156.406  nan  nan  nan  nan  nan  nan  nan  nan  nan  nan  nan
   nan]]
  warnings.warn("temp {}".format(temp))
/home/karimimonsefi.1/SSL_VAN/MSD/tester.py:64: UserWarning: hd_distance tensor([[     nan, 122.1398,  89.0056,      nan,      nan,      nan,      nan,
              nan,      nan,      nan,      nan,      nan,      nan,      nan]],
       dtype=torch.float64)
  warnings.warn("hd_distance {}".format(hd_distance))
/home/karimimonsefi.1/SSL_VAN/MSD/tester.py:75: UserWarning: test 15/57, len is 14
  warnings.warn("test {}/{}, len is {}".format(idx, len(loader), list_size))
/home/karimimonsefi.1/SSL_VAN/MSD/tester.py:77: UserWarning: 0: 0.9996917843818665,
  warnings.warn("{}: {},".format(i, run_acc.avg[i]))
/home/karimimonsefi.1/SSL_VAN/MSD/tester.py:77: UserWarning: 1: 0.820904552936554,
  warnings.warn("{}: {},".format(i, run_acc.avg[i]))
/home/karimimonsefi.1/SSL_VAN/MSD/tester.py:77: UserWarning: 2: 0.6333560347557068,
  warnings.warn("{}: {},".format(i, run_acc.avg[i]))
/home/karimimonsefi.1/SSL_VAN/MSD/tester.py:78: UserWarning: , HD95: [[ nan  154.264  nan  nan  nan  nan  nan  nan  nan  nan  nan  nan  nan
   nan]], time 8.19s
  warnings.warn(", HD95: {}, time {:.2f}s".format(hd95.avg, time.time() - start_time))
/home/karimimonsefi.1/SSL_VAN/MSD/tester.py:26: UserWarning: image_name pancreas_183.nii.gz
  warnings.warn("image_name {}".format(image_name))
/home/karimimonsefi.1/SSL_VAN/MSD/tester.py:63: UserWarning: temp [[ nan  154.264  nan  nan  nan  nan  nan  nan  nan  nan  nan  nan  nan
   nan]]
  warnings.warn("temp {}".format(temp))
/home/karimimonsefi.1/SSL_VAN/MSD/tester.py:64: UserWarning: hd_distance tensor([[     nan, 142.2891,  65.7955,      nan,      nan,      nan,      nan,
              nan,      nan,      nan,      nan,      nan,      nan,      nan]],
       dtype=torch.float64)
  warnings.warn("hd_distance {}".format(hd_distance))
/home/karimimonsefi.1/SSL_VAN/MSD/tester.py:75: UserWarning: test 16/57, len is 14
  warnings.warn("test {}/{}, len is {}".format(idx, len(loader), list_size))
/home/karimimonsefi.1/SSL_VAN/MSD/tester.py:77: UserWarning: 0: 0.9997016787528992,
  warnings.warn("{}: {},".format(i, run_acc.avg[i]))
/home/karimimonsefi.1/SSL_VAN/MSD/tester.py:77: UserWarning: 1: 0.8181812167167664,
  warnings.warn("{}: {},".format(i, run_acc.avg[i]))
/home/karimimonsefi.1/SSL_VAN/MSD/tester.py:77: UserWarning: 2: 0.6406185626983643,
  warnings.warn("{}: {},".format(i, run_acc.avg[i]))
/home/karimimonsefi.1/SSL_VAN/MSD/tester.py:78: UserWarning: , HD95: [[ nan  153.560  nan  nan  nan  nan  nan  nan  nan  nan  nan  nan  nan
   nan]], time 5.65s
  warnings.warn(", HD95: {}, time {:.2f}s".format(hd95.avg, time.time() - start_time))
/home/karimimonsefi.1/SSL_VAN/MSD/tester.py:26: UserWarning: image_name pancreas_277.nii.gz
  warnings.warn("image_name {}".format(image_name))
/home/karimimonsefi.1/SSL_VAN/MSD/tester.py:63: UserWarning: temp [[ nan  153.560  nan  nan  nan  nan  nan  nan  nan  nan  nan  nan  nan
   nan]]
  warnings.warn("temp {}".format(temp))
/home/karimimonsefi.1/SSL_VAN/MSD/tester.py:64: UserWarning: hd_distance tensor([[     nan, 159.0992,      nan,      nan,      nan,      nan,      nan,
              nan,      nan,      nan,      nan,      nan,      nan,      nan]],
       dtype=torch.float64)
  warnings.warn("hd_distance {}".format(hd_distance))
/home/karimimonsefi.1/SSL_VAN/MSD/tester.py:75: UserWarning: test 17/57, len is 14
  warnings.warn("test {}/{}, len is {}".format(idx, len(loader), list_size))
/home/karimimonsefi.1/SSL_VAN/MSD/tester.py:77: UserWarning: 0: 0.9997116923332214,
  warnings.warn("{}: {},".format(i, run_acc.avg[i]))
/home/karimimonsefi.1/SSL_VAN/MSD/tester.py:77: UserWarning: 1: 0.821865439414978,
  warnings.warn("{}: {},".format(i, run_acc.avg[i]))
/home/karimimonsefi.1/SSL_VAN/MSD/tester.py:77: UserWarning: 2: 0.645163357257843,
  warnings.warn("{}: {},".format(i, run_acc.avg[i]))
/home/karimimonsefi.1/SSL_VAN/MSD/tester.py:78: UserWarning: , HD95: [[ nan  153.868  nan  nan  nan  nan  nan  nan  nan  nan  nan  nan  nan
   nan]], time 12.45s
  warnings.warn(", HD95: {}, time {:.2f}s".format(hd95.avg, time.time() - start_time))
/home/karimimonsefi.1/SSL_VAN/MSD/tester.py:26: UserWarning: image_name pancreas_130.nii.gz
  warnings.warn("image_name {}".format(image_name))
/home/karimimonsefi.1/SSL_VAN/MSD/tester.py:63: UserWarning: temp [[ nan  153.868  nan  nan  nan  nan  nan  nan  nan  nan  nan  nan  nan
   nan]]
  warnings.warn("temp {}".format(temp))
/home/karimimonsefi.1/SSL_VAN/MSD/tester.py:64: UserWarning: hd_distance tensor([[     nan, 217.6871, 164.7608,      nan,      nan,      nan,      nan,
              nan,      nan,      nan,      nan,      nan,      nan,      nan]],
       dtype=torch.float64)
  warnings.warn("hd_distance {}".format(hd_distance))
/home/karimimonsefi.1/SSL_VAN/MSD/tester.py:75: UserWarning: test 18/57, len is 14
  warnings.warn("test {}/{}, len is {}".format(idx, len(loader), list_size))
/home/karimimonsefi.1/SSL_VAN/MSD/tester.py:77: UserWarning: 0: 0.9996973276138306,
  warnings.warn("{}: {},".format(i, run_acc.avg[i]))
/home/karimimonsefi.1/SSL_VAN/MSD/tester.py:77: UserWarning: 1: 0.8108112812042236,
  warnings.warn("{}: {},".format(i, run_acc.avg[i]))
/home/karimimonsefi.1/SSL_VAN/MSD/tester.py:77: UserWarning: 2: 0.6522717475891113,
  warnings.warn("{}: {},".format(i, run_acc.avg[i]))
/home/karimimonsefi.1/SSL_VAN/MSD/tester.py:78: UserWarning: , HD95: [[ nan  157.226  nan  nan  nan  nan  nan  nan  nan  nan  nan  nan  nan
   nan]], time 9.20s
  warnings.warn(", HD95: {}, time {:.2f}s".format(hd95.avg, time.time() - start_time))
/home/karimimonsefi.1/SSL_VAN/MSD/tester.py:26: UserWarning: image_name pancreas_197.nii.gz
  warnings.warn("image_name {}".format(image_name))
/home/karimimonsefi.1/SSL_VAN/MSD/tester.py:63: UserWarning: temp [[ nan  157.226  nan  nan  nan  nan  nan  nan  nan  nan  nan  nan  nan
   nan]]
  warnings.warn("temp {}".format(temp))
/home/karimimonsefi.1/SSL_VAN/MSD/tester.py:64: UserWarning: hd_distance tensor([[     nan, 104.0887,  91.4286,      nan,      nan,      nan,      nan,
              nan,      nan,      nan,      nan,      nan,      nan,      nan]],
       dtype=torch.float64)
  warnings.warn("hd_distance {}".format(hd_distance))
/home/karimimonsefi.1/SSL_VAN/MSD/tester.py:75: UserWarning: test 19/57, len is 14
  warnings.warn("test {}/{}, len is {}".format(idx, len(loader), list_size))
/home/karimimonsefi.1/SSL_VAN/MSD/tester.py:77: UserWarning: 0: 0.9997032880783081,
  warnings.warn("{}: {},".format(i, run_acc.avg[i]))
/home/karimimonsefi.1/SSL_VAN/MSD/tester.py:77: UserWarning: 1: 0.81071937084198,
  warnings.warn("{}: {},".format(i, run_acc.avg[i]))
/home/karimimonsefi.1/SSL_VAN/MSD/tester.py:77: UserWarning: 2: 0.6577045321464539,
  warnings.warn("{}: {},".format(i, run_acc.avg[i]))
/home/karimimonsefi.1/SSL_VAN/MSD/tester.py:78: UserWarning: , HD95: [[ nan  154.570  nan  nan  nan  nan  nan  nan  nan  nan  nan  nan  nan
   nan]], time 6.32s
  warnings.warn(", HD95: {}, time {:.2f}s".format(hd95.avg, time.time() - start_time))
/home/karimimonsefi.1/SSL_VAN/MSD/tester.py:26: UserWarning: image_name pancreas_378.nii.gz
  warnings.warn("image_name {}".format(image_name))
/home/karimimonsefi.1/SSL_VAN/MSD/tester.py:63: UserWarning: temp [[ nan  154.570  nan  nan  nan  nan  nan  nan  nan  nan  nan  nan  nan
   nan]]
  warnings.warn("temp {}".format(temp))
/home/karimimonsefi.1/SSL_VAN/MSD/tester.py:64: UserWarning: hd_distance tensor([[     nan, 122.0543,      nan,      nan,      nan,      nan,      nan,
              nan,      nan,      nan,      nan,      nan,      nan,      nan]],
       dtype=torch.float64)
  warnings.warn("hd_distance {}".format(hd_distance))
/home/karimimonsefi.1/SSL_VAN/MSD/tester.py:75: UserWarning: test 20/57, len is 14
  warnings.warn("test {}/{}, len is {}".format(idx, len(loader), list_size))
/home/karimimonsefi.1/SSL_VAN/MSD/tester.py:77: UserWarning: 0: 0.9997099041938782,
  warnings.warn("{}: {},".format(i, run_acc.avg[i]))
/home/karimimonsefi.1/SSL_VAN/MSD/tester.py:77: UserWarning: 1: 0.8158246278762817,
  warnings.warn("{}: {},".format(i, run_acc.avg[i]))
/home/karimimonsefi.1/SSL_VAN/MSD/tester.py:77: UserWarning: 2: 0.657526969909668,
  warnings.warn("{}: {},".format(i, run_acc.avg[i]))
/home/karimimonsefi.1/SSL_VAN/MSD/tester.py:78: UserWarning: , HD95: [[ nan  153.021  nan  nan  nan  nan  nan  nan  nan  nan  nan  nan  nan
   nan]], time 5.82s
  warnings.warn(", HD95: {}, time {:.2f}s".format(hd95.avg, time.time() - start_time))
/home/karimimonsefi.1/SSL_VAN/MSD/tester.py:26: UserWarning: image_name pancreas_379.nii.gz
  warnings.warn("image_name {}".format(image_name))
/home/karimimonsefi.1/SSL_VAN/MSD/tester.py:63: UserWarning: temp [[ nan  153.021  nan  nan  nan  nan  nan  nan  nan  nan  nan  nan  nan
   nan]]
  warnings.warn("temp {}".format(temp))
/home/karimimonsefi.1/SSL_VAN/MSD/tester.py:64: UserWarning: hd_distance tensor([[     nan, 336.7518, 245.4677,      nan,      nan,      nan,      nan,
              nan,      nan,      nan,      nan,      nan,      nan,      nan]],
       dtype=torch.float64)
  warnings.warn("hd_distance {}".format(hd_distance))
/home/karimimonsefi.1/SSL_VAN/MSD/tester.py:75: UserWarning: test 21/57, len is 14
  warnings.warn("test {}/{}, len is {}".format(idx, len(loader), list_size))
/home/karimimonsefi.1/SSL_VAN/MSD/tester.py:77: UserWarning: 0: 0.9997194409370422,
  warnings.warn("{}: {},".format(i, run_acc.avg[i]))
/home/karimimonsefi.1/SSL_VAN/MSD/tester.py:77: UserWarning: 1: 0.8197235465049744,
  warnings.warn("{}: {},".format(i, run_acc.avg[i]))
/home/karimimonsefi.1/SSL_VAN/MSD/tester.py:77: UserWarning: 2: 0.6653181910514832,
  warnings.warn("{}: {},".format(i, run_acc.avg[i]))
/home/karimimonsefi.1/SSL_VAN/MSD/tester.py:78: UserWarning: , HD95: [[ nan  161.373  nan  nan  nan  nan  nan  nan  nan  nan  nan  nan  nan
   nan]], time 14.43s
  warnings.warn(", HD95: {}, time {:.2f}s".format(hd95.avg, time.time() - start_time))
/home/karimimonsefi.1/SSL_VAN/MSD/tester.py:26: UserWarning: image_name pancreas_125.nii.gz
  warnings.warn("image_name {}".format(image_name))
/home/karimimonsefi.1/SSL_VAN/MSD/tester.py:63: UserWarning: temp [[ nan  161.373  nan  nan  nan  nan  nan  nan  nan  nan  nan  nan  nan
   nan]]
  warnings.warn("temp {}".format(temp))
/home/karimimonsefi.1/SSL_VAN/MSD/tester.py:64: UserWarning: hd_distance tensor([[327.1727, 131.7715,      nan,      nan,      nan,      nan,      nan,
              nan,      nan,      nan,      nan,      nan,      nan,      nan]],
       dtype=torch.float64)
  warnings.warn("hd_distance {}".format(hd_distance))
/home/karimimonsefi.1/SSL_VAN/MSD/tester.py:75: UserWarning: test 22/57, len is 14
  warnings.warn("test {}/{}, len is {}".format(idx, len(loader), list_size))
/home/karimimonsefi.1/SSL_VAN/MSD/tester.py:77: UserWarning: 0: 0.9997126460075378,
  warnings.warn("{}: {},".format(i, run_acc.avg[i]))
/home/karimimonsefi.1/SSL_VAN/MSD/tester.py:77: UserWarning: 1: 0.8201192617416382,
  warnings.warn("{}: {},".format(i, run_acc.avg[i]))
/home/karimimonsefi.1/SSL_VAN/MSD/tester.py:77: UserWarning: 2: 0.675258994102478,
  warnings.warn("{}: {},".format(i, run_acc.avg[i]))
/home/karimimonsefi.1/SSL_VAN/MSD/tester.py:78: UserWarning: , HD95: [[ nan  160.086  nan  nan  nan  nan  nan  nan  nan  nan  nan  nan  nan
   nan]], time 19.54s
  warnings.warn(", HD95: {}, time {:.2f}s".format(hd95.avg, time.time() - start_time))
/home/karimimonsefi.1/SSL_VAN/MSD/tester.py:26: UserWarning: image_name pancreas_019.nii.gz
  warnings.warn("image_name {}".format(image_name))
/home/karimimonsefi.1/SSL_VAN/MSD/tester.py:63: UserWarning: temp [[ nan  160.086  nan  nan  nan  nan  nan  nan  nan  nan  nan  nan  nan
   nan]]
  warnings.warn("temp {}".format(temp))
/home/karimimonsefi.1/SSL_VAN/MSD/tester.py:64: UserWarning: hd_distance tensor([[     nan, 126.1133,  41.7750,      nan,      nan,      nan,      nan,
              nan,      nan,      nan,      nan,      nan,      nan,      nan]],
       dtype=torch.float64)
  warnings.warn("hd_distance {}".format(hd_distance))
/home/karimimonsefi.1/SSL_VAN/MSD/tester.py:75: UserWarning: test 23/57, len is 14
  warnings.warn("test {}/{}, len is {}".format(idx, len(loader), list_size))
/home/karimimonsefi.1/SSL_VAN/MSD/tester.py:77: UserWarning: 0: 0.9997134804725647,
  warnings.warn("{}: {},".format(i, run_acc.avg[i]))
/home/karimimonsefi.1/SSL_VAN/MSD/tester.py:77: UserWarning: 1: 0.8215674757957458,
  warnings.warn("{}: {},".format(i, run_acc.avg[i]))
/home/karimimonsefi.1/SSL_VAN/MSD/tester.py:77: UserWarning: 2: 0.6830618381500244,
  warnings.warn("{}: {},".format(i, run_acc.avg[i]))
/home/karimimonsefi.1/SSL_VAN/MSD/tester.py:78: UserWarning: , HD95: [[ nan  158.670  nan  nan  nan  nan  nan  nan  nan  nan  nan  nan  nan
   nan]], time 8.61s
  warnings.warn(", HD95: {}, time {:.2f}s".format(hd95.avg, time.time() - start_time))
/home/karimimonsefi.1/SSL_VAN/MSD/tester.py:26: UserWarning: image_name pancreas_018.nii.gz
  warnings.warn("image_name {}".format(image_name))
/home/karimimonsefi.1/SSL_VAN/MSD/tester.py:63: UserWarning: temp [[ nan  158.670  nan  nan  nan  nan  nan  nan  nan  nan  nan  nan  nan
   nan]]
  warnings.warn("temp {}".format(temp))
/home/karimimonsefi.1/SSL_VAN/MSD/tester.py:64: UserWarning: hd_distance tensor([[     nan, 127.3799,      nan,      nan,      nan,      nan,      nan,
              nan,      nan,      nan,      nan,      nan,      nan,      nan]],
       dtype=torch.float64)
  warnings.warn("hd_distance {}".format(hd_distance))
/home/karimimonsefi.1/SSL_VAN/MSD/tester.py:75: UserWarning: test 24/57, len is 14
  warnings.warn("test {}/{}, len is {}".format(idx, len(loader), list_size))
/home/karimimonsefi.1/SSL_VAN/MSD/tester.py:77: UserWarning: 0: 0.9996967315673828,
  warnings.warn("{}: {},".format(i, run_acc.avg[i]))
/home/karimimonsefi.1/SSL_VAN/MSD/tester.py:77: UserWarning: 1: 0.809948742389679,
  warnings.warn("{}: {},".format(i, run_acc.avg[i]))
/home/karimimonsefi.1/SSL_VAN/MSD/tester.py:77: UserWarning: 2: 0.6780455112457275,
  warnings.warn("{}: {},".format(i, run_acc.avg[i]))
/home/karimimonsefi.1/SSL_VAN/MSD/tester.py:78: UserWarning: , HD95: [[ nan  157.418  nan  nan  nan  nan  nan  nan  nan  nan  nan  nan  nan
   nan]], time 5.29s
  warnings.warn(", HD95: {}, time {:.2f}s".format(hd95.avg, time.time() - start_time))
/home/karimimonsefi.1/SSL_VAN/MSD/tester.py:26: UserWarning: image_name pancreas_296.nii.gz
  warnings.warn("image_name {}".format(image_name))
/home/karimimonsefi.1/SSL_VAN/MSD/tester.py:63: UserWarning: temp [[ nan  157.418  nan  nan  nan  nan  nan  nan  nan  nan  nan  nan  nan
   nan]]
  warnings.warn("temp {}".format(temp))
/home/karimimonsefi.1/SSL_VAN/MSD/tester.py:64: UserWarning: hd_distance tensor([[     nan, 169.5305,      nan,      nan,      nan,      nan,      nan,
              nan,      nan,      nan,      nan,      nan,      nan,      nan]],
       dtype=torch.float64)
  warnings.warn("hd_distance {}".format(hd_distance))
/home/karimimonsefi.1/SSL_VAN/MSD/tester.py:75: UserWarning: test 25/57, len is 14
  warnings.warn("test {}/{}, len is {}".format(idx, len(loader), list_size))
/home/karimimonsefi.1/SSL_VAN/MSD/tester.py:77: UserWarning: 0: 0.9996817111968994,
  warnings.warn("{}: {},".format(i, run_acc.avg[i]))
/home/karimimonsefi.1/SSL_VAN/MSD/tester.py:77: UserWarning: 1: 0.8035508394241333,
  warnings.warn("{}: {},".format(i, run_acc.avg[i]))
/home/karimimonsefi.1/SSL_VAN/MSD/tester.py:77: UserWarning: 2: 0.6807730793952942,
  warnings.warn("{}: {},".format(i, run_acc.avg[i]))
/home/karimimonsefi.1/SSL_VAN/MSD/tester.py:78: UserWarning: , HD95: [[ nan  157.884  nan  nan  nan  nan  nan  nan  nan  nan  nan  nan  nan
   nan]], time 10.63s
  warnings.warn(", HD95: {}, time {:.2f}s".format(hd95.avg, time.time() - start_time))
/home/karimimonsefi.1/SSL_VAN/MSD/tester.py:26: UserWarning: image_name pancreas_345.nii.gz
  warnings.warn("image_name {}".format(image_name))
/home/karimimonsefi.1/SSL_VAN/MSD/tester.py:63: UserWarning: temp [[ nan  157.884  nan  nan  nan  nan  nan  nan  nan  nan  nan  nan  nan
   nan]]
  warnings.warn("temp {}".format(temp))
/home/karimimonsefi.1/SSL_VAN/MSD/tester.py:64: UserWarning: hd_distance tensor([[     nan, 106.6944,      nan,      nan,      nan,      nan,      nan,
              nan,      nan,      nan,      nan,      nan,      nan,      nan]],
       dtype=torch.float64)
  warnings.warn("hd_distance {}".format(hd_distance))
/home/karimimonsefi.1/SSL_VAN/MSD/tester.py:75: UserWarning: test 26/57, len is 14
  warnings.warn("test {}/{}, len is {}".format(idx, len(loader), list_size))
/home/karimimonsefi.1/SSL_VAN/MSD/tester.py:77: UserWarning: 0: 0.9996852874755859,
  warnings.warn("{}: {},".format(i, run_acc.avg[i]))
/home/karimimonsefi.1/SSL_VAN/MSD/tester.py:77: UserWarning: 1: 0.8059201836585999,
  warnings.warn("{}: {},".format(i, run_acc.avg[i]))
/home/karimimonsefi.1/SSL_VAN/MSD/tester.py:77: UserWarning: 2: 0.6808736324310303,
  warnings.warn("{}: {},".format(i, run_acc.avg[i]))
/home/karimimonsefi.1/SSL_VAN/MSD/tester.py:78: UserWarning: , HD95: [[ nan  155.988  nan  nan  nan  nan  nan  nan  nan  nan  nan  nan  nan
   nan]], time 7.26s
  warnings.warn(", HD95: {}, time {:.2f}s".format(hd95.avg, time.time() - start_time))
/home/karimimonsefi.1/SSL_VAN/MSD/tester.py:26: UserWarning: image_name pancreas_343.nii.gz
  warnings.warn("image_name {}".format(image_name))
/home/karimimonsefi.1/SSL_VAN/MSD/tester.py:63: UserWarning: temp [[ nan  155.988  nan  nan  nan  nan  nan  nan  nan  nan  nan  nan  nan
   nan]]
  warnings.warn("temp {}".format(temp))
/home/karimimonsefi.1/SSL_VAN/MSD/tester.py:64: UserWarning: hd_distance tensor([[     nan, 121.8196,  71.2896,      nan,      nan,      nan,      nan,
              nan,      nan,      nan,      nan,      nan,      nan,      nan]],
       dtype=torch.float64)
  warnings.warn("hd_distance {}".format(hd_distance))
/home/karimimonsefi.1/SSL_VAN/MSD/tester.py:75: UserWarning: test 27/57, len is 14
  warnings.warn("test {}/{}, len is {}".format(idx, len(loader), list_size))
/home/karimimonsefi.1/SSL_VAN/MSD/tester.py:77: UserWarning: 0: 0.9996925592422485,
  warnings.warn("{}: {},".format(i, run_acc.avg[i]))
/home/karimimonsefi.1/SSL_VAN/MSD/tester.py:77: UserWarning: 1: 0.8077584505081177,
  warnings.warn("{}: {},".format(i, run_acc.avg[i]))
/home/karimimonsefi.1/SSL_VAN/MSD/tester.py:77: UserWarning: 2: 0.6811749339103699,
  warnings.warn("{}: {},".format(i, run_acc.avg[i]))
/home/karimimonsefi.1/SSL_VAN/MSD/tester.py:78: UserWarning: , HD95: [[ nan  154.768  nan  nan  nan  nan  nan  nan  nan  nan  nan  nan  nan
   nan]], time 6.95s
  warnings.warn(", HD95: {}, time {:.2f}s".format(hd95.avg, time.time() - start_time))
/home/karimimonsefi.1/SSL_VAN/MSD/tester.py:26: UserWarning: image_name pancreas_388.nii.gz
  warnings.warn("image_name {}".format(image_name))
/home/karimimonsefi.1/SSL_VAN/MSD/tester.py:63: UserWarning: temp [[ nan  154.768  nan  nan  nan  nan  nan  nan  nan  nan  nan  nan  nan
   nan]]
  warnings.warn("temp {}".format(temp))
/home/karimimonsefi.1/SSL_VAN/MSD/tester.py:64: UserWarning: hd_distance tensor([[     nan, 117.8169,      nan,      nan,      nan,      nan,      nan,
              nan,      nan,      nan,      nan,      nan,      nan,      nan]],
       dtype=torch.float64)
  warnings.warn("hd_distance {}".format(hd_distance))
/home/karimimonsefi.1/SSL_VAN/MSD/tester.py:75: UserWarning: test 28/57, len is 14
  warnings.warn("test {}/{}, len is {}".format(idx, len(loader), list_size))
/home/karimimonsefi.1/SSL_VAN/MSD/tester.py:77: UserWarning: 0: 0.9996984601020813,
  warnings.warn("{}: {},".format(i, run_acc.avg[i]))
/home/karimimonsefi.1/SSL_VAN/MSD/tester.py:77: UserWarning: 1: 0.8040781617164612,
  warnings.warn("{}: {},".format(i, run_acc.avg[i]))
/home/karimimonsefi.1/SSL_VAN/MSD/tester.py:77: UserWarning: 2: 0.6853266954421997,
  warnings.warn("{}: {},".format(i, run_acc.avg[i]))
/home/karimimonsefi.1/SSL_VAN/MSD/tester.py:78: UserWarning: , HD95: [[ nan  153.494  nan  nan  nan  nan  nan  nan  nan  nan  nan  nan  nan
   nan]], time 10.82s
  warnings.warn(", HD95: {}, time {:.2f}s".format(hd95.avg, time.time() - start_time))
/home/karimimonsefi.1/SSL_VAN/MSD/tester.py:26: UserWarning: image_name pancreas_001.nii.gz
  warnings.warn("image_name {}".format(image_name))
/home/karimimonsefi.1/SSL_VAN/MSD/tester.py:63: UserWarning: temp [[ nan  153.494  nan  nan  nan  nan  nan  nan  nan  nan  nan  nan  nan
   nan]]
  warnings.warn("temp {}".format(temp))
/home/karimimonsefi.1/SSL_VAN/MSD/tester.py:64: UserWarning: hd_distance tensor([[     nan, 154.5046,  98.5109,      nan,      nan,      nan,      nan,
              nan,      nan,      nan,      nan,      nan,      nan,      nan]],
       dtype=torch.float64)
  warnings.warn("hd_distance {}".format(hd_distance))
/home/karimimonsefi.1/SSL_VAN/MSD/tester.py:75: UserWarning: test 29/57, len is 14
  warnings.warn("test {}/{}, len is {}".format(idx, len(loader), list_size))
/home/karimimonsefi.1/SSL_VAN/MSD/tester.py:77: UserWarning: 0: 0.9997004866600037,
  warnings.warn("{}: {},".format(i, run_acc.avg[i]))
/home/karimimonsefi.1/SSL_VAN/MSD/tester.py:77: UserWarning: 1: 0.8037458062171936,
  warnings.warn("{}: {},".format(i, run_acc.avg[i]))
/home/karimimonsefi.1/SSL_VAN/MSD/tester.py:77: UserWarning: 2: 0.6893097162246704,
  warnings.warn("{}: {},".format(i, run_acc.avg[i]))
/home/karimimonsefi.1/SSL_VAN/MSD/tester.py:78: UserWarning: , HD95: [[ nan  153.528  nan  nan  nan  nan  nan  nan  nan  nan  nan  nan  nan
   nan]], time 6.14s
  warnings.warn(", HD95: {}, time {:.2f}s".format(hd95.avg, time.time() - start_time))
/home/karimimonsefi.1/SSL_VAN/MSD/tester.py:26: UserWarning: image_name pancreas_209.nii.gz
  warnings.warn("image_name {}".format(image_name))
/home/karimimonsefi.1/SSL_VAN/MSD/tester.py:63: UserWarning: temp [[ nan  153.528  nan  nan  nan  nan  nan  nan  nan  nan  nan  nan  nan
   nan]]
  warnings.warn("temp {}".format(temp))
/home/karimimonsefi.1/SSL_VAN/MSD/tester.py:64: UserWarning: hd_distance tensor([[374.6318, 167.6402,      nan,      nan,      nan,      nan,      nan,
              nan,      nan,      nan,      nan,      nan,      nan,      nan]],
       dtype=torch.float64)
  warnings.warn("hd_distance {}".format(hd_distance))
/home/karimimonsefi.1/SSL_VAN/MSD/tester.py:75: UserWarning: test 30/57, len is 14
  warnings.warn("test {}/{}, len is {}".format(idx, len(loader), list_size))
/home/karimimonsefi.1/SSL_VAN/MSD/tester.py:77: UserWarning: 0: 0.9997017979621887,
  warnings.warn("{}: {},".format(i, run_acc.avg[i]))
/home/karimimonsefi.1/SSL_VAN/MSD/tester.py:77: UserWarning: 1: 0.8046464323997498,
  warnings.warn("{}: {},".format(i, run_acc.avg[i]))
/home/karimimonsefi.1/SSL_VAN/MSD/tester.py:77: UserWarning: 2: 0.6911964416503906,
  warnings.warn("{}: {},".format(i, run_acc.avg[i]))
/home/karimimonsefi.1/SSL_VAN/MSD/tester.py:78: UserWarning: , HD95: [[ nan  153.983  nan  nan  nan  nan  nan  nan  nan  nan  nan  nan  nan
   nan]], time 22.87s
  warnings.warn(", HD95: {}, time {:.2f}s".format(hd95.avg, time.time() - start_time))
/home/karimimonsefi.1/SSL_VAN/MSD/tester.py:26: UserWarning: image_name pancreas_268.nii.gz
  warnings.warn("image_name {}".format(image_name))
/home/karimimonsefi.1/SSL_VAN/MSD/tester.py:63: UserWarning: temp [[ nan  153.983  nan  nan  nan  nan  nan  nan  nan  nan  nan  nan  nan
   nan]]
  warnings.warn("temp {}".format(temp))
/home/karimimonsefi.1/SSL_VAN/MSD/tester.py:64: UserWarning: hd_distance tensor([[    nan, 99.2247, 29.3590,     nan,     nan,     nan,     nan,     nan,
             nan,     nan,     nan,     nan,     nan,     nan]],
       dtype=torch.float64)
  warnings.warn("hd_distance {}".format(hd_distance))
/home/karimimonsefi.1/SSL_VAN/MSD/tester.py:75: UserWarning: test 31/57, len is 14
  warnings.warn("test {}/{}, len is {}".format(idx, len(loader), list_size))
/home/karimimonsefi.1/SSL_VAN/MSD/tester.py:77: UserWarning: 0: 0.9997031688690186,
  warnings.warn("{}: {},".format(i, run_acc.avg[i]))
/home/karimimonsefi.1/SSL_VAN/MSD/tester.py:77: UserWarning: 1: 0.8035290241241455,
  warnings.warn("{}: {},".format(i, run_acc.avg[i]))
/home/karimimonsefi.1/SSL_VAN/MSD/tester.py:77: UserWarning: 2: 0.6944698691368103,
  warnings.warn("{}: {},".format(i, run_acc.avg[i]))
/home/karimimonsefi.1/SSL_VAN/MSD/tester.py:78: UserWarning: , HD95: [[ nan  152.272  nan  nan  nan  nan  nan  nan  nan  nan  nan  nan  nan
   nan]], time 4.05s
  warnings.warn(", HD95: {}, time {:.2f}s".format(hd95.avg, time.time() - start_time))
/home/karimimonsefi.1/SSL_VAN/MSD/tester.py:26: UserWarning: image_name pancreas_024.nii.gz
  warnings.warn("image_name {}".format(image_name))
/home/karimimonsefi.1/SSL_VAN/MSD/tester.py:63: UserWarning: temp [[ nan  152.272  nan  nan  nan  nan  nan  nan  nan  nan  nan  nan  nan
   nan]]
  warnings.warn("temp {}".format(temp))
/home/karimimonsefi.1/SSL_VAN/MSD/tester.py:64: UserWarning: hd_distance tensor([[     nan, 223.5828, 237.0684,      nan,      nan,      nan,      nan,
              nan,      nan,      nan,      nan,      nan,      nan,      nan]],
       dtype=torch.float64)
  warnings.warn("hd_distance {}".format(hd_distance))
/home/karimimonsefi.1/SSL_VAN/MSD/tester.py:75: UserWarning: test 32/57, len is 14
  warnings.warn("test {}/{}, len is {}".format(idx, len(loader), list_size))
/home/karimimonsefi.1/SSL_VAN/MSD/tester.py:77: UserWarning: 0: 0.9996965527534485,
  warnings.warn("{}: {},".format(i, run_acc.avg[i]))
/home/karimimonsefi.1/SSL_VAN/MSD/tester.py:77: UserWarning: 1: 0.8013678789138794,
  warnings.warn("{}: {},".format(i, run_acc.avg[i]))
/home/karimimonsefi.1/SSL_VAN/MSD/tester.py:77: UserWarning: 2: 0.6899345517158508,
  warnings.warn("{}: {},".format(i, run_acc.avg[i]))
/home/karimimonsefi.1/SSL_VAN/MSD/tester.py:78: UserWarning: , HD95: [[ nan  154.433  nan  nan  nan  nan  nan  nan  nan  nan  nan  nan  nan
   nan]], time 10.76s
  warnings.warn(", HD95: {}, time {:.2f}s".format(hd95.avg, time.time() - start_time))
/home/karimimonsefi.1/SSL_VAN/MSD/tester.py:26: UserWarning: image_name pancreas_042.nii.gz
  warnings.warn("image_name {}".format(image_name))
/home/karimimonsefi.1/SSL_VAN/MSD/tester.py:63: UserWarning: temp [[ nan  154.433  nan  nan  nan  nan  nan  nan  nan  nan  nan  nan  nan
   nan]]
  warnings.warn("temp {}".format(temp))
/home/karimimonsefi.1/SSL_VAN/MSD/tester.py:64: UserWarning: hd_distance tensor([[     nan, 117.9957,      nan,      nan,      nan,      nan,      nan,
              nan,      nan,      nan,      nan,      nan,      nan,      nan]],
       dtype=torch.float64)
  warnings.warn("hd_distance {}".format(hd_distance))
/home/karimimonsefi.1/SSL_VAN/MSD/tester.py:75: UserWarning: test 33/57, len is 14
  warnings.warn("test {}/{}, len is {}".format(idx, len(loader), list_size))
/home/karimimonsefi.1/SSL_VAN/MSD/tester.py:77: UserWarning: 0: 0.9996896386146545,
  warnings.warn("{}: {},".format(i, run_acc.avg[i]))
/home/karimimonsefi.1/SSL_VAN/MSD/tester.py:77: UserWarning: 1: 0.7994341850280762,
  warnings.warn("{}: {},".format(i, run_acc.avg[i]))
/home/karimimonsefi.1/SSL_VAN/MSD/tester.py:77: UserWarning: 2: 0.6969028115272522,
  warnings.warn("{}: {},".format(i, run_acc.avg[i]))
/home/karimimonsefi.1/SSL_VAN/MSD/tester.py:78: UserWarning: , HD95: [[ nan  153.361  nan  nan  nan  nan  nan  nan  nan  nan  nan  nan  nan
   nan]], time 8.36s
  warnings.warn(", HD95: {}, time {:.2f}s".format(hd95.avg, time.time() - start_time))
/home/karimimonsefi.1/SSL_VAN/MSD/tester.py:26: UserWarning: image_name pancreas_215.nii.gz
  warnings.warn("image_name {}".format(image_name))
/home/karimimonsefi.1/SSL_VAN/MSD/tester.py:63: UserWarning: temp [[ nan  153.361  nan  nan  nan  nan  nan  nan  nan  nan  nan  nan  nan
   nan]]
  warnings.warn("temp {}".format(temp))
/home/karimimonsefi.1/SSL_VAN/MSD/tester.py:64: UserWarning: hd_distance tensor([[281.6768, 125.1499,      nan,      nan,      nan,      nan,      nan,
              nan,      nan,      nan,      nan,      nan,      nan,      nan]],
       dtype=torch.float64)
  warnings.warn("hd_distance {}".format(hd_distance))
/home/karimimonsefi.1/SSL_VAN/MSD/tester.py:75: UserWarning: test 34/57, len is 14
  warnings.warn("test {}/{}, len is {}".format(idx, len(loader), list_size))
/home/karimimonsefi.1/SSL_VAN/MSD/tester.py:77: UserWarning: 0: 0.999691903591156,
  warnings.warn("{}: {},".format(i, run_acc.avg[i]))
/home/karimimonsefi.1/SSL_VAN/MSD/tester.py:77: UserWarning: 1: 0.801230251789093,
  warnings.warn("{}: {},".format(i, run_acc.avg[i]))
/home/karimimonsefi.1/SSL_VAN/MSD/tester.py:77: UserWarning: 2: 0.6978334784507751,
  warnings.warn("{}: {},".format(i, run_acc.avg[i]))
/home/karimimonsefi.1/SSL_VAN/MSD/tester.py:78: UserWarning: , HD95: [[ nan  152.555  nan  nan  nan  nan  nan  nan  nan  nan  nan  nan  nan
   nan]], time 12.66s
  warnings.warn(", HD95: {}, time {:.2f}s".format(hd95.avg, time.time() - start_time))
/home/karimimonsefi.1/SSL_VAN/MSD/tester.py:26: UserWarning: image_name pancreas_191.nii.gz
  warnings.warn("image_name {}".format(image_name))
/home/karimimonsefi.1/SSL_VAN/MSD/tester.py:63: UserWarning: temp [[ nan  152.555  nan  nan  nan  nan  nan  nan  nan  nan  nan  nan  nan
   nan]]
  warnings.warn("temp {}".format(temp))
/home/karimimonsefi.1/SSL_VAN/MSD/tester.py:64: UserWarning: hd_distance tensor([[     nan, 120.1419,      nan,      nan,      nan,      nan,      nan,
              nan,      nan,      nan,      nan,      nan,      nan,      nan]],
       dtype=torch.float64)
  warnings.warn("hd_distance {}".format(hd_distance))
/home/karimimonsefi.1/SSL_VAN/MSD/tester.py:75: UserWarning: test 35/57, len is 14
  warnings.warn("test {}/{}, len is {}".format(idx, len(loader), list_size))
/home/karimimonsefi.1/SSL_VAN/MSD/tester.py:77: UserWarning: 0: 0.9996927976608276,
  warnings.warn("{}: {},".format(i, run_acc.avg[i]))
/home/karimimonsefi.1/SSL_VAN/MSD/tester.py:77: UserWarning: 1: 0.8038051724433899,
  warnings.warn("{}: {},".format(i, run_acc.avg[i]))
/home/karimimonsefi.1/SSL_VAN/MSD/tester.py:77: UserWarning: 2: 0.7027192711830139,
  warnings.warn("{}: {},".format(i, run_acc.avg[i]))
/home/karimimonsefi.1/SSL_VAN/MSD/tester.py:78: UserWarning: , HD95: [[ nan  151.655  nan  nan  nan  nan  nan  nan  nan  nan  nan  nan  nan
   nan]], time 3.41s
  warnings.warn(", HD95: {}, time {:.2f}s".format(hd95.avg, time.time() - start_time))
/home/karimimonsefi.1/SSL_VAN/MSD/tester.py:26: UserWarning: image_name pancreas_361.nii.gz
  warnings.warn("image_name {}".format(image_name))
/home/karimimonsefi.1/SSL_VAN/MSD/tester.py:63: UserWarning: temp [[ nan  151.655  nan  nan  nan  nan  nan  nan  nan  nan  nan  nan  nan
   nan]]
  warnings.warn("temp {}".format(temp))
/home/karimimonsefi.1/SSL_VAN/MSD/tester.py:64: UserWarning: hd_distance tensor([[     nan, 221.1434,  76.1709,      nan,      nan,      nan,      nan,
              nan,      nan,      nan,      nan,      nan,      nan,      nan]],
       dtype=torch.float64)
  warnings.warn("hd_distance {}".format(hd_distance))
/home/karimimonsefi.1/SSL_VAN/MSD/tester.py:75: UserWarning: test 36/57, len is 14
  warnings.warn("test {}/{}, len is {}".format(idx, len(loader), list_size))
/home/karimimonsefi.1/SSL_VAN/MSD/tester.py:77: UserWarning: 0: 0.9996833801269531,
  warnings.warn("{}: {},".format(i, run_acc.avg[i]))
/home/karimimonsefi.1/SSL_VAN/MSD/tester.py:77: UserWarning: 1: 0.796861469745636,
  warnings.warn("{}: {},".format(i, run_acc.avg[i]))
/home/karimimonsefi.1/SSL_VAN/MSD/tester.py:77: UserWarning: 2: 0.7041035294532776,
  warnings.warn("{}: {},".format(i, run_acc.avg[i]))
/home/karimimonsefi.1/SSL_VAN/MSD/tester.py:78: UserWarning: , HD95: [[ nan  153.533  nan  nan  nan  nan  nan  nan  nan  nan  nan  nan  nan
   nan]], time 7.04s
  warnings.warn(", HD95: {}, time {:.2f}s".format(hd95.avg, time.time() - start_time))
/home/karimimonsefi.1/SSL_VAN/MSD/tester.py:26: UserWarning: image_name pancreas_412.nii.gz
  warnings.warn("image_name {}".format(image_name))
/home/karimimonsefi.1/SSL_VAN/MSD/tester.py:63: UserWarning: temp [[ nan  153.533  nan  nan  nan  nan  nan  nan  nan  nan  nan  nan  nan
   nan]]
  warnings.warn("temp {}".format(temp))
/home/karimimonsefi.1/SSL_VAN/MSD/tester.py:64: UserWarning: hd_distance tensor([[     nan, 290.5302, 128.8720,      nan,      nan,      nan,      nan,
              nan,      nan,      nan,      nan,      nan,      nan,      nan]],
       dtype=torch.float64)
  warnings.warn("hd_distance {}".format(hd_distance))
/home/karimimonsefi.1/SSL_VAN/MSD/tester.py:75: UserWarning: test 37/57, len is 14
  warnings.warn("test {}/{}, len is {}".format(idx, len(loader), list_size))
/home/karimimonsefi.1/SSL_VAN/MSD/tester.py:77: UserWarning: 0: 0.9996898770332336,
  warnings.warn("{}: {},".format(i, run_acc.avg[i]))
/home/karimimonsefi.1/SSL_VAN/MSD/tester.py:77: UserWarning: 1: 0.7985395193099976,
  warnings.warn("{}: {},".format(i, run_acc.avg[i]))
/home/karimimonsefi.1/SSL_VAN/MSD/tester.py:77: UserWarning: 2: 0.697210967540741,
  warnings.warn("{}: {},".format(i, run_acc.avg[i]))
/home/karimimonsefi.1/SSL_VAN/MSD/tester.py:78: UserWarning: , HD95: [[ nan  157.138  nan  nan  nan  nan  nan  nan  nan  nan  nan  nan  nan
   nan]], time 22.54s
  warnings.warn(", HD95: {}, time {:.2f}s".format(hd95.avg, time.time() - start_time))
/home/karimimonsefi.1/SSL_VAN/MSD/tester.py:26: UserWarning: image_name pancreas_035.nii.gz
  warnings.warn("image_name {}".format(image_name))
/home/karimimonsefi.1/SSL_VAN/MSD/tester.py:63: UserWarning: temp [[ nan  157.138  nan  nan  nan  nan  nan  nan  nan  nan  nan  nan  nan
   nan]]
  warnings.warn("temp {}".format(temp))
/home/karimimonsefi.1/SSL_VAN/MSD/tester.py:64: UserWarning: hd_distance tensor([[     nan, 104.7986, 110.4221,      nan,      nan,      nan,      nan,
              nan,      nan,      nan,      nan,      nan,      nan,      nan]],
       dtype=torch.float64)
  warnings.warn("hd_distance {}".format(hd_distance))
/home/karimimonsefi.1/SSL_VAN/MSD/tester.py:75: UserWarning: test 38/57, len is 14
  warnings.warn("test {}/{}, len is {}".format(idx, len(loader), list_size))
/home/karimimonsefi.1/SSL_VAN/MSD/tester.py:77: UserWarning: 0: 0.9996864199638367,
  warnings.warn("{}: {},".format(i, run_acc.avg[i]))
/home/karimimonsefi.1/SSL_VAN/MSD/tester.py:77: UserWarning: 1: 0.7990056872367859,
  warnings.warn("{}: {},".format(i, run_acc.avg[i]))
/home/karimimonsefi.1/SSL_VAN/MSD/tester.py:77: UserWarning: 2: 0.703053891658783,
  warnings.warn("{}: {},".format(i, run_acc.avg[i]))
/home/karimimonsefi.1/SSL_VAN/MSD/tester.py:78: UserWarning: , HD95: [[ nan  155.796  nan  nan  nan  nan  nan  nan  nan  nan  nan  nan  nan
   nan]], time 3.45s
  warnings.warn(", HD95: {}, time {:.2f}s".format(hd95.avg, time.time() - start_time))
/home/karimimonsefi.1/SSL_VAN/MSD/tester.py:26: UserWarning: image_name pancreas_032.nii.gz
  warnings.warn("image_name {}".format(image_name))
/home/karimimonsefi.1/SSL_VAN/MSD/tester.py:63: UserWarning: temp [[ nan  155.796  nan  nan  nan  nan  nan  nan  nan  nan  nan  nan  nan
   nan]]
  warnings.warn("temp {}".format(temp))
/home/karimimonsefi.1/SSL_VAN/MSD/tester.py:64: UserWarning: hd_distance tensor([[     nan, 111.7259,  22.8900,      nan,      nan,      nan,      nan,
              nan,      nan,      nan,      nan,      nan,      nan,      nan]],
       dtype=torch.float64)
  warnings.warn("hd_distance {}".format(hd_distance))
/home/karimimonsefi.1/SSL_VAN/MSD/tester.py:75: UserWarning: test 39/57, len is 14
  warnings.warn("test {}/{}, len is {}".format(idx, len(loader), list_size))
/home/karimimonsefi.1/SSL_VAN/MSD/tester.py:77: UserWarning: 0: 0.9996877908706665,
  warnings.warn("{}: {},".format(i, run_acc.avg[i]))
/home/karimimonsefi.1/SSL_VAN/MSD/tester.py:77: UserWarning: 1: 0.799927830696106,
  warnings.warn("{}: {},".format(i, run_acc.avg[i]))
/home/karimimonsefi.1/SSL_VAN/MSD/tester.py:77: UserWarning: 2: 0.7015129327774048,
  warnings.warn("{}: {},".format(i, run_acc.avg[i]))
/home/karimimonsefi.1/SSL_VAN/MSD/tester.py:78: UserWarning: , HD95: [[ nan  154.694  nan  nan  nan  nan  nan  nan  nan  nan  nan  nan  nan
   nan]], time 8.62s
  warnings.warn(", HD95: {}, time {:.2f}s".format(hd95.avg, time.time() - start_time))
/home/karimimonsefi.1/SSL_VAN/MSD/tester.py:26: UserWarning: image_name pancreas_357.nii.gz
  warnings.warn("image_name {}".format(image_name))
/home/karimimonsefi.1/SSL_VAN/MSD/tester.py:63: UserWarning: temp [[ nan  154.694  nan  nan  nan  nan  nan  nan  nan  nan  nan  nan  nan
   nan]]
  warnings.warn("temp {}".format(temp))
/home/karimimonsefi.1/SSL_VAN/MSD/tester.py:64: UserWarning: hd_distance tensor([[     nan, 137.5612,      nan,      nan,      nan,      nan,      nan,
              nan,      nan,      nan,      nan,      nan,      nan,      nan]],
       dtype=torch.float64)
  warnings.warn("hd_distance {}".format(hd_distance))
/home/karimimonsefi.1/SSL_VAN/MSD/tester.py:75: UserWarning: test 40/57, len is 14
  warnings.warn("test {}/{}, len is {}".format(idx, len(loader), list_size))
/home/karimimonsefi.1/SSL_VAN/MSD/tester.py:77: UserWarning: 0: 0.9996656775474548,
  warnings.warn("{}: {},".format(i, run_acc.avg[i]))
/home/karimimonsefi.1/SSL_VAN/MSD/tester.py:77: UserWarning: 1: 0.7969442009925842,
  warnings.warn("{}: {},".format(i, run_acc.avg[i]))
/home/karimimonsefi.1/SSL_VAN/MSD/tester.py:77: UserWarning: 2: 0.6991942524909973,
  warnings.warn("{}: {},".format(i, run_acc.avg[i]))
/home/karimimonsefi.1/SSL_VAN/MSD/tester.py:78: UserWarning: , HD95: [[ nan  154.276  nan  nan  nan  nan  nan  nan  nan  nan  nan  nan  nan
   nan]], time 4.67s
  warnings.warn(", HD95: {}, time {:.2f}s".format(hd95.avg, time.time() - start_time))
/home/karimimonsefi.1/SSL_VAN/MSD/tester.py:26: UserWarning: image_name pancreas_098.nii.gz
  warnings.warn("image_name {}".format(image_name))
/home/karimimonsefi.1/SSL_VAN/MSD/tester.py:63: UserWarning: temp [[ nan  154.276  nan  nan  nan  nan  nan  nan  nan  nan  nan  nan  nan
   nan]]
  warnings.warn("temp {}".format(temp))
/home/karimimonsefi.1/SSL_VAN/MSD/tester.py:64: UserWarning: hd_distance tensor([[     nan, 198.5411, 155.7986,      nan,      nan,      nan,      nan,
              nan,      nan,      nan,      nan,      nan,      nan,      nan]],
       dtype=torch.float64)
  warnings.warn("hd_distance {}".format(hd_distance))
/home/karimimonsefi.1/SSL_VAN/MSD/tester.py:75: UserWarning: test 41/57, len is 14
  warnings.warn("test {}/{}, len is {}".format(idx, len(loader), list_size))
/home/karimimonsefi.1/SSL_VAN/MSD/tester.py:77: UserWarning: 0: 0.9996681213378906,
  warnings.warn("{}: {},".format(i, run_acc.avg[i]))
/home/karimimonsefi.1/SSL_VAN/MSD/tester.py:77: UserWarning: 1: 0.7946783900260925,
  warnings.warn("{}: {},".format(i, run_acc.avg[i]))
/home/karimimonsefi.1/SSL_VAN/MSD/tester.py:77: UserWarning: 2: 0.6994321346282959,
  warnings.warn("{}: {},".format(i, run_acc.avg[i]))
/home/karimimonsefi.1/SSL_VAN/MSD/tester.py:78: UserWarning: , HD95: [[ nan  155.330  nan  nan  nan  nan  nan  nan  nan  nan  nan  nan  nan
   nan]], time 18.00s
  warnings.warn(", HD95: {}, time {:.2f}s".format(hd95.avg, time.time() - start_time))
/home/karimimonsefi.1/SSL_VAN/MSD/tester.py:26: UserWarning: image_name pancreas_276.nii.gz
  warnings.warn("image_name {}".format(image_name))
/home/karimimonsefi.1/SSL_VAN/MSD/tester.py:63: UserWarning: temp [[ nan  155.330  nan  nan  nan  nan  nan  nan  nan  nan  nan  nan  nan
   nan]]
  warnings.warn("temp {}".format(temp))
/home/karimimonsefi.1/SSL_VAN/MSD/tester.py:64: UserWarning: hd_distance tensor([[325.2814, 114.4007, 116.9098,      nan,      nan,      nan,      nan,
              nan,      nan,      nan,      nan,      nan,      nan,      nan]],
       dtype=torch.float64)
  warnings.warn("hd_distance {}".format(hd_distance))
/home/karimimonsefi.1/SSL_VAN/MSD/tester.py:75: UserWarning: test 42/57, len is 14
  warnings.warn("test {}/{}, len is {}".format(idx, len(loader), list_size))
/home/karimimonsefi.1/SSL_VAN/MSD/tester.py:77: UserWarning: 0: 0.9996673464775085,
  warnings.warn("{}: {},".format(i, run_acc.avg[i]))
/home/karimimonsefi.1/SSL_VAN/MSD/tester.py:77: UserWarning: 1: 0.7959198355674744,
  warnings.warn("{}: {},".format(i, run_acc.avg[i]))
/home/karimimonsefi.1/SSL_VAN/MSD/tester.py:77: UserWarning: 2: 0.702247679233551,
  warnings.warn("{}: {},".format(i, run_acc.avg[i]))
/home/karimimonsefi.1/SSL_VAN/MSD/tester.py:78: UserWarning: , HD95: [[ nan  154.378  nan  nan  nan  nan  nan  nan  nan  nan  nan  nan  nan
   nan]], time 13.65s
  warnings.warn(", HD95: {}, time {:.2f}s".format(hd95.avg, time.time() - start_time))
/home/karimimonsefi.1/SSL_VAN/MSD/tester.py:26: UserWarning: image_name pancreas_120.nii.gz
  warnings.warn("image_name {}".format(image_name))
/home/karimimonsefi.1/SSL_VAN/MSD/tester.py:63: UserWarning: temp [[ nan  154.378  nan  nan  nan  nan  nan  nan  nan  nan  nan  nan  nan
   nan]]
  warnings.warn("temp {}".format(temp))
/home/karimimonsefi.1/SSL_VAN/MSD/tester.py:64: UserWarning: hd_distance tensor([[     nan, 294.4096,      nan,      nan,      nan,      nan,      nan,
              nan,      nan,      nan,      nan,      nan,      nan,      nan]],
       dtype=torch.float64)
  warnings.warn("hd_distance {}".format(hd_distance))
/home/karimimonsefi.1/SSL_VAN/MSD/tester.py:75: UserWarning: test 43/57, len is 14
  warnings.warn("test {}/{}, len is {}".format(idx, len(loader), list_size))
/home/karimimonsefi.1/SSL_VAN/MSD/tester.py:77: UserWarning: 0: 0.9996719360351562,
  warnings.warn("{}: {},".format(i, run_acc.avg[i]))
/home/karimimonsefi.1/SSL_VAN/MSD/tester.py:77: UserWarning: 1: 0.7971189022064209,
  warnings.warn("{}: {},".format(i, run_acc.avg[i]))
/home/karimimonsefi.1/SSL_VAN/MSD/tester.py:77: UserWarning: 2: 0.7022885084152222,
  warnings.warn("{}: {},".format(i, run_acc.avg[i]))
/home/karimimonsefi.1/SSL_VAN/MSD/tester.py:78: UserWarning: , HD95: [[ nan  157.561  nan  nan  nan  nan  nan  nan  nan  nan  nan  nan  nan
   nan]], time 10.64s
  warnings.warn(", HD95: {}, time {:.2f}s".format(hd95.avg, time.time() - start_time))
/home/karimimonsefi.1/SSL_VAN/MSD/tester.py:26: UserWarning: image_name pancreas_290.nii.gz
  warnings.warn("image_name {}".format(image_name))
/home/karimimonsefi.1/SSL_VAN/MSD/tester.py:63: UserWarning: temp [[ nan  157.561  nan  nan  nan  nan  nan  nan  nan  nan  nan  nan  nan
   nan]]
  warnings.warn("temp {}".format(temp))
/home/karimimonsefi.1/SSL_VAN/MSD/tester.py:64: UserWarning: hd_distance tensor([[     nan, 121.7877,      nan,      nan,      nan,      nan,      nan,
              nan,      nan,      nan,      nan,      nan,      nan,      nan]],
       dtype=torch.float64)
  warnings.warn("hd_distance {}".format(hd_distance))
/home/karimimonsefi.1/SSL_VAN/MSD/tester.py:75: UserWarning: test 44/57, len is 14
  warnings.warn("test {}/{}, len is {}".format(idx, len(loader), list_size))
/home/karimimonsefi.1/SSL_VAN/MSD/tester.py:77: UserWarning: 0: 0.9996764063835144,
  warnings.warn("{}: {},".format(i, run_acc.avg[i]))
/home/karimimonsefi.1/SSL_VAN/MSD/tester.py:77: UserWarning: 1: 0.7986786961555481,
  warnings.warn("{}: {},".format(i, run_acc.avg[i]))
/home/karimimonsefi.1/SSL_VAN/MSD/tester.py:77: UserWarning: 2: 0.7051112651824951,
  warnings.warn("{}: {},".format(i, run_acc.avg[i]))
/home/karimimonsefi.1/SSL_VAN/MSD/tester.py:78: UserWarning: , HD95: [[ nan  156.766  nan  nan  nan  nan  nan  nan  nan  nan  nan  nan  nan
   nan]], time 10.09s
  warnings.warn(", HD95: {}, time {:.2f}s".format(hd95.avg, time.time() - start_time))
/home/karimimonsefi.1/SSL_VAN/MSD/tester.py:26: UserWarning: image_name pancreas_160.nii.gz
  warnings.warn("image_name {}".format(image_name))
/home/karimimonsefi.1/SSL_VAN/MSD/tester.py:63: UserWarning: temp [[ nan  156.766  nan  nan  nan  nan  nan  nan  nan  nan  nan  nan  nan
   nan]]
  warnings.warn("temp {}".format(temp))
/home/karimimonsefi.1/SSL_VAN/MSD/tester.py:64: UserWarning: hd_distance tensor([[     nan, 115.4913,      nan,      nan,      nan,      nan,      nan,
              nan,      nan,      nan,      nan,      nan,      nan,      nan]],
       dtype=torch.float64)
  warnings.warn("hd_distance {}".format(hd_distance))
/home/karimimonsefi.1/SSL_VAN/MSD/tester.py:75: UserWarning: test 45/57, len is 14
  warnings.warn("test {}/{}, len is {}".format(idx, len(loader), list_size))
/home/karimimonsefi.1/SSL_VAN/MSD/tester.py:77: UserWarning: 0: 0.9996785521507263,
  warnings.warn("{}: {},".format(i, run_acc.avg[i]))
/home/karimimonsefi.1/SSL_VAN/MSD/tester.py:77: UserWarning: 1: 0.7993194460868835,
  warnings.warn("{}: {},".format(i, run_acc.avg[i]))
/home/karimimonsefi.1/SSL_VAN/MSD/tester.py:77: UserWarning: 2: 0.7084659934043884,
  warnings.warn("{}: {},".format(i, run_acc.avg[i]))
/home/karimimonsefi.1/SSL_VAN/MSD/tester.py:78: UserWarning: , HD95: [[ nan  155.869  nan  nan  nan  nan  nan  nan  nan  nan  nan  nan  nan
   nan]], time 5.57s
  warnings.warn(", HD95: {}, time {:.2f}s".format(hd95.avg, time.time() - start_time))
/home/karimimonsefi.1/SSL_VAN/MSD/tester.py:26: UserWarning: image_name pancreas_374.nii.gz
  warnings.warn("image_name {}".format(image_name))
/home/karimimonsefi.1/SSL_VAN/MSD/tester.py:63: UserWarning: temp [[ nan  155.869  nan  nan  nan  nan  nan  nan  nan  nan  nan  nan  nan
   nan]]
  warnings.warn("temp {}".format(temp))
/home/karimimonsefi.1/SSL_VAN/MSD/tester.py:64: UserWarning: hd_distance tensor([[     nan, 141.7315,      nan,      nan,      nan,      nan,      nan,
              nan,      nan,      nan,      nan,      nan,      nan,      nan]],
       dtype=torch.float64)
  warnings.warn("hd_distance {}".format(hd_distance))
/home/karimimonsefi.1/SSL_VAN/MSD/tester.py:75: UserWarning: test 46/57, len is 14
  warnings.warn("test {}/{}, len is {}".format(idx, len(loader), list_size))
/home/karimimonsefi.1/SSL_VAN/MSD/tester.py:77: UserWarning: 0: 0.9996784925460815,
  warnings.warn("{}: {},".format(i, run_acc.avg[i]))
/home/karimimonsefi.1/SSL_VAN/MSD/tester.py:77: UserWarning: 1: 0.8000952005386353,
  warnings.warn("{}: {},".format(i, run_acc.avg[i]))
/home/karimimonsefi.1/SSL_VAN/MSD/tester.py:77: UserWarning: 2: 0.7054747939109802,
  warnings.warn("{}: {},".format(i, run_acc.avg[i]))
/home/karimimonsefi.1/SSL_VAN/MSD/tester.py:78: UserWarning: , HD95: [[ nan  155.568  nan  nan  nan  nan  nan  nan  nan  nan  nan  nan  nan
   nan]], time 9.40s
  warnings.warn(", HD95: {}, time {:.2f}s".format(hd95.avg, time.time() - start_time))
/home/karimimonsefi.1/SSL_VAN/MSD/tester.py:26: UserWarning: image_name pancreas_243.nii.gz
  warnings.warn("image_name {}".format(image_name))
/home/karimimonsefi.1/SSL_VAN/MSD/tester.py:63: UserWarning: temp [[ nan  155.568  nan  nan  nan  nan  nan  nan  nan  nan  nan  nan  nan
   nan]]
  warnings.warn("temp {}".format(temp))
/home/karimimonsefi.1/SSL_VAN/MSD/tester.py:64: UserWarning: hd_distance tensor([[     nan, 127.0500,  30.8545,      nan,      nan,      nan,      nan,
              nan,      nan,      nan,      nan,      nan,      nan,      nan]],
       dtype=torch.float64)
  warnings.warn("hd_distance {}".format(hd_distance))
/home/karimimonsefi.1/SSL_VAN/MSD/tester.py:75: UserWarning: test 47/57, len is 14
  warnings.warn("test {}/{}, len is {}".format(idx, len(loader), list_size))
/home/karimimonsefi.1/SSL_VAN/MSD/tester.py:77: UserWarning: 0: 0.999678909778595,
  warnings.warn("{}: {},".format(i, run_acc.avg[i]))
/home/karimimonsefi.1/SSL_VAN/MSD/tester.py:77: UserWarning: 1: 0.8003621101379395,
  warnings.warn("{}: {},".format(i, run_acc.avg[i]))
/home/karimimonsefi.1/SSL_VAN/MSD/tester.py:77: UserWarning: 2: 0.7071022987365723,
  warnings.warn("{}: {},".format(i, run_acc.avg[i]))
/home/karimimonsefi.1/SSL_VAN/MSD/tester.py:78: UserWarning: , HD95: [[ nan  154.974  nan  nan  nan  nan  nan  nan  nan  nan  nan  nan  nan
   nan]], time 7.66s
  warnings.warn(", HD95: {}, time {:.2f}s".format(hd95.avg, time.time() - start_time))
/home/karimimonsefi.1/SSL_VAN/MSD/tester.py:26: UserWarning: image_name pancreas_199.nii.gz
  warnings.warn("image_name {}".format(image_name))
/home/karimimonsefi.1/SSL_VAN/MSD/tester.py:63: UserWarning: temp [[ nan  154.974  nan  nan  nan  nan  nan  nan  nan  nan  nan  nan  nan
   nan]]
  warnings.warn("temp {}".format(temp))
/home/karimimonsefi.1/SSL_VAN/MSD/tester.py:64: UserWarning: hd_distance tensor([[279.5622, 111.3898, 122.9057,      nan,      nan,      nan,      nan,
              nan,      nan,      nan,      nan,      nan,      nan,      nan]],
       dtype=torch.float64)
  warnings.warn("hd_distance {}".format(hd_distance))
/home/karimimonsefi.1/SSL_VAN/MSD/tester.py:75: UserWarning: test 48/57, len is 14
  warnings.warn("test {}/{}, len is {}".format(idx, len(loader), list_size))
/home/karimimonsefi.1/SSL_VAN/MSD/tester.py:77: UserWarning: 0: 0.9996808767318726,
  warnings.warn("{}: {},".format(i, run_acc.avg[i]))
/home/karimimonsefi.1/SSL_VAN/MSD/tester.py:77: UserWarning: 1: 0.8021604418754578,
  warnings.warn("{}: {},".format(i, run_acc.avg[i]))
/home/karimimonsefi.1/SSL_VAN/MSD/tester.py:77: UserWarning: 2: 0.710508406162262,
  warnings.warn("{}: {},".format(i, run_acc.avg[i]))
/home/karimimonsefi.1/SSL_VAN/MSD/tester.py:78: UserWarning: , HD95: [[ nan  154.084  nan  nan  nan  nan  nan  nan  nan  nan  nan  nan  nan
   nan]], time 12.64s
  warnings.warn(", HD95: {}, time {:.2f}s".format(hd95.avg, time.time() - start_time))
/home/karimimonsefi.1/SSL_VAN/MSD/tester.py:26: UserWarning: image_name pancreas_418.nii.gz
  warnings.warn("image_name {}".format(image_name))
/home/karimimonsefi.1/SSL_VAN/MSD/tester.py:63: UserWarning: temp [[ nan  154.084  nan  nan  nan  nan  nan  nan  nan  nan  nan  nan  nan
   nan]]
  warnings.warn("temp {}".format(temp))
/home/karimimonsefi.1/SSL_VAN/MSD/tester.py:64: UserWarning: hd_distance tensor([[     nan, 119.7639,  50.0365,      nan,      nan,      nan,      nan,
              nan,      nan,      nan,      nan,      nan,      nan,      nan]],
       dtype=torch.float64)
  warnings.warn("hd_distance {}".format(hd_distance))
/home/karimimonsefi.1/SSL_VAN/MSD/tester.py:75: UserWarning: test 49/57, len is 14
  warnings.warn("test {}/{}, len is {}".format(idx, len(loader), list_size))
/home/karimimonsefi.1/SSL_VAN/MSD/tester.py:77: UserWarning: 0: 0.9996797442436218,
  warnings.warn("{}: {},".format(i, run_acc.avg[i]))
/home/karimimonsefi.1/SSL_VAN/MSD/tester.py:77: UserWarning: 1: 0.8031538128852844,
  warnings.warn("{}: {},".format(i, run_acc.avg[i]))
/home/karimimonsefi.1/SSL_VAN/MSD/tester.py:77: UserWarning: 2: 0.7053740620613098,
  warnings.warn("{}: {},".format(i, run_acc.avg[i]))
/home/karimimonsefi.1/SSL_VAN/MSD/tester.py:78: UserWarning: , HD95: [[ nan  153.398  nan  nan  nan  nan  nan  nan  nan  nan  nan  nan  nan
   nan]], time 5.65s
  warnings.warn(", HD95: {}, time {:.2f}s".format(hd95.avg, time.time() - start_time))
/home/karimimonsefi.1/SSL_VAN/MSD/tester.py:26: UserWarning: image_name pancreas_129.nii.gz
  warnings.warn("image_name {}".format(image_name))
/home/karimimonsefi.1/SSL_VAN/MSD/tester.py:63: UserWarning: temp [[ nan  153.398  nan  nan  nan  nan  nan  nan  nan  nan  nan  nan  nan
   nan]]
  warnings.warn("temp {}".format(temp))
/home/karimimonsefi.1/SSL_VAN/MSD/tester.py:64: UserWarning: hd_distance tensor([[     nan, 123.4226,  35.5809,      nan,      nan,      nan,      nan,
              nan,      nan,      nan,      nan,      nan,      nan,      nan]],
       dtype=torch.float64)
  warnings.warn("hd_distance {}".format(hd_distance))
/home/karimimonsefi.1/SSL_VAN/MSD/tester.py:75: UserWarning: test 50/57, len is 14
  warnings.warn("test {}/{}, len is {}".format(idx, len(loader), list_size))
/home/karimimonsefi.1/SSL_VAN/MSD/tester.py:77: UserWarning: 0: 0.9996777176856995,
  warnings.warn("{}: {},".format(i, run_acc.avg[i]))
/home/karimimonsefi.1/SSL_VAN/MSD/tester.py:77: UserWarning: 1: 0.8038805723190308,
  warnings.warn("{}: {},".format(i, run_acc.avg[i]))
/home/karimimonsefi.1/SSL_VAN/MSD/tester.py:77: UserWarning: 2: 0.708038330078125,
  warnings.warn("{}: {},".format(i, run_acc.avg[i]))
/home/karimimonsefi.1/SSL_VAN/MSD/tester.py:78: UserWarning: , HD95: [[ nan  152.810  nan  nan  nan  nan  nan  nan  nan  nan  nan  nan  nan
   nan]], time 5.28s
  warnings.warn(", HD95: {}, time {:.2f}s".format(hd95.avg, time.time() - start_time))
/home/karimimonsefi.1/SSL_VAN/MSD/tester.py:26: UserWarning: image_name pancreas_393.nii.gz
  warnings.warn("image_name {}".format(image_name))
/home/karimimonsefi.1/SSL_VAN/MSD/tester.py:63: UserWarning: temp [[ nan  152.810  nan  nan  nan  nan  nan  nan  nan  nan  nan  nan  nan
   nan]]
  warnings.warn("temp {}".format(temp))
/home/karimimonsefi.1/SSL_VAN/MSD/tester.py:64: UserWarning: hd_distance tensor([[     nan, 134.8738, 167.6467,      nan,      nan,      nan,      nan,
              nan,      nan,      nan,      nan,      nan,      nan,      nan]],
       dtype=torch.float64)
  warnings.warn("hd_distance {}".format(hd_distance))
/home/karimimonsefi.1/SSL_VAN/MSD/tester.py:75: UserWarning: test 51/57, len is 14
  warnings.warn("test {}/{}, len is {}".format(idx, len(loader), list_size))
/home/karimimonsefi.1/SSL_VAN/MSD/tester.py:77: UserWarning: 0: 0.9996774196624756,
  warnings.warn("{}: {},".format(i, run_acc.avg[i]))
/home/karimimonsefi.1/SSL_VAN/MSD/tester.py:77: UserWarning: 1: 0.8035730123519897,
  warnings.warn("{}: {},".format(i, run_acc.avg[i]))
/home/karimimonsefi.1/SSL_VAN/MSD/tester.py:77: UserWarning: 2: 0.7119413018226624,
  warnings.warn("{}: {},".format(i, run_acc.avg[i]))
/home/karimimonsefi.1/SSL_VAN/MSD/tester.py:78: UserWarning: , HD95: [[ nan  152.465  nan  nan  nan  nan  nan  nan  nan  nan  nan  nan  nan
   nan]], time 14.84s
  warnings.warn(", HD95: {}, time {:.2f}s".format(hd95.avg, time.time() - start_time))
/home/karimimonsefi.1/SSL_VAN/MSD/tester.py:26: UserWarning: image_name pancreas_279.nii.gz
  warnings.warn("image_name {}".format(image_name))
/home/karimimonsefi.1/SSL_VAN/MSD/tester.py:63: UserWarning: temp [[ nan  152.465  nan  nan  nan  nan  nan  nan  nan  nan  nan  nan  nan
   nan]]
  warnings.warn("temp {}".format(temp))
/home/karimimonsefi.1/SSL_VAN/MSD/tester.py:64: UserWarning: hd_distance tensor([[    nan, 99.3052,     nan,     nan,     nan,     nan,     nan,     nan,
             nan,     nan,     nan,     nan,     nan,     nan]],
       dtype=torch.float64)
  warnings.warn("hd_distance {}".format(hd_distance))
/home/karimimonsefi.1/SSL_VAN/MSD/tester.py:75: UserWarning: test 52/57, len is 14
  warnings.warn("test {}/{}, len is {}".format(idx, len(loader), list_size))
/home/karimimonsefi.1/SSL_VAN/MSD/tester.py:77: UserWarning: 0: 0.9996778964996338,
  warnings.warn("{}: {},".format(i, run_acc.avg[i]))
/home/karimimonsefi.1/SSL_VAN/MSD/tester.py:77: UserWarning: 1: 0.8028156161308289,
  warnings.warn("{}: {},".format(i, run_acc.avg[i]))
/home/karimimonsefi.1/SSL_VAN/MSD/tester.py:77: UserWarning: 2: 0.7108314037322998,
  warnings.warn("{}: {},".format(i, run_acc.avg[i]))
/home/karimimonsefi.1/SSL_VAN/MSD/tester.py:78: UserWarning: , HD95: [[ nan  151.462  nan  nan  nan  nan  nan  nan  nan  nan  nan  nan  nan
   nan]], time 5.09s
  warnings.warn(", HD95: {}, time {:.2f}s".format(hd95.avg, time.time() - start_time))
/home/karimimonsefi.1/SSL_VAN/MSD/tester.py:26: UserWarning: image_name pancreas_212.nii.gz
  warnings.warn("image_name {}".format(image_name))
/home/karimimonsefi.1/SSL_VAN/MSD/tester.py:63: UserWarning: temp [[ nan  151.462  nan  nan  nan  nan  nan  nan  nan  nan  nan  nan  nan
   nan]]
  warnings.warn("temp {}".format(temp))
/home/karimimonsefi.1/SSL_VAN/MSD/tester.py:64: UserWarning: hd_distance tensor([[     nan, 148.5682, 181.3289,      nan,      nan,      nan,      nan,
              nan,      nan,      nan,      nan,      nan,      nan,      nan]],
       dtype=torch.float64)
  warnings.warn("hd_distance {}".format(hd_distance))
/home/karimimonsefi.1/SSL_VAN/MSD/tester.py:75: UserWarning: test 53/57, len is 14
  warnings.warn("test {}/{}, len is {}".format(idx, len(loader), list_size))
/home/karimimonsefi.1/SSL_VAN/MSD/tester.py:77: UserWarning: 1: 0.8034417629241943,
  warnings.warn("{}: {},".format(i, run_acc.avg[i]))
/home/karimimonsefi.1/SSL_VAN/MSD/tester.py:77: UserWarning: 2: 0.7101064324378967,
  warnings.warn("{}: {},".format(i, run_acc.avg[i]))
/home/karimimonsefi.1/SSL_VAN/MSD/tester.py:78: UserWarning: , HD95: [[ nan  151.408  nan  nan  nan  nan  nan  nan  nan  nan  nan  nan  nan
   nan]], time 11.87s
  warnings.warn(", HD95: {}, time {:.2f}s".format(hd95.avg, time.time() - start_time))
/home/karimimonsefi.1/SSL_VAN/MSD/tester.py:26: UserWarning: image_name pancreas_138.nii.gz
  warnings.warn("image_name {}".format(image_name))
/home/karimimonsefi.1/SSL_VAN/MSD/tester.py:63: UserWarning: temp [[ nan  151.408  nan  nan  nan  nan  nan  nan  nan  nan  nan  nan  nan
   nan]]
  warnings.warn("temp {}".format(temp))
/home/karimimonsefi.1/SSL_VAN/MSD/tester.py:64: UserWarning: hd_distance tensor([[332.3251, 164.4831, 123.2806,      nan,      nan,      nan,      nan,
              nan,      nan,      nan,      nan,      nan,      nan,      nan]],
       dtype=torch.float64)
  warnings.warn("hd_distance {}".format(hd_distance))
/home/karimimonsefi.1/SSL_VAN/MSD/tester.py:75: UserWarning: test 54/57, len is 14
  warnings.warn("test {}/{}, len is {}".format(idx, len(loader), list_size))
/home/karimimonsefi.1/SSL_VAN/MSD/tester.py:77: UserWarning: 0: 0.9996784329414368,
  warnings.warn("{}: {},".format(i, run_acc.avg[i]))
/home/karimimonsefi.1/SSL_VAN/MSD/tester.py:77: UserWarning: 1: 0.8036614656448364,
  warnings.warn("{}: {},".format(i, run_acc.avg[i]))
/home/karimimonsefi.1/SSL_VAN/MSD/tester.py:77: UserWarning: 2: 0.7135081887245178,
  warnings.warn("{}: {},".format(i, run_acc.avg[i]))
/home/karimimonsefi.1/SSL_VAN/MSD/tester.py:78: UserWarning: , HD95: [[ nan  151.646  nan  nan  nan  nan  nan  nan  nan  nan  nan  nan  nan
   nan]], time 18.25s
  warnings.warn(", HD95: {}, time {:.2f}s".format(hd95.avg, time.time() - start_time))
/home/karimimonsefi.1/SSL_VAN/MSD/tester.py:26: UserWarning: image_name pancreas_028.nii.gz
  warnings.warn("image_name {}".format(image_name))
/home/karimimonsefi.1/miniconda3/lib/python3.9/site-packages/monai/metrics/hausdorff_distance.py:168: UserWarning: the prediction of class 2 is all 0, this may result in nan/inf distance.
  warnings.warn(f"the prediction of class {c} is all 0, this may result in nan/inf distance.")
/home/karimimonsefi.1/SSL_VAN/MSD/tester.py:63: UserWarning: temp [[ nan  151.646  nan  nan  nan  nan  nan  nan  nan  nan  nan  nan  nan
   nan]]
  warnings.warn("temp {}".format(temp))
/home/karimimonsefi.1/SSL_VAN/MSD/tester.py:64: UserWarning: hd_distance tensor([[288.5845, 110.3074,      nan,      nan,      nan,      nan,      nan,
              nan,      nan,      nan,      nan,      nan,      nan,      nan]],
       dtype=torch.float64)
  warnings.warn("hd_distance {}".format(hd_distance))
/home/karimimonsefi.1/SSL_VAN/MSD/tester.py:75: UserWarning: test 55/57, len is 14
  warnings.warn("test {}/{}, len is {}".format(idx, len(loader), list_size))
/home/karimimonsefi.1/SSL_VAN/MSD/tester.py:77: UserWarning: 0: 0.9996743202209473,
  warnings.warn("{}: {},".format(i, run_acc.avg[i]))
/home/karimimonsefi.1/SSL_VAN/MSD/tester.py:77: UserWarning: 1: 0.8042229413986206,
  warnings.warn("{}: {},".format(i, run_acc.avg[i]))
/home/karimimonsefi.1/SSL_VAN/MSD/tester.py:77: UserWarning: 2: 0.7007669806480408,
  warnings.warn("{}: {},".format(i, run_acc.avg[i]))
/home/karimimonsefi.1/SSL_VAN/MSD/tester.py:78: UserWarning: , HD95: [[ nan  150.908  nan  nan  nan  nan  nan  nan  nan  nan  nan  nan  nan
   nan]], time 11.16s
  warnings.warn(", HD95: {}, time {:.2f}s".format(hd95.avg, time.time() - start_time))
/home/karimimonsefi.1/SSL_VAN/MSD/tester.py:26: UserWarning: image_name pancreas_331.nii.gz
  warnings.warn("image_name {}".format(image_name))
/home/karimimonsefi.1/SSL_VAN/MSD/tester.py:63: UserWarning: temp [[ nan  150.908  nan  nan  nan  nan  nan  nan  nan  nan  nan  nan  nan
   nan]]
  warnings.warn("temp {}".format(temp))
/home/karimimonsefi.1/SSL_VAN/MSD/tester.py:64: UserWarning: hd_distance tensor([[     nan, 118.7832,      nan,      nan,      nan,      nan,      nan,
              nan,      nan,      nan,      nan,      nan,      nan,      nan]],
       dtype=torch.float64)
  warnings.warn("hd_distance {}".format(hd_distance))
/home/karimimonsefi.1/SSL_VAN/MSD/tester.py:75: UserWarning: test 56/57, len is 14
  warnings.warn("test {}/{}, len is {}".format(idx, len(loader), list_size))
/home/karimimonsefi.1/SSL_VAN/MSD/tester.py:77: UserWarning: 0: 0.9996728301048279,
  warnings.warn("{}: {},".format(i, run_acc.avg[i]))
/home/karimimonsefi.1/SSL_VAN/MSD/tester.py:77: UserWarning: 1: 0.8022217154502869,
  warnings.warn("{}: {},".format(i, run_acc.avg[i]))
/home/karimimonsefi.1/SSL_VAN/MSD/tester.py:77: UserWarning: 2: 0.700410008430481,
  warnings.warn("{}: {},".format(i, run_acc.avg[i]))
/home/karimimonsefi.1/SSL_VAN/MSD/tester.py:78: UserWarning: , HD95: [[ nan  150.344  nan  nan  nan  nan  nan  nan  nan  nan  nan  nan  nan
   nan]], time 8.14s
  warnings.warn(", HD95: {}, time {:.2f}s".format(hd95.avg, time.time() - start_time))
/home/karimimonsefi.1/SSL_VAN/MSD/tester.py:110: UserWarning: Final test acc: [ 1.000  0.802  0.700  1.000  1.000  1.000  1.000  1.000  1.000  1.000
  1.000  1.000  1.000  1.000], acc mean: 0.9645, hd95_avg nan, time 628.97s
  warnings.warn("Final test acc: {}, acc mean: {:.4f}, hd95_avg {:.4f}, time {:.2f}s".format(
