/var/spool/slurmd/job62004/slurm_script: line 12: cd: SSL_VAN: No such file or directory

----------------------------------------------------------------------------
  cuda:
----------------------------------------------------------------------------
     Versions:
        cuda/10.2
        cuda/11.0
        cuda/11.2
        cuda/11.3
        cuda/11.4
        cuda/11.5
        cuda/11.6
        cuda/11.7
        cuda/11.8
        cuda/12.0

----------------------------------------------------------------------------
  For detailed information about a specific "cuda" package (including how to load the modules) use the module's full name.
  Note that names that have a trailing (E) are extensions provided by other modules.
  For example:

     $ module spider cuda/12.0
----------------------------------------------------------------------------

 


CommandNotFoundError: Your shell has not been properly configured to use 'conda activate'.
To initialize your shell, run

    $ conda init <SHELL_NAME>

Currently supported shells are:
  - bash
  - fish
  - tcsh
  - xonsh
  - zsh
  - powershell

See 'conda init --help' for more information and options.

IMPORTANT: You may need to close and restart your shell after running 'conda init'.


2023-07-04 10:03:46 | INFO | root | Namespace(a_min=-1000, a_max=1000, b_min=0.0, b_max=1.0, space_x=1.5, space_y=1.5, space_z=2.0, roi_x=96, roi_y=96, roi_z=96, num_workers=64, distributed=False, mode='server', num_samples=1, km_path='./cluster_models_1/cluster_model_1_{}_{}_{}.joblib', n_clusters=362, seed=42, init='k-means++', max_iter=350, batch_size=20, tol=0.0, max_no_improvement=100, n_init=50, reassignment_ratio=0.0, num_runs=400)
Dataset 1 LUNA16: OK number of data: 842
Dataset 2 Covid 19: OK number of data: 722
Dataset 3 HNSCC: OK number of data: 954
Dataset 4 TCIA Colon: OK number of data: 1532
Dataset 5 TCIA LIDC: OK number of data: 450
Dataset all training: number of data: 4500
loader is ready
2023-07-04 10:08:53 | INFO | learn_kmeans | for batch number 0 the res size is 0
2023-07-04 10:14:09 | INFO | learn_kmeans | for batch number 1 the res size is 384
2023-07-04 10:14:10 | INFO | learn_kmeans | for batch number 2 the res size is 576
2023-07-04 10:14:10 | INFO | learn_kmeans | for batch number 3 the res size is 768
2023-07-04 10:14:10 | INFO | learn_kmeans | for batch number 4 the res size is 960
2023-07-04 10:14:28 | INFO | learn_kmeans | for batch number 5 the res size is 1152
2023-07-04 10:14:29 | INFO | learn_kmeans | for batch number 6 the res size is 1344
2023-07-04 10:14:29 | INFO | learn_kmeans | for batch number 7 the res size is 1536
2023-07-04 10:14:29 | INFO | learn_kmeans | for batch number 8 the res size is 1728
2023-07-04 10:14:29 | INFO | learn_kmeans | for batch number 9 the res size is 1920
2023-07-04 10:14:29 | INFO | learn_kmeans | for batch number 10 the res size is 2112
2023-07-04 10:16:48 | INFO | learn_kmeans | for batch number 11 the res size is 2304
2023-07-04 10:16:49 | INFO | learn_kmeans | for batch number 12 the res size is 2496
2023-07-04 10:16:49 | INFO | learn_kmeans | for batch number 13 the res size is 2688
2023-07-04 10:16:49 | INFO | learn_kmeans | for batch number 14 the res size is 2880
2023-07-04 10:16:49 | INFO | learn_kmeans | for batch number 15 the res size is 3072
2023-07-04 10:16:49 | INFO | learn_kmeans | for batch number 16 the res size is 3264
2023-07-04 10:16:49 | INFO | learn_kmeans | for batch number 17 the res size is 3456
2023-07-04 10:16:49 | INFO | learn_kmeans | for batch number 18 the res size is 3648
2023-07-04 10:16:49 | INFO | learn_kmeans | for batch number 19 the res size is 3840
2023-07-04 10:16:49 | INFO | learn_kmeans | for batch number 20 the res size is 4032
2023-07-04 10:16:49 | INFO | learn_kmeans | for batch number 21 the res size is 4224
2023-07-04 10:16:49 | INFO | learn_kmeans | for batch number 22 the res size is 4416
2023-07-04 10:16:49 | INFO | learn_kmeans | for batch number 23 the res size is 4608
2023-07-04 10:16:49 | INFO | learn_kmeans | for batch number 24 the res size is 4800
2023-07-04 10:16:49 | INFO | learn_kmeans | for batch number 25 the res size is 4992
2023-07-04 10:17:19 | INFO | learn_kmeans | for batch number 26 the res size is 5184
2023-07-04 10:17:20 | INFO | learn_kmeans | for batch number 27 the res size is 5376
2023-07-04 10:17:20 | INFO | learn_kmeans | for batch number 28 the res size is 5568
2023-07-04 10:17:20 | INFO | learn_kmeans | for batch number 29 the res size is 5760
2023-07-04 10:17:20 | INFO | learn_kmeans | for batch number 30 the res size is 5952
2023-07-04 10:17:20 | INFO | learn_kmeans | for batch number 31 the res size is 6144
2023-07-04 10:17:20 | INFO | learn_kmeans | for batch number 32 the res size is 6336
2023-07-04 10:17:20 | INFO | learn_kmeans | for batch number 33 the res size is 6528
2023-07-04 10:17:29 | INFO | learn_kmeans | for batch number 34 the res size is 6720
2023-07-04 10:17:47 | INFO | learn_kmeans | for batch number 35 the res size is 6912
2023-07-04 10:17:48 | INFO | learn_kmeans | for batch number 36 the res size is 7104
2023-07-04 10:17:48 | INFO | learn_kmeans | for batch number 37 the res size is 7296
2023-07-04 10:17:48 | INFO | learn_kmeans | for batch number 38 the res size is 7488
2023-07-04 10:17:48 | INFO | learn_kmeans | for batch number 39 the res size is 7680
2023-07-04 10:17:48 | INFO | learn_kmeans | for batch number 40 the res size is 7872
2023-07-04 10:17:48 | INFO | learn_kmeans | for batch number 41 the res size is 8064
2023-07-04 10:17:48 | INFO | learn_kmeans | for batch number 42 the res size is 8256
2023-07-04 10:17:48 | INFO | learn_kmeans | for batch number 43 the res size is 8448
2023-07-04 10:17:48 | INFO | learn_kmeans | for batch number 44 the res size is 8640
2023-07-04 10:17:48 | INFO | learn_kmeans | for batch number 45 the res size is 8832
2023-07-04 10:17:48 | INFO | learn_kmeans | for batch number 46 the res size is 9024
2023-07-04 10:17:48 | INFO | learn_kmeans | for batch number 47 the res size is 9216
2023-07-04 10:17:48 | INFO | learn_kmeans | for batch number 48 the res size is 9408
2023-07-04 10:17:48 | INFO | learn_kmeans | for batch number 49 the res size is 9600
2023-07-04 10:17:48 | INFO | learn_kmeans | for batch number 50 the res size is 9792
2023-07-04 10:17:48 | INFO | learn_kmeans | for batch number 51 the res size is 9984
2023-07-04 10:17:48 | INFO | learn_kmeans | for batch number 52 the res size is 10176
2023-07-04 10:17:48 | INFO | learn_kmeans | for batch number 53 the res size is 10368
2023-07-04 10:17:48 | INFO | learn_kmeans | for batch number 54 the res size is 10560
2023-07-04 10:17:48 | INFO | learn_kmeans | for batch number 55 the res size is 10752
2023-07-04 10:17:48 | INFO | learn_kmeans | for batch number 56 the res size is 10944
2023-07-04 10:17:48 | INFO | learn_kmeans | for batch number 57 the res size is 11136
2023-07-04 10:17:48 | INFO | learn_kmeans | for batch number 58 the res size is 11328
2023-07-04 10:17:48 | INFO | learn_kmeans | for batch number 59 the res size is 11520
2023-07-04 10:17:48 | INFO | learn_kmeans | for batch number 60 the res size is 11712
2023-07-04 10:17:48 | INFO | learn_kmeans | for batch number 61 the res size is 11904
2023-07-04 10:17:48 | INFO | learn_kmeans | for batch number 62 the res size is 12096
2023-07-04 10:17:48 | INFO | learn_kmeans | for batch number 63 the res size is 12288
2023-07-04 10:17:48 | INFO | learn_kmeans | for batch number 64 the res size is 12480
2023-07-04 10:23:19 | INFO | learn_kmeans | for batch number 65 the res size is 12672
2023-07-04 10:23:20 | INFO | learn_kmeans | for batch number 66 the res size is 12864
2023-07-04 10:23:20 | INFO | learn_kmeans | for batch number 67 the res size is 13056
2023-07-04 10:23:20 | INFO | learn_kmeans | for batch number 68 the res size is 13248
2023-07-04 10:23:20 | INFO | learn_kmeans | for batch number 69 the res size is 13440
2023-07-04 10:24:12 | INFO | learn_kmeans | for batch number 70 the res size is 13632
2023-07-04 10:24:13 | INFO | learn_kmeans | for batch number 71 the res size is 13824
2023-07-04 10:24:13 | INFO | learn_kmeans | for batch number 72 the res size is 14016
2023-07-04 10:24:13 | INFO | learn_kmeans | for batch number 73 the res size is 14208
2023-07-04 10:24:13 | INFO | learn_kmeans | for batch number 74 the res size is 14400
2023-07-04 10:26:32 | INFO | learn_kmeans | for batch number 75 the res size is 14592
2023-07-04 10:26:32 | INFO | learn_kmeans | for batch number 76 the res size is 14784
2023-07-04 10:26:32 | INFO | learn_kmeans | for batch number 77 the res size is 14976
2023-07-04 10:26:32 | INFO | learn_kmeans | for batch number 78 the res size is 15168
2023-07-04 10:26:32 | INFO | learn_kmeans | for batch number 79 the res size is 15360
2023-07-04 10:26:32 | INFO | learn_kmeans | for batch number 80 the res size is 15552
2023-07-04 10:26:32 | INFO | learn_kmeans | for batch number 81 the res size is 15744
2023-07-04 10:26:32 | INFO | learn_kmeans | for batch number 82 the res size is 15936
2023-07-04 10:26:32 | INFO | learn_kmeans | for batch number 83 the res size is 16128
2023-07-04 10:26:32 | INFO | learn_kmeans | for batch number 84 the res size is 16320
2023-07-04 10:26:32 | INFO | learn_kmeans | for batch number 85 the res size is 16512
2023-07-04 10:26:32 | INFO | learn_kmeans | for batch number 86 the res size is 16704
2023-07-04 10:26:32 | INFO | learn_kmeans | for batch number 87 the res size is 16896
2023-07-04 10:26:32 | INFO | learn_kmeans | for batch number 88 the res size is 17088
2023-07-04 10:26:32 | INFO | learn_kmeans | for batch number 89 the res size is 17280
2023-07-04 10:26:32 | INFO | learn_kmeans | for batch number 90 the res size is 17472
2023-07-04 10:26:32 | INFO | learn_kmeans | for batch number 91 the res size is 17664
2023-07-04 10:26:32 | INFO | learn_kmeans | for batch number 92 the res size is 17856
2023-07-04 10:26:32 | INFO | learn_kmeans | for batch number 93 the res size is 18048
2023-07-04 10:26:32 | INFO | learn_kmeans | for batch number 94 the res size is 18240
2023-07-04 10:26:32 | INFO | learn_kmeans | for batch number 95 the res size is 18432
2023-07-04 10:26:32 | INFO | learn_kmeans | for batch number 96 the res size is 18624
2023-07-04 10:26:33 | INFO | learn_kmeans | for batch number 97 the res size is 18816
2023-07-04 10:26:34 | INFO | learn_kmeans | for batch number 98 the res size is 19008
2023-07-04 10:26:34 | INFO | learn_kmeans | for batch number 99 the res size is 19200
2023-07-04 10:26:34 | INFO | learn_kmeans | for batch number 100 the res size is 19392
2023-07-04 10:26:34 | INFO | learn_kmeans | for batch number 101 the res size is 19584
2023-07-04 10:26:34 | INFO | learn_kmeans | for batch number 102 the res size is 19776
2023-07-04 10:26:34 | INFO | learn_kmeans | for batch number 103 the res size is 19968
2023-07-04 10:26:34 | INFO | learn_kmeans | for batch number 104 the res size is 20160
2023-07-04 10:26:39 | INFO | learn_kmeans | for batch number 105 the res size is 20352
2023-07-04 10:26:40 | INFO | learn_kmeans | for batch number 106 the res size is 20544
2023-07-04 10:26:40 | INFO | learn_kmeans | for batch number 107 the res size is 20736
2023-07-04 10:27:42 | INFO | learn_kmeans | for batch number 108 the res size is 20928
2023-07-04 10:27:43 | INFO | learn_kmeans | for batch number 109 the res size is 21120
2023-07-04 10:27:43 | INFO | learn_kmeans | for batch number 110 the res size is 21312
2023-07-04 10:27:43 | INFO | learn_kmeans | for batch number 111 the res size is 21504
2023-07-04 10:27:43 | INFO | learn_kmeans | for batch number 112 the res size is 21696
2023-07-04 10:27:43 | INFO | learn_kmeans | for batch number 113 the res size is 21888
2023-07-04 10:27:43 | INFO | learn_kmeans | for batch number 114 the res size is 22080
2023-07-04 10:27:43 | INFO | learn_kmeans | for batch number 115 the res size is 22272
2023-07-04 10:27:43 | INFO | learn_kmeans | for batch number 116 the res size is 22464
2023-07-04 10:27:43 | INFO | learn_kmeans | for batch number 117 the res size is 22656
2023-07-04 10:27:43 | INFO | learn_kmeans | for batch number 118 the res size is 22848
2023-07-04 10:27:43 | INFO | learn_kmeans | for batch number 119 the res size is 23040
2023-07-04 10:27:43 | INFO | learn_kmeans | for batch number 120 the res size is 23232
2023-07-04 10:27:43 | INFO | learn_kmeans | for batch number 121 the res size is 23424
2023-07-04 10:27:43 | INFO | learn_kmeans | for batch number 122 the res size is 23616
2023-07-04 10:27:43 | INFO | learn_kmeans | for batch number 123 the res size is 23808
2023-07-04 10:27:43 | INFO | learn_kmeans | for batch number 124 the res size is 24000
2023-07-04 10:27:43 | INFO | learn_kmeans | for batch number 125 the res size is 24192
2023-07-04 10:27:43 | INFO | learn_kmeans | for batch number 126 the res size is 24384
2023-07-04 10:27:43 | INFO | learn_kmeans | for batch number 127 the res size is 24576
2023-07-04 10:27:43 | INFO | learn_kmeans | for batch number 128 the res size is 24768
2023-07-04 10:27:43 | INFO | learn_kmeans | for batch number 129 the res size is 24960
2023-07-04 10:27:43 | INFO | learn_kmeans | for batch number 130 the res size is 25152
2023-07-04 10:27:43 | INFO | learn_kmeans | for batch number 131 the res size is 25344
2023-07-04 10:27:43 | INFO | learn_kmeans | for batch number 132 the res size is 25536
2023-07-04 10:27:43 | INFO | learn_kmeans | for batch number 133 the res size is 25728
2023-07-04 10:28:13 | INFO | learn_kmeans | for batch number 134 the res size is 25920
2023-07-04 10:28:13 | INFO | learn_kmeans | for batch number 135 the res size is 26112
2023-07-04 10:28:13 | INFO | learn_kmeans | for batch number 136 the res size is 26304
2023-07-04 10:28:13 | INFO | learn_kmeans | for batch number 137 the res size is 26496
2023-07-04 10:28:13 | INFO | learn_kmeans | for batch number 138 the res size is 26688
2023-07-04 10:28:47 | INFO | learn_kmeans | for batch number 139 the res size is 26880
2023-07-04 10:28:48 | INFO | learn_kmeans | for batch number 140 the res size is 27072
2023-07-04 10:30:50 | INFO | learn_kmeans | for batch number 141 the res size is 27264
2023-07-04 10:30:51 | INFO | learn_kmeans | for batch number 142 the res size is 27456
2023-07-04 10:30:51 | INFO | learn_kmeans | for batch number 143 the res size is 27648
2023-07-04 10:30:51 | INFO | learn_kmeans | for batch number 144 the res size is 27840
2023-07-04 10:30:51 | INFO | learn_kmeans | for batch number 145 the res size is 28032
2023-07-04 10:30:51 | INFO | learn_kmeans | for batch number 146 the res size is 28224
2023-07-04 10:30:51 | INFO | learn_kmeans | for batch number 147 the res size is 28416
2023-07-04 10:30:51 | INFO | learn_kmeans | for batch number 148 the res size is 28608
2023-07-04 10:30:51 | INFO | learn_kmeans | for batch number 149 the res size is 28800
2023-07-04 10:30:51 | INFO | learn_kmeans | for batch number 150 the res size is 28992
2023-07-04 10:30:51 | INFO | learn_kmeans | for batch number 151 the res size is 29184
2023-07-04 10:30:51 | INFO | learn_kmeans | for batch number 152 the res size is 29376
2023-07-04 10:30:51 | INFO | learn_kmeans | for batch number 153 the res size is 29568
2023-07-04 10:31:20 | INFO | learn_kmeans | for batch number 154 the res size is 29760
2023-07-04 10:31:21 | INFO | learn_kmeans | for batch number 155 the res size is 29952
2023-07-04 10:31:21 | INFO | learn_kmeans | for batch number 156 the res size is 30144
2023-07-04 10:31:21 | INFO | learn_kmeans | for batch number 157 the res size is 30336
2023-07-04 10:31:21 | INFO | learn_kmeans | for batch number 158 the res size is 30528
2023-07-04 10:31:21 | INFO | learn_kmeans | for batch number 159 the res size is 30720
2023-07-04 10:31:21 | INFO | learn_kmeans | for batch number 160 the res size is 30912
2023-07-04 10:31:21 | INFO | learn_kmeans | for batch number 161 the res size is 31104
2023-07-04 10:31:21 | INFO | learn_kmeans | for batch number 162 the res size is 31296
2023-07-04 10:31:21 | INFO | learn_kmeans | for batch number 163 the res size is 31488
2023-07-04 10:31:21 | INFO | learn_kmeans | for batch number 164 the res size is 31680
2023-07-04 10:31:21 | INFO | learn_kmeans | for batch number 165 the res size is 31872
2023-07-04 10:31:21 | INFO | learn_kmeans | for batch number 166 the res size is 32064
2023-07-04 10:31:21 | INFO | learn_kmeans | for batch number 167 the res size is 32256
2023-07-04 10:31:21 | INFO | learn_kmeans | for batch number 168 the res size is 32448
2023-07-04 10:31:35 | INFO | learn_kmeans | for batch number 169 the res size is 32640
2023-07-04 10:31:35 | INFO | learn_kmeans | for batch number 170 the res size is 32832
2023-07-04 10:31:35 | INFO | learn_kmeans | for batch number 171 the res size is 33024
2023-07-04 10:31:50 | INFO | learn_kmeans | for batch number 172 the res size is 33216
2023-07-04 10:31:50 | INFO | learn_kmeans | for batch number 173 the res size is 33408
2023-07-04 10:31:50 | INFO | learn_kmeans | for batch number 174 the res size is 33600
2023-07-04 10:31:50 | INFO | learn_kmeans | for batch number 175 the res size is 33792
2023-07-04 10:31:50 | INFO | learn_kmeans | for batch number 176 the res size is 33984
2023-07-04 10:31:50 | INFO | learn_kmeans | for batch number 177 the res size is 34176
2023-07-04 10:31:50 | INFO | learn_kmeans | for batch number 178 the res size is 34368
2023-07-04 10:31:50 | INFO | learn_kmeans | for batch number 179 the res size is 34560
2023-07-04 10:31:50 | INFO | learn_kmeans | for batch number 180 the res size is 34752
2023-07-04 10:31:50 | INFO | learn_kmeans | for batch number 181 the res size is 34944
2023-07-04 10:31:50 | INFO | learn_kmeans | for batch number 182 the res size is 35136
2023-07-04 10:31:50 | INFO | learn_kmeans | for batch number 183 the res size is 35328
2023-07-04 10:31:50 | INFO | learn_kmeans | for batch number 184 the res size is 35520
2023-07-04 10:31:50 | INFO | learn_kmeans | for batch number 185 the res size is 35712
2023-07-04 10:31:50 | INFO | learn_kmeans | for batch number 186 the res size is 35904
2023-07-04 10:31:50 | INFO | learn_kmeans | for batch number 187 the res size is 36096
2023-07-04 10:31:50 | INFO | learn_kmeans | for batch number 188 the res size is 36288
2023-07-04 10:31:50 | INFO | learn_kmeans | for batch number 189 the res size is 36480
2023-07-04 10:31:50 | INFO | learn_kmeans | for batch number 190 the res size is 36672
2023-07-04 10:31:50 | INFO | learn_kmeans | for batch number 191 the res size is 36864
2023-07-04 10:31:50 | INFO | learn_kmeans | for batch number 192 the res size is 37056
2023-07-04 10:31:50 | INFO | learn_kmeans | for batch number 193 the res size is 37248
2023-07-04 10:31:50 | INFO | learn_kmeans | for batch number 194 the res size is 37440
2023-07-04 10:31:50 | INFO | learn_kmeans | for batch number 195 the res size is 37632
2023-07-04 10:31:50 | INFO | learn_kmeans | for batch number 196 the res size is 37824
2023-07-04 10:31:50 | INFO | learn_kmeans | for batch number 197 the res size is 38016
2023-07-04 10:31:50 | INFO | learn_kmeans | for batch number 198 the res size is 38208
2023-07-04 10:31:50 | INFO | learn_kmeans | for batch number 199 the res size is 38400
2023-07-04 10:31:50 | INFO | learn_kmeans | for batch number 200 the res size is 38592
2023-07-04 10:31:50 | INFO | learn_kmeans | for batch number 201 the res size is 38784
2023-07-04 10:31:50 | INFO | learn_kmeans | for batch number 202 the res size is 38976
2023-07-04 10:31:50 | INFO | learn_kmeans | for batch number 203 the res size is 39168
2023-07-04 10:31:50 | INFO | learn_kmeans | for batch number 204 the res size is 39360
2023-07-04 10:32:21 | INFO | learn_kmeans | for batch number 205 the res size is 39552
2023-07-04 10:32:21 | INFO | learn_kmeans | for batch number 206 the res size is 39744
2023-07-04 10:32:21 | INFO | learn_kmeans | for batch number 207 the res size is 39936
2023-07-04 10:32:21 | INFO | learn_kmeans | for batch number 208 the res size is 40128
2023-07-04 10:32:21 | INFO | learn_kmeans | for batch number 209 the res size is 40320
2023-07-04 10:32:21 | INFO | learn_kmeans | for batch number 210 the res size is 40512
2023-07-04 10:32:21 | INFO | learn_kmeans | for batch number 211 the res size is 40704
2023-07-04 10:32:21 | INFO | learn_kmeans | for batch number 212 the res size is 40896
2023-07-04 10:32:21 | INFO | learn_kmeans | for batch number 213 the res size is 41088
2023-07-04 10:32:21 | INFO | learn_kmeans | for batch number 214 the res size is 41280
2023-07-04 10:32:21 | INFO | learn_kmeans | for batch number 215 the res size is 41472
2023-07-04 10:32:21 | INFO | learn_kmeans | for batch number 216 the res size is 41664
2023-07-04 10:32:21 | INFO | learn_kmeans | for batch number 217 the res size is 41856
2023-07-04 10:32:21 | INFO | learn_kmeans | for batch number 218 the res size is 42048
2023-07-04 10:32:21 | INFO | learn_kmeans | for batch number 219 the res size is 42240
2023-07-04 10:32:21 | INFO | learn_kmeans | for batch number 220 the res size is 42432
2023-07-04 10:32:24 | INFO | learn_kmeans | for batch number 221 the res size is 42624
2023-07-04 10:32:24 | INFO | learn_kmeans | for batch number 222 the res size is 42816
2023-07-04 10:32:24 | INFO | learn_kmeans | for batch number 223 the res size is 43008
2023-07-04 10:32:24 | INFO | learn_kmeans | for batch number 224 the res size is 43200
2023-07-04 10:32:25 | INFO | learn_kmeans | data is ready and size is 43392
2023-07-04 10:32:25 | INFO | learn_kmeans | model is defined
2023-07-04 10:32:25 | INFO | learn_kmeans | training is started
Init 1/50 with method k-means++
Inertia for init 1/50: 132539.8467632266
Init 2/50 with method k-means++
Inertia for init 2/50: 129439.27415970046
Init 3/50 with method k-means++
Inertia for init 3/50: 130569.75262540633
Init 4/50 with method k-means++
Inertia for init 4/50: 127461.78780958544
Init 5/50 with method k-means++
Inertia for init 5/50: 131464.1909160886
Init 6/50 with method k-means++
Inertia for init 6/50: 129827.88336134281
Init 7/50 with method k-means++
Inertia for init 7/50: 127687.97722880497
Init 8/50 with method k-means++
Inertia for init 8/50: 125459.32701142026
Init 9/50 with method k-means++
Inertia for init 9/50: 133037.44033065767
Init 10/50 with method k-means++
Inertia for init 10/50: 127064.18118519953
Init 11/50 with method k-means++
Inertia for init 11/50: 128137.47189610839
Init 12/50 with method k-means++
Inertia for init 12/50: 129288.90563849533
Init 13/50 with method k-means++
Inertia for init 13/50: 129705.90273825682
Init 14/50 with method k-means++
Inertia for init 14/50: 128091.80683446763
Init 15/50 with method k-means++
Inertia for init 15/50: 122237.94953086751
Init 16/50 with method k-means++
Inertia for init 16/50: 129588.8293174718
Init 17/50 with method k-means++
Inertia for init 17/50: 130940.47391997428
Init 18/50 with method k-means++
Inertia for init 18/50: 126915.19324020595
Init 19/50 with method k-means++
Inertia for init 19/50: 122450.83957402688
Init 20/50 with method k-means++
Inertia for init 20/50: 125740.11164679861
Init 21/50 with method k-means++
Inertia for init 21/50: 128506.95330772274
Init 22/50 with method k-means++
Inertia for init 22/50: 134618.8818329758
Init 23/50 with method k-means++
Inertia for init 23/50: 132097.46249817434
Init 24/50 with method k-means++
Inertia for init 24/50: 131372.45409654517
Init 25/50 with method k-means++
Inertia for init 25/50: 126850.87150658792
Init 26/50 with method k-means++
Inertia for init 26/50: 127942.90754663419
Init 27/50 with method k-means++
Inertia for init 27/50: 128857.19198738699
Init 28/50 with method k-means++
Inertia for init 28/50: 130010.70250717438
Init 29/50 with method k-means++
Inertia for init 29/50: 125983.7724690922
Init 30/50 with method k-means++
Inertia for init 30/50: 128291.84366918798
Init 31/50 with method k-means++
Inertia for init 31/50: 131788.39136713732
Init 32/50 with method k-means++
Inertia for init 32/50: 126803.21954779013
Init 33/50 with method k-means++
Inertia for init 33/50: 127193.38477831043
Init 34/50 with method k-means++
Inertia for init 34/50: 133381.6434522695
Init 35/50 with method k-means++
Inertia for init 35/50: 124926.5983268209
Init 36/50 with method k-means++
Inertia for init 36/50: 129138.84423955876
Init 37/50 with method k-means++
Inertia for init 37/50: 124023.35889299632
Init 38/50 with method k-means++
Inertia for init 38/50: 125604.51273274768
Init 39/50 with method k-means++
Inertia for init 39/50: 130493.55844364925
Init 40/50 with method k-means++
Inertia for init 40/50: 125478.82074450185
Init 41/50 with method k-means++
Inertia for init 41/50: 131769.19977820062
Init 42/50 with method k-means++
Inertia for init 42/50: 126728.195397291
Init 43/50 with method k-means++
Inertia for init 43/50: 121998.94056942945
Init 44/50 with method k-means++
Inertia for init 44/50: 126460.90094839098
Init 45/50 with method k-means++
Inertia for init 45/50: 123193.26105670462
Init 46/50 with method k-means++
Inertia for init 46/50: 129362.81335970774
Init 47/50 with method k-means++
Inertia for init 47/50: 128737.15748779959
Init 48/50 with method k-means++
Inertia for init 48/50: 133290.1381938779
Init 49/50 with method k-means++
Inertia for init 49/50: 133059.7118276819
Init 50/50 with method k-means++
Inertia for init 50/50: 124386.69976739165
Minibatch step 1/759360: mean batch inertia: 104.96314467828927
Minibatch step 2/759360: mean batch inertia: 78.86474773256401, ewa inertia: 78.86474773256401
Minibatch step 3/759360: mean batch inertia: 89.12204887189378, ewa inertia: 78.87420299137472
Minibatch step 4/759360: mean batch inertia: 109.59893623506528, ewa inertia: 78.90252528597864
Minibatch step 5/759360: mean batch inertia: 121.77003801808613, ewa inertia: 78.94204088778733
Minibatch step 6/759360: mean batch inertia: 99.5881280712232, ewa inertia: 78.96107260920179
Minibatch step 7/759360: mean batch inertia: 124.97210692738925, ewa inertia: 79.00348593330308
Minibatch step 8/759360: mean batch inertia: 103.57105785576019, ewa inertia: 79.02613250940747
Minibatch step 9/759360: mean batch inertia: 84.2088328119905, ewa inertia: 79.03090996227093
Minibatch step 10/759360: mean batch inertia: 110.55976862157567, ewa inertia: 79.05997350584643
Minibatch step 11/759360: mean batch inertia: 89.83936892372579, ewa inertia: 79.06991003516488
Minibatch step 12/759360: mean batch inertia: 92.88980712103549, ewa inertia: 79.0826493222258
Minibatch step 13/759360: mean batch inertia: 85.3568870580646, ewa inertia: 79.08843296266167
Minibatch step 14/759360: mean batch inertia: 104.33627489089005, ewa inertia: 79.11170661687154
Minibatch step 15/759360: mean batch inertia: 67.82933773469586, ewa inertia: 79.1013064427585
Minibatch step 16/759360: mean batch inertia: 88.61053425073152, ewa inertia: 79.11007212183851
Minibatch step 17/759360: mean batch inertia: 103.16941588327172, ewa inertia: 79.1322502093286
Minibatch step 18/759360: mean batch inertia: 168.36658211446064, ewa inertia: 79.2145071004448
Minibatch step 19/759360: mean batch inertia: 106.94613244006561, ewa inertia: 79.24007032524108
Minibatch step 20/759360: mean batch inertia: 115.21399885548412, ewa inertia: 79.27323136829433
Minibatch step 21/759360: mean batch inertia: 78.2409974254962, ewa inertia: 79.27227984713396
Minibatch step 22/759360: mean batch inertia: 68.43926124178695, ewa inertia: 79.2622938875503
Minibatch step 23/759360: mean batch inertia: 80.40816385485962, ewa inertia: 79.26335015926905
Minibatch step 24/759360: mean batch inertia: 119.8651618137294, ewa inertia: 79.30077722045814
Minibatch step 25/759360: mean batch inertia: 136.38148997504513, ewa inertia: 79.35339465898932
Minibatch step 26/759360: mean batch inertia: 140.30495739314148, ewa inertia: 79.40958027670106
Minibatch step 27/759360: mean batch inertia: 143.24253733961035, ewa inertia: 79.46842198579047
Minibatch step 28/759360: mean batch inertia: 67.90070853391514, ewa inertia: 79.45775877886597
Minibatch step 29/759360: mean batch inertia: 114.1894266790529, ewa inertia: 79.48977469654871
Minibatch step 30/759360: mean batch inertia: 106.26969064478972, ewa inertia: 79.51446062833332
Minibatch step 31/759360: mean batch inertia: 58.24600768708482, ewa inertia: 79.494855205393
Minibatch step 32/759360: mean batch inertia: 101.07452838155085, ewa inertia: 79.51474751353132
Minibatch step 33/759360: mean batch inertia: 120.2599560545965, ewa inertia: 79.5523067590696
Minibatch step 34/759360: mean batch inertia: 148.69341674910143, ewa inertia: 79.6160415642133
Minibatch step 35/759360: mean batch inertia: 138.76891372147824, ewa inertia: 79.67056913516461
Minibatch step 36/759360: mean batch inertia: 86.63386525289857, ewa inertia: 79.67698795489844
Minibatch step 37/759360: mean batch inertia: 82.25966084953075, ewa inertia: 79.67936868256847
Minibatch step 38/759360: mean batch inertia: 154.95242292103552, ewa inertia: 79.7487559609207
Minibatch step 39/759360: mean batch inertia: 100.19330711074932, ewa inertia: 79.76760190487464
Minibatch step 40/759360: mean batch inertia: 71.10403336593463, ewa inertia: 79.75961576099066
Minibatch step 41/759360: mean batch inertia: 120.14201723162478, ewa inertia: 79.79684056819055
Minibatch step 42/759360: mean batch inertia: 105.57793739182243, ewa inertia: 79.82060578085031
Minibatch step 43/759360: mean batch inertia: 79.33480285600699, ewa inertia: 79.8201579639906
Minibatch step 44/759360: mean batch inertia: 93.35602843180733, ewa inertia: 79.83263543313798
Minibatch step 45/759360: mean batch inertia: 116.7591427350101, ewa inertia: 79.86667457060427
Minibatch step 46/759360: mean batch inertia: 130.45719074931532, ewa inertia: 79.91330929618556
Minibatch step 47/759360: mean batch inertia: 83.95268320619175, ewa inertia: 79.9170328220169
Minibatch step 48/759360: mean batch inertia: 88.86796491443769, ewa inertia: 79.92528385982709
Minibatch step 49/759360: mean batch inertia: 97.62599641476524, ewa inertia: 79.9416005123332
Minibatch step 50/759360: mean batch inertia: 104.3583719661004, ewa inertia: 79.9641080794097
Minibatch step 51/759360: mean batch inertia: 125.96959694099382, ewa inertia: 80.0065162916666
Minibatch step 52/759360: mean batch inertia: 123.59455876322902, ewa inertia: 80.04669608331184
Minibatch step 53/759360: mean batch inertia: 78.29549773855481, ewa inertia: 80.045081815255
Minibatch step 54/759360: mean batch inertia: 84.49790819242912, ewa inertia: 80.04918646473965
Minibatch step 55/759360: mean batch inertia: 86.20827144089209, ewa inertia: 80.05486395647901
Minibatch step 56/759360: mean batch inertia: 123.838959205137, ewa inertia: 80.0952244710769
Minibatch step 57/759360: mean batch inertia: 75.6319973210988, ewa inertia: 80.09111023408018
Minibatch step 58/759360: mean batch inertia: 125.89697412939708, ewa inertia: 80.13333443051307
Minibatch step 59/759360: mean batch inertia: 120.19588825654327, ewa inertia: 80.17026439970259
Minibatch step 60/759360: mean batch inertia: 111.26583458828733, ewa inertia: 80.19892853464471
Minibatch step 61/759360: mean batch inertia: 106.83000311479597, ewa inertia: 80.22347726331536
Minibatch step 62/759360: mean batch inertia: 110.1054734551496, ewa inertia: 80.25102271644543
Minibatch step 63/759360: mean batch inertia: 122.25596709268738, ewa inertia: 80.28974319613225
Minibatch step 64/759360: mean batch inertia: 90.44086031758476, ewa inertia: 80.2991005737014
Minibatch step 65/759360: mean batch inertia: 121.64106965445674, ewa inertia: 80.33720991767923
Minibatch step 66/759360: mean batch inertia: 70.91551208237544, ewa inertia: 80.32852492439892
Minibatch step 67/759360: mean batch inertia: 101.41587502873601, ewa inertia: 80.34796340535607
Minibatch step 68/759360: mean batch inertia: 111.08509193734012, ewa inertia: 80.37629712603174
Minibatch step 69/759360: mean batch inertia: 124.07035454825714, ewa inertia: 80.4165746430711
Minibatch step 70/759360: mean batch inertia: 79.98879545933484, ewa inertia: 80.41618031294068
Minibatch step 71/759360: mean batch inertia: 125.16073523318599, ewa inertia: 80.4574261866256
Minibatch step 72/759360: mean batch inertia: 143.56635851095447, ewa inertia: 80.51560048416144
Minibatch step 73/759360: mean batch inertia: 88.79355291687457, ewa inertia: 80.52323116416302
Minibatch step 74/759360: mean batch inertia: 67.08246665018032, ewa inertia: 80.51084136441284
Minibatch step 75/759360: mean batch inertia: 100.44188720862793, ewa inertia: 80.52921395524012
Minibatch step 76/759360: mean batch inertia: 78.09047117503135, ewa inertia: 80.52696590345278
Minibatch step 77/759360: mean batch inertia: 105.97423087858667, ewa inertia: 80.55042338735583
Minibatch step 78/759360: mean batch inertia: 55.463647963170715, ewa inertia: 80.52729820548393
Minibatch step 79/759360: mean batch inertia: 93.06174577284534, ewa inertia: 80.53885255532595
Minibatch step 80/759360: mean batch inertia: 66.94409115849652, ewa inertia: 80.5263208000688
Minibatch step 81/759360: mean batch inertia: 92.69352683596581, ewa inertia: 80.53753662385226
Minibatch step 82/759360: mean batch inertia: 135.38214079308594, ewa inertia: 80.58809280035007
Minibatch step 83/759360: mean batch inertia: 80.43761929040905, ewa inertia: 80.58795409271525
Minibatch step 84/759360: mean batch inertia: 73.59245665706453, ewa inertia: 80.58150558955975
Minibatch step 85/759360: mean batch inertia: 136.17357744211452, ewa inertia: 80.63275078749726
Minibatch step 86/759360: mean batch inertia: 99.7579892508824, ewa inertia: 80.65038057890452
Minibatch step 87/759360: mean batch inertia: 97.60721313171419, ewa inertia: 80.66601151712295
Minibatch step 88/759360: mean batch inertia: 94.56153310012778, ewa inertia: 80.67882051542499
Minibatch step 89/759360: mean batch inertia: 158.7777363417, ewa inertia: 80.75081269464863
Minibatch step 90/759360: mean batch inertia: 75.98172127597766, ewa inertia: 80.74641650962462
Minibatch step 91/759360: mean batch inertia: 105.74494068864877, ewa inertia: 80.7694603408223
Minibatch step 92/759360: mean batch inertia: 76.18194650874207, ewa inertia: 80.76523153540938
Minibatch step 93/759360: mean batch inertia: 102.13314267077513, ewa inertia: 80.78492863967539
Minibatch step 94/759360: mean batch inertia: 121.68081953196247, ewa inertia: 80.82262678535997
Minibatch step 95/759360: mean batch inertia: 73.09295000800776, ewa inertia: 80.81550151005995
Minibatch step 96/759360: mean batch inertia: 115.01470275879619, ewa inertia: 80.84702659590212
Minibatch step 97/759360: mean batch inertia: 137.28340288559215, ewa inertia: 80.89905008014122
Minibatch step 98/759360: mean batch inertia: 116.98702385082223, ewa inertia: 80.93231625097124
Minibatch step 99/759360: mean batch inertia: 80.26986504723516, ewa inertia: 80.93170559837405
Minibatch step 100/759360: mean batch inertia: 83.5541335774285, ewa inertia: 80.93412297258561
Minibatch step 101/759360: mean batch inertia: 97.87334442205693, ewa inertia: 80.949737676754
Minibatch step 102/759360: mean batch inertia: 88.90965268880332, ewa inertia: 80.9570751874235
Converged (lack of improvement in inertia) at step 102/759360
2023-07-04 10:33:02 | INFO | learn_kmeans | training is finished
OpenBLAS warning: precompiled NUM_THREADS exceeded, adding auxiliary array for thread metadata.
OpenBLAS warning: precompiled NUM_THREADS exceeded, adding auxiliary array for thread metadata.
/var/spool/slurmd/job62004/slurm_script: line 35: 2791648 Segmentation fault      (core dumped) PYTHONPATH=. python3 clustering/kmeans_learning.py --num_workers 64 --mode server --num_samples 1 --km_path ./cluster_models_1/cluster_model_1_{}_{}_{}.joblib --n_clusters "$n_clusters" --max_iter 350 --batch_size 20 --n_init 50 --num_runs $num_runs
2023-07-04 10:33:46 | INFO | root | Namespace(a_min=-1000, a_max=1000, b_min=0.0, b_max=1.0, space_x=1.5, space_y=1.5, space_z=2.0, roi_x=96, roi_y=96, roi_z=96, num_workers=64, distributed=False, mode='server', num_samples=1, km_path='./cluster_models_1/cluster_model_1_{}_{}_{}.joblib', n_clusters=367, seed=42, init='k-means++', max_iter=350, batch_size=20, tol=0.0, max_no_improvement=100, n_init=50, reassignment_ratio=0.0, num_runs=400)
Dataset 1 LUNA16: OK number of data: 842
Dataset 2 Covid 19: OK number of data: 722
Dataset 3 HNSCC: OK number of data: 954
Dataset 4 TCIA Colon: OK number of data: 1532
Dataset 5 TCIA LIDC: OK number of data: 450
Dataset all training: number of data: 4500
loader is ready
2023-07-04 10:34:47 | INFO | learn_kmeans | for batch number 0 the res size is 0
2023-07-04 10:34:48 | INFO | learn_kmeans | for batch number 1 the res size is 384
2023-07-04 10:45:31 | INFO | learn_kmeans | for batch number 2 the res size is 576
2023-07-04 10:45:36 | INFO | learn_kmeans | for batch number 3 the res size is 768
2023-07-04 10:45:37 | INFO | learn_kmeans | for batch number 4 the res size is 960
2023-07-04 10:45:37 | INFO | learn_kmeans | for batch number 5 the res size is 1152
2023-07-04 10:45:37 | INFO | learn_kmeans | for batch number 6 the res size is 1344
2023-07-04 10:45:37 | INFO | learn_kmeans | for batch number 7 the res size is 1536
2023-07-04 10:45:37 | INFO | learn_kmeans | for batch number 8 the res size is 1728
2023-07-04 10:45:37 | INFO | learn_kmeans | for batch number 9 the res size is 1920
2023-07-04 10:45:37 | INFO | learn_kmeans | for batch number 10 the res size is 2112
2023-07-04 10:45:37 | INFO | learn_kmeans | for batch number 11 the res size is 2304
2023-07-04 10:45:37 | INFO | learn_kmeans | for batch number 12 the res size is 2496
2023-07-04 10:45:37 | INFO | learn_kmeans | for batch number 13 the res size is 2688
2023-07-04 10:45:48 | INFO | learn_kmeans | for batch number 14 the res size is 2880
2023-07-04 10:45:50 | INFO | learn_kmeans | for batch number 15 the res size is 3072
2023-07-04 10:45:50 | INFO | learn_kmeans | for batch number 16 the res size is 3264
2023-07-04 10:45:50 | INFO | learn_kmeans | for batch number 17 the res size is 3456
2023-07-04 10:45:50 | INFO | learn_kmeans | for batch number 18 the res size is 3648
2023-07-04 10:45:50 | INFO | learn_kmeans | for batch number 19 the res size is 3840
2023-07-04 10:45:50 | INFO | learn_kmeans | for batch number 20 the res size is 4032
2023-07-04 10:45:50 | INFO | learn_kmeans | for batch number 21 the res size is 4224
2023-07-04 10:45:50 | INFO | learn_kmeans | for batch number 22 the res size is 4416
2023-07-04 10:45:50 | INFO | learn_kmeans | for batch number 23 the res size is 4608
2023-07-04 10:45:50 | INFO | learn_kmeans | for batch number 24 the res size is 4800
2023-07-04 10:45:50 | INFO | learn_kmeans | for batch number 25 the res size is 4992
2023-07-04 10:45:50 | INFO | learn_kmeans | for batch number 26 the res size is 5184
2023-07-04 10:45:53 | INFO | learn_kmeans | for batch number 27 the res size is 5376
2023-07-04 10:45:54 | INFO | learn_kmeans | for batch number 28 the res size is 5568
2023-07-04 10:46:51 | INFO | learn_kmeans | for batch number 29 the res size is 5760
2023-07-04 10:47:20 | INFO | learn_kmeans | for batch number 30 the res size is 5952
2023-07-04 10:47:21 | INFO | learn_kmeans | for batch number 31 the res size is 6144
2023-07-04 10:47:21 | INFO | learn_kmeans | for batch number 32 the res size is 6336
2023-07-04 10:47:21 | INFO | learn_kmeans | for batch number 33 the res size is 6528
2023-07-04 10:47:21 | INFO | learn_kmeans | for batch number 34 the res size is 6720
2023-07-04 10:47:21 | INFO | learn_kmeans | for batch number 35 the res size is 6912
2023-07-04 10:47:21 | INFO | learn_kmeans | for batch number 36 the res size is 7104
2023-07-04 10:47:21 | INFO | learn_kmeans | for batch number 37 the res size is 7296
2023-07-04 10:47:52 | INFO | learn_kmeans | for batch number 38 the res size is 7488
2023-07-04 10:47:53 | INFO | learn_kmeans | for batch number 39 the res size is 7680
2023-07-04 10:47:53 | INFO | learn_kmeans | for batch number 40 the res size is 7872
2023-07-04 10:47:53 | INFO | learn_kmeans | for batch number 41 the res size is 8064
2023-07-04 10:47:55 | INFO | learn_kmeans | for batch number 42 the res size is 8256
2023-07-04 10:47:55 | INFO | learn_kmeans | for batch number 43 the res size is 8448
2023-07-04 10:47:57 | INFO | learn_kmeans | for batch number 44 the res size is 8640
2023-07-04 10:47:58 | INFO | learn_kmeans | for batch number 45 the res size is 8832
2023-07-04 10:47:58 | INFO | learn_kmeans | for batch number 46 the res size is 9024
2023-07-04 10:47:58 | INFO | learn_kmeans | for batch number 47 the res size is 9216
2023-07-04 10:47:58 | INFO | learn_kmeans | for batch number 48 the res size is 9408
2023-07-04 10:47:58 | INFO | learn_kmeans | for batch number 49 the res size is 9600
2023-07-04 10:47:58 | INFO | learn_kmeans | for batch number 50 the res size is 9792
2023-07-04 10:47:58 | INFO | learn_kmeans | for batch number 51 the res size is 9984
2023-07-04 10:47:58 | INFO | learn_kmeans | for batch number 52 the res size is 10176
2023-07-04 10:47:58 | INFO | learn_kmeans | for batch number 53 the res size is 10368
2023-07-04 10:47:58 | INFO | learn_kmeans | for batch number 54 the res size is 10560
2023-07-04 10:47:58 | INFO | learn_kmeans | for batch number 55 the res size is 10752
2023-07-04 10:47:58 | INFO | learn_kmeans | for batch number 56 the res size is 10944
2023-07-04 10:47:58 | INFO | learn_kmeans | for batch number 57 the res size is 11136
2023-07-04 10:47:58 | INFO | learn_kmeans | for batch number 58 the res size is 11328
2023-07-04 10:47:58 | INFO | learn_kmeans | for batch number 59 the res size is 11520
2023-07-04 10:47:58 | INFO | learn_kmeans | for batch number 60 the res size is 11712
2023-07-04 10:47:58 | INFO | learn_kmeans | for batch number 61 the res size is 11904
2023-07-04 10:47:58 | INFO | learn_kmeans | for batch number 62 the res size is 12096
2023-07-04 10:47:58 | INFO | learn_kmeans | for batch number 63 the res size is 12288
2023-07-04 10:47:58 | INFO | learn_kmeans | for batch number 64 the res size is 12480
2023-07-04 10:47:58 | INFO | learn_kmeans | for batch number 65 the res size is 12672
2023-07-04 10:51:48 | INFO | learn_kmeans | for batch number 66 the res size is 12864
2023-07-04 10:51:49 | INFO | learn_kmeans | for batch number 67 the res size is 13056
2023-07-04 10:51:49 | INFO | learn_kmeans | for batch number 68 the res size is 13248
2023-07-04 10:51:49 | INFO | learn_kmeans | for batch number 69 the res size is 13440
2023-07-04 10:51:49 | INFO | learn_kmeans | for batch number 70 the res size is 13632
2023-07-04 10:51:49 | INFO | learn_kmeans | for batch number 71 the res size is 13824
2023-07-04 10:51:49 | INFO | learn_kmeans | for batch number 72 the res size is 14016
2023-07-04 10:54:57 | INFO | learn_kmeans | for batch number 73 the res size is 14208
2023-07-04 10:54:58 | INFO | learn_kmeans | for batch number 74 the res size is 14400
2023-07-04 10:55:43 | INFO | learn_kmeans | for batch number 75 the res size is 14592
2023-07-04 10:55:44 | INFO | learn_kmeans | for batch number 76 the res size is 14784
2023-07-04 10:55:44 | INFO | learn_kmeans | for batch number 77 the res size is 14976
2023-07-04 10:55:44 | INFO | learn_kmeans | for batch number 78 the res size is 15168
2023-07-04 10:55:44 | INFO | learn_kmeans | for batch number 79 the res size is 15360
2023-07-04 10:55:44 | INFO | learn_kmeans | for batch number 80 the res size is 15552
2023-07-04 10:55:44 | INFO | learn_kmeans | for batch number 81 the res size is 15744
2023-07-04 10:55:44 | INFO | learn_kmeans | for batch number 82 the res size is 15936
2023-07-04 10:55:44 | INFO | learn_kmeans | for batch number 83 the res size is 16128
2023-07-04 10:55:44 | INFO | learn_kmeans | for batch number 84 the res size is 16320
2023-07-04 10:55:44 | INFO | learn_kmeans | for batch number 85 the res size is 16512
2023-07-04 10:55:44 | INFO | learn_kmeans | for batch number 86 the res size is 16704
2023-07-04 10:55:44 | INFO | learn_kmeans | for batch number 87 the res size is 16896
2023-07-04 10:55:44 | INFO | learn_kmeans | for batch number 88 the res size is 17088
2023-07-04 10:55:44 | INFO | learn_kmeans | for batch number 89 the res size is 17280
2023-07-04 10:56:42 | INFO | learn_kmeans | for batch number 90 the res size is 17472
