/var/spool/slurmd/job63260/slurm_script: line 11: cd: SSL_VAN: No such file or directory

----------------------------------------------------------------------------
  cuda:
----------------------------------------------------------------------------
     Versions:
        cuda/10.2
        cuda/11.0
        cuda/11.2
        cuda/11.3
        cuda/11.4
        cuda/11.5
        cuda/11.6
        cuda/11.7
        cuda/11.8
        cuda/12.0

----------------------------------------------------------------------------
  For detailed information about a specific "cuda" package (including how to load the modules) use the module's full name.
  Note that names that have a trailing (E) are extensions provided by other modules.
  For example:

     $ module spider cuda/12.0
----------------------------------------------------------------------------

 


CommandNotFoundError: Your shell has not been properly configured to use 'conda activate'.
To initialize your shell, run

    $ conda init <SHELL_NAME>

Currently supported shells are:
  - bash
  - fish
  - tcsh
  - xonsh
  - zsh
  - powershell

See 'conda init --help' for more information and options.

IMPORTANT: You may need to close and restart your shell after running 'conda init'.


/home/karimimonsefi.1/miniconda3/lib/python3.9/site-packages/mmcv/__init__.py:20: UserWarning: On January 1, 2023, MMCV will release v2.0.0, in which it will remove components related to the training process and add a data transformation module. In addition, it will rename the package names mmcv to mmcv-lite and mmcv-full to mmcv. See https://github.com/open-mmlab/mmcv/blob/master/docs/en/compatibility.md for more details.
  warnings.warn(
/home/karimimonsefi.1/SSL_VAN/BRATS21/main.py:113: UserWarning: Found total gpus 2
  warnings.warn("Found total gpus {}".format(args.ngpus_per_node))
/home/karimimonsefi.1/miniconda3/lib/python3.9/site-packages/mmcv/__init__.py:20: UserWarning: On January 1, 2023, MMCV will release v2.0.0, in which it will remove components related to the training process and add a data transformation module. In addition, it will rename the package names mmcv to mmcv-lite and mmcv-full to mmcv. See https://github.com/open-mmlab/mmcv/blob/master/docs/en/compatibility.md for more details.
  warnings.warn(
/home/karimimonsefi.1/miniconda3/lib/python3.9/site-packages/mmcv/__init__.py:20: UserWarning: On January 1, 2023, MMCV will release v2.0.0, in which it will remove components related to the training process and add a data transformation module. In addition, it will rename the package names mmcv to mmcv-lite and mmcv-full to mmcv. See https://github.com/open-mmlab/mmcv/blob/master/docs/en/compatibility.md for more details.
  warnings.warn(
/home/karimimonsefi.1/miniconda3/lib/python3.9/site-packages/monai/transforms/post/dictionary.py:196: UserWarning: `threshold_values=True/False` is deprecated, please use `threshold=value` instead.
  warnings.warn("`threshold_values=True/False` is deprecated, please use `threshold=value` instead.")
/home/karimimonsefi.1/miniconda3/lib/python3.9/site-packages/monai/transforms/post/dictionary.py:196: UserWarning: `threshold_values=True/False` is deprecated, please use `threshold=value` instead.
  warnings.warn("`threshold_values=True/False` is deprecated, please use `threshold=value` instead.")
/home/karimimonsefi.1/SSL_VAN/BRATS21/main.py:133: UserWarning: 1 gpu 1
  warnings.warn(f"{args.rank} gpu {args.gpu}")
/home/karimimonsefi.1/SSL_VAN/BRATS21/main.py:133: UserWarning: 0 gpu 0
  warnings.warn(f"{args.rank} gpu {args.gpu}")
/home/karimimonsefi.1/SSL_VAN/BRATS21/main.py:135: UserWarning: Batch size is: 1 epochs 1000
  warnings.warn(f"Batch size is: {args.batch_size} epochs {args.max_epochs}")
/home/karimimonsefi.1/SSL_VAN/commons/models/van_v4_122gl.py:11: UserWarning: embed_dims GL = [64, 128, 256, 512]
  warnings.warn(f'embed_dims GL = {embed_dims}')
/home/karimimonsefi.1/SSL_VAN/commons/models/van_v4_122gl.py:11: UserWarning: embed_dims GL = [64, 128, 256, 512]
  warnings.warn(f'embed_dims GL = {embed_dims}')
/home/karimimonsefi.1/SSL_VAN/BRATS21/main.py:164: UserWarning: Total parameters count 67887669
  warnings.warn(f"Total parameters count {pytorch_total_params}")
/home/karimimonsefi.1/SSL_VAN/BRATS21/main.py:167: UserWarning: Total args.checkpoint True
  warnings.warn(f"Total args.checkpoint {args.checkpoint}")
/home/karimimonsefi.1/SSL_VAN/BRATS21/main.py:164: UserWarning: Total parameters count 67887669
  warnings.warn(f"Total parameters count {pytorch_total_params}")
/home/karimimonsefi.1/SSL_VAN/BRATS21/main.py:167: UserWarning: Total args.checkpoint True
  warnings.warn(f"Total args.checkpoint {args.checkpoint}")
/home/karimimonsefi.1/SSL_VAN/commons/util.py:6: UserWarning:  base_url is 64-128-256-512_3-4-6-3_8-8-4-4_vae_inferer_valid_loader_VANV4122GL_fold-0
  warnings.warn(f" base_url is {base_url}")
/home/karimimonsefi.1/SSL_VAN/commons/util.py:8: UserWarning:  output_url 1 is ./runs/BraTS21_new/test_log/output_False_False
  warnings.warn(f" output_url 1 is {output_url}")
/home/karimimonsefi.1/SSL_VAN/commons/util.py:6: UserWarning:  base_url is 64-128-256-512_3-4-6-3_8-8-4-4_vae_inferer_valid_loader_VANV4122GL_fold-0
  warnings.warn(f" base_url is {base_url}")
/home/karimimonsefi.1/SSL_VAN/commons/util.py:8: UserWarning:  output_url 1 is ./runs/BraTS21_new/test_log/output_False_False
  warnings.warn(f" output_url 1 is {output_url}")
/home/karimimonsefi.1/SSL_VAN/commons/util.py:9: UserWarning:  exists 1 is True
  warnings.warn(f" exists 1 is {os.path.exists(output_url)}")
/home/karimimonsefi.1/SSL_VAN/commons/util.py:13: UserWarning:  output_url 2 is ./runs/BraTS21_new/test_log/output_False_False/64-128-256-512_3-4-6-3_8-8-4-4_vae_inferer_valid_loader_VANV4122GL_fold-0
  warnings.warn(f" output_url 2 is {output_url}")
/home/karimimonsefi.1/SSL_VAN/commons/util.py:9: UserWarning:  exists 1 is True
  warnings.warn(f" exists 1 is {os.path.exists(output_url)}")
/home/karimimonsefi.1/SSL_VAN/commons/util.py:13: UserWarning:  output_url 2 is ./runs/BraTS21_new/test_log/output_False_False/64-128-256-512_3-4-6-3_8-8-4-4_vae_inferer_valid_loader_VANV4122GL_fold-0
  warnings.warn(f" output_url 2 is {output_url}")
/home/karimimonsefi.1/SSL_VAN/commons/util.py:14: UserWarning:  exists 2 is True
  warnings.warn(f" exists 2 is {os.path.exists(output_url)}")
/home/karimimonsefi.1/SSL_VAN/commons/util.py:20: UserWarning:  Best url model is 64-128-256-512_3-4-6-3_8-8-4-4_vae_inferer_valid_loader_VANV4122GL_fold-0__best.pt, final model url is 64-128-256-512_3-4-6-3_8-8-4-4_vae_inferer_valid_loader_VANV4122GL_fold-0__final.pt
  warnings.warn(f" Best url model is {args.best_model_url}, final model url is {args.final_model_url}")
/home/karimimonsefi.1/SSL_VAN/commons/util.py:14: UserWarning:  exists 2 is True
  warnings.warn(f" exists 2 is {os.path.exists(output_url)}")
/home/karimimonsefi.1/SSL_VAN/commons/util.py:20: UserWarning:  Best url model is 64-128-256-512_3-4-6-3_8-8-4-4_vae_inferer_valid_loader_VANV4122GL_fold-0__best.pt, final model url is 64-128-256-512_3-4-6-3_8-8-4-4_vae_inferer_valid_loader_VANV4122GL_fold-0__final.pt
  warnings.warn(f" Best url model is {args.best_model_url}, final model url is {args.final_model_url}")
/home/karimimonsefi.1/SSL_VAN/BRATS21/main.py:182: UserWarning: => loaded checkpoint 'True' (epoch 353) (bestacc 0.6313552260398865)
  warnings.warn("=> loaded checkpoint '{}' (epoch {}) (bestacc {})".format(
/home/karimimonsefi.1/SSL_VAN/BRATS21/main.py:182: UserWarning: => loaded checkpoint 'True' (epoch 353) (bestacc 0.6313552260398865)
  warnings.warn("=> loaded checkpoint '{}' (epoch {}) (bestacc {})".format(
/home/karimimonsefi.1/SSL_VAN/BRATS21/trainer.py:163: UserWarning: Writing Tensorboard logs to ./runs/BraTS21_new/test_log
  warnings.warn(f"Writing Tensorboard logs to {args.logdir}")
/home/karimimonsefi.1/SSL_VAN/BRATS21/trainer.py:171: UserWarning: 0  Tue Jul 11 09:59:06 2023  Epoch: 353
  warnings.warn(f"{args.rank}  {time.ctime()}  Epoch: {epoch}")
/home/karimimonsefi.1/SSL_VAN/BRATS21/trainer.py:171: UserWarning: 1  Tue Jul 11 09:59:06 2023  Epoch: 353
  warnings.warn(f"{args.rank}  {time.ctime()}  Epoch: {epoch}")
[W reducer.cpp:1298] Warning: find_unused_parameters=True was specified in DDP constructor, but did not find any unused parameters in the forward pass. This flag results in an extra traversal of the autograd graph every iteration,  which can adversely affect performance. If your model indeed never has any unused parameters in the forward pass, consider turning this flag off. Note that this warning may be a false positive if your model has flow control causing later iterations to have unused parameters. (function operator())
[W reducer.cpp:1298] Warning: find_unused_parameters=True was specified in DDP constructor, but did not find any unused parameters in the forward pass. This flag results in an extra traversal of the autograd graph every iteration,  which can adversely affect performance. If your model indeed never has any unused parameters in the forward pass, consider turning this flag off. Note that this warning may be a false positive if your model has flow control causing later iterations to have unused parameters. (function operator())
/home/karimimonsefi.1/SSL_VAN/BRATS21/trainer.py:74: UserWarning: Epoch 353/1000 0/500  loss: 0.1335  time 34.35s
  warnings.warn(
/home/karimimonsefi.1/SSL_VAN/BRATS21/trainer.py:74: UserWarning: Epoch 353/1000 1/500  loss: 0.2006  time 1.30s
  warnings.warn(
/home/karimimonsefi.1/SSL_VAN/BRATS21/trainer.py:74: UserWarning: Epoch 353/1000 2/500  loss: 0.1927  time 1.33s
  warnings.warn(
/home/karimimonsefi.1/SSL_VAN/BRATS21/trainer.py:74: UserWarning: Epoch 353/1000 3/500  loss: 0.2499  time 1.29s
  warnings.warn(
/home/karimimonsefi.1/SSL_VAN/BRATS21/trainer.py:74: UserWarning: Epoch 353/1000 4/500  loss: 0.2269  time 1.31s
  warnings.warn(
/home/karimimonsefi.1/SSL_VAN/BRATS21/trainer.py:74: UserWarning: Epoch 353/1000 5/500  loss: 0.2654  time 1.31s
  warnings.warn(
/home/karimimonsefi.1/SSL_VAN/BRATS21/trainer.py:74: UserWarning: Epoch 353/1000 6/500  loss: 0.2634  time 1.31s
  warnings.warn(
/home/karimimonsefi.1/SSL_VAN/BRATS21/trainer.py:74: UserWarning: Epoch 353/1000 7/500  loss: 0.2675  time 1.27s
  warnings.warn(
/home/karimimonsefi.1/SSL_VAN/BRATS21/trainer.py:74: UserWarning: Epoch 353/1000 8/500  loss: 0.2752  time 1.27s
  warnings.warn(
/home/karimimonsefi.1/SSL_VAN/BRATS21/trainer.py:74: UserWarning: Epoch 353/1000 9/500  loss: 0.2713  time 1.28s
  warnings.warn(
/home/karimimonsefi.1/SSL_VAN/BRATS21/trainer.py:74: UserWarning: Epoch 353/1000 10/500  loss: 0.2660  time 1.27s
  warnings.warn(
/home/karimimonsefi.1/SSL_VAN/BRATS21/trainer.py:74: UserWarning: Epoch 353/1000 11/500  loss: 0.2587  time 1.25s
  warnings.warn(
/home/karimimonsefi.1/SSL_VAN/BRATS21/trainer.py:74: UserWarning: Epoch 353/1000 12/500  loss: 0.2758  time 1.27s
  warnings.warn(
/home/karimimonsefi.1/SSL_VAN/BRATS21/trainer.py:74: UserWarning: Epoch 353/1000 13/500  loss: 0.2773  time 1.28s
  warnings.warn(
/home/karimimonsefi.1/SSL_VAN/BRATS21/trainer.py:74: UserWarning: Epoch 353/1000 14/500  loss: 0.2616  time 1.28s
  warnings.warn(
/home/karimimonsefi.1/SSL_VAN/BRATS21/trainer.py:74: UserWarning: Epoch 353/1000 15/500  loss: 0.2684  time 1.27s
  warnings.warn(
/home/karimimonsefi.1/SSL_VAN/BRATS21/trainer.py:74: UserWarning: Epoch 353/1000 16/500  loss: 0.2623  time 1.24s
  warnings.warn(
/home/karimimonsefi.1/SSL_VAN/BRATS21/trainer.py:74: UserWarning: Epoch 353/1000 17/500  loss: 0.2606  time 1.25s
  warnings.warn(
/home/karimimonsefi.1/SSL_VAN/BRATS21/trainer.py:74: UserWarning: Epoch 353/1000 18/500  loss: 0.2766  time 1.25s
  warnings.warn(
/home/karimimonsefi.1/SSL_VAN/BRATS21/trainer.py:74: UserWarning: Epoch 353/1000 19/500  loss: 0.2718  time 1.29s
  warnings.warn(
/home/karimimonsefi.1/SSL_VAN/BRATS21/trainer.py:74: UserWarning: Epoch 353/1000 20/500  loss: 0.2678  time 1.28s
  warnings.warn(
/home/karimimonsefi.1/SSL_VAN/BRATS21/trainer.py:74: UserWarning: Epoch 353/1000 21/500  loss: 0.2597  time 1.24s
  warnings.warn(
/home/karimimonsefi.1/SSL_VAN/BRATS21/trainer.py:74: UserWarning: Epoch 353/1000 22/500  loss: 0.2546  time 1.29s
  warnings.warn(
/home/karimimonsefi.1/SSL_VAN/BRATS21/trainer.py:74: UserWarning: Epoch 353/1000 23/500  loss: 0.2522  time 1.29s
  warnings.warn(
/home/karimimonsefi.1/SSL_VAN/BRATS21/trainer.py:74: UserWarning: Epoch 353/1000 24/500  loss: 0.2495  time 1.30s
  warnings.warn(
/home/karimimonsefi.1/SSL_VAN/BRATS21/trainer.py:74: UserWarning: Epoch 353/1000 25/500  loss: 0.2577  time 1.25s
  warnings.warn(
/home/karimimonsefi.1/SSL_VAN/BRATS21/trainer.py:74: UserWarning: Epoch 353/1000 26/500  loss: 0.2536  time 1.25s
  warnings.warn(
/home/karimimonsefi.1/SSL_VAN/BRATS21/trainer.py:74: UserWarning: Epoch 353/1000 27/500  loss: 0.2531  time 1.25s
  warnings.warn(
/home/karimimonsefi.1/SSL_VAN/BRATS21/trainer.py:74: UserWarning: Epoch 353/1000 28/500  loss: 0.2492  time 1.25s
  warnings.warn(
/home/karimimonsefi.1/SSL_VAN/BRATS21/trainer.py:74: UserWarning: Epoch 353/1000 29/500  loss: 0.2537  time 1.25s
  warnings.warn(
/home/karimimonsefi.1/SSL_VAN/BRATS21/trainer.py:74: UserWarning: Epoch 353/1000 30/500  loss: 0.2506  time 1.28s
  warnings.warn(
/home/karimimonsefi.1/SSL_VAN/BRATS21/trainer.py:74: UserWarning: Epoch 353/1000 31/500  loss: 0.2495  time 1.25s
  warnings.warn(
/home/karimimonsefi.1/SSL_VAN/BRATS21/trainer.py:74: UserWarning: Epoch 353/1000 32/500  loss: 0.2486  time 1.28s
  warnings.warn(
/home/karimimonsefi.1/SSL_VAN/BRATS21/trainer.py:74: UserWarning: Epoch 353/1000 33/500  loss: 0.2579  time 1.29s
  warnings.warn(
/home/karimimonsefi.1/SSL_VAN/BRATS21/trainer.py:74: UserWarning: Epoch 353/1000 34/500  loss: 0.2560  time 1.24s
  warnings.warn(
/home/karimimonsefi.1/SSL_VAN/BRATS21/trainer.py:74: UserWarning: Epoch 353/1000 35/500  loss: 0.2521  time 1.29s
  warnings.warn(
/home/karimimonsefi.1/SSL_VAN/BRATS21/trainer.py:74: UserWarning: Epoch 353/1000 36/500  loss: 0.2553  time 1.26s
  warnings.warn(
/home/karimimonsefi.1/SSL_VAN/BRATS21/trainer.py:74: UserWarning: Epoch 353/1000 37/500  loss: 0.2645  time 1.25s
  warnings.warn(
/home/karimimonsefi.1/SSL_VAN/BRATS21/trainer.py:74: UserWarning: Epoch 353/1000 38/500  loss: 0.2686  time 1.25s
  warnings.warn(
/home/karimimonsefi.1/SSL_VAN/BRATS21/trainer.py:74: UserWarning: Epoch 353/1000 39/500  loss: 0.2669  time 1.29s
  warnings.warn(
/home/karimimonsefi.1/SSL_VAN/BRATS21/trainer.py:74: UserWarning: Epoch 353/1000 40/500  loss: 0.2642  time 1.27s
  warnings.warn(
/home/karimimonsefi.1/SSL_VAN/BRATS21/trainer.py:74: UserWarning: Epoch 353/1000 41/500  loss: 0.2657  time 1.28s
  warnings.warn(
/home/karimimonsefi.1/SSL_VAN/BRATS21/trainer.py:74: UserWarning: Epoch 353/1000 42/500  loss: 0.2637  time 1.26s
  warnings.warn(
/home/karimimonsefi.1/SSL_VAN/BRATS21/trainer.py:74: UserWarning: Epoch 353/1000 43/500  loss: 0.2611  time 1.25s
  warnings.warn(
/home/karimimonsefi.1/SSL_VAN/BRATS21/trainer.py:74: UserWarning: Epoch 353/1000 44/500  loss: 0.2619  time 1.27s
  warnings.warn(
/home/karimimonsefi.1/SSL_VAN/BRATS21/trainer.py:74: UserWarning: Epoch 353/1000 45/500  loss: 0.2603  time 1.28s
  warnings.warn(
/home/karimimonsefi.1/SSL_VAN/BRATS21/trainer.py:74: UserWarning: Epoch 353/1000 46/500  loss: 0.2607  time 1.38s
  warnings.warn(
/home/karimimonsefi.1/SSL_VAN/BRATS21/trainer.py:74: UserWarning: Epoch 353/1000 47/500  loss: 0.2625  time 1.28s
  warnings.warn(
/home/karimimonsefi.1/SSL_VAN/BRATS21/trainer.py:74: UserWarning: Epoch 353/1000 48/500  loss: 0.2611  time 1.31s
  warnings.warn(
/home/karimimonsefi.1/SSL_VAN/BRATS21/trainer.py:74: UserWarning: Epoch 353/1000 49/500  loss: 0.2606  time 1.33s
  warnings.warn(
/home/karimimonsefi.1/SSL_VAN/BRATS21/trainer.py:74: UserWarning: Epoch 353/1000 50/500  loss: 0.2577  time 1.25s
  warnings.warn(
/home/karimimonsefi.1/SSL_VAN/BRATS21/trainer.py:74: UserWarning: Epoch 353/1000 51/500  loss: 0.2571  time 1.29s
  warnings.warn(
/home/karimimonsefi.1/SSL_VAN/BRATS21/trainer.py:74: UserWarning: Epoch 353/1000 52/500  loss: 0.2559  time 1.25s
  warnings.warn(
/home/karimimonsefi.1/SSL_VAN/BRATS21/trainer.py:74: UserWarning: Epoch 353/1000 53/500  loss: 0.2554  time 1.30s
  warnings.warn(
/home/karimimonsefi.1/SSL_VAN/BRATS21/trainer.py:74: UserWarning: Epoch 353/1000 54/500  loss: 0.2545  time 1.25s
  warnings.warn(
/home/karimimonsefi.1/SSL_VAN/BRATS21/trainer.py:74: UserWarning: Epoch 353/1000 55/500  loss: 0.2562  time 1.27s
  warnings.warn(
/home/karimimonsefi.1/SSL_VAN/BRATS21/trainer.py:74: UserWarning: Epoch 353/1000 56/500  loss: 0.2595  time 1.31s
  warnings.warn(
/home/karimimonsefi.1/SSL_VAN/BRATS21/trainer.py:74: UserWarning: Epoch 353/1000 57/500  loss: 0.2582  time 1.28s
  warnings.warn(
/home/karimimonsefi.1/SSL_VAN/BRATS21/trainer.py:74: UserWarning: Epoch 353/1000 58/500  loss: 0.2589  time 1.28s
  warnings.warn(
/home/karimimonsefi.1/SSL_VAN/BRATS21/trainer.py:74: UserWarning: Epoch 353/1000 59/500  loss: 0.2604  time 1.26s
  warnings.warn(
/home/karimimonsefi.1/SSL_VAN/BRATS21/trainer.py:74: UserWarning: Epoch 353/1000 60/500  loss: 0.2589  time 1.25s
  warnings.warn(
/home/karimimonsefi.1/SSL_VAN/BRATS21/trainer.py:74: UserWarning: Epoch 353/1000 61/500  loss: 0.2577  time 1.28s
  warnings.warn(
/home/karimimonsefi.1/SSL_VAN/BRATS21/trainer.py:74: UserWarning: Epoch 353/1000 62/500  loss: 0.2566  time 1.28s
  warnings.warn(
/home/karimimonsefi.1/SSL_VAN/BRATS21/trainer.py:74: UserWarning: Epoch 353/1000 63/500  loss: 0.2558  time 1.26s
  warnings.warn(
/home/karimimonsefi.1/SSL_VAN/BRATS21/trainer.py:74: UserWarning: Epoch 353/1000 64/500  loss: 0.2562  time 1.28s
  warnings.warn(
/home/karimimonsefi.1/SSL_VAN/BRATS21/trainer.py:74: UserWarning: Epoch 353/1000 65/500  loss: 0.2547  time 1.28s
  warnings.warn(
/home/karimimonsefi.1/SSL_VAN/BRATS21/trainer.py:74: UserWarning: Epoch 353/1000 66/500  loss: 0.2537  time 1.27s
  warnings.warn(
/home/karimimonsefi.1/SSL_VAN/BRATS21/trainer.py:74: UserWarning: Epoch 353/1000 67/500  loss: 0.2537  time 1.28s
  warnings.warn(
/home/karimimonsefi.1/SSL_VAN/BRATS21/trainer.py:74: UserWarning: Epoch 353/1000 68/500  loss: 0.2543  time 1.27s
  warnings.warn(
/home/karimimonsefi.1/SSL_VAN/BRATS21/trainer.py:74: UserWarning: Epoch 353/1000 69/500  loss: 0.2550  time 1.29s
  warnings.warn(
/home/karimimonsefi.1/SSL_VAN/BRATS21/trainer.py:74: UserWarning: Epoch 353/1000 70/500  loss: 0.2535  time 1.26s
  warnings.warn(
/home/karimimonsefi.1/SSL_VAN/BRATS21/trainer.py:74: UserWarning: Epoch 353/1000 71/500  loss: 0.2539  time 1.25s
  warnings.warn(
/home/karimimonsefi.1/SSL_VAN/BRATS21/trainer.py:74: UserWarning: Epoch 353/1000 72/500  loss: 0.2519  time 1.30s
  warnings.warn(
/home/karimimonsefi.1/SSL_VAN/BRATS21/trainer.py:74: UserWarning: Epoch 353/1000 73/500  loss: 0.2511  time 1.29s
  warnings.warn(
/home/karimimonsefi.1/SSL_VAN/BRATS21/trainer.py:74: UserWarning: Epoch 353/1000 74/500  loss: 0.2529  time 1.29s
  warnings.warn(
/home/karimimonsefi.1/SSL_VAN/BRATS21/trainer.py:74: UserWarning: Epoch 353/1000 75/500  loss: 0.2543  time 1.29s
  warnings.warn(
/home/karimimonsefi.1/SSL_VAN/BRATS21/trainer.py:74: UserWarning: Epoch 353/1000 76/500  loss: 0.2520  time 1.29s
  warnings.warn(
/home/karimimonsefi.1/SSL_VAN/BRATS21/trainer.py:74: UserWarning: Epoch 353/1000 77/500  loss: 0.2528  time 1.26s
  warnings.warn(
/home/karimimonsefi.1/SSL_VAN/BRATS21/trainer.py:74: UserWarning: Epoch 353/1000 78/500  loss: 0.2514  time 1.26s
  warnings.warn(
/home/karimimonsefi.1/SSL_VAN/BRATS21/trainer.py:74: UserWarning: Epoch 353/1000 79/500  loss: 0.2509  time 1.28s
  warnings.warn(
/home/karimimonsefi.1/SSL_VAN/BRATS21/trainer.py:74: UserWarning: Epoch 353/1000 80/500  loss: 0.2531  time 1.30s
  warnings.warn(
/home/karimimonsefi.1/SSL_VAN/BRATS21/trainer.py:74: UserWarning: Epoch 353/1000 81/500  loss: 0.2530  time 1.27s
  warnings.warn(
/home/karimimonsefi.1/SSL_VAN/BRATS21/trainer.py:74: UserWarning: Epoch 353/1000 82/500  loss: 0.2532  time 1.26s
  warnings.warn(
/home/karimimonsefi.1/SSL_VAN/BRATS21/trainer.py:74: UserWarning: Epoch 353/1000 83/500  loss: 0.2516  time 1.29s
  warnings.warn(
/home/karimimonsefi.1/SSL_VAN/BRATS21/trainer.py:74: UserWarning: Epoch 353/1000 84/500  loss: 0.2503  time 1.30s
  warnings.warn(
/home/karimimonsefi.1/SSL_VAN/BRATS21/trainer.py:74: UserWarning: Epoch 353/1000 85/500  loss: 0.2499  time 1.26s
  warnings.warn(
/home/karimimonsefi.1/SSL_VAN/BRATS21/trainer.py:74: UserWarning: Epoch 353/1000 86/500  loss: 0.2489  time 1.30s
  warnings.warn(
/home/karimimonsefi.1/SSL_VAN/BRATS21/trainer.py:74: UserWarning: Epoch 353/1000 87/500  loss: 0.2499  time 1.29s
  warnings.warn(
/home/karimimonsefi.1/SSL_VAN/BRATS21/trainer.py:74: UserWarning: Epoch 353/1000 88/500  loss: 0.2499  time 1.30s
  warnings.warn(
/home/karimimonsefi.1/SSL_VAN/BRATS21/trainer.py:74: UserWarning: Epoch 353/1000 89/500  loss: 0.2491  time 1.28s
  warnings.warn(
/home/karimimonsefi.1/SSL_VAN/BRATS21/trainer.py:74: UserWarning: Epoch 353/1000 90/500  loss: 0.2524  time 1.29s
  warnings.warn(
/home/karimimonsefi.1/SSL_VAN/BRATS21/trainer.py:74: UserWarning: Epoch 353/1000 91/500  loss: 0.2510  time 1.28s
  warnings.warn(
/home/karimimonsefi.1/SSL_VAN/BRATS21/trainer.py:74: UserWarning: Epoch 353/1000 92/500  loss: 0.2492  time 1.28s
  warnings.warn(
/home/karimimonsefi.1/SSL_VAN/BRATS21/trainer.py:74: UserWarning: Epoch 353/1000 93/500  loss: 0.2485  time 1.29s
  warnings.warn(
/home/karimimonsefi.1/SSL_VAN/BRATS21/trainer.py:74: UserWarning: Epoch 353/1000 94/500  loss: 0.2483  time 1.25s
  warnings.warn(
/home/karimimonsefi.1/SSL_VAN/BRATS21/trainer.py:74: UserWarning: Epoch 353/1000 95/500  loss: 0.2478  time 1.29s
  warnings.warn(
/home/karimimonsefi.1/SSL_VAN/BRATS21/trainer.py:74: UserWarning: Epoch 353/1000 96/500  loss: 0.2473  time 1.33s
  warnings.warn(
/home/karimimonsefi.1/SSL_VAN/BRATS21/trainer.py:74: UserWarning: Epoch 353/1000 97/500  loss: 0.2460  time 1.29s
  warnings.warn(
/home/karimimonsefi.1/SSL_VAN/BRATS21/trainer.py:74: UserWarning: Epoch 353/1000 98/500  loss: 0.2461  time 1.28s
  warnings.warn(
/home/karimimonsefi.1/SSL_VAN/BRATS21/trainer.py:74: UserWarning: Epoch 353/1000 99/500  loss: 0.2463  time 1.24s
  warnings.warn(
/home/karimimonsefi.1/SSL_VAN/BRATS21/trainer.py:74: UserWarning: Epoch 353/1000 100/500  loss: 0.2491  time 1.25s
  warnings.warn(
/home/karimimonsefi.1/SSL_VAN/BRATS21/trainer.py:74: UserWarning: Epoch 353/1000 101/500  loss: 0.2496  time 1.28s
  warnings.warn(
/home/karimimonsefi.1/SSL_VAN/BRATS21/trainer.py:74: UserWarning: Epoch 353/1000 102/500  loss: 0.2496  time 1.26s
  warnings.warn(
/home/karimimonsefi.1/SSL_VAN/BRATS21/trainer.py:74: UserWarning: Epoch 353/1000 103/500  loss: 0.2516  time 1.28s
  warnings.warn(
/home/karimimonsefi.1/SSL_VAN/BRATS21/trainer.py:74: UserWarning: Epoch 353/1000 104/500  loss: 0.2532  time 1.26s
  warnings.warn(
/home/karimimonsefi.1/SSL_VAN/BRATS21/trainer.py:74: UserWarning: Epoch 353/1000 105/500  loss: 0.2528  time 1.28s
  warnings.warn(
/home/karimimonsefi.1/SSL_VAN/BRATS21/trainer.py:74: UserWarning: Epoch 353/1000 106/500  loss: 0.2542  time 1.34s
  warnings.warn(
/home/karimimonsefi.1/SSL_VAN/BRATS21/trainer.py:74: UserWarning: Epoch 353/1000 107/500  loss: 0.2569  time 1.26s
  warnings.warn(
/home/karimimonsefi.1/SSL_VAN/BRATS21/trainer.py:74: UserWarning: Epoch 353/1000 108/500  loss: 0.2570  time 1.24s
  warnings.warn(
/home/karimimonsefi.1/SSL_VAN/BRATS21/trainer.py:74: UserWarning: Epoch 353/1000 109/500  loss: 0.2574  time 1.29s
  warnings.warn(
/home/karimimonsefi.1/SSL_VAN/BRATS21/trainer.py:74: UserWarning: Epoch 353/1000 110/500  loss: 0.2577  time 1.29s
  warnings.warn(
/home/karimimonsefi.1/SSL_VAN/BRATS21/trainer.py:74: UserWarning: Epoch 353/1000 111/500  loss: 0.2623  time 1.26s
  warnings.warn(
/home/karimimonsefi.1/SSL_VAN/BRATS21/trainer.py:74: UserWarning: Epoch 353/1000 112/500  loss: 0.2621  time 1.25s
  warnings.warn(
/home/karimimonsefi.1/SSL_VAN/BRATS21/trainer.py:74: UserWarning: Epoch 353/1000 113/500  loss: 0.2614  time 1.28s
  warnings.warn(
/home/karimimonsefi.1/SSL_VAN/BRATS21/trainer.py:74: UserWarning: Epoch 353/1000 114/500  loss: 0.2605  time 1.28s
  warnings.warn(
/home/karimimonsefi.1/SSL_VAN/BRATS21/trainer.py:74: UserWarning: Epoch 353/1000 115/500  loss: 0.2599  time 1.28s
  warnings.warn(
/home/karimimonsefi.1/SSL_VAN/BRATS21/trainer.py:74: UserWarning: Epoch 353/1000 116/500  loss: 0.2596  time 1.28s
  warnings.warn(
/home/karimimonsefi.1/SSL_VAN/BRATS21/trainer.py:74: UserWarning: Epoch 353/1000 117/500  loss: 0.2599  time 1.28s
  warnings.warn(
/home/karimimonsefi.1/SSL_VAN/BRATS21/trainer.py:74: UserWarning: Epoch 353/1000 118/500  loss: 0.2596  time 1.26s
  warnings.warn(
/home/karimimonsefi.1/SSL_VAN/BRATS21/trainer.py:74: UserWarning: Epoch 353/1000 119/500  loss: 0.2591  time 1.28s
  warnings.warn(
/home/karimimonsefi.1/SSL_VAN/BRATS21/trainer.py:74: UserWarning: Epoch 353/1000 120/500  loss: 0.2593  time 1.30s
  warnings.warn(
/home/karimimonsefi.1/SSL_VAN/BRATS21/trainer.py:74: UserWarning: Epoch 353/1000 121/500  loss: 0.2587  time 1.28s
  warnings.warn(
/home/karimimonsefi.1/SSL_VAN/BRATS21/trainer.py:74: UserWarning: Epoch 353/1000 122/500  loss: 0.2576  time 1.28s
  warnings.warn(
/home/karimimonsefi.1/SSL_VAN/BRATS21/trainer.py:74: UserWarning: Epoch 353/1000 123/500  loss: 0.2580  time 1.28s
  warnings.warn(
/home/karimimonsefi.1/SSL_VAN/BRATS21/trainer.py:74: UserWarning: Epoch 353/1000 124/500  loss: 0.2582  time 1.29s
  warnings.warn(
/home/karimimonsefi.1/SSL_VAN/BRATS21/trainer.py:74: UserWarning: Epoch 353/1000 125/500  loss: 0.2579  time 1.29s
  warnings.warn(
/home/karimimonsefi.1/SSL_VAN/BRATS21/trainer.py:74: UserWarning: Epoch 353/1000 126/500  loss: 0.2568  time 1.29s
  warnings.warn(
/home/karimimonsefi.1/SSL_VAN/BRATS21/trainer.py:74: UserWarning: Epoch 353/1000 127/500  loss: 0.2566  time 1.26s
  warnings.warn(
/home/karimimonsefi.1/SSL_VAN/BRATS21/trainer.py:74: UserWarning: Epoch 353/1000 128/500  loss: 0.2570  time 1.25s
  warnings.warn(
/home/karimimonsefi.1/SSL_VAN/BRATS21/trainer.py:74: UserWarning: Epoch 353/1000 129/500  loss: 0.2571  time 1.28s
  warnings.warn(
/home/karimimonsefi.1/SSL_VAN/BRATS21/trainer.py:74: UserWarning: Epoch 353/1000 130/500  loss: 0.2580  time 1.25s
  warnings.warn(
/home/karimimonsefi.1/SSL_VAN/BRATS21/trainer.py:74: UserWarning: Epoch 353/1000 131/500  loss: 0.2574  time 1.28s
  warnings.warn(
/home/karimimonsefi.1/SSL_VAN/BRATS21/trainer.py:74: UserWarning: Epoch 353/1000 132/500  loss: 0.2567  time 1.25s
  warnings.warn(
/home/karimimonsefi.1/SSL_VAN/BRATS21/trainer.py:74: UserWarning: Epoch 353/1000 133/500  loss: 0.2569  time 1.25s
  warnings.warn(
/home/karimimonsefi.1/SSL_VAN/BRATS21/trainer.py:74: UserWarning: Epoch 353/1000 134/500  loss: 0.2556  time 1.25s
  warnings.warn(
/home/karimimonsefi.1/SSL_VAN/BRATS21/trainer.py:74: UserWarning: Epoch 353/1000 135/500  loss: 0.2552  time 1.28s
  warnings.warn(
/home/karimimonsefi.1/SSL_VAN/BRATS21/trainer.py:74: UserWarning: Epoch 353/1000 136/500  loss: 0.2547  time 1.30s
  warnings.warn(
/home/karimimonsefi.1/SSL_VAN/BRATS21/trainer.py:74: UserWarning: Epoch 353/1000 137/500  loss: 0.2545  time 1.12s
  warnings.warn(
/home/karimimonsefi.1/SSL_VAN/BRATS21/trainer.py:74: UserWarning: Epoch 353/1000 138/500  loss: 0.2544  time 1.29s
  warnings.warn(
/home/karimimonsefi.1/SSL_VAN/BRATS21/trainer.py:74: UserWarning: Epoch 353/1000 139/500  loss: 0.2531  time 1.28s
  warnings.warn(
/home/karimimonsefi.1/SSL_VAN/BRATS21/trainer.py:74: UserWarning: Epoch 353/1000 140/500  loss: 0.2533  time 1.25s
  warnings.warn(
/home/karimimonsefi.1/SSL_VAN/BRATS21/trainer.py:74: UserWarning: Epoch 353/1000 141/500  loss: 0.2553  time 1.30s
  warnings.warn(
/home/karimimonsefi.1/SSL_VAN/BRATS21/trainer.py:74: UserWarning: Epoch 353/1000 142/500  loss: 0.2551  time 1.26s
  warnings.warn(
/home/karimimonsefi.1/SSL_VAN/BRATS21/trainer.py:74: UserWarning: Epoch 353/1000 143/500  loss: 0.2552  time 1.28s
  warnings.warn(
/home/karimimonsefi.1/SSL_VAN/BRATS21/trainer.py:74: UserWarning: Epoch 353/1000 144/500  loss: 0.2552  time 1.30s
  warnings.warn(
/home/karimimonsefi.1/SSL_VAN/BRATS21/trainer.py:74: UserWarning: Epoch 353/1000 145/500  loss: 0.2537  time 1.28s
  warnings.warn(
/home/karimimonsefi.1/SSL_VAN/BRATS21/trainer.py:74: UserWarning: Epoch 353/1000 146/500  loss: 0.2531  time 1.28s
  warnings.warn(
/home/karimimonsefi.1/SSL_VAN/BRATS21/trainer.py:74: UserWarning: Epoch 353/1000 147/500  loss: 0.2535  time 1.28s
  warnings.warn(
/home/karimimonsefi.1/SSL_VAN/BRATS21/trainer.py:74: UserWarning: Epoch 353/1000 148/500  loss: 0.2532  time 1.37s
  warnings.warn(
/home/karimimonsefi.1/SSL_VAN/BRATS21/trainer.py:74: UserWarning: Epoch 353/1000 149/500  loss: 0.2543  time 1.29s
  warnings.warn(
/home/karimimonsefi.1/SSL_VAN/BRATS21/trainer.py:74: UserWarning: Epoch 353/1000 150/500  loss: 0.2550  time 1.24s
  warnings.warn(
/home/karimimonsefi.1/SSL_VAN/BRATS21/trainer.py:74: UserWarning: Epoch 353/1000 151/500  loss: 0.2556  time 1.28s
  warnings.warn(
/home/karimimonsefi.1/SSL_VAN/BRATS21/trainer.py:74: UserWarning: Epoch 353/1000 152/500  loss: 0.2553  time 1.29s
  warnings.warn(
/home/karimimonsefi.1/SSL_VAN/BRATS21/trainer.py:74: UserWarning: Epoch 353/1000 153/500  loss: 0.2553  time 1.29s
  warnings.warn(
/home/karimimonsefi.1/SSL_VAN/BRATS21/trainer.py:74: UserWarning: Epoch 353/1000 154/500  loss: 0.2551  time 1.30s
  warnings.warn(
/home/karimimonsefi.1/SSL_VAN/BRATS21/trainer.py:74: UserWarning: Epoch 353/1000 155/500  loss: 0.2553  time 1.27s
  warnings.warn(
/home/karimimonsefi.1/SSL_VAN/BRATS21/trainer.py:74: UserWarning: Epoch 353/1000 156/500  loss: 0.2543  time 1.26s
  warnings.warn(
/home/karimimonsefi.1/SSL_VAN/BRATS21/trainer.py:74: UserWarning: Epoch 353/1000 157/500  loss: 0.2545  time 1.26s
  warnings.warn(
/home/karimimonsefi.1/SSL_VAN/BRATS21/trainer.py:74: UserWarning: Epoch 353/1000 158/500  loss: 0.2556  time 1.30s
  warnings.warn(
/home/karimimonsefi.1/SSL_VAN/BRATS21/trainer.py:74: UserWarning: Epoch 353/1000 159/500  loss: 0.2544  time 1.27s
  warnings.warn(
/home/karimimonsefi.1/SSL_VAN/BRATS21/trainer.py:74: UserWarning: Epoch 353/1000 160/500  loss: 0.2554  time 1.26s
  warnings.warn(
/home/karimimonsefi.1/SSL_VAN/BRATS21/trainer.py:74: UserWarning: Epoch 353/1000 161/500  loss: 0.2556  time 1.26s
  warnings.warn(
/home/karimimonsefi.1/SSL_VAN/BRATS21/trainer.py:74: UserWarning: Epoch 353/1000 162/500  loss: 0.2562  time 1.26s
  warnings.warn(
/home/karimimonsefi.1/SSL_VAN/BRATS21/trainer.py:74: UserWarning: Epoch 353/1000 163/500  loss: 0.2566  time 1.29s
  warnings.warn(
/home/karimimonsefi.1/SSL_VAN/BRATS21/trainer.py:74: UserWarning: Epoch 353/1000 164/500  loss: 0.2566  time 1.30s
  warnings.warn(
/home/karimimonsefi.1/SSL_VAN/BRATS21/trainer.py:74: UserWarning: Epoch 353/1000 165/500  loss: 0.2563  time 1.31s
  warnings.warn(
/home/karimimonsefi.1/SSL_VAN/BRATS21/trainer.py:74: UserWarning: Epoch 353/1000 166/500  loss: 0.2557  time 1.30s
  warnings.warn(
/home/karimimonsefi.1/SSL_VAN/BRATS21/trainer.py:74: UserWarning: Epoch 353/1000 167/500  loss: 0.2553  time 1.30s
  warnings.warn(
/home/karimimonsefi.1/SSL_VAN/BRATS21/trainer.py:74: UserWarning: Epoch 353/1000 168/500  loss: 0.2546  time 1.25s
  warnings.warn(
/home/karimimonsefi.1/SSL_VAN/BRATS21/trainer.py:74: UserWarning: Epoch 353/1000 169/500  loss: 0.2551  time 1.27s
  warnings.warn(
/home/karimimonsefi.1/SSL_VAN/BRATS21/trainer.py:74: UserWarning: Epoch 353/1000 170/500  loss: 0.2542  time 1.26s
  warnings.warn(
/home/karimimonsefi.1/SSL_VAN/BRATS21/trainer.py:74: UserWarning: Epoch 353/1000 171/500  loss: 0.2546  time 1.30s
  warnings.warn(
/home/karimimonsefi.1/SSL_VAN/BRATS21/trainer.py:74: UserWarning: Epoch 353/1000 172/500  loss: 0.2539  time 1.29s
  warnings.warn(
/home/karimimonsefi.1/SSL_VAN/BRATS21/trainer.py:74: UserWarning: Epoch 353/1000 173/500  loss: 0.2538  time 1.30s
  warnings.warn(
/home/karimimonsefi.1/SSL_VAN/BRATS21/trainer.py:74: UserWarning: Epoch 353/1000 174/500  loss: 0.2540  time 1.25s
  warnings.warn(
/home/karimimonsefi.1/SSL_VAN/BRATS21/trainer.py:74: UserWarning: Epoch 353/1000 175/500  loss: 0.2555  time 1.29s
  warnings.warn(
/home/karimimonsefi.1/SSL_VAN/BRATS21/trainer.py:74: UserWarning: Epoch 353/1000 176/500  loss: 0.2559  time 1.30s
  warnings.warn(
/home/karimimonsefi.1/SSL_VAN/BRATS21/trainer.py:74: UserWarning: Epoch 353/1000 177/500  loss: 0.2570  time 1.28s
  warnings.warn(
/home/karimimonsefi.1/SSL_VAN/BRATS21/trainer.py:74: UserWarning: Epoch 353/1000 178/500  loss: 0.2566  time 1.29s
  warnings.warn(
/home/karimimonsefi.1/SSL_VAN/BRATS21/trainer.py:74: UserWarning: Epoch 353/1000 179/500  loss: 0.2572  time 1.28s
  warnings.warn(
/home/karimimonsefi.1/SSL_VAN/BRATS21/trainer.py:74: UserWarning: Epoch 353/1000 180/500  loss: 0.2565  time 1.27s
  warnings.warn(
/home/karimimonsefi.1/SSL_VAN/BRATS21/trainer.py:74: UserWarning: Epoch 353/1000 181/500  loss: 0.2568  time 1.27s
  warnings.warn(
/home/karimimonsefi.1/SSL_VAN/BRATS21/trainer.py:74: UserWarning: Epoch 353/1000 182/500  loss: 0.2557  time 1.29s
  warnings.warn(
/home/karimimonsefi.1/SSL_VAN/BRATS21/trainer.py:74: UserWarning: Epoch 353/1000 183/500  loss: 0.2560  time 1.29s
  warnings.warn(
/home/karimimonsefi.1/SSL_VAN/BRATS21/trainer.py:74: UserWarning: Epoch 353/1000 184/500  loss: 0.2574  time 1.30s
  warnings.warn(
/home/karimimonsefi.1/SSL_VAN/BRATS21/trainer.py:74: UserWarning: Epoch 353/1000 185/500  loss: 0.2572  time 1.30s
  warnings.warn(
/home/karimimonsefi.1/SSL_VAN/BRATS21/trainer.py:74: UserWarning: Epoch 353/1000 186/500  loss: 0.2566  time 1.27s
  warnings.warn(
/home/karimimonsefi.1/SSL_VAN/BRATS21/trainer.py:74: UserWarning: Epoch 353/1000 187/500  loss: 0.2566  time 1.28s
  warnings.warn(
/home/karimimonsefi.1/SSL_VAN/BRATS21/trainer.py:74: UserWarning: Epoch 353/1000 188/500  loss: 0.2560  time 1.29s
  warnings.warn(
/home/karimimonsefi.1/SSL_VAN/BRATS21/trainer.py:74: UserWarning: Epoch 353/1000 189/500  loss: 0.2551  time 1.27s
  warnings.warn(
/home/karimimonsefi.1/SSL_VAN/BRATS21/trainer.py:74: UserWarning: Epoch 353/1000 190/500  loss: 0.2558  time 1.28s
  warnings.warn(
/home/karimimonsefi.1/SSL_VAN/BRATS21/trainer.py:74: UserWarning: Epoch 353/1000 191/500  loss: 0.2561  time 1.28s
  warnings.warn(
/home/karimimonsefi.1/SSL_VAN/BRATS21/trainer.py:74: UserWarning: Epoch 353/1000 192/500  loss: 0.2562  time 1.25s
  warnings.warn(
/home/karimimonsefi.1/SSL_VAN/BRATS21/trainer.py:74: UserWarning: Epoch 353/1000 193/500  loss: 0.2566  time 1.25s
  warnings.warn(
/home/karimimonsefi.1/SSL_VAN/BRATS21/trainer.py:74: UserWarning: Epoch 353/1000 194/500  loss: 0.2570  time 1.28s
  warnings.warn(
/home/karimimonsefi.1/SSL_VAN/BRATS21/trainer.py:74: UserWarning: Epoch 353/1000 195/500  loss: 0.2565  time 1.28s
  warnings.warn(
/home/karimimonsefi.1/SSL_VAN/BRATS21/trainer.py:74: UserWarning: Epoch 353/1000 196/500  loss: 0.2559  time 1.28s
  warnings.warn(
/home/karimimonsefi.1/SSL_VAN/BRATS21/trainer.py:74: UserWarning: Epoch 353/1000 197/500  loss: 0.2566  time 1.36s
  warnings.warn(
/home/karimimonsefi.1/SSL_VAN/BRATS21/trainer.py:74: UserWarning: Epoch 353/1000 198/500  loss: 0.2562  time 1.25s
  warnings.warn(
/home/karimimonsefi.1/SSL_VAN/BRATS21/trainer.py:74: UserWarning: Epoch 353/1000 199/500  loss: 0.2568  time 1.28s
  warnings.warn(
/home/karimimonsefi.1/SSL_VAN/BRATS21/trainer.py:74: UserWarning: Epoch 353/1000 200/500  loss: 0.2569  time 1.25s
  warnings.warn(
/home/karimimonsefi.1/SSL_VAN/BRATS21/trainer.py:74: UserWarning: Epoch 353/1000 201/500  loss: 0.2564  time 1.28s
  warnings.warn(
/home/karimimonsefi.1/SSL_VAN/BRATS21/trainer.py:74: UserWarning: Epoch 353/1000 202/500  loss: 0.2567  time 1.28s
  warnings.warn(
/home/karimimonsefi.1/SSL_VAN/BRATS21/trainer.py:74: UserWarning: Epoch 353/1000 203/500  loss: 0.2572  time 1.29s
  warnings.warn(
/home/karimimonsefi.1/SSL_VAN/BRATS21/trainer.py:74: UserWarning: Epoch 353/1000 204/500  loss: 0.2580  time 1.26s
  warnings.warn(
/home/karimimonsefi.1/SSL_VAN/BRATS21/trainer.py:74: UserWarning: Epoch 353/1000 205/500  loss: 0.2574  time 1.26s
  warnings.warn(
/home/karimimonsefi.1/SSL_VAN/BRATS21/trainer.py:74: UserWarning: Epoch 353/1000 206/500  loss: 0.2572  time 1.29s
  warnings.warn(
/home/karimimonsefi.1/SSL_VAN/BRATS21/trainer.py:74: UserWarning: Epoch 353/1000 207/500  loss: 0.2577  time 1.25s
  warnings.warn(
/home/karimimonsefi.1/SSL_VAN/BRATS21/trainer.py:74: UserWarning: Epoch 353/1000 208/500  loss: 0.2577  time 1.29s
  warnings.warn(
/home/karimimonsefi.1/SSL_VAN/BRATS21/trainer.py:74: UserWarning: Epoch 353/1000 209/500  loss: 0.2586  time 1.26s
  warnings.warn(
/home/karimimonsefi.1/SSL_VAN/BRATS21/trainer.py:74: UserWarning: Epoch 353/1000 210/500  loss: 0.2591  time 1.26s
  warnings.warn(
/home/karimimonsefi.1/SSL_VAN/BRATS21/trainer.py:74: UserWarning: Epoch 353/1000 211/500  loss: 0.2583  time 1.25s
  warnings.warn(
/home/karimimonsefi.1/SSL_VAN/BRATS21/trainer.py:74: UserWarning: Epoch 353/1000 212/500  loss: 0.2587  time 1.28s
  warnings.warn(
/home/karimimonsefi.1/SSL_VAN/BRATS21/trainer.py:74: UserWarning: Epoch 353/1000 213/500  loss: 0.2578  time 1.25s
  warnings.warn(
/home/karimimonsefi.1/SSL_VAN/BRATS21/trainer.py:74: UserWarning: Epoch 353/1000 214/500  loss: 0.2569  time 1.26s
  warnings.warn(
/home/karimimonsefi.1/SSL_VAN/BRATS21/trainer.py:74: UserWarning: Epoch 353/1000 215/500  loss: 0.2569  time 1.28s
  warnings.warn(
/home/karimimonsefi.1/SSL_VAN/BRATS21/trainer.py:74: UserWarning: Epoch 353/1000 216/500  loss: 0.2566  time 1.25s
  warnings.warn(
/home/karimimonsefi.1/SSL_VAN/BRATS21/trainer.py:74: UserWarning: Epoch 353/1000 217/500  loss: 0.2560  time 1.25s
  warnings.warn(
/home/karimimonsefi.1/SSL_VAN/BRATS21/trainer.py:74: UserWarning: Epoch 353/1000 218/500  loss: 0.2557  time 1.28s
  warnings.warn(
/home/karimimonsefi.1/SSL_VAN/BRATS21/trainer.py:74: UserWarning: Epoch 353/1000 219/500  loss: 0.2559  time 1.29s
  warnings.warn(
/home/karimimonsefi.1/SSL_VAN/BRATS21/trainer.py:74: UserWarning: Epoch 353/1000 220/500  loss: 0.2558  time 1.28s
  warnings.warn(
/home/karimimonsefi.1/SSL_VAN/BRATS21/trainer.py:74: UserWarning: Epoch 353/1000 221/500  loss: 0.2557  time 1.27s
  warnings.warn(
/home/karimimonsefi.1/SSL_VAN/BRATS21/trainer.py:74: UserWarning: Epoch 353/1000 222/500  loss: 0.2556  time 1.37s
  warnings.warn(
/home/karimimonsefi.1/SSL_VAN/BRATS21/trainer.py:74: UserWarning: Epoch 353/1000 223/500  loss: 0.2560  time 1.29s
  warnings.warn(
/home/karimimonsefi.1/SSL_VAN/BRATS21/trainer.py:74: UserWarning: Epoch 353/1000 224/500  loss: 0.2568  time 1.28s
  warnings.warn(
/home/karimimonsefi.1/SSL_VAN/BRATS21/trainer.py:74: UserWarning: Epoch 353/1000 225/500  loss: 0.2568  time 1.28s
  warnings.warn(
/home/karimimonsefi.1/SSL_VAN/BRATS21/trainer.py:74: UserWarning: Epoch 353/1000 226/500  loss: 0.2565  time 1.29s
  warnings.warn(
/home/karimimonsefi.1/SSL_VAN/BRATS21/trainer.py:74: UserWarning: Epoch 353/1000 227/500  loss: 0.2565  time 1.28s
  warnings.warn(
/home/karimimonsefi.1/SSL_VAN/BRATS21/trainer.py:74: UserWarning: Epoch 353/1000 228/500  loss: 0.2567  time 1.28s
  warnings.warn(
/home/karimimonsefi.1/SSL_VAN/BRATS21/trainer.py:74: UserWarning: Epoch 353/1000 229/500  loss: 0.2559  time 1.25s
  warnings.warn(
/home/karimimonsefi.1/SSL_VAN/BRATS21/trainer.py:74: UserWarning: Epoch 353/1000 230/500  loss: 0.2555  time 1.27s
  warnings.warn(
/home/karimimonsefi.1/SSL_VAN/BRATS21/trainer.py:74: UserWarning: Epoch 353/1000 231/500  loss: 0.2558  time 1.28s
  warnings.warn(
/home/karimimonsefi.1/SSL_VAN/BRATS21/trainer.py:74: UserWarning: Epoch 353/1000 232/500  loss: 0.2563  time 1.24s
  warnings.warn(
/home/karimimonsefi.1/SSL_VAN/BRATS21/trainer.py:74: UserWarning: Epoch 353/1000 233/500  loss: 0.2572  time 1.31s
  warnings.warn(
/home/karimimonsefi.1/SSL_VAN/BRATS21/trainer.py:74: UserWarning: Epoch 353/1000 234/500  loss: 0.2569  time 1.28s
  warnings.warn(
/home/karimimonsefi.1/SSL_VAN/BRATS21/trainer.py:74: UserWarning: Epoch 353/1000 235/500  loss: 0.2577  time 1.28s
  warnings.warn(
/home/karimimonsefi.1/SSL_VAN/BRATS21/trainer.py:74: UserWarning: Epoch 353/1000 236/500  loss: 0.2580  time 1.29s
  warnings.warn(
/home/karimimonsefi.1/SSL_VAN/BRATS21/trainer.py:74: UserWarning: Epoch 353/1000 237/500  loss: 0.2580  time 1.28s
  warnings.warn(
/home/karimimonsefi.1/SSL_VAN/BRATS21/trainer.py:74: UserWarning: Epoch 353/1000 238/500  loss: 0.2582  time 1.28s
  warnings.warn(
/home/karimimonsefi.1/SSL_VAN/BRATS21/trainer.py:74: UserWarning: Epoch 353/1000 239/500  loss: 0.2580  time 1.29s
  warnings.warn(
/home/karimimonsefi.1/SSL_VAN/BRATS21/trainer.py:74: UserWarning: Epoch 353/1000 240/500  loss: 0.2579  time 1.30s
  warnings.warn(
/home/karimimonsefi.1/SSL_VAN/BRATS21/trainer.py:74: UserWarning: Epoch 353/1000 241/500  loss: 0.2583  time 1.28s
  warnings.warn(
/home/karimimonsefi.1/SSL_VAN/BRATS21/trainer.py:74: UserWarning: Epoch 353/1000 242/500  loss: 0.2579  time 1.27s
  warnings.warn(
/home/karimimonsefi.1/SSL_VAN/BRATS21/trainer.py:74: UserWarning: Epoch 353/1000 243/500  loss: 0.2578  time 1.29s
  warnings.warn(
/home/karimimonsefi.1/SSL_VAN/BRATS21/trainer.py:74: UserWarning: Epoch 353/1000 244/500  loss: 0.2587  time 1.33s
  warnings.warn(
/home/karimimonsefi.1/SSL_VAN/BRATS21/trainer.py:74: UserWarning: Epoch 353/1000 245/500  loss: 0.2592  time 1.30s
  warnings.warn(
/home/karimimonsefi.1/SSL_VAN/BRATS21/trainer.py:74: UserWarning: Epoch 353/1000 246/500  loss: 0.2593  time 1.29s
  warnings.warn(
/home/karimimonsefi.1/SSL_VAN/BRATS21/trainer.py:74: UserWarning: Epoch 353/1000 247/500  loss: 0.2588  time 1.29s
  warnings.warn(
/home/karimimonsefi.1/SSL_VAN/BRATS21/trainer.py:74: UserWarning: Epoch 353/1000 248/500  loss: 0.2587  time 1.27s
  warnings.warn(
/home/karimimonsefi.1/SSL_VAN/BRATS21/trainer.py:74: UserWarning: Epoch 353/1000 249/500  loss: 0.2582  time 1.28s
  warnings.warn(
/home/karimimonsefi.1/SSL_VAN/BRATS21/trainer.py:74: UserWarning: Epoch 353/1000 250/500  loss: 0.2576  time 1.28s
  warnings.warn(
/home/karimimonsefi.1/SSL_VAN/BRATS21/trainer.py:74: UserWarning: Epoch 353/1000 251/500  loss: 0.2582  time 1.28s
  warnings.warn(
/home/karimimonsefi.1/SSL_VAN/BRATS21/trainer.py:74: UserWarning: Epoch 353/1000 252/500  loss: 0.2582  time 1.28s
  warnings.warn(
/home/karimimonsefi.1/SSL_VAN/BRATS21/trainer.py:74: UserWarning: Epoch 353/1000 253/500  loss: 0.2585  time 1.26s
  warnings.warn(
/home/karimimonsefi.1/SSL_VAN/BRATS21/trainer.py:74: UserWarning: Epoch 353/1000 254/500  loss: 0.2580  time 1.28s
  warnings.warn(
/home/karimimonsefi.1/SSL_VAN/BRATS21/trainer.py:74: UserWarning: Epoch 353/1000 255/500  loss: 0.2585  time 1.28s
  warnings.warn(
/home/karimimonsefi.1/SSL_VAN/BRATS21/trainer.py:74: UserWarning: Epoch 353/1000 256/500  loss: 0.2588  time 1.30s
  warnings.warn(
/home/karimimonsefi.1/SSL_VAN/BRATS21/trainer.py:74: UserWarning: Epoch 353/1000 257/500  loss: 0.2586  time 1.28s
  warnings.warn(
/home/karimimonsefi.1/SSL_VAN/BRATS21/trainer.py:74: UserWarning: Epoch 353/1000 258/500  loss: 0.2589  time 1.28s
  warnings.warn(
/home/karimimonsefi.1/SSL_VAN/BRATS21/trainer.py:74: UserWarning: Epoch 353/1000 259/500  loss: 0.2591  time 1.26s
  warnings.warn(
/home/karimimonsefi.1/SSL_VAN/BRATS21/trainer.py:74: UserWarning: Epoch 353/1000 260/500  loss: 0.2598  time 1.29s
  warnings.warn(
/home/karimimonsefi.1/SSL_VAN/BRATS21/trainer.py:74: UserWarning: Epoch 353/1000 261/500  loss: 0.2601  time 1.30s
  warnings.warn(
/home/karimimonsefi.1/SSL_VAN/BRATS21/trainer.py:74: UserWarning: Epoch 353/1000 262/500  loss: 0.2599  time 1.26s
  warnings.warn(
/home/karimimonsefi.1/SSL_VAN/BRATS21/trainer.py:74: UserWarning: Epoch 353/1000 263/500  loss: 0.2606  time 1.26s
  warnings.warn(
/home/karimimonsefi.1/SSL_VAN/BRATS21/trainer.py:74: UserWarning: Epoch 353/1000 264/500  loss: 0.2599  time 1.25s
  warnings.warn(
/home/karimimonsefi.1/SSL_VAN/BRATS21/trainer.py:74: UserWarning: Epoch 353/1000 265/500  loss: 0.2597  time 1.29s
  warnings.warn(
/home/karimimonsefi.1/SSL_VAN/BRATS21/trainer.py:74: UserWarning: Epoch 353/1000 266/500  loss: 0.2601  time 1.28s
  warnings.warn(
/home/karimimonsefi.1/SSL_VAN/BRATS21/trainer.py:74: UserWarning: Epoch 353/1000 267/500  loss: 0.2605  time 1.28s
  warnings.warn(
/home/karimimonsefi.1/SSL_VAN/BRATS21/trainer.py:74: UserWarning: Epoch 353/1000 268/500  loss: 0.2600  time 1.28s
  warnings.warn(
/home/karimimonsefi.1/SSL_VAN/BRATS21/trainer.py:74: UserWarning: Epoch 353/1000 269/500  loss: 0.2604  time 1.26s
  warnings.warn(
/home/karimimonsefi.1/SSL_VAN/BRATS21/trainer.py:74: UserWarning: Epoch 353/1000 270/500  loss: 0.2605  time 1.27s
  warnings.warn(
/home/karimimonsefi.1/SSL_VAN/BRATS21/trainer.py:74: UserWarning: Epoch 353/1000 271/500  loss: 0.2604  time 1.26s
  warnings.warn(
/home/karimimonsefi.1/SSL_VAN/BRATS21/trainer.py:74: UserWarning: Epoch 353/1000 272/500  loss: 0.2611  time 1.26s
  warnings.warn(
/home/karimimonsefi.1/SSL_VAN/BRATS21/trainer.py:74: UserWarning: Epoch 353/1000 273/500  loss: 0.2613  time 1.26s
  warnings.warn(
/home/karimimonsefi.1/SSL_VAN/BRATS21/trainer.py:74: UserWarning: Epoch 353/1000 274/500  loss: 0.2615  time 1.29s
  warnings.warn(
/home/karimimonsefi.1/SSL_VAN/BRATS21/trainer.py:74: UserWarning: Epoch 353/1000 275/500  loss: 0.2616  time 1.25s
  warnings.warn(
/home/karimimonsefi.1/SSL_VAN/BRATS21/trainer.py:74: UserWarning: Epoch 353/1000 276/500  loss: 0.2610  time 1.25s
  warnings.warn(
/home/karimimonsefi.1/SSL_VAN/BRATS21/trainer.py:74: UserWarning: Epoch 353/1000 277/500  loss: 0.2604  time 1.27s
  warnings.warn(
/home/karimimonsefi.1/SSL_VAN/BRATS21/trainer.py:74: UserWarning: Epoch 353/1000 278/500  loss: 0.2608  time 1.30s
  warnings.warn(
/home/karimimonsefi.1/SSL_VAN/BRATS21/trainer.py:74: UserWarning: Epoch 353/1000 279/500  loss: 0.2607  time 1.28s
  warnings.warn(
