/var/spool/slurmd/job70801/slurm_script: line 11: cd: SSL_VAN: No such file or directory

----------------------------------------------------------------------------
  cuda:
----------------------------------------------------------------------------
     Versions:
        cuda/10.2
        cuda/11.0
        cuda/11.2
        cuda/11.3
        cuda/11.4
        cuda/11.5
        cuda/11.6
        cuda/11.7
        cuda/11.8
        cuda/12.0

----------------------------------------------------------------------------
  For detailed information about a specific "cuda" package (including how to load the modules) use the module's full name.
  Note that names that have a trailing (E) are extensions provided by other modules.
  For example:

     $ module spider cuda/12.0
----------------------------------------------------------------------------

 


CommandNotFoundError: Your shell has not been properly configured to use 'conda activate'.
To initialize your shell, run

    $ conda init <SHELL_NAME>

Currently supported shells are:
  - bash
  - fish
  - tcsh
  - xonsh
  - zsh
  - powershell

See 'conda init --help' for more information and options.

IMPORTANT: You may need to close and restart your shell after running 'conda init'.


/home/karimimonsefi.1/miniconda3/lib/python3.9/site-packages/mmcv/__init__.py:20: UserWarning: On January 1, 2023, MMCV will release v2.0.0, in which it will remove components related to the training process and add a data transformation module. In addition, it will rename the package names mmcv to mmcv-lite and mmcv-full to mmcv. See https://github.com/open-mmlab/mmcv/blob/master/docs/en/compatibility.md for more details.
  warnings.warn(
/home/karimimonsefi.1/SSL_VAN/BRATS21/main.py:114: UserWarning: Found total gpus 2
  warnings.warn("Found total gpus {}".format(args.ngpus_per_node))
/home/karimimonsefi.1/miniconda3/lib/python3.9/site-packages/mmcv/__init__.py:20: UserWarning: On January 1, 2023, MMCV will release v2.0.0, in which it will remove components related to the training process and add a data transformation module. In addition, it will rename the package names mmcv to mmcv-lite and mmcv-full to mmcv. See https://github.com/open-mmlab/mmcv/blob/master/docs/en/compatibility.md for more details.
  warnings.warn(
/home/karimimonsefi.1/miniconda3/lib/python3.9/site-packages/mmcv/__init__.py:20: UserWarning: On January 1, 2023, MMCV will release v2.0.0, in which it will remove components related to the training process and add a data transformation module. In addition, it will rename the package names mmcv to mmcv-lite and mmcv-full to mmcv. See https://github.com/open-mmlab/mmcv/blob/master/docs/en/compatibility.md for more details.
  warnings.warn(
/home/karimimonsefi.1/miniconda3/lib/python3.9/site-packages/monai/transforms/post/dictionary.py:196: UserWarning: `threshold_values=True/False` is deprecated, please use `threshold=value` instead.
  warnings.warn("`threshold_values=True/False` is deprecated, please use `threshold=value` instead.")
/home/karimimonsefi.1/SSL_VAN/BRATS21/main.py:134: UserWarning: 0 gpu 0
  warnings.warn(f"{args.rank} gpu {args.gpu}")
/home/karimimonsefi.1/SSL_VAN/BRATS21/main.py:136: UserWarning: Batch size is: 1 epochs 500
  warnings.warn(f"Batch size is: {args.batch_size} epochs {args.max_epochs}")
/home/karimimonsefi.1/miniconda3/lib/python3.9/site-packages/monai/transforms/post/dictionary.py:196: UserWarning: `threshold_values=True/False` is deprecated, please use `threshold=value` instead.
  warnings.warn("`threshold_values=True/False` is deprecated, please use `threshold=value` instead.")
/home/karimimonsefi.1/SSL_VAN/BRATS21/main.py:134: UserWarning: 1 gpu 1
  warnings.warn(f"{args.rank} gpu {args.gpu}")
/home/karimimonsefi.1/SSL_VAN/BRATS21/main.py:165: UserWarning: Total parameters count 62191941
  warnings.warn(f"Total parameters count {pytorch_total_params}")
/home/karimimonsefi.1/SSL_VAN/BRATS21/main.py:168: UserWarning: Total args.checkpoint True
  warnings.warn(f"Total args.checkpoint {args.checkpoint}")
/home/karimimonsefi.1/SSL_VAN/commons/util.py:6: UserWarning:  base_url is 64-128-256-512_3-4-6-3_8-8-4-4_vae_inferer_valid_loader_SwinUNETR48_fold-0
  warnings.warn(f" base_url is {base_url}")
/home/karimimonsefi.1/SSL_VAN/commons/util.py:8: UserWarning:  output_url 1 is ./runs/BraTS21_new/test_log/output_False_False
  warnings.warn(f" output_url 1 is {output_url}")
/home/karimimonsefi.1/SSL_VAN/commons/util.py:9: UserWarning:  exists 1 is True
  warnings.warn(f" exists 1 is {os.path.exists(output_url)}")
/home/karimimonsefi.1/SSL_VAN/commons/util.py:13: UserWarning:  output_url 2 is ./runs/BraTS21_new/test_log/output_False_False/64-128-256-512_3-4-6-3_8-8-4-4_vae_inferer_valid_loader_SwinUNETR48_fold-0
  warnings.warn(f" output_url 2 is {output_url}")
/home/karimimonsefi.1/SSL_VAN/commons/util.py:14: UserWarning:  exists 2 is True
  warnings.warn(f" exists 2 is {os.path.exists(output_url)}")
/home/karimimonsefi.1/SSL_VAN/commons/util.py:20: UserWarning:  Best url model is 64-128-256-512_3-4-6-3_8-8-4-4_vae_inferer_valid_loader_SwinUNETR48_fold-0__best.pt, final model url is 64-128-256-512_3-4-6-3_8-8-4-4_vae_inferer_valid_loader_SwinUNETR48_fold-0__final.pt
  warnings.warn(f" Best url model is {args.best_model_url}, final model url is {args.final_model_url}")
/home/karimimonsefi.1/SSL_VAN/BRATS21/main.py:183: UserWarning: => loaded checkpoint 'True' (epoch 0) (bestacc 0.0)
  warnings.warn("=> loaded checkpoint '{}' (epoch {}) (bestacc {})".format(
/home/karimimonsefi.1/SSL_VAN/BRATS21/main.py:165: UserWarning: Total parameters count 62191941
  warnings.warn(f"Total parameters count {pytorch_total_params}")
/home/karimimonsefi.1/SSL_VAN/BRATS21/main.py:168: UserWarning: Total args.checkpoint True
  warnings.warn(f"Total args.checkpoint {args.checkpoint}")
/home/karimimonsefi.1/SSL_VAN/commons/util.py:6: UserWarning:  base_url is 64-128-256-512_3-4-6-3_8-8-4-4_vae_inferer_valid_loader_SwinUNETR48_fold-0
  warnings.warn(f" base_url is {base_url}")
/home/karimimonsefi.1/SSL_VAN/commons/util.py:8: UserWarning:  output_url 1 is ./runs/BraTS21_new/test_log/output_False_False
  warnings.warn(f" output_url 1 is {output_url}")
/home/karimimonsefi.1/SSL_VAN/commons/util.py:9: UserWarning:  exists 1 is True
  warnings.warn(f" exists 1 is {os.path.exists(output_url)}")
/home/karimimonsefi.1/SSL_VAN/commons/util.py:13: UserWarning:  output_url 2 is ./runs/BraTS21_new/test_log/output_False_False/64-128-256-512_3-4-6-3_8-8-4-4_vae_inferer_valid_loader_SwinUNETR48_fold-0
  warnings.warn(f" output_url 2 is {output_url}")
/home/karimimonsefi.1/SSL_VAN/commons/util.py:14: UserWarning:  exists 2 is True
  warnings.warn(f" exists 2 is {os.path.exists(output_url)}")
/home/karimimonsefi.1/SSL_VAN/commons/util.py:20: UserWarning:  Best url model is 64-128-256-512_3-4-6-3_8-8-4-4_vae_inferer_valid_loader_SwinUNETR48_fold-0__best.pt, final model url is 64-128-256-512_3-4-6-3_8-8-4-4_vae_inferer_valid_loader_SwinUNETR48_fold-0__final.pt
  warnings.warn(f" Best url model is {args.best_model_url}, final model url is {args.final_model_url}")
/home/karimimonsefi.1/SSL_VAN/BRATS21/main.py:183: UserWarning: => loaded checkpoint 'True' (epoch 0) (bestacc 0.0)
  warnings.warn("=> loaded checkpoint '{}' (epoch {}) (bestacc {})".format(
/home/karimimonsefi.1/SSL_VAN/BRATS21/trainer.py:161: UserWarning: Writing Tensorboard logs to ./runs/BraTS21_new/test_log
  warnings.warn(f"Writing Tensorboard logs to {args.logdir}")
/home/karimimonsefi.1/SSL_VAN/BRATS21/trainer.py:169: UserWarning: 0  Mon Jul 24 12:28:35 2023  Epoch: 0
  warnings.warn(f"{args.rank}  {time.ctime()}  Epoch: {epoch}")
/home/karimimonsefi.1/SSL_VAN/BRATS21/trainer.py:169: UserWarning: 1  Mon Jul 24 12:28:35 2023  Epoch: 0
  warnings.warn(f"{args.rank}  {time.ctime()}  Epoch: {epoch}")
[W reducer.cpp:1298] Warning: find_unused_parameters=True was specified in DDP constructor, but did not find any unused parameters in the forward pass. This flag results in an extra traversal of the autograd graph every iteration,  which can adversely affect performance. If your model indeed never has any unused parameters in the forward pass, consider turning this flag off. Note that this warning may be a false positive if your model has flow control causing later iterations to have unused parameters. (function operator())
[W reducer.cpp:1298] Warning: find_unused_parameters=True was specified in DDP constructor, but did not find any unused parameters in the forward pass. This flag results in an extra traversal of the autograd graph every iteration,  which can adversely affect performance. If your model indeed never has any unused parameters in the forward pass, consider turning this flag off. Note that this warning may be a false positive if your model has flow control causing later iterations to have unused parameters. (function operator())
/home/karimimonsefi.1/SSL_VAN/BRATS21/trainer.py:73: UserWarning: Epoch 0/500 0/500  loss: 0.8878  time 10.73s
  warnings.warn(
/home/karimimonsefi.1/SSL_VAN/BRATS21/trainer.py:73: UserWarning: Epoch 0/500 1/500  loss: 0.9163  time 0.16s
  warnings.warn(
/home/karimimonsefi.1/SSL_VAN/BRATS21/trainer.py:73: UserWarning: Epoch 0/500 2/500  loss: 0.9382  time 0.16s
  warnings.warn(
/home/karimimonsefi.1/SSL_VAN/BRATS21/trainer.py:73: UserWarning: Epoch 0/500 3/500  loss: 0.9312  time 0.16s
  warnings.warn(
/home/karimimonsefi.1/SSL_VAN/BRATS21/trainer.py:73: UserWarning: Epoch 0/500 4/500  loss: 0.9163  time 0.15s
  warnings.warn(
/home/karimimonsefi.1/SSL_VAN/BRATS21/trainer.py:73: UserWarning: Epoch 0/500 5/500  loss: 0.9151  time 0.15s
  warnings.warn(
/home/karimimonsefi.1/SSL_VAN/BRATS21/trainer.py:73: UserWarning: Epoch 0/500 6/500  loss: 0.9109  time 0.15s
  warnings.warn(
/home/karimimonsefi.1/SSL_VAN/BRATS21/trainer.py:73: UserWarning: Epoch 0/500 7/500  loss: 0.9057  time 0.15s
  warnings.warn(
/home/karimimonsefi.1/SSL_VAN/BRATS21/trainer.py:73: UserWarning: Epoch 0/500 8/500  loss: 0.9052  time 0.15s
  warnings.warn(
/home/karimimonsefi.1/SSL_VAN/BRATS21/trainer.py:73: UserWarning: Epoch 0/500 9/500  loss: 0.9144  time 0.15s
  warnings.warn(
/home/karimimonsefi.1/SSL_VAN/BRATS21/trainer.py:73: UserWarning: Epoch 0/500 10/500  loss: 0.9222  time 0.15s
  warnings.warn(
/home/karimimonsefi.1/SSL_VAN/BRATS21/trainer.py:73: UserWarning: Epoch 0/500 11/500  loss: 0.9168  time 0.15s
  warnings.warn(
/home/karimimonsefi.1/SSL_VAN/BRATS21/trainer.py:73: UserWarning: Epoch 0/500 12/500  loss: 0.9173  time 0.15s
  warnings.warn(
/home/karimimonsefi.1/SSL_VAN/BRATS21/trainer.py:73: UserWarning: Epoch 0/500 13/500  loss: 0.9232  time 0.15s
  warnings.warn(
/home/karimimonsefi.1/SSL_VAN/BRATS21/trainer.py:73: UserWarning: Epoch 0/500 14/500  loss: 0.9256  time 0.15s
  warnings.warn(
/home/karimimonsefi.1/SSL_VAN/BRATS21/trainer.py:73: UserWarning: Epoch 0/500 15/500  loss: 0.9218  time 0.15s
  warnings.warn(
/home/karimimonsefi.1/SSL_VAN/BRATS21/trainer.py:73: UserWarning: Epoch 0/500 16/500  loss: 0.9230  time 0.15s
  warnings.warn(
/home/karimimonsefi.1/SSL_VAN/BRATS21/trainer.py:73: UserWarning: Epoch 0/500 17/500  loss: 0.9252  time 4.11s
  warnings.warn(
/home/karimimonsefi.1/SSL_VAN/BRATS21/trainer.py:73: UserWarning: Epoch 0/500 18/500  loss: 0.9270  time 0.18s
  warnings.warn(
/home/karimimonsefi.1/SSL_VAN/BRATS21/trainer.py:73: UserWarning: Epoch 0/500 19/500  loss: 0.9306  time 0.17s
  warnings.warn(
/home/karimimonsefi.1/SSL_VAN/BRATS21/trainer.py:73: UserWarning: Epoch 0/500 20/500  loss: 0.9334  time 0.17s
  warnings.warn(
/home/karimimonsefi.1/SSL_VAN/BRATS21/trainer.py:73: UserWarning: Epoch 0/500 21/500  loss: 0.9359  time 0.15s
  warnings.warn(
/home/karimimonsefi.1/SSL_VAN/BRATS21/trainer.py:73: UserWarning: Epoch 0/500 22/500  loss: 0.9360  time 0.15s
  warnings.warn(
/home/karimimonsefi.1/SSL_VAN/BRATS21/trainer.py:73: UserWarning: Epoch 0/500 23/500  loss: 0.9353  time 0.15s
  warnings.warn(
/home/karimimonsefi.1/SSL_VAN/BRATS21/trainer.py:73: UserWarning: Epoch 0/500 24/500  loss: 0.9343  time 0.15s
  warnings.warn(
/home/karimimonsefi.1/SSL_VAN/BRATS21/trainer.py:73: UserWarning: Epoch 0/500 25/500  loss: 0.9369  time 3.49s
  warnings.warn(
/home/karimimonsefi.1/SSL_VAN/BRATS21/trainer.py:73: UserWarning: Epoch 0/500 26/500  loss: 0.9392  time 0.18s
  warnings.warn(
/home/karimimonsefi.1/SSL_VAN/BRATS21/trainer.py:73: UserWarning: Epoch 0/500 27/500  loss: 0.9414  time 0.19s
  warnings.warn(
/home/karimimonsefi.1/SSL_VAN/BRATS21/trainer.py:73: UserWarning: Epoch 0/500 28/500  loss: 0.9374  time 0.16s
  warnings.warn(
/home/karimimonsefi.1/SSL_VAN/BRATS21/trainer.py:73: UserWarning: Epoch 0/500 29/500  loss: 0.9370  time 0.15s
  warnings.warn(
/home/karimimonsefi.1/SSL_VAN/BRATS21/trainer.py:73: UserWarning: Epoch 0/500 30/500  loss: 0.9381  time 0.15s
  warnings.warn(
/home/karimimonsefi.1/SSL_VAN/BRATS21/trainer.py:73: UserWarning: Epoch 0/500 31/500  loss: 0.9373  time 0.15s
  warnings.warn(
/home/karimimonsefi.1/SSL_VAN/BRATS21/trainer.py:73: UserWarning: Epoch 0/500 32/500  loss: 0.9385  time 0.17s
  warnings.warn(
/home/karimimonsefi.1/SSL_VAN/BRATS21/trainer.py:73: UserWarning: Epoch 0/500 33/500  loss: 0.9377  time 3.13s
  warnings.warn(
/home/karimimonsefi.1/SSL_VAN/BRATS21/trainer.py:73: UserWarning: Epoch 0/500 34/500  loss: 0.9362  time 0.17s
  warnings.warn(
/home/karimimonsefi.1/SSL_VAN/BRATS21/trainer.py:73: UserWarning: Epoch 0/500 35/500  loss: 0.9355  time 0.15s
  warnings.warn(
/home/karimimonsefi.1/SSL_VAN/BRATS21/trainer.py:73: UserWarning: Epoch 0/500 36/500  loss: 0.9364  time 0.15s
  warnings.warn(
/home/karimimonsefi.1/SSL_VAN/BRATS21/trainer.py:73: UserWarning: Epoch 0/500 37/500  loss: 0.9347  time 0.15s
  warnings.warn(
/home/karimimonsefi.1/SSL_VAN/BRATS21/trainer.py:73: UserWarning: Epoch 0/500 38/500  loss: 0.9338  time 0.15s
  warnings.warn(
/home/karimimonsefi.1/SSL_VAN/BRATS21/trainer.py:73: UserWarning: Epoch 0/500 39/500  loss: 0.9325  time 0.15s
  warnings.warn(
/home/karimimonsefi.1/SSL_VAN/BRATS21/trainer.py:73: UserWarning: Epoch 0/500 40/500  loss: 0.9318  time 0.15s
  warnings.warn(
/home/karimimonsefi.1/SSL_VAN/BRATS21/trainer.py:73: UserWarning: Epoch 0/500 41/500  loss: 0.9294  time 3.75s
  warnings.warn(
/home/karimimonsefi.1/SSL_VAN/BRATS21/trainer.py:73: UserWarning: Epoch 0/500 42/500  loss: 0.9305  time 0.19s
  warnings.warn(
/home/karimimonsefi.1/SSL_VAN/BRATS21/trainer.py:73: UserWarning: Epoch 0/500 43/500  loss: 0.9312  time 0.15s
  warnings.warn(
/home/karimimonsefi.1/SSL_VAN/BRATS21/trainer.py:73: UserWarning: Epoch 0/500 44/500  loss: 0.9297  time 0.15s
  warnings.warn(
/home/karimimonsefi.1/SSL_VAN/BRATS21/trainer.py:73: UserWarning: Epoch 0/500 45/500  loss: 0.9299  time 0.15s
  warnings.warn(
/home/karimimonsefi.1/SSL_VAN/BRATS21/trainer.py:73: UserWarning: Epoch 0/500 46/500  loss: 0.9279  time 0.15s
  warnings.warn(
/home/karimimonsefi.1/SSL_VAN/BRATS21/trainer.py:73: UserWarning: Epoch 0/500 47/500  loss: 0.9268  time 0.15s
  warnings.warn(
/home/karimimonsefi.1/SSL_VAN/BRATS21/trainer.py:73: UserWarning: Epoch 0/500 48/500  loss: 0.9269  time 1.07s
  warnings.warn(
/home/karimimonsefi.1/SSL_VAN/BRATS21/trainer.py:73: UserWarning: Epoch 0/500 49/500  loss: 0.9282  time 2.48s
  warnings.warn(
/home/karimimonsefi.1/SSL_VAN/BRATS21/trainer.py:73: UserWarning: Epoch 0/500 50/500  loss: 0.9273  time 0.15s
  warnings.warn(
/home/karimimonsefi.1/SSL_VAN/BRATS21/trainer.py:73: UserWarning: Epoch 0/500 51/500  loss: 0.9272  time 0.15s
  warnings.warn(
/home/karimimonsefi.1/SSL_VAN/BRATS21/trainer.py:73: UserWarning: Epoch 0/500 52/500  loss: 0.9286  time 0.16s
  warnings.warn(
/home/karimimonsefi.1/SSL_VAN/BRATS21/trainer.py:73: UserWarning: Epoch 0/500 53/500  loss: 0.9277  time 0.15s
  warnings.warn(
/home/karimimonsefi.1/SSL_VAN/BRATS21/trainer.py:73: UserWarning: Epoch 0/500 54/500  loss: 0.9271  time 0.15s
  warnings.warn(
/home/karimimonsefi.1/SSL_VAN/BRATS21/trainer.py:73: UserWarning: Epoch 0/500 55/500  loss: 0.9257  time 0.15s
  warnings.warn(
/home/karimimonsefi.1/SSL_VAN/BRATS21/trainer.py:73: UserWarning: Epoch 0/500 56/500  loss: 0.9265  time 1.94s
  warnings.warn(
/home/karimimonsefi.1/SSL_VAN/BRATS21/trainer.py:73: UserWarning: Epoch 0/500 57/500  loss: 0.9265  time 4.29s
  warnings.warn(
/home/karimimonsefi.1/SSL_VAN/BRATS21/trainer.py:73: UserWarning: Epoch 0/500 58/500  loss: 0.9266  time 0.18s
  warnings.warn(
/home/karimimonsefi.1/SSL_VAN/BRATS21/trainer.py:73: UserWarning: Epoch 0/500 59/500  loss: 0.9268  time 0.15s
  warnings.warn(
/home/karimimonsefi.1/SSL_VAN/BRATS21/trainer.py:73: UserWarning: Epoch 0/500 60/500  loss: 0.9277  time 0.15s
  warnings.warn(
/home/karimimonsefi.1/SSL_VAN/BRATS21/trainer.py:73: UserWarning: Epoch 0/500 61/500  loss: 0.9271  time 0.18s
  warnings.warn(
/home/karimimonsefi.1/SSL_VAN/BRATS21/trainer.py:73: UserWarning: Epoch 0/500 62/500  loss: 0.9267  time 0.25s
  warnings.warn(
/home/karimimonsefi.1/SSL_VAN/BRATS21/trainer.py:73: UserWarning: Epoch 0/500 63/500  loss: 0.9268  time 0.15s
  warnings.warn(
/home/karimimonsefi.1/SSL_VAN/BRATS21/trainer.py:73: UserWarning: Epoch 0/500 64/500  loss: 0.9272  time 0.15s
  warnings.warn(
/home/karimimonsefi.1/SSL_VAN/BRATS21/trainer.py:73: UserWarning: Epoch 0/500 65/500  loss: 0.9272  time 3.20s
  warnings.warn(
/home/karimimonsefi.1/SSL_VAN/BRATS21/trainer.py:73: UserWarning: Epoch 0/500 66/500  loss: 0.9269  time 0.18s
  warnings.warn(
/home/karimimonsefi.1/SSL_VAN/BRATS21/trainer.py:73: UserWarning: Epoch 0/500 67/500  loss: 0.9264  time 0.15s
  warnings.warn(
/home/karimimonsefi.1/SSL_VAN/BRATS21/trainer.py:73: UserWarning: Epoch 0/500 68/500  loss: 0.9251  time 0.17s
  warnings.warn(
/home/karimimonsefi.1/SSL_VAN/BRATS21/trainer.py:73: UserWarning: Epoch 0/500 69/500  loss: 0.9262  time 0.18s
  warnings.warn(
/home/karimimonsefi.1/SSL_VAN/BRATS21/trainer.py:73: UserWarning: Epoch 0/500 70/500  loss: 0.9247  time 0.15s
  warnings.warn(
/home/karimimonsefi.1/SSL_VAN/BRATS21/trainer.py:73: UserWarning: Epoch 0/500 71/500  loss: 0.9240  time 0.15s
  warnings.warn(
/home/karimimonsefi.1/SSL_VAN/BRATS21/trainer.py:73: UserWarning: Epoch 0/500 72/500  loss: 0.9244  time 0.15s
  warnings.warn(
/home/karimimonsefi.1/SSL_VAN/BRATS21/trainer.py:73: UserWarning: Epoch 0/500 73/500  loss: 0.9242  time 2.23s
  warnings.warn(
/home/karimimonsefi.1/SSL_VAN/BRATS21/trainer.py:73: UserWarning: Epoch 0/500 74/500  loss: 0.9249  time 0.17s
  warnings.warn(
/home/karimimonsefi.1/SSL_VAN/BRATS21/trainer.py:73: UserWarning: Epoch 0/500 75/500  loss: 0.9258  time 0.15s
  warnings.warn(
/home/karimimonsefi.1/SSL_VAN/BRATS21/trainer.py:73: UserWarning: Epoch 0/500 76/500  loss: 0.9247  time 0.15s
  warnings.warn(
/home/karimimonsefi.1/SSL_VAN/BRATS21/trainer.py:73: UserWarning: Epoch 0/500 77/500  loss: 0.9232  time 0.15s
  warnings.warn(
/home/karimimonsefi.1/SSL_VAN/BRATS21/trainer.py:73: UserWarning: Epoch 0/500 78/500  loss: 0.9214  time 0.15s
  warnings.warn(
/home/karimimonsefi.1/SSL_VAN/BRATS21/trainer.py:73: UserWarning: Epoch 0/500 79/500  loss: 0.9205  time 0.15s
  warnings.warn(
/home/karimimonsefi.1/SSL_VAN/BRATS21/trainer.py:73: UserWarning: Epoch 0/500 80/500  loss: 0.9215  time 1.12s
  warnings.warn(
/home/karimimonsefi.1/SSL_VAN/BRATS21/trainer.py:73: UserWarning: Epoch 0/500 81/500  loss: 0.9202  time 2.31s
  warnings.warn(
/home/karimimonsefi.1/SSL_VAN/BRATS21/trainer.py:73: UserWarning: Epoch 0/500 82/500  loss: 0.9196  time 0.15s
  warnings.warn(
/home/karimimonsefi.1/SSL_VAN/BRATS21/trainer.py:73: UserWarning: Epoch 0/500 83/500  loss: 0.9184  time 0.15s
  warnings.warn(
/home/karimimonsefi.1/SSL_VAN/BRATS21/trainer.py:73: UserWarning: Epoch 0/500 84/500  loss: 0.9179  time 0.15s
  warnings.warn(
/home/karimimonsefi.1/SSL_VAN/BRATS21/trainer.py:73: UserWarning: Epoch 0/500 85/500  loss: 0.9181  time 0.15s
  warnings.warn(
/home/karimimonsefi.1/SSL_VAN/BRATS21/trainer.py:73: UserWarning: Epoch 0/500 86/500  loss: 0.9184  time 0.15s
  warnings.warn(
/home/karimimonsefi.1/SSL_VAN/BRATS21/trainer.py:73: UserWarning: Epoch 0/500 87/500  loss: 0.9188  time 0.16s
  warnings.warn(
/home/karimimonsefi.1/SSL_VAN/BRATS21/trainer.py:73: UserWarning: Epoch 0/500 88/500  loss: 0.9183  time 2.01s
  warnings.warn(
/home/karimimonsefi.1/SSL_VAN/BRATS21/trainer.py:73: UserWarning: Epoch 0/500 89/500  loss: 0.9191  time 0.56s
  warnings.warn(
/home/karimimonsefi.1/SSL_VAN/BRATS21/trainer.py:73: UserWarning: Epoch 0/500 90/500  loss: 0.9191  time 0.15s
  warnings.warn(
/home/karimimonsefi.1/SSL_VAN/BRATS21/trainer.py:73: UserWarning: Epoch 0/500 91/500  loss: 0.9198  time 0.15s
  warnings.warn(
/home/karimimonsefi.1/SSL_VAN/BRATS21/trainer.py:73: UserWarning: Epoch 0/500 92/500  loss: 0.9197  time 0.15s
  warnings.warn(
/home/karimimonsefi.1/SSL_VAN/BRATS21/trainer.py:73: UserWarning: Epoch 0/500 93/500  loss: 0.9197  time 0.17s
  warnings.warn(
/home/karimimonsefi.1/SSL_VAN/BRATS21/trainer.py:73: UserWarning: Epoch 0/500 94/500  loss: 0.9191  time 0.15s
  warnings.warn(
/home/karimimonsefi.1/SSL_VAN/BRATS21/trainer.py:73: UserWarning: Epoch 0/500 95/500  loss: 0.9187  time 0.15s
  warnings.warn(
/home/karimimonsefi.1/SSL_VAN/BRATS21/trainer.py:73: UserWarning: Epoch 0/500 96/500  loss: 0.9185  time 1.75s
  warnings.warn(
/home/karimimonsefi.1/SSL_VAN/BRATS21/trainer.py:73: UserWarning: Epoch 0/500 97/500  loss: 0.9181  time 1.11s
  warnings.warn(
/home/karimimonsefi.1/SSL_VAN/BRATS21/trainer.py:73: UserWarning: Epoch 0/500 98/500  loss: 0.9183  time 0.15s
  warnings.warn(
/home/karimimonsefi.1/SSL_VAN/BRATS21/trainer.py:73: UserWarning: Epoch 0/500 99/500  loss: 0.9192  time 0.15s
  warnings.warn(
/home/karimimonsefi.1/SSL_VAN/BRATS21/trainer.py:73: UserWarning: Epoch 0/500 100/500  loss: 0.9198  time 0.15s
  warnings.warn(
/home/karimimonsefi.1/SSL_VAN/BRATS21/trainer.py:73: UserWarning: Epoch 0/500 101/500  loss: 0.9199  time 0.15s
  warnings.warn(
/home/karimimonsefi.1/SSL_VAN/BRATS21/trainer.py:73: UserWarning: Epoch 0/500 102/500  loss: 0.9197  time 0.15s
  warnings.warn(
/home/karimimonsefi.1/SSL_VAN/BRATS21/trainer.py:73: UserWarning: Epoch 0/500 103/500  loss: 0.9199  time 0.15s
  warnings.warn(
/home/karimimonsefi.1/SSL_VAN/BRATS21/trainer.py:73: UserWarning: Epoch 0/500 104/500  loss: 0.9203  time 2.69s
  warnings.warn(
/home/karimimonsefi.1/SSL_VAN/BRATS21/trainer.py:73: UserWarning: Epoch 0/500 105/500  loss: 0.9207  time 1.17s
  warnings.warn(
/home/karimimonsefi.1/SSL_VAN/BRATS21/trainer.py:73: UserWarning: Epoch 0/500 106/500  loss: 0.9207  time 0.15s
  warnings.warn(
/home/karimimonsefi.1/SSL_VAN/BRATS21/trainer.py:73: UserWarning: Epoch 0/500 107/500  loss: 0.9205  time 0.15s
  warnings.warn(
/home/karimimonsefi.1/SSL_VAN/BRATS21/trainer.py:73: UserWarning: Epoch 0/500 108/500  loss: 0.9203  time 0.15s
  warnings.warn(
/home/karimimonsefi.1/SSL_VAN/BRATS21/trainer.py:73: UserWarning: Epoch 0/500 109/500  loss: 0.9206  time 0.19s
  warnings.warn(
/home/karimimonsefi.1/SSL_VAN/BRATS21/trainer.py:73: UserWarning: Epoch 0/500 110/500  loss: 0.9205  time 0.15s
  warnings.warn(
/home/karimimonsefi.1/SSL_VAN/BRATS21/trainer.py:73: UserWarning: Epoch 0/500 111/500  loss: 0.9205  time 0.15s
  warnings.warn(
/home/karimimonsefi.1/SSL_VAN/BRATS21/trainer.py:73: UserWarning: Epoch 0/500 112/500  loss: 0.9203  time 3.20s
  warnings.warn(
/home/karimimonsefi.1/SSL_VAN/BRATS21/trainer.py:73: UserWarning: Epoch 0/500 113/500  loss: 0.9210  time 0.56s
  warnings.warn(
/home/karimimonsefi.1/SSL_VAN/BRATS21/trainer.py:73: UserWarning: Epoch 0/500 114/500  loss: 0.9201  time 0.15s
  warnings.warn(
/home/karimimonsefi.1/SSL_VAN/BRATS21/trainer.py:73: UserWarning: Epoch 0/500 115/500  loss: 0.9201  time 0.15s
  warnings.warn(
/home/karimimonsefi.1/SSL_VAN/BRATS21/trainer.py:73: UserWarning: Epoch 0/500 116/500  loss: 0.9199  time 2.10s
  warnings.warn(
/home/karimimonsefi.1/SSL_VAN/BRATS21/trainer.py:73: UserWarning: Epoch 0/500 117/500  loss: 0.9204  time 0.17s
  warnings.warn(
/home/karimimonsefi.1/SSL_VAN/BRATS21/trainer.py:73: UserWarning: Epoch 0/500 118/500  loss: 0.9210  time 0.15s
  warnings.warn(
/home/karimimonsefi.1/SSL_VAN/BRATS21/trainer.py:73: UserWarning: Epoch 0/500 119/500  loss: 0.9205  time 0.15s
  warnings.warn(
/home/karimimonsefi.1/SSL_VAN/BRATS21/trainer.py:73: UserWarning: Epoch 0/500 120/500  loss: 0.9204  time 0.15s
  warnings.warn(
/home/karimimonsefi.1/SSL_VAN/BRATS21/trainer.py:73: UserWarning: Epoch 0/500 121/500  loss: 0.9201  time 1.58s
  warnings.warn(
/home/karimimonsefi.1/SSL_VAN/BRATS21/trainer.py:73: UserWarning: Epoch 0/500 122/500  loss: 0.9200  time 0.15s
  warnings.warn(
/home/karimimonsefi.1/SSL_VAN/BRATS21/trainer.py:73: UserWarning: Epoch 0/500 123/500  loss: 0.9193  time 3.46s
  warnings.warn(
/home/karimimonsefi.1/SSL_VAN/BRATS21/trainer.py:73: UserWarning: Epoch 0/500 124/500  loss: 0.9195  time 1.04s
  warnings.warn(
/home/karimimonsefi.1/SSL_VAN/BRATS21/trainer.py:73: UserWarning: Epoch 0/500 125/500  loss: 0.9193  time 0.16s
  warnings.warn(
/home/karimimonsefi.1/SSL_VAN/BRATS21/trainer.py:73: UserWarning: Epoch 0/500 126/500  loss: 0.9185  time 0.15s
  warnings.warn(
/home/karimimonsefi.1/SSL_VAN/BRATS21/trainer.py:73: UserWarning: Epoch 0/500 127/500  loss: 0.9184  time 0.15s
  warnings.warn(
/home/karimimonsefi.1/SSL_VAN/BRATS21/trainer.py:73: UserWarning: Epoch 0/500 128/500  loss: 0.9190  time 0.15s
  warnings.warn(
/home/karimimonsefi.1/SSL_VAN/BRATS21/trainer.py:73: UserWarning: Epoch 0/500 129/500  loss: 0.9186  time 0.15s
  warnings.warn(
/home/karimimonsefi.1/SSL_VAN/BRATS21/trainer.py:73: UserWarning: Epoch 0/500 130/500  loss: 0.9187  time 0.17s
  warnings.warn(
/home/karimimonsefi.1/SSL_VAN/BRATS21/trainer.py:73: UserWarning: Epoch 0/500 131/500  loss: 0.9187  time 0.15s
  warnings.warn(
/home/karimimonsefi.1/SSL_VAN/BRATS21/trainer.py:73: UserWarning: Epoch 0/500 132/500  loss: 0.9192  time 3.29s
  warnings.warn(
/home/karimimonsefi.1/SSL_VAN/BRATS21/trainer.py:73: UserWarning: Epoch 0/500 133/500  loss: 0.9190  time 0.18s
  warnings.warn(
/home/karimimonsefi.1/SSL_VAN/BRATS21/trainer.py:73: UserWarning: Epoch 0/500 134/500  loss: 0.9196  time 0.15s
  warnings.warn(
/home/karimimonsefi.1/SSL_VAN/BRATS21/trainer.py:73: UserWarning: Epoch 0/500 135/500  loss: 0.9196  time 0.15s
  warnings.warn(
/home/karimimonsefi.1/SSL_VAN/BRATS21/trainer.py:73: UserWarning: Epoch 0/500 136/500  loss: 0.9189  time 0.15s
  warnings.warn(
/home/karimimonsefi.1/SSL_VAN/BRATS21/trainer.py:73: UserWarning: Epoch 0/500 137/500  loss: 0.9183  time 0.15s
  warnings.warn(
/home/karimimonsefi.1/SSL_VAN/BRATS21/trainer.py:73: UserWarning: Epoch 0/500 138/500  loss: 0.9178  time 0.19s
  warnings.warn(
/home/karimimonsefi.1/SSL_VAN/BRATS21/trainer.py:73: UserWarning: Epoch 0/500 139/500  loss: 0.9176  time 0.16s
  warnings.warn(
/home/karimimonsefi.1/SSL_VAN/BRATS21/trainer.py:73: UserWarning: Epoch 0/500 140/500  loss: 0.9170  time 5.66s
  warnings.warn(
/home/karimimonsefi.1/SSL_VAN/BRATS21/trainer.py:73: UserWarning: Epoch 0/500 141/500  loss: 0.9175  time 0.16s
  warnings.warn(
/home/karimimonsefi.1/SSL_VAN/BRATS21/trainer.py:73: UserWarning: Epoch 0/500 142/500  loss: 0.9180  time 0.17s
  warnings.warn(
/home/karimimonsefi.1/SSL_VAN/BRATS21/trainer.py:73: UserWarning: Epoch 0/500 143/500  loss: 0.9181  time 0.15s
  warnings.warn(
/home/karimimonsefi.1/SSL_VAN/BRATS21/trainer.py:73: UserWarning: Epoch 0/500 144/500  loss: 0.9182  time 0.15s
  warnings.warn(
/home/karimimonsefi.1/SSL_VAN/BRATS21/trainer.py:73: UserWarning: Epoch 0/500 145/500  loss: 0.9188  time 0.15s
  warnings.warn(
/home/karimimonsefi.1/SSL_VAN/BRATS21/trainer.py:73: UserWarning: Epoch 0/500 146/500  loss: 0.9189  time 0.17s
  warnings.warn(
/home/karimimonsefi.1/SSL_VAN/BRATS21/trainer.py:73: UserWarning: Epoch 0/500 147/500  loss: 0.9195  time 0.16s
  warnings.warn(
/home/karimimonsefi.1/SSL_VAN/BRATS21/trainer.py:73: UserWarning: Epoch 0/500 148/500  loss: 0.9192  time 1.98s
  warnings.warn(
/home/karimimonsefi.1/SSL_VAN/BRATS21/trainer.py:73: UserWarning: Epoch 0/500 149/500  loss: 0.9187  time 0.17s
  warnings.warn(
/home/karimimonsefi.1/SSL_VAN/BRATS21/trainer.py:73: UserWarning: Epoch 0/500 150/500  loss: 0.9186  time 0.15s
  warnings.warn(
/home/karimimonsefi.1/SSL_VAN/BRATS21/trainer.py:73: UserWarning: Epoch 0/500 151/500  loss: 0.9183  time 0.15s
  warnings.warn(
/home/karimimonsefi.1/SSL_VAN/BRATS21/trainer.py:73: UserWarning: Epoch 0/500 152/500  loss: 0.9181  time 0.15s
  warnings.warn(
/home/karimimonsefi.1/SSL_VAN/BRATS21/trainer.py:73: UserWarning: Epoch 0/500 153/500  loss: 0.9177  time 0.15s
  warnings.warn(
/home/karimimonsefi.1/SSL_VAN/BRATS21/trainer.py:73: UserWarning: Epoch 0/500 154/500  loss: 0.9177  time 0.15s
  warnings.warn(
/home/karimimonsefi.1/SSL_VAN/BRATS21/trainer.py:73: UserWarning: Epoch 0/500 155/500  loss: 0.9174  time 0.15s
  warnings.warn(
/home/karimimonsefi.1/SSL_VAN/BRATS21/trainer.py:73: UserWarning: Epoch 0/500 156/500  loss: 0.9174  time 2.92s
  warnings.warn(
/home/karimimonsefi.1/SSL_VAN/BRATS21/trainer.py:73: UserWarning: Epoch 0/500 157/500  loss: 0.9171  time 0.17s
  warnings.warn(
/home/karimimonsefi.1/SSL_VAN/BRATS21/trainer.py:73: UserWarning: Epoch 0/500 158/500  loss: 0.9163  time 0.15s
  warnings.warn(
/home/karimimonsefi.1/SSL_VAN/BRATS21/trainer.py:73: UserWarning: Epoch 0/500 159/500  loss: 0.9166  time 0.65s
  warnings.warn(
/home/karimimonsefi.1/SSL_VAN/BRATS21/trainer.py:73: UserWarning: Epoch 0/500 160/500  loss: 0.9169  time 0.15s
  warnings.warn(
/home/karimimonsefi.1/SSL_VAN/BRATS21/trainer.py:73: UserWarning: Epoch 0/500 161/500  loss: 0.9173  time 0.15s
  warnings.warn(
/home/karimimonsefi.1/SSL_VAN/BRATS21/trainer.py:73: UserWarning: Epoch 0/500 162/500  loss: 0.9176  time 0.15s
  warnings.warn(
/home/karimimonsefi.1/SSL_VAN/BRATS21/trainer.py:73: UserWarning: Epoch 0/500 163/500  loss: 0.9173  time 0.15s
  warnings.warn(
/home/karimimonsefi.1/SSL_VAN/BRATS21/trainer.py:73: UserWarning: Epoch 0/500 164/500  loss: 0.9166  time 2.46s
  warnings.warn(
/home/karimimonsefi.1/SSL_VAN/BRATS21/trainer.py:73: UserWarning: Epoch 0/500 165/500  loss: 0.9164  time 2.51s
  warnings.warn(
/home/karimimonsefi.1/SSL_VAN/BRATS21/trainer.py:73: UserWarning: Epoch 0/500 166/500  loss: 0.9167  time 0.15s
  warnings.warn(
/home/karimimonsefi.1/SSL_VAN/BRATS21/trainer.py:73: UserWarning: Epoch 0/500 167/500  loss: 0.9170  time 0.15s
  warnings.warn(
/home/karimimonsefi.1/SSL_VAN/BRATS21/trainer.py:73: UserWarning: Epoch 0/500 168/500  loss: 0.9167  time 0.15s
  warnings.warn(
/home/karimimonsefi.1/SSL_VAN/BRATS21/trainer.py:73: UserWarning: Epoch 0/500 169/500  loss: 0.9171  time 0.15s
  warnings.warn(
/home/karimimonsefi.1/SSL_VAN/BRATS21/trainer.py:73: UserWarning: Epoch 0/500 170/500  loss: 0.9172  time 0.15s
  warnings.warn(
/home/karimimonsefi.1/SSL_VAN/BRATS21/trainer.py:73: UserWarning: Epoch 0/500 171/500  loss: 0.9169  time 0.15s
  warnings.warn(
/home/karimimonsefi.1/SSL_VAN/BRATS21/trainer.py:73: UserWarning: Epoch 0/500 172/500  loss: 0.9164  time 0.15s
  warnings.warn(
/home/karimimonsefi.1/SSL_VAN/BRATS21/trainer.py:73: UserWarning: Epoch 0/500 173/500  loss: 0.9166  time 2.30s
  warnings.warn(
/home/karimimonsefi.1/SSL_VAN/BRATS21/trainer.py:73: UserWarning: Epoch 0/500 174/500  loss: 0.9167  time 0.19s
  warnings.warn(
/home/karimimonsefi.1/SSL_VAN/BRATS21/trainer.py:73: UserWarning: Epoch 0/500 175/500  loss: 0.9169  time 0.15s
  warnings.warn(
/home/karimimonsefi.1/SSL_VAN/BRATS21/trainer.py:73: UserWarning: Epoch 0/500 176/500  loss: 0.9170  time 0.15s
  warnings.warn(
/home/karimimonsefi.1/SSL_VAN/BRATS21/trainer.py:73: UserWarning: Epoch 0/500 177/500  loss: 0.9174  time 0.16s
  warnings.warn(
/home/karimimonsefi.1/SSL_VAN/BRATS21/trainer.py:73: UserWarning: Epoch 0/500 178/500  loss: 0.9174  time 0.16s
  warnings.warn(
/home/karimimonsefi.1/SSL_VAN/BRATS21/trainer.py:73: UserWarning: Epoch 0/500 179/500  loss: 0.9174  time 0.15s
  warnings.warn(
/home/karimimonsefi.1/SSL_VAN/BRATS21/trainer.py:73: UserWarning: Epoch 0/500 180/500  loss: 0.9177  time 0.20s
  warnings.warn(
/home/karimimonsefi.1/SSL_VAN/BRATS21/trainer.py:73: UserWarning: Epoch 0/500 181/500  loss: 0.9174  time 2.21s
  warnings.warn(
/home/karimimonsefi.1/SSL_VAN/BRATS21/trainer.py:73: UserWarning: Epoch 0/500 182/500  loss: 0.9176  time 3.04s
  warnings.warn(
/home/karimimonsefi.1/SSL_VAN/BRATS21/trainer.py:73: UserWarning: Epoch 0/500 183/500  loss: 0.9175  time 0.17s
  warnings.warn(
/home/karimimonsefi.1/SSL_VAN/BRATS21/trainer.py:73: UserWarning: Epoch 0/500 184/500  loss: 0.9176  time 0.15s
  warnings.warn(
/home/karimimonsefi.1/SSL_VAN/BRATS21/trainer.py:73: UserWarning: Epoch 0/500 185/500  loss: 0.9169  time 0.15s
  warnings.warn(
/home/karimimonsefi.1/SSL_VAN/BRATS21/trainer.py:73: UserWarning: Epoch 0/500 186/500  loss: 0.9173  time 0.15s
  warnings.warn(
/home/karimimonsefi.1/SSL_VAN/BRATS21/trainer.py:73: UserWarning: Epoch 0/500 187/500  loss: 0.9171  time 0.15s
  warnings.warn(
/home/karimimonsefi.1/SSL_VAN/BRATS21/trainer.py:73: UserWarning: Epoch 0/500 188/500  loss: 0.9175  time 0.15s
  warnings.warn(
/home/karimimonsefi.1/SSL_VAN/BRATS21/trainer.py:73: UserWarning: Epoch 0/500 189/500  loss: 0.9173  time 0.15s
  warnings.warn(
