/var/spool/slurmd/job72727/slurm_script: line 11: cd: SSL_VAN: No such file or directory

----------------------------------------------------------------------------
  cuda:
----------------------------------------------------------------------------
     Versions:
        cuda/10.2
        cuda/11.0
        cuda/11.2
        cuda/11.3
        cuda/11.4
        cuda/11.5
        cuda/11.6
        cuda/11.7
        cuda/11.8
        cuda/12.0

----------------------------------------------------------------------------
  For detailed information about a specific "cuda" package (including how to load the modules) use the module's full name.
  Note that names that have a trailing (E) are extensions provided by other modules.
  For example:

     $ module spider cuda/12.0
----------------------------------------------------------------------------

 


CommandNotFoundError: Your shell has not been properly configured to use 'conda activate'.
To initialize your shell, run

    $ conda init <SHELL_NAME>

Currently supported shells are:
  - bash
  - fish
  - tcsh
  - xonsh
  - zsh
  - powershell

See 'conda init --help' for more information and options.

IMPORTANT: You may need to close and restart your shell after running 'conda init'.


/home/karimimonsefi.1/miniconda3/lib/python3.9/site-packages/mmcv/__init__.py:20: UserWarning: On January 1, 2023, MMCV will release v2.0.0, in which it will remove components related to the training process and add a data transformation module. In addition, it will rename the package names mmcv to mmcv-lite and mmcv-full to mmcv. See https://github.com/open-mmlab/mmcv/blob/master/docs/en/compatibility.md for more details.
  warnings.warn(
/home/karimimonsefi.1/SSL_VAN/MSD/main.py:155: UserWarning: 0 gpu 0
  warnings.warn(f"{args.rank} gpu {args.gpu}")
/home/karimimonsefi.1/SSL_VAN/MSD/main.py:157: UserWarning: Batch size is: 1 epochs 10 and task is Task10_Colon
  warnings.warn(f"Batch size is: {args.batch_size} epochs {args.max_epochs} and task is {args.task}")
/home/karimimonsefi.1/miniconda3/lib/python3.9/site-packages/monai/transforms/post/array.py:176: UserWarning: `to_onehot=True/False` is deprecated, please use `to_onehot=num_classes` instead.
  warnings.warn("`to_onehot=True/False` is deprecated, please use `to_onehot=num_classes` instead.")
/home/karimimonsefi.1/SSL_VAN/MSD/main.py:190: UserWarning: Total parameters count 6981560
  warnings.warn(f"Total parameters count {pytorch_total_params}")
/home/karimimonsefi.1/SSL_VAN/MSD/main.py:193: UserWarning: Total args.checkpoint True
  warnings.warn(f"Total args.checkpoint {args.checkpoint}")
/home/karimimonsefi.1/SSL_VAN/commons/util.py:6: UserWarning:  base_url is 64-128-256-512_3-4-6-3_8-8-4-4_vae_inferer_valid_loader_BasicUNetPlusPlus_Task10_Colon
  warnings.warn(f" base_url is {base_url}")
/home/karimimonsefi.1/SSL_VAN/commons/util.py:8: UserWarning:  output_url 1 is ./runs/MSD_new/test_log/output_True_False
  warnings.warn(f" output_url 1 is {output_url}")
/home/karimimonsefi.1/SSL_VAN/commons/util.py:9: UserWarning:  exists 1 is True
  warnings.warn(f" exists 1 is {os.path.exists(output_url)}")
/home/karimimonsefi.1/SSL_VAN/commons/util.py:13: UserWarning:  output_url 2 is ./runs/MSD_new/test_log/output_True_False/64-128-256-512_3-4-6-3_8-8-4-4_vae_inferer_valid_loader_BasicUNetPlusPlus_Task10_Colon
  warnings.warn(f" output_url 2 is {output_url}")
/home/karimimonsefi.1/SSL_VAN/commons/util.py:14: UserWarning:  exists 2 is False
  warnings.warn(f" exists 2 is {os.path.exists(output_url)}")
/home/karimimonsefi.1/SSL_VAN/commons/util.py:20: UserWarning:  Best url model is 64-128-256-512_3-4-6-3_8-8-4-4_vae_inferer_valid_loader_BasicUNetPlusPlus_Task10_Colon__best.pt, final model url is 64-128-256-512_3-4-6-3_8-8-4-4_vae_inferer_valid_loader_BasicUNetPlusPlus_Task10_Colon__final.pt
  warnings.warn(f" Best url model is {args.best_model_url}, final model url is {args.final_model_url}")
/home/karimimonsefi.1/SSL_VAN/MSD/main.py:207: UserWarning: => loaded checkpoint 'True' (epoch 844) (bestacc 0.7846778631210327)
  warnings.warn("=> loaded checkpoint '{}' (epoch {}) (bestacc {})".format(
BasicUNetPlusPlus features: (32, 32, 64, 128, 256, 32).
/home/karimimonsefi.1/SSL_VAN/MSD/tester.py:26: UserWarning: image_name colon_015.nii.gz
  warnings.warn("image_name {}".format(image_name))
/home/karimimonsefi.1/miniconda3/lib/python3.9/site-packages/monai/metrics/hausdorff_distance.py:166: UserWarning: the ground truth of class 0 is all 0, this may result in nan/inf distance.
  warnings.warn(f"the ground truth of class {c} is all 0, this may result in nan/inf distance.")
/home/karimimonsefi.1/miniconda3/lib/python3.9/site-packages/numpy/lib/function_base.py:4573: RuntimeWarning: invalid value encountered in subtract
  diff_b_a = subtract(b, a)
/home/karimimonsefi.1/miniconda3/lib/python3.9/site-packages/monai/metrics/hausdorff_distance.py:166: UserWarning: the ground truth of class 2 is all 0, this may result in nan/inf distance.
  warnings.warn(f"the ground truth of class {c} is all 0, this may result in nan/inf distance.")
/home/karimimonsefi.1/miniconda3/lib/python3.9/site-packages/monai/metrics/hausdorff_distance.py:168: UserWarning: the prediction of class 2 is all 0, this may result in nan/inf distance.
  warnings.warn(f"the prediction of class {c} is all 0, this may result in nan/inf distance.")
/home/karimimonsefi.1/miniconda3/lib/python3.9/site-packages/monai/metrics/hausdorff_distance.py:166: UserWarning: the ground truth of class 3 is all 0, this may result in nan/inf distance.
  warnings.warn(f"the ground truth of class {c} is all 0, this may result in nan/inf distance.")
/home/karimimonsefi.1/miniconda3/lib/python3.9/site-packages/monai/metrics/hausdorff_distance.py:168: UserWarning: the prediction of class 3 is all 0, this may result in nan/inf distance.
  warnings.warn(f"the prediction of class {c} is all 0, this may result in nan/inf distance.")
/home/karimimonsefi.1/miniconda3/lib/python3.9/site-packages/monai/metrics/hausdorff_distance.py:166: UserWarning: the ground truth of class 4 is all 0, this may result in nan/inf distance.
  warnings.warn(f"the ground truth of class {c} is all 0, this may result in nan/inf distance.")
/home/karimimonsefi.1/miniconda3/lib/python3.9/site-packages/monai/metrics/hausdorff_distance.py:168: UserWarning: the prediction of class 4 is all 0, this may result in nan/inf distance.
  warnings.warn(f"the prediction of class {c} is all 0, this may result in nan/inf distance.")
/home/karimimonsefi.1/miniconda3/lib/python3.9/site-packages/monai/metrics/hausdorff_distance.py:166: UserWarning: the ground truth of class 5 is all 0, this may result in nan/inf distance.
  warnings.warn(f"the ground truth of class {c} is all 0, this may result in nan/inf distance.")
/home/karimimonsefi.1/miniconda3/lib/python3.9/site-packages/monai/metrics/hausdorff_distance.py:168: UserWarning: the prediction of class 5 is all 0, this may result in nan/inf distance.
  warnings.warn(f"the prediction of class {c} is all 0, this may result in nan/inf distance.")
/home/karimimonsefi.1/miniconda3/lib/python3.9/site-packages/monai/metrics/hausdorff_distance.py:166: UserWarning: the ground truth of class 6 is all 0, this may result in nan/inf distance.
  warnings.warn(f"the ground truth of class {c} is all 0, this may result in nan/inf distance.")
/home/karimimonsefi.1/miniconda3/lib/python3.9/site-packages/monai/metrics/hausdorff_distance.py:168: UserWarning: the prediction of class 6 is all 0, this may result in nan/inf distance.
  warnings.warn(f"the prediction of class {c} is all 0, this may result in nan/inf distance.")
/home/karimimonsefi.1/miniconda3/lib/python3.9/site-packages/monai/metrics/hausdorff_distance.py:166: UserWarning: the ground truth of class 7 is all 0, this may result in nan/inf distance.
  warnings.warn(f"the ground truth of class {c} is all 0, this may result in nan/inf distance.")
/home/karimimonsefi.1/miniconda3/lib/python3.9/site-packages/monai/metrics/hausdorff_distance.py:168: UserWarning: the prediction of class 7 is all 0, this may result in nan/inf distance.
  warnings.warn(f"the prediction of class {c} is all 0, this may result in nan/inf distance.")
/home/karimimonsefi.1/miniconda3/lib/python3.9/site-packages/monai/metrics/hausdorff_distance.py:166: UserWarning: the ground truth of class 8 is all 0, this may result in nan/inf distance.
  warnings.warn(f"the ground truth of class {c} is all 0, this may result in nan/inf distance.")
/home/karimimonsefi.1/miniconda3/lib/python3.9/site-packages/monai/metrics/hausdorff_distance.py:168: UserWarning: the prediction of class 8 is all 0, this may result in nan/inf distance.
  warnings.warn(f"the prediction of class {c} is all 0, this may result in nan/inf distance.")
/home/karimimonsefi.1/miniconda3/lib/python3.9/site-packages/monai/metrics/hausdorff_distance.py:166: UserWarning: the ground truth of class 9 is all 0, this may result in nan/inf distance.
  warnings.warn(f"the ground truth of class {c} is all 0, this may result in nan/inf distance.")
/home/karimimonsefi.1/miniconda3/lib/python3.9/site-packages/monai/metrics/hausdorff_distance.py:168: UserWarning: the prediction of class 9 is all 0, this may result in nan/inf distance.
  warnings.warn(f"the prediction of class {c} is all 0, this may result in nan/inf distance.")
/home/karimimonsefi.1/miniconda3/lib/python3.9/site-packages/monai/metrics/hausdorff_distance.py:166: UserWarning: the ground truth of class 10 is all 0, this may result in nan/inf distance.
  warnings.warn(f"the ground truth of class {c} is all 0, this may result in nan/inf distance.")
/home/karimimonsefi.1/miniconda3/lib/python3.9/site-packages/monai/metrics/hausdorff_distance.py:168: UserWarning: the prediction of class 10 is all 0, this may result in nan/inf distance.
  warnings.warn(f"the prediction of class {c} is all 0, this may result in nan/inf distance.")
/home/karimimonsefi.1/miniconda3/lib/python3.9/site-packages/monai/metrics/hausdorff_distance.py:166: UserWarning: the ground truth of class 11 is all 0, this may result in nan/inf distance.
  warnings.warn(f"the ground truth of class {c} is all 0, this may result in nan/inf distance.")
/home/karimimonsefi.1/miniconda3/lib/python3.9/site-packages/monai/metrics/hausdorff_distance.py:168: UserWarning: the prediction of class 11 is all 0, this may result in nan/inf distance.
  warnings.warn(f"the prediction of class {c} is all 0, this may result in nan/inf distance.")
/home/karimimonsefi.1/miniconda3/lib/python3.9/site-packages/monai/metrics/hausdorff_distance.py:166: UserWarning: the ground truth of class 12 is all 0, this may result in nan/inf distance.
  warnings.warn(f"the ground truth of class {c} is all 0, this may result in nan/inf distance.")
/home/karimimonsefi.1/miniconda3/lib/python3.9/site-packages/monai/metrics/hausdorff_distance.py:168: UserWarning: the prediction of class 12 is all 0, this may result in nan/inf distance.
  warnings.warn(f"the prediction of class {c} is all 0, this may result in nan/inf distance.")
/home/karimimonsefi.1/miniconda3/lib/python3.9/site-packages/monai/metrics/hausdorff_distance.py:166: UserWarning: the ground truth of class 13 is all 0, this may result in nan/inf distance.
  warnings.warn(f"the ground truth of class {c} is all 0, this may result in nan/inf distance.")
/home/karimimonsefi.1/miniconda3/lib/python3.9/site-packages/monai/metrics/hausdorff_distance.py:168: UserWarning: the prediction of class 13 is all 0, this may result in nan/inf distance.
  warnings.warn(f"the prediction of class {c} is all 0, this may result in nan/inf distance.")
/home/karimimonsefi.1/SSL_VAN/MSD/tester.py:63: UserWarning: temp 0
  warnings.warn("temp {}".format(temp))
/home/karimimonsefi.1/SSL_VAN/MSD/tester.py:64: UserWarning: hd_distance tensor([[     nan, 384.1901,      nan,      nan,      nan,      nan,      nan,
              nan,      nan,      nan,      nan,      nan,      nan,      nan]],
       dtype=torch.float64)
  warnings.warn("hd_distance {}".format(hd_distance))
/home/karimimonsefi.1/SSL_VAN/MSD/tester.py:75: UserWarning: test 0/135, len is 14
  warnings.warn("test {}/{}, len is {}".format(idx, len(loader), list_size))
/home/karimimonsefi.1/SSL_VAN/MSD/tester.py:77: UserWarning: 0: 0.9999643564224243,
  warnings.warn("{}: {},".format(i, run_acc.avg[i]))
/home/karimimonsefi.1/SSL_VAN/MSD/tester.py:77: UserWarning: 1: 0.8780601024627686,
  warnings.warn("{}: {},".format(i, run_acc.avg[i]))
/home/karimimonsefi.1/SSL_VAN/MSD/tester.py:77: UserWarning: 2: 1.0,
  warnings.warn("{}: {},".format(i, run_acc.avg[i]))
/home/karimimonsefi.1/SSL_VAN/MSD/tester.py:77: UserWarning: 3: 1.0,
  warnings.warn("{}: {},".format(i, run_acc.avg[i]))
/home/karimimonsefi.1/SSL_VAN/MSD/tester.py:77: UserWarning: 4: 1.0,
  warnings.warn("{}: {},".format(i, run_acc.avg[i]))
/home/karimimonsefi.1/SSL_VAN/MSD/tester.py:77: UserWarning: 5: 1.0,
  warnings.warn("{}: {},".format(i, run_acc.avg[i]))
/home/karimimonsefi.1/SSL_VAN/MSD/tester.py:77: UserWarning: 6: 1.0,
  warnings.warn("{}: {},".format(i, run_acc.avg[i]))
/home/karimimonsefi.1/SSL_VAN/MSD/tester.py:77: UserWarning: 7: 1.0,
  warnings.warn("{}: {},".format(i, run_acc.avg[i]))
/home/karimimonsefi.1/SSL_VAN/MSD/tester.py:77: UserWarning: 8: 1.0,
  warnings.warn("{}: {},".format(i, run_acc.avg[i]))
/home/karimimonsefi.1/SSL_VAN/MSD/tester.py:77: UserWarning: 9: 1.0,
  warnings.warn("{}: {},".format(i, run_acc.avg[i]))
/home/karimimonsefi.1/SSL_VAN/MSD/tester.py:77: UserWarning: 10: 1.0,
  warnings.warn("{}: {},".format(i, run_acc.avg[i]))
/home/karimimonsefi.1/SSL_VAN/MSD/tester.py:77: UserWarning: 11: 1.0,
  warnings.warn("{}: {},".format(i, run_acc.avg[i]))
/home/karimimonsefi.1/SSL_VAN/MSD/tester.py:77: UserWarning: 12: 1.0,
  warnings.warn("{}: {},".format(i, run_acc.avg[i]))
/home/karimimonsefi.1/SSL_VAN/MSD/tester.py:77: UserWarning: 13: 1.0,
  warnings.warn("{}: {},".format(i, run_acc.avg[i]))
/home/karimimonsefi.1/SSL_VAN/MSD/tester.py:78: UserWarning: , HD95: [[ nan  384.190  nan  nan  nan  nan  nan  nan  nan  nan  nan  nan  nan
   nan]], time 121.09s
  warnings.warn(", HD95: {}, time {:.2f}s".format(hd95.avg, time.time() - start_time))
/home/karimimonsefi.1/SSL_VAN/MSD/tester.py:26: UserWarning: image_name colon_100.nii.gz
  warnings.warn("image_name {}".format(image_name))
/home/karimimonsefi.1/SSL_VAN/MSD/tester.py:63: UserWarning: temp [[ nan  384.190  nan  nan  nan  nan  nan  nan  nan  nan  nan  nan  nan
   nan]]
  warnings.warn("temp {}".format(temp))
/home/karimimonsefi.1/SSL_VAN/MSD/tester.py:64: UserWarning: hd_distance tensor([[     nan, 285.2470,      nan,      nan,      nan,      nan,      nan,
              nan,      nan,      nan,      nan,      nan,      nan,      nan]],
       dtype=torch.float64)
  warnings.warn("hd_distance {}".format(hd_distance))
/home/karimimonsefi.1/SSL_VAN/MSD/tester.py:75: UserWarning: test 1/135, len is 14
  warnings.warn("test {}/{}, len is {}".format(idx, len(loader), list_size))
/home/karimimonsefi.1/SSL_VAN/MSD/tester.py:77: UserWarning: 0: 0.9999542236328125,
  warnings.warn("{}: {},".format(i, run_acc.avg[i]))
/home/karimimonsefi.1/SSL_VAN/MSD/tester.py:77: UserWarning: 1: 0.8713122606277466,
  warnings.warn("{}: {},".format(i, run_acc.avg[i]))
/home/karimimonsefi.1/SSL_VAN/MSD/tester.py:78: UserWarning: , HD95: [[ nan  334.719  nan  nan  nan  nan  nan  nan  nan  nan  nan  nan  nan
   nan]], time 35.46s
  warnings.warn(", HD95: {}, time {:.2f}s".format(hd95.avg, time.time() - start_time))
/home/karimimonsefi.1/SSL_VAN/MSD/tester.py:26: UserWarning: image_name colon_205.nii.gz
  warnings.warn("image_name {}".format(image_name))
/home/karimimonsefi.1/SSL_VAN/MSD/tester.py:63: UserWarning: temp [[ nan  334.719  nan  nan  nan  nan  nan  nan  nan  nan  nan  nan  nan
   nan]]
  warnings.warn("temp {}".format(temp))
/home/karimimonsefi.1/SSL_VAN/MSD/tester.py:64: UserWarning: hd_distance tensor([[     nan, 323.8367,      nan,      nan,      nan,      nan,      nan,
              nan,      nan,      nan,      nan,      nan,      nan,      nan]],
       dtype=torch.float64)
  warnings.warn("hd_distance {}".format(hd_distance))
/home/karimimonsefi.1/SSL_VAN/MSD/tester.py:75: UserWarning: test 2/135, len is 14
  warnings.warn("test {}/{}, len is {}".format(idx, len(loader), list_size))
/home/karimimonsefi.1/SSL_VAN/MSD/tester.py:77: UserWarning: 0: 0.9999428391456604,
  warnings.warn("{}: {},".format(i, run_acc.avg[i]))
/home/karimimonsefi.1/SSL_VAN/MSD/tester.py:77: UserWarning: 1: 0.8408985733985901,
  warnings.warn("{}: {},".format(i, run_acc.avg[i]))
/home/karimimonsefi.1/SSL_VAN/MSD/tester.py:78: UserWarning: , HD95: [[ nan  331.091  nan  nan  nan  nan  nan  nan  nan  nan  nan  nan  nan
   nan]], time 14.51s
  warnings.warn(", HD95: {}, time {:.2f}s".format(hd95.avg, time.time() - start_time))
/home/karimimonsefi.1/SSL_VAN/MSD/tester.py:26: UserWarning: image_name colon_072.nii.gz
  warnings.warn("image_name {}".format(image_name))
/home/karimimonsefi.1/SSL_VAN/MSD/tester.py:63: UserWarning: temp [[ nan  331.091  nan  nan  nan  nan  nan  nan  nan  nan  nan  nan  nan
   nan]]
  warnings.warn("temp {}".format(temp))
/home/karimimonsefi.1/SSL_VAN/MSD/tester.py:64: UserWarning: hd_distance tensor([[     nan, 337.0014,      nan,      nan,      nan,      nan,      nan,
              nan,      nan,      nan,      nan,      nan,      nan,      nan]],
       dtype=torch.float64)
  warnings.warn("hd_distance {}".format(hd_distance))
/home/karimimonsefi.1/SSL_VAN/MSD/tester.py:75: UserWarning: test 3/135, len is 14
  warnings.warn("test {}/{}, len is {}".format(idx, len(loader), list_size))
/home/karimimonsefi.1/SSL_VAN/MSD/tester.py:77: UserWarning: 0: 0.9999324083328247,
  warnings.warn("{}: {},".format(i, run_acc.avg[i]))
/home/karimimonsefi.1/SSL_VAN/MSD/tester.py:77: UserWarning: 1: 0.8508744239807129,
  warnings.warn("{}: {},".format(i, run_acc.avg[i]))
/home/karimimonsefi.1/SSL_VAN/MSD/tester.py:78: UserWarning: , HD95: [[ nan  332.569  nan  nan  nan  nan  nan  nan  nan  nan  nan  nan  nan
   nan]], time 33.43s
  warnings.warn(", HD95: {}, time {:.2f}s".format(hd95.avg, time.time() - start_time))
/home/karimimonsefi.1/SSL_VAN/MSD/tester.py:26: UserWarning: image_name colon_025.nii.gz
  warnings.warn("image_name {}".format(image_name))
/home/karimimonsefi.1/SSL_VAN/MSD/tester.py:63: UserWarning: temp [[ nan  332.569  nan  nan  nan  nan  nan  nan  nan  nan  nan  nan  nan
   nan]]
  warnings.warn("temp {}".format(temp))
/home/karimimonsefi.1/SSL_VAN/MSD/tester.py:64: UserWarning: hd_distance tensor([[     nan, 237.8577,      nan,      nan,      nan,      nan,      nan,
              nan,      nan,      nan,      nan,      nan,      nan,      nan]],
       dtype=torch.float64)
  warnings.warn("hd_distance {}".format(hd_distance))
/home/karimimonsefi.1/SSL_VAN/MSD/tester.py:75: UserWarning: test 4/135, len is 14
  warnings.warn("test {}/{}, len is {}".format(idx, len(loader), list_size))
/home/karimimonsefi.1/SSL_VAN/MSD/tester.py:77: UserWarning: 0: 0.9999351501464844,
  warnings.warn("{}: {},".format(i, run_acc.avg[i]))
/home/karimimonsefi.1/SSL_VAN/MSD/tester.py:77: UserWarning: 1: 0.7344215512275696,
  warnings.warn("{}: {},".format(i, run_acc.avg[i]))
/home/karimimonsefi.1/SSL_VAN/MSD/tester.py:78: UserWarning: , HD95: [[ nan  313.627  nan  nan  nan  nan  nan  nan  nan  nan  nan  nan  nan
   nan]], time 21.87s
  warnings.warn(", HD95: {}, time {:.2f}s".format(hd95.avg, time.time() - start_time))
/home/karimimonsefi.1/SSL_VAN/MSD/tester.py:26: UserWarning: image_name colon_106.nii.gz
  warnings.warn("image_name {}".format(image_name))
/home/karimimonsefi.1/SSL_VAN/MSD/tester.py:63: UserWarning: temp [[ nan  313.627  nan  nan  nan  nan  nan  nan  nan  nan  nan  nan  nan
   nan]]
  warnings.warn("temp {}".format(temp))
/home/karimimonsefi.1/SSL_VAN/MSD/tester.py:64: UserWarning: hd_distance tensor([[     nan, 392.9001,      nan,      nan,      nan,      nan,      nan,
              nan,      nan,      nan,      nan,      nan,      nan,      nan]],
       dtype=torch.float64)
  warnings.warn("hd_distance {}".format(hd_distance))
/home/karimimonsefi.1/SSL_VAN/MSD/tester.py:75: UserWarning: test 5/135, len is 14
  warnings.warn("test {}/{}, len is {}".format(idx, len(loader), list_size))
/home/karimimonsefi.1/SSL_VAN/MSD/tester.py:77: UserWarning: 0: 0.9999440312385559,
  warnings.warn("{}: {},".format(i, run_acc.avg[i]))
/home/karimimonsefi.1/SSL_VAN/MSD/tester.py:77: UserWarning: 1: 0.7554747462272644,
  warnings.warn("{}: {},".format(i, run_acc.avg[i]))
/home/karimimonsefi.1/SSL_VAN/MSD/tester.py:78: UserWarning: , HD95: [[ nan  326.839  nan  nan  nan  nan  nan  nan  nan  nan  nan  nan  nan
   nan]], time 30.22s
  warnings.warn(", HD95: {}, time {:.2f}s".format(hd95.avg, time.time() - start_time))
/home/karimimonsefi.1/SSL_VAN/MSD/tester.py:26: UserWarning: image_name colon_103.nii.gz
  warnings.warn("image_name {}".format(image_name))
/home/karimimonsefi.1/SSL_VAN/MSD/tester.py:63: UserWarning: temp [[ nan  326.839  nan  nan  nan  nan  nan  nan  nan  nan  nan  nan  nan
   nan]]
  warnings.warn("temp {}".format(temp))
/home/karimimonsefi.1/SSL_VAN/MSD/tester.py:64: UserWarning: hd_distance tensor([[     nan, 283.3964,      nan,      nan,      nan,      nan,      nan,
              nan,      nan,      nan,      nan,      nan,      nan,      nan]],
       dtype=torch.float64)
  warnings.warn("hd_distance {}".format(hd_distance))
/home/karimimonsefi.1/SSL_VAN/MSD/tester.py:75: UserWarning: test 6/135, len is 14
  warnings.warn("test {}/{}, len is {}".format(idx, len(loader), list_size))
/home/karimimonsefi.1/SSL_VAN/MSD/tester.py:77: UserWarning: 0: 0.9999433755874634,
  warnings.warn("{}: {},".format(i, run_acc.avg[i]))
/home/karimimonsefi.1/SSL_VAN/MSD/tester.py:77: UserWarning: 1: 0.7746180295944214,
  warnings.warn("{}: {},".format(i, run_acc.avg[i]))
/home/karimimonsefi.1/SSL_VAN/MSD/tester.py:78: UserWarning: , HD95: [[ nan  320.633  nan  nan  nan  nan  nan  nan  nan  nan  nan  nan  nan
   nan]], time 30.08s
  warnings.warn(", HD95: {}, time {:.2f}s".format(hd95.avg, time.time() - start_time))
/home/karimimonsefi.1/SSL_VAN/MSD/tester.py:26: UserWarning: image_name colon_163.nii.gz
  warnings.warn("image_name {}".format(image_name))
/home/karimimonsefi.1/SSL_VAN/MSD/tester.py:63: UserWarning: temp [[ nan  320.633  nan  nan  nan  nan  nan  nan  nan  nan  nan  nan  nan
   nan]]
  warnings.warn("temp {}".format(temp))
/home/karimimonsefi.1/SSL_VAN/MSD/tester.py:64: UserWarning: hd_distance tensor([[     nan, 397.2461,      nan,      nan,      nan,      nan,      nan,
              nan,      nan,      nan,      nan,      nan,      nan,      nan]],
       dtype=torch.float64)
  warnings.warn("hd_distance {}".format(hd_distance))
/home/karimimonsefi.1/SSL_VAN/MSD/tester.py:75: UserWarning: test 7/135, len is 14
  warnings.warn("test {}/{}, len is {}".format(idx, len(loader), list_size))
/home/karimimonsefi.1/SSL_VAN/MSD/tester.py:77: UserWarning: 0: 0.9999467134475708,
  warnings.warn("{}: {},".format(i, run_acc.avg[i]))
/home/karimimonsefi.1/SSL_VAN/MSD/tester.py:77: UserWarning: 1: 0.7762256860733032,
  warnings.warn("{}: {},".format(i, run_acc.avg[i]))
/home/karimimonsefi.1/SSL_VAN/MSD/tester.py:78: UserWarning: , HD95: [[ nan  330.209  nan  nan  nan  nan  nan  nan  nan  nan  nan  nan  nan
   nan]], time 43.07s
  warnings.warn(", HD95: {}, time {:.2f}s".format(hd95.avg, time.time() - start_time))
/home/karimimonsefi.1/SSL_VAN/MSD/tester.py:26: UserWarning: image_name colon_212.nii.gz
  warnings.warn("image_name {}".format(image_name))
Traceback (most recent call last):
  File "/home/karimimonsefi.1/SSL_VAN/MSD/main.py", line 261, in <module>
    main()
  File "/home/karimimonsefi.1/SSL_VAN/MSD/main.py", line 139, in main
    main_worker(gpu=0, args=args)
  File "/home/karimimonsefi.1/SSL_VAN/MSD/main.py", line 220, in main_worker
    accuracy = run_testing(model=model,
  File "/home/karimimonsefi.1/SSL_VAN/MSD/tester.py", line 96, in run_testing
    test_avg_acc, hd95_avg = test_eval(
  File "/home/karimimonsefi.1/SSL_VAN/MSD/tester.py", line 34, in test_eval
    logits = model_inferer(data)
  File "/home/karimimonsefi.1/miniconda3/lib/python3.9/site-packages/monai/inferers/utils.py", line 248, in sliding_window_inference
    output_image_list[ss] = (output_image_list[ss] / count_map_list.pop(0)).to(compute_dtype)
torch.cuda.OutOfMemoryError: CUDA out of memory. Tried to allocate 7.30 GiB (GPU 0; 39.42 GiB total capacity; 31.65 GiB already allocated; 5.12 GiB free; 32.72 GiB reserved in total by PyTorch) If reserved memory is >> allocated memory try setting max_split_size_mb to avoid fragmentation.  See documentation for Memory Management and PYTORCH_CUDA_ALLOC_CONF
