
----------------------------------------------------------------------------
  cuda:
----------------------------------------------------------------------------
     Versions:
        cuda/10.2
        cuda/11.0
        cuda/11.2
        cuda/11.3
        cuda/11.4
        cuda/11.5
        cuda/11.6
        cuda/11.7
        cuda/11.8
        cuda/12.0

----------------------------------------------------------------------------
  For detailed information about a specific "cuda" package (including how to load the modules) use the module's full name.
  Note that names that have a trailing (E) are extensions provided by other modules.
  For example:

     $ module spider cuda/12.0
----------------------------------------------------------------------------

 


CommandNotFoundError: Your shell has not been properly configured to use 'conda activate'.
To initialize your shell, run

    $ conda init <SHELL_NAME>

Currently supported shells are:
  - bash
  - fish
  - tcsh
  - xonsh
  - zsh
  - powershell

See 'conda init --help' for more information and options.

IMPORTANT: You may need to close and restart your shell after running 'conda init'.


/home/karimimonsefi.1/miniconda3/lib/python3.9/site-packages/mmcv/__init__.py:20: UserWarning: On January 1, 2023, MMCV will release v2.0.0, in which it will remove components related to the training process and add a data transformation module. In addition, it will rename the package names mmcv to mmcv-lite and mmcv-full to mmcv. See https://github.com/open-mmlab/mmcv/blob/master/docs/en/compatibility.md for more details.
  warnings.warn(
/home/karimimonsefi.1/SSL_VAN/pretrain/main.py:140: UserWarning: 0 gpu 0
  warnings.warn(f"{args.rank} gpu {args.gpu}")
/home/karimimonsefi.1/SSL_VAN/pretrain/main.py:142: UserWarning: Batch size is: 1 epochs 100
  warnings.warn(f"Batch size is: {args.batch_size} epochs {args.max_epochs}")
/home/karimimonsefi.1/SSL_VAN/commons/model_factory.py:345: UserWarning: embed_dims factory = [64, 128, 256, 512]
  warnings.warn(f'embed_dims factory = {args.embed_dims}')
/home/karimimonsefi.1/SSL_VAN/pretrain/main.py:150: UserWarning: Total parameters count 75903723
  warnings.warn(f"Total parameters count {pytorch_total_params}")
/home/karimimonsefi.1/SSL_VAN/pretrain/main.py:153: UserWarning: Total args.checkpoint True
  warnings.warn(f"Total args.checkpoint {args.checkpoint}")
/home/karimimonsefi.1/SSL_VAN/pretrain/main.py:164: UserWarning:  Best url model is pre_train_64-128-256-512_3-4-6-3_8-8-4-4_vae_inferer_valid_loader_PREVANV4121GL_2_10_500_128_True_5_pre_version2__best.pt, final model url is pre_train_64-128-256-512_3-4-6-3_8-8-4-4_vae_inferer_valid_loader_PREVANV4121GL_2_10_500_128_True_5_pre_version2__final.pt
  warnings.warn(f" Best url model is {args.best_model_url}, final model url is {args.final_model_url}")
/home/karimimonsefi.1/SSL_VAN/pretrain/main.py:173: UserWarning: => loaded checkpoint 'True' (epoch 2) (best_loss 1.3642003538287153)
  warnings.warn("=> loaded checkpoint '{}' (epoch {}) (best_loss {})".format(
/home/karimimonsefi.1/SSL_VAN/pretrain/training_2.py:124: UserWarning: Writing Tensorboard logs to ./runs/pre_train_1/test_log
  warnings.warn(f"Writing Tensorboard logs to {args.logdir}")
/home/karimimonsefi.1/SSL_VAN/pretrain/training_2.py:134: UserWarning: 0  Fri Jul 21 15:16:32 2023  Epoch: 2
  warnings.warn(f"{args.rank}  {time.ctime()}  Epoch: {epoch}")
Dataset 1 LUNA16: OK number of data: 842
Dataset 2 Covid 19: OK number of data: 722
Dataset 3 HNSCC: OK number of data: 954
Dataset 4 TCIA Colon: OK number of data: 1532
Dataset 5 TCIA LIDC: OK number of data: 450
Dataset all training: number of data: 4500
loader is ready
/home/karimimonsefi.1/SSL_VAN/pretrain/training_2.py:76: UserWarning: Epoch 2/100 0/4500  loss: 1.538954028  time 126.55s
  warnings.warn(
/home/karimimonsefi.1/SSL_VAN/pretrain/training_2.py:76: UserWarning: Epoch 2/100 1/4500  loss: 1.258816018  time 2.16s
  warnings.warn(
/home/karimimonsefi.1/SSL_VAN/pretrain/training_2.py:76: UserWarning: Epoch 2/100 2/4500  loss: 1.007512905  time 0.98s
  warnings.warn(
/home/karimimonsefi.1/SSL_VAN/pretrain/training_2.py:76: UserWarning: Epoch 2/100 3/4500  loss: 1.102776742  time 0.68s
  warnings.warn(
/home/karimimonsefi.1/SSL_VAN/pretrain/training_2.py:76: UserWarning: Epoch 2/100 4/4500  loss: 1.075980683  time 1.09s
  warnings.warn(
/home/karimimonsefi.1/SSL_VAN/pretrain/training_2.py:76: UserWarning: Epoch 2/100 5/4500  loss: 1.078906160  time 0.99s
  warnings.warn(
/home/karimimonsefi.1/SSL_VAN/pretrain/training_2.py:76: UserWarning: Epoch 2/100 6/4500  loss: 1.262033393  time 0.94s
  warnings.warn(
/home/karimimonsefi.1/SSL_VAN/pretrain/training_2.py:76: UserWarning: Epoch 2/100 7/4500  loss: 1.208446799  time 0.96s
  warnings.warn(
/home/karimimonsefi.1/SSL_VAN/pretrain/training_2.py:76: UserWarning: Epoch 2/100 8/4500  loss: 1.279837381  time 0.92s
  warnings.warn(
/home/karimimonsefi.1/SSL_VAN/pretrain/training_2.py:76: UserWarning: Epoch 2/100 9/4500  loss: 1.203825642  time 0.82s
  warnings.warn(
/home/karimimonsefi.1/SSL_VAN/pretrain/training_2.py:76: UserWarning: Epoch 2/100 10/4500  loss: 1.138842131  time 1.06s
  warnings.warn(
/home/karimimonsefi.1/SSL_VAN/pretrain/training_2.py:76: UserWarning: Epoch 2/100 11/4500  loss: 1.072618634  time 1.02s
  warnings.warn(
/home/karimimonsefi.1/SSL_VAN/pretrain/training_2.py:76: UserWarning: Epoch 2/100 12/4500  loss: 1.070834611  time 0.85s
  warnings.warn(
/home/karimimonsefi.1/SSL_VAN/pretrain/training_2.py:76: UserWarning: Epoch 2/100 13/4500  loss: 1.012472311  time 0.98s
  warnings.warn(
/home/karimimonsefi.1/SSL_VAN/pretrain/training_2.py:76: UserWarning: Epoch 2/100 14/4500  loss: 1.011640784  time 0.95s
  warnings.warn(
/home/karimimonsefi.1/SSL_VAN/pretrain/training_2.py:76: UserWarning: Epoch 2/100 15/4500  loss: 1.033163758  time 0.93s
  warnings.warn(
/home/karimimonsefi.1/SSL_VAN/pretrain/training_2.py:76: UserWarning: Epoch 2/100 16/4500  loss: 1.012136368  time 0.89s
  warnings.warn(
/home/karimimonsefi.1/SSL_VAN/pretrain/training_2.py:76: UserWarning: Epoch 2/100 17/4500  loss: 1.041600769  time 1.03s
  warnings.warn(
/home/karimimonsefi.1/SSL_VAN/pretrain/training_2.py:76: UserWarning: Epoch 2/100 18/4500  loss: 1.021183282  time 10.27s
  warnings.warn(
/home/karimimonsefi.1/SSL_VAN/pretrain/training_2.py:76: UserWarning: Epoch 2/100 19/4500  loss: 1.005321832  time 32.22s
  warnings.warn(
/home/karimimonsefi.1/SSL_VAN/pretrain/training_2.py:76: UserWarning: Epoch 2/100 20/4500  loss: 1.015236885  time 0.93s
  warnings.warn(
/home/karimimonsefi.1/SSL_VAN/pretrain/training_2.py:76: UserWarning: Epoch 2/100 21/4500  loss: 0.999119009  time 0.99s
  warnings.warn(
/home/karimimonsefi.1/SSL_VAN/pretrain/training_2.py:76: UserWarning: Epoch 2/100 22/4500  loss: 1.106817376  time 1.06s
  warnings.warn(
/home/karimimonsefi.1/SSL_VAN/pretrain/training_2.py:76: UserWarning: Epoch 2/100 23/4500  loss: 1.126986541  time 1.02s
  warnings.warn(
/home/karimimonsefi.1/SSL_VAN/pretrain/training_2.py:76: UserWarning: Epoch 2/100 24/4500  loss: 1.123299204  time 0.95s
  warnings.warn(
/home/karimimonsefi.1/SSL_VAN/pretrain/training_2.py:76: UserWarning: Epoch 2/100 25/4500  loss: 1.132223806  time 4.88s
  warnings.warn(
/home/karimimonsefi.1/SSL_VAN/pretrain/training_2.py:76: UserWarning: Epoch 2/100 26/4500  loss: 1.150226228  time 1.06s
  warnings.warn(
/home/karimimonsefi.1/SSL_VAN/pretrain/training_2.py:76: UserWarning: Epoch 2/100 27/4500  loss: 1.156695590  time 38.26s
  warnings.warn(
/home/karimimonsefi.1/SSL_VAN/pretrain/training_2.py:76: UserWarning: Epoch 2/100 28/4500  loss: 1.148906136  time 0.98s
  warnings.warn(
/home/karimimonsefi.1/SSL_VAN/pretrain/training_2.py:76: UserWarning: Epoch 2/100 29/4500  loss: 1.167853890  time 0.98s
  warnings.warn(
/home/karimimonsefi.1/SSL_VAN/pretrain/training_2.py:76: UserWarning: Epoch 2/100 30/4500  loss: 1.154649178  time 0.98s
  warnings.warn(
/home/karimimonsefi.1/SSL_VAN/pretrain/training_2.py:76: UserWarning: Epoch 2/100 31/4500  loss: 1.165147729  time 0.94s
  warnings.warn(
/home/karimimonsefi.1/SSL_VAN/pretrain/training_2.py:76: UserWarning: Epoch 2/100 32/4500  loss: 1.184395317  time 0.91s
  warnings.warn(
/home/karimimonsefi.1/SSL_VAN/pretrain/training_2.py:76: UserWarning: Epoch 2/100 33/4500  loss: 1.177631653  time 1.01s
  warnings.warn(
/home/karimimonsefi.1/SSL_VAN/pretrain/training_2.py:76: UserWarning: Epoch 2/100 34/4500  loss: 1.152857919  time 1.12s
  warnings.warn(
/home/karimimonsefi.1/SSL_VAN/pretrain/training_2.py:76: UserWarning: Epoch 2/100 35/4500  loss: 1.135558480  time 33.94s
  warnings.warn(
/home/karimimonsefi.1/SSL_VAN/pretrain/training_2.py:76: UserWarning: Epoch 2/100 36/4500  loss: 1.222710812  time 0.93s
  warnings.warn(
/home/karimimonsefi.1/SSL_VAN/pretrain/training_2.py:76: UserWarning: Epoch 2/100 37/4500  loss: 1.209614508  time 0.94s
  warnings.warn(
/home/karimimonsefi.1/SSL_VAN/pretrain/training_2.py:76: UserWarning: Epoch 2/100 38/4500  loss: 1.210641566  time 0.98s
  warnings.warn(
/home/karimimonsefi.1/SSL_VAN/pretrain/training_2.py:76: UserWarning: Epoch 2/100 39/4500  loss: 1.228534265  time 0.88s
  warnings.warn(
/home/karimimonsefi.1/SSL_VAN/pretrain/training_2.py:76: UserWarning: Epoch 2/100 40/4500  loss: 1.237905738  time 0.87s
  warnings.warn(
/home/karimimonsefi.1/SSL_VAN/pretrain/training_2.py:76: UserWarning: Epoch 2/100 41/4500  loss: 1.237061780  time 0.81s
  warnings.warn(
/home/karimimonsefi.1/SSL_VAN/pretrain/training_2.py:76: UserWarning: Epoch 2/100 42/4500  loss: 1.228298587  time 0.96s
  warnings.warn(
/home/karimimonsefi.1/SSL_VAN/pretrain/training_2.py:76: UserWarning: Epoch 2/100 43/4500  loss: 1.243612304  time 2.55s
  warnings.warn(
/home/karimimonsefi.1/SSL_VAN/pretrain/training_2.py:76: UserWarning: Epoch 2/100 44/4500  loss: 1.256965962  time 9.31s
  warnings.warn(
/home/karimimonsefi.1/SSL_VAN/pretrain/training_2.py:76: UserWarning: Epoch 2/100 45/4500  loss: 1.277882166  time 0.87s
  warnings.warn(
/home/karimimonsefi.1/SSL_VAN/pretrain/training_2.py:76: UserWarning: Epoch 2/100 46/4500  loss: 1.274649341  time 0.89s
  warnings.warn(
/home/karimimonsefi.1/SSL_VAN/pretrain/training_2.py:76: UserWarning: Epoch 2/100 47/4500  loss: 1.323958498  time 0.84s
  warnings.warn(
/home/karimimonsefi.1/SSL_VAN/pretrain/training_2.py:76: UserWarning: Epoch 2/100 48/4500  loss: 1.336434304  time 0.88s
  warnings.warn(
/home/karimimonsefi.1/SSL_VAN/pretrain/training_2.py:76: UserWarning: Epoch 2/100 49/4500  loss: 1.331691005  time 7.89s
  warnings.warn(
/home/karimimonsefi.1/SSL_VAN/pretrain/training_2.py:76: UserWarning: Epoch 2/100 50/4500  loss: 1.326367886  time 0.86s
  warnings.warn(
/home/karimimonsefi.1/SSL_VAN/pretrain/training_2.py:76: UserWarning: Epoch 2/100 51/4500  loss: 1.327911065  time 27.06s
  warnings.warn(
/home/karimimonsefi.1/SSL_VAN/pretrain/training_2.py:76: UserWarning: Epoch 2/100 52/4500  loss: 1.347692116  time 6.99s
  warnings.warn(
/home/karimimonsefi.1/SSL_VAN/pretrain/training_2.py:76: UserWarning: Epoch 2/100 53/4500  loss: 1.346123765  time 0.97s
  warnings.warn(
/home/karimimonsefi.1/SSL_VAN/pretrain/training_2.py:76: UserWarning: Epoch 2/100 54/4500  loss: 1.324860020  time 0.95s
  warnings.warn(
/home/karimimonsefi.1/SSL_VAN/pretrain/training_2.py:76: UserWarning: Epoch 2/100 55/4500  loss: 1.337059827  time 0.91s
  warnings.warn(
/home/karimimonsefi.1/SSL_VAN/pretrain/training_2.py:76: UserWarning: Epoch 2/100 56/4500  loss: 1.321108078  time 0.96s
  warnings.warn(
/home/karimimonsefi.1/SSL_VAN/pretrain/training_2.py:76: UserWarning: Epoch 2/100 57/4500  loss: 1.353301957  time 0.92s
  warnings.warn(
/home/karimimonsefi.1/SSL_VAN/pretrain/training_2.py:76: UserWarning: Epoch 2/100 58/4500  loss: 1.354552259  time 0.96s
  warnings.warn(
/home/karimimonsefi.1/SSL_VAN/pretrain/training_2.py:76: UserWarning: Epoch 2/100 59/4500  loss: 1.355677348  time 25.69s
  warnings.warn(
/home/karimimonsefi.1/SSL_VAN/pretrain/training_2.py:76: UserWarning: Epoch 2/100 60/4500  loss: 1.353020757  time 0.91s
  warnings.warn(
/home/karimimonsefi.1/SSL_VAN/pretrain/training_2.py:76: UserWarning: Epoch 2/100 61/4500  loss: 1.362157486  time 0.92s
  warnings.warn(
/home/karimimonsefi.1/SSL_VAN/pretrain/training_2.py:76: UserWarning: Epoch 2/100 62/4500  loss: 1.343113831  time 0.99s
  warnings.warn(
/home/karimimonsefi.1/SSL_VAN/pretrain/training_2.py:76: UserWarning: Epoch 2/100 63/4500  loss: 1.351271405  time 1.00s
  warnings.warn(
/home/karimimonsefi.1/SSL_VAN/pretrain/training_2.py:76: UserWarning: Epoch 2/100 64/4500  loss: 1.370815042  time 0.91s
  warnings.warn(
/home/karimimonsefi.1/SSL_VAN/pretrain/training_2.py:76: UserWarning: Epoch 2/100 65/4500  loss: 1.408466749  time 13.13s
  warnings.warn(
/home/karimimonsefi.1/SSL_VAN/pretrain/training_2.py:76: UserWarning: Epoch 2/100 66/4500  loss: 1.396719158  time 0.93s
  warnings.warn(
/home/karimimonsefi.1/SSL_VAN/pretrain/training_2.py:76: UserWarning: Epoch 2/100 67/4500  loss: 1.386233888  time 29.04s
  warnings.warn(
/home/karimimonsefi.1/SSL_VAN/pretrain/training_2.py:76: UserWarning: Epoch 2/100 68/4500  loss: 1.376938086  time 0.95s
  warnings.warn(
/home/karimimonsefi.1/SSL_VAN/pretrain/training_2.py:76: UserWarning: Epoch 2/100 69/4500  loss: 1.382994419  time 0.93s
  warnings.warn(
/home/karimimonsefi.1/SSL_VAN/pretrain/training_2.py:76: UserWarning: Epoch 2/100 70/4500  loss: 1.415520214  time 1.02s
  warnings.warn(
/home/karimimonsefi.1/SSL_VAN/pretrain/training_2.py:76: UserWarning: Epoch 2/100 71/4500  loss: 1.431546077  time 0.92s
  warnings.warn(
/home/karimimonsefi.1/SSL_VAN/pretrain/training_2.py:76: UserWarning: Epoch 2/100 72/4500  loss: 1.422088115  time 0.89s
  warnings.warn(
/home/karimimonsefi.1/SSL_VAN/pretrain/training_2.py:76: UserWarning: Epoch 2/100 73/4500  loss: 1.412878757  time 0.83s
  warnings.warn(
/home/karimimonsefi.1/SSL_VAN/pretrain/training_2.py:76: UserWarning: Epoch 2/100 74/4500  loss: 1.407954283  time 1.07s
  warnings.warn(
/home/karimimonsefi.1/SSL_VAN/pretrain/training_2.py:76: UserWarning: Epoch 2/100 75/4500  loss: 1.428504380  time 2.50s
  warnings.warn(
/home/karimimonsefi.1/SSL_VAN/pretrain/training_2.py:76: UserWarning: Epoch 2/100 76/4500  loss: 1.419371266  time 4.06s
  warnings.warn(
/home/karimimonsefi.1/SSL_VAN/pretrain/training_2.py:76: UserWarning: Epoch 2/100 77/4500  loss: 1.409375401  time 1.07s
  warnings.warn(
/home/karimimonsefi.1/SSL_VAN/pretrain/training_2.py:76: UserWarning: Epoch 2/100 78/4500  loss: 1.407863255  time 1.01s
  warnings.warn(
/home/karimimonsefi.1/SSL_VAN/pretrain/training_2.py:76: UserWarning: Epoch 2/100 79/4500  loss: 1.424452956  time 0.94s
  warnings.warn(
/home/karimimonsefi.1/SSL_VAN/pretrain/training_2.py:76: UserWarning: Epoch 2/100 80/4500  loss: 1.411251803  time 1.10s
  warnings.warn(
/home/karimimonsefi.1/SSL_VAN/pretrain/training_2.py:76: UserWarning: Epoch 2/100 81/4500  loss: 1.427334099  time 15.22s
  warnings.warn(
/home/karimimonsefi.1/SSL_VAN/pretrain/training_2.py:76: UserWarning: Epoch 2/100 82/4500  loss: 1.425624490  time 1.00s
  warnings.warn(
/home/karimimonsefi.1/SSL_VAN/pretrain/training_2.py:76: UserWarning: Epoch 2/100 83/4500  loss: 1.414180290  time 0.88s
  warnings.warn(
/home/karimimonsefi.1/SSL_VAN/pretrain/training_2.py:76: UserWarning: Epoch 2/100 84/4500  loss: 1.420185628  time 1.65s
  warnings.warn(
/home/karimimonsefi.1/SSL_VAN/pretrain/training_2.py:76: UserWarning: Epoch 2/100 85/4500  loss: 1.432080647  time 0.87s
  warnings.warn(
/home/karimimonsefi.1/SSL_VAN/pretrain/training_2.py:76: UserWarning: Epoch 2/100 86/4500  loss: 1.427649803  time 1.18s
  warnings.warn(
/home/karimimonsefi.1/SSL_VAN/pretrain/training_2.py:76: UserWarning: Epoch 2/100 87/4500  loss: 1.423485590  time 0.98s
  warnings.warn(
/home/karimimonsefi.1/SSL_VAN/pretrain/training_2.py:76: UserWarning: Epoch 2/100 88/4500  loss: 1.425368710  time 1.09s
  warnings.warn(
/home/karimimonsefi.1/SSL_VAN/pretrain/training_2.py:76: UserWarning: Epoch 2/100 89/4500  loss: 1.433237289  time 1.09s
  warnings.warn(
/home/karimimonsefi.1/SSL_VAN/pretrain/training_2.py:76: UserWarning: Epoch 2/100 90/4500  loss: 1.454778997  time 1.10s
  warnings.warn(
/home/karimimonsefi.1/SSL_VAN/pretrain/training_2.py:76: UserWarning: Epoch 2/100 91/4500  loss: 1.452596107  time 0.98s
  warnings.warn(
/home/karimimonsefi.1/SSL_VAN/pretrain/training_2.py:76: UserWarning: Epoch 2/100 92/4500  loss: 1.441513641  time 22.73s
  warnings.warn(
/home/karimimonsefi.1/SSL_VAN/pretrain/training_2.py:76: UserWarning: Epoch 2/100 93/4500  loss: 1.439931182  time 0.89s
  warnings.warn(
/home/karimimonsefi.1/SSL_VAN/pretrain/training_2.py:76: UserWarning: Epoch 2/100 94/4500  loss: 1.437403576  time 0.80s
  warnings.warn(
/home/karimimonsefi.1/SSL_VAN/pretrain/training_2.py:76: UserWarning: Epoch 2/100 95/4500  loss: 1.440438598  time 0.98s
  warnings.warn(
/home/karimimonsefi.1/SSL_VAN/pretrain/training_2.py:76: UserWarning: Epoch 2/100 96/4500  loss: 1.450669432  time 1.02s
  warnings.warn(
/home/karimimonsefi.1/SSL_VAN/pretrain/training_2.py:76: UserWarning: Epoch 2/100 97/4500  loss: 1.452806570  time 0.94s
  warnings.warn(
/home/karimimonsefi.1/SSL_VAN/pretrain/training_2.py:76: UserWarning: Epoch 2/100 98/4500  loss: 1.441394769  time 0.91s
  warnings.warn(
/home/karimimonsefi.1/SSL_VAN/pretrain/training_2.py:76: UserWarning: Epoch 2/100 99/4500  loss: 1.441597161  time 1.00s
  warnings.warn(
/home/karimimonsefi.1/SSL_VAN/pretrain/training_2.py:80: UserWarning: SAVED => Epoch 2/100 99/4500  loss: 1.441597161, last best: 1.364200354,  time 1.00s
  warnings.warn(
/home/karimimonsefi.1/SSL_VAN/pretrain/training_2.py:107: UserWarning: Saving checkpoint ./runs/pre_train_1/test_log/pre_train_64-128-256-512_3-4-6-3_8-8-4-4_vae_inferer_valid_loader_PREVANV4121GL_2_10_500_128_True_5_pre_version2__final.pt
  warnings.warn(f"Saving checkpoint {filename}")
/home/karimimonsefi.1/SSL_VAN/pretrain/training_2.py:76: UserWarning: Epoch 2/100 100/4500  loss: 1.431846654  time 1.35s
  warnings.warn(
/home/karimimonsefi.1/SSL_VAN/pretrain/training_2.py:76: UserWarning: Epoch 2/100 101/4500  loss: 1.427818943  time 0.89s
  warnings.warn(
/home/karimimonsefi.1/SSL_VAN/pretrain/training_2.py:76: UserWarning: Epoch 2/100 102/4500  loss: 1.418092774  time 0.99s
  warnings.warn(
/home/karimimonsefi.1/SSL_VAN/pretrain/training_2.py:76: UserWarning: Epoch 2/100 103/4500  loss: 1.415383871  time 0.98s
  warnings.warn(
/home/karimimonsefi.1/SSL_VAN/pretrain/training_2.py:76: UserWarning: Epoch 2/100 104/4500  loss: 1.428669537  time 1.01s
  warnings.warn(
/home/karimimonsefi.1/SSL_VAN/pretrain/training_2.py:76: UserWarning: Epoch 2/100 105/4500  loss: 1.431582310  time 0.92s
  warnings.warn(
/home/karimimonsefi.1/SSL_VAN/pretrain/training_2.py:76: UserWarning: Epoch 2/100 106/4500  loss: 1.423019430  time 0.97s
  warnings.warn(
/home/karimimonsefi.1/SSL_VAN/pretrain/training_2.py:76: UserWarning: Epoch 2/100 107/4500  loss: 1.417486739  time 1.06s
  warnings.warn(
/home/karimimonsefi.1/SSL_VAN/pretrain/training_2.py:76: UserWarning: Epoch 2/100 108/4500  loss: 1.408305642  time 1.07s
  warnings.warn(
/home/karimimonsefi.1/SSL_VAN/pretrain/training_2.py:76: UserWarning: Epoch 2/100 109/4500  loss: 1.407397020  time 0.94s
  warnings.warn(
/home/karimimonsefi.1/SSL_VAN/pretrain/training_2.py:76: UserWarning: Epoch 2/100 110/4500  loss: 1.408586380  time 0.91s
  warnings.warn(
/home/karimimonsefi.1/SSL_VAN/pretrain/training_2.py:76: UserWarning: Epoch 2/100 111/4500  loss: 1.397619909  time 0.96s
  warnings.warn(
/home/karimimonsefi.1/SSL_VAN/pretrain/training_2.py:76: UserWarning: Epoch 2/100 112/4500  loss: 1.394234151  time 0.89s
  warnings.warn(
/home/karimimonsefi.1/SSL_VAN/pretrain/training_2.py:76: UserWarning: Epoch 2/100 113/4500  loss: 1.396208220  time 1.11s
  warnings.warn(
/home/karimimonsefi.1/SSL_VAN/pretrain/training_2.py:76: UserWarning: Epoch 2/100 114/4500  loss: 1.399530403  time 0.82s
  warnings.warn(
/home/karimimonsefi.1/SSL_VAN/pretrain/training_2.py:76: UserWarning: Epoch 2/100 115/4500  loss: 1.408328286  time 1.03s
  warnings.warn(
/home/karimimonsefi.1/SSL_VAN/pretrain/training_2.py:76: UserWarning: Epoch 2/100 116/4500  loss: 1.407470546  time 0.93s
  warnings.warn(
/home/karimimonsefi.1/SSL_VAN/pretrain/training_2.py:76: UserWarning: Epoch 2/100 117/4500  loss: 1.404769546  time 0.87s
  warnings.warn(
/home/karimimonsefi.1/SSL_VAN/pretrain/training_2.py:76: UserWarning: Epoch 2/100 118/4500  loss: 1.399383112  time 0.97s
  warnings.warn(
/home/karimimonsefi.1/SSL_VAN/pretrain/training_2.py:76: UserWarning: Epoch 2/100 119/4500  loss: 1.410109800  time 0.96s
  warnings.warn(
/home/karimimonsefi.1/SSL_VAN/pretrain/training_2.py:76: UserWarning: Epoch 2/100 120/4500  loss: 1.405692611  time 0.93s
  warnings.warn(
/home/karimimonsefi.1/SSL_VAN/pretrain/training_2.py:76: UserWarning: Epoch 2/100 121/4500  loss: 1.404018345  time 23.08s
  warnings.warn(
/home/karimimonsefi.1/SSL_VAN/pretrain/training_2.py:76: UserWarning: Epoch 2/100 122/4500  loss: 1.395927566  time 0.98s
  warnings.warn(
/home/karimimonsefi.1/SSL_VAN/pretrain/training_2.py:76: UserWarning: Epoch 2/100 123/4500  loss: 1.401132460  time 0.90s
  warnings.warn(
/home/karimimonsefi.1/SSL_VAN/pretrain/training_2.py:76: UserWarning: Epoch 2/100 124/4500  loss: 1.414061114  time 1.09s
  warnings.warn(
/home/karimimonsefi.1/SSL_VAN/pretrain/training_2.py:76: UserWarning: Epoch 2/100 125/4500  loss: 1.417038544  time 1.07s
  warnings.warn(
/home/karimimonsefi.1/SSL_VAN/pretrain/training_2.py:76: UserWarning: Epoch 2/100 126/4500  loss: 1.416430216  time 1.01s
  warnings.warn(
/home/karimimonsefi.1/SSL_VAN/pretrain/training_2.py:76: UserWarning: Epoch 2/100 127/4500  loss: 1.409732651  time 0.98s
  warnings.warn(
/home/karimimonsefi.1/SSL_VAN/pretrain/training_2.py:76: UserWarning: Epoch 2/100 128/4500  loss: 1.400280026  time 0.94s
  warnings.warn(
/home/karimimonsefi.1/SSL_VAN/pretrain/training_2.py:76: UserWarning: Epoch 2/100 129/4500  loss: 1.412547435  time 28.30s
  warnings.warn(
/home/karimimonsefi.1/SSL_VAN/pretrain/training_2.py:76: UserWarning: Epoch 2/100 130/4500  loss: 1.412701624  time 1.06s
  warnings.warn(
/home/karimimonsefi.1/SSL_VAN/pretrain/training_2.py:76: UserWarning: Epoch 2/100 131/4500  loss: 1.408246943  time 0.91s
  warnings.warn(
/home/karimimonsefi.1/SSL_VAN/pretrain/training_2.py:76: UserWarning: Epoch 2/100 132/4500  loss: 1.408425024  time 1.91s
  warnings.warn(
/home/karimimonsefi.1/SSL_VAN/pretrain/training_2.py:76: UserWarning: Epoch 2/100 133/4500  loss: 1.412747333  time 1.02s
  warnings.warn(
/home/karimimonsefi.1/SSL_VAN/pretrain/training_2.py:76: UserWarning: Epoch 2/100 134/4500  loss: 1.409114500  time 0.90s
  warnings.warn(
/home/karimimonsefi.1/SSL_VAN/pretrain/training_2.py:76: UserWarning: Epoch 2/100 135/4500  loss: 1.409631225  time 0.95s
  warnings.warn(
/home/karimimonsefi.1/SSL_VAN/pretrain/training_2.py:76: UserWarning: Epoch 2/100 136/4500  loss: 1.421216517  time 0.88s
  warnings.warn(
/home/karimimonsefi.1/SSL_VAN/pretrain/training_2.py:76: UserWarning: Epoch 2/100 137/4500  loss: 1.421690823  time 0.91s
  warnings.warn(
/home/karimimonsefi.1/SSL_VAN/pretrain/training_2.py:76: UserWarning: Epoch 2/100 138/4500  loss: 1.427756554  time 0.96s
  warnings.warn(
/home/karimimonsefi.1/SSL_VAN/pretrain/training_2.py:76: UserWarning: Epoch 2/100 139/4500  loss: 1.430530396  time 1.01s
  warnings.warn(
/home/karimimonsefi.1/SSL_VAN/pretrain/training_2.py:76: UserWarning: Epoch 2/100 140/4500  loss: 1.424161213  time 33.86s
  warnings.warn(
/home/karimimonsefi.1/SSL_VAN/pretrain/training_2.py:76: UserWarning: Epoch 2/100 141/4500  loss: 1.432762243  time 0.97s
  warnings.warn(
/home/karimimonsefi.1/SSL_VAN/pretrain/training_2.py:76: UserWarning: Epoch 2/100 142/4500  loss: 1.435756670  time 1.02s
  warnings.warn(
/home/karimimonsefi.1/SSL_VAN/pretrain/training_2.py:76: UserWarning: Epoch 2/100 143/4500  loss: 1.443255405  time 1.05s
  warnings.warn(
/home/karimimonsefi.1/SSL_VAN/pretrain/training_2.py:76: UserWarning: Epoch 2/100 144/4500  loss: 1.440238078  time 0.99s
  warnings.warn(
/home/karimimonsefi.1/SSL_VAN/pretrain/training_2.py:76: UserWarning: Epoch 2/100 145/4500  loss: 1.432552124  time 1.02s
  warnings.warn(
/home/karimimonsefi.1/SSL_VAN/pretrain/training_2.py:76: UserWarning: Epoch 2/100 146/4500  loss: 1.426226205  time 1.03s
  warnings.warn(
/home/karimimonsefi.1/SSL_VAN/pretrain/training_2.py:76: UserWarning: Epoch 2/100 147/4500  loss: 1.427124347  time 1.02s
  warnings.warn(
/home/karimimonsefi.1/SSL_VAN/pretrain/training_2.py:76: UserWarning: Epoch 2/100 148/4500  loss: 1.428397589  time 0.98s
  warnings.warn(
/home/karimimonsefi.1/SSL_VAN/pretrain/training_2.py:76: UserWarning: Epoch 2/100 149/4500  loss: 1.432964354  time 0.87s
  warnings.warn(
/home/karimimonsefi.1/SSL_VAN/pretrain/training_2.py:76: UserWarning: Epoch 2/100 150/4500  loss: 1.435870891  time 0.88s
  warnings.warn(
/home/karimimonsefi.1/SSL_VAN/pretrain/training_2.py:76: UserWarning: Epoch 2/100 151/4500  loss: 1.436228245  time 0.98s
  warnings.warn(
/home/karimimonsefi.1/SSL_VAN/pretrain/training_2.py:76: UserWarning: Epoch 2/100 152/4500  loss: 1.433640133  time 0.90s
  warnings.warn(
/home/karimimonsefi.1/SSL_VAN/pretrain/training_2.py:76: UserWarning: Epoch 2/100 153/4500  loss: 1.428724572  time 21.08s
  warnings.warn(
/home/karimimonsefi.1/SSL_VAN/pretrain/training_2.py:76: UserWarning: Epoch 2/100 154/4500  loss: 1.430601811  time 0.92s
  warnings.warn(
/home/karimimonsefi.1/SSL_VAN/pretrain/training_2.py:76: UserWarning: Epoch 2/100 155/4500  loss: 1.427741741  time 0.90s
  warnings.warn(
/home/karimimonsefi.1/SSL_VAN/pretrain/training_2.py:76: UserWarning: Epoch 2/100 156/4500  loss: 1.425068238  time 0.85s
  warnings.warn(
/home/karimimonsefi.1/SSL_VAN/pretrain/training_2.py:76: UserWarning: Epoch 2/100 157/4500  loss: 1.422531595  time 0.81s
  warnings.warn(
/home/karimimonsefi.1/SSL_VAN/pretrain/training_2.py:76: UserWarning: Epoch 2/100 158/4500  loss: 1.422651243  time 0.92s
  warnings.warn(
/home/karimimonsefi.1/SSL_VAN/pretrain/training_2.py:76: UserWarning: Epoch 2/100 159/4500  loss: 1.423067642  time 0.95s
  warnings.warn(
/home/karimimonsefi.1/SSL_VAN/pretrain/training_2.py:76: UserWarning: Epoch 2/100 160/4500  loss: 1.419343694  time 0.98s
  warnings.warn(
/home/karimimonsefi.1/SSL_VAN/pretrain/training_2.py:76: UserWarning: Epoch 2/100 161/4500  loss: 1.421176618  time 30.32s
  warnings.warn(
/home/karimimonsefi.1/SSL_VAN/pretrain/training_2.py:76: UserWarning: Epoch 2/100 162/4500  loss: 1.415106289  time 1.02s
  warnings.warn(
/home/karimimonsefi.1/SSL_VAN/pretrain/training_2.py:76: UserWarning: Epoch 2/100 163/4500  loss: 1.421595613  time 1.02s
  warnings.warn(
/home/karimimonsefi.1/SSL_VAN/pretrain/training_2.py:76: UserWarning: Epoch 2/100 164/4500  loss: 1.416843357  time 0.98s
  warnings.warn(
/home/karimimonsefi.1/SSL_VAN/pretrain/training_2.py:76: UserWarning: Epoch 2/100 165/4500  loss: 1.428922907  time 1.07s
  warnings.warn(
/home/karimimonsefi.1/SSL_VAN/pretrain/training_2.py:76: UserWarning: Epoch 2/100 166/4500  loss: 1.428766654  time 0.96s
  warnings.warn(
/home/karimimonsefi.1/SSL_VAN/pretrain/training_2.py:76: UserWarning: Epoch 2/100 167/4500  loss: 1.423377306  time 1.15s
  warnings.warn(
/home/karimimonsefi.1/SSL_VAN/pretrain/training_2.py:76: UserWarning: Epoch 2/100 168/4500  loss: 1.426424112  time 1.02s
  warnings.warn(
/home/karimimonsefi.1/SSL_VAN/pretrain/training_2.py:76: UserWarning: Epoch 2/100 169/4500  loss: 1.433416060  time 27.90s
  warnings.warn(
/home/karimimonsefi.1/SSL_VAN/pretrain/training_2.py:76: UserWarning: Epoch 2/100 170/4500  loss: 1.433975862  time 0.97s
  warnings.warn(
/home/karimimonsefi.1/SSL_VAN/pretrain/training_2.py:76: UserWarning: Epoch 2/100 171/4500  loss: 1.429564481  time 0.91s
  warnings.warn(
/home/karimimonsefi.1/SSL_VAN/pretrain/training_2.py:76: UserWarning: Epoch 2/100 172/4500  loss: 1.437264094  time 0.86s
  warnings.warn(
/home/karimimonsefi.1/SSL_VAN/pretrain/training_2.py:76: UserWarning: Epoch 2/100 173/4500  loss: 1.435825172  time 0.92s
  warnings.warn(
/home/karimimonsefi.1/SSL_VAN/pretrain/training_2.py:76: UserWarning: Epoch 2/100 174/4500  loss: 1.437831147  time 0.99s
  warnings.warn(
/home/karimimonsefi.1/SSL_VAN/pretrain/training_2.py:76: UserWarning: Epoch 2/100 175/4500  loss: 1.435515814  time 0.97s
  warnings.warn(
/home/karimimonsefi.1/SSL_VAN/pretrain/training_2.py:76: UserWarning: Epoch 2/100 176/4500  loss: 1.438714688  time 1.01s
  warnings.warn(
/home/karimimonsefi.1/SSL_VAN/pretrain/training_2.py:76: UserWarning: Epoch 2/100 177/4500  loss: 1.435684371  time 1.03s
  warnings.warn(
/home/karimimonsefi.1/SSL_VAN/pretrain/training_2.py:76: UserWarning: Epoch 2/100 178/4500  loss: 1.434429677  time 0.92s
  warnings.warn(
/home/karimimonsefi.1/SSL_VAN/pretrain/training_2.py:76: UserWarning: Epoch 2/100 179/4500  loss: 1.431882232  time 1.04s
  warnings.warn(
/home/karimimonsefi.1/SSL_VAN/pretrain/training_2.py:76: UserWarning: Epoch 2/100 180/4500  loss: 1.426183335  time 1.05s
  warnings.warn(
/home/karimimonsefi.1/SSL_VAN/pretrain/training_2.py:76: UserWarning: Epoch 2/100 181/4500  loss: 1.424907573  time 1.07s
  warnings.warn(
/home/karimimonsefi.1/SSL_VAN/pretrain/training_2.py:76: UserWarning: Epoch 2/100 182/4500  loss: 1.423429893  time 1.09s
  warnings.warn(
/home/karimimonsefi.1/SSL_VAN/pretrain/training_2.py:76: UserWarning: Epoch 2/100 183/4500  loss: 1.419407723  time 0.95s
  warnings.warn(
/home/karimimonsefi.1/SSL_VAN/pretrain/training_2.py:76: UserWarning: Epoch 2/100 184/4500  loss: 1.417113468  time 1.10s
  warnings.warn(
/home/karimimonsefi.1/SSL_VAN/pretrain/training_2.py:76: UserWarning: Epoch 2/100 185/4500  loss: 1.419286521  time 1.22s
  warnings.warn(
/home/karimimonsefi.1/SSL_VAN/pretrain/training_2.py:76: UserWarning: Epoch 2/100 186/4500  loss: 1.416440174  time 0.94s
  warnings.warn(
/home/karimimonsefi.1/SSL_VAN/pretrain/training_2.py:76: UserWarning: Epoch 2/100 187/4500  loss: 1.415316320  time 0.92s
  warnings.warn(
/home/karimimonsefi.1/SSL_VAN/pretrain/training_2.py:76: UserWarning: Epoch 2/100 188/4500  loss: 1.413794041  time 0.83s
  warnings.warn(
/home/karimimonsefi.1/SSL_VAN/pretrain/training_2.py:76: UserWarning: Epoch 2/100 189/4500  loss: 1.414964156  time 0.81s
  warnings.warn(
/home/karimimonsefi.1/SSL_VAN/pretrain/training_2.py:76: UserWarning: Epoch 2/100 190/4500  loss: 1.420306359  time 0.99s
  warnings.warn(
/home/karimimonsefi.1/SSL_VAN/pretrain/training_2.py:76: UserWarning: Epoch 2/100 191/4500  loss: 1.413885009  time 30.73s
  warnings.warn(
/home/karimimonsefi.1/SSL_VAN/pretrain/training_2.py:76: UserWarning: Epoch 2/100 192/4500  loss: 1.412310626  time 0.94s
  warnings.warn(
/home/karimimonsefi.1/SSL_VAN/pretrain/training_2.py:76: UserWarning: Epoch 2/100 193/4500  loss: 1.409548783  time 1.01s
  warnings.warn(
/home/karimimonsefi.1/SSL_VAN/pretrain/training_2.py:76: UserWarning: Epoch 2/100 194/4500  loss: 1.410004537  time 1.17s
  warnings.warn(
/home/karimimonsefi.1/SSL_VAN/pretrain/training_2.py:76: UserWarning: Epoch 2/100 195/4500  loss: 1.409501842  time 0.92s
  warnings.warn(
/home/karimimonsefi.1/SSL_VAN/pretrain/training_2.py:76: UserWarning: Epoch 2/100 196/4500  loss: 1.413720163  time 0.95s
  warnings.warn(
/home/karimimonsefi.1/SSL_VAN/pretrain/training_2.py:76: UserWarning: Epoch 2/100 197/4500  loss: 1.416140256  time 1.05s
  warnings.warn(
/home/karimimonsefi.1/SSL_VAN/pretrain/training_2.py:76: UserWarning: Epoch 2/100 198/4500  loss: 1.421553069  time 0.95s
  warnings.warn(
/home/karimimonsefi.1/SSL_VAN/pretrain/training_2.py:76: UserWarning: Epoch 2/100 199/4500  loss: 1.423101453  time 10.49s
  warnings.warn(
/home/karimimonsefi.1/SSL_VAN/pretrain/training_2.py:80: UserWarning: SAVED => Epoch 2/100 199/4500  loss: 1.423101453, last best: 1.441597161,  time 10.50s
  warnings.warn(
/home/karimimonsefi.1/SSL_VAN/pretrain/training_2.py:107: UserWarning: Saving checkpoint ./runs/pre_train_1/test_log/pre_train_64-128-256-512_3-4-6-3_8-8-4-4_vae_inferer_valid_loader_PREVANV4121GL_2_10_500_128_True_5_pre_version2__final.pt
  warnings.warn(f"Saving checkpoint {filename}")
/home/karimimonsefi.1/SSL_VAN/pretrain/training_2.py:76: UserWarning: Epoch 2/100 200/4500  loss: 1.427809961  time 1.12s
  warnings.warn(
/home/karimimonsefi.1/SSL_VAN/pretrain/training_2.py:76: UserWarning: Epoch 2/100 201/4500  loss: 1.428800393  time 0.97s
  warnings.warn(
/home/karimimonsefi.1/SSL_VAN/pretrain/training_2.py:76: UserWarning: Epoch 2/100 202/4500  loss: 1.427671262  time 0.94s
  warnings.warn(
/home/karimimonsefi.1/SSL_VAN/pretrain/training_2.py:76: UserWarning: Epoch 2/100 203/4500  loss: 1.425472879  time 0.98s
  warnings.warn(
/home/karimimonsefi.1/SSL_VAN/pretrain/training_2.py:76: UserWarning: Epoch 2/100 204/4500  loss: 1.421900359  time 0.93s
  warnings.warn(
/home/karimimonsefi.1/SSL_VAN/pretrain/training_2.py:76: UserWarning: Epoch 2/100 205/4500  loss: 1.422910013  time 1.02s
  warnings.warn(
/home/karimimonsefi.1/SSL_VAN/pretrain/training_2.py:76: UserWarning: Epoch 2/100 206/4500  loss: 1.423889443  time 1.04s
  warnings.warn(
/home/karimimonsefi.1/SSL_VAN/pretrain/training_2.py:76: UserWarning: Epoch 2/100 207/4500  loss: 1.427325752  time 0.91s
  warnings.warn(
/home/karimimonsefi.1/SSL_VAN/pretrain/training_2.py:76: UserWarning: Epoch 2/100 208/4500  loss: 1.426330866  time 0.95s
  warnings.warn(
/home/karimimonsefi.1/SSL_VAN/pretrain/training_2.py:76: UserWarning: Epoch 2/100 209/4500  loss: 1.423589172  time 1.09s
  warnings.warn(
/home/karimimonsefi.1/SSL_VAN/pretrain/training_2.py:76: UserWarning: Epoch 2/100 210/4500  loss: 1.422708501  time 1.00s
  warnings.warn(
/home/karimimonsefi.1/SSL_VAN/pretrain/training_2.py:76: UserWarning: Epoch 2/100 211/4500  loss: 1.422821133  time 1.00s
  warnings.warn(
/home/karimimonsefi.1/SSL_VAN/pretrain/training_2.py:76: UserWarning: Epoch 2/100 212/4500  loss: 1.418865854  time 1.05s
  warnings.warn(
/home/karimimonsefi.1/SSL_VAN/pretrain/training_2.py:76: UserWarning: Epoch 2/100 213/4500  loss: 1.419386541  time 1.14s
  warnings.warn(
/home/karimimonsefi.1/SSL_VAN/pretrain/training_2.py:76: UserWarning: Epoch 2/100 214/4500  loss: 1.419914885  time 0.96s
  warnings.warn(
/home/karimimonsefi.1/SSL_VAN/pretrain/training_2.py:76: UserWarning: Epoch 2/100 215/4500  loss: 1.415930204  time 1.08s
  warnings.warn(
/home/karimimonsefi.1/SSL_VAN/pretrain/training_2.py:76: UserWarning: Epoch 2/100 216/4500  loss: 1.414338678  time 1.04s
  warnings.warn(
/home/karimimonsefi.1/SSL_VAN/pretrain/training_2.py:76: UserWarning: Epoch 2/100 217/4500  loss: 1.419263618  time 0.95s
  warnings.warn(
/home/karimimonsefi.1/SSL_VAN/pretrain/training_2.py:76: UserWarning: Epoch 2/100 218/4500  loss: 1.417434588  time 1.08s
  warnings.warn(
/home/karimimonsefi.1/SSL_VAN/pretrain/training_2.py:76: UserWarning: Epoch 2/100 219/4500  loss: 1.417282162  time 22.85s
  warnings.warn(
/home/karimimonsefi.1/SSL_VAN/pretrain/training_2.py:76: UserWarning: Epoch 2/100 220/4500  loss: 1.417772302  time 0.94s
  warnings.warn(
/home/karimimonsefi.1/SSL_VAN/pretrain/training_2.py:76: UserWarning: Epoch 2/100 221/4500  loss: 1.414082634  time 1.00s
  warnings.warn(
/home/karimimonsefi.1/SSL_VAN/pretrain/training_2.py:76: UserWarning: Epoch 2/100 222/4500  loss: 1.418154413  time 0.89s
  warnings.warn(
/home/karimimonsefi.1/SSL_VAN/pretrain/training_2.py:76: UserWarning: Epoch 2/100 223/4500  loss: 1.416538155  time 0.88s
  warnings.warn(
/home/karimimonsefi.1/SSL_VAN/pretrain/training_2.py:76: UserWarning: Epoch 2/100 224/4500  loss: 1.411597968  time 0.91s
  warnings.warn(
/home/karimimonsefi.1/SSL_VAN/pretrain/training_2.py:76: UserWarning: Epoch 2/100 225/4500  loss: 1.412897947  time 0.90s
  warnings.warn(
/home/karimimonsefi.1/SSL_VAN/pretrain/training_2.py:76: UserWarning: Epoch 2/100 226/4500  loss: 1.412436783  time 0.94s
  warnings.warn(
/home/karimimonsefi.1/SSL_VAN/pretrain/training_2.py:76: UserWarning: Epoch 2/100 227/4500  loss: 1.409075733  time 0.97s
  warnings.warn(
/home/karimimonsefi.1/SSL_VAN/pretrain/training_2.py:76: UserWarning: Epoch 2/100 228/4500  loss: 1.407690528  time 0.96s
  warnings.warn(
/home/karimimonsefi.1/SSL_VAN/pretrain/training_2.py:76: UserWarning: Epoch 2/100 229/4500  loss: 1.407040989  time 1.02s
  warnings.warn(
/home/karimimonsefi.1/SSL_VAN/pretrain/training_2.py:76: UserWarning: Epoch 2/100 230/4500  loss: 1.407494731  time 0.84s
  warnings.warn(
/home/karimimonsefi.1/SSL_VAN/pretrain/training_2.py:76: UserWarning: Epoch 2/100 231/4500  loss: 1.405539674  time 0.99s
  warnings.warn(
/home/karimimonsefi.1/SSL_VAN/pretrain/training_2.py:76: UserWarning: Epoch 2/100 232/4500  loss: 1.402836988  time 1.01s
  warnings.warn(
/home/karimimonsefi.1/SSL_VAN/pretrain/training_2.py:76: UserWarning: Epoch 2/100 233/4500  loss: 1.403693108  time 0.96s
  warnings.warn(
/home/karimimonsefi.1/SSL_VAN/pretrain/training_2.py:76: UserWarning: Epoch 2/100 234/4500  loss: 1.402524240  time 0.98s
  warnings.warn(
/home/karimimonsefi.1/SSL_VAN/pretrain/training_2.py:76: UserWarning: Epoch 2/100 235/4500  loss: 1.398509187  time 0.92s
  warnings.warn(
/home/karimimonsefi.1/SSL_VAN/pretrain/training_2.py:76: UserWarning: Epoch 2/100 236/4500  loss: 1.393864253  time 13.47s
  warnings.warn(
/home/karimimonsefi.1/SSL_VAN/pretrain/training_2.py:76: UserWarning: Epoch 2/100 237/4500  loss: 1.398284421  time 0.95s
  warnings.warn(
/home/karimimonsefi.1/SSL_VAN/pretrain/training_2.py:76: UserWarning: Epoch 2/100 238/4500  loss: 1.398074880  time 0.95s
  warnings.warn(
/home/karimimonsefi.1/SSL_VAN/pretrain/training_2.py:76: UserWarning: Epoch 2/100 239/4500  loss: 1.400465425  time 9.75s
  warnings.warn(
/home/karimimonsefi.1/SSL_VAN/pretrain/training_2.py:76: UserWarning: Epoch 2/100 240/4500  loss: 1.397886451  time 0.90s
  warnings.warn(
/home/karimimonsefi.1/SSL_VAN/pretrain/training_2.py:76: UserWarning: Epoch 2/100 241/4500  loss: 1.394945924  time 1.00s
  warnings.warn(
/home/karimimonsefi.1/SSL_VAN/pretrain/training_2.py:76: UserWarning: Epoch 2/100 242/4500  loss: 1.394256966  time 1.00s
  warnings.warn(
/home/karimimonsefi.1/SSL_VAN/pretrain/training_2.py:76: UserWarning: Epoch 2/100 243/4500  loss: 1.397502109  time 0.99s
  warnings.warn(
/home/karimimonsefi.1/SSL_VAN/pretrain/training_2.py:76: UserWarning: Epoch 2/100 244/4500  loss: 1.398429537  time 0.84s
  warnings.warn(
/home/karimimonsefi.1/SSL_VAN/pretrain/training_2.py:76: UserWarning: Epoch 2/100 245/4500  loss: 1.399832843  time 0.89s
  warnings.warn(
/home/karimimonsefi.1/SSL_VAN/pretrain/training_2.py:76: UserWarning: Epoch 2/100 246/4500  loss: 1.398179186  time 0.86s
  warnings.warn(
/home/karimimonsefi.1/SSL_VAN/pretrain/training_2.py:76: UserWarning: Epoch 2/100 247/4500  loss: 1.402187373  time 14.67s
  warnings.warn(
/home/karimimonsefi.1/SSL_VAN/pretrain/training_2.py:76: UserWarning: Epoch 2/100 248/4500  loss: 1.402009901  time 1.02s
  warnings.warn(
/home/karimimonsefi.1/SSL_VAN/pretrain/training_2.py:76: UserWarning: Epoch 2/100 249/4500  loss: 1.400656202  time 1.07s
  warnings.warn(
/home/karimimonsefi.1/SSL_VAN/pretrain/training_2.py:76: UserWarning: Epoch 2/100 250/4500  loss: 1.398794386  time 0.89s
  warnings.warn(
/home/karimimonsefi.1/SSL_VAN/pretrain/training_2.py:76: UserWarning: Epoch 2/100 251/4500  loss: 1.401697040  time 1.06s
  warnings.warn(
/home/karimimonsefi.1/SSL_VAN/pretrain/training_2.py:76: UserWarning: Epoch 2/100 252/4500  loss: 1.402122796  time 0.96s
  warnings.warn(
/home/karimimonsefi.1/SSL_VAN/pretrain/training_2.py:76: UserWarning: Epoch 2/100 253/4500  loss: 1.403099090  time 0.89s
  warnings.warn(
/home/karimimonsefi.1/SSL_VAN/pretrain/training_2.py:76: UserWarning: Epoch 2/100 254/4500  loss: 1.408155201  time 0.84s
  warnings.warn(
/home/karimimonsefi.1/SSL_VAN/pretrain/training_2.py:76: UserWarning: Epoch 2/100 255/4500  loss: 1.405400186  time 18.39s
  warnings.warn(
/home/karimimonsefi.1/SSL_VAN/pretrain/training_2.py:76: UserWarning: Epoch 2/100 256/4500  loss: 1.402207110  time 0.89s
  warnings.warn(
/home/karimimonsefi.1/SSL_VAN/pretrain/training_2.py:76: UserWarning: Epoch 2/100 257/4500  loss: 1.402408633  time 15.64s
  warnings.warn(
/home/karimimonsefi.1/SSL_VAN/pretrain/training_2.py:76: UserWarning: Epoch 2/100 258/4500  loss: 1.401585716  time 0.90s
  warnings.warn(
/home/karimimonsefi.1/SSL_VAN/pretrain/training_2.py:76: UserWarning: Epoch 2/100 259/4500  loss: 1.401061032  time 0.99s
  warnings.warn(
/home/karimimonsefi.1/SSL_VAN/pretrain/training_2.py:76: UserWarning: Epoch 2/100 260/4500  loss: 1.405829317  time 0.96s
  warnings.warn(
/home/karimimonsefi.1/SSL_VAN/pretrain/training_2.py:76: UserWarning: Epoch 2/100 261/4500  loss: 1.405981969  time 0.99s
  warnings.warn(
/home/karimimonsefi.1/SSL_VAN/pretrain/training_2.py:76: UserWarning: Epoch 2/100 262/4500  loss: 1.407588969  time 0.91s
  warnings.warn(
/home/karimimonsefi.1/SSL_VAN/pretrain/training_2.py:76: UserWarning: Epoch 2/100 263/4500  loss: 1.407280847  time 10.82s
  warnings.warn(
/home/karimimonsefi.1/SSL_VAN/pretrain/training_2.py:76: UserWarning: Epoch 2/100 264/4500  loss: 1.407797425  time 9.77s
  warnings.warn(
/home/karimimonsefi.1/SSL_VAN/pretrain/training_2.py:76: UserWarning: Epoch 2/100 265/4500  loss: 1.408189619  time 13.52s
  warnings.warn(
/home/karimimonsefi.1/SSL_VAN/pretrain/training_2.py:76: UserWarning: Epoch 2/100 266/4500  loss: 1.406250803  time 0.95s
  warnings.warn(
/home/karimimonsefi.1/SSL_VAN/pretrain/training_2.py:76: UserWarning: Epoch 2/100 267/4500  loss: 1.404401971  time 0.92s
  warnings.warn(
/home/karimimonsefi.1/SSL_VAN/pretrain/training_2.py:76: UserWarning: Epoch 2/100 268/4500  loss: 1.402266800  time 1.12s
  warnings.warn(
/home/karimimonsefi.1/SSL_VAN/pretrain/training_2.py:76: UserWarning: Epoch 2/100 269/4500  loss: 1.409059567  time 0.85s
  warnings.warn(
/home/karimimonsefi.1/SSL_VAN/pretrain/training_2.py:76: UserWarning: Epoch 2/100 270/4500  loss: 1.407181191  time 0.93s
  warnings.warn(
/home/karimimonsefi.1/SSL_VAN/pretrain/training_2.py:76: UserWarning: Epoch 2/100 271/4500  loss: 1.402702035  time 0.97s
  warnings.warn(
/home/karimimonsefi.1/SSL_VAN/pretrain/training_2.py:76: UserWarning: Epoch 2/100 272/4500  loss: 1.404413705  time 27.58s
  warnings.warn(
/home/karimimonsefi.1/SSL_VAN/pretrain/training_2.py:76: UserWarning: Epoch 2/100 273/4500  loss: 1.405564694  time 1.08s
  warnings.warn(
/home/karimimonsefi.1/SSL_VAN/pretrain/training_2.py:76: UserWarning: Epoch 2/100 274/4500  loss: 1.402211378  time 1.05s
  warnings.warn(
/home/karimimonsefi.1/SSL_VAN/pretrain/training_2.py:76: UserWarning: Epoch 2/100 275/4500  loss: 1.407185645  time 0.97s
  warnings.warn(
/home/karimimonsefi.1/SSL_VAN/pretrain/training_2.py:76: UserWarning: Epoch 2/100 276/4500  loss: 1.405345728  time 0.94s
  warnings.warn(
/home/karimimonsefi.1/SSL_VAN/pretrain/training_2.py:76: UserWarning: Epoch 2/100 277/4500  loss: 1.406180736  time 1.03s
  warnings.warn(
/home/karimimonsefi.1/SSL_VAN/pretrain/training_2.py:76: UserWarning: Epoch 2/100 278/4500  loss: 1.403540477  time 1.02s
  warnings.warn(
/home/karimimonsefi.1/SSL_VAN/pretrain/training_2.py:76: UserWarning: Epoch 2/100 279/4500  loss: 1.399475424  time 6.53s
  warnings.warn(
/home/karimimonsefi.1/SSL_VAN/pretrain/training_2.py:76: UserWarning: Epoch 2/100 280/4500  loss: 1.407359343  time 3.17s
  warnings.warn(
/home/karimimonsefi.1/SSL_VAN/pretrain/training_2.py:76: UserWarning: Epoch 2/100 281/4500  loss: 1.404982309  time 1.14s
  warnings.warn(
/home/karimimonsefi.1/SSL_VAN/pretrain/training_2.py:76: UserWarning: Epoch 2/100 282/4500  loss: 1.404101914  time 0.93s
  warnings.warn(
/home/karimimonsefi.1/SSL_VAN/pretrain/training_2.py:76: UserWarning: Epoch 2/100 283/4500  loss: 1.403080985  time 0.87s
  warnings.warn(
/home/karimimonsefi.1/SSL_VAN/pretrain/training_2.py:76: UserWarning: Epoch 2/100 284/4500  loss: 1.405364272  time 1.08s
  warnings.warn(
/home/karimimonsefi.1/SSL_VAN/pretrain/training_2.py:76: UserWarning: Epoch 2/100 285/4500  loss: 1.401259061  time 1.08s
  warnings.warn(
/home/karimimonsefi.1/SSL_VAN/pretrain/training_2.py:76: UserWarning: Epoch 2/100 286/4500  loss: 1.403173108  time 1.01s
  warnings.warn(
/home/karimimonsefi.1/SSL_VAN/pretrain/training_2.py:76: UserWarning: Epoch 2/100 287/4500  loss: 1.411497187  time 26.19s
  warnings.warn(
/home/karimimonsefi.1/SSL_VAN/pretrain/training_2.py:76: UserWarning: Epoch 2/100 288/4500  loss: 1.416194942  time 1.01s
  warnings.warn(
/home/karimimonsefi.1/SSL_VAN/pretrain/training_2.py:76: UserWarning: Epoch 2/100 289/4500  loss: 1.417618599  time 1.02s
  warnings.warn(
/home/karimimonsefi.1/SSL_VAN/pretrain/training_2.py:76: UserWarning: Epoch 2/100 290/4500  loss: 1.424546013  time 0.89s
  warnings.warn(
/home/karimimonsefi.1/SSL_VAN/pretrain/training_2.py:76: UserWarning: Epoch 2/100 291/4500  loss: 1.422494182  time 1.09s
  warnings.warn(
/home/karimimonsefi.1/SSL_VAN/pretrain/training_2.py:76: UserWarning: Epoch 2/100 292/4500  loss: 1.422694357  time 0.98s
  warnings.warn(
/home/karimimonsefi.1/SSL_VAN/pretrain/training_2.py:76: UserWarning: Epoch 2/100 293/4500  loss: 1.421135884  time 1.09s
  warnings.warn(
/home/karimimonsefi.1/SSL_VAN/pretrain/training_2.py:76: UserWarning: Epoch 2/100 294/4500  loss: 1.419005264  time 1.11s
  warnings.warn(
/home/karimimonsefi.1/SSL_VAN/pretrain/training_2.py:76: UserWarning: Epoch 2/100 295/4500  loss: 1.414412154  time 1.14s
  warnings.warn(
/home/karimimonsefi.1/SSL_VAN/pretrain/training_2.py:76: UserWarning: Epoch 2/100 296/4500  loss: 1.414322125  time 0.95s
  warnings.warn(
/home/karimimonsefi.1/SSL_VAN/pretrain/training_2.py:76: UserWarning: Epoch 2/100 297/4500  loss: 1.413284300  time 1.01s
  warnings.warn(
/home/karimimonsefi.1/SSL_VAN/pretrain/training_2.py:76: UserWarning: Epoch 2/100 298/4500  loss: 1.413173109  time 0.95s
  warnings.warn(
/home/karimimonsefi.1/SSL_VAN/pretrain/training_2.py:76: UserWarning: Epoch 2/100 299/4500  loss: 1.409418191  time 1.03s
  warnings.warn(
/home/karimimonsefi.1/SSL_VAN/pretrain/training_2.py:80: UserWarning: SAVED => Epoch 2/100 299/4500  loss: 1.409418191, last best: 1.423101453,  time 1.03s
  warnings.warn(
/home/karimimonsefi.1/SSL_VAN/pretrain/training_2.py:107: UserWarning: Saving checkpoint ./runs/pre_train_1/test_log/pre_train_64-128-256-512_3-4-6-3_8-8-4-4_vae_inferer_valid_loader_PREVANV4121GL_2_10_500_128_True_5_pre_version2__final.pt
  warnings.warn(f"Saving checkpoint {filename}")
/home/karimimonsefi.1/SSL_VAN/pretrain/training_2.py:76: UserWarning: Epoch 2/100 300/4500  loss: 1.407174439  time 1.03s
  warnings.warn(
/home/karimimonsefi.1/SSL_VAN/pretrain/training_2.py:76: UserWarning: Epoch 2/100 301/4500  loss: 1.406130982  time 0.91s
  warnings.warn(
/home/karimimonsefi.1/SSL_VAN/pretrain/training_2.py:76: UserWarning: Epoch 2/100 302/4500  loss: 1.403976051  time 0.95s
  warnings.warn(
/home/karimimonsefi.1/SSL_VAN/pretrain/training_2.py:76: UserWarning: Epoch 2/100 303/4500  loss: 1.402780687  time 1.13s
  warnings.warn(
/home/karimimonsefi.1/SSL_VAN/pretrain/training_2.py:76: UserWarning: Epoch 2/100 304/4500  loss: 1.403459278  time 1.09s
  warnings.warn(
/home/karimimonsefi.1/SSL_VAN/pretrain/training_2.py:76: UserWarning: Epoch 2/100 305/4500  loss: 1.403332251  time 19.56s
  warnings.warn(
/home/karimimonsefi.1/SSL_VAN/pretrain/training_2.py:76: UserWarning: Epoch 2/100 306/4500  loss: 1.401855494  time 1.01s
  warnings.warn(
/home/karimimonsefi.1/SSL_VAN/pretrain/training_2.py:76: UserWarning: Epoch 2/100 307/4500  loss: 1.398968707  time 1.06s
  warnings.warn(
/home/karimimonsefi.1/SSL_VAN/pretrain/training_2.py:76: UserWarning: Epoch 2/100 308/4500  loss: 1.400045545  time 1.13s
  warnings.warn(
/home/karimimonsefi.1/SSL_VAN/pretrain/training_2.py:76: UserWarning: Epoch 2/100 309/4500  loss: 1.399676752  time 1.04s
  warnings.warn(
/home/karimimonsefi.1/SSL_VAN/pretrain/training_2.py:76: UserWarning: Epoch 2/100 310/4500  loss: 1.399151078  time 0.90s
  warnings.warn(
/home/karimimonsefi.1/SSL_VAN/pretrain/training_2.py:76: UserWarning: Epoch 2/100 311/4500  loss: 1.396662739  time 0.94s
  warnings.warn(
/home/karimimonsefi.1/SSL_VAN/pretrain/training_2.py:76: UserWarning: Epoch 2/100 312/4500  loss: 1.399086616  time 0.82s
  warnings.warn(
/home/karimimonsefi.1/SSL_VAN/pretrain/training_2.py:76: UserWarning: Epoch 2/100 313/4500  loss: 1.397110055  time 27.03s
  warnings.warn(
/home/karimimonsefi.1/SSL_VAN/pretrain/training_2.py:76: UserWarning: Epoch 2/100 314/4500  loss: 1.396681245  time 0.85s
  warnings.warn(
/home/karimimonsefi.1/SSL_VAN/pretrain/training_2.py:76: UserWarning: Epoch 2/100 315/4500  loss: 1.395709282  time 1.06s
  warnings.warn(
/home/karimimonsefi.1/SSL_VAN/pretrain/training_2.py:76: UserWarning: Epoch 2/100 316/4500  loss: 1.392784981  time 0.95s
  warnings.warn(
/home/karimimonsefi.1/SSL_VAN/pretrain/training_2.py:76: UserWarning: Epoch 2/100 317/4500  loss: 1.397064241  time 0.87s
  warnings.warn(
/home/karimimonsefi.1/SSL_VAN/pretrain/training_2.py:76: UserWarning: Epoch 2/100 318/4500  loss: 1.401792051  time 0.98s
  warnings.warn(
/home/karimimonsefi.1/SSL_VAN/pretrain/training_2.py:76: UserWarning: Epoch 2/100 319/4500  loss: 1.397440813  time 0.91s
  warnings.warn(
/home/karimimonsefi.1/SSL_VAN/pretrain/training_2.py:76: UserWarning: Epoch 2/100 320/4500  loss: 1.401941354  time 0.88s
  warnings.warn(
/home/karimimonsefi.1/SSL_VAN/pretrain/training_2.py:76: UserWarning: Epoch 2/100 321/4500  loss: 1.400963721  time 2.38s
  warnings.warn(
/home/karimimonsefi.1/SSL_VAN/pretrain/training_2.py:76: UserWarning: Epoch 2/100 322/4500  loss: 1.397704267  time 1.00s
  warnings.warn(
/home/karimimonsefi.1/SSL_VAN/pretrain/training_2.py:76: UserWarning: Epoch 2/100 323/4500  loss: 1.396635075  time 1.02s
  warnings.warn(
/home/karimimonsefi.1/SSL_VAN/pretrain/training_2.py:76: UserWarning: Epoch 2/100 324/4500  loss: 1.396781184  time 0.86s
  warnings.warn(
/home/karimimonsefi.1/SSL_VAN/pretrain/training_2.py:76: UserWarning: Epoch 2/100 325/4500  loss: 1.395932975  time 0.93s
  warnings.warn(
/home/karimimonsefi.1/SSL_VAN/pretrain/training_2.py:76: UserWarning: Epoch 2/100 326/4500  loss: 1.392984206  time 1.08s
  warnings.warn(
/home/karimimonsefi.1/SSL_VAN/pretrain/training_2.py:76: UserWarning: Epoch 2/100 327/4500  loss: 1.395197591  time 0.80s
  warnings.warn(
/home/karimimonsefi.1/SSL_VAN/pretrain/training_2.py:76: UserWarning: Epoch 2/100 328/4500  loss: 1.392233964  time 0.99s
  warnings.warn(
/home/karimimonsefi.1/SSL_VAN/pretrain/training_2.py:76: UserWarning: Epoch 2/100 329/4500  loss: 1.389851401  time 16.71s
  warnings.warn(
/home/karimimonsefi.1/SSL_VAN/pretrain/training_2.py:76: UserWarning: Epoch 2/100 330/4500  loss: 1.391651327  time 0.87s
  warnings.warn(
/home/karimimonsefi.1/SSL_VAN/pretrain/training_2.py:76: UserWarning: Epoch 2/100 331/4500  loss: 1.390448228  time 0.97s
  warnings.warn(
/home/karimimonsefi.1/SSL_VAN/pretrain/training_2.py:76: UserWarning: Epoch 2/100 332/4500  loss: 1.392995119  time 1.16s
  warnings.warn(
/home/karimimonsefi.1/SSL_VAN/pretrain/training_2.py:76: UserWarning: Epoch 2/100 333/4500  loss: 1.392595250  time 0.80s
  warnings.warn(
/home/karimimonsefi.1/SSL_VAN/pretrain/training_2.py:76: UserWarning: Epoch 2/100 334/4500  loss: 1.392258495  time 0.96s
  warnings.warn(
