/var/spool/slurmd/job62626/slurm_script: line 11: cd: SSL_VAN: No such file or directory

----------------------------------------------------------------------------
  cuda:
----------------------------------------------------------------------------
     Versions:
        cuda/10.2
        cuda/11.0
        cuda/11.2
        cuda/11.3
        cuda/11.4
        cuda/11.5
        cuda/11.6
        cuda/11.7
        cuda/11.8
        cuda/12.0

----------------------------------------------------------------------------
  For detailed information about a specific "cuda" package (including how to load the modules) use the module's full name.
  Note that names that have a trailing (E) are extensions provided by other modules.
  For example:

     $ module spider cuda/12.0
----------------------------------------------------------------------------

 


CommandNotFoundError: Your shell has not been properly configured to use 'conda activate'.
To initialize your shell, run

    $ conda init <SHELL_NAME>

Currently supported shells are:
  - bash
  - fish
  - tcsh
  - xonsh
  - zsh
  - powershell

See 'conda init --help' for more information and options.

IMPORTANT: You may need to close and restart your shell after running 'conda init'.


/home/karimimonsefi.1/miniconda3/lib/python3.9/site-packages/mmcv/__init__.py:20: UserWarning: On January 1, 2023, MMCV will release v2.0.0, in which it will remove components related to the training process and add a data transformation module. In addition, it will rename the package names mmcv to mmcv-lite and mmcv-full to mmcv. See https://github.com/open-mmlab/mmcv/blob/master/docs/en/compatibility.md for more details.
  warnings.warn(
/home/karimimonsefi.1/SSL_VAN/BRATS21/main.py:113: UserWarning: Found total gpus 2
  warnings.warn("Found total gpus {}".format(args.ngpus_per_node))
/home/karimimonsefi.1/miniconda3/lib/python3.9/site-packages/mmcv/__init__.py:20: UserWarning: On January 1, 2023, MMCV will release v2.0.0, in which it will remove components related to the training process and add a data transformation module. In addition, it will rename the package names mmcv to mmcv-lite and mmcv-full to mmcv. See https://github.com/open-mmlab/mmcv/blob/master/docs/en/compatibility.md for more details.
  warnings.warn(
/home/karimimonsefi.1/miniconda3/lib/python3.9/site-packages/mmcv/__init__.py:20: UserWarning: On January 1, 2023, MMCV will release v2.0.0, in which it will remove components related to the training process and add a data transformation module. In addition, it will rename the package names mmcv to mmcv-lite and mmcv-full to mmcv. See https://github.com/open-mmlab/mmcv/blob/master/docs/en/compatibility.md for more details.
  warnings.warn(
/home/karimimonsefi.1/miniconda3/lib/python3.9/site-packages/monai/transforms/post/dictionary.py:196: UserWarning: `threshold_values=True/False` is deprecated, please use `threshold=value` instead.
  warnings.warn("`threshold_values=True/False` is deprecated, please use `threshold=value` instead.")
/home/karimimonsefi.1/miniconda3/lib/python3.9/site-packages/monai/transforms/post/dictionary.py:196: UserWarning: `threshold_values=True/False` is deprecated, please use `threshold=value` instead.
  warnings.warn("`threshold_values=True/False` is deprecated, please use `threshold=value` instead.")
/home/karimimonsefi.1/SSL_VAN/BRATS21/main.py:133: UserWarning: 0 gpu 0
  warnings.warn(f"{args.rank} gpu {args.gpu}")
/home/karimimonsefi.1/SSL_VAN/BRATS21/main.py:135: UserWarning: Batch size is: 1 epochs 1000
  warnings.warn(f"Batch size is: {args.batch_size} epochs {args.max_epochs}")
/home/karimimonsefi.1/SSL_VAN/BRATS21/main.py:133: UserWarning: 1 gpu 1
  warnings.warn(f"{args.rank} gpu {args.gpu}")
/home/karimimonsefi.1/SSL_VAN/BRATS21/main.py:164: UserWarning: Total parameters count 40270721
  warnings.warn(f"Total parameters count {pytorch_total_params}")
/home/karimimonsefi.1/SSL_VAN/BRATS21/main.py:167: UserWarning: Total args.checkpoint True
  warnings.warn(f"Total args.checkpoint {args.checkpoint}")
/home/karimimonsefi.1/SSL_VAN/commons/util.py:6: UserWarning:  base_url is 64-128-256-512_3-4-6-3_8-8-4-4_vae_inferer_valid_loader_VANV412_fold-0
  warnings.warn(f" base_url is {base_url}")
/home/karimimonsefi.1/SSL_VAN/commons/util.py:8: UserWarning:  output_url 1 is ./runs/BraTS21_new/test_log/output_False_False
  warnings.warn(f" output_url 1 is {output_url}")
/home/karimimonsefi.1/SSL_VAN/BRATS21/main.py:164: UserWarning: Total parameters count 40270721
  warnings.warn(f"Total parameters count {pytorch_total_params}")
/home/karimimonsefi.1/SSL_VAN/BRATS21/main.py:167: UserWarning: Total args.checkpoint True
  warnings.warn(f"Total args.checkpoint {args.checkpoint}")
/home/karimimonsefi.1/SSL_VAN/commons/util.py:9: UserWarning:  exists 1 is True
  warnings.warn(f" exists 1 is {os.path.exists(output_url)}")
/home/karimimonsefi.1/SSL_VAN/commons/util.py:13: UserWarning:  output_url 2 is ./runs/BraTS21_new/test_log/output_False_False/64-128-256-512_3-4-6-3_8-8-4-4_vae_inferer_valid_loader_VANV412_fold-0
  warnings.warn(f" output_url 2 is {output_url}")
/home/karimimonsefi.1/SSL_VAN/commons/util.py:14: UserWarning:  exists 2 is True
  warnings.warn(f" exists 2 is {os.path.exists(output_url)}")
/home/karimimonsefi.1/SSL_VAN/commons/util.py:20: UserWarning:  Best url model is 64-128-256-512_3-4-6-3_8-8-4-4_vae_inferer_valid_loader_VANV412_fold-0__best.pt, final model url is 64-128-256-512_3-4-6-3_8-8-4-4_vae_inferer_valid_loader_VANV412_fold-0__final.pt
  warnings.warn(f" Best url model is {args.best_model_url}, final model url is {args.final_model_url}")
/home/karimimonsefi.1/SSL_VAN/commons/util.py:6: UserWarning:  base_url is 64-128-256-512_3-4-6-3_8-8-4-4_vae_inferer_valid_loader_VANV412_fold-0
  warnings.warn(f" base_url is {base_url}")
/home/karimimonsefi.1/SSL_VAN/commons/util.py:8: UserWarning:  output_url 1 is ./runs/BraTS21_new/test_log/output_False_False
  warnings.warn(f" output_url 1 is {output_url}")
/home/karimimonsefi.1/SSL_VAN/commons/util.py:9: UserWarning:  exists 1 is True
  warnings.warn(f" exists 1 is {os.path.exists(output_url)}")
/home/karimimonsefi.1/SSL_VAN/commons/util.py:13: UserWarning:  output_url 2 is ./runs/BraTS21_new/test_log/output_False_False/64-128-256-512_3-4-6-3_8-8-4-4_vae_inferer_valid_loader_VANV412_fold-0
  warnings.warn(f" output_url 2 is {output_url}")
/home/karimimonsefi.1/SSL_VAN/commons/util.py:14: UserWarning:  exists 2 is True
  warnings.warn(f" exists 2 is {os.path.exists(output_url)}")
/home/karimimonsefi.1/SSL_VAN/commons/util.py:20: UserWarning:  Best url model is 64-128-256-512_3-4-6-3_8-8-4-4_vae_inferer_valid_loader_VANV412_fold-0__best.pt, final model url is 64-128-256-512_3-4-6-3_8-8-4-4_vae_inferer_valid_loader_VANV412_fold-0__final.pt
  warnings.warn(f" Best url model is {args.best_model_url}, final model url is {args.final_model_url}")
/home/karimimonsefi.1/SSL_VAN/BRATS21/main.py:182: UserWarning: => loaded checkpoint 'True' (epoch 0) (bestacc 0.0)
  warnings.warn("=> loaded checkpoint '{}' (epoch {}) (bestacc {})".format(
/home/karimimonsefi.1/SSL_VAN/BRATS21/main.py:182: UserWarning: => loaded checkpoint 'True' (epoch 0) (bestacc 0.0)
  warnings.warn("=> loaded checkpoint '{}' (epoch {}) (bestacc {})".format(
/home/karimimonsefi.1/SSL_VAN/BRATS21/trainer.py:164: UserWarning: Writing Tensorboard logs to ./runs/BraTS21_new/test_log
  warnings.warn(f"Writing Tensorboard logs to {args.logdir}")
/home/karimimonsefi.1/SSL_VAN/BRATS21/trainer.py:172: UserWarning: 0  Fri Jul  7 01:04:13 2023  Epoch: 0
  warnings.warn(f"{args.rank}  {time.ctime()}  Epoch: {epoch}")
/home/karimimonsefi.1/SSL_VAN/BRATS21/trainer.py:172: UserWarning: 1  Fri Jul  7 01:04:13 2023  Epoch: 0
  warnings.warn(f"{args.rank}  {time.ctime()}  Epoch: {epoch}")
[W reducer.cpp:1298] Warning: find_unused_parameters=True was specified in DDP constructor, but did not find any unused parameters in the forward pass. This flag results in an extra traversal of the autograd graph every iteration,  which can adversely affect performance. If your model indeed never has any unused parameters in the forward pass, consider turning this flag off. Note that this warning may be a false positive if your model has flow control causing later iterations to have unused parameters. (function operator())
[W reducer.cpp:1298] Warning: find_unused_parameters=True was specified in DDP constructor, but did not find any unused parameters in the forward pass. This flag results in an extra traversal of the autograd graph every iteration,  which can adversely affect performance. If your model indeed never has any unused parameters in the forward pass, consider turning this flag off. Note that this warning may be a false positive if your model has flow control causing later iterations to have unused parameters. (function operator())
/home/karimimonsefi.1/SSL_VAN/BRATS21/trainer.py:74: UserWarning: Epoch 0/1000 0/500  loss: 2.5038  time 28.82s
  warnings.warn(
/home/karimimonsefi.1/SSL_VAN/BRATS21/trainer.py:74: UserWarning: Epoch 0/1000 1/500  loss: 2.5128  time 0.53s
  warnings.warn(
/home/karimimonsefi.1/SSL_VAN/BRATS21/trainer.py:74: UserWarning: Epoch 0/1000 2/500  loss: 2.5178  time 0.53s
  warnings.warn(
/home/karimimonsefi.1/SSL_VAN/BRATS21/trainer.py:74: UserWarning: Epoch 0/1000 3/500  loss: 2.5181  time 0.53s
  warnings.warn(
/home/karimimonsefi.1/SSL_VAN/BRATS21/trainer.py:74: UserWarning: Epoch 0/1000 4/500  loss: 2.5125  time 0.53s
  warnings.warn(
/home/karimimonsefi.1/SSL_VAN/BRATS21/trainer.py:74: UserWarning: Epoch 0/1000 5/500  loss: 2.5145  time 0.53s
  warnings.warn(
/home/karimimonsefi.1/SSL_VAN/BRATS21/trainer.py:74: UserWarning: Epoch 0/1000 6/500  loss: 2.5155  time 0.53s
  warnings.warn(
/home/karimimonsefi.1/SSL_VAN/BRATS21/trainer.py:74: UserWarning: Epoch 0/1000 7/500  loss: 2.5108  time 0.53s
  warnings.warn(
/home/karimimonsefi.1/SSL_VAN/BRATS21/trainer.py:74: UserWarning: Epoch 0/1000 8/500  loss: 2.5088  time 0.53s
  warnings.warn(
/home/karimimonsefi.1/SSL_VAN/BRATS21/trainer.py:74: UserWarning: Epoch 0/1000 9/500  loss: 2.5061  time 0.53s
  warnings.warn(
/home/karimimonsefi.1/SSL_VAN/BRATS21/trainer.py:74: UserWarning: Epoch 0/1000 10/500  loss: 2.5089  time 0.55s
  warnings.warn(
/home/karimimonsefi.1/SSL_VAN/BRATS21/trainer.py:74: UserWarning: Epoch 0/1000 11/500  loss: 2.5087  time 0.53s
  warnings.warn(
/home/karimimonsefi.1/SSL_VAN/BRATS21/trainer.py:74: UserWarning: Epoch 0/1000 12/500  loss: 2.5076  time 0.53s
  warnings.warn(
/home/karimimonsefi.1/SSL_VAN/BRATS21/trainer.py:74: UserWarning: Epoch 0/1000 13/500  loss: 2.5083  time 0.56s
  warnings.warn(
/home/karimimonsefi.1/SSL_VAN/BRATS21/trainer.py:74: UserWarning: Epoch 0/1000 14/500  loss: 2.5101  time 0.53s
  warnings.warn(
/home/karimimonsefi.1/SSL_VAN/BRATS21/trainer.py:74: UserWarning: Epoch 0/1000 15/500  loss: 2.5100  time 0.53s
  warnings.warn(
/home/karimimonsefi.1/SSL_VAN/BRATS21/trainer.py:74: UserWarning: Epoch 0/1000 16/500  loss: 2.5120  time 0.53s
  warnings.warn(
/home/karimimonsefi.1/SSL_VAN/BRATS21/trainer.py:74: UserWarning: Epoch 0/1000 17/500  loss: 2.5124  time 0.53s
  warnings.warn(
/home/karimimonsefi.1/SSL_VAN/BRATS21/trainer.py:74: UserWarning: Epoch 0/1000 18/500  loss: 2.5140  time 0.53s
  warnings.warn(
/home/karimimonsefi.1/SSL_VAN/BRATS21/trainer.py:74: UserWarning: Epoch 0/1000 19/500  loss: 2.5145  time 0.55s
  warnings.warn(
/home/karimimonsefi.1/SSL_VAN/BRATS21/trainer.py:74: UserWarning: Epoch 0/1000 20/500  loss: 2.5152  time 0.52s
  warnings.warn(
/home/karimimonsefi.1/SSL_VAN/BRATS21/trainer.py:74: UserWarning: Epoch 0/1000 21/500  loss: 2.5167  time 0.53s
  warnings.warn(
/home/karimimonsefi.1/SSL_VAN/BRATS21/trainer.py:74: UserWarning: Epoch 0/1000 22/500  loss: 2.5169  time 0.53s
  warnings.warn(
/home/karimimonsefi.1/SSL_VAN/BRATS21/trainer.py:74: UserWarning: Epoch 0/1000 23/500  loss: 2.5167  time 0.54s
  warnings.warn(
/home/karimimonsefi.1/SSL_VAN/BRATS21/trainer.py:74: UserWarning: Epoch 0/1000 24/500  loss: 2.5173  time 0.53s
  warnings.warn(
/home/karimimonsefi.1/SSL_VAN/BRATS21/trainer.py:74: UserWarning: Epoch 0/1000 25/500  loss: 2.5169  time 0.55s
  warnings.warn(
/home/karimimonsefi.1/SSL_VAN/BRATS21/trainer.py:74: UserWarning: Epoch 0/1000 26/500  loss: 2.5171  time 0.53s
  warnings.warn(
/home/karimimonsefi.1/SSL_VAN/BRATS21/trainer.py:74: UserWarning: Epoch 0/1000 27/500  loss: 2.5173  time 0.52s
  warnings.warn(
/home/karimimonsefi.1/SSL_VAN/BRATS21/trainer.py:74: UserWarning: Epoch 0/1000 28/500  loss: 2.5163  time 0.52s
  warnings.warn(
/home/karimimonsefi.1/SSL_VAN/BRATS21/trainer.py:74: UserWarning: Epoch 0/1000 29/500  loss: 2.5161  time 0.54s
  warnings.warn(
/home/karimimonsefi.1/SSL_VAN/BRATS21/trainer.py:74: UserWarning: Epoch 0/1000 30/500  loss: 2.5167  time 0.54s
  warnings.warn(
/home/karimimonsefi.1/SSL_VAN/BRATS21/trainer.py:74: UserWarning: Epoch 0/1000 31/500  loss: 2.5166  time 0.53s
  warnings.warn(
/home/karimimonsefi.1/SSL_VAN/BRATS21/trainer.py:74: UserWarning: Epoch 0/1000 32/500  loss: 2.5163  time 0.53s
  warnings.warn(
/home/karimimonsefi.1/SSL_VAN/BRATS21/trainer.py:74: UserWarning: Epoch 0/1000 33/500  loss: 2.5167  time 0.53s
  warnings.warn(
/home/karimimonsefi.1/SSL_VAN/BRATS21/trainer.py:74: UserWarning: Epoch 0/1000 34/500  loss: 2.5158  time 0.53s
  warnings.warn(
/home/karimimonsefi.1/SSL_VAN/BRATS21/trainer.py:74: UserWarning: Epoch 0/1000 35/500  loss: 2.5157  time 0.53s
  warnings.warn(
/home/karimimonsefi.1/SSL_VAN/BRATS21/trainer.py:74: UserWarning: Epoch 0/1000 36/500  loss: 2.5149  time 0.55s
  warnings.warn(
/home/karimimonsefi.1/SSL_VAN/BRATS21/trainer.py:74: UserWarning: Epoch 0/1000 37/500  loss: 2.5141  time 0.53s
  warnings.warn(
/home/karimimonsefi.1/SSL_VAN/BRATS21/trainer.py:74: UserWarning: Epoch 0/1000 38/500  loss: 2.5138  time 0.52s
  warnings.warn(
/home/karimimonsefi.1/SSL_VAN/BRATS21/trainer.py:74: UserWarning: Epoch 0/1000 39/500  loss: 2.5139  time 0.53s
  warnings.warn(
/home/karimimonsefi.1/SSL_VAN/BRATS21/trainer.py:74: UserWarning: Epoch 0/1000 40/500  loss: 2.5131  time 0.52s
  warnings.warn(
/home/karimimonsefi.1/SSL_VAN/BRATS21/trainer.py:74: UserWarning: Epoch 0/1000 41/500  loss: 2.5123  time 0.56s
  warnings.warn(
/home/karimimonsefi.1/SSL_VAN/BRATS21/trainer.py:74: UserWarning: Epoch 0/1000 42/500  loss: 2.5120  time 0.54s
  warnings.warn(
/home/karimimonsefi.1/SSL_VAN/BRATS21/trainer.py:74: UserWarning: Epoch 0/1000 43/500  loss: 2.5129  time 0.53s
  warnings.warn(
/home/karimimonsefi.1/SSL_VAN/BRATS21/trainer.py:74: UserWarning: Epoch 0/1000 44/500  loss: 2.5127  time 0.54s
  warnings.warn(
/home/karimimonsefi.1/SSL_VAN/BRATS21/trainer.py:74: UserWarning: Epoch 0/1000 45/500  loss: 2.5119  time 0.55s
  warnings.warn(
/home/karimimonsefi.1/SSL_VAN/BRATS21/trainer.py:74: UserWarning: Epoch 0/1000 46/500  loss: 2.5117  time 0.53s
  warnings.warn(
/home/karimimonsefi.1/SSL_VAN/BRATS21/trainer.py:74: UserWarning: Epoch 0/1000 47/500  loss: 2.5109  time 0.53s
  warnings.warn(
/home/karimimonsefi.1/SSL_VAN/BRATS21/trainer.py:74: UserWarning: Epoch 0/1000 48/500  loss: 2.5105  time 0.53s
  warnings.warn(
/home/karimimonsefi.1/SSL_VAN/BRATS21/trainer.py:74: UserWarning: Epoch 0/1000 49/500  loss: 2.5109  time 0.53s
  warnings.warn(
/home/karimimonsefi.1/SSL_VAN/BRATS21/trainer.py:74: UserWarning: Epoch 0/1000 50/500  loss: 2.5098  time 0.53s
  warnings.warn(
/home/karimimonsefi.1/SSL_VAN/BRATS21/trainer.py:74: UserWarning: Epoch 0/1000 51/500  loss: 2.5097  time 0.53s
  warnings.warn(
/home/karimimonsefi.1/SSL_VAN/BRATS21/trainer.py:74: UserWarning: Epoch 0/1000 52/500  loss: 2.5097  time 0.53s
  warnings.warn(
/home/karimimonsefi.1/SSL_VAN/BRATS21/trainer.py:74: UserWarning: Epoch 0/1000 53/500  loss: 2.5098  time 0.52s
  warnings.warn(
/home/karimimonsefi.1/SSL_VAN/BRATS21/trainer.py:74: UserWarning: Epoch 0/1000 54/500  loss: 2.5099  time 0.56s
  warnings.warn(
/home/karimimonsefi.1/SSL_VAN/BRATS21/trainer.py:74: UserWarning: Epoch 0/1000 55/500  loss: 2.5096  time 0.52s
  warnings.warn(
/home/karimimonsefi.1/SSL_VAN/BRATS21/trainer.py:74: UserWarning: Epoch 0/1000 56/500  loss: 2.5100  time 0.53s
  warnings.warn(
/home/karimimonsefi.1/SSL_VAN/BRATS21/trainer.py:74: UserWarning: Epoch 0/1000 57/500  loss: 2.5095  time 0.53s
  warnings.warn(
/home/karimimonsefi.1/SSL_VAN/BRATS21/trainer.py:74: UserWarning: Epoch 0/1000 58/500  loss: 2.5092  time 0.53s
  warnings.warn(
/home/karimimonsefi.1/SSL_VAN/BRATS21/trainer.py:74: UserWarning: Epoch 0/1000 59/500  loss: 2.5091  time 0.55s
  warnings.warn(
/home/karimimonsefi.1/SSL_VAN/BRATS21/trainer.py:74: UserWarning: Epoch 0/1000 60/500  loss: 2.5094  time 0.53s
  warnings.warn(
/home/karimimonsefi.1/SSL_VAN/BRATS21/trainer.py:74: UserWarning: Epoch 0/1000 61/500  loss: 2.5098  time 0.52s
  warnings.warn(
/home/karimimonsefi.1/SSL_VAN/BRATS21/trainer.py:74: UserWarning: Epoch 0/1000 62/500  loss: 2.5094  time 0.53s
  warnings.warn(
/home/karimimonsefi.1/SSL_VAN/BRATS21/trainer.py:74: UserWarning: Epoch 0/1000 63/500  loss: 2.5086  time 0.53s
  warnings.warn(
/home/karimimonsefi.1/SSL_VAN/BRATS21/trainer.py:74: UserWarning: Epoch 0/1000 64/500  loss: 2.5092  time 0.53s
  warnings.warn(
/home/karimimonsefi.1/SSL_VAN/BRATS21/trainer.py:74: UserWarning: Epoch 0/1000 65/500  loss: 2.5090  time 0.52s
  warnings.warn(
/home/karimimonsefi.1/SSL_VAN/BRATS21/trainer.py:74: UserWarning: Epoch 0/1000 66/500  loss: 2.5086  time 0.56s
  warnings.warn(
/home/karimimonsefi.1/SSL_VAN/BRATS21/trainer.py:74: UserWarning: Epoch 0/1000 67/500  loss: 2.5078  time 0.52s
  warnings.warn(
/home/karimimonsefi.1/SSL_VAN/BRATS21/trainer.py:74: UserWarning: Epoch 0/1000 68/500  loss: 2.5079  time 0.53s
  warnings.warn(
/home/karimimonsefi.1/SSL_VAN/BRATS21/trainer.py:74: UserWarning: Epoch 0/1000 69/500  loss: 2.5079  time 0.53s
  warnings.warn(
/home/karimimonsefi.1/SSL_VAN/BRATS21/trainer.py:74: UserWarning: Epoch 0/1000 70/500  loss: 2.5077  time 0.53s
  warnings.warn(
/home/karimimonsefi.1/SSL_VAN/BRATS21/trainer.py:74: UserWarning: Epoch 0/1000 71/500  loss: 2.5078  time 0.56s
  warnings.warn(
/home/karimimonsefi.1/SSL_VAN/BRATS21/trainer.py:74: UserWarning: Epoch 0/1000 72/500  loss: 2.5079  time 0.53s
  warnings.warn(
/home/karimimonsefi.1/SSL_VAN/BRATS21/trainer.py:74: UserWarning: Epoch 0/1000 73/500  loss: 2.5081  time 0.53s
  warnings.warn(
/home/karimimonsefi.1/SSL_VAN/BRATS21/trainer.py:74: UserWarning: Epoch 0/1000 74/500  loss: 2.5083  time 0.56s
  warnings.warn(
/home/karimimonsefi.1/SSL_VAN/BRATS21/trainer.py:74: UserWarning: Epoch 0/1000 75/500  loss: 2.5081  time 0.53s
  warnings.warn(
/home/karimimonsefi.1/SSL_VAN/BRATS21/trainer.py:74: UserWarning: Epoch 0/1000 76/500  loss: 2.5080  time 0.53s
  warnings.warn(
/home/karimimonsefi.1/SSL_VAN/BRATS21/trainer.py:74: UserWarning: Epoch 0/1000 77/500  loss: 2.5080  time 0.53s
  warnings.warn(
/home/karimimonsefi.1/SSL_VAN/BRATS21/trainer.py:74: UserWarning: Epoch 0/1000 78/500  loss: 2.5076  time 0.53s
  warnings.warn(
/home/karimimonsefi.1/SSL_VAN/BRATS21/trainer.py:74: UserWarning: Epoch 0/1000 79/500  loss: 2.5076  time 0.52s
  warnings.warn(
/home/karimimonsefi.1/SSL_VAN/BRATS21/trainer.py:74: UserWarning: Epoch 0/1000 80/500  loss: 2.5071  time 0.52s
  warnings.warn(
/home/karimimonsefi.1/SSL_VAN/BRATS21/trainer.py:74: UserWarning: Epoch 0/1000 81/500  loss: 2.5070  time 0.54s
  warnings.warn(
/home/karimimonsefi.1/SSL_VAN/BRATS21/trainer.py:74: UserWarning: Epoch 0/1000 82/500  loss: 2.5074  time 0.56s
  warnings.warn(
/home/karimimonsefi.1/SSL_VAN/BRATS21/trainer.py:74: UserWarning: Epoch 0/1000 83/500  loss: 2.5063  time 0.56s
  warnings.warn(
/home/karimimonsefi.1/SSL_VAN/BRATS21/trainer.py:74: UserWarning: Epoch 0/1000 84/500  loss: 2.5065  time 0.53s
  warnings.warn(
/home/karimimonsefi.1/SSL_VAN/BRATS21/trainer.py:74: UserWarning: Epoch 0/1000 85/500  loss: 2.5062  time 0.53s
  warnings.warn(
/home/karimimonsefi.1/SSL_VAN/BRATS21/trainer.py:74: UserWarning: Epoch 0/1000 86/500  loss: 2.5067  time 0.53s
  warnings.warn(
/home/karimimonsefi.1/SSL_VAN/BRATS21/trainer.py:74: UserWarning: Epoch 0/1000 87/500  loss: 2.5069  time 0.53s
  warnings.warn(
/home/karimimonsefi.1/SSL_VAN/BRATS21/trainer.py:74: UserWarning: Epoch 0/1000 88/500  loss: 2.5067  time 0.53s
  warnings.warn(
/home/karimimonsefi.1/SSL_VAN/BRATS21/trainer.py:74: UserWarning: Epoch 0/1000 89/500  loss: 2.5071  time 0.55s
  warnings.warn(
/home/karimimonsefi.1/SSL_VAN/BRATS21/trainer.py:74: UserWarning: Epoch 0/1000 90/500  loss: 2.5071  time 0.56s
  warnings.warn(
/home/karimimonsefi.1/SSL_VAN/BRATS21/trainer.py:74: UserWarning: Epoch 0/1000 91/500  loss: 2.5075  time 0.53s
  warnings.warn(
/home/karimimonsefi.1/SSL_VAN/BRATS21/trainer.py:74: UserWarning: Epoch 0/1000 92/500  loss: 2.5078  time 0.53s
  warnings.warn(
/home/karimimonsefi.1/SSL_VAN/BRATS21/trainer.py:74: UserWarning: Epoch 0/1000 93/500  loss: 2.5073  time 0.52s
  warnings.warn(
/home/karimimonsefi.1/SSL_VAN/BRATS21/trainer.py:74: UserWarning: Epoch 0/1000 94/500  loss: 2.5069  time 0.52s
  warnings.warn(
/home/karimimonsefi.1/SSL_VAN/BRATS21/trainer.py:74: UserWarning: Epoch 0/1000 95/500  loss: 2.5067  time 0.53s
  warnings.warn(
/home/karimimonsefi.1/SSL_VAN/BRATS21/trainer.py:74: UserWarning: Epoch 0/1000 96/500  loss: 2.5068  time 0.52s
  warnings.warn(
/home/karimimonsefi.1/SSL_VAN/BRATS21/trainer.py:74: UserWarning: Epoch 0/1000 97/500  loss: 2.5067  time 0.54s
  warnings.warn(
/home/karimimonsefi.1/SSL_VAN/BRATS21/trainer.py:74: UserWarning: Epoch 0/1000 98/500  loss: 2.5070  time 0.53s
  warnings.warn(
/home/karimimonsefi.1/SSL_VAN/BRATS21/trainer.py:74: UserWarning: Epoch 0/1000 99/500  loss: 2.5071  time 0.53s
  warnings.warn(
/home/karimimonsefi.1/SSL_VAN/BRATS21/trainer.py:74: UserWarning: Epoch 0/1000 100/500  loss: 2.5069  time 0.53s
  warnings.warn(
/home/karimimonsefi.1/SSL_VAN/BRATS21/trainer.py:74: UserWarning: Epoch 0/1000 101/500  loss: 2.5063  time 0.56s
  warnings.warn(
/home/karimimonsefi.1/SSL_VAN/BRATS21/trainer.py:74: UserWarning: Epoch 0/1000 102/500  loss: 2.5062  time 0.53s
  warnings.warn(
/home/karimimonsefi.1/SSL_VAN/BRATS21/trainer.py:74: UserWarning: Epoch 0/1000 103/500  loss: 2.5058  time 0.52s
  warnings.warn(
/home/karimimonsefi.1/SSL_VAN/BRATS21/trainer.py:74: UserWarning: Epoch 0/1000 104/500  loss: 2.5063  time 0.56s
  warnings.warn(
/home/karimimonsefi.1/SSL_VAN/BRATS21/trainer.py:74: UserWarning: Epoch 0/1000 105/500  loss: 2.5061  time 0.53s
  warnings.warn(
/home/karimimonsefi.1/SSL_VAN/BRATS21/trainer.py:74: UserWarning: Epoch 0/1000 106/500  loss: 2.5060  time 0.53s
  warnings.warn(
/home/karimimonsefi.1/SSL_VAN/BRATS21/trainer.py:74: UserWarning: Epoch 0/1000 107/500  loss: 2.5058  time 0.53s
  warnings.warn(
/home/karimimonsefi.1/SSL_VAN/BRATS21/trainer.py:74: UserWarning: Epoch 0/1000 108/500  loss: 2.5059  time 0.53s
  warnings.warn(
/home/karimimonsefi.1/SSL_VAN/BRATS21/trainer.py:74: UserWarning: Epoch 0/1000 109/500  loss: 2.5056  time 0.54s
  warnings.warn(
/home/karimimonsefi.1/SSL_VAN/BRATS21/trainer.py:74: UserWarning: Epoch 0/1000 110/500  loss: 2.5056  time 0.52s
  warnings.warn(
/home/karimimonsefi.1/SSL_VAN/BRATS21/trainer.py:74: UserWarning: Epoch 0/1000 111/500  loss: 2.5057  time 0.53s
  warnings.warn(
/home/karimimonsefi.1/SSL_VAN/BRATS21/trainer.py:74: UserWarning: Epoch 0/1000 112/500  loss: 2.5058  time 0.53s
  warnings.warn(
/home/karimimonsefi.1/SSL_VAN/BRATS21/trainer.py:74: UserWarning: Epoch 0/1000 113/500  loss: 2.5063  time 0.53s
  warnings.warn(
/home/karimimonsefi.1/SSL_VAN/BRATS21/trainer.py:74: UserWarning: Epoch 0/1000 114/500  loss: 2.5061  time 0.53s
  warnings.warn(
/home/karimimonsefi.1/SSL_VAN/BRATS21/trainer.py:74: UserWarning: Epoch 0/1000 115/500  loss: 2.5061  time 0.53s
  warnings.warn(
/home/karimimonsefi.1/SSL_VAN/BRATS21/trainer.py:74: UserWarning: Epoch 0/1000 116/500  loss: 2.5055  time 0.55s
  warnings.warn(
/home/karimimonsefi.1/SSL_VAN/BRATS21/trainer.py:74: UserWarning: Epoch 0/1000 117/500  loss: 2.5051  time 0.53s
  warnings.warn(
/home/karimimonsefi.1/SSL_VAN/BRATS21/trainer.py:74: UserWarning: Epoch 0/1000 118/500  loss: 2.5049  time 0.53s
  warnings.warn(
/home/karimimonsefi.1/SSL_VAN/BRATS21/trainer.py:74: UserWarning: Epoch 0/1000 119/500  loss: 2.5049  time 0.53s
  warnings.warn(
/home/karimimonsefi.1/SSL_VAN/BRATS21/trainer.py:74: UserWarning: Epoch 0/1000 120/500  loss: 2.5053  time 0.53s
  warnings.warn(
/home/karimimonsefi.1/SSL_VAN/BRATS21/trainer.py:74: UserWarning: Epoch 0/1000 121/500  loss: 2.5050  time 0.53s
  warnings.warn(
/home/karimimonsefi.1/SSL_VAN/BRATS21/trainer.py:74: UserWarning: Epoch 0/1000 122/500  loss: 2.5051  time 0.55s
  warnings.warn(
/home/karimimonsefi.1/SSL_VAN/BRATS21/trainer.py:74: UserWarning: Epoch 0/1000 123/500  loss: 2.5052  time 0.53s
  warnings.warn(
/home/karimimonsefi.1/SSL_VAN/BRATS21/trainer.py:74: UserWarning: Epoch 0/1000 124/500  loss: 2.5051  time 0.53s
  warnings.warn(
/home/karimimonsefi.1/SSL_VAN/BRATS21/trainer.py:74: UserWarning: Epoch 0/1000 125/500  loss: 2.5052  time 0.53s
  warnings.warn(
/home/karimimonsefi.1/SSL_VAN/BRATS21/trainer.py:74: UserWarning: Epoch 0/1000 126/500  loss: 2.5048  time 0.53s
  warnings.warn(
/home/karimimonsefi.1/SSL_VAN/BRATS21/trainer.py:74: UserWarning: Epoch 0/1000 127/500  loss: 2.5047  time 0.53s
  warnings.warn(
/home/karimimonsefi.1/SSL_VAN/BRATS21/trainer.py:74: UserWarning: Epoch 0/1000 128/500  loss: 2.5050  time 0.54s
  warnings.warn(
/home/karimimonsefi.1/SSL_VAN/BRATS21/trainer.py:74: UserWarning: Epoch 0/1000 129/500  loss: 2.5045  time 0.53s
  warnings.warn(
/home/karimimonsefi.1/SSL_VAN/BRATS21/trainer.py:74: UserWarning: Epoch 0/1000 130/500  loss: 2.5043  time 0.53s
  warnings.warn(
/home/karimimonsefi.1/SSL_VAN/BRATS21/trainer.py:74: UserWarning: Epoch 0/1000 131/500  loss: 2.5043  time 0.53s
  warnings.warn(
/home/karimimonsefi.1/SSL_VAN/BRATS21/trainer.py:74: UserWarning: Epoch 0/1000 132/500  loss: 2.5043  time 0.53s
  warnings.warn(
/home/karimimonsefi.1/SSL_VAN/BRATS21/trainer.py:74: UserWarning: Epoch 0/1000 133/500  loss: 2.5042  time 0.53s
  warnings.warn(
/home/karimimonsefi.1/SSL_VAN/BRATS21/trainer.py:74: UserWarning: Epoch 0/1000 134/500  loss: 2.5043  time 0.53s
  warnings.warn(
/home/karimimonsefi.1/SSL_VAN/BRATS21/trainer.py:74: UserWarning: Epoch 0/1000 135/500  loss: 2.5044  time 0.53s
  warnings.warn(
/home/karimimonsefi.1/SSL_VAN/BRATS21/trainer.py:74: UserWarning: Epoch 0/1000 136/500  loss: 2.5042  time 0.56s
  warnings.warn(
/home/karimimonsefi.1/SSL_VAN/BRATS21/trainer.py:74: UserWarning: Epoch 0/1000 137/500  loss: 2.5040  time 0.53s
  warnings.warn(
/home/karimimonsefi.1/SSL_VAN/BRATS21/trainer.py:74: UserWarning: Epoch 0/1000 138/500  loss: 2.5038  time 0.56s
  warnings.warn(
/home/karimimonsefi.1/SSL_VAN/BRATS21/trainer.py:74: UserWarning: Epoch 0/1000 139/500  loss: 2.5035  time 0.53s
  warnings.warn(
/home/karimimonsefi.1/SSL_VAN/BRATS21/trainer.py:74: UserWarning: Epoch 0/1000 140/500  loss: 2.5033  time 0.54s
  warnings.warn(
/home/karimimonsefi.1/SSL_VAN/BRATS21/trainer.py:74: UserWarning: Epoch 0/1000 141/500  loss: 2.5035  time 0.53s
  warnings.warn(
/home/karimimonsefi.1/SSL_VAN/BRATS21/trainer.py:74: UserWarning: Epoch 0/1000 142/500  loss: 2.5037  time 0.52s
  warnings.warn(
/home/karimimonsefi.1/SSL_VAN/BRATS21/trainer.py:74: UserWarning: Epoch 0/1000 143/500  loss: 2.5037  time 0.53s
  warnings.warn(
/home/karimimonsefi.1/SSL_VAN/BRATS21/trainer.py:74: UserWarning: Epoch 0/1000 144/500  loss: 2.5037  time 0.53s
  warnings.warn(
