/var/spool/slurmd/job71189/slurm_script: line 11: cd: SSL_VAN: No such file or directory

----------------------------------------------------------------------------
  cuda:
----------------------------------------------------------------------------
     Versions:
        cuda/10.2
        cuda/11.0
        cuda/11.2
        cuda/11.3
        cuda/11.4
        cuda/11.5
        cuda/11.6
        cuda/11.7
        cuda/11.8
        cuda/12.0

----------------------------------------------------------------------------
  For detailed information about a specific "cuda" package (including how to load the modules) use the module's full name.
  Note that names that have a trailing (E) are extensions provided by other modules.
  For example:

     $ module spider cuda/12.0
----------------------------------------------------------------------------

 


CommandNotFoundError: Your shell has not been properly configured to use 'conda activate'.
To initialize your shell, run

    $ conda init <SHELL_NAME>

Currently supported shells are:
  - bash
  - fish
  - tcsh
  - xonsh
  - zsh
  - powershell

See 'conda init --help' for more information and options.

IMPORTANT: You may need to close and restart your shell after running 'conda init'.


/home/karimimonsefi.1/miniconda3/lib/python3.9/site-packages/mmcv/__init__.py:20: UserWarning: On January 1, 2023, MMCV will release v2.0.0, in which it will remove components related to the training process and add a data transformation module. In addition, it will rename the package names mmcv to mmcv-lite and mmcv-full to mmcv. See https://github.com/open-mmlab/mmcv/blob/master/docs/en/compatibility.md for more details.
  warnings.warn(
/home/karimimonsefi.1/SSL_VAN/BTCV/main.py:109: UserWarning: Found total gpus 2
  warnings.warn("Found total gpus {}".format(args.ngpus_per_node))
/home/karimimonsefi.1/miniconda3/lib/python3.9/site-packages/mmcv/__init__.py:20: UserWarning: On January 1, 2023, MMCV will release v2.0.0, in which it will remove components related to the training process and add a data transformation module. In addition, it will rename the package names mmcv to mmcv-lite and mmcv-full to mmcv. See https://github.com/open-mmlab/mmcv/blob/master/docs/en/compatibility.md for more details.
  warnings.warn(
/home/karimimonsefi.1/miniconda3/lib/python3.9/site-packages/mmcv/__init__.py:20: UserWarning: On January 1, 2023, MMCV will release v2.0.0, in which it will remove components related to the training process and add a data transformation module. In addition, it will rename the package names mmcv to mmcv-lite and mmcv-full to mmcv. See https://github.com/open-mmlab/mmcv/blob/master/docs/en/compatibility.md for more details.
  warnings.warn(
/home/karimimonsefi.1/SSL_VAN/BTCV/main.py:129: UserWarning: 1 gpu 1
  warnings.warn(f"{args.rank} gpu {args.gpu}")
/home/karimimonsefi.1/SSL_VAN/BTCV/main.py:129: UserWarning: 0 gpu 0
  warnings.warn(f"{args.rank} gpu {args.gpu}")
/home/karimimonsefi.1/SSL_VAN/BTCV/main.py:131: UserWarning: Batch size is: 4 epochs 7800
  warnings.warn(f"Batch size is: {args.batch_size} epochs {args.max_epochs}")
/home/karimimonsefi.1/SSL_VAN/commons/pre_trained_loader.py:13: UserWarning: new_state_dict len is 0 - before
  warnings.warn(f"new_state_dict len is {len(new_state_dict)} - before")
/home/karimimonsefi.1/SSL_VAN/commons/pre_trained_loader.py:22: UserWarning: new_state_dict len is 746 - after
  warnings.warn(f"new_state_dict len is {len(new_state_dict)} - after")
/home/karimimonsefi.1/SSL_VAN/commons/pre_trained_loader.py:13: UserWarning: new_state_dict len is 0 - before
  warnings.warn(f"new_state_dict len is {len(new_state_dict)} - before")
/home/karimimonsefi.1/SSL_VAN/commons/pre_trained_loader.py:22: UserWarning: new_state_dict len is 746 - after
  warnings.warn(f"new_state_dict len is {len(new_state_dict)} - after")
/home/karimimonsefi.1/SSL_VAN/commons/pre_trained_loader.py:24: UserWarning: VANV412 - Using pretrained self-supervised backbone weights !
  warnings.warn(f"{args.model_v} - Using pretrained self-supervised backbone weights !")
/home/karimimonsefi.1/SSL_VAN/commons/pre_trained_loader.py:30: UserWarning: Number of matched keys loaded: 14
  warnings.warn(f"Number of matched keys loaded: {matched_keys}")
/home/karimimonsefi.1/miniconda3/lib/python3.9/site-packages/monai/transforms/post/array.py:176: UserWarning: `to_onehot=True/False` is deprecated, please use `to_onehot=num_classes` instead.
  warnings.warn("`to_onehot=True/False` is deprecated, please use `to_onehot=num_classes` instead.")
/home/karimimonsefi.1/SSL_VAN/BTCV/main.py:165: UserWarning: Total parameters count 40256426
  warnings.warn(f"Total parameters count {pytorch_total_params}")
/home/karimimonsefi.1/SSL_VAN/BTCV/main.py:168: UserWarning: Total args.checkpoint True
  warnings.warn(f"Total args.checkpoint {args.checkpoint}")
/home/karimimonsefi.1/SSL_VAN/commons/util.py:6: UserWarning:  base_url is 64-128-256-512_3-4-6-3_8-8-4-4_vae_inferer_valid_loader_VANV412_pre
  warnings.warn(f" base_url is {base_url}")
/home/karimimonsefi.1/SSL_VAN/commons/util.py:8: UserWarning:  output_url 1 is ./runs/BTCV_new/test_log80/output_False_False
  warnings.warn(f" output_url 1 is {output_url}")
/home/karimimonsefi.1/SSL_VAN/commons/util.py:9: UserWarning:  exists 1 is True
  warnings.warn(f" exists 1 is {os.path.exists(output_url)}")
/home/karimimonsefi.1/SSL_VAN/commons/util.py:13: UserWarning:  output_url 2 is ./runs/BTCV_new/test_log80/output_False_False/64-128-256-512_3-4-6-3_8-8-4-4_vae_inferer_valid_loader_VANV412_pre
  warnings.warn(f" output_url 2 is {output_url}")
/home/karimimonsefi.1/SSL_VAN/commons/util.py:14: UserWarning:  exists 2 is True
  warnings.warn(f" exists 2 is {os.path.exists(output_url)}")
/home/karimimonsefi.1/SSL_VAN/commons/util.py:20: UserWarning:  Best url model is 64-128-256-512_3-4-6-3_8-8-4-4_vae_inferer_valid_loader_VANV412_pre__best.pt, final model url is 64-128-256-512_3-4-6-3_8-8-4-4_vae_inferer_valid_loader_VANV412_pre__final.pt
  warnings.warn(f" Best url model is {args.best_model_url}, final model url is {args.final_model_url}")
/home/karimimonsefi.1/SSL_VAN/commons/pre_trained_loader.py:24: UserWarning: VANV412 - Using pretrained self-supervised backbone weights !
  warnings.warn(f"{args.model_v} - Using pretrained self-supervised backbone weights !")
/home/karimimonsefi.1/SSL_VAN/commons/pre_trained_loader.py:30: UserWarning: Number of matched keys loaded: 14
  warnings.warn(f"Number of matched keys loaded: {matched_keys}")
/home/karimimonsefi.1/miniconda3/lib/python3.9/site-packages/monai/transforms/post/array.py:176: UserWarning: `to_onehot=True/False` is deprecated, please use `to_onehot=num_classes` instead.
  warnings.warn("`to_onehot=True/False` is deprecated, please use `to_onehot=num_classes` instead.")
/home/karimimonsefi.1/SSL_VAN/BTCV/main.py:165: UserWarning: Total parameters count 40256426
  warnings.warn(f"Total parameters count {pytorch_total_params}")
/home/karimimonsefi.1/SSL_VAN/BTCV/main.py:168: UserWarning: Total args.checkpoint True
  warnings.warn(f"Total args.checkpoint {args.checkpoint}")
/home/karimimonsefi.1/SSL_VAN/commons/util.py:6: UserWarning:  base_url is 64-128-256-512_3-4-6-3_8-8-4-4_vae_inferer_valid_loader_VANV412_pre
  warnings.warn(f" base_url is {base_url}")
/home/karimimonsefi.1/SSL_VAN/commons/util.py:8: UserWarning:  output_url 1 is ./runs/BTCV_new/test_log80/output_False_False
  warnings.warn(f" output_url 1 is {output_url}")
/home/karimimonsefi.1/SSL_VAN/commons/util.py:9: UserWarning:  exists 1 is True
  warnings.warn(f" exists 1 is {os.path.exists(output_url)}")
/home/karimimonsefi.1/SSL_VAN/commons/util.py:13: UserWarning:  output_url 2 is ./runs/BTCV_new/test_log80/output_False_False/64-128-256-512_3-4-6-3_8-8-4-4_vae_inferer_valid_loader_VANV412_pre
  warnings.warn(f" output_url 2 is {output_url}")
/home/karimimonsefi.1/SSL_VAN/commons/util.py:14: UserWarning:  exists 2 is True
  warnings.warn(f" exists 2 is {os.path.exists(output_url)}")
/home/karimimonsefi.1/SSL_VAN/commons/util.py:20: UserWarning:  Best url model is 64-128-256-512_3-4-6-3_8-8-4-4_vae_inferer_valid_loader_VANV412_pre__best.pt, final model url is 64-128-256-512_3-4-6-3_8-8-4-4_vae_inferer_valid_loader_VANV412_pre__final.pt
  warnings.warn(f" Best url model is {args.best_model_url}, final model url is {args.final_model_url}")
/home/karimimonsefi.1/SSL_VAN/BTCV/main.py:182: UserWarning: => loaded checkpoint 'True' (epoch 6915) (bestacc 0.8364571928977966)
  warnings.warn("=> loaded checkpoint '{}' (epoch {}) (bestacc {})".format(
/home/karimimonsefi.1/SSL_VAN/BTCV/main.py:182: UserWarning: => loaded checkpoint 'True' (epoch 6915) (bestacc 0.8364571928977966)
  warnings.warn("=> loaded checkpoint '{}' (epoch {}) (bestacc {})".format(
/home/karimimonsefi.1/SSL_VAN/BTCV/trainer.py:146: UserWarning: Writing Tensorboard logs to ./runs/BTCV_new/test_log80
  warnings.warn(f"Writing Tensorboard logs to {args.logdir}")
/home/karimimonsefi.1/SSL_VAN/BTCV/trainer.py:154: UserWarning: 0  Thu Jul 27 00:46:18 2023  Epoch: 6915
  warnings.warn(f"{args.rank}  {time.ctime()}  Epoch: {epoch}")
/home/karimimonsefi.1/SSL_VAN/BTCV/trainer.py:154: UserWarning: 1  Thu Jul 27 00:46:18 2023  Epoch: 6915
  warnings.warn(f"{args.rank}  {time.ctime()}  Epoch: {epoch}")
input_list/dataset_BTCV_List.json
input_list/dataset_BTCV_List.json
[W reducer.cpp:1298] Warning: find_unused_parameters=True was specified in DDP constructor, but did not find any unused parameters in the forward pass. This flag results in an extra traversal of the autograd graph every iteration,  which can adversely affect performance. If your model indeed never has any unused parameters in the forward pass, consider turning this flag off. Note that this warning may be a false positive if your model has flow control causing later iterations to have unused parameters. (function operator())
[W reducer.cpp:1298] Warning: find_unused_parameters=True was specified in DDP constructor, but did not find any unused parameters in the forward pass. This flag results in an extra traversal of the autograd graph every iteration,  which can adversely affect performance. If your model indeed never has any unused parameters in the forward pass, consider turning this flag off. Note that this warning may be a false positive if your model has flow control causing later iterations to have unused parameters. (function operator())
/home/karimimonsefi.1/SSL_VAN/BTCV/trainer.py:58: UserWarning: Epoch 6915/7800 0/4  loss: 0.6483  time 35.89s
  warnings.warn(
/home/karimimonsefi.1/SSL_VAN/BTCV/trainer.py:58: UserWarning: Epoch 6915/7800 1/4  loss: 0.6139  time 0.92s
  warnings.warn(
/home/karimimonsefi.1/SSL_VAN/BTCV/trainer.py:58: UserWarning: Epoch 6915/7800 2/4  loss: 0.6046  time 0.92s
  warnings.warn(
/home/karimimonsefi.1/SSL_VAN/BTCV/trainer.py:58: UserWarning: Epoch 6915/7800 3/4  loss: 0.6283  time 7.38s
  warnings.warn(
/home/karimimonsefi.1/SSL_VAN/BTCV/trainer.py:160: UserWarning: Final training  6915/7799  loss: 0.6283  time 45.12s
  warnings.warn("Final training  {}/{}  loss: {:.4f}  time {:.2f}s".format(epoch, args.max_epochs - 1,
/home/karimimonsefi.1/SSL_VAN/BTCV/trainer.py:107: UserWarning: Val 6915/7800 0/3  acc [ 0.838]  time 5.11s
  warnings.warn("Val {}/{} {}/{}  acc {}  time {:.2f}s".format(epoch, args.max_epochs, idx, len(loader),
/home/karimimonsefi.1/SSL_VAN/BTCV/trainer.py:109: UserWarning: Val 6915/7800 0/3  acc 0.838150143623352  time 5.11s
  warnings.warn("Val {}/{} {}/{}  acc {}  time {:.2f}s".format(epoch, args.max_epochs, idx, len(loader),
/home/karimimonsefi.1/SSL_VAN/BTCV/trainer.py:107: UserWarning: Val 6915/7800 1/3  acc [ 0.815]  time 2.79s
  warnings.warn("Val {}/{} {}/{}  acc {}  time {:.2f}s".format(epoch, args.max_epochs, idx, len(loader),
/home/karimimonsefi.1/SSL_VAN/BTCV/trainer.py:109: UserWarning: Val 6915/7800 1/3  acc 0.8154768347740173  time 2.79s
  warnings.warn("Val {}/{} {}/{}  acc {}  time {:.2f}s".format(epoch, args.max_epochs, idx, len(loader),
/home/karimimonsefi.1/SSL_VAN/BTCV/trainer.py:107: UserWarning: Val 6915/7800 2/3  acc [ 0.832]  time 1.48s
  warnings.warn("Val {}/{} {}/{}  acc {}  time {:.2f}s".format(epoch, args.max_epochs, idx, len(loader),
/home/karimimonsefi.1/SSL_VAN/BTCV/trainer.py:109: UserWarning: Val 6915/7800 2/3  acc 0.8315272927284241  time 1.48s
  warnings.warn("Val {}/{} {}/{}  acc {}  time {:.2f}s".format(epoch, args.max_epochs, idx, len(loader),
/home/karimimonsefi.1/SSL_VAN/BTCV/trainer.py:184: UserWarning: Final validation  6915/7799  acc: 0.8315  time 9.39s
  warnings.warn("Final validation  {}/{}  acc: {:.4f}  time {:.2f}s".format(epoch, args.max_epochs - 1,
/home/karimimonsefi.1/SSL_VAN/BTCV/trainer.py:124: UserWarning: Saving checkpoint ./runs/BTCV_new/test_log80/64-128-256-512_3-4-6-3_8-8-4-4_vae_inferer_valid_loader_VANV412_pre__final.pt
  warnings.warn(f"Saving checkpoint {filename}")
/home/karimimonsefi.1/SSL_VAN/BTCV/trainer.py:154: UserWarning: 0  Thu Jul 27 00:47:15 2023  Epoch: 6916
  warnings.warn(f"{args.rank}  {time.ctime()}  Epoch: {epoch}")
/home/karimimonsefi.1/SSL_VAN/BTCV/trainer.py:154: UserWarning: 1  Thu Jul 27 00:47:15 2023  Epoch: 6916
  warnings.warn(f"{args.rank}  {time.ctime()}  Epoch: {epoch}")
/home/karimimonsefi.1/SSL_VAN/BTCV/trainer.py:58: UserWarning: Epoch 6916/7800 0/4  loss: 0.6267  time 12.16s
  warnings.warn(
/home/karimimonsefi.1/SSL_VAN/BTCV/trainer.py:58: UserWarning: Epoch 6916/7800 1/4  loss: 0.5759  time 0.92s
  warnings.warn(
/home/karimimonsefi.1/SSL_VAN/BTCV/trainer.py:58: UserWarning: Epoch 6916/7800 2/4  loss: 0.5923  time 0.92s
  warnings.warn(
/home/karimimonsefi.1/SSL_VAN/BTCV/trainer.py:58: UserWarning: Epoch 6916/7800 3/4  loss: 0.6247  time 0.29s
  warnings.warn(
/home/karimimonsefi.1/SSL_VAN/BTCV/trainer.py:160: UserWarning: Final training  6916/7799  loss: 0.6247  time 14.29s
  warnings.warn("Final training  {}/{}  loss: {:.4f}  time {:.2f}s".format(epoch, args.max_epochs - 1,
/home/karimimonsefi.1/SSL_VAN/BTCV/trainer.py:107: UserWarning: Val 6916/7800 0/3  acc [ 0.841]  time 4.49s
  warnings.warn("Val {}/{} {}/{}  acc {}  time {:.2f}s".format(epoch, args.max_epochs, idx, len(loader),
/home/karimimonsefi.1/SSL_VAN/BTCV/trainer.py:109: UserWarning: Val 6916/7800 0/3  acc 0.8413490056991577  time 4.49s
  warnings.warn("Val {}/{} {}/{}  acc {}  time {:.2f}s".format(epoch, args.max_epochs, idx, len(loader),
/home/karimimonsefi.1/SSL_VAN/BTCV/trainer.py:107: UserWarning: Val 6916/7800 1/3  acc [ 0.820]  time 1.85s
  warnings.warn("Val {}/{} {}/{}  acc {}  time {:.2f}s".format(epoch, args.max_epochs, idx, len(loader),
/home/karimimonsefi.1/SSL_VAN/BTCV/trainer.py:109: UserWarning: Val 6916/7800 1/3  acc 0.8196064233779907  time 1.85s
  warnings.warn("Val {}/{} {}/{}  acc {}  time {:.2f}s".format(epoch, args.max_epochs, idx, len(loader),
/home/karimimonsefi.1/SSL_VAN/BTCV/trainer.py:107: UserWarning: Val 6916/7800 2/3  acc [ 0.835]  time 1.48s
  warnings.warn("Val {}/{} {}/{}  acc {}  time {:.2f}s".format(epoch, args.max_epochs, idx, len(loader),
/home/karimimonsefi.1/SSL_VAN/BTCV/trainer.py:109: UserWarning: Val 6916/7800 2/3  acc 0.8346008658409119  time 1.48s
  warnings.warn("Val {}/{} {}/{}  acc {}  time {:.2f}s".format(epoch, args.max_epochs, idx, len(loader),
/home/karimimonsefi.1/SSL_VAN/BTCV/trainer.py:184: UserWarning: Final validation  6916/7799  acc: 0.8346  time 7.81s
  warnings.warn("Final validation  {}/{}  acc: {:.4f}  time {:.2f}s".format(epoch, args.max_epochs - 1,
/home/karimimonsefi.1/SSL_VAN/BTCV/trainer.py:154: UserWarning: 0  Thu Jul 27 00:47:37 2023  Epoch: 6917
  warnings.warn(f"{args.rank}  {time.ctime()}  Epoch: {epoch}")
/home/karimimonsefi.1/SSL_VAN/BTCV/trainer.py:154: UserWarning: 1  Thu Jul 27 00:47:37 2023  Epoch: 6917
  warnings.warn(f"{args.rank}  {time.ctime()}  Epoch: {epoch}")
/home/karimimonsefi.1/SSL_VAN/BTCV/trainer.py:58: UserWarning: Epoch 6917/7800 0/4  loss: 0.6580  time 10.12s
  warnings.warn(
/home/karimimonsefi.1/SSL_VAN/BTCV/trainer.py:58: UserWarning: Epoch 6917/7800 1/4  loss: 0.6237  time 1.21s
  warnings.warn(
/home/karimimonsefi.1/SSL_VAN/BTCV/trainer.py:58: UserWarning: Epoch 6917/7800 2/4  loss: 0.6364  time 0.92s
  warnings.warn(
/home/karimimonsefi.1/SSL_VAN/BTCV/trainer.py:58: UserWarning: Epoch 6917/7800 3/4  loss: 0.6451  time 0.29s
  warnings.warn(
/home/karimimonsefi.1/SSL_VAN/BTCV/trainer.py:160: UserWarning: Final training  6917/7799  loss: 0.6451  time 12.54s
  warnings.warn("Final training  {}/{}  loss: {:.4f}  time {:.2f}s".format(epoch, args.max_epochs - 1,
/home/karimimonsefi.1/SSL_VAN/BTCV/trainer.py:107: UserWarning: Val 6917/7800 0/3  acc [ 0.836]  time 4.71s
  warnings.warn("Val {}/{} {}/{}  acc {}  time {:.2f}s".format(epoch, args.max_epochs, idx, len(loader),
/home/karimimonsefi.1/SSL_VAN/BTCV/trainer.py:109: UserWarning: Val 6917/7800 0/3  acc 0.8364527225494385  time 4.71s
  warnings.warn("Val {}/{} {}/{}  acc {}  time {:.2f}s".format(epoch, args.max_epochs, idx, len(loader),
/home/karimimonsefi.1/SSL_VAN/BTCV/trainer.py:107: UserWarning: Val 6917/7800 1/3  acc [ 0.815]  time 1.85s
  warnings.warn("Val {}/{} {}/{}  acc {}  time {:.2f}s".format(epoch, args.max_epochs, idx, len(loader),
/home/karimimonsefi.1/SSL_VAN/BTCV/trainer.py:109: UserWarning: Val 6917/7800 1/3  acc 0.814661979675293  time 1.85s
  warnings.warn("Val {}/{} {}/{}  acc {}  time {:.2f}s".format(epoch, args.max_epochs, idx, len(loader),
/home/karimimonsefi.1/SSL_VAN/BTCV/trainer.py:107: UserWarning: Val 6917/7800 2/3  acc [ 0.830]  time 1.47s
  warnings.warn("Val {}/{} {}/{}  acc {}  time {:.2f}s".format(epoch, args.max_epochs, idx, len(loader),
/home/karimimonsefi.1/SSL_VAN/BTCV/trainer.py:109: UserWarning: Val 6917/7800 2/3  acc 0.8304821848869324  time 1.47s
  warnings.warn("Val {}/{} {}/{}  acc {}  time {:.2f}s".format(epoch, args.max_epochs, idx, len(loader),
/home/karimimonsefi.1/SSL_VAN/BTCV/trainer.py:184: UserWarning: Final validation  6917/7799  acc: 0.8305  time 8.03s
  warnings.warn("Final validation  {}/{}  acc: {:.4f}  time {:.2f}s".format(epoch, args.max_epochs - 1,
/home/karimimonsefi.1/SSL_VAN/BTCV/trainer.py:154: UserWarning: 1  Thu Jul 27 00:47:59 2023  Epoch: 6918
  warnings.warn(f"{args.rank}  {time.ctime()}  Epoch: {epoch}")
/home/karimimonsefi.1/SSL_VAN/BTCV/trainer.py:154: UserWarning: 0  Thu Jul 27 00:47:59 2023  Epoch: 6918
  warnings.warn(f"{args.rank}  {time.ctime()}  Epoch: {epoch}")
/home/karimimonsefi.1/SSL_VAN/BTCV/trainer.py:58: UserWarning: Epoch 6918/7800 0/4  loss: 0.6076  time 10.11s
  warnings.warn(
