
----------------------------------------------------------------------------
  cuda:
----------------------------------------------------------------------------
     Versions:
        cuda/10.2
        cuda/11.0
        cuda/11.2
        cuda/11.3
        cuda/11.4
        cuda/11.5
        cuda/11.6
        cuda/11.7
        cuda/11.8
        cuda/12.0

----------------------------------------------------------------------------
  For detailed information about a specific "cuda" package (including how to load the modules) use the module's full name.
  Note that names that have a trailing (E) are extensions provided by other modules.
  For example:

     $ module spider cuda/12.0
----------------------------------------------------------------------------

 


CommandNotFoundError: Your shell has not been properly configured to use 'conda activate'.
To initialize your shell, run

    $ conda init <SHELL_NAME>

Currently supported shells are:
  - bash
  - fish
  - tcsh
  - xonsh
  - zsh
  - powershell

See 'conda init --help' for more information and options.

IMPORTANT: You may need to close and restart your shell after running 'conda init'.


/home/karimimonsefi.1/miniconda3/lib/python3.9/site-packages/mmcv/__init__.py:20: UserWarning: On January 1, 2023, MMCV will release v2.0.0, in which it will remove components related to the training process and add a data transformation module. In addition, it will rename the package names mmcv to mmcv-lite and mmcv-full to mmcv. See https://github.com/open-mmlab/mmcv/blob/master/docs/en/compatibility.md for more details.
  warnings.warn(
/home/karimimonsefi.1/SSL_VAN/pretrain/main.py:140: UserWarning: 0 gpu 0
  warnings.warn(f"{args.rank} gpu {args.gpu}")
/home/karimimonsefi.1/SSL_VAN/pretrain/main.py:142: UserWarning: Batch size is: 1 epochs 100
  warnings.warn(f"Batch size is: {args.batch_size} epochs {args.max_epochs}")
/home/karimimonsefi.1/SSL_VAN/commons/model_factory.py:345: UserWarning: embed_dims factory = [64, 128, 256, 512]
  warnings.warn(f'embed_dims factory = {args.embed_dims}')
/home/karimimonsefi.1/SSL_VAN/pretrain/main.py:150: UserWarning: Total parameters count 75897594
  warnings.warn(f"Total parameters count {pytorch_total_params}")
/home/karimimonsefi.1/SSL_VAN/pretrain/main.py:153: UserWarning: Total args.checkpoint True
  warnings.warn(f"Total args.checkpoint {args.checkpoint}")
/home/karimimonsefi.1/SSL_VAN/pretrain/main.py:164: UserWarning:  Best url model is pre_train_64-128-256-512_3-4-6-3_8-8-4-4_vae_inferer_valid_loader_PREVANV4121GL_2_1_500_128_True_5_pre_version2__best.pt, final model url is pre_train_64-128-256-512_3-4-6-3_8-8-4-4_vae_inferer_valid_loader_PREVANV4121GL_2_1_500_128_True_5_pre_version2__final.pt
  warnings.warn(f" Best url model is {args.best_model_url}, final model url is {args.final_model_url}")
/home/karimimonsefi.1/SSL_VAN/pretrain/main.py:173: UserWarning: => loaded checkpoint 'True' (epoch 0) (best_loss 1.4718395130066089)
  warnings.warn("=> loaded checkpoint '{}' (epoch {}) (best_loss {})".format(
/home/karimimonsefi.1/SSL_VAN/pretrain/training_2.py:124: UserWarning: Writing Tensorboard logs to ./runs/pre_train_1/test_log
  warnings.warn(f"Writing Tensorboard logs to {args.logdir}")
/home/karimimonsefi.1/SSL_VAN/pretrain/training_2.py:134: UserWarning: 0  Fri Jul 21 10:22:05 2023  Epoch: 0
  warnings.warn(f"{args.rank}  {time.ctime()}  Epoch: {epoch}")
Dataset 1 LUNA16: OK number of data: 842
Dataset 2 Covid 19: OK number of data: 722
Dataset 3 HNSCC: OK number of data: 954
Dataset 4 TCIA Colon: OK number of data: 1532
Dataset 5 TCIA LIDC: OK number of data: 450
Dataset all training: number of data: 4500
loader is ready
/home/karimimonsefi.1/SSL_VAN/pretrain/training_2.py:76: UserWarning: Epoch 0/100 0/4500  loss: 0.517890447  time 180.41s
  warnings.warn(
/home/karimimonsefi.1/SSL_VAN/pretrain/training_2.py:76: UserWarning: Epoch 0/100 1/4500  loss: 2.306773550  time 0.59s
  warnings.warn(
/home/karimimonsefi.1/SSL_VAN/pretrain/training_2.py:76: UserWarning: Epoch 0/100 2/4500  loss: 2.099404194  time 0.47s
  warnings.warn(
/home/karimimonsefi.1/SSL_VAN/pretrain/training_2.py:76: UserWarning: Epoch 0/100 3/4500  loss: 1.831505944  time 0.74s
  warnings.warn(
/home/karimimonsefi.1/SSL_VAN/pretrain/training_2.py:76: UserWarning: Epoch 0/100 4/4500  loss: 1.668893999  time 0.79s
  warnings.warn(
/home/karimimonsefi.1/SSL_VAN/pretrain/training_2.py:76: UserWarning: Epoch 0/100 5/4500  loss: 1.590746651  time 0.80s
  warnings.warn(
/home/karimimonsefi.1/SSL_VAN/pretrain/training_2.py:76: UserWarning: Epoch 0/100 6/4500  loss: 1.731823731  time 0.72s
  warnings.warn(
/home/karimimonsefi.1/SSL_VAN/pretrain/training_2.py:76: UserWarning: Epoch 0/100 7/4500  loss: 1.705000612  time 0.74s
  warnings.warn(
/home/karimimonsefi.1/SSL_VAN/pretrain/training_2.py:76: UserWarning: Epoch 0/100 8/4500  loss: 1.576130998  time 0.72s
  warnings.warn(
/home/karimimonsefi.1/SSL_VAN/pretrain/training_2.py:76: UserWarning: Epoch 0/100 9/4500  loss: 1.471720792  time 0.87s
  warnings.warn(
/home/karimimonsefi.1/SSL_VAN/pretrain/training_2.py:76: UserWarning: Epoch 0/100 10/4500  loss: 1.387033250  time 0.69s
  warnings.warn(
/home/karimimonsefi.1/SSL_VAN/pretrain/training_2.py:76: UserWarning: Epoch 0/100 11/4500  loss: 1.315548338  time 0.70s
  warnings.warn(
/home/karimimonsefi.1/SSL_VAN/pretrain/training_2.py:76: UserWarning: Epoch 0/100 12/4500  loss: 1.299428852  time 0.75s
  warnings.warn(
/home/karimimonsefi.1/SSL_VAN/pretrain/training_2.py:76: UserWarning: Epoch 0/100 13/4500  loss: 1.243614621  time 0.66s
  warnings.warn(
/home/karimimonsefi.1/SSL_VAN/pretrain/training_2.py:76: UserWarning: Epoch 0/100 14/4500  loss: 1.315875499  time 0.80s
  warnings.warn(
/home/karimimonsefi.1/SSL_VAN/pretrain/training_2.py:76: UserWarning: Epoch 0/100 15/4500  loss: 1.321612392  time 0.79s
  warnings.warn(
/home/karimimonsefi.1/SSL_VAN/pretrain/training_2.py:76: UserWarning: Epoch 0/100 16/4500  loss: 1.316482136  time 0.87s
  warnings.warn(
/home/karimimonsefi.1/SSL_VAN/pretrain/training_2.py:76: UserWarning: Epoch 0/100 17/4500  loss: 1.327347071  time 57.43s
  warnings.warn(
/home/karimimonsefi.1/SSL_VAN/pretrain/training_2.py:76: UserWarning: Epoch 0/100 18/4500  loss: 1.286448123  time 0.87s
  warnings.warn(
/home/karimimonsefi.1/SSL_VAN/pretrain/training_2.py:76: UserWarning: Epoch 0/100 19/4500  loss: 1.394712179  time 4.77s
  warnings.warn(
/home/karimimonsefi.1/SSL_VAN/pretrain/training_2.py:76: UserWarning: Epoch 0/100 20/4500  loss: 1.400813480  time 0.69s
  warnings.warn(
/home/karimimonsefi.1/SSL_VAN/pretrain/training_2.py:76: UserWarning: Epoch 0/100 21/4500  loss: 1.360813045  time 0.67s
  warnings.warn(
/home/karimimonsefi.1/SSL_VAN/pretrain/training_2.py:76: UserWarning: Epoch 0/100 22/4500  loss: 1.368978546  time 0.70s
  warnings.warn(
/home/karimimonsefi.1/SSL_VAN/pretrain/training_2.py:76: UserWarning: Epoch 0/100 23/4500  loss: 1.335364185  time 0.61s
  warnings.warn(
/home/karimimonsefi.1/SSL_VAN/pretrain/training_2.py:76: UserWarning: Epoch 0/100 24/4500  loss: 1.369534710  time 0.74s
  warnings.warn(
/home/karimimonsefi.1/SSL_VAN/pretrain/training_2.py:76: UserWarning: Epoch 0/100 25/4500  loss: 1.390820163  time 11.37s
  warnings.warn(
/home/karimimonsefi.1/SSL_VAN/pretrain/training_2.py:76: UserWarning: Epoch 0/100 26/4500  loss: 1.384397916  time 0.71s
  warnings.warn(
/home/karimimonsefi.1/SSL_VAN/pretrain/training_2.py:76: UserWarning: Epoch 0/100 27/4500  loss: 1.396353089  time 0.72s
  warnings.warn(
/home/karimimonsefi.1/SSL_VAN/pretrain/training_2.py:76: UserWarning: Epoch 0/100 28/4500  loss: 1.434177253  time 0.69s
  warnings.warn(
/home/karimimonsefi.1/SSL_VAN/pretrain/training_2.py:76: UserWarning: Epoch 0/100 29/4500  loss: 1.406432846  time 71.54s
  warnings.warn(
/home/karimimonsefi.1/SSL_VAN/pretrain/training_2.py:76: UserWarning: Epoch 0/100 30/4500  loss: 1.393319118  time 0.71s
  warnings.warn(
/home/karimimonsefi.1/SSL_VAN/pretrain/training_2.py:76: UserWarning: Epoch 0/100 31/4500  loss: 1.411228099  time 0.63s
  warnings.warn(
/home/karimimonsefi.1/SSL_VAN/pretrain/training_2.py:76: UserWarning: Epoch 0/100 32/4500  loss: 1.432238809  time 0.66s
  warnings.warn(
/home/karimimonsefi.1/SSL_VAN/pretrain/training_2.py:76: UserWarning: Epoch 0/100 33/4500  loss: 1.405868842  time 18.48s
  warnings.warn(
/home/karimimonsefi.1/SSL_VAN/pretrain/training_2.py:76: UserWarning: Epoch 0/100 34/4500  loss: 1.380722514  time 0.66s
  warnings.warn(
/home/karimimonsefi.1/SSL_VAN/pretrain/training_2.py:76: UserWarning: Epoch 0/100 35/4500  loss: 1.367264605  time 0.73s
  warnings.warn(
/home/karimimonsefi.1/SSL_VAN/pretrain/training_2.py:76: UserWarning: Epoch 0/100 36/4500  loss: 1.367219185  time 0.77s
  warnings.warn(
/home/karimimonsefi.1/SSL_VAN/pretrain/training_2.py:76: UserWarning: Epoch 0/100 37/4500  loss: 1.394565245  time 0.73s
  warnings.warn(
/home/karimimonsefi.1/SSL_VAN/pretrain/training_2.py:76: UserWarning: Epoch 0/100 38/4500  loss: 1.412847046  time 0.76s
  warnings.warn(
/home/karimimonsefi.1/SSL_VAN/pretrain/training_2.py:76: UserWarning: Epoch 0/100 39/4500  loss: 1.405262029  time 0.52s
  warnings.warn(
/home/karimimonsefi.1/SSL_VAN/pretrain/training_2.py:76: UserWarning: Epoch 0/100 40/4500  loss: 1.386549915  time 0.81s
  warnings.warn(
/home/karimimonsefi.1/SSL_VAN/pretrain/training_2.py:76: UserWarning: Epoch 0/100 41/4500  loss: 1.373695791  time 71.43s
  warnings.warn(
/home/karimimonsefi.1/SSL_VAN/pretrain/training_2.py:76: UserWarning: Epoch 0/100 42/4500  loss: 1.385056064  time 0.70s
  warnings.warn(
/home/karimimonsefi.1/SSL_VAN/pretrain/training_2.py:76: UserWarning: Epoch 0/100 43/4500  loss: 1.435257665  time 0.73s
  warnings.warn(
/home/karimimonsefi.1/SSL_VAN/pretrain/training_2.py:76: UserWarning: Epoch 0/100 44/4500  loss: 1.429279695  time 0.65s
  warnings.warn(
/home/karimimonsefi.1/SSL_VAN/pretrain/training_2.py:76: UserWarning: Epoch 0/100 45/4500  loss: 1.410512639  time 7.07s
  warnings.warn(
/home/karimimonsefi.1/SSL_VAN/pretrain/training_2.py:76: UserWarning: Epoch 0/100 46/4500  loss: 1.417929417  time 0.84s
  warnings.warn(
/home/karimimonsefi.1/SSL_VAN/pretrain/training_2.py:76: UserWarning: Epoch 0/100 47/4500  loss: 1.405882146  time 7.49s
  warnings.warn(
/home/karimimonsefi.1/SSL_VAN/pretrain/training_2.py:76: UserWarning: Epoch 0/100 48/4500  loss: 1.406436478  time 0.62s
  warnings.warn(
/home/karimimonsefi.1/SSL_VAN/pretrain/training_2.py:76: UserWarning: Epoch 0/100 49/4500  loss: 1.432793031  time 2.89s
  warnings.warn(
/home/karimimonsefi.1/SSL_VAN/pretrain/training_2.py:76: UserWarning: Epoch 0/100 50/4500  loss: 1.442750748  time 0.79s
  warnings.warn(
/home/karimimonsefi.1/SSL_VAN/pretrain/training_2.py:76: UserWarning: Epoch 0/100 51/4500  loss: 1.447326989  time 0.81s
  warnings.warn(
/home/karimimonsefi.1/SSL_VAN/pretrain/training_2.py:76: UserWarning: Epoch 0/100 52/4500  loss: 1.478721435  time 44.34s
  warnings.warn(
/home/karimimonsefi.1/SSL_VAN/pretrain/training_2.py:76: UserWarning: Epoch 0/100 53/4500  loss: 1.465733673  time 0.74s
  warnings.warn(
/home/karimimonsefi.1/SSL_VAN/pretrain/training_2.py:76: UserWarning: Epoch 0/100 54/4500  loss: 1.452160246  time 0.74s
  warnings.warn(
