
----------------------------------------------------------------------------
  cuda:
----------------------------------------------------------------------------
     Versions:
        cuda/10.2
        cuda/11.0
        cuda/11.2
        cuda/11.3
        cuda/11.4
        cuda/11.5
        cuda/11.6
        cuda/11.7
        cuda/11.8
        cuda/12.0

----------------------------------------------------------------------------
  For detailed information about a specific "cuda" package (including how to load the modules) use the module's full name.
  Note that names that have a trailing (E) are extensions provided by other modules.
  For example:

     $ module spider cuda/12.0
----------------------------------------------------------------------------

 


CommandNotFoundError: Your shell has not been properly configured to use 'conda activate'.
To initialize your shell, run

    $ conda init <SHELL_NAME>

Currently supported shells are:
  - bash
  - fish
  - tcsh
  - xonsh
  - zsh
  - powershell

See 'conda init --help' for more information and options.

IMPORTANT: You may need to close and restart your shell after running 'conda init'.


/home/karimimonsefi.1/miniconda3/lib/python3.9/site-packages/mmcv/__init__.py:20: UserWarning: On January 1, 2023, MMCV will release v2.0.0, in which it will remove components related to the training process and add a data transformation module. In addition, it will rename the package names mmcv to mmcv-lite and mmcv-full to mmcv. See https://github.com/open-mmlab/mmcv/blob/master/docs/en/compatibility.md for more details.
  warnings.warn(
/home/karimimonsefi.1/SSL_VAN/pretrain/main.py:139: UserWarning: 0 gpu 0
  warnings.warn(f"{args.rank} gpu {args.gpu}")
/home/karimimonsefi.1/SSL_VAN/pretrain/main.py:141: UserWarning: Batch size is: 1 epochs 100
  warnings.warn(f"Batch size is: {args.batch_size} epochs {args.max_epochs}")
/home/karimimonsefi.1/SSL_VAN/commons/model_factory.py:345: UserWarning: embed_dims factory = [96, 192, 384, 768]
  warnings.warn(f'embed_dims factory = {args.embed_dims}')
/home/karimimonsefi.1/SSL_VAN/pretrain/main.py:149: UserWarning: Total parameters count 180957087
  warnings.warn(f"Total parameters count {pytorch_total_params}")
/home/karimimonsefi.1/SSL_VAN/pretrain/main.py:152: UserWarning: Total args.checkpoint True
  warnings.warn(f"Total args.checkpoint {args.checkpoint}")
/home/karimimonsefi.1/SSL_VAN/pretrain/main.py:163: UserWarning:  Best url model is pre_train_96-192-384-768_3-3-24-3_8-8-4-4_vae_inferer_valid_loader_PREVANV4121GL_2_40_500_128_True_5_pre_version2__best.pt, final model url is pre_train_96-192-384-768_3-3-24-3_8-8-4-4_vae_inferer_valid_loader_PREVANV4121GL_2_40_500_128_True_5_pre_version2__final.pt
  warnings.warn(f" Best url model is {args.best_model_url}, final model url is {args.final_model_url}")
/home/karimimonsefi.1/SSL_VAN/pretrain/main.py:172: UserWarning: => loaded checkpoint 'True' (epoch -1) (best_loss 2.2073814018548514)
  warnings.warn("=> loaded checkpoint '{}' (epoch {}) (best_loss {})".format(
/home/karimimonsefi.1/SSL_VAN/pretrain/training_2.py:124: UserWarning: Writing Tensorboard logs to ./runs/pre_train_1/test_log
  warnings.warn(f"Writing Tensorboard logs to {args.logdir}")
/home/karimimonsefi.1/SSL_VAN/pretrain/training_2.py:134: UserWarning: 0  Fri Jul 14 10:20:45 2023  Epoch: 0
  warnings.warn(f"{args.rank}  {time.ctime()}  Epoch: {epoch}")
Dataset 1 LUNA16: OK number of data: 842
Dataset 2 Covid 19: OK number of data: 722
Dataset 3 HNSCC: OK number of data: 954
Dataset 4 TCIA Colon: OK number of data: 1532
Dataset 5 TCIA LIDC: OK number of data: 450
Dataset all training: number of data: 4500
loader is ready
/home/karimimonsefi.1/SSL_VAN/pretrain/training_2.py:76: UserWarning: Epoch 0/100 0/4500  loss: 8.790041965  time 211.63s
  warnings.warn(
/home/karimimonsefi.1/SSL_VAN/pretrain/training_2.py:76: UserWarning: Epoch 0/100 1/4500  loss: 5.137321251  time 2.88s
  warnings.warn(
/home/karimimonsefi.1/SSL_VAN/pretrain/training_2.py:76: UserWarning: Epoch 0/100 2/4500  loss: 3.904439652  time 1.71s
  warnings.warn(
/home/karimimonsefi.1/SSL_VAN/pretrain/training_2.py:76: UserWarning: Epoch 0/100 3/4500  loss: 3.497898376  time 1.51s
  warnings.warn(
/home/karimimonsefi.1/SSL_VAN/pretrain/training_2.py:76: UserWarning: Epoch 0/100 4/4500  loss: 3.729758120  time 1.58s
  warnings.warn(
/home/karimimonsefi.1/SSL_VAN/pretrain/training_2.py:76: UserWarning: Epoch 0/100 5/4500  loss: 3.303908441  time 1.54s
  warnings.warn(
/home/karimimonsefi.1/SSL_VAN/pretrain/training_2.py:76: UserWarning: Epoch 0/100 6/4500  loss: 3.098138823  time 1.53s
  warnings.warn(
/home/karimimonsefi.1/SSL_VAN/pretrain/training_2.py:76: UserWarning: Epoch 0/100 7/4500  loss: 3.193685237  time 1.63s
  warnings.warn(
/home/karimimonsefi.1/SSL_VAN/pretrain/training_2.py:76: UserWarning: Epoch 0/100 8/4500  loss: 3.496882875  time 1.57s
  warnings.warn(
/home/karimimonsefi.1/SSL_VAN/pretrain/training_2.py:76: UserWarning: Epoch 0/100 9/4500  loss: 3.433778859  time 1.74s
  warnings.warn(
/home/karimimonsefi.1/SSL_VAN/pretrain/training_2.py:76: UserWarning: Epoch 0/100 10/4500  loss: 3.471107852  time 1.61s
  warnings.warn(
/home/karimimonsefi.1/SSL_VAN/pretrain/training_2.py:76: UserWarning: Epoch 0/100 11/4500  loss: 3.320789841  time 1.48s
  warnings.warn(
/home/karimimonsefi.1/SSL_VAN/pretrain/training_2.py:76: UserWarning: Epoch 0/100 12/4500  loss: 3.364071446  time 1.62s
  warnings.warn(
/home/karimimonsefi.1/SSL_VAN/pretrain/training_2.py:76: UserWarning: Epoch 0/100 13/4500  loss: 3.387225956  time 1.63s
  warnings.warn(
/home/karimimonsefi.1/SSL_VAN/pretrain/training_2.py:76: UserWarning: Epoch 0/100 14/4500  loss: 3.219205395  time 1.55s
  warnings.warn(
/home/karimimonsefi.1/SSL_VAN/pretrain/training_2.py:76: UserWarning: Epoch 0/100 15/4500  loss: 3.024790462  time 1.57s
  warnings.warn(
/home/karimimonsefi.1/SSL_VAN/pretrain/training_2.py:76: UserWarning: Epoch 0/100 16/4500  loss: 3.072934240  time 1.65s
  warnings.warn(
/home/karimimonsefi.1/SSL_VAN/pretrain/training_2.py:76: UserWarning: Epoch 0/100 17/4500  loss: 3.010395771  time 1.69s
  warnings.warn(
/home/karimimonsefi.1/SSL_VAN/pretrain/training_2.py:76: UserWarning: Epoch 0/100 18/4500  loss: 2.892359758  time 1.49s
  warnings.warn(
/home/karimimonsefi.1/SSL_VAN/pretrain/training_2.py:76: UserWarning: Epoch 0/100 19/4500  loss: 2.748596596  time 1.72s
  warnings.warn(
/home/karimimonsefi.1/SSL_VAN/pretrain/training_2.py:76: UserWarning: Epoch 0/100 20/4500  loss: 2.768613342  time 1.56s
  warnings.warn(
/home/karimimonsefi.1/SSL_VAN/pretrain/training_2.py:76: UserWarning: Epoch 0/100 21/4500  loss: 2.772051046  time 34.82s
  warnings.warn(
/home/karimimonsefi.1/SSL_VAN/pretrain/training_2.py:76: UserWarning: Epoch 0/100 22/4500  loss: 2.737042208  time 1.59s
  warnings.warn(
/home/karimimonsefi.1/SSL_VAN/pretrain/training_2.py:76: UserWarning: Epoch 0/100 23/4500  loss: 2.739254671  time 1.69s
  warnings.warn(
/home/karimimonsefi.1/SSL_VAN/pretrain/training_2.py:76: UserWarning: Epoch 0/100 24/4500  loss: 2.673519512  time 12.01s
  warnings.warn(
/home/karimimonsefi.1/SSL_VAN/pretrain/training_2.py:76: UserWarning: Epoch 0/100 25/4500  loss: 2.613823336  time 14.50s
  warnings.warn(
/home/karimimonsefi.1/SSL_VAN/pretrain/training_2.py:76: UserWarning: Epoch 0/100 26/4500  loss: 2.647469754  time 1.55s
  warnings.warn(
/home/karimimonsefi.1/SSL_VAN/pretrain/training_2.py:76: UserWarning: Epoch 0/100 27/4500  loss: 2.625967230  time 1.51s
  warnings.warn(
/home/karimimonsefi.1/SSL_VAN/pretrain/training_2.py:76: UserWarning: Epoch 0/100 28/4500  loss: 2.649023851  time 1.68s
  warnings.warn(
/home/karimimonsefi.1/SSL_VAN/pretrain/training_2.py:76: UserWarning: Epoch 0/100 29/4500  loss: 2.631199730  time 35.36s
  warnings.warn(
/home/karimimonsefi.1/SSL_VAN/pretrain/training_2.py:76: UserWarning: Epoch 0/100 30/4500  loss: 2.628481551  time 1.76s
  warnings.warn(
/home/karimimonsefi.1/SSL_VAN/pretrain/training_2.py:76: UserWarning: Epoch 0/100 31/4500  loss: 2.633125423  time 1.61s
  warnings.warn(
/home/karimimonsefi.1/SSL_VAN/pretrain/training_2.py:76: UserWarning: Epoch 0/100 32/4500  loss: 2.584567104  time 18.91s
  warnings.warn(
/home/karimimonsefi.1/SSL_VAN/pretrain/training_2.py:76: UserWarning: Epoch 0/100 33/4500  loss: 2.543098459  time 41.83s
  warnings.warn(
/home/karimimonsefi.1/SSL_VAN/pretrain/training_2.py:76: UserWarning: Epoch 0/100 34/4500  loss: 2.540496317  time 1.53s
  warnings.warn(
/home/karimimonsefi.1/SSL_VAN/pretrain/training_2.py:76: UserWarning: Epoch 0/100 35/4500  loss: 2.488542301  time 1.57s
  warnings.warn(
/home/karimimonsefi.1/SSL_VAN/pretrain/training_2.py:76: UserWarning: Epoch 0/100 36/4500  loss: 2.458051178  time 1.62s
  warnings.warn(
/home/karimimonsefi.1/SSL_VAN/pretrain/training_2.py:76: UserWarning: Epoch 0/100 37/4500  loss: 2.463754208  time 1.56s
  warnings.warn(
/home/karimimonsefi.1/SSL_VAN/pretrain/training_2.py:76: UserWarning: Epoch 0/100 38/4500  loss: 2.422785828  time 1.56s
  warnings.warn(
/home/karimimonsefi.1/SSL_VAN/pretrain/training_2.py:76: UserWarning: Epoch 0/100 39/4500  loss: 2.425549287  time 1.52s
  warnings.warn(
/home/karimimonsefi.1/SSL_VAN/pretrain/training_2.py:76: UserWarning: Epoch 0/100 40/4500  loss: 2.417521582  time 39.58s
  warnings.warn(
/home/karimimonsefi.1/SSL_VAN/pretrain/training_2.py:76: UserWarning: Epoch 0/100 41/4500  loss: 2.398958955  time 1.62s
  warnings.warn(
/home/karimimonsefi.1/SSL_VAN/pretrain/training_2.py:76: UserWarning: Epoch 0/100 42/4500  loss: 2.375576829  time 1.67s
  warnings.warn(
/home/karimimonsefi.1/SSL_VAN/pretrain/training_2.py:76: UserWarning: Epoch 0/100 43/4500  loss: 2.407884448  time 1.61s
  warnings.warn(
/home/karimimonsefi.1/SSL_VAN/pretrain/training_2.py:76: UserWarning: Epoch 0/100 44/4500  loss: 2.382167006  time 1.67s
  warnings.warn(
/home/karimimonsefi.1/SSL_VAN/pretrain/training_2.py:76: UserWarning: Epoch 0/100 45/4500  loss: 2.390372987  time 1.63s
  warnings.warn(
/home/karimimonsefi.1/SSL_VAN/pretrain/training_2.py:76: UserWarning: Epoch 0/100 46/4500  loss: 2.385645280  time 1.67s
  warnings.warn(
/home/karimimonsefi.1/SSL_VAN/pretrain/training_2.py:76: UserWarning: Epoch 0/100 47/4500  loss: 2.386079402  time 1.65s
  warnings.warn(
/home/karimimonsefi.1/SSL_VAN/pretrain/training_2.py:76: UserWarning: Epoch 0/100 48/4500  loss: 2.413398941  time 1.71s
  warnings.warn(
/home/karimimonsefi.1/SSL_VAN/pretrain/training_2.py:76: UserWarning: Epoch 0/100 49/4500  loss: 2.438147597  time 1.58s
  warnings.warn(
/home/karimimonsefi.1/SSL_VAN/pretrain/training_2.py:76: UserWarning: Epoch 0/100 50/4500  loss: 2.404881647  time 1.66s
  warnings.warn(
/home/karimimonsefi.1/SSL_VAN/pretrain/training_2.py:76: UserWarning: Epoch 0/100 51/4500  loss: 2.393951776  time 1.54s
  warnings.warn(
/home/karimimonsefi.1/SSL_VAN/pretrain/training_2.py:76: UserWarning: Epoch 0/100 52/4500  loss: 2.401016138  time 1.57s
  warnings.warn(
/home/karimimonsefi.1/SSL_VAN/pretrain/training_2.py:76: UserWarning: Epoch 0/100 53/4500  loss: 2.383646448  time 23.77s
  warnings.warn(
/home/karimimonsefi.1/SSL_VAN/pretrain/training_2.py:76: UserWarning: Epoch 0/100 54/4500  loss: 2.373654551  time 1.30s
  warnings.warn(
/home/karimimonsefi.1/SSL_VAN/pretrain/training_2.py:76: UserWarning: Epoch 0/100 55/4500  loss: 2.376187375  time 1.63s
  warnings.warn(
/home/karimimonsefi.1/SSL_VAN/pretrain/training_2.py:76: UserWarning: Epoch 0/100 56/4500  loss: 2.354042593  time 39.57s
  warnings.warn(
/home/karimimonsefi.1/SSL_VAN/pretrain/training_2.py:76: UserWarning: Epoch 0/100 57/4500  loss: 2.339149049  time 1.40s
  warnings.warn(
/home/karimimonsefi.1/SSL_VAN/pretrain/training_2.py:76: UserWarning: Epoch 0/100 58/4500  loss: 2.302581265  time 1.60s
  warnings.warn(
/home/karimimonsefi.1/SSL_VAN/pretrain/training_2.py:76: UserWarning: Epoch 0/100 59/4500  loss: 2.293611856  time 1.59s
  warnings.warn(
/home/karimimonsefi.1/SSL_VAN/pretrain/training_2.py:76: UserWarning: Epoch 0/100 60/4500  loss: 2.292131086  time 1.74s
  warnings.warn(
/home/karimimonsefi.1/SSL_VAN/pretrain/training_2.py:76: UserWarning: Epoch 0/100 61/4500  loss: 2.304558505  time 44.26s
  warnings.warn(
/home/karimimonsefi.1/SSL_VAN/pretrain/training_2.py:76: UserWarning: Epoch 0/100 62/4500  loss: 2.288408512  time 1.68s
  warnings.warn(
/home/karimimonsefi.1/SSL_VAN/pretrain/training_2.py:76: UserWarning: Epoch 0/100 63/4500  loss: 2.309802190  time 1.51s
  warnings.warn(
/home/karimimonsefi.1/SSL_VAN/pretrain/training_2.py:76: UserWarning: Epoch 0/100 64/4500  loss: 2.317160691  time 1.41s
  warnings.warn(
/home/karimimonsefi.1/SSL_VAN/pretrain/training_2.py:76: UserWarning: Epoch 0/100 65/4500  loss: 2.330507100  time 1.49s
  warnings.warn(
/home/karimimonsefi.1/SSL_VAN/pretrain/training_2.py:76: UserWarning: Epoch 0/100 66/4500  loss: 2.352246959  time 1.65s
  warnings.warn(
/home/karimimonsefi.1/SSL_VAN/pretrain/training_2.py:76: UserWarning: Epoch 0/100 67/4500  loss: 2.354996653  time 1.63s
  warnings.warn(
/home/karimimonsefi.1/SSL_VAN/pretrain/training_2.py:76: UserWarning: Epoch 0/100 68/4500  loss: 2.343527719  time 1.55s
  warnings.warn(
/home/karimimonsefi.1/SSL_VAN/pretrain/training_2.py:76: UserWarning: Epoch 0/100 69/4500  loss: 2.322499794  time 47.20s
  warnings.warn(
/home/karimimonsefi.1/SSL_VAN/pretrain/training_2.py:76: UserWarning: Epoch 0/100 70/4500  loss: 2.322766139  time 1.55s
  warnings.warn(
/home/karimimonsefi.1/SSL_VAN/pretrain/training_2.py:76: UserWarning: Epoch 0/100 71/4500  loss: 2.314187736  time 1.50s
  warnings.warn(
/home/karimimonsefi.1/SSL_VAN/pretrain/training_2.py:76: UserWarning: Epoch 0/100 72/4500  loss: 2.313103961  time 1.62s
  warnings.warn(
/home/karimimonsefi.1/SSL_VAN/pretrain/training_2.py:76: UserWarning: Epoch 0/100 73/4500  loss: 2.293681266  time 1.54s
  warnings.warn(
/home/karimimonsefi.1/SSL_VAN/pretrain/training_2.py:76: UserWarning: Epoch 0/100 74/4500  loss: 2.336828678  time 1.59s
  warnings.warn(
/home/karimimonsefi.1/SSL_VAN/pretrain/training_2.py:76: UserWarning: Epoch 0/100 75/4500  loss: 2.311713051  time 11.31s
  warnings.warn(
/home/karimimonsefi.1/SSL_VAN/pretrain/training_2.py:76: UserWarning: Epoch 0/100 76/4500  loss: 2.297070882  time 1.72s
  warnings.warn(
/home/karimimonsefi.1/SSL_VAN/pretrain/training_2.py:76: UserWarning: Epoch 0/100 77/4500  loss: 2.286527061  time 79.33s
  warnings.warn(
/home/karimimonsefi.1/SSL_VAN/pretrain/training_2.py:76: UserWarning: Epoch 0/100 78/4500  loss: 2.295835919  time 1.61s
  warnings.warn(
/home/karimimonsefi.1/SSL_VAN/pretrain/training_2.py:76: UserWarning: Epoch 0/100 79/4500  loss: 2.292953180  time 1.71s
  warnings.warn(
/home/karimimonsefi.1/SSL_VAN/pretrain/training_2.py:76: UserWarning: Epoch 0/100 80/4500  loss: 2.264794682  time 1.60s
  warnings.warn(
/home/karimimonsefi.1/SSL_VAN/pretrain/training_2.py:76: UserWarning: Epoch 0/100 81/4500  loss: 2.283897508  time 1.53s
  warnings.warn(
/home/karimimonsefi.1/SSL_VAN/pretrain/training_2.py:76: UserWarning: Epoch 0/100 82/4500  loss: 2.285886845  time 1.59s
  warnings.warn(
/home/karimimonsefi.1/SSL_VAN/pretrain/training_2.py:76: UserWarning: Epoch 0/100 83/4500  loss: 2.264389703  time 6.45s
  warnings.warn(
/home/karimimonsefi.1/SSL_VAN/pretrain/training_2.py:76: UserWarning: Epoch 0/100 84/4500  loss: 2.262338721  time 1.70s
  warnings.warn(
/home/karimimonsefi.1/SSL_VAN/pretrain/training_2.py:76: UserWarning: Epoch 0/100 85/4500  loss: 2.264170618  time 32.61s
  warnings.warn(
/home/karimimonsefi.1/SSL_VAN/pretrain/training_2.py:76: UserWarning: Epoch 0/100 86/4500  loss: 2.242030879  time 1.51s
  warnings.warn(
/home/karimimonsefi.1/SSL_VAN/pretrain/training_2.py:76: UserWarning: Epoch 0/100 87/4500  loss: 2.229478904  time 1.59s
  warnings.warn(
/home/karimimonsefi.1/SSL_VAN/pretrain/training_2.py:76: UserWarning: Epoch 0/100 88/4500  loss: 2.224755221  time 1.78s
  warnings.warn(
/home/karimimonsefi.1/SSL_VAN/pretrain/training_2.py:76: UserWarning: Epoch 0/100 89/4500  loss: 2.218714485  time 1.59s
  warnings.warn(
/home/karimimonsefi.1/SSL_VAN/pretrain/training_2.py:76: UserWarning: Epoch 0/100 90/4500  loss: 2.196544720  time 1.72s
  warnings.warn(
/home/karimimonsefi.1/SSL_VAN/pretrain/training_2.py:76: UserWarning: Epoch 0/100 91/4500  loss: 2.203852095  time 17.28s
  warnings.warn(
/home/karimimonsefi.1/SSL_VAN/pretrain/training_2.py:76: UserWarning: Epoch 0/100 92/4500  loss: 2.204857752  time 1.53s
  warnings.warn(
/home/karimimonsefi.1/SSL_VAN/pretrain/training_2.py:76: UserWarning: Epoch 0/100 93/4500  loss: 2.182368080  time 38.01s
  warnings.warn(
/home/karimimonsefi.1/SSL_VAN/pretrain/training_2.py:76: UserWarning: Epoch 0/100 94/4500  loss: 2.175505716  time 1.50s
  warnings.warn(
/home/karimimonsefi.1/SSL_VAN/pretrain/training_2.py:76: UserWarning: Epoch 0/100 95/4500  loss: 2.186001862  time 1.46s
  warnings.warn(
/home/karimimonsefi.1/SSL_VAN/pretrain/training_2.py:76: UserWarning: Epoch 0/100 96/4500  loss: 2.185106317  time 1.52s
  warnings.warn(
/home/karimimonsefi.1/SSL_VAN/pretrain/training_2.py:76: UserWarning: Epoch 0/100 97/4500  loss: 2.182008689  time 1.58s
  warnings.warn(
/home/karimimonsefi.1/SSL_VAN/pretrain/training_2.py:76: UserWarning: Epoch 0/100 98/4500  loss: 2.210046340  time 1.77s
  warnings.warn(
/home/karimimonsefi.1/SSL_VAN/pretrain/training_2.py:76: UserWarning: Epoch 0/100 99/4500  loss: 2.216168058  time 1.68s
  warnings.warn(
/home/karimimonsefi.1/SSL_VAN/pretrain/training_2.py:80: UserWarning: SAVED => Epoch 0/100 99/4500  loss: 2.216168058, last best: 2.207381402,  time 2.54s
  warnings.warn(
/home/karimimonsefi.1/SSL_VAN/pretrain/training_2.py:107: UserWarning: Saving checkpoint ./runs/pre_train_1/test_log/pre_train_96-192-384-768_3-3-24-3_8-8-4-4_vae_inferer_valid_loader_PREVANV4121GL_2_40_500_128_True_5_pre_version2__final.pt
  warnings.warn(f"Saving checkpoint {filename}")
/home/karimimonsefi.1/SSL_VAN/pretrain/training_2.py:76: UserWarning: Epoch 0/100 100/4500  loss: 2.227777721  time 1.60s
  warnings.warn(
/home/karimimonsefi.1/SSL_VAN/pretrain/training_2.py:76: UserWarning: Epoch 0/100 101/4500  loss: 2.245160644  time 32.58s
  warnings.warn(
/home/karimimonsefi.1/SSL_VAN/pretrain/training_2.py:76: UserWarning: Epoch 0/100 102/4500  loss: 2.231926885  time 1.53s
  warnings.warn(
/home/karimimonsefi.1/SSL_VAN/pretrain/training_2.py:76: UserWarning: Epoch 0/100 103/4500  loss: 2.240400457  time 1.62s
  warnings.warn(
/home/karimimonsefi.1/SSL_VAN/pretrain/training_2.py:76: UserWarning: Epoch 0/100 104/4500  loss: 2.249402251  time 1.63s
  warnings.warn(
/home/karimimonsefi.1/SSL_VAN/pretrain/training_2.py:76: UserWarning: Epoch 0/100 105/4500  loss: 2.254980116  time 1.34s
  warnings.warn(
/home/karimimonsefi.1/SSL_VAN/pretrain/training_2.py:76: UserWarning: Epoch 0/100 106/4500  loss: 2.253395709  time 1.63s
  warnings.warn(
/home/karimimonsefi.1/SSL_VAN/pretrain/training_2.py:76: UserWarning: Epoch 0/100 107/4500  loss: 2.259294362  time 1.53s
  warnings.warn(
/home/karimimonsefi.1/SSL_VAN/pretrain/training_2.py:76: UserWarning: Epoch 0/100 108/4500  loss: 2.256375963  time 1.54s
  warnings.warn(
/home/karimimonsefi.1/SSL_VAN/pretrain/training_2.py:76: UserWarning: Epoch 0/100 109/4500  loss: 2.253719587  time 68.32s
  warnings.warn(
/home/karimimonsefi.1/SSL_VAN/pretrain/training_2.py:76: UserWarning: Epoch 0/100 110/4500  loss: 2.234893516  time 1.61s
  warnings.warn(
/home/karimimonsefi.1/SSL_VAN/pretrain/training_2.py:76: UserWarning: Epoch 0/100 111/4500  loss: 2.236280615  time 1.53s
  warnings.warn(
/home/karimimonsefi.1/SSL_VAN/pretrain/training_2.py:76: UserWarning: Epoch 0/100 112/4500  loss: 2.245715360  time 1.64s
  warnings.warn(
/home/karimimonsefi.1/SSL_VAN/pretrain/training_2.py:76: UserWarning: Epoch 0/100 113/4500  loss: 2.244168082  time 1.63s
  warnings.warn(
/home/karimimonsefi.1/SSL_VAN/pretrain/training_2.py:76: UserWarning: Epoch 0/100 114/4500  loss: 2.260078780  time 1.49s
  warnings.warn(
/home/karimimonsefi.1/SSL_VAN/pretrain/training_2.py:76: UserWarning: Epoch 0/100 115/4500  loss: 2.255959784  time 1.47s
  warnings.warn(
/home/karimimonsefi.1/SSL_VAN/pretrain/training_2.py:76: UserWarning: Epoch 0/100 116/4500  loss: 2.256037710  time 1.58s
  warnings.warn(
/home/karimimonsefi.1/SSL_VAN/pretrain/training_2.py:76: UserWarning: Epoch 0/100 117/4500  loss: 2.254657373  time 66.19s
  warnings.warn(
/home/karimimonsefi.1/SSL_VAN/pretrain/training_2.py:76: UserWarning: Epoch 0/100 118/4500  loss: 2.257718618  time 1.69s
  warnings.warn(
/home/karimimonsefi.1/SSL_VAN/pretrain/training_2.py:76: UserWarning: Epoch 0/100 119/4500  loss: 2.246293790  time 1.54s
  warnings.warn(
/home/karimimonsefi.1/SSL_VAN/pretrain/training_2.py:76: UserWarning: Epoch 0/100 120/4500  loss: 2.230490060  time 1.62s
  warnings.warn(
/home/karimimonsefi.1/SSL_VAN/pretrain/training_2.py:76: UserWarning: Epoch 0/100 121/4500  loss: 2.264193689  time 1.68s
  warnings.warn(
/home/karimimonsefi.1/SSL_VAN/pretrain/training_2.py:76: UserWarning: Epoch 0/100 122/4500  loss: 2.258603623  time 1.63s
  warnings.warn(
/home/karimimonsefi.1/SSL_VAN/pretrain/training_2.py:76: UserWarning: Epoch 0/100 123/4500  loss: 2.256587469  time 1.60s
  warnings.warn(
/home/karimimonsefi.1/SSL_VAN/pretrain/training_2.py:76: UserWarning: Epoch 0/100 124/4500  loss: 2.253118918  time 1.58s
  warnings.warn(
/home/karimimonsefi.1/SSL_VAN/pretrain/training_2.py:76: UserWarning: Epoch 0/100 125/4500  loss: 2.236922890  time 2.35s
  warnings.warn(
/home/karimimonsefi.1/SSL_VAN/pretrain/training_2.py:76: UserWarning: Epoch 0/100 126/4500  loss: 2.246887222  time 1.60s
  warnings.warn(
/home/karimimonsefi.1/SSL_VAN/pretrain/training_2.py:76: UserWarning: Epoch 0/100 127/4500  loss: 2.246336430  time 1.56s
  warnings.warn(
/home/karimimonsefi.1/SSL_VAN/pretrain/training_2.py:76: UserWarning: Epoch 0/100 128/4500  loss: 2.244413544  time 21.47s
  warnings.warn(
/home/karimimonsefi.1/SSL_VAN/pretrain/training_2.py:76: UserWarning: Epoch 0/100 129/4500  loss: 2.234859150  time 1.68s
  warnings.warn(
/home/karimimonsefi.1/SSL_VAN/pretrain/training_2.py:76: UserWarning: Epoch 0/100 130/4500  loss: 2.235054894  time 1.50s
  warnings.warn(
/home/karimimonsefi.1/SSL_VAN/pretrain/training_2.py:76: UserWarning: Epoch 0/100 131/4500  loss: 2.229894288  time 1.61s
  warnings.warn(
/home/karimimonsefi.1/SSL_VAN/pretrain/training_2.py:76: UserWarning: Epoch 0/100 132/4500  loss: 2.213792776  time 1.56s
  warnings.warn(
/home/karimimonsefi.1/SSL_VAN/pretrain/training_2.py:76: UserWarning: Epoch 0/100 133/4500  loss: 2.200616029  time 24.74s
  warnings.warn(
/home/karimimonsefi.1/SSL_VAN/pretrain/training_2.py:76: UserWarning: Epoch 0/100 134/4500  loss: 2.185736774  time 19.78s
  warnings.warn(
/home/karimimonsefi.1/SSL_VAN/pretrain/training_2.py:76: UserWarning: Epoch 0/100 135/4500  loss: 2.184312266  time 1.64s
  warnings.warn(
/home/karimimonsefi.1/SSL_VAN/pretrain/training_2.py:76: UserWarning: Epoch 0/100 136/4500  loss: 2.177085829  time 31.97s
  warnings.warn(
/home/karimimonsefi.1/SSL_VAN/pretrain/training_2.py:76: UserWarning: Epoch 0/100 137/4500  loss: 2.178130319  time 1.55s
  warnings.warn(
/home/karimimonsefi.1/SSL_VAN/pretrain/training_2.py:76: UserWarning: Epoch 0/100 138/4500  loss: 2.187812141  time 1.61s
  warnings.warn(
/home/karimimonsefi.1/SSL_VAN/pretrain/training_2.py:76: UserWarning: Epoch 0/100 139/4500  loss: 2.195819749  time 1.56s
  warnings.warn(
/home/karimimonsefi.1/SSL_VAN/pretrain/training_2.py:76: UserWarning: Epoch 0/100 140/4500  loss: 2.186198346  time 1.66s
  warnings.warn(
/home/karimimonsefi.1/SSL_VAN/pretrain/training_2.py:76: UserWarning: Epoch 0/100 141/4500  loss: 2.173117757  time 22.40s
  warnings.warn(
/home/karimimonsefi.1/SSL_VAN/pretrain/training_2.py:76: UserWarning: Epoch 0/100 142/4500  loss: 2.168764211  time 1.63s
  warnings.warn(
/home/karimimonsefi.1/SSL_VAN/pretrain/training_2.py:76: UserWarning: Epoch 0/100 143/4500  loss: 2.182900270  time 22.61s
  warnings.warn(
/home/karimimonsefi.1/SSL_VAN/pretrain/training_2.py:76: UserWarning: Epoch 0/100 144/4500  loss: 2.186280097  time 31.08s
  warnings.warn(
/home/karimimonsefi.1/SSL_VAN/pretrain/training_2.py:76: UserWarning: Epoch 0/100 145/4500  loss: 2.181216436  time 1.75s
  warnings.warn(
/home/karimimonsefi.1/SSL_VAN/pretrain/training_2.py:76: UserWarning: Epoch 0/100 146/4500  loss: 2.197535465  time 1.69s
  warnings.warn(
/home/karimimonsefi.1/SSL_VAN/pretrain/training_2.py:76: UserWarning: Epoch 0/100 147/4500  loss: 2.202587514  time 1.58s
  warnings.warn(
/home/karimimonsefi.1/SSL_VAN/pretrain/training_2.py:76: UserWarning: Epoch 0/100 148/4500  loss: 2.189419970  time 1.65s
  warnings.warn(
/home/karimimonsefi.1/SSL_VAN/pretrain/training_2.py:76: UserWarning: Epoch 0/100 149/4500  loss: 2.186503900  time 20.24s
  warnings.warn(
/home/karimimonsefi.1/SSL_VAN/pretrain/training_2.py:76: UserWarning: Epoch 0/100 150/4500  loss: 2.179088726  time 1.63s
  warnings.warn(
/home/karimimonsefi.1/SSL_VAN/pretrain/training_2.py:76: UserWarning: Epoch 0/100 151/4500  loss: 2.172044156  time 10.12s
  warnings.warn(
/home/karimimonsefi.1/SSL_VAN/pretrain/training_2.py:76: UserWarning: Epoch 0/100 152/4500  loss: 2.170390827  time 1.71s
  warnings.warn(
/home/karimimonsefi.1/SSL_VAN/pretrain/training_2.py:76: UserWarning: Epoch 0/100 153/4500  loss: 2.174680474  time 1.59s
  warnings.warn(
/home/karimimonsefi.1/SSL_VAN/pretrain/training_2.py:76: UserWarning: Epoch 0/100 154/4500  loss: 2.164531962  time 1.60s
  warnings.warn(
/home/karimimonsefi.1/SSL_VAN/pretrain/training_2.py:76: UserWarning: Epoch 0/100 155/4500  loss: 2.171288633  time 1.62s
  warnings.warn(
/home/karimimonsefi.1/SSL_VAN/pretrain/training_2.py:76: UserWarning: Epoch 0/100 156/4500  loss: 2.173778310  time 1.66s
  warnings.warn(
/home/karimimonsefi.1/SSL_VAN/pretrain/training_2.py:76: UserWarning: Epoch 0/100 157/4500  loss: 2.186761867  time 53.43s
  warnings.warn(
/home/karimimonsefi.1/SSL_VAN/pretrain/training_2.py:76: UserWarning: Epoch 0/100 158/4500  loss: 2.220894655  time 1.61s
  warnings.warn(
/home/karimimonsefi.1/SSL_VAN/pretrain/training_2.py:76: UserWarning: Epoch 0/100 159/4500  loss: 2.219451952  time 1.62s
  warnings.warn(
/home/karimimonsefi.1/SSL_VAN/pretrain/training_2.py:76: UserWarning: Epoch 0/100 160/4500  loss: 2.210419098  time 1.57s
  warnings.warn(
/home/karimimonsefi.1/SSL_VAN/pretrain/training_2.py:76: UserWarning: Epoch 0/100 161/4500  loss: 2.206497277  time 1.67s
  warnings.warn(
/home/karimimonsefi.1/SSL_VAN/pretrain/training_2.py:76: UserWarning: Epoch 0/100 162/4500  loss: 2.217712196  time 1.55s
  warnings.warn(
/home/karimimonsefi.1/SSL_VAN/pretrain/training_2.py:76: UserWarning: Epoch 0/100 163/4500  loss: 2.221257908  time 1.67s
  warnings.warn(
/home/karimimonsefi.1/SSL_VAN/pretrain/training_2.py:76: UserWarning: Epoch 0/100 164/4500  loss: 2.233803220  time 1.59s
  warnings.warn(
/home/karimimonsefi.1/SSL_VAN/pretrain/training_2.py:76: UserWarning: Epoch 0/100 165/4500  loss: 2.235722196  time 1.60s
  warnings.warn(
/home/karimimonsefi.1/SSL_VAN/pretrain/training_2.py:76: UserWarning: Epoch 0/100 166/4500  loss: 2.245232841  time 1.63s
  warnings.warn(
/home/karimimonsefi.1/SSL_VAN/pretrain/training_2.py:76: UserWarning: Epoch 0/100 167/4500  loss: 2.246958334  time 1.58s
  warnings.warn(
/home/karimimonsefi.1/SSL_VAN/pretrain/training_2.py:76: UserWarning: Epoch 0/100 168/4500  loss: 2.243640082  time 1.57s
  warnings.warn(
/home/karimimonsefi.1/SSL_VAN/pretrain/training_2.py:76: UserWarning: Epoch 0/100 169/4500  loss: 2.239364233  time 1.57s
  warnings.warn(
/home/karimimonsefi.1/SSL_VAN/pretrain/training_2.py:76: UserWarning: Epoch 0/100 170/4500  loss: 2.234340727  time 1.62s
  warnings.warn(
/home/karimimonsefi.1/SSL_VAN/pretrain/training_2.py:76: UserWarning: Epoch 0/100 171/4500  loss: 2.226326575  time 1.57s
  warnings.warn(
/home/karimimonsefi.1/SSL_VAN/pretrain/training_2.py:76: UserWarning: Epoch 0/100 172/4500  loss: 2.233296689  time 1.75s
  warnings.warn(
/home/karimimonsefi.1/SSL_VAN/pretrain/training_2.py:76: UserWarning: Epoch 0/100 173/4500  loss: 2.241889163  time 1.63s
  warnings.warn(
/home/karimimonsefi.1/SSL_VAN/pretrain/training_2.py:76: UserWarning: Epoch 0/100 174/4500  loss: 2.239323733  time 1.76s
  warnings.warn(
/home/karimimonsefi.1/SSL_VAN/pretrain/training_2.py:76: UserWarning: Epoch 0/100 175/4500  loss: 2.238405397  time 1.56s
  warnings.warn(
/home/karimimonsefi.1/SSL_VAN/pretrain/training_2.py:76: UserWarning: Epoch 0/100 176/4500  loss: 2.237286216  time 1.58s
  warnings.warn(
/home/karimimonsefi.1/SSL_VAN/pretrain/training_2.py:76: UserWarning: Epoch 0/100 177/4500  loss: 2.244899211  time 1.58s
  warnings.warn(
/home/karimimonsefi.1/SSL_VAN/pretrain/training_2.py:76: UserWarning: Epoch 0/100 178/4500  loss: 2.252415814  time 1.62s
  warnings.warn(
/home/karimimonsefi.1/SSL_VAN/pretrain/training_2.py:76: UserWarning: Epoch 0/100 179/4500  loss: 2.247227969  time 1.60s
  warnings.warn(
/home/karimimonsefi.1/SSL_VAN/pretrain/training_2.py:76: UserWarning: Epoch 0/100 180/4500  loss: 2.267916968  time 1.68s
  warnings.warn(
/home/karimimonsefi.1/SSL_VAN/pretrain/training_2.py:76: UserWarning: Epoch 0/100 181/4500  loss: 2.256319789  time 1.73s
  warnings.warn(
/home/karimimonsefi.1/SSL_VAN/pretrain/training_2.py:76: UserWarning: Epoch 0/100 182/4500  loss: 2.248539201  time 1.61s
  warnings.warn(
/home/karimimonsefi.1/SSL_VAN/pretrain/training_2.py:76: UserWarning: Epoch 0/100 183/4500  loss: 2.249840566  time 1.61s
  warnings.warn(
/home/karimimonsefi.1/SSL_VAN/pretrain/training_2.py:76: UserWarning: Epoch 0/100 184/4500  loss: 2.243168042  time 1.59s
  warnings.warn(
/home/karimimonsefi.1/SSL_VAN/pretrain/training_2.py:76: UserWarning: Epoch 0/100 185/4500  loss: 2.237980261  time 1.69s
  warnings.warn(
/home/karimimonsefi.1/SSL_VAN/pretrain/training_2.py:76: UserWarning: Epoch 0/100 186/4500  loss: 2.244828345  time 1.69s
  warnings.warn(
/home/karimimonsefi.1/SSL_VAN/pretrain/training_2.py:76: UserWarning: Epoch 0/100 187/4500  loss: 2.241558361  time 1.61s
  warnings.warn(
/home/karimimonsefi.1/SSL_VAN/pretrain/training_2.py:76: UserWarning: Epoch 0/100 188/4500  loss: 2.235549336  time 1.60s
  warnings.warn(
/home/karimimonsefi.1/SSL_VAN/pretrain/training_2.py:76: UserWarning: Epoch 0/100 189/4500  loss: 2.230853184  time 49.59s
  warnings.warn(
/home/karimimonsefi.1/SSL_VAN/pretrain/training_2.py:76: UserWarning: Epoch 0/100 190/4500  loss: 2.225810223  time 1.64s
  warnings.warn(
/home/karimimonsefi.1/SSL_VAN/pretrain/training_2.py:76: UserWarning: Epoch 0/100 191/4500  loss: 2.227438097  time 6.54s
  warnings.warn(
/home/karimimonsefi.1/SSL_VAN/pretrain/training_2.py:76: UserWarning: Epoch 0/100 192/4500  loss: 2.231037471  time 1.55s
  warnings.warn(
/home/karimimonsefi.1/SSL_VAN/pretrain/training_2.py:76: UserWarning: Epoch 0/100 193/4500  loss: 2.244848835  time 1.60s
  warnings.warn(
/home/karimimonsefi.1/SSL_VAN/pretrain/training_2.py:76: UserWarning: Epoch 0/100 194/4500  loss: 2.235319534  time 1.62s
  warnings.warn(
/home/karimimonsefi.1/SSL_VAN/pretrain/training_2.py:76: UserWarning: Epoch 0/100 195/4500  loss: 2.229960641  time 1.70s
  warnings.warn(
/home/karimimonsefi.1/SSL_VAN/pretrain/training_2.py:76: UserWarning: Epoch 0/100 196/4500  loss: 2.228798471  time 1.65s
  warnings.warn(
/home/karimimonsefi.1/SSL_VAN/pretrain/training_2.py:76: UserWarning: Epoch 0/100 197/4500  loss: 2.226954006  time 1.69s
  warnings.warn(
/home/karimimonsefi.1/SSL_VAN/pretrain/training_2.py:76: UserWarning: Epoch 0/100 198/4500  loss: 2.231654945  time 1.60s
  warnings.warn(
/home/karimimonsefi.1/SSL_VAN/pretrain/training_2.py:76: UserWarning: Epoch 0/100 199/4500  loss: 2.230115333  time 1.52s
  warnings.warn(
/home/karimimonsefi.1/SSL_VAN/pretrain/training_2.py:80: UserWarning: SAVED => Epoch 0/100 199/4500  loss: 2.230115333, last best: 2.216168058,  time 1.52s
  warnings.warn(
/home/karimimonsefi.1/SSL_VAN/pretrain/training_2.py:107: UserWarning: Saving checkpoint ./runs/pre_train_1/test_log/pre_train_96-192-384-768_3-3-24-3_8-8-4-4_vae_inferer_valid_loader_PREVANV4121GL_2_40_500_128_True_5_pre_version2__final.pt
  warnings.warn(f"Saving checkpoint {filename}")
/home/karimimonsefi.1/SSL_VAN/pretrain/training_2.py:76: UserWarning: Epoch 0/100 200/4500  loss: 2.219398407  time 1.63s
  warnings.warn(
/home/karimimonsefi.1/SSL_VAN/pretrain/training_2.py:76: UserWarning: Epoch 0/100 201/4500  loss: 2.217689771  time 1.63s
  warnings.warn(
/home/karimimonsefi.1/SSL_VAN/pretrain/training_2.py:76: UserWarning: Epoch 0/100 202/4500  loss: 2.217284507  time 1.47s
  warnings.warn(
/home/karimimonsefi.1/SSL_VAN/pretrain/training_2.py:76: UserWarning: Epoch 0/100 203/4500  loss: 2.214617174  time 1.72s
  warnings.warn(
/home/karimimonsefi.1/SSL_VAN/pretrain/training_2.py:76: UserWarning: Epoch 0/100 204/4500  loss: 2.224925189  time 1.58s
  warnings.warn(
/home/karimimonsefi.1/SSL_VAN/pretrain/training_2.py:76: UserWarning: Epoch 0/100 205/4500  loss: 2.222741483  time 1.62s
  warnings.warn(
/home/karimimonsefi.1/SSL_VAN/pretrain/training_2.py:76: UserWarning: Epoch 0/100 206/4500  loss: 2.235628465  time 22.60s
  warnings.warn(
/home/karimimonsefi.1/SSL_VAN/pretrain/training_2.py:76: UserWarning: Epoch 0/100 207/4500  loss: 2.234547409  time 26.79s
  warnings.warn(
/home/karimimonsefi.1/SSL_VAN/pretrain/training_2.py:76: UserWarning: Epoch 0/100 208/4500  loss: 2.242023592  time 1.75s
  warnings.warn(
/home/karimimonsefi.1/SSL_VAN/pretrain/training_2.py:76: UserWarning: Epoch 0/100 209/4500  loss: 2.246365741  time 1.67s
  warnings.warn(
/home/karimimonsefi.1/SSL_VAN/pretrain/training_2.py:76: UserWarning: Epoch 0/100 210/4500  loss: 2.261189132  time 1.69s
  warnings.warn(
/home/karimimonsefi.1/SSL_VAN/pretrain/training_2.py:76: UserWarning: Epoch 0/100 211/4500  loss: 2.265647886  time 1.71s
  warnings.warn(
/home/karimimonsefi.1/SSL_VAN/pretrain/training_2.py:76: UserWarning: Epoch 0/100 212/4500  loss: 2.270784874  time 1.69s
  warnings.warn(
/home/karimimonsefi.1/SSL_VAN/pretrain/training_2.py:76: UserWarning: Epoch 0/100 213/4500  loss: 2.272350861  time 1.61s
  warnings.warn(
/home/karimimonsefi.1/SSL_VAN/pretrain/training_2.py:76: UserWarning: Epoch 0/100 214/4500  loss: 2.268508343  time 29.67s
  warnings.warn(
/home/karimimonsefi.1/SSL_VAN/pretrain/training_2.py:76: UserWarning: Epoch 0/100 215/4500  loss: 2.271462580  time 1.59s
  warnings.warn(
/home/karimimonsefi.1/SSL_VAN/pretrain/training_2.py:76: UserWarning: Epoch 0/100 216/4500  loss: 2.266712740  time 1.61s
  warnings.warn(
/home/karimimonsefi.1/SSL_VAN/pretrain/training_2.py:76: UserWarning: Epoch 0/100 217/4500  loss: 2.263360285  time 1.54s
  warnings.warn(
/home/karimimonsefi.1/SSL_VAN/pretrain/training_2.py:76: UserWarning: Epoch 0/100 218/4500  loss: 2.259525316  time 1.62s
  warnings.warn(
/home/karimimonsefi.1/SSL_VAN/pretrain/training_2.py:76: UserWarning: Epoch 0/100 219/4500  loss: 2.263911600  time 1.68s
  warnings.warn(
/home/karimimonsefi.1/SSL_VAN/pretrain/training_2.py:76: UserWarning: Epoch 0/100 220/4500  loss: 2.253981869  time 1.56s
  warnings.warn(
/home/karimimonsefi.1/SSL_VAN/pretrain/training_2.py:76: UserWarning: Epoch 0/100 221/4500  loss: 2.244688428  time 1.55s
  warnings.warn(
/home/karimimonsefi.1/SSL_VAN/pretrain/training_2.py:76: UserWarning: Epoch 0/100 222/4500  loss: 2.244655781  time 67.71s
  warnings.warn(
/home/karimimonsefi.1/SSL_VAN/pretrain/training_2.py:76: UserWarning: Epoch 0/100 223/4500  loss: 2.250155477  time 1.69s
  warnings.warn(
/home/karimimonsefi.1/SSL_VAN/pretrain/training_2.py:76: UserWarning: Epoch 0/100 224/4500  loss: 2.248870152  time 1.71s
  warnings.warn(
/home/karimimonsefi.1/SSL_VAN/pretrain/training_2.py:76: UserWarning: Epoch 0/100 225/4500  loss: 2.239273276  time 1.57s
  warnings.warn(
/home/karimimonsefi.1/SSL_VAN/pretrain/training_2.py:76: UserWarning: Epoch 0/100 226/4500  loss: 2.239104387  time 1.62s
  warnings.warn(
/home/karimimonsefi.1/SSL_VAN/pretrain/training_2.py:76: UserWarning: Epoch 0/100 227/4500  loss: 2.234119030  time 1.65s
  warnings.warn(
/home/karimimonsefi.1/SSL_VAN/pretrain/training_2.py:76: UserWarning: Epoch 0/100 228/4500  loss: 2.238837914  time 1.62s
  warnings.warn(
/home/karimimonsefi.1/SSL_VAN/pretrain/training_2.py:76: UserWarning: Epoch 0/100 229/4500  loss: 2.245163546  time 1.59s
  warnings.warn(
/home/karimimonsefi.1/SSL_VAN/pretrain/training_2.py:76: UserWarning: Epoch 0/100 230/4500  loss: 2.252907076  time 7.98s
  warnings.warn(
/home/karimimonsefi.1/SSL_VAN/pretrain/training_2.py:76: UserWarning: Epoch 0/100 231/4500  loss: 2.248389772  time 1.60s
  warnings.warn(
/home/karimimonsefi.1/SSL_VAN/pretrain/training_2.py:76: UserWarning: Epoch 0/100 232/4500  loss: 2.254015198  time 1.62s
  warnings.warn(
/home/karimimonsefi.1/SSL_VAN/pretrain/training_2.py:76: UserWarning: Epoch 0/100 233/4500  loss: 2.246721734  time 1.66s
  warnings.warn(
/home/karimimonsefi.1/SSL_VAN/pretrain/training_2.py:76: UserWarning: Epoch 0/100 234/4500  loss: 2.253592901  time 1.66s
  warnings.warn(
/home/karimimonsefi.1/SSL_VAN/pretrain/training_2.py:76: UserWarning: Epoch 0/100 235/4500  loss: 2.246410783  time 1.53s
  warnings.warn(
/home/karimimonsefi.1/SSL_VAN/pretrain/training_2.py:76: UserWarning: Epoch 0/100 236/4500  loss: 2.256178660  time 1.59s
  warnings.warn(
/home/karimimonsefi.1/SSL_VAN/pretrain/training_2.py:76: UserWarning: Epoch 0/100 237/4500  loss: 2.260904020  time 1.68s
  warnings.warn(
/home/karimimonsefi.1/SSL_VAN/pretrain/training_2.py:76: UserWarning: Epoch 0/100 238/4500  loss: 2.265777579  time 55.92s
  warnings.warn(
/home/karimimonsefi.1/SSL_VAN/pretrain/training_2.py:76: UserWarning: Epoch 0/100 239/4500  loss: 2.264483125  time 1.60s
  warnings.warn(
/home/karimimonsefi.1/SSL_VAN/pretrain/training_2.py:76: UserWarning: Epoch 0/100 240/4500  loss: 2.272399347  time 1.54s
  warnings.warn(
/home/karimimonsefi.1/SSL_VAN/pretrain/training_2.py:76: UserWarning: Epoch 0/100 241/4500  loss: 2.276591038  time 1.55s
  warnings.warn(
/home/karimimonsefi.1/SSL_VAN/pretrain/training_2.py:76: UserWarning: Epoch 0/100 242/4500  loss: 2.277899054  time 1.53s
  warnings.warn(
/home/karimimonsefi.1/SSL_VAN/pretrain/training_2.py:76: UserWarning: Epoch 0/100 243/4500  loss: 2.279979196  time 1.53s
  warnings.warn(
/home/karimimonsefi.1/SSL_VAN/pretrain/training_2.py:76: UserWarning: Epoch 0/100 244/4500  loss: 2.279288847  time 1.49s
  warnings.warn(
/home/karimimonsefi.1/SSL_VAN/pretrain/training_2.py:76: UserWarning: Epoch 0/100 245/4500  loss: 2.277231595  time 1.48s
  warnings.warn(
/home/karimimonsefi.1/SSL_VAN/pretrain/training_2.py:76: UserWarning: Epoch 0/100 246/4500  loss: 2.276455138  time 36.39s
  warnings.warn(
/home/karimimonsefi.1/SSL_VAN/pretrain/training_2.py:76: UserWarning: Epoch 0/100 247/4500  loss: 2.271427449  time 1.61s
  warnings.warn(
/home/karimimonsefi.1/SSL_VAN/pretrain/training_2.py:76: UserWarning: Epoch 0/100 248/4500  loss: 2.277985746  time 1.75s
  warnings.warn(
/home/karimimonsefi.1/SSL_VAN/pretrain/training_2.py:76: UserWarning: Epoch 0/100 249/4500  loss: 2.274860827  time 1.45s
  warnings.warn(
/home/karimimonsefi.1/SSL_VAN/pretrain/training_2.py:76: UserWarning: Epoch 0/100 250/4500  loss: 2.272839915  time 1.52s
  warnings.warn(
/home/karimimonsefi.1/SSL_VAN/pretrain/training_2.py:76: UserWarning: Epoch 0/100 251/4500  loss: 2.272126875  time 1.63s
  warnings.warn(
/home/karimimonsefi.1/SSL_VAN/pretrain/training_2.py:76: UserWarning: Epoch 0/100 252/4500  loss: 2.268560911  time 1.63s
  warnings.warn(
/home/karimimonsefi.1/SSL_VAN/pretrain/training_2.py:76: UserWarning: Epoch 0/100 253/4500  loss: 2.271119204  time 1.50s
  warnings.warn(
